[2025-03-27T17:38:50.794+0000] {processor.py:186} INFO - Started process (PID=74) to work on /home/airflow/.local/lib/python3.12/site-packages/airflow/example_dags/example_python_operator.py
[2025-03-27T17:38:50.798+0000] {processor.py:914} INFO - Processing file /home/airflow/.local/lib/python3.12/site-packages/airflow/example_dags/example_python_operator.py for tasks to queue
[2025-03-27T17:38:50.806+0000] {logging_mixin.py:190} INFO - [2025-03-27T17:38:50.805+0000] {dagbag.py:588} INFO - Filling up the DagBag from /home/airflow/.local/lib/python3.12/site-packages/airflow/example_dags/example_python_operator.py
[2025-03-27T17:38:50.856+0000] {processor.py:925} INFO - DAG(s) 'example_python_operator' retrieved from /home/airflow/.local/lib/python3.12/site-packages/airflow/example_dags/example_python_operator.py
[2025-03-27T17:38:51.146+0000] {logging_mixin.py:190} INFO - [2025-03-27T17:38:51.146+0000] {dag.py:3239} INFO - Sync 1 DAGs
[2025-03-27T17:38:51.177+0000] {logging_mixin.py:190} INFO - [2025-03-27T17:38:51.177+0000] {dag.py:4180} INFO - Setting next_dagrun for example_python_operator to None, run_after=None
[2025-03-27T17:38:51.229+0000] {processor.py:208} INFO - Processing /home/airflow/.local/lib/python3.12/site-packages/airflow/example_dags/example_python_operator.py took 0.454 seconds
[2025-03-27T17:39:22.138+0000] {processor.py:186} INFO - Started process (PID=139) to work on /home/airflow/.local/lib/python3.12/site-packages/airflow/example_dags/example_python_operator.py
[2025-03-27T17:39:22.140+0000] {processor.py:914} INFO - Processing file /home/airflow/.local/lib/python3.12/site-packages/airflow/example_dags/example_python_operator.py for tasks to queue
[2025-03-27T17:39:22.143+0000] {logging_mixin.py:190} INFO - [2025-03-27T17:39:22.142+0000] {dagbag.py:588} INFO - Filling up the DagBag from /home/airflow/.local/lib/python3.12/site-packages/airflow/example_dags/example_python_operator.py
[2025-03-27T17:39:22.153+0000] {processor.py:925} INFO - DAG(s) 'example_python_operator' retrieved from /home/airflow/.local/lib/python3.12/site-packages/airflow/example_dags/example_python_operator.py
[2025-03-27T17:39:22.172+0000] {logging_mixin.py:190} INFO - [2025-03-27T17:39:22.171+0000] {dag.py:3239} INFO - Sync 1 DAGs
[2025-03-27T17:39:22.184+0000] {logging_mixin.py:190} INFO - [2025-03-27T17:39:22.183+0000] {dag.py:4180} INFO - Setting next_dagrun for example_python_operator to None, run_after=None
[2025-03-27T17:39:22.199+0000] {processor.py:208} INFO - Processing /home/airflow/.local/lib/python3.12/site-packages/airflow/example_dags/example_python_operator.py took 0.066 seconds
[2025-03-27T17:39:52.278+0000] {processor.py:186} INFO - Started process (PID=203) to work on /home/airflow/.local/lib/python3.12/site-packages/airflow/example_dags/example_python_operator.py
[2025-03-27T17:39:52.280+0000] {processor.py:914} INFO - Processing file /home/airflow/.local/lib/python3.12/site-packages/airflow/example_dags/example_python_operator.py for tasks to queue
[2025-03-27T17:39:52.283+0000] {logging_mixin.py:190} INFO - [2025-03-27T17:39:52.283+0000] {dagbag.py:588} INFO - Filling up the DagBag from /home/airflow/.local/lib/python3.12/site-packages/airflow/example_dags/example_python_operator.py
[2025-03-27T17:39:52.301+0000] {processor.py:925} INFO - DAG(s) 'example_python_operator' retrieved from /home/airflow/.local/lib/python3.12/site-packages/airflow/example_dags/example_python_operator.py
[2025-03-27T17:39:52.329+0000] {logging_mixin.py:190} INFO - [2025-03-27T17:39:52.329+0000] {dag.py:3239} INFO - Sync 1 DAGs
[2025-03-27T17:39:52.350+0000] {logging_mixin.py:190} INFO - [2025-03-27T17:39:52.349+0000] {dag.py:4180} INFO - Setting next_dagrun for example_python_operator to None, run_after=None
[2025-03-27T17:39:52.375+0000] {processor.py:208} INFO - Processing /home/airflow/.local/lib/python3.12/site-packages/airflow/example_dags/example_python_operator.py took 0.103 seconds
[2025-03-27T17:40:22.878+0000] {processor.py:186} INFO - Started process (PID=273) to work on /home/airflow/.local/lib/python3.12/site-packages/airflow/example_dags/example_python_operator.py
[2025-03-27T17:40:22.880+0000] {processor.py:914} INFO - Processing file /home/airflow/.local/lib/python3.12/site-packages/airflow/example_dags/example_python_operator.py for tasks to queue
[2025-03-27T17:40:22.882+0000] {logging_mixin.py:190} INFO - [2025-03-27T17:40:22.882+0000] {dagbag.py:588} INFO - Filling up the DagBag from /home/airflow/.local/lib/python3.12/site-packages/airflow/example_dags/example_python_operator.py
[2025-03-27T17:40:22.896+0000] {processor.py:925} INFO - DAG(s) 'example_python_operator' retrieved from /home/airflow/.local/lib/python3.12/site-packages/airflow/example_dags/example_python_operator.py
[2025-03-27T17:40:22.922+0000] {logging_mixin.py:190} INFO - [2025-03-27T17:40:22.922+0000] {dag.py:3239} INFO - Sync 1 DAGs
[2025-03-27T17:40:22.943+0000] {logging_mixin.py:190} INFO - [2025-03-27T17:40:22.942+0000] {dag.py:4180} INFO - Setting next_dagrun for example_python_operator to None, run_after=None
[2025-03-27T17:40:22.962+0000] {processor.py:208} INFO - Processing /home/airflow/.local/lib/python3.12/site-packages/airflow/example_dags/example_python_operator.py took 0.090 seconds
[2025-03-27T17:40:53.113+0000] {processor.py:186} INFO - Started process (PID=337) to work on /home/airflow/.local/lib/python3.12/site-packages/airflow/example_dags/example_python_operator.py
[2025-03-27T17:40:53.115+0000] {processor.py:914} INFO - Processing file /home/airflow/.local/lib/python3.12/site-packages/airflow/example_dags/example_python_operator.py for tasks to queue
[2025-03-27T17:40:53.117+0000] {logging_mixin.py:190} INFO - [2025-03-27T17:40:53.116+0000] {dagbag.py:588} INFO - Filling up the DagBag from /home/airflow/.local/lib/python3.12/site-packages/airflow/example_dags/example_python_operator.py
[2025-03-27T17:40:53.128+0000] {processor.py:925} INFO - DAG(s) 'example_python_operator' retrieved from /home/airflow/.local/lib/python3.12/site-packages/airflow/example_dags/example_python_operator.py
[2025-03-27T17:40:53.151+0000] {logging_mixin.py:190} INFO - [2025-03-27T17:40:53.151+0000] {dag.py:3239} INFO - Sync 1 DAGs
[2025-03-27T17:40:53.163+0000] {logging_mixin.py:190} INFO - [2025-03-27T17:40:53.163+0000] {dag.py:4180} INFO - Setting next_dagrun for example_python_operator to None, run_after=None
[2025-03-27T17:40:53.180+0000] {processor.py:208} INFO - Processing /home/airflow/.local/lib/python3.12/site-packages/airflow/example_dags/example_python_operator.py took 0.074 seconds
[2025-03-27T17:41:23.487+0000] {processor.py:186} INFO - Started process (PID=400) to work on /home/airflow/.local/lib/python3.12/site-packages/airflow/example_dags/example_python_operator.py
[2025-03-27T17:41:23.488+0000] {processor.py:914} INFO - Processing file /home/airflow/.local/lib/python3.12/site-packages/airflow/example_dags/example_python_operator.py for tasks to queue
[2025-03-27T17:41:23.490+0000] {logging_mixin.py:190} INFO - [2025-03-27T17:41:23.490+0000] {dagbag.py:588} INFO - Filling up the DagBag from /home/airflow/.local/lib/python3.12/site-packages/airflow/example_dags/example_python_operator.py
[2025-03-27T17:41:23.502+0000] {processor.py:925} INFO - DAG(s) 'example_python_operator' retrieved from /home/airflow/.local/lib/python3.12/site-packages/airflow/example_dags/example_python_operator.py
[2025-03-27T17:41:23.524+0000] {logging_mixin.py:190} INFO - [2025-03-27T17:41:23.523+0000] {dag.py:3239} INFO - Sync 1 DAGs
[2025-03-27T17:41:23.537+0000] {logging_mixin.py:190} INFO - [2025-03-27T17:41:23.537+0000] {dag.py:4180} INFO - Setting next_dagrun for example_python_operator to None, run_after=None
[2025-03-27T17:41:23.557+0000] {processor.py:208} INFO - Processing /home/airflow/.local/lib/python3.12/site-packages/airflow/example_dags/example_python_operator.py took 0.075 seconds
[2025-03-27T17:41:54.322+0000] {processor.py:186} INFO - Started process (PID=464) to work on /home/airflow/.local/lib/python3.12/site-packages/airflow/example_dags/example_python_operator.py
[2025-03-27T17:41:54.323+0000] {processor.py:914} INFO - Processing file /home/airflow/.local/lib/python3.12/site-packages/airflow/example_dags/example_python_operator.py for tasks to queue
[2025-03-27T17:41:54.326+0000] {logging_mixin.py:190} INFO - [2025-03-27T17:41:54.326+0000] {dagbag.py:588} INFO - Filling up the DagBag from /home/airflow/.local/lib/python3.12/site-packages/airflow/example_dags/example_python_operator.py
[2025-03-27T17:41:54.340+0000] {processor.py:925} INFO - DAG(s) 'example_python_operator' retrieved from /home/airflow/.local/lib/python3.12/site-packages/airflow/example_dags/example_python_operator.py
[2025-03-27T17:41:54.365+0000] {logging_mixin.py:190} INFO - [2025-03-27T17:41:54.365+0000] {dag.py:3239} INFO - Sync 1 DAGs
[2025-03-27T17:41:54.382+0000] {logging_mixin.py:190} INFO - [2025-03-27T17:41:54.381+0000] {dag.py:4180} INFO - Setting next_dagrun for example_python_operator to None, run_after=None
[2025-03-27T17:41:54.403+0000] {processor.py:208} INFO - Processing /home/airflow/.local/lib/python3.12/site-packages/airflow/example_dags/example_python_operator.py took 0.087 seconds
[2025-03-27T17:42:25.051+0000] {processor.py:186} INFO - Started process (PID=528) to work on /home/airflow/.local/lib/python3.12/site-packages/airflow/example_dags/example_python_operator.py
[2025-03-27T17:42:25.051+0000] {processor.py:914} INFO - Processing file /home/airflow/.local/lib/python3.12/site-packages/airflow/example_dags/example_python_operator.py for tasks to queue
[2025-03-27T17:42:25.053+0000] {logging_mixin.py:190} INFO - [2025-03-27T17:42:25.053+0000] {dagbag.py:588} INFO - Filling up the DagBag from /home/airflow/.local/lib/python3.12/site-packages/airflow/example_dags/example_python_operator.py
[2025-03-27T17:42:25.065+0000] {processor.py:925} INFO - DAG(s) 'example_python_operator' retrieved from /home/airflow/.local/lib/python3.12/site-packages/airflow/example_dags/example_python_operator.py
[2025-03-27T17:42:25.086+0000] {logging_mixin.py:190} INFO - [2025-03-27T17:42:25.086+0000] {dag.py:3239} INFO - Sync 1 DAGs
[2025-03-27T17:42:25.099+0000] {logging_mixin.py:190} INFO - [2025-03-27T17:42:25.098+0000] {dag.py:4180} INFO - Setting next_dagrun for example_python_operator to None, run_after=None
[2025-03-27T17:42:25.117+0000] {processor.py:208} INFO - Processing /home/airflow/.local/lib/python3.12/site-packages/airflow/example_dags/example_python_operator.py took 0.074 seconds
[2025-03-27T17:42:55.785+0000] {processor.py:186} INFO - Started process (PID=592) to work on /home/airflow/.local/lib/python3.12/site-packages/airflow/example_dags/example_python_operator.py
[2025-03-27T17:42:55.786+0000] {processor.py:914} INFO - Processing file /home/airflow/.local/lib/python3.12/site-packages/airflow/example_dags/example_python_operator.py for tasks to queue
[2025-03-27T17:42:55.787+0000] {logging_mixin.py:190} INFO - [2025-03-27T17:42:55.787+0000] {dagbag.py:588} INFO - Filling up the DagBag from /home/airflow/.local/lib/python3.12/site-packages/airflow/example_dags/example_python_operator.py
[2025-03-27T17:42:55.797+0000] {processor.py:925} INFO - DAG(s) 'example_python_operator' retrieved from /home/airflow/.local/lib/python3.12/site-packages/airflow/example_dags/example_python_operator.py
[2025-03-27T17:42:55.816+0000] {logging_mixin.py:190} INFO - [2025-03-27T17:42:55.816+0000] {dag.py:3239} INFO - Sync 1 DAGs
[2025-03-27T17:42:55.828+0000] {logging_mixin.py:190} INFO - [2025-03-27T17:42:55.828+0000] {dag.py:4180} INFO - Setting next_dagrun for example_python_operator to None, run_after=None
[2025-03-27T17:42:55.847+0000] {processor.py:208} INFO - Processing /home/airflow/.local/lib/python3.12/site-packages/airflow/example_dags/example_python_operator.py took 0.066 seconds
[2025-03-27T17:43:26.834+0000] {processor.py:186} INFO - Started process (PID=658) to work on /home/airflow/.local/lib/python3.12/site-packages/airflow/example_dags/example_python_operator.py
[2025-03-27T17:43:26.836+0000] {processor.py:914} INFO - Processing file /home/airflow/.local/lib/python3.12/site-packages/airflow/example_dags/example_python_operator.py for tasks to queue
[2025-03-27T17:43:26.839+0000] {logging_mixin.py:190} INFO - [2025-03-27T17:43:26.839+0000] {dagbag.py:588} INFO - Filling up the DagBag from /home/airflow/.local/lib/python3.12/site-packages/airflow/example_dags/example_python_operator.py
[2025-03-27T17:43:26.854+0000] {processor.py:925} INFO - DAG(s) 'example_python_operator' retrieved from /home/airflow/.local/lib/python3.12/site-packages/airflow/example_dags/example_python_operator.py
[2025-03-27T17:43:26.883+0000] {logging_mixin.py:190} INFO - [2025-03-27T17:43:26.883+0000] {dag.py:3239} INFO - Sync 1 DAGs
[2025-03-27T17:43:26.900+0000] {logging_mixin.py:190} INFO - [2025-03-27T17:43:26.899+0000] {dag.py:4180} INFO - Setting next_dagrun for example_python_operator to None, run_after=None
[2025-03-27T17:43:26.922+0000] {processor.py:208} INFO - Processing /home/airflow/.local/lib/python3.12/site-packages/airflow/example_dags/example_python_operator.py took 0.097 seconds
[2025-03-27T17:43:57.757+0000] {processor.py:186} INFO - Started process (PID=722) to work on /home/airflow/.local/lib/python3.12/site-packages/airflow/example_dags/example_python_operator.py
[2025-03-27T17:43:57.758+0000] {processor.py:914} INFO - Processing file /home/airflow/.local/lib/python3.12/site-packages/airflow/example_dags/example_python_operator.py for tasks to queue
[2025-03-27T17:43:57.760+0000] {logging_mixin.py:190} INFO - [2025-03-27T17:43:57.760+0000] {dagbag.py:588} INFO - Filling up the DagBag from /home/airflow/.local/lib/python3.12/site-packages/airflow/example_dags/example_python_operator.py
[2025-03-27T17:43:57.778+0000] {processor.py:925} INFO - DAG(s) 'example_python_operator' retrieved from /home/airflow/.local/lib/python3.12/site-packages/airflow/example_dags/example_python_operator.py
[2025-03-27T17:43:57.808+0000] {logging_mixin.py:190} INFO - [2025-03-27T17:43:57.808+0000] {dag.py:3239} INFO - Sync 1 DAGs
[2025-03-27T17:43:57.825+0000] {logging_mixin.py:190} INFO - [2025-03-27T17:43:57.825+0000] {dag.py:4180} INFO - Setting next_dagrun for example_python_operator to None, run_after=None
[2025-03-27T17:43:57.857+0000] {processor.py:208} INFO - Processing /home/airflow/.local/lib/python3.12/site-packages/airflow/example_dags/example_python_operator.py took 0.107 seconds
[2025-03-27T17:44:27.964+0000] {processor.py:186} INFO - Started process (PID=786) to work on /home/airflow/.local/lib/python3.12/site-packages/airflow/example_dags/example_python_operator.py
[2025-03-27T17:44:27.965+0000] {processor.py:914} INFO - Processing file /home/airflow/.local/lib/python3.12/site-packages/airflow/example_dags/example_python_operator.py for tasks to queue
[2025-03-27T17:44:27.967+0000] {logging_mixin.py:190} INFO - [2025-03-27T17:44:27.967+0000] {dagbag.py:588} INFO - Filling up the DagBag from /home/airflow/.local/lib/python3.12/site-packages/airflow/example_dags/example_python_operator.py
[2025-03-27T17:44:27.980+0000] {processor.py:925} INFO - DAG(s) 'example_python_operator' retrieved from /home/airflow/.local/lib/python3.12/site-packages/airflow/example_dags/example_python_operator.py
[2025-03-27T17:44:28.007+0000] {logging_mixin.py:190} INFO - [2025-03-27T17:44:28.007+0000] {dag.py:3239} INFO - Sync 1 DAGs
[2025-03-27T17:44:28.025+0000] {logging_mixin.py:190} INFO - [2025-03-27T17:44:28.025+0000] {dag.py:4180} INFO - Setting next_dagrun for example_python_operator to None, run_after=None
[2025-03-27T17:44:28.050+0000] {processor.py:208} INFO - Processing /home/airflow/.local/lib/python3.12/site-packages/airflow/example_dags/example_python_operator.py took 0.092 seconds
[2025-03-27T17:44:58.150+0000] {processor.py:186} INFO - Started process (PID=850) to work on /home/airflow/.local/lib/python3.12/site-packages/airflow/example_dags/example_python_operator.py
[2025-03-27T17:44:58.151+0000] {processor.py:914} INFO - Processing file /home/airflow/.local/lib/python3.12/site-packages/airflow/example_dags/example_python_operator.py for tasks to queue
[2025-03-27T17:44:58.153+0000] {logging_mixin.py:190} INFO - [2025-03-27T17:44:58.153+0000] {dagbag.py:588} INFO - Filling up the DagBag from /home/airflow/.local/lib/python3.12/site-packages/airflow/example_dags/example_python_operator.py
[2025-03-27T17:44:58.166+0000] {processor.py:925} INFO - DAG(s) 'example_python_operator' retrieved from /home/airflow/.local/lib/python3.12/site-packages/airflow/example_dags/example_python_operator.py
[2025-03-27T17:44:58.189+0000] {logging_mixin.py:190} INFO - [2025-03-27T17:44:58.189+0000] {dag.py:3239} INFO - Sync 1 DAGs
[2025-03-27T17:44:58.207+0000] {logging_mixin.py:190} INFO - [2025-03-27T17:44:58.206+0000] {dag.py:4180} INFO - Setting next_dagrun for example_python_operator to None, run_after=None
[2025-03-27T17:44:58.233+0000] {processor.py:208} INFO - Processing /home/airflow/.local/lib/python3.12/site-packages/airflow/example_dags/example_python_operator.py took 0.088 seconds
[2025-03-27T17:45:28.541+0000] {processor.py:186} INFO - Started process (PID=914) to work on /home/airflow/.local/lib/python3.12/site-packages/airflow/example_dags/example_python_operator.py
[2025-03-27T17:45:28.542+0000] {processor.py:914} INFO - Processing file /home/airflow/.local/lib/python3.12/site-packages/airflow/example_dags/example_python_operator.py for tasks to queue
[2025-03-27T17:45:28.544+0000] {logging_mixin.py:190} INFO - [2025-03-27T17:45:28.544+0000] {dagbag.py:588} INFO - Filling up the DagBag from /home/airflow/.local/lib/python3.12/site-packages/airflow/example_dags/example_python_operator.py
[2025-03-27T17:45:28.557+0000] {processor.py:925} INFO - DAG(s) 'example_python_operator' retrieved from /home/airflow/.local/lib/python3.12/site-packages/airflow/example_dags/example_python_operator.py
[2025-03-27T17:45:28.574+0000] {logging_mixin.py:190} INFO - [2025-03-27T17:45:28.574+0000] {dag.py:3239} INFO - Sync 1 DAGs
[2025-03-27T17:45:28.589+0000] {logging_mixin.py:190} INFO - [2025-03-27T17:45:28.589+0000] {dag.py:4180} INFO - Setting next_dagrun for example_python_operator to None, run_after=None
[2025-03-27T17:45:28.606+0000] {processor.py:208} INFO - Processing /home/airflow/.local/lib/python3.12/site-packages/airflow/example_dags/example_python_operator.py took 0.070 seconds
[2025-03-27T17:45:58.952+0000] {processor.py:186} INFO - Started process (PID=984) to work on /home/airflow/.local/lib/python3.12/site-packages/airflow/example_dags/example_python_operator.py
[2025-03-27T17:45:58.953+0000] {processor.py:914} INFO - Processing file /home/airflow/.local/lib/python3.12/site-packages/airflow/example_dags/example_python_operator.py for tasks to queue
[2025-03-27T17:45:58.957+0000] {logging_mixin.py:190} INFO - [2025-03-27T17:45:58.957+0000] {dagbag.py:588} INFO - Filling up the DagBag from /home/airflow/.local/lib/python3.12/site-packages/airflow/example_dags/example_python_operator.py
[2025-03-27T17:45:58.969+0000] {processor.py:925} INFO - DAG(s) 'example_python_operator' retrieved from /home/airflow/.local/lib/python3.12/site-packages/airflow/example_dags/example_python_operator.py
[2025-03-27T17:45:58.991+0000] {logging_mixin.py:190} INFO - [2025-03-27T17:45:58.991+0000] {dag.py:3239} INFO - Sync 1 DAGs
[2025-03-27T17:45:59.007+0000] {logging_mixin.py:190} INFO - [2025-03-27T17:45:59.007+0000] {dag.py:4180} INFO - Setting next_dagrun for example_python_operator to None, run_after=None
[2025-03-27T17:45:59.028+0000] {processor.py:208} INFO - Processing /home/airflow/.local/lib/python3.12/site-packages/airflow/example_dags/example_python_operator.py took 0.082 seconds
[2025-03-27T17:46:29.521+0000] {processor.py:186} INFO - Started process (PID=1048) to work on /home/airflow/.local/lib/python3.12/site-packages/airflow/example_dags/example_python_operator.py
[2025-03-27T17:46:29.522+0000] {processor.py:914} INFO - Processing file /home/airflow/.local/lib/python3.12/site-packages/airflow/example_dags/example_python_operator.py for tasks to queue
[2025-03-27T17:46:29.524+0000] {logging_mixin.py:190} INFO - [2025-03-27T17:46:29.524+0000] {dagbag.py:588} INFO - Filling up the DagBag from /home/airflow/.local/lib/python3.12/site-packages/airflow/example_dags/example_python_operator.py
[2025-03-27T17:46:29.536+0000] {processor.py:925} INFO - DAG(s) 'example_python_operator' retrieved from /home/airflow/.local/lib/python3.12/site-packages/airflow/example_dags/example_python_operator.py
[2025-03-27T17:46:29.557+0000] {logging_mixin.py:190} INFO - [2025-03-27T17:46:29.557+0000] {dag.py:3239} INFO - Sync 1 DAGs
[2025-03-27T17:46:29.569+0000] {logging_mixin.py:190} INFO - [2025-03-27T17:46:29.568+0000] {dag.py:4180} INFO - Setting next_dagrun for example_python_operator to None, run_after=None
[2025-03-27T17:46:29.591+0000] {processor.py:208} INFO - Processing /home/airflow/.local/lib/python3.12/site-packages/airflow/example_dags/example_python_operator.py took 0.076 seconds
[2025-03-27T17:47:00.401+0000] {processor.py:186} INFO - Started process (PID=1112) to work on /home/airflow/.local/lib/python3.12/site-packages/airflow/example_dags/example_python_operator.py
[2025-03-27T17:47:00.402+0000] {processor.py:914} INFO - Processing file /home/airflow/.local/lib/python3.12/site-packages/airflow/example_dags/example_python_operator.py for tasks to queue
[2025-03-27T17:47:00.404+0000] {logging_mixin.py:190} INFO - [2025-03-27T17:47:00.403+0000] {dagbag.py:588} INFO - Filling up the DagBag from /home/airflow/.local/lib/python3.12/site-packages/airflow/example_dags/example_python_operator.py
[2025-03-27T17:47:00.414+0000] {processor.py:925} INFO - DAG(s) 'example_python_operator' retrieved from /home/airflow/.local/lib/python3.12/site-packages/airflow/example_dags/example_python_operator.py
[2025-03-27T17:47:00.437+0000] {logging_mixin.py:190} INFO - [2025-03-27T17:47:00.436+0000] {dag.py:3239} INFO - Sync 1 DAGs
[2025-03-27T17:47:00.451+0000] {logging_mixin.py:190} INFO - [2025-03-27T17:47:00.451+0000] {dag.py:4180} INFO - Setting next_dagrun for example_python_operator to None, run_after=None
[2025-03-27T17:47:00.469+0000] {processor.py:208} INFO - Processing /home/airflow/.local/lib/python3.12/site-packages/airflow/example_dags/example_python_operator.py took 0.073 seconds
[2025-03-27T17:47:30.848+0000] {processor.py:186} INFO - Started process (PID=1176) to work on /home/airflow/.local/lib/python3.12/site-packages/airflow/example_dags/example_python_operator.py
[2025-03-27T17:47:30.849+0000] {processor.py:914} INFO - Processing file /home/airflow/.local/lib/python3.12/site-packages/airflow/example_dags/example_python_operator.py for tasks to queue
[2025-03-27T17:47:30.852+0000] {logging_mixin.py:190} INFO - [2025-03-27T17:47:30.851+0000] {dagbag.py:588} INFO - Filling up the DagBag from /home/airflow/.local/lib/python3.12/site-packages/airflow/example_dags/example_python_operator.py
[2025-03-27T17:47:30.865+0000] {processor.py:925} INFO - DAG(s) 'example_python_operator' retrieved from /home/airflow/.local/lib/python3.12/site-packages/airflow/example_dags/example_python_operator.py
[2025-03-27T17:47:30.893+0000] {logging_mixin.py:190} INFO - [2025-03-27T17:47:30.892+0000] {dag.py:3239} INFO - Sync 1 DAGs
[2025-03-27T17:47:30.909+0000] {logging_mixin.py:190} INFO - [2025-03-27T17:47:30.908+0000] {dag.py:4180} INFO - Setting next_dagrun for example_python_operator to None, run_after=None
[2025-03-27T17:47:30.935+0000] {processor.py:208} INFO - Processing /home/airflow/.local/lib/python3.12/site-packages/airflow/example_dags/example_python_operator.py took 0.092 seconds
[2025-03-27T17:48:01.071+0000] {processor.py:186} INFO - Started process (PID=1240) to work on /home/airflow/.local/lib/python3.12/site-packages/airflow/example_dags/example_python_operator.py
[2025-03-27T17:48:01.072+0000] {processor.py:914} INFO - Processing file /home/airflow/.local/lib/python3.12/site-packages/airflow/example_dags/example_python_operator.py for tasks to queue
[2025-03-27T17:48:01.074+0000] {logging_mixin.py:190} INFO - [2025-03-27T17:48:01.073+0000] {dagbag.py:588} INFO - Filling up the DagBag from /home/airflow/.local/lib/python3.12/site-packages/airflow/example_dags/example_python_operator.py
[2025-03-27T17:48:01.086+0000] {processor.py:925} INFO - DAG(s) 'example_python_operator' retrieved from /home/airflow/.local/lib/python3.12/site-packages/airflow/example_dags/example_python_operator.py
[2025-03-27T17:48:01.106+0000] {logging_mixin.py:190} INFO - [2025-03-27T17:48:01.106+0000] {dag.py:3239} INFO - Sync 1 DAGs
[2025-03-27T17:48:01.123+0000] {logging_mixin.py:190} INFO - [2025-03-27T17:48:01.123+0000] {dag.py:4180} INFO - Setting next_dagrun for example_python_operator to None, run_after=None
[2025-03-27T17:48:01.141+0000] {processor.py:208} INFO - Processing /home/airflow/.local/lib/python3.12/site-packages/airflow/example_dags/example_python_operator.py took 0.075 seconds
[2025-03-27T17:48:31.854+0000] {processor.py:186} INFO - Started process (PID=1304) to work on /home/airflow/.local/lib/python3.12/site-packages/airflow/example_dags/example_python_operator.py
[2025-03-27T17:48:31.856+0000] {processor.py:914} INFO - Processing file /home/airflow/.local/lib/python3.12/site-packages/airflow/example_dags/example_python_operator.py for tasks to queue
[2025-03-27T17:48:31.859+0000] {logging_mixin.py:190} INFO - [2025-03-27T17:48:31.858+0000] {dagbag.py:588} INFO - Filling up the DagBag from /home/airflow/.local/lib/python3.12/site-packages/airflow/example_dags/example_python_operator.py
[2025-03-27T17:48:31.874+0000] {processor.py:925} INFO - DAG(s) 'example_python_operator' retrieved from /home/airflow/.local/lib/python3.12/site-packages/airflow/example_dags/example_python_operator.py
[2025-03-27T17:48:31.899+0000] {logging_mixin.py:190} INFO - [2025-03-27T17:48:31.899+0000] {dag.py:3239} INFO - Sync 1 DAGs
[2025-03-27T17:48:31.915+0000] {logging_mixin.py:190} INFO - [2025-03-27T17:48:31.914+0000] {dag.py:4180} INFO - Setting next_dagrun for example_python_operator to None, run_after=None
[2025-03-27T17:48:31.933+0000] {processor.py:208} INFO - Processing /home/airflow/.local/lib/python3.12/site-packages/airflow/example_dags/example_python_operator.py took 0.086 seconds
[2025-03-27T17:49:02.088+0000] {processor.py:186} INFO - Started process (PID=1368) to work on /home/airflow/.local/lib/python3.12/site-packages/airflow/example_dags/example_python_operator.py
[2025-03-27T17:49:02.089+0000] {processor.py:914} INFO - Processing file /home/airflow/.local/lib/python3.12/site-packages/airflow/example_dags/example_python_operator.py for tasks to queue
[2025-03-27T17:49:02.091+0000] {logging_mixin.py:190} INFO - [2025-03-27T17:49:02.091+0000] {dagbag.py:588} INFO - Filling up the DagBag from /home/airflow/.local/lib/python3.12/site-packages/airflow/example_dags/example_python_operator.py
[2025-03-27T17:49:02.107+0000] {processor.py:925} INFO - DAG(s) 'example_python_operator' retrieved from /home/airflow/.local/lib/python3.12/site-packages/airflow/example_dags/example_python_operator.py
[2025-03-27T17:49:02.134+0000] {logging_mixin.py:190} INFO - [2025-03-27T17:49:02.134+0000] {dag.py:3239} INFO - Sync 1 DAGs
[2025-03-27T17:49:02.149+0000] {logging_mixin.py:190} INFO - [2025-03-27T17:49:02.149+0000] {dag.py:4180} INFO - Setting next_dagrun for example_python_operator to None, run_after=None
[2025-03-27T17:49:02.178+0000] {processor.py:208} INFO - Processing /home/airflow/.local/lib/python3.12/site-packages/airflow/example_dags/example_python_operator.py took 0.095 seconds
[2025-03-27T17:49:32.822+0000] {processor.py:186} INFO - Started process (PID=1432) to work on /home/airflow/.local/lib/python3.12/site-packages/airflow/example_dags/example_python_operator.py
[2025-03-27T17:49:32.823+0000] {processor.py:914} INFO - Processing file /home/airflow/.local/lib/python3.12/site-packages/airflow/example_dags/example_python_operator.py for tasks to queue
[2025-03-27T17:49:32.826+0000] {logging_mixin.py:190} INFO - [2025-03-27T17:49:32.825+0000] {dagbag.py:588} INFO - Filling up the DagBag from /home/airflow/.local/lib/python3.12/site-packages/airflow/example_dags/example_python_operator.py
[2025-03-27T17:49:32.835+0000] {processor.py:925} INFO - DAG(s) 'example_python_operator' retrieved from /home/airflow/.local/lib/python3.12/site-packages/airflow/example_dags/example_python_operator.py
[2025-03-27T17:49:32.855+0000] {logging_mixin.py:190} INFO - [2025-03-27T17:49:32.855+0000] {dag.py:3239} INFO - Sync 1 DAGs
[2025-03-27T17:49:32.868+0000] {logging_mixin.py:190} INFO - [2025-03-27T17:49:32.868+0000] {dag.py:4180} INFO - Setting next_dagrun for example_python_operator to None, run_after=None
[2025-03-27T17:49:32.883+0000] {processor.py:208} INFO - Processing /home/airflow/.local/lib/python3.12/site-packages/airflow/example_dags/example_python_operator.py took 0.065 seconds
[2025-03-27T17:50:03.315+0000] {processor.py:186} INFO - Started process (PID=1496) to work on /home/airflow/.local/lib/python3.12/site-packages/airflow/example_dags/example_python_operator.py
[2025-03-27T17:50:03.317+0000] {processor.py:914} INFO - Processing file /home/airflow/.local/lib/python3.12/site-packages/airflow/example_dags/example_python_operator.py for tasks to queue
[2025-03-27T17:50:03.320+0000] {logging_mixin.py:190} INFO - [2025-03-27T17:50:03.320+0000] {dagbag.py:588} INFO - Filling up the DagBag from /home/airflow/.local/lib/python3.12/site-packages/airflow/example_dags/example_python_operator.py
[2025-03-27T17:50:03.332+0000] {processor.py:925} INFO - DAG(s) 'example_python_operator' retrieved from /home/airflow/.local/lib/python3.12/site-packages/airflow/example_dags/example_python_operator.py
[2025-03-27T17:50:03.356+0000] {logging_mixin.py:190} INFO - [2025-03-27T17:50:03.356+0000] {dag.py:3239} INFO - Sync 1 DAGs
[2025-03-27T17:50:03.375+0000] {logging_mixin.py:190} INFO - [2025-03-27T17:50:03.374+0000] {dag.py:4180} INFO - Setting next_dagrun for example_python_operator to None, run_after=None
[2025-03-27T17:50:03.398+0000] {processor.py:208} INFO - Processing /home/airflow/.local/lib/python3.12/site-packages/airflow/example_dags/example_python_operator.py took 0.088 seconds
[2025-03-27T17:50:33.571+0000] {processor.py:186} INFO - Started process (PID=1560) to work on /home/airflow/.local/lib/python3.12/site-packages/airflow/example_dags/example_python_operator.py
[2025-03-27T17:50:33.573+0000] {processor.py:914} INFO - Processing file /home/airflow/.local/lib/python3.12/site-packages/airflow/example_dags/example_python_operator.py for tasks to queue
[2025-03-27T17:50:33.576+0000] {logging_mixin.py:190} INFO - [2025-03-27T17:50:33.575+0000] {dagbag.py:588} INFO - Filling up the DagBag from /home/airflow/.local/lib/python3.12/site-packages/airflow/example_dags/example_python_operator.py
[2025-03-27T17:50:33.590+0000] {processor.py:925} INFO - DAG(s) 'example_python_operator' retrieved from /home/airflow/.local/lib/python3.12/site-packages/airflow/example_dags/example_python_operator.py
[2025-03-27T17:50:33.614+0000] {logging_mixin.py:190} INFO - [2025-03-27T17:50:33.614+0000] {dag.py:3239} INFO - Sync 1 DAGs
[2025-03-27T17:50:33.630+0000] {logging_mixin.py:190} INFO - [2025-03-27T17:50:33.629+0000] {dag.py:4180} INFO - Setting next_dagrun for example_python_operator to None, run_after=None
[2025-03-27T17:50:33.650+0000] {processor.py:208} INFO - Processing /home/airflow/.local/lib/python3.12/site-packages/airflow/example_dags/example_python_operator.py took 0.085 seconds
[2025-03-27T17:51:03.950+0000] {processor.py:186} INFO - Started process (PID=1624) to work on /home/airflow/.local/lib/python3.12/site-packages/airflow/example_dags/example_python_operator.py
[2025-03-27T17:51:03.952+0000] {processor.py:914} INFO - Processing file /home/airflow/.local/lib/python3.12/site-packages/airflow/example_dags/example_python_operator.py for tasks to queue
[2025-03-27T17:51:03.954+0000] {logging_mixin.py:190} INFO - [2025-03-27T17:51:03.954+0000] {dagbag.py:588} INFO - Filling up the DagBag from /home/airflow/.local/lib/python3.12/site-packages/airflow/example_dags/example_python_operator.py
[2025-03-27T17:51:03.969+0000] {processor.py:925} INFO - DAG(s) 'example_python_operator' retrieved from /home/airflow/.local/lib/python3.12/site-packages/airflow/example_dags/example_python_operator.py
[2025-03-27T17:51:03.999+0000] {logging_mixin.py:190} INFO - [2025-03-27T17:51:03.999+0000] {dag.py:3239} INFO - Sync 1 DAGs
[2025-03-27T17:51:04.015+0000] {logging_mixin.py:190} INFO - [2025-03-27T17:51:04.015+0000] {dag.py:4180} INFO - Setting next_dagrun for example_python_operator to None, run_after=None
[2025-03-27T17:51:04.037+0000] {processor.py:208} INFO - Processing /home/airflow/.local/lib/python3.12/site-packages/airflow/example_dags/example_python_operator.py took 0.093 seconds
[2025-03-27T17:51:34.128+0000] {processor.py:186} INFO - Started process (PID=1688) to work on /home/airflow/.local/lib/python3.12/site-packages/airflow/example_dags/example_python_operator.py
[2025-03-27T17:51:34.128+0000] {processor.py:914} INFO - Processing file /home/airflow/.local/lib/python3.12/site-packages/airflow/example_dags/example_python_operator.py for tasks to queue
[2025-03-27T17:51:34.131+0000] {logging_mixin.py:190} INFO - [2025-03-27T17:51:34.130+0000] {dagbag.py:588} INFO - Filling up the DagBag from /home/airflow/.local/lib/python3.12/site-packages/airflow/example_dags/example_python_operator.py
[2025-03-27T17:51:34.142+0000] {processor.py:925} INFO - DAG(s) 'example_python_operator' retrieved from /home/airflow/.local/lib/python3.12/site-packages/airflow/example_dags/example_python_operator.py
[2025-03-27T17:51:34.166+0000] {logging_mixin.py:190} INFO - [2025-03-27T17:51:34.166+0000] {dag.py:3239} INFO - Sync 1 DAGs
[2025-03-27T17:51:34.187+0000] {logging_mixin.py:190} INFO - [2025-03-27T17:51:34.187+0000] {dag.py:4180} INFO - Setting next_dagrun for example_python_operator to None, run_after=None
[2025-03-27T17:51:33.973+0000] {processor.py:208} INFO - Processing /home/airflow/.local/lib/python3.12/site-packages/airflow/example_dags/example_python_operator.py took 0.087 seconds
[2025-03-27T17:52:04.978+0000] {processor.py:186} INFO - Started process (PID=1759) to work on /home/airflow/.local/lib/python3.12/site-packages/airflow/example_dags/example_python_operator.py
[2025-03-27T17:52:04.979+0000] {processor.py:914} INFO - Processing file /home/airflow/.local/lib/python3.12/site-packages/airflow/example_dags/example_python_operator.py for tasks to queue
[2025-03-27T17:52:04.981+0000] {logging_mixin.py:190} INFO - [2025-03-27T17:52:04.981+0000] {dagbag.py:588} INFO - Filling up the DagBag from /home/airflow/.local/lib/python3.12/site-packages/airflow/example_dags/example_python_operator.py
[2025-03-27T17:52:04.991+0000] {processor.py:925} INFO - DAG(s) 'example_python_operator' retrieved from /home/airflow/.local/lib/python3.12/site-packages/airflow/example_dags/example_python_operator.py
[2025-03-27T17:52:05.011+0000] {logging_mixin.py:190} INFO - [2025-03-27T17:52:05.010+0000] {dag.py:3239} INFO - Sync 1 DAGs
[2025-03-27T17:52:05.024+0000] {logging_mixin.py:190} INFO - [2025-03-27T17:52:05.024+0000] {dag.py:4180} INFO - Setting next_dagrun for example_python_operator to None, run_after=None
[2025-03-27T17:52:05.042+0000] {processor.py:208} INFO - Processing /home/airflow/.local/lib/python3.12/site-packages/airflow/example_dags/example_python_operator.py took 0.070 seconds
[2025-03-27T17:52:35.171+0000] {processor.py:186} INFO - Started process (PID=1823) to work on /home/airflow/.local/lib/python3.12/site-packages/airflow/example_dags/example_python_operator.py
[2025-03-27T17:52:35.172+0000] {processor.py:914} INFO - Processing file /home/airflow/.local/lib/python3.12/site-packages/airflow/example_dags/example_python_operator.py for tasks to queue
[2025-03-27T17:52:35.175+0000] {logging_mixin.py:190} INFO - [2025-03-27T17:52:35.175+0000] {dagbag.py:588} INFO - Filling up the DagBag from /home/airflow/.local/lib/python3.12/site-packages/airflow/example_dags/example_python_operator.py
[2025-03-27T17:52:35.188+0000] {processor.py:925} INFO - DAG(s) 'example_python_operator' retrieved from /home/airflow/.local/lib/python3.12/site-packages/airflow/example_dags/example_python_operator.py
[2025-03-27T17:52:35.215+0000] {logging_mixin.py:190} INFO - [2025-03-27T17:52:35.215+0000] {dag.py:3239} INFO - Sync 1 DAGs
[2025-03-27T17:52:35.233+0000] {logging_mixin.py:190} INFO - [2025-03-27T17:52:35.232+0000] {dag.py:4180} INFO - Setting next_dagrun for example_python_operator to None, run_after=None
[2025-03-27T17:52:35.255+0000] {processor.py:208} INFO - Processing /home/airflow/.local/lib/python3.12/site-packages/airflow/example_dags/example_python_operator.py took 0.090 seconds
