[2025-03-27T17:38:50.096+0000] {processor.py:186} INFO - Started process (PID=70) to work on /home/airflow/.local/lib/python3.12/site-packages/airflow/example_dags/example_nested_branch_dag.py
[2025-03-27T17:38:50.097+0000] {processor.py:914} INFO - Processing file /home/airflow/.local/lib/python3.12/site-packages/airflow/example_dags/example_nested_branch_dag.py for tasks to queue
[2025-03-27T17:38:50.100+0000] {logging_mixin.py:190} INFO - [2025-03-27T17:38:50.100+0000] {dagbag.py:588} INFO - Filling up the DagBag from /home/airflow/.local/lib/python3.12/site-packages/airflow/example_dags/example_nested_branch_dag.py
[2025-03-27T17:38:50.117+0000] {processor.py:925} INFO - DAG(s) 'example_nested_branch_dag' retrieved from /home/airflow/.local/lib/python3.12/site-packages/airflow/example_dags/example_nested_branch_dag.py
[2025-03-27T17:38:50.167+0000] {logging_mixin.py:190} INFO - [2025-03-27T17:38:50.167+0000] {dag.py:3239} INFO - Sync 1 DAGs
[2025-03-27T17:38:50.217+0000] {logging_mixin.py:190} INFO - [2025-03-27T17:38:50.216+0000] {dag.py:4180} INFO - Setting next_dagrun for example_nested_branch_dag to 2025-03-26 00:00:00+00:00, run_after=2025-03-27 00:00:00+00:00
[2025-03-27T17:38:50.251+0000] {processor.py:208} INFO - Processing /home/airflow/.local/lib/python3.12/site-packages/airflow/example_dags/example_nested_branch_dag.py took 0.162 seconds
[2025-03-27T17:39:20.761+0000] {processor.py:186} INFO - Started process (PID=134) to work on /home/airflow/.local/lib/python3.12/site-packages/airflow/example_dags/example_nested_branch_dag.py
[2025-03-27T17:39:20.762+0000] {processor.py:914} INFO - Processing file /home/airflow/.local/lib/python3.12/site-packages/airflow/example_dags/example_nested_branch_dag.py for tasks to queue
[2025-03-27T17:39:20.764+0000] {logging_mixin.py:190} INFO - [2025-03-27T17:39:20.764+0000] {dagbag.py:588} INFO - Filling up the DagBag from /home/airflow/.local/lib/python3.12/site-packages/airflow/example_dags/example_nested_branch_dag.py
[2025-03-27T17:39:20.776+0000] {processor.py:925} INFO - DAG(s) 'example_nested_branch_dag' retrieved from /home/airflow/.local/lib/python3.12/site-packages/airflow/example_dags/example_nested_branch_dag.py
[2025-03-27T17:39:20.800+0000] {logging_mixin.py:190} INFO - [2025-03-27T17:39:20.800+0000] {dag.py:3239} INFO - Sync 1 DAGs
[2025-03-27T17:39:20.823+0000] {logging_mixin.py:190} INFO - [2025-03-27T17:39:20.823+0000] {dag.py:4180} INFO - Setting next_dagrun for example_nested_branch_dag to 2025-03-26 00:00:00+00:00, run_after=2025-03-27 00:00:00+00:00
[2025-03-27T17:39:20.844+0000] {processor.py:208} INFO - Processing /home/airflow/.local/lib/python3.12/site-packages/airflow/example_dags/example_nested_branch_dag.py took 0.089 seconds
[2025-03-27T17:39:51.034+0000] {processor.py:186} INFO - Started process (PID=198) to work on /home/airflow/.local/lib/python3.12/site-packages/airflow/example_dags/example_nested_branch_dag.py
[2025-03-27T17:39:51.036+0000] {processor.py:914} INFO - Processing file /home/airflow/.local/lib/python3.12/site-packages/airflow/example_dags/example_nested_branch_dag.py for tasks to queue
[2025-03-27T17:39:51.038+0000] {logging_mixin.py:190} INFO - [2025-03-27T17:39:51.038+0000] {dagbag.py:588} INFO - Filling up the DagBag from /home/airflow/.local/lib/python3.12/site-packages/airflow/example_dags/example_nested_branch_dag.py
[2025-03-27T17:39:51.048+0000] {processor.py:925} INFO - DAG(s) 'example_nested_branch_dag' retrieved from /home/airflow/.local/lib/python3.12/site-packages/airflow/example_dags/example_nested_branch_dag.py
[2025-03-27T17:39:51.069+0000] {logging_mixin.py:190} INFO - [2025-03-27T17:39:51.068+0000] {dag.py:3239} INFO - Sync 1 DAGs
[2025-03-27T17:39:51.091+0000] {logging_mixin.py:190} INFO - [2025-03-27T17:39:51.091+0000] {dag.py:4180} INFO - Setting next_dagrun for example_nested_branch_dag to 2025-03-26 00:00:00+00:00, run_after=2025-03-27 00:00:00+00:00
[2025-03-27T17:39:51.106+0000] {processor.py:208} INFO - Processing /home/airflow/.local/lib/python3.12/site-packages/airflow/example_dags/example_nested_branch_dag.py took 0.077 seconds
[2025-03-27T17:40:21.810+0000] {processor.py:186} INFO - Started process (PID=262) to work on /home/airflow/.local/lib/python3.12/site-packages/airflow/example_dags/example_nested_branch_dag.py
[2025-03-27T17:40:21.811+0000] {processor.py:914} INFO - Processing file /home/airflow/.local/lib/python3.12/site-packages/airflow/example_dags/example_nested_branch_dag.py for tasks to queue
[2025-03-27T17:40:21.812+0000] {logging_mixin.py:190} INFO - [2025-03-27T17:40:21.812+0000] {dagbag.py:588} INFO - Filling up the DagBag from /home/airflow/.local/lib/python3.12/site-packages/airflow/example_dags/example_nested_branch_dag.py
[2025-03-27T17:40:21.823+0000] {processor.py:925} INFO - DAG(s) 'example_nested_branch_dag' retrieved from /home/airflow/.local/lib/python3.12/site-packages/airflow/example_dags/example_nested_branch_dag.py
[2025-03-27T17:40:21.844+0000] {logging_mixin.py:190} INFO - [2025-03-27T17:40:21.844+0000] {dag.py:3239} INFO - Sync 1 DAGs
[2025-03-27T17:40:21.867+0000] {logging_mixin.py:190} INFO - [2025-03-27T17:40:21.867+0000] {dag.py:4180} INFO - Setting next_dagrun for example_nested_branch_dag to 2025-03-26 00:00:00+00:00, run_after=2025-03-27 00:00:00+00:00
[2025-03-27T17:40:21.890+0000] {processor.py:208} INFO - Processing /home/airflow/.local/lib/python3.12/site-packages/airflow/example_dags/example_nested_branch_dag.py took 0.085 seconds
[2025-03-27T17:40:52.748+0000] {processor.py:186} INFO - Started process (PID=332) to work on /home/airflow/.local/lib/python3.12/site-packages/airflow/example_dags/example_nested_branch_dag.py
[2025-03-27T17:40:52.749+0000] {processor.py:914} INFO - Processing file /home/airflow/.local/lib/python3.12/site-packages/airflow/example_dags/example_nested_branch_dag.py for tasks to queue
[2025-03-27T17:40:52.751+0000] {logging_mixin.py:190} INFO - [2025-03-27T17:40:52.750+0000] {dagbag.py:588} INFO - Filling up the DagBag from /home/airflow/.local/lib/python3.12/site-packages/airflow/example_dags/example_nested_branch_dag.py
[2025-03-27T17:40:52.761+0000] {processor.py:925} INFO - DAG(s) 'example_nested_branch_dag' retrieved from /home/airflow/.local/lib/python3.12/site-packages/airflow/example_dags/example_nested_branch_dag.py
[2025-03-27T17:40:52.781+0000] {logging_mixin.py:190} INFO - [2025-03-27T17:40:52.781+0000] {dag.py:3239} INFO - Sync 1 DAGs
[2025-03-27T17:40:52.804+0000] {logging_mixin.py:190} INFO - [2025-03-27T17:40:52.804+0000] {dag.py:4180} INFO - Setting next_dagrun for example_nested_branch_dag to 2025-03-26 00:00:00+00:00, run_after=2025-03-27 00:00:00+00:00
[2025-03-27T17:40:52.825+0000] {processor.py:208} INFO - Processing /home/airflow/.local/lib/python3.12/site-packages/airflow/example_dags/example_nested_branch_dag.py took 0.082 seconds
[2025-03-27T17:41:23.184+0000] {processor.py:186} INFO - Started process (PID=396) to work on /home/airflow/.local/lib/python3.12/site-packages/airflow/example_dags/example_nested_branch_dag.py
[2025-03-27T17:41:23.185+0000] {processor.py:914} INFO - Processing file /home/airflow/.local/lib/python3.12/site-packages/airflow/example_dags/example_nested_branch_dag.py for tasks to queue
[2025-03-27T17:41:23.186+0000] {logging_mixin.py:190} INFO - [2025-03-27T17:41:23.186+0000] {dagbag.py:588} INFO - Filling up the DagBag from /home/airflow/.local/lib/python3.12/site-packages/airflow/example_dags/example_nested_branch_dag.py
[2025-03-27T17:41:23.196+0000] {processor.py:925} INFO - DAG(s) 'example_nested_branch_dag' retrieved from /home/airflow/.local/lib/python3.12/site-packages/airflow/example_dags/example_nested_branch_dag.py
[2025-03-27T17:41:23.215+0000] {logging_mixin.py:190} INFO - [2025-03-27T17:41:23.215+0000] {dag.py:3239} INFO - Sync 1 DAGs
[2025-03-27T17:41:23.233+0000] {logging_mixin.py:190} INFO - [2025-03-27T17:41:23.233+0000] {dag.py:4180} INFO - Setting next_dagrun for example_nested_branch_dag to 2025-03-26 00:00:00+00:00, run_after=2025-03-27 00:00:00+00:00
[2025-03-27T17:41:23.248+0000] {processor.py:208} INFO - Processing /home/airflow/.local/lib/python3.12/site-packages/airflow/example_dags/example_nested_branch_dag.py took 0.069 seconds
[2025-03-27T17:41:54.010+0000] {processor.py:186} INFO - Started process (PID=460) to work on /home/airflow/.local/lib/python3.12/site-packages/airflow/example_dags/example_nested_branch_dag.py
[2025-03-27T17:41:54.012+0000] {processor.py:914} INFO - Processing file /home/airflow/.local/lib/python3.12/site-packages/airflow/example_dags/example_nested_branch_dag.py for tasks to queue
[2025-03-27T17:41:54.015+0000] {logging_mixin.py:190} INFO - [2025-03-27T17:41:54.014+0000] {dagbag.py:588} INFO - Filling up the DagBag from /home/airflow/.local/lib/python3.12/site-packages/airflow/example_dags/example_nested_branch_dag.py
[2025-03-27T17:41:54.032+0000] {processor.py:925} INFO - DAG(s) 'example_nested_branch_dag' retrieved from /home/airflow/.local/lib/python3.12/site-packages/airflow/example_dags/example_nested_branch_dag.py
[2025-03-27T17:41:54.060+0000] {logging_mixin.py:190} INFO - [2025-03-27T17:41:54.060+0000] {dag.py:3239} INFO - Sync 1 DAGs
[2025-03-27T17:41:54.099+0000] {logging_mixin.py:190} INFO - [2025-03-27T17:41:54.099+0000] {dag.py:4180} INFO - Setting next_dagrun for example_nested_branch_dag to 2025-03-26 00:00:00+00:00, run_after=2025-03-27 00:00:00+00:00
[2025-03-27T17:41:54.127+0000] {processor.py:208} INFO - Processing /home/airflow/.local/lib/python3.12/site-packages/airflow/example_dags/example_nested_branch_dag.py took 0.126 seconds
[2025-03-27T17:42:24.817+0000] {processor.py:186} INFO - Started process (PID=524) to work on /home/airflow/.local/lib/python3.12/site-packages/airflow/example_dags/example_nested_branch_dag.py
[2025-03-27T17:42:24.818+0000] {processor.py:914} INFO - Processing file /home/airflow/.local/lib/python3.12/site-packages/airflow/example_dags/example_nested_branch_dag.py for tasks to queue
[2025-03-27T17:42:24.819+0000] {logging_mixin.py:190} INFO - [2025-03-27T17:42:24.819+0000] {dagbag.py:588} INFO - Filling up the DagBag from /home/airflow/.local/lib/python3.12/site-packages/airflow/example_dags/example_nested_branch_dag.py
[2025-03-27T17:42:24.829+0000] {processor.py:925} INFO - DAG(s) 'example_nested_branch_dag' retrieved from /home/airflow/.local/lib/python3.12/site-packages/airflow/example_dags/example_nested_branch_dag.py
[2025-03-27T17:42:24.851+0000] {logging_mixin.py:190} INFO - [2025-03-27T17:42:24.850+0000] {dag.py:3239} INFO - Sync 1 DAGs
[2025-03-27T17:42:24.877+0000] {logging_mixin.py:190} INFO - [2025-03-27T17:42:24.876+0000] {dag.py:4180} INFO - Setting next_dagrun for example_nested_branch_dag to 2025-03-26 00:00:00+00:00, run_after=2025-03-27 00:00:00+00:00
[2025-03-27T17:42:24.896+0000] {processor.py:208} INFO - Processing /home/airflow/.local/lib/python3.12/site-packages/airflow/example_dags/example_nested_branch_dag.py took 0.085 seconds
[2025-03-27T17:42:55.564+0000] {processor.py:186} INFO - Started process (PID=588) to work on /home/airflow/.local/lib/python3.12/site-packages/airflow/example_dags/example_nested_branch_dag.py
[2025-03-27T17:42:55.565+0000] {processor.py:914} INFO - Processing file /home/airflow/.local/lib/python3.12/site-packages/airflow/example_dags/example_nested_branch_dag.py for tasks to queue
[2025-03-27T17:42:55.568+0000] {logging_mixin.py:190} INFO - [2025-03-27T17:42:55.567+0000] {dagbag.py:588} INFO - Filling up the DagBag from /home/airflow/.local/lib/python3.12/site-packages/airflow/example_dags/example_nested_branch_dag.py
[2025-03-27T17:42:55.578+0000] {processor.py:925} INFO - DAG(s) 'example_nested_branch_dag' retrieved from /home/airflow/.local/lib/python3.12/site-packages/airflow/example_dags/example_nested_branch_dag.py
[2025-03-27T17:42:55.600+0000] {logging_mixin.py:190} INFO - [2025-03-27T17:42:55.599+0000] {dag.py:3239} INFO - Sync 1 DAGs
[2025-03-27T17:42:55.621+0000] {logging_mixin.py:190} INFO - [2025-03-27T17:42:55.621+0000] {dag.py:4180} INFO - Setting next_dagrun for example_nested_branch_dag to 2025-03-26 00:00:00+00:00, run_after=2025-03-27 00:00:00+00:00
[2025-03-27T17:42:55.640+0000] {processor.py:208} INFO - Processing /home/airflow/.local/lib/python3.12/site-packages/airflow/example_dags/example_nested_branch_dag.py took 0.082 seconds
[2025-03-27T17:43:26.581+0000] {processor.py:186} INFO - Started process (PID=654) to work on /home/airflow/.local/lib/python3.12/site-packages/airflow/example_dags/example_nested_branch_dag.py
[2025-03-27T17:43:26.582+0000] {processor.py:914} INFO - Processing file /home/airflow/.local/lib/python3.12/site-packages/airflow/example_dags/example_nested_branch_dag.py for tasks to queue
[2025-03-27T17:43:26.584+0000] {logging_mixin.py:190} INFO - [2025-03-27T17:43:26.584+0000] {dagbag.py:588} INFO - Filling up the DagBag from /home/airflow/.local/lib/python3.12/site-packages/airflow/example_dags/example_nested_branch_dag.py
[2025-03-27T17:43:26.596+0000] {processor.py:925} INFO - DAG(s) 'example_nested_branch_dag' retrieved from /home/airflow/.local/lib/python3.12/site-packages/airflow/example_dags/example_nested_branch_dag.py
[2025-03-27T17:43:26.619+0000] {logging_mixin.py:190} INFO - [2025-03-27T17:43:26.619+0000] {dag.py:3239} INFO - Sync 1 DAGs
[2025-03-27T17:43:26.646+0000] {logging_mixin.py:190} INFO - [2025-03-27T17:43:26.646+0000] {dag.py:4180} INFO - Setting next_dagrun for example_nested_branch_dag to 2025-03-26 00:00:00+00:00, run_after=2025-03-27 00:00:00+00:00
[2025-03-27T17:43:26.666+0000] {processor.py:208} INFO - Processing /home/airflow/.local/lib/python3.12/site-packages/airflow/example_dags/example_nested_branch_dag.py took 0.092 seconds
[2025-03-27T17:43:57.348+0000] {processor.py:186} INFO - Started process (PID=718) to work on /home/airflow/.local/lib/python3.12/site-packages/airflow/example_dags/example_nested_branch_dag.py
[2025-03-27T17:43:57.350+0000] {processor.py:914} INFO - Processing file /home/airflow/.local/lib/python3.12/site-packages/airflow/example_dags/example_nested_branch_dag.py for tasks to queue
[2025-03-27T17:43:57.352+0000] {logging_mixin.py:190} INFO - [2025-03-27T17:43:57.352+0000] {dagbag.py:588} INFO - Filling up the DagBag from /home/airflow/.local/lib/python3.12/site-packages/airflow/example_dags/example_nested_branch_dag.py
[2025-03-27T17:43:57.362+0000] {processor.py:925} INFO - DAG(s) 'example_nested_branch_dag' retrieved from /home/airflow/.local/lib/python3.12/site-packages/airflow/example_dags/example_nested_branch_dag.py
[2025-03-27T17:43:57.385+0000] {logging_mixin.py:190} INFO - [2025-03-27T17:43:57.385+0000] {dag.py:3239} INFO - Sync 1 DAGs
[2025-03-27T17:43:57.417+0000] {logging_mixin.py:190} INFO - [2025-03-27T17:43:57.417+0000] {dag.py:4180} INFO - Setting next_dagrun for example_nested_branch_dag to 2025-03-26 00:00:00+00:00, run_after=2025-03-27 00:00:00+00:00
[2025-03-27T17:43:57.454+0000] {processor.py:208} INFO - Processing /home/airflow/.local/lib/python3.12/site-packages/airflow/example_dags/example_nested_branch_dag.py took 0.110 seconds
[2025-03-27T17:44:27.596+0000] {processor.py:186} INFO - Started process (PID=782) to work on /home/airflow/.local/lib/python3.12/site-packages/airflow/example_dags/example_nested_branch_dag.py
[2025-03-27T17:44:27.597+0000] {processor.py:914} INFO - Processing file /home/airflow/.local/lib/python3.12/site-packages/airflow/example_dags/example_nested_branch_dag.py for tasks to queue
[2025-03-27T17:44:27.599+0000] {logging_mixin.py:190} INFO - [2025-03-27T17:44:27.599+0000] {dagbag.py:588} INFO - Filling up the DagBag from /home/airflow/.local/lib/python3.12/site-packages/airflow/example_dags/example_nested_branch_dag.py
[2025-03-27T17:44:27.611+0000] {processor.py:925} INFO - DAG(s) 'example_nested_branch_dag' retrieved from /home/airflow/.local/lib/python3.12/site-packages/airflow/example_dags/example_nested_branch_dag.py
[2025-03-27T17:44:27.633+0000] {logging_mixin.py:190} INFO - [2025-03-27T17:44:27.632+0000] {dag.py:3239} INFO - Sync 1 DAGs
[2025-03-27T17:44:27.657+0000] {logging_mixin.py:190} INFO - [2025-03-27T17:44:27.657+0000] {dag.py:4180} INFO - Setting next_dagrun for example_nested_branch_dag to 2025-03-26 00:00:00+00:00, run_after=2025-03-27 00:00:00+00:00
[2025-03-27T17:44:27.676+0000] {processor.py:208} INFO - Processing /home/airflow/.local/lib/python3.12/site-packages/airflow/example_dags/example_nested_branch_dag.py took 0.086 seconds
[2025-03-27T17:44:57.793+0000] {processor.py:186} INFO - Started process (PID=846) to work on /home/airflow/.local/lib/python3.12/site-packages/airflow/example_dags/example_nested_branch_dag.py
[2025-03-27T17:44:57.794+0000] {processor.py:914} INFO - Processing file /home/airflow/.local/lib/python3.12/site-packages/airflow/example_dags/example_nested_branch_dag.py for tasks to queue
[2025-03-27T17:44:57.800+0000] {logging_mixin.py:190} INFO - [2025-03-27T17:44:57.799+0000] {dagbag.py:588} INFO - Filling up the DagBag from /home/airflow/.local/lib/python3.12/site-packages/airflow/example_dags/example_nested_branch_dag.py
[2025-03-27T17:44:57.817+0000] {processor.py:925} INFO - DAG(s) 'example_nested_branch_dag' retrieved from /home/airflow/.local/lib/python3.12/site-packages/airflow/example_dags/example_nested_branch_dag.py
[2025-03-27T17:44:57.849+0000] {logging_mixin.py:190} INFO - [2025-03-27T17:44:57.848+0000] {dag.py:3239} INFO - Sync 1 DAGs
[2025-03-27T17:44:57.872+0000] {logging_mixin.py:190} INFO - [2025-03-27T17:44:57.871+0000] {dag.py:4180} INFO - Setting next_dagrun for example_nested_branch_dag to 2025-03-26 00:00:00+00:00, run_after=2025-03-27 00:00:00+00:00
[2025-03-27T17:44:57.888+0000] {processor.py:208} INFO - Processing /home/airflow/.local/lib/python3.12/site-packages/airflow/example_dags/example_nested_branch_dag.py took 0.105 seconds
[2025-03-27T17:45:28.213+0000] {processor.py:186} INFO - Started process (PID=910) to work on /home/airflow/.local/lib/python3.12/site-packages/airflow/example_dags/example_nested_branch_dag.py
[2025-03-27T17:45:28.214+0000] {processor.py:914} INFO - Processing file /home/airflow/.local/lib/python3.12/site-packages/airflow/example_dags/example_nested_branch_dag.py for tasks to queue
[2025-03-27T17:45:28.217+0000] {logging_mixin.py:190} INFO - [2025-03-27T17:45:28.216+0000] {dagbag.py:588} INFO - Filling up the DagBag from /home/airflow/.local/lib/python3.12/site-packages/airflow/example_dags/example_nested_branch_dag.py
[2025-03-27T17:45:28.226+0000] {processor.py:925} INFO - DAG(s) 'example_nested_branch_dag' retrieved from /home/airflow/.local/lib/python3.12/site-packages/airflow/example_dags/example_nested_branch_dag.py
[2025-03-27T17:45:28.249+0000] {logging_mixin.py:190} INFO - [2025-03-27T17:45:28.249+0000] {dag.py:3239} INFO - Sync 1 DAGs
[2025-03-27T17:45:28.271+0000] {logging_mixin.py:190} INFO - [2025-03-27T17:45:28.271+0000] {dag.py:4180} INFO - Setting next_dagrun for example_nested_branch_dag to 2025-03-26 00:00:00+00:00, run_after=2025-03-27 00:00:00+00:00
[2025-03-27T17:45:28.287+0000] {processor.py:208} INFO - Processing /home/airflow/.local/lib/python3.12/site-packages/airflow/example_dags/example_nested_branch_dag.py took 0.079 seconds
[2025-03-27T17:45:58.482+0000] {processor.py:186} INFO - Started process (PID=974) to work on /home/airflow/.local/lib/python3.12/site-packages/airflow/example_dags/example_nested_branch_dag.py
[2025-03-27T17:45:58.483+0000] {processor.py:914} INFO - Processing file /home/airflow/.local/lib/python3.12/site-packages/airflow/example_dags/example_nested_branch_dag.py for tasks to queue
[2025-03-27T17:45:58.487+0000] {logging_mixin.py:190} INFO - [2025-03-27T17:45:58.486+0000] {dagbag.py:588} INFO - Filling up the DagBag from /home/airflow/.local/lib/python3.12/site-packages/airflow/example_dags/example_nested_branch_dag.py
[2025-03-27T17:45:58.497+0000] {processor.py:925} INFO - DAG(s) 'example_nested_branch_dag' retrieved from /home/airflow/.local/lib/python3.12/site-packages/airflow/example_dags/example_nested_branch_dag.py
[2025-03-27T17:45:58.520+0000] {logging_mixin.py:190} INFO - [2025-03-27T17:45:58.519+0000] {dag.py:3239} INFO - Sync 1 DAGs
[2025-03-27T17:45:58.551+0000] {logging_mixin.py:190} INFO - [2025-03-27T17:45:58.551+0000] {dag.py:4180} INFO - Setting next_dagrun for example_nested_branch_dag to 2025-03-26 00:00:00+00:00, run_after=2025-03-27 00:00:00+00:00
[2025-03-27T17:45:58.590+0000] {processor.py:208} INFO - Processing /home/airflow/.local/lib/python3.12/site-packages/airflow/example_dags/example_nested_branch_dag.py took 0.114 seconds
[2025-03-27T17:46:29.271+0000] {processor.py:186} INFO - Started process (PID=1045) to work on /home/airflow/.local/lib/python3.12/site-packages/airflow/example_dags/example_nested_branch_dag.py
[2025-03-27T17:46:29.273+0000] {processor.py:914} INFO - Processing file /home/airflow/.local/lib/python3.12/site-packages/airflow/example_dags/example_nested_branch_dag.py for tasks to queue
[2025-03-27T17:46:29.276+0000] {logging_mixin.py:190} INFO - [2025-03-27T17:46:29.275+0000] {dagbag.py:588} INFO - Filling up the DagBag from /home/airflow/.local/lib/python3.12/site-packages/airflow/example_dags/example_nested_branch_dag.py
[2025-03-27T17:46:29.287+0000] {processor.py:925} INFO - DAG(s) 'example_nested_branch_dag' retrieved from /home/airflow/.local/lib/python3.12/site-packages/airflow/example_dags/example_nested_branch_dag.py
[2025-03-27T17:46:29.311+0000] {logging_mixin.py:190} INFO - [2025-03-27T17:46:29.311+0000] {dag.py:3239} INFO - Sync 1 DAGs
[2025-03-27T17:46:29.335+0000] {logging_mixin.py:190} INFO - [2025-03-27T17:46:29.335+0000] {dag.py:4180} INFO - Setting next_dagrun for example_nested_branch_dag to 2025-03-26 00:00:00+00:00, run_after=2025-03-27 00:00:00+00:00
[2025-03-27T17:46:29.359+0000] {processor.py:208} INFO - Processing /home/airflow/.local/lib/python3.12/site-packages/airflow/example_dags/example_nested_branch_dag.py took 0.094 seconds
[2025-03-27T17:47:00.181+0000] {processor.py:186} INFO - Started process (PID=1109) to work on /home/airflow/.local/lib/python3.12/site-packages/airflow/example_dags/example_nested_branch_dag.py
[2025-03-27T17:47:00.183+0000] {processor.py:914} INFO - Processing file /home/airflow/.local/lib/python3.12/site-packages/airflow/example_dags/example_nested_branch_dag.py for tasks to queue
[2025-03-27T17:47:00.185+0000] {logging_mixin.py:190} INFO - [2025-03-27T17:47:00.185+0000] {dagbag.py:588} INFO - Filling up the DagBag from /home/airflow/.local/lib/python3.12/site-packages/airflow/example_dags/example_nested_branch_dag.py
[2025-03-27T17:47:00.196+0000] {processor.py:925} INFO - DAG(s) 'example_nested_branch_dag' retrieved from /home/airflow/.local/lib/python3.12/site-packages/airflow/example_dags/example_nested_branch_dag.py
[2025-03-27T17:47:00.216+0000] {logging_mixin.py:190} INFO - [2025-03-27T17:47:00.216+0000] {dag.py:3239} INFO - Sync 1 DAGs
[2025-03-27T17:47:00.238+0000] {logging_mixin.py:190} INFO - [2025-03-27T17:47:00.238+0000] {dag.py:4180} INFO - Setting next_dagrun for example_nested_branch_dag to 2025-03-26 00:00:00+00:00, run_after=2025-03-27 00:00:00+00:00
[2025-03-27T17:47:00.254+0000] {processor.py:208} INFO - Processing /home/airflow/.local/lib/python3.12/site-packages/airflow/example_dags/example_nested_branch_dag.py took 0.079 seconds
[2025-03-27T17:47:30.582+0000] {processor.py:186} INFO - Started process (PID=1173) to work on /home/airflow/.local/lib/python3.12/site-packages/airflow/example_dags/example_nested_branch_dag.py
[2025-03-27T17:47:30.583+0000] {processor.py:914} INFO - Processing file /home/airflow/.local/lib/python3.12/site-packages/airflow/example_dags/example_nested_branch_dag.py for tasks to queue
[2025-03-27T17:47:30.586+0000] {logging_mixin.py:190} INFO - [2025-03-27T17:47:30.586+0000] {dagbag.py:588} INFO - Filling up the DagBag from /home/airflow/.local/lib/python3.12/site-packages/airflow/example_dags/example_nested_branch_dag.py
[2025-03-27T17:47:30.596+0000] {processor.py:925} INFO - DAG(s) 'example_nested_branch_dag' retrieved from /home/airflow/.local/lib/python3.12/site-packages/airflow/example_dags/example_nested_branch_dag.py
[2025-03-27T17:47:30.616+0000] {logging_mixin.py:190} INFO - [2025-03-27T17:47:30.616+0000] {dag.py:3239} INFO - Sync 1 DAGs
[2025-03-27T17:47:30.645+0000] {logging_mixin.py:190} INFO - [2025-03-27T17:47:30.644+0000] {dag.py:4180} INFO - Setting next_dagrun for example_nested_branch_dag to 2025-03-26 00:00:00+00:00, run_after=2025-03-27 00:00:00+00:00
[2025-03-27T17:47:30.665+0000] {processor.py:208} INFO - Processing /home/airflow/.local/lib/python3.12/site-packages/airflow/example_dags/example_nested_branch_dag.py took 0.088 seconds
[2025-03-27T17:48:00.758+0000] {processor.py:186} INFO - Started process (PID=1237) to work on /home/airflow/.local/lib/python3.12/site-packages/airflow/example_dags/example_nested_branch_dag.py
[2025-03-27T17:48:00.759+0000] {processor.py:914} INFO - Processing file /home/airflow/.local/lib/python3.12/site-packages/airflow/example_dags/example_nested_branch_dag.py for tasks to queue
[2025-03-27T17:48:00.761+0000] {logging_mixin.py:190} INFO - [2025-03-27T17:48:00.761+0000] {dagbag.py:588} INFO - Filling up the DagBag from /home/airflow/.local/lib/python3.12/site-packages/airflow/example_dags/example_nested_branch_dag.py
[2025-03-27T17:48:00.769+0000] {processor.py:925} INFO - DAG(s) 'example_nested_branch_dag' retrieved from /home/airflow/.local/lib/python3.12/site-packages/airflow/example_dags/example_nested_branch_dag.py
[2025-03-27T17:48:00.790+0000] {logging_mixin.py:190} INFO - [2025-03-27T17:48:00.790+0000] {dag.py:3239} INFO - Sync 1 DAGs
[2025-03-27T17:48:00.812+0000] {logging_mixin.py:190} INFO - [2025-03-27T17:48:00.812+0000] {dag.py:4180} INFO - Setting next_dagrun for example_nested_branch_dag to 2025-03-26 00:00:00+00:00, run_after=2025-03-27 00:00:00+00:00
[2025-03-27T17:48:00.827+0000] {processor.py:208} INFO - Processing /home/airflow/.local/lib/python3.12/site-packages/airflow/example_dags/example_nested_branch_dag.py took 0.074 seconds
[2025-03-27T17:48:31.624+0000] {processor.py:186} INFO - Started process (PID=1301) to work on /home/airflow/.local/lib/python3.12/site-packages/airflow/example_dags/example_nested_branch_dag.py
[2025-03-27T17:48:31.625+0000] {processor.py:914} INFO - Processing file /home/airflow/.local/lib/python3.12/site-packages/airflow/example_dags/example_nested_branch_dag.py for tasks to queue
[2025-03-27T17:48:31.628+0000] {logging_mixin.py:190} INFO - [2025-03-27T17:48:31.627+0000] {dagbag.py:588} INFO - Filling up the DagBag from /home/airflow/.local/lib/python3.12/site-packages/airflow/example_dags/example_nested_branch_dag.py
[2025-03-27T17:48:31.638+0000] {processor.py:925} INFO - DAG(s) 'example_nested_branch_dag' retrieved from /home/airflow/.local/lib/python3.12/site-packages/airflow/example_dags/example_nested_branch_dag.py
[2025-03-27T17:48:31.659+0000] {logging_mixin.py:190} INFO - [2025-03-27T17:48:31.658+0000] {dag.py:3239} INFO - Sync 1 DAGs
[2025-03-27T17:48:31.678+0000] {logging_mixin.py:190} INFO - [2025-03-27T17:48:31.678+0000] {dag.py:4180} INFO - Setting next_dagrun for example_nested_branch_dag to 2025-03-26 00:00:00+00:00, run_after=2025-03-27 00:00:00+00:00
[2025-03-27T17:48:31.693+0000] {processor.py:208} INFO - Processing /home/airflow/.local/lib/python3.12/site-packages/airflow/example_dags/example_nested_branch_dag.py took 0.076 seconds
[2025-03-27T17:49:01.784+0000] {processor.py:186} INFO - Started process (PID=1365) to work on /home/airflow/.local/lib/python3.12/site-packages/airflow/example_dags/example_nested_branch_dag.py
[2025-03-27T17:49:01.785+0000] {processor.py:914} INFO - Processing file /home/airflow/.local/lib/python3.12/site-packages/airflow/example_dags/example_nested_branch_dag.py for tasks to queue
[2025-03-27T17:49:01.787+0000] {logging_mixin.py:190} INFO - [2025-03-27T17:49:01.787+0000] {dagbag.py:588} INFO - Filling up the DagBag from /home/airflow/.local/lib/python3.12/site-packages/airflow/example_dags/example_nested_branch_dag.py
[2025-03-27T17:49:01.799+0000] {processor.py:925} INFO - DAG(s) 'example_nested_branch_dag' retrieved from /home/airflow/.local/lib/python3.12/site-packages/airflow/example_dags/example_nested_branch_dag.py
[2025-03-27T17:49:01.821+0000] {logging_mixin.py:190} INFO - [2025-03-27T17:49:01.821+0000] {dag.py:3239} INFO - Sync 1 DAGs
[2025-03-27T17:49:01.846+0000] {logging_mixin.py:190} INFO - [2025-03-27T17:49:01.845+0000] {dag.py:4180} INFO - Setting next_dagrun for example_nested_branch_dag to 2025-03-26 00:00:00+00:00, run_after=2025-03-27 00:00:00+00:00
[2025-03-27T17:49:01.875+0000] {processor.py:208} INFO - Processing /home/airflow/.local/lib/python3.12/site-packages/airflow/example_dags/example_nested_branch_dag.py took 0.097 seconds
[2025-03-27T17:49:32.621+0000] {processor.py:186} INFO - Started process (PID=1429) to work on /home/airflow/.local/lib/python3.12/site-packages/airflow/example_dags/example_nested_branch_dag.py
[2025-03-27T17:49:32.622+0000] {processor.py:914} INFO - Processing file /home/airflow/.local/lib/python3.12/site-packages/airflow/example_dags/example_nested_branch_dag.py for tasks to queue
[2025-03-27T17:49:32.625+0000] {logging_mixin.py:190} INFO - [2025-03-27T17:49:32.624+0000] {dagbag.py:588} INFO - Filling up the DagBag from /home/airflow/.local/lib/python3.12/site-packages/airflow/example_dags/example_nested_branch_dag.py
[2025-03-27T17:49:32.634+0000] {processor.py:925} INFO - DAG(s) 'example_nested_branch_dag' retrieved from /home/airflow/.local/lib/python3.12/site-packages/airflow/example_dags/example_nested_branch_dag.py
[2025-03-27T17:49:32.653+0000] {logging_mixin.py:190} INFO - [2025-03-27T17:49:32.653+0000] {dag.py:3239} INFO - Sync 1 DAGs
[2025-03-27T17:49:32.676+0000] {logging_mixin.py:190} INFO - [2025-03-27T17:49:32.676+0000] {dag.py:4180} INFO - Setting next_dagrun for example_nested_branch_dag to 2025-03-26 00:00:00+00:00, run_after=2025-03-27 00:00:00+00:00
[2025-03-27T17:49:32.692+0000] {processor.py:208} INFO - Processing /home/airflow/.local/lib/python3.12/site-packages/airflow/example_dags/example_nested_branch_dag.py took 0.076 seconds
[2025-03-27T17:50:03.084+0000] {processor.py:186} INFO - Started process (PID=1493) to work on /home/airflow/.local/lib/python3.12/site-packages/airflow/example_dags/example_nested_branch_dag.py
[2025-03-27T17:50:03.085+0000] {processor.py:914} INFO - Processing file /home/airflow/.local/lib/python3.12/site-packages/airflow/example_dags/example_nested_branch_dag.py for tasks to queue
[2025-03-27T17:50:03.088+0000] {logging_mixin.py:190} INFO - [2025-03-27T17:50:03.088+0000] {dagbag.py:588} INFO - Filling up the DagBag from /home/airflow/.local/lib/python3.12/site-packages/airflow/example_dags/example_nested_branch_dag.py
[2025-03-27T17:50:03.100+0000] {processor.py:925} INFO - DAG(s) 'example_nested_branch_dag' retrieved from /home/airflow/.local/lib/python3.12/site-packages/airflow/example_dags/example_nested_branch_dag.py
[2025-03-27T17:50:03.121+0000] {logging_mixin.py:190} INFO - [2025-03-27T17:50:03.121+0000] {dag.py:3239} INFO - Sync 1 DAGs
[2025-03-27T17:50:03.144+0000] {logging_mixin.py:190} INFO - [2025-03-27T17:50:03.144+0000] {dag.py:4180} INFO - Setting next_dagrun for example_nested_branch_dag to 2025-03-26 00:00:00+00:00, run_after=2025-03-27 00:00:00+00:00
[2025-03-27T17:50:03.161+0000] {processor.py:208} INFO - Processing /home/airflow/.local/lib/python3.12/site-packages/airflow/example_dags/example_nested_branch_dag.py took 0.084 seconds
[2025-03-27T17:50:33.349+0000] {processor.py:186} INFO - Started process (PID=1557) to work on /home/airflow/.local/lib/python3.12/site-packages/airflow/example_dags/example_nested_branch_dag.py
[2025-03-27T17:50:33.350+0000] {processor.py:914} INFO - Processing file /home/airflow/.local/lib/python3.12/site-packages/airflow/example_dags/example_nested_branch_dag.py for tasks to queue
[2025-03-27T17:50:33.352+0000] {logging_mixin.py:190} INFO - [2025-03-27T17:50:33.352+0000] {dagbag.py:588} INFO - Filling up the DagBag from /home/airflow/.local/lib/python3.12/site-packages/airflow/example_dags/example_nested_branch_dag.py
[2025-03-27T17:50:33.361+0000] {processor.py:925} INFO - DAG(s) 'example_nested_branch_dag' retrieved from /home/airflow/.local/lib/python3.12/site-packages/airflow/example_dags/example_nested_branch_dag.py
[2025-03-27T17:50:33.379+0000] {logging_mixin.py:190} INFO - [2025-03-27T17:50:33.378+0000] {dag.py:3239} INFO - Sync 1 DAGs
[2025-03-27T17:50:33.398+0000] {logging_mixin.py:190} INFO - [2025-03-27T17:50:33.398+0000] {dag.py:4180} INFO - Setting next_dagrun for example_nested_branch_dag to 2025-03-26 00:00:00+00:00, run_after=2025-03-27 00:00:00+00:00
[2025-03-27T17:50:33.411+0000] {processor.py:208} INFO - Processing /home/airflow/.local/lib/python3.12/site-packages/airflow/example_dags/example_nested_branch_dag.py took 0.067 seconds
[2025-03-27T17:51:03.701+0000] {processor.py:186} INFO - Started process (PID=1621) to work on /home/airflow/.local/lib/python3.12/site-packages/airflow/example_dags/example_nested_branch_dag.py
[2025-03-27T17:51:03.702+0000] {processor.py:914} INFO - Processing file /home/airflow/.local/lib/python3.12/site-packages/airflow/example_dags/example_nested_branch_dag.py for tasks to queue
[2025-03-27T17:51:03.705+0000] {logging_mixin.py:190} INFO - [2025-03-27T17:51:03.704+0000] {dagbag.py:588} INFO - Filling up the DagBag from /home/airflow/.local/lib/python3.12/site-packages/airflow/example_dags/example_nested_branch_dag.py
[2025-03-27T17:51:03.717+0000] {processor.py:925} INFO - DAG(s) 'example_nested_branch_dag' retrieved from /home/airflow/.local/lib/python3.12/site-packages/airflow/example_dags/example_nested_branch_dag.py
[2025-03-27T17:51:03.739+0000] {logging_mixin.py:190} INFO - [2025-03-27T17:51:03.739+0000] {dag.py:3239} INFO - Sync 1 DAGs
[2025-03-27T17:51:03.762+0000] {logging_mixin.py:190} INFO - [2025-03-27T17:51:03.762+0000] {dag.py:4180} INFO - Setting next_dagrun for example_nested_branch_dag to 2025-03-26 00:00:00+00:00, run_after=2025-03-27 00:00:00+00:00
[2025-03-27T17:51:03.779+0000] {processor.py:208} INFO - Processing /home/airflow/.local/lib/python3.12/site-packages/airflow/example_dags/example_nested_branch_dag.py took 0.083 seconds
[2025-03-27T17:51:33.884+0000] {processor.py:186} INFO - Started process (PID=1685) to work on /home/airflow/.local/lib/python3.12/site-packages/airflow/example_dags/example_nested_branch_dag.py
[2025-03-27T17:51:33.885+0000] {processor.py:914} INFO - Processing file /home/airflow/.local/lib/python3.12/site-packages/airflow/example_dags/example_nested_branch_dag.py for tasks to queue
[2025-03-27T17:51:33.887+0000] {logging_mixin.py:190} INFO - [2025-03-27T17:51:33.887+0000] {dagbag.py:588} INFO - Filling up the DagBag from /home/airflow/.local/lib/python3.12/site-packages/airflow/example_dags/example_nested_branch_dag.py
[2025-03-27T17:51:33.897+0000] {processor.py:925} INFO - DAG(s) 'example_nested_branch_dag' retrieved from /home/airflow/.local/lib/python3.12/site-packages/airflow/example_dags/example_nested_branch_dag.py
[2025-03-27T17:51:33.920+0000] {logging_mixin.py:190} INFO - [2025-03-27T17:51:33.920+0000] {dag.py:3239} INFO - Sync 1 DAGs
[2025-03-27T17:51:33.944+0000] {logging_mixin.py:190} INFO - [2025-03-27T17:51:33.943+0000] {dag.py:4180} INFO - Setting next_dagrun for example_nested_branch_dag to 2025-03-26 00:00:00+00:00, run_after=2025-03-27 00:00:00+00:00
[2025-03-27T17:51:33.964+0000] {processor.py:208} INFO - Processing /home/airflow/.local/lib/python3.12/site-packages/airflow/example_dags/example_nested_branch_dag.py took 0.085 seconds
[2025-03-27T17:52:04.722+0000] {processor.py:186} INFO - Started process (PID=1756) to work on /home/airflow/.local/lib/python3.12/site-packages/airflow/example_dags/example_nested_branch_dag.py
[2025-03-27T17:52:04.723+0000] {processor.py:914} INFO - Processing file /home/airflow/.local/lib/python3.12/site-packages/airflow/example_dags/example_nested_branch_dag.py for tasks to queue
[2025-03-27T17:52:04.725+0000] {logging_mixin.py:190} INFO - [2025-03-27T17:52:04.725+0000] {dagbag.py:588} INFO - Filling up the DagBag from /home/airflow/.local/lib/python3.12/site-packages/airflow/example_dags/example_nested_branch_dag.py
[2025-03-27T17:52:04.736+0000] {processor.py:925} INFO - DAG(s) 'example_nested_branch_dag' retrieved from /home/airflow/.local/lib/python3.12/site-packages/airflow/example_dags/example_nested_branch_dag.py
[2025-03-27T17:52:04.759+0000] {logging_mixin.py:190} INFO - [2025-03-27T17:52:04.759+0000] {dag.py:3239} INFO - Sync 1 DAGs
[2025-03-27T17:52:04.785+0000] {logging_mixin.py:190} INFO - [2025-03-27T17:52:04.785+0000] {dag.py:4180} INFO - Setting next_dagrun for example_nested_branch_dag to 2025-03-26 00:00:00+00:00, run_after=2025-03-27 00:00:00+00:00
[2025-03-27T17:52:04.806+0000] {processor.py:208} INFO - Processing /home/airflow/.local/lib/python3.12/site-packages/airflow/example_dags/example_nested_branch_dag.py took 0.090 seconds
[2025-03-27T17:52:34.888+0000] {processor.py:186} INFO - Started process (PID=1820) to work on /home/airflow/.local/lib/python3.12/site-packages/airflow/example_dags/example_nested_branch_dag.py
[2025-03-27T17:52:34.889+0000] {processor.py:914} INFO - Processing file /home/airflow/.local/lib/python3.12/site-packages/airflow/example_dags/example_nested_branch_dag.py for tasks to queue
[2025-03-27T17:52:34.892+0000] {logging_mixin.py:190} INFO - [2025-03-27T17:52:34.891+0000] {dagbag.py:588} INFO - Filling up the DagBag from /home/airflow/.local/lib/python3.12/site-packages/airflow/example_dags/example_nested_branch_dag.py
[2025-03-27T17:52:34.906+0000] {processor.py:925} INFO - DAG(s) 'example_nested_branch_dag' retrieved from /home/airflow/.local/lib/python3.12/site-packages/airflow/example_dags/example_nested_branch_dag.py
[2025-03-27T17:52:34.930+0000] {logging_mixin.py:190} INFO - [2025-03-27T17:52:34.929+0000] {dag.py:3239} INFO - Sync 1 DAGs
[2025-03-27T17:52:34.957+0000] {logging_mixin.py:190} INFO - [2025-03-27T17:52:34.957+0000] {dag.py:4180} INFO - Setting next_dagrun for example_nested_branch_dag to 2025-03-26 00:00:00+00:00, run_after=2025-03-27 00:00:00+00:00
[2025-03-27T17:52:34.981+0000] {processor.py:208} INFO - Processing /home/airflow/.local/lib/python3.12/site-packages/airflow/example_dags/example_nested_branch_dag.py took 0.100 seconds
