[2025-03-27T17:38:54.063+0000] {processor.py:186} INFO - Started process (PID=96) to work on /home/airflow/.local/lib/python3.12/site-packages/airflow/example_dags/example_sensors.py
[2025-03-27T17:38:54.065+0000] {processor.py:914} INFO - Processing file /home/airflow/.local/lib/python3.12/site-packages/airflow/example_dags/example_sensors.py for tasks to queue
[2025-03-27T17:38:54.069+0000] {logging_mixin.py:190} INFO - [2025-03-27T17:38:54.068+0000] {dagbag.py:588} INFO - Filling up the DagBag from /home/airflow/.local/lib/python3.12/site-packages/airflow/example_dags/example_sensors.py
[2025-03-27T17:38:54.089+0000] {processor.py:925} INFO - DAG(s) 'example_sensors' retrieved from /home/airflow/.local/lib/python3.12/site-packages/airflow/example_dags/example_sensors.py
[2025-03-27T17:38:54.135+0000] {logging_mixin.py:190} INFO - [2025-03-27T17:38:54.135+0000] {dag.py:3239} INFO - Sync 1 DAGs
[2025-03-27T17:38:54.158+0000] {logging_mixin.py:190} INFO - [2025-03-27T17:38:54.158+0000] {dag.py:4180} INFO - Setting next_dagrun for example_sensors to None, run_after=None
[2025-03-27T17:38:54.182+0000] {processor.py:208} INFO - Processing /home/airflow/.local/lib/python3.12/site-packages/airflow/example_dags/example_sensors.py took 0.128 seconds
[2025-03-27T17:39:24.490+0000] {processor.py:186} INFO - Started process (PID=159) to work on /home/airflow/.local/lib/python3.12/site-packages/airflow/example_dags/example_sensors.py
[2025-03-27T17:39:24.491+0000] {processor.py:914} INFO - Processing file /home/airflow/.local/lib/python3.12/site-packages/airflow/example_dags/example_sensors.py for tasks to queue
[2025-03-27T17:39:24.493+0000] {logging_mixin.py:190} INFO - [2025-03-27T17:39:24.493+0000] {dagbag.py:588} INFO - Filling up the DagBag from /home/airflow/.local/lib/python3.12/site-packages/airflow/example_dags/example_sensors.py
[2025-03-27T17:39:24.503+0000] {processor.py:925} INFO - DAG(s) 'example_sensors' retrieved from /home/airflow/.local/lib/python3.12/site-packages/airflow/example_dags/example_sensors.py
[2025-03-27T17:39:24.530+0000] {logging_mixin.py:190} INFO - [2025-03-27T17:39:24.530+0000] {dag.py:3239} INFO - Sync 1 DAGs
[2025-03-27T17:39:24.544+0000] {logging_mixin.py:190} INFO - [2025-03-27T17:39:24.544+0000] {dag.py:4180} INFO - Setting next_dagrun for example_sensors to None, run_after=None
[2025-03-27T17:39:24.563+0000] {processor.py:208} INFO - Processing /home/airflow/.local/lib/python3.12/site-packages/airflow/example_dags/example_sensors.py took 0.078 seconds
[2025-03-27T17:39:56.040+0000] {processor.py:186} INFO - Started process (PID=223) to work on /home/airflow/.local/lib/python3.12/site-packages/airflow/example_dags/example_sensors.py
[2025-03-27T17:39:56.041+0000] {processor.py:914} INFO - Processing file /home/airflow/.local/lib/python3.12/site-packages/airflow/example_dags/example_sensors.py for tasks to queue
[2025-03-27T17:39:56.044+0000] {logging_mixin.py:190} INFO - [2025-03-27T17:39:56.043+0000] {dagbag.py:588} INFO - Filling up the DagBag from /home/airflow/.local/lib/python3.12/site-packages/airflow/example_dags/example_sensors.py
[2025-03-27T17:39:56.055+0000] {processor.py:925} INFO - DAG(s) 'example_sensors' retrieved from /home/airflow/.local/lib/python3.12/site-packages/airflow/example_dags/example_sensors.py
[2025-03-27T17:39:56.082+0000] {logging_mixin.py:190} INFO - [2025-03-27T17:39:56.082+0000] {dag.py:3239} INFO - Sync 1 DAGs
[2025-03-27T17:39:56.095+0000] {logging_mixin.py:190} INFO - [2025-03-27T17:39:56.095+0000] {dag.py:4180} INFO - Setting next_dagrun for example_sensors to None, run_after=None
[2025-03-27T17:39:56.112+0000] {processor.py:208} INFO - Processing /home/airflow/.local/lib/python3.12/site-packages/airflow/example_dags/example_sensors.py took 0.079 seconds
[2025-03-27T17:40:27.308+0000] {processor.py:186} INFO - Started process (PID=287) to work on /home/airflow/.local/lib/python3.12/site-packages/airflow/example_dags/example_sensors.py
[2025-03-27T17:40:27.309+0000] {processor.py:914} INFO - Processing file /home/airflow/.local/lib/python3.12/site-packages/airflow/example_dags/example_sensors.py for tasks to queue
[2025-03-27T17:40:27.312+0000] {logging_mixin.py:190} INFO - [2025-03-27T17:40:27.312+0000] {dagbag.py:588} INFO - Filling up the DagBag from /home/airflow/.local/lib/python3.12/site-packages/airflow/example_dags/example_sensors.py
[2025-03-27T17:40:27.323+0000] {processor.py:925} INFO - DAG(s) 'example_sensors' retrieved from /home/airflow/.local/lib/python3.12/site-packages/airflow/example_dags/example_sensors.py
[2025-03-27T17:40:27.352+0000] {logging_mixin.py:190} INFO - [2025-03-27T17:40:27.352+0000] {dag.py:3239} INFO - Sync 1 DAGs
[2025-03-27T17:40:27.368+0000] {logging_mixin.py:190} INFO - [2025-03-27T17:40:27.367+0000] {dag.py:4180} INFO - Setting next_dagrun for example_sensors to None, run_after=None
[2025-03-27T17:40:27.384+0000] {processor.py:208} INFO - Processing /home/airflow/.local/lib/python3.12/site-packages/airflow/example_dags/example_sensors.py took 0.084 seconds
[2025-03-27T17:40:58.684+0000] {processor.py:186} INFO - Started process (PID=351) to work on /home/airflow/.local/lib/python3.12/site-packages/airflow/example_dags/example_sensors.py
[2025-03-27T17:40:58.685+0000] {processor.py:914} INFO - Processing file /home/airflow/.local/lib/python3.12/site-packages/airflow/example_dags/example_sensors.py for tasks to queue
[2025-03-27T17:40:58.687+0000] {logging_mixin.py:190} INFO - [2025-03-27T17:40:58.687+0000] {dagbag.py:588} INFO - Filling up the DagBag from /home/airflow/.local/lib/python3.12/site-packages/airflow/example_dags/example_sensors.py
[2025-03-27T17:40:58.697+0000] {processor.py:925} INFO - DAG(s) 'example_sensors' retrieved from /home/airflow/.local/lib/python3.12/site-packages/airflow/example_dags/example_sensors.py
[2025-03-27T17:40:58.725+0000] {logging_mixin.py:190} INFO - [2025-03-27T17:40:58.724+0000] {dag.py:3239} INFO - Sync 1 DAGs
[2025-03-27T17:40:58.740+0000] {logging_mixin.py:190} INFO - [2025-03-27T17:40:58.740+0000] {dag.py:4180} INFO - Setting next_dagrun for example_sensors to None, run_after=None
[2025-03-27T17:40:58.757+0000] {processor.py:208} INFO - Processing /home/airflow/.local/lib/python3.12/site-packages/airflow/example_dags/example_sensors.py took 0.078 seconds
[2025-03-27T17:41:29.961+0000] {processor.py:186} INFO - Started process (PID=415) to work on /home/airflow/.local/lib/python3.12/site-packages/airflow/example_dags/example_sensors.py
[2025-03-27T17:41:29.962+0000] {processor.py:914} INFO - Processing file /home/airflow/.local/lib/python3.12/site-packages/airflow/example_dags/example_sensors.py for tasks to queue
[2025-03-27T17:41:29.965+0000] {logging_mixin.py:190} INFO - [2025-03-27T17:41:29.965+0000] {dagbag.py:588} INFO - Filling up the DagBag from /home/airflow/.local/lib/python3.12/site-packages/airflow/example_dags/example_sensors.py
[2025-03-27T17:41:29.975+0000] {processor.py:925} INFO - DAG(s) 'example_sensors' retrieved from /home/airflow/.local/lib/python3.12/site-packages/airflow/example_dags/example_sensors.py
[2025-03-27T17:41:29.997+0000] {logging_mixin.py:190} INFO - [2025-03-27T17:41:29.997+0000] {dag.py:3239} INFO - Sync 1 DAGs
[2025-03-27T17:41:30.008+0000] {logging_mixin.py:190} INFO - [2025-03-27T17:41:30.008+0000] {dag.py:4180} INFO - Setting next_dagrun for example_sensors to None, run_after=None
[2025-03-27T17:41:30.021+0000] {processor.py:208} INFO - Processing /home/airflow/.local/lib/python3.12/site-packages/airflow/example_dags/example_sensors.py took 0.068 seconds
[2025-03-27T17:42:01.477+0000] {processor.py:186} INFO - Started process (PID=479) to work on /home/airflow/.local/lib/python3.12/site-packages/airflow/example_dags/example_sensors.py
[2025-03-27T17:42:01.477+0000] {processor.py:914} INFO - Processing file /home/airflow/.local/lib/python3.12/site-packages/airflow/example_dags/example_sensors.py for tasks to queue
[2025-03-27T17:42:01.479+0000] {logging_mixin.py:190} INFO - [2025-03-27T17:42:01.479+0000] {dagbag.py:588} INFO - Filling up the DagBag from /home/airflow/.local/lib/python3.12/site-packages/airflow/example_dags/example_sensors.py
[2025-03-27T17:42:01.490+0000] {processor.py:925} INFO - DAG(s) 'example_sensors' retrieved from /home/airflow/.local/lib/python3.12/site-packages/airflow/example_dags/example_sensors.py
[2025-03-27T17:42:01.518+0000] {logging_mixin.py:190} INFO - [2025-03-27T17:42:01.518+0000] {dag.py:3239} INFO - Sync 1 DAGs
[2025-03-27T17:42:01.534+0000] {logging_mixin.py:190} INFO - [2025-03-27T17:42:01.534+0000] {dag.py:4180} INFO - Setting next_dagrun for example_sensors to None, run_after=None
[2025-03-27T17:42:01.554+0000] {processor.py:208} INFO - Processing /home/airflow/.local/lib/python3.12/site-packages/airflow/example_dags/example_sensors.py took 0.083 seconds
[2025-03-27T17:42:32.758+0000] {processor.py:186} INFO - Started process (PID=543) to work on /home/airflow/.local/lib/python3.12/site-packages/airflow/example_dags/example_sensors.py
[2025-03-27T17:42:32.759+0000] {processor.py:914} INFO - Processing file /home/airflow/.local/lib/python3.12/site-packages/airflow/example_dags/example_sensors.py for tasks to queue
[2025-03-27T17:42:32.761+0000] {logging_mixin.py:190} INFO - [2025-03-27T17:42:32.761+0000] {dagbag.py:588} INFO - Filling up the DagBag from /home/airflow/.local/lib/python3.12/site-packages/airflow/example_dags/example_sensors.py
[2025-03-27T17:42:32.770+0000] {processor.py:925} INFO - DAG(s) 'example_sensors' retrieved from /home/airflow/.local/lib/python3.12/site-packages/airflow/example_dags/example_sensors.py
[2025-03-27T17:42:32.798+0000] {logging_mixin.py:190} INFO - [2025-03-27T17:42:32.798+0000] {dag.py:3239} INFO - Sync 1 DAGs
[2025-03-27T17:42:32.811+0000] {logging_mixin.py:190} INFO - [2025-03-27T17:42:32.811+0000] {dag.py:4180} INFO - Setting next_dagrun for example_sensors to None, run_after=None
[2025-03-27T17:42:32.828+0000] {processor.py:208} INFO - Processing /home/airflow/.local/lib/python3.12/site-packages/airflow/example_dags/example_sensors.py took 0.075 seconds
[2025-03-27T17:43:03.698+0000] {processor.py:186} INFO - Started process (PID=608) to work on /home/airflow/.local/lib/python3.12/site-packages/airflow/example_dags/example_sensors.py
[2025-03-27T17:43:03.699+0000] {processor.py:914} INFO - Processing file /home/airflow/.local/lib/python3.12/site-packages/airflow/example_dags/example_sensors.py for tasks to queue
[2025-03-27T17:43:03.701+0000] {logging_mixin.py:190} INFO - [2025-03-27T17:43:03.701+0000] {dagbag.py:588} INFO - Filling up the DagBag from /home/airflow/.local/lib/python3.12/site-packages/airflow/example_dags/example_sensors.py
[2025-03-27T17:43:03.710+0000] {processor.py:925} INFO - DAG(s) 'example_sensors' retrieved from /home/airflow/.local/lib/python3.12/site-packages/airflow/example_dags/example_sensors.py
[2025-03-27T17:43:03.735+0000] {logging_mixin.py:190} INFO - [2025-03-27T17:43:03.734+0000] {dag.py:3239} INFO - Sync 1 DAGs
[2025-03-27T17:43:03.746+0000] {logging_mixin.py:190} INFO - [2025-03-27T17:43:03.746+0000] {dag.py:4180} INFO - Setting next_dagrun for example_sensors to None, run_after=None
[2025-03-27T17:43:03.763+0000] {processor.py:208} INFO - Processing /home/airflow/.local/lib/python3.12/site-packages/airflow/example_dags/example_sensors.py took 0.070 seconds
[2025-03-27T17:43:34.735+0000] {processor.py:186} INFO - Started process (PID=673) to work on /home/airflow/.local/lib/python3.12/site-packages/airflow/example_dags/example_sensors.py
[2025-03-27T17:43:34.737+0000] {processor.py:914} INFO - Processing file /home/airflow/.local/lib/python3.12/site-packages/airflow/example_dags/example_sensors.py for tasks to queue
[2025-03-27T17:43:34.742+0000] {logging_mixin.py:190} INFO - [2025-03-27T17:43:34.741+0000] {dagbag.py:588} INFO - Filling up the DagBag from /home/airflow/.local/lib/python3.12/site-packages/airflow/example_dags/example_sensors.py
[2025-03-27T17:43:34.759+0000] {processor.py:925} INFO - DAG(s) 'example_sensors' retrieved from /home/airflow/.local/lib/python3.12/site-packages/airflow/example_dags/example_sensors.py
[2025-03-27T17:43:34.802+0000] {logging_mixin.py:190} INFO - [2025-03-27T17:43:34.802+0000] {dag.py:3239} INFO - Sync 1 DAGs
[2025-03-27T17:43:34.831+0000] {logging_mixin.py:190} INFO - [2025-03-27T17:43:34.831+0000] {dag.py:4180} INFO - Setting next_dagrun for example_sensors to None, run_after=None
[2025-03-27T17:43:34.859+0000] {processor.py:208} INFO - Processing /home/airflow/.local/lib/python3.12/site-packages/airflow/example_dags/example_sensors.py took 0.136 seconds
[2025-03-27T17:44:05.169+0000] {processor.py:186} INFO - Started process (PID=736) to work on /home/airflow/.local/lib/python3.12/site-packages/airflow/example_dags/example_sensors.py
[2025-03-27T17:44:05.170+0000] {processor.py:914} INFO - Processing file /home/airflow/.local/lib/python3.12/site-packages/airflow/example_dags/example_sensors.py for tasks to queue
[2025-03-27T17:44:05.171+0000] {logging_mixin.py:190} INFO - [2025-03-27T17:44:05.171+0000] {dagbag.py:588} INFO - Filling up the DagBag from /home/airflow/.local/lib/python3.12/site-packages/airflow/example_dags/example_sensors.py
[2025-03-27T17:44:05.180+0000] {processor.py:925} INFO - DAG(s) 'example_sensors' retrieved from /home/airflow/.local/lib/python3.12/site-packages/airflow/example_dags/example_sensors.py
[2025-03-27T17:44:05.208+0000] {logging_mixin.py:190} INFO - [2025-03-27T17:44:05.208+0000] {dag.py:3239} INFO - Sync 1 DAGs
[2025-03-27T17:44:05.222+0000] {logging_mixin.py:190} INFO - [2025-03-27T17:44:05.221+0000] {dag.py:4180} INFO - Setting next_dagrun for example_sensors to None, run_after=None
[2025-03-27T17:44:05.242+0000] {processor.py:208} INFO - Processing /home/airflow/.local/lib/python3.12/site-packages/airflow/example_dags/example_sensors.py took 0.078 seconds
[2025-03-27T17:44:35.632+0000] {processor.py:186} INFO - Started process (PID=807) to work on /home/airflow/.local/lib/python3.12/site-packages/airflow/example_dags/example_sensors.py
[2025-03-27T17:44:35.633+0000] {processor.py:914} INFO - Processing file /home/airflow/.local/lib/python3.12/site-packages/airflow/example_dags/example_sensors.py for tasks to queue
[2025-03-27T17:44:35.635+0000] {logging_mixin.py:190} INFO - [2025-03-27T17:44:35.634+0000] {dagbag.py:588} INFO - Filling up the DagBag from /home/airflow/.local/lib/python3.12/site-packages/airflow/example_dags/example_sensors.py
[2025-03-27T17:44:35.646+0000] {processor.py:925} INFO - DAG(s) 'example_sensors' retrieved from /home/airflow/.local/lib/python3.12/site-packages/airflow/example_dags/example_sensors.py
[2025-03-27T17:44:35.678+0000] {logging_mixin.py:190} INFO - [2025-03-27T17:44:35.678+0000] {dag.py:3239} INFO - Sync 1 DAGs
[2025-03-27T17:44:35.694+0000] {logging_mixin.py:190} INFO - [2025-03-27T17:44:35.694+0000] {dag.py:4180} INFO - Setting next_dagrun for example_sensors to None, run_after=None
[2025-03-27T17:44:35.715+0000] {processor.py:208} INFO - Processing /home/airflow/.local/lib/python3.12/site-packages/airflow/example_dags/example_sensors.py took 0.088 seconds
[2025-03-27T17:45:06.325+0000] {processor.py:186} INFO - Started process (PID=871) to work on /home/airflow/.local/lib/python3.12/site-packages/airflow/example_dags/example_sensors.py
[2025-03-27T17:45:06.326+0000] {processor.py:914} INFO - Processing file /home/airflow/.local/lib/python3.12/site-packages/airflow/example_dags/example_sensors.py for tasks to queue
[2025-03-27T17:45:06.329+0000] {logging_mixin.py:190} INFO - [2025-03-27T17:45:06.329+0000] {dagbag.py:588} INFO - Filling up the DagBag from /home/airflow/.local/lib/python3.12/site-packages/airflow/example_dags/example_sensors.py
[2025-03-27T17:45:06.344+0000] {processor.py:925} INFO - DAG(s) 'example_sensors' retrieved from /home/airflow/.local/lib/python3.12/site-packages/airflow/example_dags/example_sensors.py
[2025-03-27T17:45:06.371+0000] {logging_mixin.py:190} INFO - [2025-03-27T17:45:06.371+0000] {dag.py:3239} INFO - Sync 1 DAGs
[2025-03-27T17:45:06.384+0000] {logging_mixin.py:190} INFO - [2025-03-27T17:45:06.383+0000] {dag.py:4180} INFO - Setting next_dagrun for example_sensors to None, run_after=None
[2025-03-27T17:45:06.403+0000] {processor.py:208} INFO - Processing /home/airflow/.local/lib/python3.12/site-packages/airflow/example_dags/example_sensors.py took 0.085 seconds
[2025-03-27T17:45:36.496+0000] {processor.py:186} INFO - Started process (PID=934) to work on /home/airflow/.local/lib/python3.12/site-packages/airflow/example_dags/example_sensors.py
[2025-03-27T17:45:36.497+0000] {processor.py:914} INFO - Processing file /home/airflow/.local/lib/python3.12/site-packages/airflow/example_dags/example_sensors.py for tasks to queue
[2025-03-27T17:45:36.498+0000] {logging_mixin.py:190} INFO - [2025-03-27T17:45:36.498+0000] {dagbag.py:588} INFO - Filling up the DagBag from /home/airflow/.local/lib/python3.12/site-packages/airflow/example_dags/example_sensors.py
[2025-03-27T17:45:36.507+0000] {processor.py:925} INFO - DAG(s) 'example_sensors' retrieved from /home/airflow/.local/lib/python3.12/site-packages/airflow/example_dags/example_sensors.py
[2025-03-27T17:45:36.535+0000] {logging_mixin.py:190} INFO - [2025-03-27T17:45:36.535+0000] {dag.py:3239} INFO - Sync 1 DAGs
[2025-03-27T17:45:36.547+0000] {logging_mixin.py:190} INFO - [2025-03-27T17:45:36.547+0000] {dag.py:4180} INFO - Setting next_dagrun for example_sensors to None, run_after=None
[2025-03-27T17:45:36.560+0000] {processor.py:208} INFO - Processing /home/airflow/.local/lib/python3.12/site-packages/airflow/example_dags/example_sensors.py took 0.069 seconds
[2025-03-27T17:46:06.923+0000] {processor.py:186} INFO - Started process (PID=998) to work on /home/airflow/.local/lib/python3.12/site-packages/airflow/example_dags/example_sensors.py
[2025-03-27T17:46:06.924+0000] {processor.py:914} INFO - Processing file /home/airflow/.local/lib/python3.12/site-packages/airflow/example_dags/example_sensors.py for tasks to queue
[2025-03-27T17:46:06.926+0000] {logging_mixin.py:190} INFO - [2025-03-27T17:46:06.926+0000] {dagbag.py:588} INFO - Filling up the DagBag from /home/airflow/.local/lib/python3.12/site-packages/airflow/example_dags/example_sensors.py
[2025-03-27T17:46:06.935+0000] {processor.py:925} INFO - DAG(s) 'example_sensors' retrieved from /home/airflow/.local/lib/python3.12/site-packages/airflow/example_dags/example_sensors.py
[2025-03-27T17:46:06.956+0000] {logging_mixin.py:190} INFO - [2025-03-27T17:46:06.956+0000] {dag.py:3239} INFO - Sync 1 DAGs
[2025-03-27T17:46:06.968+0000] {logging_mixin.py:190} INFO - [2025-03-27T17:46:06.968+0000] {dag.py:4180} INFO - Setting next_dagrun for example_sensors to None, run_after=None
[2025-03-27T17:46:06.982+0000] {processor.py:208} INFO - Processing /home/airflow/.local/lib/python3.12/site-packages/airflow/example_dags/example_sensors.py took 0.064 seconds
[2025-03-27T17:46:37.652+0000] {processor.py:186} INFO - Started process (PID=1062) to work on /home/airflow/.local/lib/python3.12/site-packages/airflow/example_dags/example_sensors.py
[2025-03-27T17:46:37.653+0000] {processor.py:914} INFO - Processing file /home/airflow/.local/lib/python3.12/site-packages/airflow/example_dags/example_sensors.py for tasks to queue
[2025-03-27T17:46:37.656+0000] {logging_mixin.py:190} INFO - [2025-03-27T17:46:37.656+0000] {dagbag.py:588} INFO - Filling up the DagBag from /home/airflow/.local/lib/python3.12/site-packages/airflow/example_dags/example_sensors.py
[2025-03-27T17:46:37.668+0000] {processor.py:925} INFO - DAG(s) 'example_sensors' retrieved from /home/airflow/.local/lib/python3.12/site-packages/airflow/example_dags/example_sensors.py
[2025-03-27T17:46:37.698+0000] {logging_mixin.py:190} INFO - [2025-03-27T17:46:37.698+0000] {dag.py:3239} INFO - Sync 1 DAGs
[2025-03-27T17:46:37.714+0000] {logging_mixin.py:190} INFO - [2025-03-27T17:46:37.714+0000] {dag.py:4180} INFO - Setting next_dagrun for example_sensors to None, run_after=None
[2025-03-27T17:46:37.738+0000] {processor.py:208} INFO - Processing /home/airflow/.local/lib/python3.12/site-packages/airflow/example_dags/example_sensors.py took 0.092 seconds
[2025-03-27T17:47:08.392+0000] {processor.py:186} INFO - Started process (PID=1126) to work on /home/airflow/.local/lib/python3.12/site-packages/airflow/example_dags/example_sensors.py
[2025-03-27T17:47:08.394+0000] {processor.py:914} INFO - Processing file /home/airflow/.local/lib/python3.12/site-packages/airflow/example_dags/example_sensors.py for tasks to queue
[2025-03-27T17:47:08.397+0000] {logging_mixin.py:190} INFO - [2025-03-27T17:47:08.396+0000] {dagbag.py:588} INFO - Filling up the DagBag from /home/airflow/.local/lib/python3.12/site-packages/airflow/example_dags/example_sensors.py
[2025-03-27T17:47:08.410+0000] {processor.py:925} INFO - DAG(s) 'example_sensors' retrieved from /home/airflow/.local/lib/python3.12/site-packages/airflow/example_dags/example_sensors.py
[2025-03-27T17:47:08.442+0000] {logging_mixin.py:190} INFO - [2025-03-27T17:47:08.442+0000] {dag.py:3239} INFO - Sync 1 DAGs
[2025-03-27T17:47:08.459+0000] {logging_mixin.py:190} INFO - [2025-03-27T17:47:08.459+0000] {dag.py:4180} INFO - Setting next_dagrun for example_sensors to None, run_after=None
[2025-03-27T17:47:08.485+0000] {processor.py:208} INFO - Processing /home/airflow/.local/lib/python3.12/site-packages/airflow/example_dags/example_sensors.py took 0.098 seconds
[2025-03-27T17:47:38.622+0000] {processor.py:186} INFO - Started process (PID=1190) to work on /home/airflow/.local/lib/python3.12/site-packages/airflow/example_dags/example_sensors.py
[2025-03-27T17:47:38.623+0000] {processor.py:914} INFO - Processing file /home/airflow/.local/lib/python3.12/site-packages/airflow/example_dags/example_sensors.py for tasks to queue
[2025-03-27T17:47:38.626+0000] {logging_mixin.py:190} INFO - [2025-03-27T17:47:38.625+0000] {dagbag.py:588} INFO - Filling up the DagBag from /home/airflow/.local/lib/python3.12/site-packages/airflow/example_dags/example_sensors.py
[2025-03-27T17:47:38.636+0000] {processor.py:925} INFO - DAG(s) 'example_sensors' retrieved from /home/airflow/.local/lib/python3.12/site-packages/airflow/example_dags/example_sensors.py
[2025-03-27T17:47:38.661+0000] {logging_mixin.py:190} INFO - [2025-03-27T17:47:38.660+0000] {dag.py:3239} INFO - Sync 1 DAGs
[2025-03-27T17:47:38.675+0000] {logging_mixin.py:190} INFO - [2025-03-27T17:47:38.674+0000] {dag.py:4180} INFO - Setting next_dagrun for example_sensors to None, run_after=None
[2025-03-27T17:47:38.690+0000] {processor.py:208} INFO - Processing /home/airflow/.local/lib/python3.12/site-packages/airflow/example_dags/example_sensors.py took 0.073 seconds
[2025-03-27T17:48:08.856+0000] {processor.py:186} INFO - Started process (PID=1254) to work on /home/airflow/.local/lib/python3.12/site-packages/airflow/example_dags/example_sensors.py
[2025-03-27T17:48:08.858+0000] {processor.py:914} INFO - Processing file /home/airflow/.local/lib/python3.12/site-packages/airflow/example_dags/example_sensors.py for tasks to queue
[2025-03-27T17:48:08.860+0000] {logging_mixin.py:190} INFO - [2025-03-27T17:48:08.859+0000] {dagbag.py:588} INFO - Filling up the DagBag from /home/airflow/.local/lib/python3.12/site-packages/airflow/example_dags/example_sensors.py
[2025-03-27T17:48:08.874+0000] {processor.py:925} INFO - DAG(s) 'example_sensors' retrieved from /home/airflow/.local/lib/python3.12/site-packages/airflow/example_dags/example_sensors.py
[2025-03-27T17:48:08.904+0000] {logging_mixin.py:190} INFO - [2025-03-27T17:48:08.903+0000] {dag.py:3239} INFO - Sync 1 DAGs
[2025-03-27T17:48:08.920+0000] {logging_mixin.py:190} INFO - [2025-03-27T17:48:08.920+0000] {dag.py:4180} INFO - Setting next_dagrun for example_sensors to None, run_after=None
[2025-03-27T17:48:08.940+0000] {processor.py:208} INFO - Processing /home/airflow/.local/lib/python3.12/site-packages/airflow/example_dags/example_sensors.py took 0.090 seconds
[2025-03-27T17:48:39.930+0000] {processor.py:186} INFO - Started process (PID=1318) to work on /home/airflow/.local/lib/python3.12/site-packages/airflow/example_dags/example_sensors.py
[2025-03-27T17:48:39.931+0000] {processor.py:914} INFO - Processing file /home/airflow/.local/lib/python3.12/site-packages/airflow/example_dags/example_sensors.py for tasks to queue
[2025-03-27T17:48:39.933+0000] {logging_mixin.py:190} INFO - [2025-03-27T17:48:39.933+0000] {dagbag.py:588} INFO - Filling up the DagBag from /home/airflow/.local/lib/python3.12/site-packages/airflow/example_dags/example_sensors.py
[2025-03-27T17:48:39.944+0000] {processor.py:925} INFO - DAG(s) 'example_sensors' retrieved from /home/airflow/.local/lib/python3.12/site-packages/airflow/example_dags/example_sensors.py
[2025-03-27T17:48:39.971+0000] {logging_mixin.py:190} INFO - [2025-03-27T17:48:39.970+0000] {dag.py:3239} INFO - Sync 1 DAGs
[2025-03-27T17:48:39.984+0000] {logging_mixin.py:190} INFO - [2025-03-27T17:48:39.984+0000] {dag.py:4180} INFO - Setting next_dagrun for example_sensors to None, run_after=None
[2025-03-27T17:48:40.002+0000] {processor.py:208} INFO - Processing /home/airflow/.local/lib/python3.12/site-packages/airflow/example_dags/example_sensors.py took 0.078 seconds
[2025-03-27T17:49:10.175+0000] {processor.py:186} INFO - Started process (PID=1382) to work on /home/airflow/.local/lib/python3.12/site-packages/airflow/example_dags/example_sensors.py
[2025-03-27T17:49:10.176+0000] {processor.py:914} INFO - Processing file /home/airflow/.local/lib/python3.12/site-packages/airflow/example_dags/example_sensors.py for tasks to queue
[2025-03-27T17:49:10.178+0000] {logging_mixin.py:190} INFO - [2025-03-27T17:49:10.178+0000] {dagbag.py:588} INFO - Filling up the DagBag from /home/airflow/.local/lib/python3.12/site-packages/airflow/example_dags/example_sensors.py
[2025-03-27T17:49:10.187+0000] {processor.py:925} INFO - DAG(s) 'example_sensors' retrieved from /home/airflow/.local/lib/python3.12/site-packages/airflow/example_dags/example_sensors.py
[2025-03-27T17:49:10.209+0000] {logging_mixin.py:190} INFO - [2025-03-27T17:49:10.209+0000] {dag.py:3239} INFO - Sync 1 DAGs
[2025-03-27T17:49:10.221+0000] {logging_mixin.py:190} INFO - [2025-03-27T17:49:10.221+0000] {dag.py:4180} INFO - Setting next_dagrun for example_sensors to None, run_after=None
[2025-03-27T17:49:10.238+0000] {processor.py:208} INFO - Processing /home/airflow/.local/lib/python3.12/site-packages/airflow/example_dags/example_sensors.py took 0.069 seconds
[2025-03-27T17:49:40.926+0000] {processor.py:186} INFO - Started process (PID=1446) to work on /home/airflow/.local/lib/python3.12/site-packages/airflow/example_dags/example_sensors.py
[2025-03-27T17:49:40.927+0000] {processor.py:914} INFO - Processing file /home/airflow/.local/lib/python3.12/site-packages/airflow/example_dags/example_sensors.py for tasks to queue
[2025-03-27T17:49:40.929+0000] {logging_mixin.py:190} INFO - [2025-03-27T17:49:40.929+0000] {dagbag.py:588} INFO - Filling up the DagBag from /home/airflow/.local/lib/python3.12/site-packages/airflow/example_dags/example_sensors.py
[2025-03-27T17:49:40.944+0000] {processor.py:925} INFO - DAG(s) 'example_sensors' retrieved from /home/airflow/.local/lib/python3.12/site-packages/airflow/example_dags/example_sensors.py
[2025-03-27T17:49:40.972+0000] {logging_mixin.py:190} INFO - [2025-03-27T17:49:40.971+0000] {dag.py:3239} INFO - Sync 1 DAGs
[2025-03-27T17:49:40.985+0000] {logging_mixin.py:190} INFO - [2025-03-27T17:49:40.985+0000] {dag.py:4180} INFO - Setting next_dagrun for example_sensors to None, run_after=None
[2025-03-27T17:49:41.006+0000] {processor.py:208} INFO - Processing /home/airflow/.local/lib/python3.12/site-packages/airflow/example_dags/example_sensors.py took 0.086 seconds
[2025-03-27T17:50:11.728+0000] {processor.py:186} INFO - Started process (PID=1516) to work on /home/airflow/.local/lib/python3.12/site-packages/airflow/example_dags/example_sensors.py
[2025-03-27T17:50:11.729+0000] {processor.py:914} INFO - Processing file /home/airflow/.local/lib/python3.12/site-packages/airflow/example_dags/example_sensors.py for tasks to queue
[2025-03-27T17:50:11.731+0000] {logging_mixin.py:190} INFO - [2025-03-27T17:50:11.731+0000] {dagbag.py:588} INFO - Filling up the DagBag from /home/airflow/.local/lib/python3.12/site-packages/airflow/example_dags/example_sensors.py
[2025-03-27T17:50:11.740+0000] {processor.py:925} INFO - DAG(s) 'example_sensors' retrieved from /home/airflow/.local/lib/python3.12/site-packages/airflow/example_dags/example_sensors.py
[2025-03-27T17:50:11.768+0000] {logging_mixin.py:190} INFO - [2025-03-27T17:50:11.768+0000] {dag.py:3239} INFO - Sync 1 DAGs
[2025-03-27T17:50:11.786+0000] {logging_mixin.py:190} INFO - [2025-03-27T17:50:11.785+0000] {dag.py:4180} INFO - Setting next_dagrun for example_sensors to None, run_after=None
[2025-03-27T17:50:11.804+0000] {processor.py:208} INFO - Processing /home/airflow/.local/lib/python3.12/site-packages/airflow/example_dags/example_sensors.py took 0.081 seconds
[2025-03-27T17:50:42.309+0000] {processor.py:186} INFO - Started process (PID=1580) to work on /home/airflow/.local/lib/python3.12/site-packages/airflow/example_dags/example_sensors.py
[2025-03-27T17:50:42.310+0000] {processor.py:914} INFO - Processing file /home/airflow/.local/lib/python3.12/site-packages/airflow/example_dags/example_sensors.py for tasks to queue
[2025-03-27T17:50:42.312+0000] {logging_mixin.py:190} INFO - [2025-03-27T17:50:42.312+0000] {dagbag.py:588} INFO - Filling up the DagBag from /home/airflow/.local/lib/python3.12/site-packages/airflow/example_dags/example_sensors.py
[2025-03-27T17:50:42.322+0000] {processor.py:925} INFO - DAG(s) 'example_sensors' retrieved from /home/airflow/.local/lib/python3.12/site-packages/airflow/example_dags/example_sensors.py
[2025-03-27T17:50:42.349+0000] {logging_mixin.py:190} INFO - [2025-03-27T17:50:42.348+0000] {dag.py:3239} INFO - Sync 1 DAGs
[2025-03-27T17:50:42.362+0000] {logging_mixin.py:190} INFO - [2025-03-27T17:50:42.362+0000] {dag.py:4180} INFO - Setting next_dagrun for example_sensors to None, run_after=None
[2025-03-27T17:50:42.377+0000] {processor.py:208} INFO - Processing /home/airflow/.local/lib/python3.12/site-packages/airflow/example_dags/example_sensors.py took 0.073 seconds
[2025-03-27T17:51:12.768+0000] {processor.py:186} INFO - Started process (PID=1644) to work on /home/airflow/.local/lib/python3.12/site-packages/airflow/example_dags/example_sensors.py
[2025-03-27T17:51:12.769+0000] {processor.py:914} INFO - Processing file /home/airflow/.local/lib/python3.12/site-packages/airflow/example_dags/example_sensors.py for tasks to queue
[2025-03-27T17:51:12.771+0000] {logging_mixin.py:190} INFO - [2025-03-27T17:51:12.771+0000] {dagbag.py:588} INFO - Filling up the DagBag from /home/airflow/.local/lib/python3.12/site-packages/airflow/example_dags/example_sensors.py
[2025-03-27T17:51:12.781+0000] {processor.py:925} INFO - DAG(s) 'example_sensors' retrieved from /home/airflow/.local/lib/python3.12/site-packages/airflow/example_dags/example_sensors.py
[2025-03-27T17:51:12.807+0000] {logging_mixin.py:190} INFO - [2025-03-27T17:51:12.807+0000] {dag.py:3239} INFO - Sync 1 DAGs
[2025-03-27T17:51:12.822+0000] {logging_mixin.py:190} INFO - [2025-03-27T17:51:12.822+0000] {dag.py:4180} INFO - Setting next_dagrun for example_sensors to None, run_after=None
[2025-03-27T17:51:12.843+0000] {processor.py:208} INFO - Processing /home/airflow/.local/lib/python3.12/site-packages/airflow/example_dags/example_sensors.py took 0.080 seconds
[2025-03-27T17:51:42.940+0000] {processor.py:186} INFO - Started process (PID=1708) to work on /home/airflow/.local/lib/python3.12/site-packages/airflow/example_dags/example_sensors.py
[2025-03-27T17:51:42.941+0000] {processor.py:914} INFO - Processing file /home/airflow/.local/lib/python3.12/site-packages/airflow/example_dags/example_sensors.py for tasks to queue
[2025-03-27T17:51:42.944+0000] {logging_mixin.py:190} INFO - [2025-03-27T17:51:42.943+0000] {dagbag.py:588} INFO - Filling up the DagBag from /home/airflow/.local/lib/python3.12/site-packages/airflow/example_dags/example_sensors.py
[2025-03-27T17:51:42.957+0000] {processor.py:925} INFO - DAG(s) 'example_sensors' retrieved from /home/airflow/.local/lib/python3.12/site-packages/airflow/example_dags/example_sensors.py
[2025-03-27T17:51:42.986+0000] {logging_mixin.py:190} INFO - [2025-03-27T17:51:42.985+0000] {dag.py:3239} INFO - Sync 1 DAGs
[2025-03-27T17:51:43.000+0000] {logging_mixin.py:190} INFO - [2025-03-27T17:51:42.999+0000] {dag.py:4180} INFO - Setting next_dagrun for example_sensors to None, run_after=None
[2025-03-27T17:51:43.016+0000] {processor.py:208} INFO - Processing /home/airflow/.local/lib/python3.12/site-packages/airflow/example_dags/example_sensors.py took 0.083 seconds
[2025-03-27T17:52:13.917+0000] {processor.py:186} INFO - Started process (PID=1772) to work on /home/airflow/.local/lib/python3.12/site-packages/airflow/example_dags/example_sensors.py
[2025-03-27T17:52:13.919+0000] {processor.py:914} INFO - Processing file /home/airflow/.local/lib/python3.12/site-packages/airflow/example_dags/example_sensors.py for tasks to queue
[2025-03-27T17:52:13.923+0000] {logging_mixin.py:190} INFO - [2025-03-27T17:52:13.922+0000] {dagbag.py:588} INFO - Filling up the DagBag from /home/airflow/.local/lib/python3.12/site-packages/airflow/example_dags/example_sensors.py
[2025-03-27T17:52:13.937+0000] {processor.py:925} INFO - DAG(s) 'example_sensors' retrieved from /home/airflow/.local/lib/python3.12/site-packages/airflow/example_dags/example_sensors.py
[2025-03-27T17:52:13.971+0000] {logging_mixin.py:190} INFO - [2025-03-27T17:52:13.970+0000] {dag.py:3239} INFO - Sync 1 DAGs
[2025-03-27T17:52:13.998+0000] {logging_mixin.py:190} INFO - [2025-03-27T17:52:13.998+0000] {dag.py:4180} INFO - Setting next_dagrun for example_sensors to None, run_after=None
[2025-03-27T17:52:14.044+0000] {processor.py:208} INFO - Processing /home/airflow/.local/lib/python3.12/site-packages/airflow/example_dags/example_sensors.py took 0.135 seconds
[2025-03-27T17:52:45.079+0000] {processor.py:186} INFO - Started process (PID=1836) to work on /home/airflow/.local/lib/python3.12/site-packages/airflow/example_dags/example_sensors.py
[2025-03-27T17:52:45.080+0000] {processor.py:914} INFO - Processing file /home/airflow/.local/lib/python3.12/site-packages/airflow/example_dags/example_sensors.py for tasks to queue
[2025-03-27T17:52:45.083+0000] {logging_mixin.py:190} INFO - [2025-03-27T17:52:45.082+0000] {dagbag.py:588} INFO - Filling up the DagBag from /home/airflow/.local/lib/python3.12/site-packages/airflow/example_dags/example_sensors.py
[2025-03-27T17:52:45.092+0000] {processor.py:925} INFO - DAG(s) 'example_sensors' retrieved from /home/airflow/.local/lib/python3.12/site-packages/airflow/example_dags/example_sensors.py
[2025-03-27T17:52:45.114+0000] {logging_mixin.py:190} INFO - [2025-03-27T17:52:45.113+0000] {dag.py:3239} INFO - Sync 1 DAGs
[2025-03-27T17:52:45.127+0000] {logging_mixin.py:190} INFO - [2025-03-27T17:52:45.127+0000] {dag.py:4180} INFO - Setting next_dagrun for example_sensors to None, run_after=None
[2025-03-27T17:52:45.147+0000] {processor.py:208} INFO - Processing /home/airflow/.local/lib/python3.12/site-packages/airflow/example_dags/example_sensors.py took 0.073 seconds
