[2025-03-27T17:38:56.968+0000] {processor.py:186} INFO - Started process (PID=123) to work on /home/airflow/.local/lib/python3.12/site-packages/airflow/example_dags/example_sla_dag.py
[2025-03-27T17:38:56.969+0000] {processor.py:914} INFO - Processing file /home/airflow/.local/lib/python3.12/site-packages/airflow/example_dags/example_sla_dag.py for tasks to queue
[2025-03-27T17:38:56.971+0000] {logging_mixin.py:190} INFO - [2025-03-27T17:38:56.971+0000] {dagbag.py:588} INFO - Filling up the DagBag from /home/airflow/.local/lib/python3.12/site-packages/airflow/example_dags/example_sla_dag.py
[2025-03-27T17:38:56.980+0000] {processor.py:925} INFO - DAG(s) 'example_sla_dag' retrieved from /home/airflow/.local/lib/python3.12/site-packages/airflow/example_dags/example_sla_dag.py
[2025-03-27T17:38:57.001+0000] {logging_mixin.py:190} INFO - [2025-03-27T17:38:57.001+0000] {dag.py:3239} INFO - Sync 1 DAGs
[2025-03-27T17:38:57.029+0000] {logging_mixin.py:190} INFO - [2025-03-27T17:38:57.029+0000] {dag.py:4180} INFO - Setting next_dagrun for example_sla_dag to 2025-03-27 17:36:00+00:00, run_after=2025-03-27 17:38:00+00:00
[2025-03-27T17:38:57.049+0000] {processor.py:208} INFO - Processing /home/airflow/.local/lib/python3.12/site-packages/airflow/example_dags/example_sla_dag.py took 0.086 seconds
[2025-03-27T17:39:28.070+0000] {processor.py:186} INFO - Started process (PID=187) to work on /home/airflow/.local/lib/python3.12/site-packages/airflow/example_dags/example_sla_dag.py
[2025-03-27T17:39:28.072+0000] {processor.py:914} INFO - Processing file /home/airflow/.local/lib/python3.12/site-packages/airflow/example_dags/example_sla_dag.py for tasks to queue
[2025-03-27T17:39:28.076+0000] {logging_mixin.py:190} INFO - [2025-03-27T17:39:28.075+0000] {dagbag.py:588} INFO - Filling up the DagBag from /home/airflow/.local/lib/python3.12/site-packages/airflow/example_dags/example_sla_dag.py
[2025-03-27T17:39:28.088+0000] {processor.py:925} INFO - DAG(s) 'example_sla_dag' retrieved from /home/airflow/.local/lib/python3.12/site-packages/airflow/example_dags/example_sla_dag.py
[2025-03-27T17:39:28.113+0000] {logging_mixin.py:190} INFO - [2025-03-27T17:39:28.113+0000] {dag.py:3239} INFO - Sync 1 DAGs
[2025-03-27T17:39:28.145+0000] {logging_mixin.py:190} INFO - [2025-03-27T17:39:28.145+0000] {dag.py:4180} INFO - Setting next_dagrun for example_sla_dag to 2025-03-27 17:36:00+00:00, run_after=2025-03-27 17:38:00+00:00
[2025-03-27T17:39:28.170+0000] {processor.py:208} INFO - Processing /home/airflow/.local/lib/python3.12/site-packages/airflow/example_dags/example_sla_dag.py took 0.112 seconds
[2025-03-27T17:39:59.829+0000] {processor.py:186} INFO - Started process (PID=251) to work on /home/airflow/.local/lib/python3.12/site-packages/airflow/example_dags/example_sla_dag.py
[2025-03-27T17:39:59.830+0000] {processor.py:914} INFO - Processing file /home/airflow/.local/lib/python3.12/site-packages/airflow/example_dags/example_sla_dag.py for tasks to queue
[2025-03-27T17:39:59.832+0000] {logging_mixin.py:190} INFO - [2025-03-27T17:39:59.832+0000] {dagbag.py:588} INFO - Filling up the DagBag from /home/airflow/.local/lib/python3.12/site-packages/airflow/example_dags/example_sla_dag.py
[2025-03-27T17:39:59.841+0000] {processor.py:925} INFO - DAG(s) 'example_sla_dag' retrieved from /home/airflow/.local/lib/python3.12/site-packages/airflow/example_dags/example_sla_dag.py
[2025-03-27T17:39:59.864+0000] {logging_mixin.py:190} INFO - [2025-03-27T17:39:59.863+0000] {dag.py:3239} INFO - Sync 1 DAGs
[2025-03-27T17:39:59.898+0000] {logging_mixin.py:190} INFO - [2025-03-27T17:39:59.898+0000] {dag.py:4180} INFO - Setting next_dagrun for example_sla_dag to 2025-03-27 17:36:00+00:00, run_after=2025-03-27 17:38:00+00:00
[2025-03-27T17:39:59.920+0000] {processor.py:208} INFO - Processing /home/airflow/.local/lib/python3.12/site-packages/airflow/example_dags/example_sla_dag.py took 0.096 seconds
[2025-03-27T17:40:30.878+0000] {processor.py:186} INFO - Started process (PID=315) to work on /home/airflow/.local/lib/python3.12/site-packages/airflow/example_dags/example_sla_dag.py
[2025-03-27T17:40:30.879+0000] {processor.py:914} INFO - Processing file /home/airflow/.local/lib/python3.12/site-packages/airflow/example_dags/example_sla_dag.py for tasks to queue
[2025-03-27T17:40:30.882+0000] {logging_mixin.py:190} INFO - [2025-03-27T17:40:30.881+0000] {dagbag.py:588} INFO - Filling up the DagBag from /home/airflow/.local/lib/python3.12/site-packages/airflow/example_dags/example_sla_dag.py
[2025-03-27T17:40:30.893+0000] {processor.py:925} INFO - DAG(s) 'example_sla_dag' retrieved from /home/airflow/.local/lib/python3.12/site-packages/airflow/example_dags/example_sla_dag.py
[2025-03-27T17:40:30.919+0000] {logging_mixin.py:190} INFO - [2025-03-27T17:40:30.919+0000] {dag.py:3239} INFO - Sync 1 DAGs
[2025-03-27T17:40:30.946+0000] {logging_mixin.py:190} INFO - [2025-03-27T17:40:30.946+0000] {dag.py:4180} INFO - Setting next_dagrun for example_sla_dag to 2025-03-27 17:38:00+00:00, run_after=2025-03-27 17:40:00+00:00
[2025-03-27T17:40:30.963+0000] {processor.py:208} INFO - Processing /home/airflow/.local/lib/python3.12/site-packages/airflow/example_dags/example_sla_dag.py took 0.092 seconds
[2025-03-27T17:41:02.524+0000] {processor.py:186} INFO - Started process (PID=379) to work on /home/airflow/.local/lib/python3.12/site-packages/airflow/example_dags/example_sla_dag.py
[2025-03-27T17:41:02.525+0000] {processor.py:914} INFO - Processing file /home/airflow/.local/lib/python3.12/site-packages/airflow/example_dags/example_sla_dag.py for tasks to queue
[2025-03-27T17:41:02.527+0000] {logging_mixin.py:190} INFO - [2025-03-27T17:41:02.527+0000] {dagbag.py:588} INFO - Filling up the DagBag from /home/airflow/.local/lib/python3.12/site-packages/airflow/example_dags/example_sla_dag.py
[2025-03-27T17:41:02.537+0000] {processor.py:925} INFO - DAG(s) 'example_sla_dag' retrieved from /home/airflow/.local/lib/python3.12/site-packages/airflow/example_dags/example_sla_dag.py
[2025-03-27T17:41:02.557+0000] {logging_mixin.py:190} INFO - [2025-03-27T17:41:02.557+0000] {dag.py:3239} INFO - Sync 1 DAGs
[2025-03-27T17:41:02.586+0000] {logging_mixin.py:190} INFO - [2025-03-27T17:41:02.586+0000] {dag.py:4180} INFO - Setting next_dagrun for example_sla_dag to 2025-03-27 17:38:00+00:00, run_after=2025-03-27 17:40:00+00:00
[2025-03-27T17:41:02.606+0000] {processor.py:208} INFO - Processing /home/airflow/.local/lib/python3.12/site-packages/airflow/example_dags/example_sla_dag.py took 0.087 seconds
[2025-03-27T17:41:33.201+0000] {processor.py:186} INFO - Started process (PID=443) to work on /home/airflow/.local/lib/python3.12/site-packages/airflow/example_dags/example_sla_dag.py
[2025-03-27T17:41:33.202+0000] {processor.py:914} INFO - Processing file /home/airflow/.local/lib/python3.12/site-packages/airflow/example_dags/example_sla_dag.py for tasks to queue
[2025-03-27T17:41:33.204+0000] {logging_mixin.py:190} INFO - [2025-03-27T17:41:33.204+0000] {dagbag.py:588} INFO - Filling up the DagBag from /home/airflow/.local/lib/python3.12/site-packages/airflow/example_dags/example_sla_dag.py
[2025-03-27T17:41:33.215+0000] {processor.py:925} INFO - DAG(s) 'example_sla_dag' retrieved from /home/airflow/.local/lib/python3.12/site-packages/airflow/example_dags/example_sla_dag.py
[2025-03-27T17:41:33.234+0000] {logging_mixin.py:190} INFO - [2025-03-27T17:41:33.234+0000] {dag.py:3239} INFO - Sync 1 DAGs
[2025-03-27T17:41:33.259+0000] {logging_mixin.py:190} INFO - [2025-03-27T17:41:33.258+0000] {dag.py:4180} INFO - Setting next_dagrun for example_sla_dag to 2025-03-27 17:38:00+00:00, run_after=2025-03-27 17:40:00+00:00
[2025-03-27T17:41:33.277+0000] {processor.py:208} INFO - Processing /home/airflow/.local/lib/python3.12/site-packages/airflow/example_dags/example_sla_dag.py took 0.082 seconds
[2025-03-27T17:42:04.500+0000] {processor.py:186} INFO - Started process (PID=507) to work on /home/airflow/.local/lib/python3.12/site-packages/airflow/example_dags/example_sla_dag.py
[2025-03-27T17:42:04.502+0000] {processor.py:914} INFO - Processing file /home/airflow/.local/lib/python3.12/site-packages/airflow/example_dags/example_sla_dag.py for tasks to queue
[2025-03-27T17:42:04.505+0000] {logging_mixin.py:190} INFO - [2025-03-27T17:42:04.505+0000] {dagbag.py:588} INFO - Filling up the DagBag from /home/airflow/.local/lib/python3.12/site-packages/airflow/example_dags/example_sla_dag.py
[2025-03-27T17:42:04.520+0000] {processor.py:925} INFO - DAG(s) 'example_sla_dag' retrieved from /home/airflow/.local/lib/python3.12/site-packages/airflow/example_dags/example_sla_dag.py
[2025-03-27T17:42:04.547+0000] {logging_mixin.py:190} INFO - [2025-03-27T17:42:04.547+0000] {dag.py:3239} INFO - Sync 1 DAGs
[2025-03-27T17:42:04.585+0000] {logging_mixin.py:190} INFO - [2025-03-27T17:42:04.585+0000] {dag.py:4180} INFO - Setting next_dagrun for example_sla_dag to 2025-03-27 17:40:00+00:00, run_after=2025-03-27 17:42:00+00:00
[2025-03-27T17:42:04.615+0000] {processor.py:208} INFO - Processing /home/airflow/.local/lib/python3.12/site-packages/airflow/example_dags/example_sla_dag.py took 0.124 seconds
[2025-03-27T17:42:35.272+0000] {processor.py:186} INFO - Started process (PID=571) to work on /home/airflow/.local/lib/python3.12/site-packages/airflow/example_dags/example_sla_dag.py
[2025-03-27T17:42:35.273+0000] {processor.py:914} INFO - Processing file /home/airflow/.local/lib/python3.12/site-packages/airflow/example_dags/example_sla_dag.py for tasks to queue
[2025-03-27T17:42:35.276+0000] {logging_mixin.py:190} INFO - [2025-03-27T17:42:35.276+0000] {dagbag.py:588} INFO - Filling up the DagBag from /home/airflow/.local/lib/python3.12/site-packages/airflow/example_dags/example_sla_dag.py
[2025-03-27T17:42:35.287+0000] {processor.py:925} INFO - DAG(s) 'example_sla_dag' retrieved from /home/airflow/.local/lib/python3.12/site-packages/airflow/example_dags/example_sla_dag.py
[2025-03-27T17:42:35.308+0000] {logging_mixin.py:190} INFO - [2025-03-27T17:42:35.308+0000] {dag.py:3239} INFO - Sync 1 DAGs
[2025-03-27T17:42:35.334+0000] {logging_mixin.py:190} INFO - [2025-03-27T17:42:35.334+0000] {dag.py:4180} INFO - Setting next_dagrun for example_sla_dag to 2025-03-27 17:40:00+00:00, run_after=2025-03-27 17:42:00+00:00
[2025-03-27T17:42:35.355+0000] {processor.py:208} INFO - Processing /home/airflow/.local/lib/python3.12/site-packages/airflow/example_dags/example_sla_dag.py took 0.089 seconds
[2025-03-27T17:43:06.611+0000] {processor.py:186} INFO - Started process (PID=638) to work on /home/airflow/.local/lib/python3.12/site-packages/airflow/example_dags/example_sla_dag.py
[2025-03-27T17:43:06.612+0000] {processor.py:914} INFO - Processing file /home/airflow/.local/lib/python3.12/site-packages/airflow/example_dags/example_sla_dag.py for tasks to queue
[2025-03-27T17:43:06.614+0000] {logging_mixin.py:190} INFO - [2025-03-27T17:43:06.614+0000] {dagbag.py:588} INFO - Filling up the DagBag from /home/airflow/.local/lib/python3.12/site-packages/airflow/example_dags/example_sla_dag.py
[2025-03-27T17:43:06.625+0000] {processor.py:925} INFO - DAG(s) 'example_sla_dag' retrieved from /home/airflow/.local/lib/python3.12/site-packages/airflow/example_dags/example_sla_dag.py
[2025-03-27T17:43:06.646+0000] {logging_mixin.py:190} INFO - [2025-03-27T17:43:06.646+0000] {dag.py:3239} INFO - Sync 1 DAGs
[2025-03-27T17:43:06.678+0000] {logging_mixin.py:190} INFO - [2025-03-27T17:43:06.678+0000] {dag.py:4180} INFO - Setting next_dagrun for example_sla_dag to 2025-03-27 17:40:00+00:00, run_after=2025-03-27 17:42:00+00:00
[2025-03-27T17:43:06.704+0000] {processor.py:208} INFO - Processing /home/airflow/.local/lib/python3.12/site-packages/airflow/example_dags/example_sla_dag.py took 0.099 seconds
[2025-03-27T17:43:37.199+0000] {processor.py:186} INFO - Started process (PID=702) to work on /home/airflow/.local/lib/python3.12/site-packages/airflow/example_dags/example_sla_dag.py
[2025-03-27T17:43:37.200+0000] {processor.py:914} INFO - Processing file /home/airflow/.local/lib/python3.12/site-packages/airflow/example_dags/example_sla_dag.py for tasks to queue
[2025-03-27T17:43:37.203+0000] {logging_mixin.py:190} INFO - [2025-03-27T17:43:37.202+0000] {dagbag.py:588} INFO - Filling up the DagBag from /home/airflow/.local/lib/python3.12/site-packages/airflow/example_dags/example_sla_dag.py
[2025-03-27T17:43:37.216+0000] {processor.py:925} INFO - DAG(s) 'example_sla_dag' retrieved from /home/airflow/.local/lib/python3.12/site-packages/airflow/example_dags/example_sla_dag.py
[2025-03-27T17:43:37.247+0000] {logging_mixin.py:190} INFO - [2025-03-27T17:43:37.246+0000] {dag.py:3239} INFO - Sync 1 DAGs
[2025-03-27T17:43:37.288+0000] {logging_mixin.py:190} INFO - [2025-03-27T17:43:37.288+0000] {dag.py:4180} INFO - Setting next_dagrun for example_sla_dag to 2025-03-27 17:40:00+00:00, run_after=2025-03-27 17:42:00+00:00
[2025-03-27T17:43:37.311+0000] {processor.py:208} INFO - Processing /home/airflow/.local/lib/python3.12/site-packages/airflow/example_dags/example_sla_dag.py took 0.118 seconds
[2025-03-27T17:44:08.681+0000] {processor.py:186} INFO - Started process (PID=772) to work on /home/airflow/.local/lib/python3.12/site-packages/airflow/example_dags/example_sla_dag.py
[2025-03-27T17:44:08.682+0000] {processor.py:914} INFO - Processing file /home/airflow/.local/lib/python3.12/site-packages/airflow/example_dags/example_sla_dag.py for tasks to queue
[2025-03-27T17:44:08.684+0000] {logging_mixin.py:190} INFO - [2025-03-27T17:44:08.684+0000] {dagbag.py:588} INFO - Filling up the DagBag from /home/airflow/.local/lib/python3.12/site-packages/airflow/example_dags/example_sla_dag.py
[2025-03-27T17:44:08.695+0000] {processor.py:925} INFO - DAG(s) 'example_sla_dag' retrieved from /home/airflow/.local/lib/python3.12/site-packages/airflow/example_dags/example_sla_dag.py
[2025-03-27T17:44:08.716+0000] {logging_mixin.py:190} INFO - [2025-03-27T17:44:08.716+0000] {dag.py:3239} INFO - Sync 1 DAGs
[2025-03-27T17:44:08.751+0000] {logging_mixin.py:190} INFO - [2025-03-27T17:44:08.750+0000] {dag.py:4180} INFO - Setting next_dagrun for example_sla_dag to 2025-03-27 17:42:00+00:00, run_after=2025-03-27 17:44:00+00:00
[2025-03-27T17:44:08.772+0000] {processor.py:208} INFO - Processing /home/airflow/.local/lib/python3.12/site-packages/airflow/example_dags/example_sla_dag.py took 0.097 seconds
[2025-03-27T17:44:39.824+0000] {processor.py:186} INFO - Started process (PID=836) to work on /home/airflow/.local/lib/python3.12/site-packages/airflow/example_dags/example_sla_dag.py
[2025-03-27T17:44:39.825+0000] {processor.py:914} INFO - Processing file /home/airflow/.local/lib/python3.12/site-packages/airflow/example_dags/example_sla_dag.py for tasks to queue
[2025-03-27T17:44:39.828+0000] {logging_mixin.py:190} INFO - [2025-03-27T17:44:39.827+0000] {dagbag.py:588} INFO - Filling up the DagBag from /home/airflow/.local/lib/python3.12/site-packages/airflow/example_dags/example_sla_dag.py
[2025-03-27T17:44:39.838+0000] {processor.py:925} INFO - DAG(s) 'example_sla_dag' retrieved from /home/airflow/.local/lib/python3.12/site-packages/airflow/example_dags/example_sla_dag.py
[2025-03-27T17:44:39.860+0000] {logging_mixin.py:190} INFO - [2025-03-27T17:44:39.860+0000] {dag.py:3239} INFO - Sync 1 DAGs
[2025-03-27T17:44:39.886+0000] {logging_mixin.py:190} INFO - [2025-03-27T17:44:39.885+0000] {dag.py:4180} INFO - Setting next_dagrun for example_sla_dag to 2025-03-27 17:42:00+00:00, run_after=2025-03-27 17:44:00+00:00
[2025-03-27T17:44:39.904+0000] {processor.py:208} INFO - Processing /home/airflow/.local/lib/python3.12/site-packages/airflow/example_dags/example_sla_dag.py took 0.085 seconds
[2025-03-27T17:45:10.403+0000] {processor.py:186} INFO - Started process (PID=900) to work on /home/airflow/.local/lib/python3.12/site-packages/airflow/example_dags/example_sla_dag.py
[2025-03-27T17:45:10.404+0000] {processor.py:914} INFO - Processing file /home/airflow/.local/lib/python3.12/site-packages/airflow/example_dags/example_sla_dag.py for tasks to queue
[2025-03-27T17:45:10.406+0000] {logging_mixin.py:190} INFO - [2025-03-27T17:45:10.406+0000] {dagbag.py:588} INFO - Filling up the DagBag from /home/airflow/.local/lib/python3.12/site-packages/airflow/example_dags/example_sla_dag.py
[2025-03-27T17:45:10.418+0000] {processor.py:925} INFO - DAG(s) 'example_sla_dag' retrieved from /home/airflow/.local/lib/python3.12/site-packages/airflow/example_dags/example_sla_dag.py
[2025-03-27T17:45:10.443+0000] {logging_mixin.py:190} INFO - [2025-03-27T17:45:10.443+0000] {dag.py:3239} INFO - Sync 1 DAGs
[2025-03-27T17:45:10.472+0000] {logging_mixin.py:190} INFO - [2025-03-27T17:45:10.472+0000] {dag.py:4180} INFO - Setting next_dagrun for example_sla_dag to 2025-03-27 17:42:00+00:00, run_after=2025-03-27 17:44:00+00:00
[2025-03-27T17:45:10.490+0000] {processor.py:208} INFO - Processing /home/airflow/.local/lib/python3.12/site-packages/airflow/example_dags/example_sla_dag.py took 0.094 seconds
[2025-03-27T17:45:41.546+0000] {processor.py:186} INFO - Started process (PID=964) to work on /home/airflow/.local/lib/python3.12/site-packages/airflow/example_dags/example_sla_dag.py
[2025-03-27T17:45:41.548+0000] {processor.py:914} INFO - Processing file /home/airflow/.local/lib/python3.12/site-packages/airflow/example_dags/example_sla_dag.py for tasks to queue
[2025-03-27T17:45:41.553+0000] {logging_mixin.py:190} INFO - [2025-03-27T17:45:41.552+0000] {dagbag.py:588} INFO - Filling up the DagBag from /home/airflow/.local/lib/python3.12/site-packages/airflow/example_dags/example_sla_dag.py
[2025-03-27T17:45:41.574+0000] {processor.py:925} INFO - DAG(s) 'example_sla_dag' retrieved from /home/airflow/.local/lib/python3.12/site-packages/airflow/example_dags/example_sla_dag.py
[2025-03-27T17:45:41.608+0000] {logging_mixin.py:190} INFO - [2025-03-27T17:45:41.607+0000] {dag.py:3239} INFO - Sync 1 DAGs
[2025-03-27T17:45:41.640+0000] {logging_mixin.py:190} INFO - [2025-03-27T17:45:41.639+0000] {dag.py:4180} INFO - Setting next_dagrun for example_sla_dag to 2025-03-27 17:42:00+00:00, run_after=2025-03-27 17:44:00+00:00
[2025-03-27T17:45:41.662+0000] {processor.py:208} INFO - Processing /home/airflow/.local/lib/python3.12/site-packages/airflow/example_dags/example_sla_dag.py took 0.123 seconds
[2025-03-27T17:46:11.870+0000] {processor.py:186} INFO - Started process (PID=1027) to work on /home/airflow/.local/lib/python3.12/site-packages/airflow/example_dags/example_sla_dag.py
[2025-03-27T17:46:11.871+0000] {processor.py:914} INFO - Processing file /home/airflow/.local/lib/python3.12/site-packages/airflow/example_dags/example_sla_dag.py for tasks to queue
[2025-03-27T17:46:11.874+0000] {logging_mixin.py:190} INFO - [2025-03-27T17:46:11.873+0000] {dagbag.py:588} INFO - Filling up the DagBag from /home/airflow/.local/lib/python3.12/site-packages/airflow/example_dags/example_sla_dag.py
[2025-03-27T17:46:11.883+0000] {processor.py:925} INFO - DAG(s) 'example_sla_dag' retrieved from /home/airflow/.local/lib/python3.12/site-packages/airflow/example_dags/example_sla_dag.py
[2025-03-27T17:46:11.899+0000] {logging_mixin.py:190} INFO - [2025-03-27T17:46:11.899+0000] {dag.py:3239} INFO - Sync 1 DAGs
[2025-03-27T17:46:11.922+0000] {logging_mixin.py:190} INFO - [2025-03-27T17:46:11.922+0000] {dag.py:4180} INFO - Setting next_dagrun for example_sla_dag to 2025-03-27 17:44:00+00:00, run_after=2025-03-27 17:46:00+00:00
[2025-03-27T17:46:11.939+0000] {processor.py:208} INFO - Processing /home/airflow/.local/lib/python3.12/site-packages/airflow/example_dags/example_sla_dag.py took 0.075 seconds
[2025-03-27T17:46:42.804+0000] {processor.py:186} INFO - Started process (PID=1091) to work on /home/airflow/.local/lib/python3.12/site-packages/airflow/example_dags/example_sla_dag.py
[2025-03-27T17:46:42.805+0000] {processor.py:914} INFO - Processing file /home/airflow/.local/lib/python3.12/site-packages/airflow/example_dags/example_sla_dag.py for tasks to queue
[2025-03-27T17:46:42.807+0000] {logging_mixin.py:190} INFO - [2025-03-27T17:46:42.807+0000] {dagbag.py:588} INFO - Filling up the DagBag from /home/airflow/.local/lib/python3.12/site-packages/airflow/example_dags/example_sla_dag.py
[2025-03-27T17:46:42.817+0000] {processor.py:925} INFO - DAG(s) 'example_sla_dag' retrieved from /home/airflow/.local/lib/python3.12/site-packages/airflow/example_dags/example_sla_dag.py
[2025-03-27T17:46:42.840+0000] {logging_mixin.py:190} INFO - [2025-03-27T17:46:42.840+0000] {dag.py:3239} INFO - Sync 1 DAGs
[2025-03-27T17:46:42.869+0000] {logging_mixin.py:190} INFO - [2025-03-27T17:46:42.869+0000] {dag.py:4180} INFO - Setting next_dagrun for example_sla_dag to 2025-03-27 17:44:00+00:00, run_after=2025-03-27 17:46:00+00:00
[2025-03-27T17:46:42.888+0000] {processor.py:208} INFO - Processing /home/airflow/.local/lib/python3.12/site-packages/airflow/example_dags/example_sla_dag.py took 0.089 seconds
[2025-03-27T17:47:13.142+0000] {processor.py:186} INFO - Started process (PID=1155) to work on /home/airflow/.local/lib/python3.12/site-packages/airflow/example_dags/example_sla_dag.py
[2025-03-27T17:47:13.143+0000] {processor.py:914} INFO - Processing file /home/airflow/.local/lib/python3.12/site-packages/airflow/example_dags/example_sla_dag.py for tasks to queue
[2025-03-27T17:47:13.145+0000] {logging_mixin.py:190} INFO - [2025-03-27T17:47:13.145+0000] {dagbag.py:588} INFO - Filling up the DagBag from /home/airflow/.local/lib/python3.12/site-packages/airflow/example_dags/example_sla_dag.py
[2025-03-27T17:47:13.155+0000] {processor.py:925} INFO - DAG(s) 'example_sla_dag' retrieved from /home/airflow/.local/lib/python3.12/site-packages/airflow/example_dags/example_sla_dag.py
[2025-03-27T17:47:13.176+0000] {logging_mixin.py:190} INFO - [2025-03-27T17:47:13.176+0000] {dag.py:3239} INFO - Sync 1 DAGs
[2025-03-27T17:47:13.205+0000] {logging_mixin.py:190} INFO - [2025-03-27T17:47:13.205+0000] {dag.py:4180} INFO - Setting next_dagrun for example_sla_dag to 2025-03-27 17:44:00+00:00, run_after=2025-03-27 17:46:00+00:00
[2025-03-27T17:47:13.227+0000] {processor.py:208} INFO - Processing /home/airflow/.local/lib/python3.12/site-packages/airflow/example_dags/example_sla_dag.py took 0.091 seconds
[2025-03-27T17:47:44.317+0000] {processor.py:186} INFO - Started process (PID=1219) to work on /home/airflow/.local/lib/python3.12/site-packages/airflow/example_dags/example_sla_dag.py
[2025-03-27T17:47:44.318+0000] {processor.py:914} INFO - Processing file /home/airflow/.local/lib/python3.12/site-packages/airflow/example_dags/example_sla_dag.py for tasks to queue
[2025-03-27T17:47:44.321+0000] {logging_mixin.py:190} INFO - [2025-03-27T17:47:44.320+0000] {dagbag.py:588} INFO - Filling up the DagBag from /home/airflow/.local/lib/python3.12/site-packages/airflow/example_dags/example_sla_dag.py
[2025-03-27T17:47:44.331+0000] {processor.py:925} INFO - DAG(s) 'example_sla_dag' retrieved from /home/airflow/.local/lib/python3.12/site-packages/airflow/example_dags/example_sla_dag.py
[2025-03-27T17:47:44.352+0000] {logging_mixin.py:190} INFO - [2025-03-27T17:47:44.351+0000] {dag.py:3239} INFO - Sync 1 DAGs
[2025-03-27T17:47:44.375+0000] {logging_mixin.py:190} INFO - [2025-03-27T17:47:44.375+0000] {dag.py:4180} INFO - Setting next_dagrun for example_sla_dag to 2025-03-27 17:44:00+00:00, run_after=2025-03-27 17:46:00+00:00
[2025-03-27T17:47:44.394+0000] {processor.py:208} INFO - Processing /home/airflow/.local/lib/python3.12/site-packages/airflow/example_dags/example_sla_dag.py took 0.084 seconds
[2025-03-27T17:48:16.416+0000] {processor.py:186} INFO - Started process (PID=1283) to work on /home/airflow/.local/lib/python3.12/site-packages/airflow/example_dags/example_sla_dag.py
[2025-03-27T17:48:16.417+0000] {processor.py:914} INFO - Processing file /home/airflow/.local/lib/python3.12/site-packages/airflow/example_dags/example_sla_dag.py for tasks to queue
[2025-03-27T17:48:16.419+0000] {logging_mixin.py:190} INFO - [2025-03-27T17:48:16.419+0000] {dagbag.py:588} INFO - Filling up the DagBag from /home/airflow/.local/lib/python3.12/site-packages/airflow/example_dags/example_sla_dag.py
[2025-03-27T17:48:16.429+0000] {processor.py:925} INFO - DAG(s) 'example_sla_dag' retrieved from /home/airflow/.local/lib/python3.12/site-packages/airflow/example_dags/example_sla_dag.py
[2025-03-27T17:48:16.452+0000] {logging_mixin.py:190} INFO - [2025-03-27T17:48:16.452+0000] {dag.py:3239} INFO - Sync 1 DAGs
[2025-03-27T17:48:16.482+0000] {logging_mixin.py:190} INFO - [2025-03-27T17:48:16.482+0000] {dag.py:4180} INFO - Setting next_dagrun for example_sla_dag to 2025-03-27 17:46:00+00:00, run_after=2025-03-27 17:48:00+00:00
[2025-03-27T17:48:16.503+0000] {processor.py:208} INFO - Processing /home/airflow/.local/lib/python3.12/site-packages/airflow/example_dags/example_sla_dag.py took 0.093 seconds
[2025-03-27T17:48:47.115+0000] {processor.py:186} INFO - Started process (PID=1347) to work on /home/airflow/.local/lib/python3.12/site-packages/airflow/example_dags/example_sla_dag.py
[2025-03-27T17:48:47.117+0000] {processor.py:914} INFO - Processing file /home/airflow/.local/lib/python3.12/site-packages/airflow/example_dags/example_sla_dag.py for tasks to queue
[2025-03-27T17:48:47.119+0000] {logging_mixin.py:190} INFO - [2025-03-27T17:48:47.119+0000] {dagbag.py:588} INFO - Filling up the DagBag from /home/airflow/.local/lib/python3.12/site-packages/airflow/example_dags/example_sla_dag.py
[2025-03-27T17:48:47.132+0000] {processor.py:925} INFO - DAG(s) 'example_sla_dag' retrieved from /home/airflow/.local/lib/python3.12/site-packages/airflow/example_dags/example_sla_dag.py
[2025-03-27T17:48:47.160+0000] {logging_mixin.py:190} INFO - [2025-03-27T17:48:47.160+0000] {dag.py:3239} INFO - Sync 1 DAGs
[2025-03-27T17:48:47.198+0000] {logging_mixin.py:190} INFO - [2025-03-27T17:48:47.198+0000] {dag.py:4180} INFO - Setting next_dagrun for example_sla_dag to 2025-03-27 17:46:00+00:00, run_after=2025-03-27 17:48:00+00:00
[2025-03-27T17:48:47.220+0000] {processor.py:208} INFO - Processing /home/airflow/.local/lib/python3.12/site-packages/airflow/example_dags/example_sla_dag.py took 0.112 seconds
[2025-03-27T17:49:18.062+0000] {processor.py:186} INFO - Started process (PID=1420) to work on /home/airflow/.local/lib/python3.12/site-packages/airflow/example_dags/example_sla_dag.py
[2025-03-27T17:49:18.064+0000] {processor.py:914} INFO - Processing file /home/airflow/.local/lib/python3.12/site-packages/airflow/example_dags/example_sla_dag.py for tasks to queue
[2025-03-27T17:49:18.066+0000] {logging_mixin.py:190} INFO - [2025-03-27T17:49:18.066+0000] {dagbag.py:588} INFO - Filling up the DagBag from /home/airflow/.local/lib/python3.12/site-packages/airflow/example_dags/example_sla_dag.py
[2025-03-27T17:49:18.077+0000] {processor.py:925} INFO - DAG(s) 'example_sla_dag' retrieved from /home/airflow/.local/lib/python3.12/site-packages/airflow/example_dags/example_sla_dag.py
[2025-03-27T17:49:18.103+0000] {logging_mixin.py:190} INFO - [2025-03-27T17:49:18.102+0000] {dag.py:3239} INFO - Sync 1 DAGs
[2025-03-27T17:49:18.134+0000] {logging_mixin.py:190} INFO - [2025-03-27T17:49:18.134+0000] {dag.py:4180} INFO - Setting next_dagrun for example_sla_dag to 2025-03-27 17:46:00+00:00, run_after=2025-03-27 17:48:00+00:00
[2025-03-27T17:49:18.156+0000] {processor.py:208} INFO - Processing /home/airflow/.local/lib/python3.12/site-packages/airflow/example_dags/example_sla_dag.py took 0.099 seconds
[2025-03-27T17:49:48.872+0000] {processor.py:186} INFO - Started process (PID=1484) to work on /home/airflow/.local/lib/python3.12/site-packages/airflow/example_dags/example_sla_dag.py
[2025-03-27T17:49:48.873+0000] {processor.py:914} INFO - Processing file /home/airflow/.local/lib/python3.12/site-packages/airflow/example_dags/example_sla_dag.py for tasks to queue
[2025-03-27T17:49:48.875+0000] {logging_mixin.py:190} INFO - [2025-03-27T17:49:48.875+0000] {dagbag.py:588} INFO - Filling up the DagBag from /home/airflow/.local/lib/python3.12/site-packages/airflow/example_dags/example_sla_dag.py
[2025-03-27T17:49:48.886+0000] {processor.py:925} INFO - DAG(s) 'example_sla_dag' retrieved from /home/airflow/.local/lib/python3.12/site-packages/airflow/example_dags/example_sla_dag.py
[2025-03-27T17:49:48.909+0000] {logging_mixin.py:190} INFO - [2025-03-27T17:49:48.909+0000] {dag.py:3239} INFO - Sync 1 DAGs
[2025-03-27T17:49:48.938+0000] {logging_mixin.py:190} INFO - [2025-03-27T17:49:48.937+0000] {dag.py:4180} INFO - Setting next_dagrun for example_sla_dag to 2025-03-27 17:46:00+00:00, run_after=2025-03-27 17:48:00+00:00
[2025-03-27T17:49:48.959+0000] {processor.py:208} INFO - Processing /home/airflow/.local/lib/python3.12/site-packages/airflow/example_dags/example_sla_dag.py took 0.093 seconds
[2025-03-27T17:50:20.182+0000] {processor.py:186} INFO - Started process (PID=1548) to work on /home/airflow/.local/lib/python3.12/site-packages/airflow/example_dags/example_sla_dag.py
[2025-03-27T17:50:20.183+0000] {processor.py:914} INFO - Processing file /home/airflow/.local/lib/python3.12/site-packages/airflow/example_dags/example_sla_dag.py for tasks to queue
[2025-03-27T17:50:20.185+0000] {logging_mixin.py:190} INFO - [2025-03-27T17:50:20.185+0000] {dagbag.py:588} INFO - Filling up the DagBag from /home/airflow/.local/lib/python3.12/site-packages/airflow/example_dags/example_sla_dag.py
[2025-03-27T17:50:20.194+0000] {processor.py:925} INFO - DAG(s) 'example_sla_dag' retrieved from /home/airflow/.local/lib/python3.12/site-packages/airflow/example_dags/example_sla_dag.py
[2025-03-27T17:50:20.219+0000] {logging_mixin.py:190} INFO - [2025-03-27T17:50:20.218+0000] {dag.py:3239} INFO - Sync 1 DAGs
[2025-03-27T17:50:20.254+0000] {logging_mixin.py:190} INFO - [2025-03-27T17:50:20.254+0000] {dag.py:4180} INFO - Setting next_dagrun for example_sla_dag to 2025-03-27 17:48:00+00:00, run_after=2025-03-27 17:50:00+00:00
[2025-03-27T17:50:20.276+0000] {processor.py:208} INFO - Processing /home/airflow/.local/lib/python3.12/site-packages/airflow/example_dags/example_sla_dag.py took 0.099 seconds
[2025-03-27T17:50:50.628+0000] {processor.py:186} INFO - Started process (PID=1611) to work on /home/airflow/.local/lib/python3.12/site-packages/airflow/example_dags/example_sla_dag.py
[2025-03-27T17:50:50.629+0000] {processor.py:914} INFO - Processing file /home/airflow/.local/lib/python3.12/site-packages/airflow/example_dags/example_sla_dag.py for tasks to queue
[2025-03-27T17:50:50.632+0000] {logging_mixin.py:190} INFO - [2025-03-27T17:50:50.631+0000] {dagbag.py:588} INFO - Filling up the DagBag from /home/airflow/.local/lib/python3.12/site-packages/airflow/example_dags/example_sla_dag.py
[2025-03-27T17:50:50.645+0000] {processor.py:925} INFO - DAG(s) 'example_sla_dag' retrieved from /home/airflow/.local/lib/python3.12/site-packages/airflow/example_dags/example_sla_dag.py
[2025-03-27T17:50:50.667+0000] {logging_mixin.py:190} INFO - [2025-03-27T17:50:50.666+0000] {dag.py:3239} INFO - Sync 1 DAGs
[2025-03-27T17:50:50.693+0000] {logging_mixin.py:190} INFO - [2025-03-27T17:50:50.693+0000] {dag.py:4180} INFO - Setting next_dagrun for example_sla_dag to 2025-03-27 17:48:00+00:00, run_after=2025-03-27 17:50:00+00:00
[2025-03-27T17:50:50.712+0000] {processor.py:208} INFO - Processing /home/airflow/.local/lib/python3.12/site-packages/airflow/example_dags/example_sla_dag.py took 0.090 seconds
[2025-03-27T17:51:22.342+0000] {processor.py:186} INFO - Started process (PID=1676) to work on /home/airflow/.local/lib/python3.12/site-packages/airflow/example_dags/example_sla_dag.py
[2025-03-27T17:51:22.343+0000] {processor.py:914} INFO - Processing file /home/airflow/.local/lib/python3.12/site-packages/airflow/example_dags/example_sla_dag.py for tasks to queue
[2025-03-27T17:51:22.345+0000] {logging_mixin.py:190} INFO - [2025-03-27T17:51:22.345+0000] {dagbag.py:588} INFO - Filling up the DagBag from /home/airflow/.local/lib/python3.12/site-packages/airflow/example_dags/example_sla_dag.py
[2025-03-27T17:51:22.356+0000] {processor.py:925} INFO - DAG(s) 'example_sla_dag' retrieved from /home/airflow/.local/lib/python3.12/site-packages/airflow/example_dags/example_sla_dag.py
[2025-03-27T17:51:22.377+0000] {logging_mixin.py:190} INFO - [2025-03-27T17:51:22.376+0000] {dag.py:3239} INFO - Sync 1 DAGs
[2025-03-27T17:51:22.407+0000] {logging_mixin.py:190} INFO - [2025-03-27T17:51:22.406+0000] {dag.py:4180} INFO - Setting next_dagrun for example_sla_dag to 2025-03-27 17:48:00+00:00, run_after=2025-03-27 17:50:00+00:00
[2025-03-27T17:51:22.434+0000] {processor.py:208} INFO - Processing /home/airflow/.local/lib/python3.12/site-packages/airflow/example_dags/example_sla_dag.py took 0.098 seconds
[2025-03-27T17:51:53.501+0000] {processor.py:186} INFO - Started process (PID=1738) to work on /home/airflow/.local/lib/python3.12/site-packages/airflow/example_dags/example_sla_dag.py
[2025-03-27T17:51:53.503+0000] {processor.py:914} INFO - Processing file /home/airflow/.local/lib/python3.12/site-packages/airflow/example_dags/example_sla_dag.py for tasks to queue
[2025-03-27T17:51:53.508+0000] {logging_mixin.py:190} INFO - [2025-03-27T17:51:53.507+0000] {dagbag.py:588} INFO - Filling up the DagBag from /home/airflow/.local/lib/python3.12/site-packages/airflow/example_dags/example_sla_dag.py
[2025-03-27T17:51:53.523+0000] {processor.py:925} INFO - DAG(s) 'example_sla_dag' retrieved from /home/airflow/.local/lib/python3.12/site-packages/airflow/example_dags/example_sla_dag.py
[2025-03-27T17:51:53.556+0000] {logging_mixin.py:190} INFO - [2025-03-27T17:51:53.555+0000] {dag.py:3239} INFO - Sync 1 DAGs
[2025-03-27T17:51:53.590+0000] {logging_mixin.py:190} INFO - [2025-03-27T17:51:53.589+0000] {dag.py:4180} INFO - Setting next_dagrun for example_sla_dag to 2025-03-27 17:48:00+00:00, run_after=2025-03-27 17:50:00+00:00
[2025-03-27T17:51:53.617+0000] {processor.py:208} INFO - Processing /home/airflow/.local/lib/python3.12/site-packages/airflow/example_dags/example_sla_dag.py took 0.124 seconds
[2025-03-27T17:52:24.758+0000] {processor.py:186} INFO - Started process (PID=1802) to work on /home/airflow/.local/lib/python3.12/site-packages/airflow/example_dags/example_sla_dag.py
[2025-03-27T17:52:24.759+0000] {processor.py:914} INFO - Processing file /home/airflow/.local/lib/python3.12/site-packages/airflow/example_dags/example_sla_dag.py for tasks to queue
[2025-03-27T17:52:24.762+0000] {logging_mixin.py:190} INFO - [2025-03-27T17:52:24.762+0000] {dagbag.py:588} INFO - Filling up the DagBag from /home/airflow/.local/lib/python3.12/site-packages/airflow/example_dags/example_sla_dag.py
[2025-03-27T17:52:24.773+0000] {processor.py:925} INFO - DAG(s) 'example_sla_dag' retrieved from /home/airflow/.local/lib/python3.12/site-packages/airflow/example_dags/example_sla_dag.py
[2025-03-27T17:52:24.793+0000] {logging_mixin.py:190} INFO - [2025-03-27T17:52:24.792+0000] {dag.py:3239} INFO - Sync 1 DAGs
[2025-03-27T17:52:24.817+0000] {logging_mixin.py:190} INFO - [2025-03-27T17:52:24.817+0000] {dag.py:4180} INFO - Setting next_dagrun for example_sla_dag to 2025-03-27 17:50:00+00:00, run_after=2025-03-27 17:52:00+00:00
[2025-03-27T17:52:24.836+0000] {processor.py:208} INFO - Processing /home/airflow/.local/lib/python3.12/site-packages/airflow/example_dags/example_sla_dag.py took 0.084 seconds
[2025-03-27T17:52:56.052+0000] {processor.py:186} INFO - Started process (PID=1866) to work on /home/airflow/.local/lib/python3.12/site-packages/airflow/example_dags/example_sla_dag.py
[2025-03-27T17:52:56.053+0000] {processor.py:914} INFO - Processing file /home/airflow/.local/lib/python3.12/site-packages/airflow/example_dags/example_sla_dag.py for tasks to queue
[2025-03-27T17:52:56.055+0000] {logging_mixin.py:190} INFO - [2025-03-27T17:52:56.055+0000] {dagbag.py:588} INFO - Filling up the DagBag from /home/airflow/.local/lib/python3.12/site-packages/airflow/example_dags/example_sla_dag.py
[2025-03-27T17:52:56.066+0000] {processor.py:925} INFO - DAG(s) 'example_sla_dag' retrieved from /home/airflow/.local/lib/python3.12/site-packages/airflow/example_dags/example_sla_dag.py
[2025-03-27T17:52:56.086+0000] {logging_mixin.py:190} INFO - [2025-03-27T17:52:56.086+0000] {dag.py:3239} INFO - Sync 1 DAGs
[2025-03-27T17:52:56.111+0000] {logging_mixin.py:190} INFO - [2025-03-27T17:52:56.111+0000] {dag.py:4180} INFO - Setting next_dagrun for example_sla_dag to 2025-03-27 17:50:00+00:00, run_after=2025-03-27 17:52:00+00:00
[2025-03-27T17:52:56.128+0000] {processor.py:208} INFO - Processing /home/airflow/.local/lib/python3.12/site-packages/airflow/example_dags/example_sla_dag.py took 0.083 seconds
