[2025-03-27T17:38:52.496+0000] {processor.py:186} INFO - Started process (PID=86) to work on /home/airflow/.local/lib/python3.12/site-packages/airflow/example_dags/example_dataset_alias.py
[2025-03-27T17:38:52.498+0000] {processor.py:914} INFO - Processing file /home/airflow/.local/lib/python3.12/site-packages/airflow/example_dags/example_dataset_alias.py for tasks to queue
[2025-03-27T17:38:52.505+0000] {logging_mixin.py:190} INFO - [2025-03-27T17:38:52.504+0000] {dagbag.py:588} INFO - Filling up the DagBag from /home/airflow/.local/lib/python3.12/site-packages/airflow/example_dags/example_dataset_alias.py
[2025-03-27T17:38:55.647+0000] {processor.py:925} INFO - DAG(s) 'dataset_alias_example_alias_producer', 'dataset_s3_bucket_producer', 'dataset_s3_bucket_consumer', 'dataset_alias_example_alias_consumer' retrieved from /home/airflow/.local/lib/python3.12/site-packages/airflow/example_dags/example_dataset_alias.py
[2025-03-27T17:38:53.561+0000] {logging_mixin.py:190} INFO - [2025-03-27T17:38:53.559+0000] {dag.py:3239} INFO - Sync 4 DAGs
[2025-03-27T17:38:53.603+0000] {logging_mixin.py:190} INFO - [2025-03-27T17:38:53.603+0000] {dag.py:4180} INFO - Setting next_dagrun for dataset_alias_example_alias_consumer to None, run_after=None
[2025-03-27T17:38:53.608+0000] {logging_mixin.py:190} INFO - [2025-03-27T17:38:53.608+0000] {dag.py:4180} INFO - Setting next_dagrun for dataset_alias_example_alias_producer to None, run_after=None
[2025-03-27T17:38:53.612+0000] {logging_mixin.py:190} INFO - [2025-03-27T17:38:53.612+0000] {dag.py:4180} INFO - Setting next_dagrun for dataset_s3_bucket_consumer to None, run_after=None
[2025-03-27T17:38:53.616+0000] {logging_mixin.py:190} INFO - [2025-03-27T17:38:53.616+0000] {dag.py:4180} INFO - Setting next_dagrun for dataset_s3_bucket_producer to None, run_after=None
[2025-03-27T17:38:53.653+0000] {processor.py:208} INFO - Processing /home/airflow/.local/lib/python3.12/site-packages/airflow/example_dags/example_dataset_alias.py took 1.173 seconds
[2025-03-27T17:39:23.707+0000] {processor.py:186} INFO - Started process (PID=150) to work on /home/airflow/.local/lib/python3.12/site-packages/airflow/example_dags/example_dataset_alias.py
[2025-03-27T17:39:23.708+0000] {processor.py:914} INFO - Processing file /home/airflow/.local/lib/python3.12/site-packages/airflow/example_dags/example_dataset_alias.py for tasks to queue
[2025-03-27T17:39:23.711+0000] {logging_mixin.py:190} INFO - [2025-03-27T17:39:23.710+0000] {dagbag.py:588} INFO - Filling up the DagBag from /home/airflow/.local/lib/python3.12/site-packages/airflow/example_dags/example_dataset_alias.py
[2025-03-27T17:39:24.259+0000] {processor.py:925} INFO - DAG(s) 'dataset_alias_example_alias_producer', 'dataset_s3_bucket_consumer', 'dataset_alias_example_alias_consumer', 'dataset_s3_bucket_producer' retrieved from /home/airflow/.local/lib/python3.12/site-packages/airflow/example_dags/example_dataset_alias.py
[2025-03-27T17:39:24.285+0000] {logging_mixin.py:190} INFO - [2025-03-27T17:39:24.284+0000] {dag.py:3239} INFO - Sync 4 DAGs
[2025-03-27T17:39:24.306+0000] {logging_mixin.py:190} INFO - [2025-03-27T17:39:24.306+0000] {dag.py:4180} INFO - Setting next_dagrun for dataset_alias_example_alias_consumer to None, run_after=None
[2025-03-27T17:39:24.310+0000] {logging_mixin.py:190} INFO - [2025-03-27T17:39:24.309+0000] {dag.py:4180} INFO - Setting next_dagrun for dataset_alias_example_alias_producer to None, run_after=None
[2025-03-27T17:39:24.311+0000] {logging_mixin.py:190} INFO - [2025-03-27T17:39:24.311+0000] {dag.py:4180} INFO - Setting next_dagrun for dataset_s3_bucket_consumer to None, run_after=None
[2025-03-27T17:39:24.313+0000] {logging_mixin.py:190} INFO - [2025-03-27T17:39:24.312+0000] {dag.py:4180} INFO - Setting next_dagrun for dataset_s3_bucket_producer to None, run_after=None
[2025-03-27T17:39:24.333+0000] {processor.py:208} INFO - Processing /home/airflow/.local/lib/python3.12/site-packages/airflow/example_dags/example_dataset_alias.py took 0.631 seconds
[2025-03-27T17:39:55.191+0000] {processor.py:186} INFO - Started process (PID=220) to work on /home/airflow/.local/lib/python3.12/site-packages/airflow/example_dags/example_dataset_alias.py
[2025-03-27T17:39:55.193+0000] {processor.py:914} INFO - Processing file /home/airflow/.local/lib/python3.12/site-packages/airflow/example_dags/example_dataset_alias.py for tasks to queue
[2025-03-27T17:39:55.195+0000] {logging_mixin.py:190} INFO - [2025-03-27T17:39:55.195+0000] {dagbag.py:588} INFO - Filling up the DagBag from /home/airflow/.local/lib/python3.12/site-packages/airflow/example_dags/example_dataset_alias.py
[2025-03-27T17:39:55.801+0000] {processor.py:925} INFO - DAG(s) 'dataset_s3_bucket_consumer', 'dataset_s3_bucket_producer', 'dataset_alias_example_alias_producer', 'dataset_alias_example_alias_consumer' retrieved from /home/airflow/.local/lib/python3.12/site-packages/airflow/example_dags/example_dataset_alias.py
[2025-03-27T17:39:55.825+0000] {logging_mixin.py:190} INFO - [2025-03-27T17:39:55.824+0000] {dag.py:3239} INFO - Sync 4 DAGs
[2025-03-27T17:39:55.848+0000] {logging_mixin.py:190} INFO - [2025-03-27T17:39:55.848+0000] {dag.py:4180} INFO - Setting next_dagrun for dataset_alias_example_alias_consumer to None, run_after=None
[2025-03-27T17:39:55.852+0000] {logging_mixin.py:190} INFO - [2025-03-27T17:39:55.852+0000] {dag.py:4180} INFO - Setting next_dagrun for dataset_alias_example_alias_producer to None, run_after=None
[2025-03-27T17:39:55.854+0000] {logging_mixin.py:190} INFO - [2025-03-27T17:39:55.854+0000] {dag.py:4180} INFO - Setting next_dagrun for dataset_s3_bucket_consumer to None, run_after=None
[2025-03-27T17:39:55.855+0000] {logging_mixin.py:190} INFO - [2025-03-27T17:39:55.855+0000] {dag.py:4180} INFO - Setting next_dagrun for dataset_s3_bucket_producer to None, run_after=None
[2025-03-27T17:39:55.880+0000] {processor.py:208} INFO - Processing /home/airflow/.local/lib/python3.12/site-packages/airflow/example_dags/example_dataset_alias.py took 0.695 seconds
[2025-03-27T17:40:26.473+0000] {processor.py:186} INFO - Started process (PID=284) to work on /home/airflow/.local/lib/python3.12/site-packages/airflow/example_dags/example_dataset_alias.py
[2025-03-27T17:40:26.474+0000] {processor.py:914} INFO - Processing file /home/airflow/.local/lib/python3.12/site-packages/airflow/example_dags/example_dataset_alias.py for tasks to queue
[2025-03-27T17:40:26.477+0000] {logging_mixin.py:190} INFO - [2025-03-27T17:40:26.476+0000] {dagbag.py:588} INFO - Filling up the DagBag from /home/airflow/.local/lib/python3.12/site-packages/airflow/example_dags/example_dataset_alias.py
[2025-03-27T17:40:27.065+0000] {processor.py:925} INFO - DAG(s) 'dataset_s3_bucket_producer', 'dataset_alias_example_alias_producer', 'dataset_alias_example_alias_consumer', 'dataset_s3_bucket_consumer' retrieved from /home/airflow/.local/lib/python3.12/site-packages/airflow/example_dags/example_dataset_alias.py
[2025-03-27T17:40:27.089+0000] {logging_mixin.py:190} INFO - [2025-03-27T17:40:27.089+0000] {dag.py:3239} INFO - Sync 4 DAGs
[2025-03-27T17:40:27.115+0000] {logging_mixin.py:190} INFO - [2025-03-27T17:40:27.115+0000] {dag.py:4180} INFO - Setting next_dagrun for dataset_alias_example_alias_consumer to None, run_after=None
[2025-03-27T17:40:27.118+0000] {logging_mixin.py:190} INFO - [2025-03-27T17:40:27.118+0000] {dag.py:4180} INFO - Setting next_dagrun for dataset_alias_example_alias_producer to None, run_after=None
[2025-03-27T17:40:27.120+0000] {logging_mixin.py:190} INFO - [2025-03-27T17:40:27.119+0000] {dag.py:4180} INFO - Setting next_dagrun for dataset_s3_bucket_consumer to None, run_after=None
[2025-03-27T17:40:27.121+0000] {logging_mixin.py:190} INFO - [2025-03-27T17:40:27.121+0000] {dag.py:4180} INFO - Setting next_dagrun for dataset_s3_bucket_producer to None, run_after=None
[2025-03-27T17:40:27.143+0000] {processor.py:208} INFO - Processing /home/airflow/.local/lib/python3.12/site-packages/airflow/example_dags/example_dataset_alias.py took 0.674 seconds
[2025-03-27T17:40:57.903+0000] {processor.py:186} INFO - Started process (PID=348) to work on /home/airflow/.local/lib/python3.12/site-packages/airflow/example_dags/example_dataset_alias.py
[2025-03-27T17:40:57.904+0000] {processor.py:914} INFO - Processing file /home/airflow/.local/lib/python3.12/site-packages/airflow/example_dags/example_dataset_alias.py for tasks to queue
[2025-03-27T17:40:57.907+0000] {logging_mixin.py:190} INFO - [2025-03-27T17:40:57.907+0000] {dagbag.py:588} INFO - Filling up the DagBag from /home/airflow/.local/lib/python3.12/site-packages/airflow/example_dags/example_dataset_alias.py
[2025-03-27T17:40:58.442+0000] {processor.py:925} INFO - DAG(s) 'dataset_alias_example_alias_producer', 'dataset_s3_bucket_consumer', 'dataset_s3_bucket_producer', 'dataset_alias_example_alias_consumer' retrieved from /home/airflow/.local/lib/python3.12/site-packages/airflow/example_dags/example_dataset_alias.py
[2025-03-27T17:40:58.466+0000] {logging_mixin.py:190} INFO - [2025-03-27T17:40:58.465+0000] {dag.py:3239} INFO - Sync 4 DAGs
[2025-03-27T17:40:58.499+0000] {logging_mixin.py:190} INFO - [2025-03-27T17:40:58.498+0000] {dag.py:4180} INFO - Setting next_dagrun for dataset_alias_example_alias_consumer to None, run_after=None
[2025-03-27T17:40:58.502+0000] {logging_mixin.py:190} INFO - [2025-03-27T17:40:58.502+0000] {dag.py:4180} INFO - Setting next_dagrun for dataset_alias_example_alias_producer to None, run_after=None
[2025-03-27T17:40:58.503+0000] {logging_mixin.py:190} INFO - [2025-03-27T17:40:58.503+0000] {dag.py:4180} INFO - Setting next_dagrun for dataset_s3_bucket_consumer to None, run_after=None
[2025-03-27T17:40:58.504+0000] {logging_mixin.py:190} INFO - [2025-03-27T17:40:58.504+0000] {dag.py:4180} INFO - Setting next_dagrun for dataset_s3_bucket_producer to None, run_after=None
[2025-03-27T17:40:58.524+0000] {processor.py:208} INFO - Processing /home/airflow/.local/lib/python3.12/site-packages/airflow/example_dags/example_dataset_alias.py took 0.626 seconds
[2025-03-27T17:41:29.253+0000] {processor.py:186} INFO - Started process (PID=412) to work on /home/airflow/.local/lib/python3.12/site-packages/airflow/example_dags/example_dataset_alias.py
[2025-03-27T17:41:29.254+0000] {processor.py:914} INFO - Processing file /home/airflow/.local/lib/python3.12/site-packages/airflow/example_dags/example_dataset_alias.py for tasks to queue
[2025-03-27T17:41:29.255+0000] {logging_mixin.py:190} INFO - [2025-03-27T17:41:29.255+0000] {dagbag.py:588} INFO - Filling up the DagBag from /home/airflow/.local/lib/python3.12/site-packages/airflow/example_dags/example_dataset_alias.py
[2025-03-27T17:41:29.728+0000] {processor.py:925} INFO - DAG(s) 'dataset_s3_bucket_producer', 'dataset_alias_example_alias_producer', 'dataset_s3_bucket_consumer', 'dataset_alias_example_alias_consumer' retrieved from /home/airflow/.local/lib/python3.12/site-packages/airflow/example_dags/example_dataset_alias.py
[2025-03-27T17:41:29.746+0000] {logging_mixin.py:190} INFO - [2025-03-27T17:41:29.745+0000] {dag.py:3239} INFO - Sync 4 DAGs
[2025-03-27T17:41:29.766+0000] {logging_mixin.py:190} INFO - [2025-03-27T17:41:29.766+0000] {dag.py:4180} INFO - Setting next_dagrun for dataset_alias_example_alias_consumer to None, run_after=None
[2025-03-27T17:41:29.770+0000] {logging_mixin.py:190} INFO - [2025-03-27T17:41:29.770+0000] {dag.py:4180} INFO - Setting next_dagrun for dataset_alias_example_alias_producer to None, run_after=None
[2025-03-27T17:41:29.772+0000] {logging_mixin.py:190} INFO - [2025-03-27T17:41:29.772+0000] {dag.py:4180} INFO - Setting next_dagrun for dataset_s3_bucket_consumer to None, run_after=None
[2025-03-27T17:41:29.775+0000] {logging_mixin.py:190} INFO - [2025-03-27T17:41:29.774+0000] {dag.py:4180} INFO - Setting next_dagrun for dataset_s3_bucket_producer to None, run_after=None
[2025-03-27T17:41:29.798+0000] {processor.py:208} INFO - Processing /home/airflow/.local/lib/python3.12/site-packages/airflow/example_dags/example_dataset_alias.py took 0.549 seconds
[2025-03-27T17:42:00.411+0000] {processor.py:186} INFO - Started process (PID=476) to work on /home/airflow/.local/lib/python3.12/site-packages/airflow/example_dags/example_dataset_alias.py
[2025-03-27T17:42:00.412+0000] {processor.py:914} INFO - Processing file /home/airflow/.local/lib/python3.12/site-packages/airflow/example_dags/example_dataset_alias.py for tasks to queue
[2025-03-27T17:42:00.415+0000] {logging_mixin.py:190} INFO - [2025-03-27T17:42:00.415+0000] {dagbag.py:588} INFO - Filling up the DagBag from /home/airflow/.local/lib/python3.12/site-packages/airflow/example_dags/example_dataset_alias.py
[2025-03-27T17:42:01.206+0000] {processor.py:925} INFO - DAG(s) 'dataset_s3_bucket_producer', 'dataset_alias_example_alias_producer', 'dataset_alias_example_alias_consumer', 'dataset_s3_bucket_consumer' retrieved from /home/airflow/.local/lib/python3.12/site-packages/airflow/example_dags/example_dataset_alias.py
[2025-03-27T17:42:01.236+0000] {logging_mixin.py:190} INFO - [2025-03-27T17:42:01.235+0000] {dag.py:3239} INFO - Sync 4 DAGs
[2025-03-27T17:42:01.265+0000] {logging_mixin.py:190} INFO - [2025-03-27T17:42:01.265+0000] {dag.py:4180} INFO - Setting next_dagrun for dataset_alias_example_alias_consumer to None, run_after=None
[2025-03-27T17:42:01.268+0000] {logging_mixin.py:190} INFO - [2025-03-27T17:42:01.268+0000] {dag.py:4180} INFO - Setting next_dagrun for dataset_alias_example_alias_producer to None, run_after=None
[2025-03-27T17:42:01.270+0000] {logging_mixin.py:190} INFO - [2025-03-27T17:42:01.270+0000] {dag.py:4180} INFO - Setting next_dagrun for dataset_s3_bucket_consumer to None, run_after=None
[2025-03-27T17:42:01.272+0000] {logging_mixin.py:190} INFO - [2025-03-27T17:42:01.271+0000] {dag.py:4180} INFO - Setting next_dagrun for dataset_s3_bucket_producer to None, run_after=None
[2025-03-27T17:42:01.304+0000] {processor.py:208} INFO - Processing /home/airflow/.local/lib/python3.12/site-packages/airflow/example_dags/example_dataset_alias.py took 0.902 seconds
[2025-03-27T17:42:31.864+0000] {processor.py:186} INFO - Started process (PID=540) to work on /home/airflow/.local/lib/python3.12/site-packages/airflow/example_dags/example_dataset_alias.py
[2025-03-27T17:42:31.866+0000] {processor.py:914} INFO - Processing file /home/airflow/.local/lib/python3.12/site-packages/airflow/example_dags/example_dataset_alias.py for tasks to queue
[2025-03-27T17:42:31.869+0000] {logging_mixin.py:190} INFO - [2025-03-27T17:42:31.869+0000] {dagbag.py:588} INFO - Filling up the DagBag from /home/airflow/.local/lib/python3.12/site-packages/airflow/example_dags/example_dataset_alias.py
[2025-03-27T17:42:32.526+0000] {processor.py:925} INFO - DAG(s) 'dataset_alias_example_alias_consumer', 'dataset_alias_example_alias_producer', 'dataset_s3_bucket_consumer', 'dataset_s3_bucket_producer' retrieved from /home/airflow/.local/lib/python3.12/site-packages/airflow/example_dags/example_dataset_alias.py
[2025-03-27T17:42:32.557+0000] {logging_mixin.py:190} INFO - [2025-03-27T17:42:32.556+0000] {dag.py:3239} INFO - Sync 4 DAGs
[2025-03-27T17:42:32.584+0000] {logging_mixin.py:190} INFO - [2025-03-27T17:42:32.584+0000] {dag.py:4180} INFO - Setting next_dagrun for dataset_alias_example_alias_consumer to None, run_after=None
[2025-03-27T17:42:32.588+0000] {logging_mixin.py:190} INFO - [2025-03-27T17:42:32.588+0000] {dag.py:4180} INFO - Setting next_dagrun for dataset_alias_example_alias_producer to None, run_after=None
[2025-03-27T17:42:32.590+0000] {logging_mixin.py:190} INFO - [2025-03-27T17:42:32.590+0000] {dag.py:4180} INFO - Setting next_dagrun for dataset_s3_bucket_consumer to None, run_after=None
[2025-03-27T17:42:32.592+0000] {logging_mixin.py:190} INFO - [2025-03-27T17:42:32.592+0000] {dag.py:4180} INFO - Setting next_dagrun for dataset_s3_bucket_producer to None, run_after=None
[2025-03-27T17:42:32.614+0000] {processor.py:208} INFO - Processing /home/airflow/.local/lib/python3.12/site-packages/airflow/example_dags/example_dataset_alias.py took 0.758 seconds
[2025-03-27T17:43:02.676+0000] {processor.py:186} INFO - Started process (PID=603) to work on /home/airflow/.local/lib/python3.12/site-packages/airflow/example_dags/example_dataset_alias.py
[2025-03-27T17:43:02.677+0000] {processor.py:914} INFO - Processing file /home/airflow/.local/lib/python3.12/site-packages/airflow/example_dags/example_dataset_alias.py for tasks to queue
[2025-03-27T17:43:02.680+0000] {logging_mixin.py:190} INFO - [2025-03-27T17:43:02.679+0000] {dagbag.py:588} INFO - Filling up the DagBag from /home/airflow/.local/lib/python3.12/site-packages/airflow/example_dags/example_dataset_alias.py
[2025-03-27T17:43:03.184+0000] {processor.py:925} INFO - DAG(s) 'dataset_s3_bucket_producer', 'dataset_alias_example_alias_consumer', 'dataset_alias_example_alias_producer', 'dataset_s3_bucket_consumer' retrieved from /home/airflow/.local/lib/python3.12/site-packages/airflow/example_dags/example_dataset_alias.py
[2025-03-27T17:43:03.206+0000] {logging_mixin.py:190} INFO - [2025-03-27T17:43:03.205+0000] {dag.py:3239} INFO - Sync 4 DAGs
[2025-03-27T17:43:03.232+0000] {logging_mixin.py:190} INFO - [2025-03-27T17:43:03.232+0000] {dag.py:4180} INFO - Setting next_dagrun for dataset_alias_example_alias_consumer to None, run_after=None
[2025-03-27T17:43:03.236+0000] {logging_mixin.py:190} INFO - [2025-03-27T17:43:03.236+0000] {dag.py:4180} INFO - Setting next_dagrun for dataset_alias_example_alias_producer to None, run_after=None
[2025-03-27T17:43:03.238+0000] {logging_mixin.py:190} INFO - [2025-03-27T17:43:03.238+0000] {dag.py:4180} INFO - Setting next_dagrun for dataset_s3_bucket_consumer to None, run_after=None
[2025-03-27T17:43:03.239+0000] {logging_mixin.py:190} INFO - [2025-03-27T17:43:03.239+0000] {dag.py:4180} INFO - Setting next_dagrun for dataset_s3_bucket_producer to None, run_after=None
[2025-03-27T17:43:03.259+0000] {processor.py:208} INFO - Processing /home/airflow/.local/lib/python3.12/site-packages/airflow/example_dags/example_dataset_alias.py took 0.590 seconds
[2025-03-27T17:43:33.783+0000] {processor.py:186} INFO - Started process (PID=669) to work on /home/airflow/.local/lib/python3.12/site-packages/airflow/example_dags/example_dataset_alias.py
[2025-03-27T17:43:33.784+0000] {processor.py:914} INFO - Processing file /home/airflow/.local/lib/python3.12/site-packages/airflow/example_dags/example_dataset_alias.py for tasks to queue
[2025-03-27T17:43:33.787+0000] {logging_mixin.py:190} INFO - [2025-03-27T17:43:33.787+0000] {dagbag.py:588} INFO - Filling up the DagBag from /home/airflow/.local/lib/python3.12/site-packages/airflow/example_dags/example_dataset_alias.py
[2025-03-27T17:43:34.526+0000] {processor.py:925} INFO - DAG(s) 'dataset_s3_bucket_producer', 'dataset_s3_bucket_consumer', 'dataset_alias_example_alias_producer', 'dataset_alias_example_alias_consumer' retrieved from /home/airflow/.local/lib/python3.12/site-packages/airflow/example_dags/example_dataset_alias.py
[2025-03-27T17:43:34.567+0000] {logging_mixin.py:190} INFO - [2025-03-27T17:43:34.566+0000] {dag.py:3239} INFO - Sync 4 DAGs
[2025-03-27T17:43:34.604+0000] {logging_mixin.py:190} INFO - [2025-03-27T17:43:34.603+0000] {dag.py:4180} INFO - Setting next_dagrun for dataset_alias_example_alias_consumer to None, run_after=None
[2025-03-27T17:43:34.609+0000] {logging_mixin.py:190} INFO - [2025-03-27T17:43:34.608+0000] {dag.py:4180} INFO - Setting next_dagrun for dataset_alias_example_alias_producer to None, run_after=None
[2025-03-27T17:43:34.611+0000] {logging_mixin.py:190} INFO - [2025-03-27T17:43:34.611+0000] {dag.py:4180} INFO - Setting next_dagrun for dataset_s3_bucket_consumer to None, run_after=None
[2025-03-27T17:43:34.614+0000] {logging_mixin.py:190} INFO - [2025-03-27T17:43:34.613+0000] {dag.py:4180} INFO - Setting next_dagrun for dataset_s3_bucket_producer to None, run_after=None
[2025-03-27T17:43:34.658+0000] {processor.py:208} INFO - Processing /home/airflow/.local/lib/python3.12/site-packages/airflow/example_dags/example_dataset_alias.py took 0.881 seconds
[2025-03-27T17:44:04.916+0000] {processor.py:186} INFO - Started process (PID=733) to work on /home/airflow/.local/lib/python3.12/site-packages/airflow/example_dags/example_dataset_alias.py
[2025-03-27T17:44:04.917+0000] {processor.py:914} INFO - Processing file /home/airflow/.local/lib/python3.12/site-packages/airflow/example_dags/example_dataset_alias.py for tasks to queue
[2025-03-27T17:44:04.918+0000] {logging_mixin.py:190} INFO - [2025-03-27T17:44:04.918+0000] {dagbag.py:588} INFO - Filling up the DagBag from /home/airflow/.local/lib/python3.12/site-packages/airflow/example_dags/example_dataset_alias.py
[2025-03-27T17:44:05.476+0000] {processor.py:925} INFO - DAG(s) 'dataset_s3_bucket_consumer', 'dataset_s3_bucket_producer', 'dataset_alias_example_alias_producer', 'dataset_alias_example_alias_consumer' retrieved from /home/airflow/.local/lib/python3.12/site-packages/airflow/example_dags/example_dataset_alias.py
[2025-03-27T17:44:05.497+0000] {logging_mixin.py:190} INFO - [2025-03-27T17:44:05.496+0000] {dag.py:3239} INFO - Sync 4 DAGs
[2025-03-27T17:44:05.518+0000] {logging_mixin.py:190} INFO - [2025-03-27T17:44:05.518+0000] {dag.py:4180} INFO - Setting next_dagrun for dataset_alias_example_alias_consumer to None, run_after=None
[2025-03-27T17:44:05.521+0000] {logging_mixin.py:190} INFO - [2025-03-27T17:44:05.521+0000] {dag.py:4180} INFO - Setting next_dagrun for dataset_alias_example_alias_producer to None, run_after=None
[2025-03-27T17:44:05.522+0000] {logging_mixin.py:190} INFO - [2025-03-27T17:44:05.522+0000] {dag.py:4180} INFO - Setting next_dagrun for dataset_s3_bucket_consumer to None, run_after=None
[2025-03-27T17:44:05.523+0000] {logging_mixin.py:190} INFO - [2025-03-27T17:44:05.523+0000] {dag.py:4180} INFO - Setting next_dagrun for dataset_s3_bucket_producer to None, run_after=None
[2025-03-27T17:44:05.543+0000] {processor.py:208} INFO - Processing /home/airflow/.local/lib/python3.12/site-packages/airflow/example_dags/example_dataset_alias.py took 0.632 seconds
[2025-03-27T17:44:35.757+0000] {processor.py:186} INFO - Started process (PID=809) to work on /home/airflow/.local/lib/python3.12/site-packages/airflow/example_dags/example_dataset_alias.py
[2025-03-27T17:44:35.758+0000] {processor.py:914} INFO - Processing file /home/airflow/.local/lib/python3.12/site-packages/airflow/example_dags/example_dataset_alias.py for tasks to queue
[2025-03-27T17:44:35.760+0000] {logging_mixin.py:190} INFO - [2025-03-27T17:44:35.759+0000] {dagbag.py:588} INFO - Filling up the DagBag from /home/airflow/.local/lib/python3.12/site-packages/airflow/example_dags/example_dataset_alias.py
[2025-03-27T17:44:36.411+0000] {processor.py:925} INFO - DAG(s) 'dataset_alias_example_alias_consumer', 'dataset_s3_bucket_consumer', 'dataset_s3_bucket_producer', 'dataset_alias_example_alias_producer' retrieved from /home/airflow/.local/lib/python3.12/site-packages/airflow/example_dags/example_dataset_alias.py
[2025-03-27T17:44:36.449+0000] {logging_mixin.py:190} INFO - [2025-03-27T17:44:36.448+0000] {dag.py:3239} INFO - Sync 4 DAGs
[2025-03-27T17:44:36.474+0000] {logging_mixin.py:190} INFO - [2025-03-27T17:44:36.474+0000] {dag.py:4180} INFO - Setting next_dagrun for dataset_alias_example_alias_consumer to None, run_after=None
[2025-03-27T17:44:36.478+0000] {logging_mixin.py:190} INFO - [2025-03-27T17:44:36.478+0000] {dag.py:4180} INFO - Setting next_dagrun for dataset_alias_example_alias_producer to None, run_after=None
[2025-03-27T17:44:36.481+0000] {logging_mixin.py:190} INFO - [2025-03-27T17:44:36.480+0000] {dag.py:4180} INFO - Setting next_dagrun for dataset_s3_bucket_consumer to None, run_after=None
[2025-03-27T17:44:36.483+0000] {logging_mixin.py:190} INFO - [2025-03-27T17:44:36.483+0000] {dag.py:4180} INFO - Setting next_dagrun for dataset_s3_bucket_producer to None, run_after=None
[2025-03-27T17:44:36.513+0000] {processor.py:208} INFO - Processing /home/airflow/.local/lib/python3.12/site-packages/airflow/example_dags/example_dataset_alias.py took 0.761 seconds
[2025-03-27T17:45:06.737+0000] {processor.py:186} INFO - Started process (PID=873) to work on /home/airflow/.local/lib/python3.12/site-packages/airflow/example_dags/example_dataset_alias.py
[2025-03-27T17:45:06.739+0000] {processor.py:914} INFO - Processing file /home/airflow/.local/lib/python3.12/site-packages/airflow/example_dags/example_dataset_alias.py for tasks to queue
[2025-03-27T17:45:06.741+0000] {logging_mixin.py:190} INFO - [2025-03-27T17:45:06.741+0000] {dagbag.py:588} INFO - Filling up the DagBag from /home/airflow/.local/lib/python3.12/site-packages/airflow/example_dags/example_dataset_alias.py
[2025-03-27T17:45:07.271+0000] {processor.py:925} INFO - DAG(s) 'dataset_s3_bucket_producer', 'dataset_alias_example_alias_producer', 'dataset_s3_bucket_consumer', 'dataset_alias_example_alias_consumer' retrieved from /home/airflow/.local/lib/python3.12/site-packages/airflow/example_dags/example_dataset_alias.py
[2025-03-27T17:45:07.290+0000] {logging_mixin.py:190} INFO - [2025-03-27T17:45:07.290+0000] {dag.py:3239} INFO - Sync 4 DAGs
[2025-03-27T17:45:07.311+0000] {logging_mixin.py:190} INFO - [2025-03-27T17:45:07.311+0000] {dag.py:4180} INFO - Setting next_dagrun for dataset_alias_example_alias_consumer to None, run_after=None
[2025-03-27T17:45:07.314+0000] {logging_mixin.py:190} INFO - [2025-03-27T17:45:07.314+0000] {dag.py:4180} INFO - Setting next_dagrun for dataset_alias_example_alias_producer to None, run_after=None
[2025-03-27T17:45:07.315+0000] {logging_mixin.py:190} INFO - [2025-03-27T17:45:07.315+0000] {dag.py:4180} INFO - Setting next_dagrun for dataset_s3_bucket_consumer to None, run_after=None
[2025-03-27T17:45:07.316+0000] {logging_mixin.py:190} INFO - [2025-03-27T17:45:07.316+0000] {dag.py:4180} INFO - Setting next_dagrun for dataset_s3_bucket_producer to None, run_after=None
[2025-03-27T17:45:07.336+0000] {processor.py:208} INFO - Processing /home/airflow/.local/lib/python3.12/site-packages/airflow/example_dags/example_dataset_alias.py took 0.603 seconds
[2025-03-27T17:45:37.518+0000] {processor.py:186} INFO - Started process (PID=935) to work on /home/airflow/.local/lib/python3.12/site-packages/airflow/example_dags/example_dataset_alias.py
[2025-03-27T17:45:37.519+0000] {processor.py:914} INFO - Processing file /home/airflow/.local/lib/python3.12/site-packages/airflow/example_dags/example_dataset_alias.py for tasks to queue
[2025-03-27T17:45:37.521+0000] {logging_mixin.py:190} INFO - [2025-03-27T17:45:37.520+0000] {dagbag.py:588} INFO - Filling up the DagBag from /home/airflow/.local/lib/python3.12/site-packages/airflow/example_dags/example_dataset_alias.py
[2025-03-27T17:45:38.015+0000] {processor.py:925} INFO - DAG(s) 'dataset_alias_example_alias_producer', 'dataset_s3_bucket_producer', 'dataset_s3_bucket_consumer', 'dataset_alias_example_alias_consumer' retrieved from /home/airflow/.local/lib/python3.12/site-packages/airflow/example_dags/example_dataset_alias.py
[2025-03-27T17:45:38.039+0000] {logging_mixin.py:190} INFO - [2025-03-27T17:45:38.038+0000] {dag.py:3239} INFO - Sync 4 DAGs
[2025-03-27T17:45:38.063+0000] {logging_mixin.py:190} INFO - [2025-03-27T17:45:38.062+0000] {dag.py:4180} INFO - Setting next_dagrun for dataset_alias_example_alias_consumer to None, run_after=None
[2025-03-27T17:45:38.066+0000] {logging_mixin.py:190} INFO - [2025-03-27T17:45:38.066+0000] {dag.py:4180} INFO - Setting next_dagrun for dataset_alias_example_alias_producer to None, run_after=None
[2025-03-27T17:45:38.068+0000] {logging_mixin.py:190} INFO - [2025-03-27T17:45:38.068+0000] {dag.py:4180} INFO - Setting next_dagrun for dataset_s3_bucket_consumer to None, run_after=None
[2025-03-27T17:45:38.069+0000] {logging_mixin.py:190} INFO - [2025-03-27T17:45:38.069+0000] {dag.py:4180} INFO - Setting next_dagrun for dataset_s3_bucket_producer to None, run_after=None
[2025-03-27T17:45:38.092+0000] {processor.py:208} INFO - Processing /home/airflow/.local/lib/python3.12/site-packages/airflow/example_dags/example_dataset_alias.py took 0.579 seconds
[2025-03-27T17:46:08.979+0000] {processor.py:186} INFO - Started process (PID=1000) to work on /home/airflow/.local/lib/python3.12/site-packages/airflow/example_dags/example_dataset_alias.py
[2025-03-27T17:46:08.980+0000] {processor.py:914} INFO - Processing file /home/airflow/.local/lib/python3.12/site-packages/airflow/example_dags/example_dataset_alias.py for tasks to queue
[2025-03-27T17:46:08.983+0000] {logging_mixin.py:190} INFO - [2025-03-27T17:46:08.983+0000] {dagbag.py:588} INFO - Filling up the DagBag from /home/airflow/.local/lib/python3.12/site-packages/airflow/example_dags/example_dataset_alias.py
[2025-03-27T17:46:09.500+0000] {processor.py:925} INFO - DAG(s) 'dataset_alias_example_alias_producer', 'dataset_alias_example_alias_consumer', 'dataset_s3_bucket_consumer', 'dataset_s3_bucket_producer' retrieved from /home/airflow/.local/lib/python3.12/site-packages/airflow/example_dags/example_dataset_alias.py
[2025-03-27T17:46:09.523+0000] {logging_mixin.py:190} INFO - [2025-03-27T17:46:09.522+0000] {dag.py:3239} INFO - Sync 4 DAGs
[2025-03-27T17:46:09.548+0000] {logging_mixin.py:190} INFO - [2025-03-27T17:46:09.547+0000] {dag.py:4180} INFO - Setting next_dagrun for dataset_alias_example_alias_consumer to None, run_after=None
[2025-03-27T17:46:09.550+0000] {logging_mixin.py:190} INFO - [2025-03-27T17:46:09.550+0000] {dag.py:4180} INFO - Setting next_dagrun for dataset_alias_example_alias_producer to None, run_after=None
[2025-03-27T17:46:09.552+0000] {logging_mixin.py:190} INFO - [2025-03-27T17:46:09.552+0000] {dag.py:4180} INFO - Setting next_dagrun for dataset_s3_bucket_consumer to None, run_after=None
[2025-03-27T17:46:09.554+0000] {logging_mixin.py:190} INFO - [2025-03-27T17:46:09.553+0000] {dag.py:4180} INFO - Setting next_dagrun for dataset_s3_bucket_producer to None, run_after=None
[2025-03-27T17:46:09.574+0000] {processor.py:208} INFO - Processing /home/airflow/.local/lib/python3.12/site-packages/airflow/example_dags/example_dataset_alias.py took 0.601 seconds
[2025-03-27T17:46:39.704+0000] {processor.py:186} INFO - Started process (PID=1064) to work on /home/airflow/.local/lib/python3.12/site-packages/airflow/example_dags/example_dataset_alias.py
[2025-03-27T17:46:39.705+0000] {processor.py:914} INFO - Processing file /home/airflow/.local/lib/python3.12/site-packages/airflow/example_dags/example_dataset_alias.py for tasks to queue
[2025-03-27T17:46:39.707+0000] {logging_mixin.py:190} INFO - [2025-03-27T17:46:39.707+0000] {dagbag.py:588} INFO - Filling up the DagBag from /home/airflow/.local/lib/python3.12/site-packages/airflow/example_dags/example_dataset_alias.py
[2025-03-27T17:46:40.240+0000] {processor.py:925} INFO - DAG(s) 'dataset_s3_bucket_producer', 'dataset_s3_bucket_consumer', 'dataset_alias_example_alias_consumer', 'dataset_alias_example_alias_producer' retrieved from /home/airflow/.local/lib/python3.12/site-packages/airflow/example_dags/example_dataset_alias.py
[2025-03-27T17:46:40.264+0000] {logging_mixin.py:190} INFO - [2025-03-27T17:46:40.263+0000] {dag.py:3239} INFO - Sync 4 DAGs
[2025-03-27T17:46:40.287+0000] {logging_mixin.py:190} INFO - [2025-03-27T17:46:40.286+0000] {dag.py:4180} INFO - Setting next_dagrun for dataset_alias_example_alias_consumer to None, run_after=None
[2025-03-27T17:46:40.290+0000] {logging_mixin.py:190} INFO - [2025-03-27T17:46:40.289+0000] {dag.py:4180} INFO - Setting next_dagrun for dataset_alias_example_alias_producer to None, run_after=None
[2025-03-27T17:46:40.291+0000] {logging_mixin.py:190} INFO - [2025-03-27T17:46:40.291+0000] {dag.py:4180} INFO - Setting next_dagrun for dataset_s3_bucket_consumer to None, run_after=None
[2025-03-27T17:46:40.292+0000] {logging_mixin.py:190} INFO - [2025-03-27T17:46:40.292+0000] {dag.py:4180} INFO - Setting next_dagrun for dataset_s3_bucket_producer to None, run_after=None
[2025-03-27T17:46:40.314+0000] {processor.py:208} INFO - Processing /home/airflow/.local/lib/python3.12/site-packages/airflow/example_dags/example_dataset_alias.py took 0.615 seconds
[2025-03-27T17:47:10.450+0000] {processor.py:186} INFO - Started process (PID=1128) to work on /home/airflow/.local/lib/python3.12/site-packages/airflow/example_dags/example_dataset_alias.py
[2025-03-27T17:47:10.451+0000] {processor.py:914} INFO - Processing file /home/airflow/.local/lib/python3.12/site-packages/airflow/example_dags/example_dataset_alias.py for tasks to queue
[2025-03-27T17:47:10.452+0000] {logging_mixin.py:190} INFO - [2025-03-27T17:47:10.452+0000] {dagbag.py:588} INFO - Filling up the DagBag from /home/airflow/.local/lib/python3.12/site-packages/airflow/example_dags/example_dataset_alias.py
[2025-03-27T17:47:10.909+0000] {processor.py:925} INFO - DAG(s) 'dataset_s3_bucket_producer', 'dataset_s3_bucket_consumer', 'dataset_alias_example_alias_consumer', 'dataset_alias_example_alias_producer' retrieved from /home/airflow/.local/lib/python3.12/site-packages/airflow/example_dags/example_dataset_alias.py
[2025-03-27T17:47:10.929+0000] {logging_mixin.py:190} INFO - [2025-03-27T17:47:10.929+0000] {dag.py:3239} INFO - Sync 4 DAGs
[2025-03-27T17:47:10.952+0000] {logging_mixin.py:190} INFO - [2025-03-27T17:47:10.952+0000] {dag.py:4180} INFO - Setting next_dagrun for dataset_alias_example_alias_consumer to None, run_after=None
[2025-03-27T17:47:10.955+0000] {logging_mixin.py:190} INFO - [2025-03-27T17:47:10.955+0000] {dag.py:4180} INFO - Setting next_dagrun for dataset_alias_example_alias_producer to None, run_after=None
[2025-03-27T17:47:10.956+0000] {logging_mixin.py:190} INFO - [2025-03-27T17:47:10.956+0000] {dag.py:4180} INFO - Setting next_dagrun for dataset_s3_bucket_consumer to None, run_after=None
[2025-03-27T17:47:10.957+0000] {logging_mixin.py:190} INFO - [2025-03-27T17:47:10.957+0000] {dag.py:4180} INFO - Setting next_dagrun for dataset_s3_bucket_producer to None, run_after=None
[2025-03-27T17:47:10.976+0000] {processor.py:208} INFO - Processing /home/airflow/.local/lib/python3.12/site-packages/airflow/example_dags/example_dataset_alias.py took 0.531 seconds
[2025-03-27T17:47:41.753+0000] {processor.py:186} INFO - Started process (PID=1192) to work on /home/airflow/.local/lib/python3.12/site-packages/airflow/example_dags/example_dataset_alias.py
[2025-03-27T17:47:41.754+0000] {processor.py:914} INFO - Processing file /home/airflow/.local/lib/python3.12/site-packages/airflow/example_dags/example_dataset_alias.py for tasks to queue
[2025-03-27T17:47:41.756+0000] {logging_mixin.py:190} INFO - [2025-03-27T17:47:41.755+0000] {dagbag.py:588} INFO - Filling up the DagBag from /home/airflow/.local/lib/python3.12/site-packages/airflow/example_dags/example_dataset_alias.py
[2025-03-27T17:47:42.273+0000] {processor.py:925} INFO - DAG(s) 'dataset_s3_bucket_producer', 'dataset_alias_example_alias_consumer', 'dataset_alias_example_alias_producer', 'dataset_s3_bucket_consumer' retrieved from /home/airflow/.local/lib/python3.12/site-packages/airflow/example_dags/example_dataset_alias.py
[2025-03-27T17:47:42.291+0000] {logging_mixin.py:190} INFO - [2025-03-27T17:47:42.291+0000] {dag.py:3239} INFO - Sync 4 DAGs
[2025-03-27T17:47:42.312+0000] {logging_mixin.py:190} INFO - [2025-03-27T17:47:42.312+0000] {dag.py:4180} INFO - Setting next_dagrun for dataset_alias_example_alias_consumer to None, run_after=None
[2025-03-27T17:47:42.315+0000] {logging_mixin.py:190} INFO - [2025-03-27T17:47:42.315+0000] {dag.py:4180} INFO - Setting next_dagrun for dataset_alias_example_alias_producer to None, run_after=None
[2025-03-27T17:47:42.316+0000] {logging_mixin.py:190} INFO - [2025-03-27T17:47:42.316+0000] {dag.py:4180} INFO - Setting next_dagrun for dataset_s3_bucket_consumer to None, run_after=None
[2025-03-27T17:47:42.317+0000] {logging_mixin.py:190} INFO - [2025-03-27T17:47:42.317+0000] {dag.py:4180} INFO - Setting next_dagrun for dataset_s3_bucket_producer to None, run_after=None
[2025-03-27T17:47:42.337+0000] {processor.py:208} INFO - Processing /home/airflow/.local/lib/python3.12/site-packages/airflow/example_dags/example_dataset_alias.py took 0.589 seconds
[2025-03-27T17:48:13.018+0000] {processor.py:186} INFO - Started process (PID=1256) to work on /home/airflow/.local/lib/python3.12/site-packages/airflow/example_dags/example_dataset_alias.py
[2025-03-27T17:48:13.019+0000] {processor.py:914} INFO - Processing file /home/airflow/.local/lib/python3.12/site-packages/airflow/example_dags/example_dataset_alias.py for tasks to queue
[2025-03-27T17:48:13.022+0000] {logging_mixin.py:190} INFO - [2025-03-27T17:48:13.022+0000] {dagbag.py:588} INFO - Filling up the DagBag from /home/airflow/.local/lib/python3.12/site-packages/airflow/example_dags/example_dataset_alias.py
[2025-03-27T17:48:13.685+0000] {processor.py:925} INFO - DAG(s) 'dataset_s3_bucket_consumer', 'dataset_alias_example_alias_consumer', 'dataset_alias_example_alias_producer', 'dataset_s3_bucket_producer' retrieved from /home/airflow/.local/lib/python3.12/site-packages/airflow/example_dags/example_dataset_alias.py
[2025-03-27T17:48:13.712+0000] {logging_mixin.py:190} INFO - [2025-03-27T17:48:13.711+0000] {dag.py:3239} INFO - Sync 4 DAGs
[2025-03-27T17:48:13.743+0000] {logging_mixin.py:190} INFO - [2025-03-27T17:48:13.743+0000] {dag.py:4180} INFO - Setting next_dagrun for dataset_alias_example_alias_consumer to None, run_after=None
[2025-03-27T17:48:13.747+0000] {logging_mixin.py:190} INFO - [2025-03-27T17:48:13.747+0000] {dag.py:4180} INFO - Setting next_dagrun for dataset_alias_example_alias_producer to None, run_after=None
[2025-03-27T17:48:13.749+0000] {logging_mixin.py:190} INFO - [2025-03-27T17:48:13.749+0000] {dag.py:4180} INFO - Setting next_dagrun for dataset_s3_bucket_consumer to None, run_after=None
[2025-03-27T17:48:13.751+0000] {logging_mixin.py:190} INFO - [2025-03-27T17:48:13.751+0000] {dag.py:4180} INFO - Setting next_dagrun for dataset_s3_bucket_producer to None, run_after=None
[2025-03-27T17:48:13.777+0000] {processor.py:208} INFO - Processing /home/airflow/.local/lib/python3.12/site-packages/airflow/example_dags/example_dataset_alias.py took 0.765 seconds
[2025-03-27T17:48:44.091+0000] {processor.py:186} INFO - Started process (PID=1320) to work on /home/airflow/.local/lib/python3.12/site-packages/airflow/example_dags/example_dataset_alias.py
[2025-03-27T17:48:44.092+0000] {processor.py:914} INFO - Processing file /home/airflow/.local/lib/python3.12/site-packages/airflow/example_dags/example_dataset_alias.py for tasks to queue
[2025-03-27T17:48:44.095+0000] {logging_mixin.py:190} INFO - [2025-03-27T17:48:44.094+0000] {dagbag.py:588} INFO - Filling up the DagBag from /home/airflow/.local/lib/python3.12/site-packages/airflow/example_dags/example_dataset_alias.py
[2025-03-27T17:48:44.634+0000] {processor.py:925} INFO - DAG(s) 'dataset_s3_bucket_producer', 'dataset_alias_example_alias_producer', 'dataset_s3_bucket_consumer', 'dataset_alias_example_alias_consumer' retrieved from /home/airflow/.local/lib/python3.12/site-packages/airflow/example_dags/example_dataset_alias.py
[2025-03-27T17:48:44.657+0000] {logging_mixin.py:190} INFO - [2025-03-27T17:48:44.656+0000] {dag.py:3239} INFO - Sync 4 DAGs
[2025-03-27T17:48:44.680+0000] {logging_mixin.py:190} INFO - [2025-03-27T17:48:44.679+0000] {dag.py:4180} INFO - Setting next_dagrun for dataset_alias_example_alias_consumer to None, run_after=None
[2025-03-27T17:48:44.682+0000] {logging_mixin.py:190} INFO - [2025-03-27T17:48:44.682+0000] {dag.py:4180} INFO - Setting next_dagrun for dataset_alias_example_alias_producer to None, run_after=None
[2025-03-27T17:48:44.684+0000] {logging_mixin.py:190} INFO - [2025-03-27T17:48:44.684+0000] {dag.py:4180} INFO - Setting next_dagrun for dataset_s3_bucket_consumer to None, run_after=None
[2025-03-27T17:48:44.686+0000] {logging_mixin.py:190} INFO - [2025-03-27T17:48:44.686+0000] {dag.py:4180} INFO - Setting next_dagrun for dataset_s3_bucket_producer to None, run_after=None
[2025-03-27T17:48:44.708+0000] {processor.py:208} INFO - Processing /home/airflow/.local/lib/python3.12/site-packages/airflow/example_dags/example_dataset_alias.py took 0.622 seconds
[2025-03-27T17:49:14.775+0000] {processor.py:186} INFO - Started process (PID=1384) to work on /home/airflow/.local/lib/python3.12/site-packages/airflow/example_dags/example_dataset_alias.py
[2025-03-27T17:49:14.776+0000] {processor.py:914} INFO - Processing file /home/airflow/.local/lib/python3.12/site-packages/airflow/example_dags/example_dataset_alias.py for tasks to queue
[2025-03-27T17:49:14.778+0000] {logging_mixin.py:190} INFO - [2025-03-27T17:49:14.778+0000] {dagbag.py:588} INFO - Filling up the DagBag from /home/airflow/.local/lib/python3.12/site-packages/airflow/example_dags/example_dataset_alias.py
[2025-03-27T17:49:15.336+0000] {processor.py:925} INFO - DAG(s) 'dataset_alias_example_alias_consumer', 'dataset_s3_bucket_producer', 'dataset_s3_bucket_consumer', 'dataset_alias_example_alias_producer' retrieved from /home/airflow/.local/lib/python3.12/site-packages/airflow/example_dags/example_dataset_alias.py
[2025-03-27T17:49:15.358+0000] {logging_mixin.py:190} INFO - [2025-03-27T17:49:15.357+0000] {dag.py:3239} INFO - Sync 4 DAGs
[2025-03-27T17:49:15.378+0000] {logging_mixin.py:190} INFO - [2025-03-27T17:49:15.378+0000] {dag.py:4180} INFO - Setting next_dagrun for dataset_alias_example_alias_consumer to None, run_after=None
[2025-03-27T17:49:15.380+0000] {logging_mixin.py:190} INFO - [2025-03-27T17:49:15.380+0000] {dag.py:4180} INFO - Setting next_dagrun for dataset_alias_example_alias_producer to None, run_after=None
[2025-03-27T17:49:15.382+0000] {logging_mixin.py:190} INFO - [2025-03-27T17:49:15.382+0000] {dag.py:4180} INFO - Setting next_dagrun for dataset_s3_bucket_consumer to None, run_after=None
[2025-03-27T17:49:15.383+0000] {logging_mixin.py:190} INFO - [2025-03-27T17:49:15.383+0000] {dag.py:4180} INFO - Setting next_dagrun for dataset_s3_bucket_producer to None, run_after=None
[2025-03-27T17:49:15.402+0000] {processor.py:208} INFO - Processing /home/airflow/.local/lib/python3.12/site-packages/airflow/example_dags/example_dataset_alias.py took 0.632 seconds
[2025-03-27T17:49:45.706+0000] {processor.py:186} INFO - Started process (PID=1454) to work on /home/airflow/.local/lib/python3.12/site-packages/airflow/example_dags/example_dataset_alias.py
[2025-03-27T17:49:45.708+0000] {processor.py:914} INFO - Processing file /home/airflow/.local/lib/python3.12/site-packages/airflow/example_dags/example_dataset_alias.py for tasks to queue
[2025-03-27T17:49:45.711+0000] {logging_mixin.py:190} INFO - [2025-03-27T17:49:45.710+0000] {dagbag.py:588} INFO - Filling up the DagBag from /home/airflow/.local/lib/python3.12/site-packages/airflow/example_dags/example_dataset_alias.py
[2025-03-27T17:49:46.223+0000] {processor.py:925} INFO - DAG(s) 'dataset_alias_example_alias_producer', 'dataset_alias_example_alias_consumer', 'dataset_s3_bucket_producer', 'dataset_s3_bucket_consumer' retrieved from /home/airflow/.local/lib/python3.12/site-packages/airflow/example_dags/example_dataset_alias.py
[2025-03-27T17:49:46.245+0000] {logging_mixin.py:190} INFO - [2025-03-27T17:49:46.245+0000] {dag.py:3239} INFO - Sync 4 DAGs
[2025-03-27T17:49:46.272+0000] {logging_mixin.py:190} INFO - [2025-03-27T17:49:46.272+0000] {dag.py:4180} INFO - Setting next_dagrun for dataset_alias_example_alias_consumer to None, run_after=None
[2025-03-27T17:49:46.276+0000] {logging_mixin.py:190} INFO - [2025-03-27T17:49:46.276+0000] {dag.py:4180} INFO - Setting next_dagrun for dataset_alias_example_alias_producer to None, run_after=None
[2025-03-27T17:49:46.277+0000] {logging_mixin.py:190} INFO - [2025-03-27T17:49:46.277+0000] {dag.py:4180} INFO - Setting next_dagrun for dataset_s3_bucket_consumer to None, run_after=None
[2025-03-27T17:49:46.279+0000] {logging_mixin.py:190} INFO - [2025-03-27T17:49:46.279+0000] {dag.py:4180} INFO - Setting next_dagrun for dataset_s3_bucket_producer to None, run_after=None
[2025-03-27T17:49:46.309+0000] {processor.py:208} INFO - Processing /home/airflow/.local/lib/python3.12/site-packages/airflow/example_dags/example_dataset_alias.py took 0.609 seconds
[2025-03-27T17:50:16.917+0000] {processor.py:186} INFO - Started process (PID=1518) to work on /home/airflow/.local/lib/python3.12/site-packages/airflow/example_dags/example_dataset_alias.py
[2025-03-27T17:50:16.918+0000] {processor.py:914} INFO - Processing file /home/airflow/.local/lib/python3.12/site-packages/airflow/example_dags/example_dataset_alias.py for tasks to queue
[2025-03-27T17:50:16.920+0000] {logging_mixin.py:190} INFO - [2025-03-27T17:50:16.920+0000] {dagbag.py:588} INFO - Filling up the DagBag from /home/airflow/.local/lib/python3.12/site-packages/airflow/example_dags/example_dataset_alias.py
[2025-03-27T17:50:17.414+0000] {processor.py:925} INFO - DAG(s) 'dataset_s3_bucket_consumer', 'dataset_alias_example_alias_consumer', 'dataset_alias_example_alias_producer', 'dataset_s3_bucket_producer' retrieved from /home/airflow/.local/lib/python3.12/site-packages/airflow/example_dags/example_dataset_alias.py
[2025-03-27T17:50:17.437+0000] {logging_mixin.py:190} INFO - [2025-03-27T17:50:17.436+0000] {dag.py:3239} INFO - Sync 4 DAGs
[2025-03-27T17:50:17.458+0000] {logging_mixin.py:190} INFO - [2025-03-27T17:50:17.458+0000] {dag.py:4180} INFO - Setting next_dagrun for dataset_alias_example_alias_consumer to None, run_after=None
[2025-03-27T17:50:17.460+0000] {logging_mixin.py:190} INFO - [2025-03-27T17:50:17.460+0000] {dag.py:4180} INFO - Setting next_dagrun for dataset_alias_example_alias_producer to None, run_after=None
[2025-03-27T17:50:17.462+0000] {logging_mixin.py:190} INFO - [2025-03-27T17:50:17.462+0000] {dag.py:4180} INFO - Setting next_dagrun for dataset_s3_bucket_consumer to None, run_after=None
[2025-03-27T17:50:17.463+0000] {logging_mixin.py:190} INFO - [2025-03-27T17:50:17.463+0000] {dag.py:4180} INFO - Setting next_dagrun for dataset_s3_bucket_producer to None, run_after=None
[2025-03-27T17:50:17.480+0000] {processor.py:208} INFO - Processing /home/airflow/.local/lib/python3.12/site-packages/airflow/example_dags/example_dataset_alias.py took 0.569 seconds
[2025-03-27T17:50:47.641+0000] {processor.py:186} INFO - Started process (PID=1582) to work on /home/airflow/.local/lib/python3.12/site-packages/airflow/example_dags/example_dataset_alias.py
[2025-03-27T17:50:47.642+0000] {processor.py:914} INFO - Processing file /home/airflow/.local/lib/python3.12/site-packages/airflow/example_dags/example_dataset_alias.py for tasks to queue
[2025-03-27T17:50:47.645+0000] {logging_mixin.py:190} INFO - [2025-03-27T17:50:47.645+0000] {dagbag.py:588} INFO - Filling up the DagBag from /home/airflow/.local/lib/python3.12/site-packages/airflow/example_dags/example_dataset_alias.py
[2025-03-27T17:50:48.174+0000] {processor.py:925} INFO - DAG(s) 'dataset_alias_example_alias_producer', 'dataset_s3_bucket_producer', 'dataset_alias_example_alias_consumer', 'dataset_s3_bucket_consumer' retrieved from /home/airflow/.local/lib/python3.12/site-packages/airflow/example_dags/example_dataset_alias.py
[2025-03-27T17:50:48.200+0000] {logging_mixin.py:190} INFO - [2025-03-27T17:50:48.200+0000] {dag.py:3239} INFO - Sync 4 DAGs
[2025-03-27T17:50:48.226+0000] {logging_mixin.py:190} INFO - [2025-03-27T17:50:48.225+0000] {dag.py:4180} INFO - Setting next_dagrun for dataset_alias_example_alias_consumer to None, run_after=None
[2025-03-27T17:50:48.231+0000] {logging_mixin.py:190} INFO - [2025-03-27T17:50:48.231+0000] {dag.py:4180} INFO - Setting next_dagrun for dataset_alias_example_alias_producer to None, run_after=None
[2025-03-27T17:50:48.233+0000] {logging_mixin.py:190} INFO - [2025-03-27T17:50:48.233+0000] {dag.py:4180} INFO - Setting next_dagrun for dataset_s3_bucket_consumer to None, run_after=None
[2025-03-27T17:50:48.236+0000] {logging_mixin.py:190} INFO - [2025-03-27T17:50:48.235+0000] {dag.py:4180} INFO - Setting next_dagrun for dataset_s3_bucket_producer to None, run_after=None
[2025-03-27T17:50:48.264+0000] {processor.py:208} INFO - Processing /home/airflow/.local/lib/python3.12/site-packages/airflow/example_dags/example_dataset_alias.py took 0.629 seconds
[2025-03-27T17:51:18.942+0000] {processor.py:186} INFO - Started process (PID=1646) to work on /home/airflow/.local/lib/python3.12/site-packages/airflow/example_dags/example_dataset_alias.py
[2025-03-27T17:51:18.943+0000] {processor.py:914} INFO - Processing file /home/airflow/.local/lib/python3.12/site-packages/airflow/example_dags/example_dataset_alias.py for tasks to queue
[2025-03-27T17:51:18.946+0000] {logging_mixin.py:190} INFO - [2025-03-27T17:51:18.945+0000] {dagbag.py:588} INFO - Filling up the DagBag from /home/airflow/.local/lib/python3.12/site-packages/airflow/example_dags/example_dataset_alias.py
[2025-03-27T17:51:19.522+0000] {processor.py:925} INFO - DAG(s) 'dataset_alias_example_alias_producer', 'dataset_s3_bucket_consumer', 'dataset_alias_example_alias_consumer', 'dataset_s3_bucket_producer' retrieved from /home/airflow/.local/lib/python3.12/site-packages/airflow/example_dags/example_dataset_alias.py
[2025-03-27T17:51:19.543+0000] {logging_mixin.py:190} INFO - [2025-03-27T17:51:19.542+0000] {dag.py:3239} INFO - Sync 4 DAGs
[2025-03-27T17:51:19.567+0000] {logging_mixin.py:190} INFO - [2025-03-27T17:51:19.567+0000] {dag.py:4180} INFO - Setting next_dagrun for dataset_alias_example_alias_consumer to None, run_after=None
[2025-03-27T17:51:19.570+0000] {logging_mixin.py:190} INFO - [2025-03-27T17:51:19.570+0000] {dag.py:4180} INFO - Setting next_dagrun for dataset_alias_example_alias_producer to None, run_after=None
[2025-03-27T17:51:19.572+0000] {logging_mixin.py:190} INFO - [2025-03-27T17:51:19.572+0000] {dag.py:4180} INFO - Setting next_dagrun for dataset_s3_bucket_consumer to None, run_after=None
[2025-03-27T17:51:19.573+0000] {logging_mixin.py:190} INFO - [2025-03-27T17:51:19.573+0000] {dag.py:4180} INFO - Setting next_dagrun for dataset_s3_bucket_producer to None, run_after=None
[2025-03-27T17:51:19.600+0000] {processor.py:208} INFO - Processing /home/airflow/.local/lib/python3.12/site-packages/airflow/example_dags/example_dataset_alias.py took 0.662 seconds
[2025-03-27T17:51:50.230+0000] {processor.py:186} INFO - Started process (PID=1710) to work on /home/airflow/.local/lib/python3.12/site-packages/airflow/example_dags/example_dataset_alias.py
[2025-03-27T17:51:50.231+0000] {processor.py:914} INFO - Processing file /home/airflow/.local/lib/python3.12/site-packages/airflow/example_dags/example_dataset_alias.py for tasks to queue
[2025-03-27T17:51:50.235+0000] {logging_mixin.py:190} INFO - [2025-03-27T17:51:50.234+0000] {dagbag.py:588} INFO - Filling up the DagBag from /home/airflow/.local/lib/python3.12/site-packages/airflow/example_dags/example_dataset_alias.py
[2025-03-27T17:51:50.983+0000] {processor.py:925} INFO - DAG(s) 'dataset_s3_bucket_producer', 'dataset_alias_example_alias_producer', 'dataset_s3_bucket_consumer', 'dataset_alias_example_alias_consumer' retrieved from /home/airflow/.local/lib/python3.12/site-packages/airflow/example_dags/example_dataset_alias.py
[2025-03-27T17:51:51.020+0000] {logging_mixin.py:190} INFO - [2025-03-27T17:51:51.019+0000] {dag.py:3239} INFO - Sync 4 DAGs
[2025-03-27T17:51:51.055+0000] {logging_mixin.py:190} INFO - [2025-03-27T17:51:51.055+0000] {dag.py:4180} INFO - Setting next_dagrun for dataset_alias_example_alias_consumer to None, run_after=None
[2025-03-27T17:51:51.059+0000] {logging_mixin.py:190} INFO - [2025-03-27T17:51:51.059+0000] {dag.py:4180} INFO - Setting next_dagrun for dataset_alias_example_alias_producer to None, run_after=None
[2025-03-27T17:51:51.062+0000] {logging_mixin.py:190} INFO - [2025-03-27T17:51:51.062+0000] {dag.py:4180} INFO - Setting next_dagrun for dataset_s3_bucket_consumer to None, run_after=None
[2025-03-27T17:51:51.064+0000] {logging_mixin.py:190} INFO - [2025-03-27T17:51:51.064+0000] {dag.py:4180} INFO - Setting next_dagrun for dataset_s3_bucket_producer to None, run_after=None
[2025-03-27T17:51:51.090+0000] {processor.py:208} INFO - Processing /home/airflow/.local/lib/python3.12/site-packages/airflow/example_dags/example_dataset_alias.py took 0.867 seconds
[2025-03-27T17:52:21.205+0000] {processor.py:186} INFO - Started process (PID=1774) to work on /home/airflow/.local/lib/python3.12/site-packages/airflow/example_dags/example_dataset_alias.py
[2025-03-27T17:52:21.206+0000] {processor.py:914} INFO - Processing file /home/airflow/.local/lib/python3.12/site-packages/airflow/example_dags/example_dataset_alias.py for tasks to queue
[2025-03-27T17:52:21.209+0000] {logging_mixin.py:190} INFO - [2025-03-27T17:52:21.209+0000] {dagbag.py:588} INFO - Filling up the DagBag from /home/airflow/.local/lib/python3.12/site-packages/airflow/example_dags/example_dataset_alias.py
[2025-03-27T17:52:21.730+0000] {processor.py:925} INFO - DAG(s) 'dataset_alias_example_alias_producer', 'dataset_s3_bucket_consumer', 'dataset_s3_bucket_producer', 'dataset_alias_example_alias_consumer' retrieved from /home/airflow/.local/lib/python3.12/site-packages/airflow/example_dags/example_dataset_alias.py
[2025-03-27T17:52:21.749+0000] {logging_mixin.py:190} INFO - [2025-03-27T17:52:21.749+0000] {dag.py:3239} INFO - Sync 4 DAGs
[2025-03-27T17:52:21.771+0000] {logging_mixin.py:190} INFO - [2025-03-27T17:52:21.770+0000] {dag.py:4180} INFO - Setting next_dagrun for dataset_alias_example_alias_consumer to None, run_after=None
[2025-03-27T17:52:21.773+0000] {logging_mixin.py:190} INFO - [2025-03-27T17:52:21.773+0000] {dag.py:4180} INFO - Setting next_dagrun for dataset_alias_example_alias_producer to None, run_after=None
[2025-03-27T17:52:21.775+0000] {logging_mixin.py:190} INFO - [2025-03-27T17:52:21.775+0000] {dag.py:4180} INFO - Setting next_dagrun for dataset_s3_bucket_consumer to None, run_after=None
[2025-03-27T17:52:21.776+0000] {logging_mixin.py:190} INFO - [2025-03-27T17:52:21.776+0000] {dag.py:4180} INFO - Setting next_dagrun for dataset_s3_bucket_producer to None, run_after=None
[2025-03-27T17:52:21.801+0000] {processor.py:208} INFO - Processing /home/airflow/.local/lib/python3.12/site-packages/airflow/example_dags/example_dataset_alias.py took 0.601 seconds
[2025-03-27T17:52:52.275+0000] {processor.py:186} INFO - Started process (PID=1838) to work on /home/airflow/.local/lib/python3.12/site-packages/airflow/example_dags/example_dataset_alias.py
[2025-03-27T17:52:52.276+0000] {processor.py:914} INFO - Processing file /home/airflow/.local/lib/python3.12/site-packages/airflow/example_dags/example_dataset_alias.py for tasks to queue
[2025-03-27T17:52:52.278+0000] {logging_mixin.py:190} INFO - [2025-03-27T17:52:52.277+0000] {dagbag.py:588} INFO - Filling up the DagBag from /home/airflow/.local/lib/python3.12/site-packages/airflow/example_dags/example_dataset_alias.py
[2025-03-27T17:52:52.809+0000] {processor.py:925} INFO - DAG(s) 'dataset_s3_bucket_consumer', 'dataset_s3_bucket_producer', 'dataset_alias_example_alias_consumer', 'dataset_alias_example_alias_producer' retrieved from /home/airflow/.local/lib/python3.12/site-packages/airflow/example_dags/example_dataset_alias.py
[2025-03-27T17:52:52.845+0000] {logging_mixin.py:190} INFO - [2025-03-27T17:52:52.844+0000] {dag.py:3239} INFO - Sync 4 DAGs
[2025-03-27T17:52:52.878+0000] {logging_mixin.py:190} INFO - [2025-03-27T17:52:52.878+0000] {dag.py:4180} INFO - Setting next_dagrun for dataset_alias_example_alias_consumer to None, run_after=None
[2025-03-27T17:52:52.883+0000] {logging_mixin.py:190} INFO - [2025-03-27T17:52:52.883+0000] {dag.py:4180} INFO - Setting next_dagrun for dataset_alias_example_alias_producer to None, run_after=None
[2025-03-27T17:52:52.885+0000] {logging_mixin.py:190} INFO - [2025-03-27T17:52:52.885+0000] {dag.py:4180} INFO - Setting next_dagrun for dataset_s3_bucket_consumer to None, run_after=None
[2025-03-27T17:52:52.887+0000] {logging_mixin.py:190} INFO - [2025-03-27T17:52:52.887+0000] {dag.py:4180} INFO - Setting next_dagrun for dataset_s3_bucket_producer to None, run_after=None
[2025-03-27T17:52:52.918+0000] {processor.py:208} INFO - Processing /home/airflow/.local/lib/python3.12/site-packages/airflow/example_dags/example_dataset_alias.py took 0.647 seconds
