[2025-03-27T17:38:52.004+0000] {processor.py:186} INFO - Started process (PID=83) to work on /home/airflow/.local/lib/python3.12/site-packages/airflow/example_dags/example_datasets.py
[2025-03-27T17:38:52.006+0000] {processor.py:914} INFO - Processing file /home/airflow/.local/lib/python3.12/site-packages/airflow/example_dags/example_datasets.py for tasks to queue
[2025-03-27T17:38:52.010+0000] {logging_mixin.py:190} INFO - [2025-03-27T17:38:52.010+0000] {dagbag.py:588} INFO - Filling up the DagBag from /home/airflow/.local/lib/python3.12/site-packages/airflow/example_dags/example_datasets.py
[2025-03-27T17:38:53.359+0000] {processor.py:925} INFO - DAG(s) 'conditional_dataset_and_time_based_timetable', 'consume_1_or_both_2_and_3_with_dataset_expressions', 'dataset_consumes_unknown_never_scheduled', 'dataset_produces_2', 'consume_1_and_2_with_dataset_expressions', 'consume_1_or_2_with_dataset_expressions', 'dataset_consumes_1', 'dataset_consumes_1_and_2', 'dataset_produces_1', 'dataset_consumes_1_never_scheduled' retrieved from /home/airflow/.local/lib/python3.12/site-packages/airflow/example_dags/example_datasets.py
[2025-03-27T17:38:53.429+0000] {logging_mixin.py:190} INFO - [2025-03-27T17:38:53.429+0000] {dag.py:3239} INFO - Sync 10 DAGs
[2025-03-27T17:38:53.464+0000] {logging_mixin.py:190} INFO - [2025-03-27T17:38:53.464+0000] {dag.py:4180} INFO - Setting next_dagrun for conditional_dataset_and_time_based_timetable to 2025-03-26 01:00:00+00:00, run_after=2025-03-26 01:00:00+00:00
[2025-03-27T17:38:53.469+0000] {logging_mixin.py:190} INFO - [2025-03-27T17:38:53.469+0000] {dag.py:4180} INFO - Setting next_dagrun for consume_1_and_2_with_dataset_expressions to None, run_after=None
[2025-03-27T17:38:53.472+0000] {logging_mixin.py:190} INFO - [2025-03-27T17:38:53.471+0000] {dag.py:4180} INFO - Setting next_dagrun for consume_1_or_2_with_dataset_expressions to None, run_after=None
[2025-03-27T17:38:53.474+0000] {logging_mixin.py:190} INFO - [2025-03-27T17:38:53.474+0000] {dag.py:4180} INFO - Setting next_dagrun for consume_1_or_both_2_and_3_with_dataset_expressions to None, run_after=None
[2025-03-27T17:38:53.476+0000] {logging_mixin.py:190} INFO - [2025-03-27T17:38:53.476+0000] {dag.py:4180} INFO - Setting next_dagrun for dataset_consumes_1 to None, run_after=None
[2025-03-27T17:38:55.607+0000] {logging_mixin.py:190} INFO - [2025-03-27T17:38:53.478+0000] {dag.py:4180} INFO - Setting next_dagrun for dataset_consumes_1_and_2 to None, run_after=None
[2025-03-27T17:38:55.609+0000] {logging_mixin.py:190} INFO - [2025-03-27T17:38:55.609+0000] {dag.py:4180} INFO - Setting next_dagrun for dataset_consumes_1_never_scheduled to None, run_after=None
[2025-03-27T17:38:55.613+0000] {logging_mixin.py:190} INFO - [2025-03-27T17:38:55.613+0000] {dag.py:4180} INFO - Setting next_dagrun for dataset_consumes_unknown_never_scheduled to None, run_after=None
[2025-03-27T17:38:55.620+0000] {logging_mixin.py:190} INFO - [2025-03-27T17:38:55.620+0000] {dag.py:4180} INFO - Setting next_dagrun for dataset_produces_1 to 2025-03-26 00:00:00+00:00, run_after=2025-03-27 00:00:00+00:00
[2025-03-27T17:38:55.624+0000] {logging_mixin.py:190} INFO - [2025-03-27T17:38:55.623+0000] {dag.py:4180} INFO - Setting next_dagrun for dataset_produces_2 to None, run_after=None
[2025-03-27T17:38:53.568+0000] {processor.py:208} INFO - Processing /home/airflow/.local/lib/python3.12/site-packages/airflow/example_dags/example_datasets.py took 1.577 seconds
[2025-03-27T17:39:23.703+0000] {processor.py:186} INFO - Started process (PID=149) to work on /home/airflow/.local/lib/python3.12/site-packages/airflow/example_dags/example_datasets.py
[2025-03-27T17:39:23.704+0000] {processor.py:914} INFO - Processing file /home/airflow/.local/lib/python3.12/site-packages/airflow/example_dags/example_datasets.py for tasks to queue
[2025-03-27T17:39:23.706+0000] {logging_mixin.py:190} INFO - [2025-03-27T17:39:23.706+0000] {dagbag.py:588} INFO - Filling up the DagBag from /home/airflow/.local/lib/python3.12/site-packages/airflow/example_dags/example_datasets.py
[2025-03-27T17:39:24.243+0000] {processor.py:925} INFO - DAG(s) 'consume_1_or_2_with_dataset_expressions', 'conditional_dataset_and_time_based_timetable', 'consume_1_and_2_with_dataset_expressions', 'dataset_produces_1', 'consume_1_or_both_2_and_3_with_dataset_expressions', 'dataset_consumes_1_and_2', 'dataset_consumes_1', 'dataset_consumes_1_never_scheduled', 'dataset_consumes_unknown_never_scheduled', 'dataset_produces_2' retrieved from /home/airflow/.local/lib/python3.12/site-packages/airflow/example_dags/example_datasets.py
[2025-03-27T17:39:24.295+0000] {logging_mixin.py:190} INFO - [2025-03-27T17:39:24.295+0000] {dag.py:3239} INFO - Sync 10 DAGs
[2025-03-27T17:39:24.321+0000] {logging_mixin.py:190} INFO - [2025-03-27T17:39:24.321+0000] {dag.py:4180} INFO - Setting next_dagrun for conditional_dataset_and_time_based_timetable to 2025-03-26 01:00:00+00:00, run_after=2025-03-26 01:00:00+00:00
[2025-03-27T17:39:24.325+0000] {logging_mixin.py:190} INFO - [2025-03-27T17:39:24.325+0000] {dag.py:4180} INFO - Setting next_dagrun for consume_1_and_2_with_dataset_expressions to None, run_after=None
[2025-03-27T17:39:24.327+0000] {logging_mixin.py:190} INFO - [2025-03-27T17:39:24.327+0000] {dag.py:4180} INFO - Setting next_dagrun for consume_1_or_2_with_dataset_expressions to None, run_after=None
[2025-03-27T17:39:24.328+0000] {logging_mixin.py:190} INFO - [2025-03-27T17:39:24.328+0000] {dag.py:4180} INFO - Setting next_dagrun for consume_1_or_both_2_and_3_with_dataset_expressions to None, run_after=None
[2025-03-27T17:39:24.330+0000] {logging_mixin.py:190} INFO - [2025-03-27T17:39:24.329+0000] {dag.py:4180} INFO - Setting next_dagrun for dataset_consumes_1 to None, run_after=None
[2025-03-27T17:39:24.331+0000] {logging_mixin.py:190} INFO - [2025-03-27T17:39:24.331+0000] {dag.py:4180} INFO - Setting next_dagrun for dataset_consumes_1_and_2 to None, run_after=None
[2025-03-27T17:39:24.333+0000] {logging_mixin.py:190} INFO - [2025-03-27T17:39:24.332+0000] {dag.py:4180} INFO - Setting next_dagrun for dataset_consumes_1_never_scheduled to None, run_after=None
[2025-03-27T17:39:24.334+0000] {logging_mixin.py:190} INFO - [2025-03-27T17:39:24.334+0000] {dag.py:4180} INFO - Setting next_dagrun for dataset_consumes_unknown_never_scheduled to None, run_after=None
[2025-03-27T17:39:24.337+0000] {logging_mixin.py:190} INFO - [2025-03-27T17:39:24.336+0000] {dag.py:4180} INFO - Setting next_dagrun for dataset_produces_1 to 2025-03-26 00:00:00+00:00, run_after=2025-03-27 00:00:00+00:00
[2025-03-27T17:39:24.338+0000] {logging_mixin.py:190} INFO - [2025-03-27T17:39:24.338+0000] {dag.py:4180} INFO - Setting next_dagrun for dataset_produces_2 to None, run_after=None
[2025-03-27T17:39:24.373+0000] {processor.py:208} INFO - Processing /home/airflow/.local/lib/python3.12/site-packages/airflow/example_dags/example_datasets.py took 0.674 seconds
[2025-03-27T17:39:55.191+0000] {processor.py:186} INFO - Started process (PID=219) to work on /home/airflow/.local/lib/python3.12/site-packages/airflow/example_dags/example_datasets.py
[2025-03-27T17:39:55.193+0000] {processor.py:914} INFO - Processing file /home/airflow/.local/lib/python3.12/site-packages/airflow/example_dags/example_datasets.py for tasks to queue
[2025-03-27T17:39:55.195+0000] {logging_mixin.py:190} INFO - [2025-03-27T17:39:55.195+0000] {dagbag.py:588} INFO - Filling up the DagBag from /home/airflow/.local/lib/python3.12/site-packages/airflow/example_dags/example_datasets.py
[2025-03-27T17:39:55.787+0000] {processor.py:925} INFO - DAG(s) 'consume_1_and_2_with_dataset_expressions', 'dataset_consumes_unknown_never_scheduled', 'consume_1_or_both_2_and_3_with_dataset_expressions', 'dataset_consumes_1', 'consume_1_or_2_with_dataset_expressions', 'dataset_consumes_1_never_scheduled', 'dataset_consumes_1_and_2', 'dataset_produces_2', 'conditional_dataset_and_time_based_timetable', 'dataset_produces_1' retrieved from /home/airflow/.local/lib/python3.12/site-packages/airflow/example_dags/example_datasets.py
[2025-03-27T17:39:55.835+0000] {logging_mixin.py:190} INFO - [2025-03-27T17:39:55.835+0000] {dag.py:3239} INFO - Sync 10 DAGs
[2025-03-27T17:39:55.863+0000] {logging_mixin.py:190} INFO - [2025-03-27T17:39:55.862+0000] {dag.py:4180} INFO - Setting next_dagrun for conditional_dataset_and_time_based_timetable to 2025-03-26 01:00:00+00:00, run_after=2025-03-26 01:00:00+00:00
[2025-03-27T17:39:55.867+0000] {logging_mixin.py:190} INFO - [2025-03-27T17:39:55.867+0000] {dag.py:4180} INFO - Setting next_dagrun for consume_1_and_2_with_dataset_expressions to None, run_after=None
[2025-03-27T17:39:55.869+0000] {logging_mixin.py:190} INFO - [2025-03-27T17:39:55.868+0000] {dag.py:4180} INFO - Setting next_dagrun for consume_1_or_2_with_dataset_expressions to None, run_after=None
[2025-03-27T17:39:55.871+0000] {logging_mixin.py:190} INFO - [2025-03-27T17:39:55.871+0000] {dag.py:4180} INFO - Setting next_dagrun for consume_1_or_both_2_and_3_with_dataset_expressions to None, run_after=None
[2025-03-27T17:39:55.873+0000] {logging_mixin.py:190} INFO - [2025-03-27T17:39:55.872+0000] {dag.py:4180} INFO - Setting next_dagrun for dataset_consumes_1 to None, run_after=None
[2025-03-27T17:39:55.874+0000] {logging_mixin.py:190} INFO - [2025-03-27T17:39:55.874+0000] {dag.py:4180} INFO - Setting next_dagrun for dataset_consumes_1_and_2 to None, run_after=None
[2025-03-27T17:39:55.876+0000] {logging_mixin.py:190} INFO - [2025-03-27T17:39:55.875+0000] {dag.py:4180} INFO - Setting next_dagrun for dataset_consumes_1_never_scheduled to None, run_after=None
[2025-03-27T17:39:55.878+0000] {logging_mixin.py:190} INFO - [2025-03-27T17:39:55.877+0000] {dag.py:4180} INFO - Setting next_dagrun for dataset_consumes_unknown_never_scheduled to None, run_after=None
[2025-03-27T17:39:55.880+0000] {logging_mixin.py:190} INFO - [2025-03-27T17:39:55.880+0000] {dag.py:4180} INFO - Setting next_dagrun for dataset_produces_1 to 2025-03-26 00:00:00+00:00, run_after=2025-03-27 00:00:00+00:00
[2025-03-27T17:39:55.882+0000] {logging_mixin.py:190} INFO - [2025-03-27T17:39:55.882+0000] {dag.py:4180} INFO - Setting next_dagrun for dataset_produces_2 to None, run_after=None
[2025-03-27T17:39:55.917+0000] {processor.py:208} INFO - Processing /home/airflow/.local/lib/python3.12/site-packages/airflow/example_dags/example_datasets.py took 0.732 seconds
[2025-03-27T17:40:26.465+0000] {processor.py:186} INFO - Started process (PID=283) to work on /home/airflow/.local/lib/python3.12/site-packages/airflow/example_dags/example_datasets.py
[2025-03-27T17:40:26.466+0000] {processor.py:914} INFO - Processing file /home/airflow/.local/lib/python3.12/site-packages/airflow/example_dags/example_datasets.py for tasks to queue
[2025-03-27T17:40:26.468+0000] {logging_mixin.py:190} INFO - [2025-03-27T17:40:26.468+0000] {dagbag.py:588} INFO - Filling up the DagBag from /home/airflow/.local/lib/python3.12/site-packages/airflow/example_dags/example_datasets.py
[2025-03-27T17:40:27.050+0000] {processor.py:925} INFO - DAG(s) 'dataset_consumes_1_never_scheduled', 'consume_1_or_2_with_dataset_expressions', 'conditional_dataset_and_time_based_timetable', 'dataset_consumes_unknown_never_scheduled', 'dataset_consumes_1', 'consume_1_or_both_2_and_3_with_dataset_expressions', 'consume_1_and_2_with_dataset_expressions', 'dataset_produces_1', 'dataset_consumes_1_and_2', 'dataset_produces_2' retrieved from /home/airflow/.local/lib/python3.12/site-packages/airflow/example_dags/example_datasets.py
[2025-03-27T17:40:27.097+0000] {logging_mixin.py:190} INFO - [2025-03-27T17:40:27.097+0000] {dag.py:3239} INFO - Sync 10 DAGs
[2025-03-27T17:40:27.124+0000] {logging_mixin.py:190} INFO - [2025-03-27T17:40:27.124+0000] {dag.py:4180} INFO - Setting next_dagrun for conditional_dataset_and_time_based_timetable to 2025-03-26 01:00:00+00:00, run_after=2025-03-26 01:00:00+00:00
[2025-03-27T17:40:27.128+0000] {logging_mixin.py:190} INFO - [2025-03-27T17:40:27.128+0000] {dag.py:4180} INFO - Setting next_dagrun for consume_1_and_2_with_dataset_expressions to None, run_after=None
[2025-03-27T17:40:27.129+0000] {logging_mixin.py:190} INFO - [2025-03-27T17:40:27.129+0000] {dag.py:4180} INFO - Setting next_dagrun for consume_1_or_2_with_dataset_expressions to None, run_after=None
[2025-03-27T17:40:27.131+0000] {logging_mixin.py:190} INFO - [2025-03-27T17:40:27.130+0000] {dag.py:4180} INFO - Setting next_dagrun for consume_1_or_both_2_and_3_with_dataset_expressions to None, run_after=None
[2025-03-27T17:40:27.132+0000] {logging_mixin.py:190} INFO - [2025-03-27T17:40:27.132+0000] {dag.py:4180} INFO - Setting next_dagrun for dataset_consumes_1 to None, run_after=None
[2025-03-27T17:40:27.133+0000] {logging_mixin.py:190} INFO - [2025-03-27T17:40:27.133+0000] {dag.py:4180} INFO - Setting next_dagrun for dataset_consumes_1_and_2 to None, run_after=None
[2025-03-27T17:40:27.134+0000] {logging_mixin.py:190} INFO - [2025-03-27T17:40:27.134+0000] {dag.py:4180} INFO - Setting next_dagrun for dataset_consumes_1_never_scheduled to None, run_after=None
[2025-03-27T17:40:27.135+0000] {logging_mixin.py:190} INFO - [2025-03-27T17:40:27.135+0000] {dag.py:4180} INFO - Setting next_dagrun for dataset_consumes_unknown_never_scheduled to None, run_after=None
[2025-03-27T17:40:27.139+0000] {logging_mixin.py:190} INFO - [2025-03-27T17:40:27.139+0000] {dag.py:4180} INFO - Setting next_dagrun for dataset_produces_1 to 2025-03-26 00:00:00+00:00, run_after=2025-03-27 00:00:00+00:00
[2025-03-27T17:40:27.141+0000] {logging_mixin.py:190} INFO - [2025-03-27T17:40:27.141+0000] {dag.py:4180} INFO - Setting next_dagrun for dataset_produces_2 to None, run_after=None
[2025-03-27T17:40:27.175+0000] {processor.py:208} INFO - Processing /home/airflow/.local/lib/python3.12/site-packages/airflow/example_dags/example_datasets.py took 0.715 seconds
[2025-03-27T17:40:57.895+0000] {processor.py:186} INFO - Started process (PID=347) to work on /home/airflow/.local/lib/python3.12/site-packages/airflow/example_dags/example_datasets.py
[2025-03-27T17:40:57.896+0000] {processor.py:914} INFO - Processing file /home/airflow/.local/lib/python3.12/site-packages/airflow/example_dags/example_datasets.py for tasks to queue
[2025-03-27T17:40:57.898+0000] {logging_mixin.py:190} INFO - [2025-03-27T17:40:57.898+0000] {dagbag.py:588} INFO - Filling up the DagBag from /home/airflow/.local/lib/python3.12/site-packages/airflow/example_dags/example_datasets.py
[2025-03-27T17:40:58.430+0000] {processor.py:925} INFO - DAG(s) 'consume_1_and_2_with_dataset_expressions', 'dataset_consumes_1_never_scheduled', 'conditional_dataset_and_time_based_timetable', 'consume_1_or_both_2_and_3_with_dataset_expressions', 'dataset_consumes_1', 'dataset_consumes_unknown_never_scheduled', 'dataset_produces_1', 'dataset_consumes_1_and_2', 'consume_1_or_2_with_dataset_expressions', 'dataset_produces_2' retrieved from /home/airflow/.local/lib/python3.12/site-packages/airflow/example_dags/example_datasets.py
[2025-03-27T17:40:58.480+0000] {logging_mixin.py:190} INFO - [2025-03-27T17:40:58.480+0000] {dag.py:3239} INFO - Sync 10 DAGs
[2025-03-27T17:40:58.514+0000] {logging_mixin.py:190} INFO - [2025-03-27T17:40:58.514+0000] {dag.py:4180} INFO - Setting next_dagrun for conditional_dataset_and_time_based_timetable to 2025-03-26 01:00:00+00:00, run_after=2025-03-26 01:00:00+00:00
[2025-03-27T17:40:58.518+0000] {logging_mixin.py:190} INFO - [2025-03-27T17:40:58.518+0000] {dag.py:4180} INFO - Setting next_dagrun for consume_1_and_2_with_dataset_expressions to None, run_after=None
[2025-03-27T17:40:58.520+0000] {logging_mixin.py:190} INFO - [2025-03-27T17:40:58.519+0000] {dag.py:4180} INFO - Setting next_dagrun for consume_1_or_2_with_dataset_expressions to None, run_after=None
[2025-03-27T17:40:58.521+0000] {logging_mixin.py:190} INFO - [2025-03-27T17:40:58.521+0000] {dag.py:4180} INFO - Setting next_dagrun for consume_1_or_both_2_and_3_with_dataset_expressions to None, run_after=None
[2025-03-27T17:40:58.522+0000] {logging_mixin.py:190} INFO - [2025-03-27T17:40:58.522+0000] {dag.py:4180} INFO - Setting next_dagrun for dataset_consumes_1 to None, run_after=None
[2025-03-27T17:40:58.523+0000] {logging_mixin.py:190} INFO - [2025-03-27T17:40:58.523+0000] {dag.py:4180} INFO - Setting next_dagrun for dataset_consumes_1_and_2 to None, run_after=None
[2025-03-27T17:40:58.525+0000] {logging_mixin.py:190} INFO - [2025-03-27T17:40:58.524+0000] {dag.py:4180} INFO - Setting next_dagrun for dataset_consumes_1_never_scheduled to None, run_after=None
[2025-03-27T17:40:58.526+0000] {logging_mixin.py:190} INFO - [2025-03-27T17:40:58.526+0000] {dag.py:4180} INFO - Setting next_dagrun for dataset_consumes_unknown_never_scheduled to None, run_after=None
[2025-03-27T17:40:58.530+0000] {logging_mixin.py:190} INFO - [2025-03-27T17:40:58.529+0000] {dag.py:4180} INFO - Setting next_dagrun for dataset_produces_1 to 2025-03-26 00:00:00+00:00, run_after=2025-03-27 00:00:00+00:00
[2025-03-27T17:40:58.532+0000] {logging_mixin.py:190} INFO - [2025-03-27T17:40:58.531+0000] {dag.py:4180} INFO - Setting next_dagrun for dataset_produces_2 to None, run_after=None
[2025-03-27T17:40:58.566+0000] {processor.py:208} INFO - Processing /home/airflow/.local/lib/python3.12/site-packages/airflow/example_dags/example_datasets.py took 0.677 seconds
[2025-03-27T17:41:29.250+0000] {processor.py:186} INFO - Started process (PID=411) to work on /home/airflow/.local/lib/python3.12/site-packages/airflow/example_dags/example_datasets.py
[2025-03-27T17:41:29.251+0000] {processor.py:914} INFO - Processing file /home/airflow/.local/lib/python3.12/site-packages/airflow/example_dags/example_datasets.py for tasks to queue
[2025-03-27T17:41:29.253+0000] {logging_mixin.py:190} INFO - [2025-03-27T17:41:29.253+0000] {dagbag.py:588} INFO - Filling up the DagBag from /home/airflow/.local/lib/python3.12/site-packages/airflow/example_dags/example_datasets.py
[2025-03-27T17:41:29.719+0000] {processor.py:925} INFO - DAG(s) 'dataset_produces_2', 'dataset_consumes_1_and_2', 'dataset_consumes_unknown_never_scheduled', 'dataset_consumes_1_never_scheduled', 'dataset_produces_1', 'consume_1_or_both_2_and_3_with_dataset_expressions', 'consume_1_and_2_with_dataset_expressions', 'consume_1_or_2_with_dataset_expressions', 'dataset_consumes_1', 'conditional_dataset_and_time_based_timetable' retrieved from /home/airflow/.local/lib/python3.12/site-packages/airflow/example_dags/example_datasets.py
[2025-03-27T17:41:29.758+0000] {logging_mixin.py:190} INFO - [2025-03-27T17:41:29.758+0000] {dag.py:3239} INFO - Sync 10 DAGs
[2025-03-27T17:41:29.788+0000] {logging_mixin.py:190} INFO - [2025-03-27T17:41:29.788+0000] {dag.py:4180} INFO - Setting next_dagrun for conditional_dataset_and_time_based_timetable to 2025-03-26 01:00:00+00:00, run_after=2025-03-26 01:00:00+00:00
[2025-03-27T17:41:29.793+0000] {logging_mixin.py:190} INFO - [2025-03-27T17:41:29.792+0000] {dag.py:4180} INFO - Setting next_dagrun for consume_1_and_2_with_dataset_expressions to None, run_after=None
[2025-03-27T17:41:29.794+0000] {logging_mixin.py:190} INFO - [2025-03-27T17:41:29.794+0000] {dag.py:4180} INFO - Setting next_dagrun for consume_1_or_2_with_dataset_expressions to None, run_after=None
[2025-03-27T17:41:29.796+0000] {logging_mixin.py:190} INFO - [2025-03-27T17:41:29.796+0000] {dag.py:4180} INFO - Setting next_dagrun for consume_1_or_both_2_and_3_with_dataset_expressions to None, run_after=None
[2025-03-27T17:41:29.797+0000] {logging_mixin.py:190} INFO - [2025-03-27T17:41:29.797+0000] {dag.py:4180} INFO - Setting next_dagrun for dataset_consumes_1 to None, run_after=None
[2025-03-27T17:41:29.799+0000] {logging_mixin.py:190} INFO - [2025-03-27T17:41:29.799+0000] {dag.py:4180} INFO - Setting next_dagrun for dataset_consumes_1_and_2 to None, run_after=None
[2025-03-27T17:41:29.800+0000] {logging_mixin.py:190} INFO - [2025-03-27T17:41:29.800+0000] {dag.py:4180} INFO - Setting next_dagrun for dataset_consumes_1_never_scheduled to None, run_after=None
[2025-03-27T17:41:29.803+0000] {logging_mixin.py:190} INFO - [2025-03-27T17:41:29.802+0000] {dag.py:4180} INFO - Setting next_dagrun for dataset_consumes_unknown_never_scheduled to None, run_after=None
[2025-03-27T17:41:29.806+0000] {logging_mixin.py:190} INFO - [2025-03-27T17:41:29.806+0000] {dag.py:4180} INFO - Setting next_dagrun for dataset_produces_1 to 2025-03-26 00:00:00+00:00, run_after=2025-03-27 00:00:00+00:00
[2025-03-27T17:41:29.808+0000] {logging_mixin.py:190} INFO - [2025-03-27T17:41:29.808+0000] {dag.py:4180} INFO - Setting next_dagrun for dataset_produces_2 to None, run_after=None
[2025-03-27T17:41:29.847+0000] {processor.py:208} INFO - Processing /home/airflow/.local/lib/python3.12/site-packages/airflow/example_dags/example_datasets.py took 0.601 seconds
[2025-03-27T17:42:00.408+0000] {processor.py:186} INFO - Started process (PID=475) to work on /home/airflow/.local/lib/python3.12/site-packages/airflow/example_dags/example_datasets.py
[2025-03-27T17:42:00.410+0000] {processor.py:914} INFO - Processing file /home/airflow/.local/lib/python3.12/site-packages/airflow/example_dags/example_datasets.py for tasks to queue
[2025-03-27T17:42:00.413+0000] {logging_mixin.py:190} INFO - [2025-03-27T17:42:00.413+0000] {dagbag.py:588} INFO - Filling up the DagBag from /home/airflow/.local/lib/python3.12/site-packages/airflow/example_dags/example_datasets.py
[2025-03-27T17:42:01.160+0000] {processor.py:925} INFO - DAG(s) 'dataset_consumes_1_and_2', 'conditional_dataset_and_time_based_timetable', 'dataset_produces_1', 'dataset_consumes_unknown_never_scheduled', 'dataset_consumes_1', 'dataset_consumes_1_never_scheduled', 'consume_1_or_2_with_dataset_expressions', 'dataset_produces_2', 'consume_1_or_both_2_and_3_with_dataset_expressions', 'consume_1_and_2_with_dataset_expressions' retrieved from /home/airflow/.local/lib/python3.12/site-packages/airflow/example_dags/example_datasets.py
[2025-03-27T17:42:01.227+0000] {logging_mixin.py:190} INFO - [2025-03-27T17:42:01.227+0000] {dag.py:3239} INFO - Sync 10 DAGs
[2025-03-27T17:42:01.261+0000] {logging_mixin.py:190} INFO - [2025-03-27T17:42:01.261+0000] {dag.py:4180} INFO - Setting next_dagrun for conditional_dataset_and_time_based_timetable to 2025-03-26 01:00:00+00:00, run_after=2025-03-26 01:00:00+00:00
[2025-03-27T17:42:01.266+0000] {logging_mixin.py:190} INFO - [2025-03-27T17:42:01.266+0000] {dag.py:4180} INFO - Setting next_dagrun for consume_1_and_2_with_dataset_expressions to None, run_after=None
[2025-03-27T17:42:01.268+0000] {logging_mixin.py:190} INFO - [2025-03-27T17:42:01.268+0000] {dag.py:4180} INFO - Setting next_dagrun for consume_1_or_2_with_dataset_expressions to None, run_after=None
[2025-03-27T17:42:01.269+0000] {logging_mixin.py:190} INFO - [2025-03-27T17:42:01.269+0000] {dag.py:4180} INFO - Setting next_dagrun for consume_1_or_both_2_and_3_with_dataset_expressions to None, run_after=None
[2025-03-27T17:42:01.271+0000] {logging_mixin.py:190} INFO - [2025-03-27T17:42:01.271+0000] {dag.py:4180} INFO - Setting next_dagrun for dataset_consumes_1 to None, run_after=None
[2025-03-27T17:42:01.272+0000] {logging_mixin.py:190} INFO - [2025-03-27T17:42:01.272+0000] {dag.py:4180} INFO - Setting next_dagrun for dataset_consumes_1_and_2 to None, run_after=None
[2025-03-27T17:42:01.274+0000] {logging_mixin.py:190} INFO - [2025-03-27T17:42:01.274+0000] {dag.py:4180} INFO - Setting next_dagrun for dataset_consumes_1_never_scheduled to None, run_after=None
[2025-03-27T17:42:01.276+0000] {logging_mixin.py:190} INFO - [2025-03-27T17:42:01.275+0000] {dag.py:4180} INFO - Setting next_dagrun for dataset_consumes_unknown_never_scheduled to None, run_after=None
[2025-03-27T17:42:01.279+0000] {logging_mixin.py:190} INFO - [2025-03-27T17:42:01.279+0000] {dag.py:4180} INFO - Setting next_dagrun for dataset_produces_1 to 2025-03-26 00:00:00+00:00, run_after=2025-03-27 00:00:00+00:00
[2025-03-27T17:42:01.281+0000] {logging_mixin.py:190} INFO - [2025-03-27T17:42:01.281+0000] {dag.py:4180} INFO - Setting next_dagrun for dataset_produces_2 to None, run_after=None
[2025-03-27T17:42:01.334+0000] {processor.py:208} INFO - Processing /home/airflow/.local/lib/python3.12/site-packages/airflow/example_dags/example_datasets.py took 0.934 seconds
[2025-03-27T17:42:31.859+0000] {processor.py:186} INFO - Started process (PID=539) to work on /home/airflow/.local/lib/python3.12/site-packages/airflow/example_dags/example_datasets.py
[2025-03-27T17:42:31.861+0000] {processor.py:914} INFO - Processing file /home/airflow/.local/lib/python3.12/site-packages/airflow/example_dags/example_datasets.py for tasks to queue
[2025-03-27T17:42:31.865+0000] {logging_mixin.py:190} INFO - [2025-03-27T17:42:31.864+0000] {dagbag.py:588} INFO - Filling up the DagBag from /home/airflow/.local/lib/python3.12/site-packages/airflow/example_dags/example_datasets.py
[2025-03-27T17:42:32.513+0000] {processor.py:925} INFO - DAG(s) 'consume_1_or_both_2_and_3_with_dataset_expressions', 'conditional_dataset_and_time_based_timetable', 'dataset_consumes_1', 'dataset_consumes_unknown_never_scheduled', 'dataset_consumes_1_and_2', 'dataset_consumes_1_never_scheduled', 'dataset_produces_1', 'consume_1_and_2_with_dataset_expressions', 'consume_1_or_2_with_dataset_expressions', 'dataset_produces_2' retrieved from /home/airflow/.local/lib/python3.12/site-packages/airflow/example_dags/example_datasets.py
[2025-03-27T17:42:32.571+0000] {logging_mixin.py:190} INFO - [2025-03-27T17:42:32.570+0000] {dag.py:3239} INFO - Sync 10 DAGs
[2025-03-27T17:42:32.599+0000] {logging_mixin.py:190} INFO - [2025-03-27T17:42:32.599+0000] {dag.py:4180} INFO - Setting next_dagrun for conditional_dataset_and_time_based_timetable to 2025-03-26 01:00:00+00:00, run_after=2025-03-26 01:00:00+00:00
[2025-03-27T17:42:32.603+0000] {logging_mixin.py:190} INFO - [2025-03-27T17:42:32.603+0000] {dag.py:4180} INFO - Setting next_dagrun for consume_1_and_2_with_dataset_expressions to None, run_after=None
[2025-03-27T17:42:32.605+0000] {logging_mixin.py:190} INFO - [2025-03-27T17:42:32.605+0000] {dag.py:4180} INFO - Setting next_dagrun for consume_1_or_2_with_dataset_expressions to None, run_after=None
[2025-03-27T17:42:32.607+0000] {logging_mixin.py:190} INFO - [2025-03-27T17:42:32.607+0000] {dag.py:4180} INFO - Setting next_dagrun for consume_1_or_both_2_and_3_with_dataset_expressions to None, run_after=None
[2025-03-27T17:42:32.608+0000] {logging_mixin.py:190} INFO - [2025-03-27T17:42:32.608+0000] {dag.py:4180} INFO - Setting next_dagrun for dataset_consumes_1 to None, run_after=None
[2025-03-27T17:42:32.609+0000] {logging_mixin.py:190} INFO - [2025-03-27T17:42:32.609+0000] {dag.py:4180} INFO - Setting next_dagrun for dataset_consumes_1_and_2 to None, run_after=None
[2025-03-27T17:42:32.610+0000] {logging_mixin.py:190} INFO - [2025-03-27T17:42:32.610+0000] {dag.py:4180} INFO - Setting next_dagrun for dataset_consumes_1_never_scheduled to None, run_after=None
[2025-03-27T17:42:32.611+0000] {logging_mixin.py:190} INFO - [2025-03-27T17:42:32.611+0000] {dag.py:4180} INFO - Setting next_dagrun for dataset_consumes_unknown_never_scheduled to None, run_after=None
[2025-03-27T17:42:32.614+0000] {logging_mixin.py:190} INFO - [2025-03-27T17:42:32.614+0000] {dag.py:4180} INFO - Setting next_dagrun for dataset_produces_1 to 2025-03-26 00:00:00+00:00, run_after=2025-03-27 00:00:00+00:00
[2025-03-27T17:42:32.615+0000] {logging_mixin.py:190} INFO - [2025-03-27T17:42:32.615+0000] {dag.py:4180} INFO - Setting next_dagrun for dataset_produces_2 to None, run_after=None
[2025-03-27T17:42:32.647+0000] {processor.py:208} INFO - Processing /home/airflow/.local/lib/python3.12/site-packages/airflow/example_dags/example_datasets.py took 0.796 seconds
[2025-03-27T17:43:03.318+0000] {processor.py:186} INFO - Started process (PID=605) to work on /home/airflow/.local/lib/python3.12/site-packages/airflow/example_dags/example_datasets.py
[2025-03-27T17:43:03.319+0000] {processor.py:914} INFO - Processing file /home/airflow/.local/lib/python3.12/site-packages/airflow/example_dags/example_datasets.py for tasks to queue
[2025-03-27T17:43:03.321+0000] {logging_mixin.py:190} INFO - [2025-03-27T17:43:03.321+0000] {dagbag.py:588} INFO - Filling up the DagBag from /home/airflow/.local/lib/python3.12/site-packages/airflow/example_dags/example_datasets.py
[2025-03-27T17:43:03.806+0000] {processor.py:925} INFO - DAG(s) 'consume_1_or_2_with_dataset_expressions', 'consume_1_and_2_with_dataset_expressions', 'dataset_consumes_1', 'consume_1_or_both_2_and_3_with_dataset_expressions', 'conditional_dataset_and_time_based_timetable', 'dataset_consumes_unknown_never_scheduled', 'dataset_produces_2', 'dataset_produces_1', 'dataset_consumes_1_and_2', 'dataset_consumes_1_never_scheduled' retrieved from /home/airflow/.local/lib/python3.12/site-packages/airflow/example_dags/example_datasets.py
[2025-03-27T17:43:03.850+0000] {logging_mixin.py:190} INFO - [2025-03-27T17:43:03.849+0000] {dag.py:3239} INFO - Sync 10 DAGs
[2025-03-27T17:43:03.876+0000] {logging_mixin.py:190} INFO - [2025-03-27T17:43:03.876+0000] {dag.py:4180} INFO - Setting next_dagrun for conditional_dataset_and_time_based_timetable to 2025-03-26 01:00:00+00:00, run_after=2025-03-26 01:00:00+00:00
[2025-03-27T17:43:03.880+0000] {logging_mixin.py:190} INFO - [2025-03-27T17:43:03.880+0000] {dag.py:4180} INFO - Setting next_dagrun for consume_1_and_2_with_dataset_expressions to None, run_after=None
[2025-03-27T17:43:03.881+0000] {logging_mixin.py:190} INFO - [2025-03-27T17:43:03.881+0000] {dag.py:4180} INFO - Setting next_dagrun for consume_1_or_2_with_dataset_expressions to None, run_after=None
[2025-03-27T17:43:03.883+0000] {logging_mixin.py:190} INFO - [2025-03-27T17:43:03.883+0000] {dag.py:4180} INFO - Setting next_dagrun for consume_1_or_both_2_and_3_with_dataset_expressions to None, run_after=None
[2025-03-27T17:43:03.884+0000] {logging_mixin.py:190} INFO - [2025-03-27T17:43:03.884+0000] {dag.py:4180} INFO - Setting next_dagrun for dataset_consumes_1 to None, run_after=None
[2025-03-27T17:43:03.886+0000] {logging_mixin.py:190} INFO - [2025-03-27T17:43:03.886+0000] {dag.py:4180} INFO - Setting next_dagrun for dataset_consumes_1_and_2 to None, run_after=None
[2025-03-27T17:43:03.887+0000] {logging_mixin.py:190} INFO - [2025-03-27T17:43:03.887+0000] {dag.py:4180} INFO - Setting next_dagrun for dataset_consumes_1_never_scheduled to None, run_after=None
[2025-03-27T17:43:03.888+0000] {logging_mixin.py:190} INFO - [2025-03-27T17:43:03.888+0000] {dag.py:4180} INFO - Setting next_dagrun for dataset_consumes_unknown_never_scheduled to None, run_after=None
[2025-03-27T17:43:03.890+0000] {logging_mixin.py:190} INFO - [2025-03-27T17:43:03.890+0000] {dag.py:4180} INFO - Setting next_dagrun for dataset_produces_1 to 2025-03-26 00:00:00+00:00, run_after=2025-03-27 00:00:00+00:00
[2025-03-27T17:43:03.892+0000] {logging_mixin.py:190} INFO - [2025-03-27T17:43:03.891+0000] {dag.py:4180} INFO - Setting next_dagrun for dataset_produces_2 to None, run_after=None
[2025-03-27T17:43:03.925+0000] {processor.py:208} INFO - Processing /home/airflow/.local/lib/python3.12/site-packages/airflow/example_dags/example_datasets.py took 0.612 seconds
[2025-03-27T17:43:34.140+0000] {processor.py:186} INFO - Started process (PID=672) to work on /home/airflow/.local/lib/python3.12/site-packages/airflow/example_dags/example_datasets.py
[2025-03-27T17:43:34.141+0000] {processor.py:914} INFO - Processing file /home/airflow/.local/lib/python3.12/site-packages/airflow/example_dags/example_datasets.py for tasks to queue
[2025-03-27T17:43:34.144+0000] {logging_mixin.py:190} INFO - [2025-03-27T17:43:34.144+0000] {dagbag.py:588} INFO - Filling up the DagBag from /home/airflow/.local/lib/python3.12/site-packages/airflow/example_dags/example_datasets.py
[2025-03-27T17:43:34.935+0000] {processor.py:925} INFO - DAG(s) 'dataset_produces_1', 'dataset_consumes_1', 'consume_1_or_both_2_and_3_with_dataset_expressions', 'dataset_consumes_unknown_never_scheduled', 'dataset_consumes_1_and_2', 'conditional_dataset_and_time_based_timetable', 'consume_1_or_2_with_dataset_expressions', 'dataset_produces_2', 'consume_1_and_2_with_dataset_expressions', 'dataset_consumes_1_never_scheduled' retrieved from /home/airflow/.local/lib/python3.12/site-packages/airflow/example_dags/example_datasets.py
[2025-03-27T17:43:35.004+0000] {logging_mixin.py:190} INFO - [2025-03-27T17:43:35.004+0000] {dag.py:3239} INFO - Sync 10 DAGs
[2025-03-27T17:43:35.037+0000] {logging_mixin.py:190} INFO - [2025-03-27T17:43:35.037+0000] {dag.py:4180} INFO - Setting next_dagrun for conditional_dataset_and_time_based_timetable to 2025-03-26 01:00:00+00:00, run_after=2025-03-26 01:00:00+00:00
[2025-03-27T17:43:35.044+0000] {logging_mixin.py:190} INFO - [2025-03-27T17:43:35.043+0000] {dag.py:4180} INFO - Setting next_dagrun for consume_1_and_2_with_dataset_expressions to None, run_after=None
[2025-03-27T17:43:35.048+0000] {logging_mixin.py:190} INFO - [2025-03-27T17:43:35.047+0000] {dag.py:4180} INFO - Setting next_dagrun for consume_1_or_2_with_dataset_expressions to None, run_after=None
[2025-03-27T17:43:35.050+0000] {logging_mixin.py:190} INFO - [2025-03-27T17:43:35.050+0000] {dag.py:4180} INFO - Setting next_dagrun for consume_1_or_both_2_and_3_with_dataset_expressions to None, run_after=None
[2025-03-27T17:43:35.052+0000] {logging_mixin.py:190} INFO - [2025-03-27T17:43:35.052+0000] {dag.py:4180} INFO - Setting next_dagrun for dataset_consumes_1 to None, run_after=None
[2025-03-27T17:43:35.055+0000] {logging_mixin.py:190} INFO - [2025-03-27T17:43:35.054+0000] {dag.py:4180} INFO - Setting next_dagrun for dataset_consumes_1_and_2 to None, run_after=None
[2025-03-27T17:43:35.058+0000] {logging_mixin.py:190} INFO - [2025-03-27T17:43:35.058+0000] {dag.py:4180} INFO - Setting next_dagrun for dataset_consumes_1_never_scheduled to None, run_after=None
[2025-03-27T17:43:35.062+0000] {logging_mixin.py:190} INFO - [2025-03-27T17:43:35.061+0000] {dag.py:4180} INFO - Setting next_dagrun for dataset_consumes_unknown_never_scheduled to None, run_after=None
[2025-03-27T17:43:35.066+0000] {logging_mixin.py:190} INFO - [2025-03-27T17:43:35.065+0000] {dag.py:4180} INFO - Setting next_dagrun for dataset_produces_1 to 2025-03-26 00:00:00+00:00, run_after=2025-03-27 00:00:00+00:00
[2025-03-27T17:43:35.068+0000] {logging_mixin.py:190} INFO - [2025-03-27T17:43:35.068+0000] {dag.py:4180} INFO - Setting next_dagrun for dataset_produces_2 to None, run_after=None
[2025-03-27T17:43:35.109+0000] {processor.py:208} INFO - Processing /home/airflow/.local/lib/python3.12/site-packages/airflow/example_dags/example_datasets.py took 0.978 seconds
[2025-03-27T17:44:05.281+0000] {processor.py:186} INFO - Started process (PID=737) to work on /home/airflow/.local/lib/python3.12/site-packages/airflow/example_dags/example_datasets.py
[2025-03-27T17:44:05.282+0000] {processor.py:914} INFO - Processing file /home/airflow/.local/lib/python3.12/site-packages/airflow/example_dags/example_datasets.py for tasks to queue
[2025-03-27T17:44:05.286+0000] {logging_mixin.py:190} INFO - [2025-03-27T17:44:05.285+0000] {dagbag.py:588} INFO - Filling up the DagBag from /home/airflow/.local/lib/python3.12/site-packages/airflow/example_dags/example_datasets.py
[2025-03-27T17:44:05.804+0000] {processor.py:925} INFO - DAG(s) 'dataset_consumes_1', 'dataset_produces_1', 'conditional_dataset_and_time_based_timetable', 'consume_1_or_2_with_dataset_expressions', 'dataset_produces_2', 'consume_1_and_2_with_dataset_expressions', 'dataset_consumes_unknown_never_scheduled', 'dataset_consumes_1_and_2', 'dataset_consumes_1_never_scheduled', 'consume_1_or_both_2_and_3_with_dataset_expressions' retrieved from /home/airflow/.local/lib/python3.12/site-packages/airflow/example_dags/example_datasets.py
[2025-03-27T17:44:05.842+0000] {logging_mixin.py:190} INFO - [2025-03-27T17:44:05.842+0000] {dag.py:3239} INFO - Sync 10 DAGs
[2025-03-27T17:44:05.862+0000] {logging_mixin.py:190} INFO - [2025-03-27T17:44:05.862+0000] {dag.py:4180} INFO - Setting next_dagrun for conditional_dataset_and_time_based_timetable to 2025-03-26 01:00:00+00:00, run_after=2025-03-26 01:00:00+00:00
[2025-03-27T17:44:05.866+0000] {logging_mixin.py:190} INFO - [2025-03-27T17:44:05.866+0000] {dag.py:4180} INFO - Setting next_dagrun for consume_1_and_2_with_dataset_expressions to None, run_after=None
[2025-03-27T17:44:05.867+0000] {logging_mixin.py:190} INFO - [2025-03-27T17:44:05.867+0000] {dag.py:4180} INFO - Setting next_dagrun for consume_1_or_2_with_dataset_expressions to None, run_after=None
[2025-03-27T17:44:05.869+0000] {logging_mixin.py:190} INFO - [2025-03-27T17:44:05.868+0000] {dag.py:4180} INFO - Setting next_dagrun for consume_1_or_both_2_and_3_with_dataset_expressions to None, run_after=None
[2025-03-27T17:44:05.870+0000] {logging_mixin.py:190} INFO - [2025-03-27T17:44:05.870+0000] {dag.py:4180} INFO - Setting next_dagrun for dataset_consumes_1 to None, run_after=None
[2025-03-27T17:44:05.871+0000] {logging_mixin.py:190} INFO - [2025-03-27T17:44:05.871+0000] {dag.py:4180} INFO - Setting next_dagrun for dataset_consumes_1_and_2 to None, run_after=None
[2025-03-27T17:44:05.872+0000] {logging_mixin.py:190} INFO - [2025-03-27T17:44:05.872+0000] {dag.py:4180} INFO - Setting next_dagrun for dataset_consumes_1_never_scheduled to None, run_after=None
[2025-03-27T17:44:05.873+0000] {logging_mixin.py:190} INFO - [2025-03-27T17:44:05.873+0000] {dag.py:4180} INFO - Setting next_dagrun for dataset_consumes_unknown_never_scheduled to None, run_after=None
[2025-03-27T17:44:05.875+0000] {logging_mixin.py:190} INFO - [2025-03-27T17:44:05.875+0000] {dag.py:4180} INFO - Setting next_dagrun for dataset_produces_1 to 2025-03-26 00:00:00+00:00, run_after=2025-03-27 00:00:00+00:00
[2025-03-27T17:44:05.877+0000] {logging_mixin.py:190} INFO - [2025-03-27T17:44:05.877+0000] {dag.py:4180} INFO - Setting next_dagrun for dataset_produces_2 to None, run_after=None
[2025-03-27T17:44:05.908+0000] {processor.py:208} INFO - Processing /home/airflow/.local/lib/python3.12/site-packages/airflow/example_dags/example_datasets.py took 0.636 seconds
[2025-03-27T17:44:36.362+0000] {processor.py:186} INFO - Started process (PID=810) to work on /home/airflow/.local/lib/python3.12/site-packages/airflow/example_dags/example_datasets.py
[2025-03-27T17:44:36.363+0000] {processor.py:914} INFO - Processing file /home/airflow/.local/lib/python3.12/site-packages/airflow/example_dags/example_datasets.py for tasks to queue
[2025-03-27T17:44:36.366+0000] {logging_mixin.py:190} INFO - [2025-03-27T17:44:36.365+0000] {dagbag.py:588} INFO - Filling up the DagBag from /home/airflow/.local/lib/python3.12/site-packages/airflow/example_dags/example_datasets.py
[2025-03-27T17:44:36.871+0000] {processor.py:925} INFO - DAG(s) 'consume_1_or_both_2_and_3_with_dataset_expressions', 'dataset_produces_1', 'dataset_produces_2', 'conditional_dataset_and_time_based_timetable', 'dataset_consumes_1_never_scheduled', 'dataset_consumes_1_and_2', 'consume_1_and_2_with_dataset_expressions', 'dataset_consumes_1', 'consume_1_or_2_with_dataset_expressions', 'dataset_consumes_unknown_never_scheduled' retrieved from /home/airflow/.local/lib/python3.12/site-packages/airflow/example_dags/example_datasets.py
[2025-03-27T17:44:36.920+0000] {logging_mixin.py:190} INFO - [2025-03-27T17:44:36.920+0000] {dag.py:3239} INFO - Sync 10 DAGs
[2025-03-27T17:44:36.945+0000] {logging_mixin.py:190} INFO - [2025-03-27T17:44:36.944+0000] {dag.py:4180} INFO - Setting next_dagrun for conditional_dataset_and_time_based_timetable to 2025-03-26 01:00:00+00:00, run_after=2025-03-26 01:00:00+00:00
[2025-03-27T17:44:36.948+0000] {logging_mixin.py:190} INFO - [2025-03-27T17:44:36.948+0000] {dag.py:4180} INFO - Setting next_dagrun for consume_1_and_2_with_dataset_expressions to None, run_after=None
[2025-03-27T17:44:36.949+0000] {logging_mixin.py:190} INFO - [2025-03-27T17:44:36.949+0000] {dag.py:4180} INFO - Setting next_dagrun for consume_1_or_2_with_dataset_expressions to None, run_after=None
[2025-03-27T17:44:36.951+0000] {logging_mixin.py:190} INFO - [2025-03-27T17:44:36.951+0000] {dag.py:4180} INFO - Setting next_dagrun for consume_1_or_both_2_and_3_with_dataset_expressions to None, run_after=None
[2025-03-27T17:44:36.952+0000] {logging_mixin.py:190} INFO - [2025-03-27T17:44:36.952+0000] {dag.py:4180} INFO - Setting next_dagrun for dataset_consumes_1 to None, run_after=None
[2025-03-27T17:44:36.954+0000] {logging_mixin.py:190} INFO - [2025-03-27T17:44:36.953+0000] {dag.py:4180} INFO - Setting next_dagrun for dataset_consumes_1_and_2 to None, run_after=None
[2025-03-27T17:44:36.955+0000] {logging_mixin.py:190} INFO - [2025-03-27T17:44:36.955+0000] {dag.py:4180} INFO - Setting next_dagrun for dataset_consumes_1_never_scheduled to None, run_after=None
[2025-03-27T17:44:36.956+0000] {logging_mixin.py:190} INFO - [2025-03-27T17:44:36.956+0000] {dag.py:4180} INFO - Setting next_dagrun for dataset_consumes_unknown_never_scheduled to None, run_after=None
[2025-03-27T17:44:36.959+0000] {logging_mixin.py:190} INFO - [2025-03-27T17:44:36.959+0000] {dag.py:4180} INFO - Setting next_dagrun for dataset_produces_1 to 2025-03-26 00:00:00+00:00, run_after=2025-03-27 00:00:00+00:00
[2025-03-27T17:44:36.960+0000] {logging_mixin.py:190} INFO - [2025-03-27T17:44:36.960+0000] {dag.py:4180} INFO - Setting next_dagrun for dataset_produces_2 to None, run_after=None
[2025-03-27T17:44:36.994+0000] {processor.py:208} INFO - Processing /home/airflow/.local/lib/python3.12/site-packages/airflow/example_dags/example_datasets.py took 0.638 seconds
[2025-03-27T17:45:07.160+0000] {processor.py:186} INFO - Started process (PID=875) to work on /home/airflow/.local/lib/python3.12/site-packages/airflow/example_dags/example_datasets.py
[2025-03-27T17:45:07.161+0000] {processor.py:914} INFO - Processing file /home/airflow/.local/lib/python3.12/site-packages/airflow/example_dags/example_datasets.py for tasks to queue
[2025-03-27T17:45:07.164+0000] {logging_mixin.py:190} INFO - [2025-03-27T17:45:07.164+0000] {dagbag.py:588} INFO - Filling up the DagBag from /home/airflow/.local/lib/python3.12/site-packages/airflow/example_dags/example_datasets.py
[2025-03-27T17:45:07.624+0000] {processor.py:925} INFO - DAG(s) 'dataset_consumes_unknown_never_scheduled', 'consume_1_or_both_2_and_3_with_dataset_expressions', 'consume_1_or_2_with_dataset_expressions', 'consume_1_and_2_with_dataset_expressions', 'conditional_dataset_and_time_based_timetable', 'dataset_produces_2', 'dataset_consumes_1_never_scheduled', 'dataset_consumes_1', 'dataset_consumes_1_and_2', 'dataset_produces_1' retrieved from /home/airflow/.local/lib/python3.12/site-packages/airflow/example_dags/example_datasets.py
[2025-03-27T17:45:07.690+0000] {logging_mixin.py:190} INFO - [2025-03-27T17:45:07.689+0000] {dag.py:3239} INFO - Sync 10 DAGs
[2025-03-27T17:45:07.727+0000] {logging_mixin.py:190} INFO - [2025-03-27T17:45:07.727+0000] {dag.py:4180} INFO - Setting next_dagrun for conditional_dataset_and_time_based_timetable to 2025-03-26 01:00:00+00:00, run_after=2025-03-26 01:00:00+00:00
[2025-03-27T17:45:07.732+0000] {logging_mixin.py:190} INFO - [2025-03-27T17:45:07.731+0000] {dag.py:4180} INFO - Setting next_dagrun for consume_1_and_2_with_dataset_expressions to None, run_after=None
[2025-03-27T17:45:07.734+0000] {logging_mixin.py:190} INFO - [2025-03-27T17:45:07.734+0000] {dag.py:4180} INFO - Setting next_dagrun for consume_1_or_2_with_dataset_expressions to None, run_after=None
[2025-03-27T17:45:07.735+0000] {logging_mixin.py:190} INFO - [2025-03-27T17:45:07.735+0000] {dag.py:4180} INFO - Setting next_dagrun for consume_1_or_both_2_and_3_with_dataset_expressions to None, run_after=None
[2025-03-27T17:45:07.737+0000] {logging_mixin.py:190} INFO - [2025-03-27T17:45:07.737+0000] {dag.py:4180} INFO - Setting next_dagrun for dataset_consumes_1 to None, run_after=None
[2025-03-27T17:45:07.738+0000] {logging_mixin.py:190} INFO - [2025-03-27T17:45:07.738+0000] {dag.py:4180} INFO - Setting next_dagrun for dataset_consumes_1_and_2 to None, run_after=None
[2025-03-27T17:45:07.740+0000] {logging_mixin.py:190} INFO - [2025-03-27T17:45:07.740+0000] {dag.py:4180} INFO - Setting next_dagrun for dataset_consumes_1_never_scheduled to None, run_after=None
[2025-03-27T17:45:07.741+0000] {logging_mixin.py:190} INFO - [2025-03-27T17:45:07.741+0000] {dag.py:4180} INFO - Setting next_dagrun for dataset_consumes_unknown_never_scheduled to None, run_after=None
[2025-03-27T17:45:07.744+0000] {logging_mixin.py:190} INFO - [2025-03-27T17:45:07.744+0000] {dag.py:4180} INFO - Setting next_dagrun for dataset_produces_1 to 2025-03-26 00:00:00+00:00, run_after=2025-03-27 00:00:00+00:00
[2025-03-27T17:45:07.745+0000] {logging_mixin.py:190} INFO - [2025-03-27T17:45:07.745+0000] {dag.py:4180} INFO - Setting next_dagrun for dataset_produces_2 to None, run_after=None
[2025-03-27T17:45:07.777+0000] {processor.py:208} INFO - Processing /home/airflow/.local/lib/python3.12/site-packages/airflow/example_dags/example_datasets.py took 0.623 seconds
[2025-03-27T17:45:38.822+0000] {processor.py:186} INFO - Started process (PID=941) to work on /home/airflow/.local/lib/python3.12/site-packages/airflow/example_dags/example_datasets.py
[2025-03-27T17:45:38.823+0000] {processor.py:914} INFO - Processing file /home/airflow/.local/lib/python3.12/site-packages/airflow/example_dags/example_datasets.py for tasks to queue
[2025-03-27T17:45:38.825+0000] {logging_mixin.py:190} INFO - [2025-03-27T17:45:38.825+0000] {dagbag.py:588} INFO - Filling up the DagBag from /home/airflow/.local/lib/python3.12/site-packages/airflow/example_dags/example_datasets.py
[2025-03-27T17:45:39.259+0000] {processor.py:925} INFO - DAG(s) 'dataset_consumes_unknown_never_scheduled', 'dataset_consumes_1_never_scheduled', 'conditional_dataset_and_time_based_timetable', 'consume_1_or_both_2_and_3_with_dataset_expressions', 'consume_1_and_2_with_dataset_expressions', 'dataset_consumes_1', 'dataset_consumes_1_and_2', 'dataset_produces_2', 'dataset_produces_1', 'consume_1_or_2_with_dataset_expressions' retrieved from /home/airflow/.local/lib/python3.12/site-packages/airflow/example_dags/example_datasets.py
[2025-03-27T17:45:39.305+0000] {logging_mixin.py:190} INFO - [2025-03-27T17:45:39.304+0000] {dag.py:3239} INFO - Sync 10 DAGs
[2025-03-27T17:45:39.330+0000] {logging_mixin.py:190} INFO - [2025-03-27T17:45:39.330+0000] {dag.py:4180} INFO - Setting next_dagrun for conditional_dataset_and_time_based_timetable to 2025-03-26 01:00:00+00:00, run_after=2025-03-26 01:00:00+00:00
[2025-03-27T17:45:39.334+0000] {logging_mixin.py:190} INFO - [2025-03-27T17:45:39.333+0000] {dag.py:4180} INFO - Setting next_dagrun for consume_1_and_2_with_dataset_expressions to None, run_after=None
[2025-03-27T17:45:39.336+0000] {logging_mixin.py:190} INFO - [2025-03-27T17:45:39.336+0000] {dag.py:4180} INFO - Setting next_dagrun for consume_1_or_2_with_dataset_expressions to None, run_after=None
[2025-03-27T17:45:39.337+0000] {logging_mixin.py:190} INFO - [2025-03-27T17:45:39.337+0000] {dag.py:4180} INFO - Setting next_dagrun for consume_1_or_both_2_and_3_with_dataset_expressions to None, run_after=None
[2025-03-27T17:45:39.338+0000] {logging_mixin.py:190} INFO - [2025-03-27T17:45:39.338+0000] {dag.py:4180} INFO - Setting next_dagrun for dataset_consumes_1 to None, run_after=None
[2025-03-27T17:45:39.339+0000] {logging_mixin.py:190} INFO - [2025-03-27T17:45:39.339+0000] {dag.py:4180} INFO - Setting next_dagrun for dataset_consumes_1_and_2 to None, run_after=None
[2025-03-27T17:45:39.341+0000] {logging_mixin.py:190} INFO - [2025-03-27T17:45:39.340+0000] {dag.py:4180} INFO - Setting next_dagrun for dataset_consumes_1_never_scheduled to None, run_after=None
[2025-03-27T17:45:39.342+0000] {logging_mixin.py:190} INFO - [2025-03-27T17:45:39.342+0000] {dag.py:4180} INFO - Setting next_dagrun for dataset_consumes_unknown_never_scheduled to None, run_after=None
[2025-03-27T17:45:39.344+0000] {logging_mixin.py:190} INFO - [2025-03-27T17:45:39.344+0000] {dag.py:4180} INFO - Setting next_dagrun for dataset_produces_1 to 2025-03-26 00:00:00+00:00, run_after=2025-03-27 00:00:00+00:00
[2025-03-27T17:45:39.345+0000] {logging_mixin.py:190} INFO - [2025-03-27T17:45:39.345+0000] {dag.py:4180} INFO - Setting next_dagrun for dataset_produces_2 to None, run_after=None
[2025-03-27T17:45:39.382+0000] {processor.py:208} INFO - Processing /home/airflow/.local/lib/python3.12/site-packages/airflow/example_dags/example_datasets.py took 0.566 seconds
[2025-03-27T17:46:09.945+0000] {processor.py:186} INFO - Started process (PID=1005) to work on /home/airflow/.local/lib/python3.12/site-packages/airflow/example_dags/example_datasets.py
[2025-03-27T17:46:09.946+0000] {processor.py:914} INFO - Processing file /home/airflow/.local/lib/python3.12/site-packages/airflow/example_dags/example_datasets.py for tasks to queue
[2025-03-27T17:46:09.950+0000] {logging_mixin.py:190} INFO - [2025-03-27T17:46:09.950+0000] {dagbag.py:588} INFO - Filling up the DagBag from /home/airflow/.local/lib/python3.12/site-packages/airflow/example_dags/example_datasets.py
[2025-03-27T17:46:10.463+0000] {processor.py:925} INFO - DAG(s) 'consume_1_or_both_2_and_3_with_dataset_expressions', 'dataset_consumes_1', 'dataset_produces_2', 'consume_1_or_2_with_dataset_expressions', 'dataset_consumes_1_and_2', 'dataset_consumes_unknown_never_scheduled', 'dataset_produces_1', 'consume_1_and_2_with_dataset_expressions', 'conditional_dataset_and_time_based_timetable', 'dataset_consumes_1_never_scheduled' retrieved from /home/airflow/.local/lib/python3.12/site-packages/airflow/example_dags/example_datasets.py
[2025-03-27T17:46:10.504+0000] {logging_mixin.py:190} INFO - [2025-03-27T17:46:10.504+0000] {dag.py:3239} INFO - Sync 10 DAGs
[2025-03-27T17:46:10.526+0000] {logging_mixin.py:190} INFO - [2025-03-27T17:46:10.526+0000] {dag.py:4180} INFO - Setting next_dagrun for conditional_dataset_and_time_based_timetable to 2025-03-26 01:00:00+00:00, run_after=2025-03-26 01:00:00+00:00
[2025-03-27T17:46:10.529+0000] {logging_mixin.py:190} INFO - [2025-03-27T17:46:10.529+0000] {dag.py:4180} INFO - Setting next_dagrun for consume_1_and_2_with_dataset_expressions to None, run_after=None
[2025-03-27T17:46:10.531+0000] {logging_mixin.py:190} INFO - [2025-03-27T17:46:10.531+0000] {dag.py:4180} INFO - Setting next_dagrun for consume_1_or_2_with_dataset_expressions to None, run_after=None
[2025-03-27T17:46:10.532+0000] {logging_mixin.py:190} INFO - [2025-03-27T17:46:10.532+0000] {dag.py:4180} INFO - Setting next_dagrun for consume_1_or_both_2_and_3_with_dataset_expressions to None, run_after=None
[2025-03-27T17:46:10.534+0000] {logging_mixin.py:190} INFO - [2025-03-27T17:46:10.533+0000] {dag.py:4180} INFO - Setting next_dagrun for dataset_consumes_1 to None, run_after=None
[2025-03-27T17:46:10.535+0000] {logging_mixin.py:190} INFO - [2025-03-27T17:46:10.535+0000] {dag.py:4180} INFO - Setting next_dagrun for dataset_consumes_1_and_2 to None, run_after=None
[2025-03-27T17:46:10.537+0000] {logging_mixin.py:190} INFO - [2025-03-27T17:46:10.537+0000] {dag.py:4180} INFO - Setting next_dagrun for dataset_consumes_1_never_scheduled to None, run_after=None
[2025-03-27T17:46:10.539+0000] {logging_mixin.py:190} INFO - [2025-03-27T17:46:10.539+0000] {dag.py:4180} INFO - Setting next_dagrun for dataset_consumes_unknown_never_scheduled to None, run_after=None
[2025-03-27T17:46:10.542+0000] {logging_mixin.py:190} INFO - [2025-03-27T17:46:10.542+0000] {dag.py:4180} INFO - Setting next_dagrun for dataset_produces_1 to 2025-03-26 00:00:00+00:00, run_after=2025-03-27 00:00:00+00:00
[2025-03-27T17:46:10.544+0000] {logging_mixin.py:190} INFO - [2025-03-27T17:46:10.543+0000] {dag.py:4180} INFO - Setting next_dagrun for dataset_produces_2 to None, run_after=None
[2025-03-27T17:46:10.585+0000] {processor.py:208} INFO - Processing /home/airflow/.local/lib/python3.12/site-packages/airflow/example_dags/example_datasets.py took 0.646 seconds
[2025-03-27T17:46:40.755+0000] {processor.py:186} INFO - Started process (PID=1070) to work on /home/airflow/.local/lib/python3.12/site-packages/airflow/example_dags/example_datasets.py
[2025-03-27T17:46:40.756+0000] {processor.py:914} INFO - Processing file /home/airflow/.local/lib/python3.12/site-packages/airflow/example_dags/example_datasets.py for tasks to queue
[2025-03-27T17:46:40.758+0000] {logging_mixin.py:190} INFO - [2025-03-27T17:46:40.758+0000] {dagbag.py:588} INFO - Filling up the DagBag from /home/airflow/.local/lib/python3.12/site-packages/airflow/example_dags/example_datasets.py
[2025-03-27T17:46:41.255+0000] {processor.py:925} INFO - DAG(s) 'dataset_consumes_1_never_scheduled', 'dataset_produces_1', 'consume_1_or_both_2_and_3_with_dataset_expressions', 'conditional_dataset_and_time_based_timetable', 'dataset_consumes_1_and_2', 'consume_1_and_2_with_dataset_expressions', 'consume_1_or_2_with_dataset_expressions', 'dataset_consumes_unknown_never_scheduled', 'dataset_produces_2', 'dataset_consumes_1' retrieved from /home/airflow/.local/lib/python3.12/site-packages/airflow/example_dags/example_datasets.py
[2025-03-27T17:46:41.310+0000] {logging_mixin.py:190} INFO - [2025-03-27T17:46:41.309+0000] {dag.py:3239} INFO - Sync 10 DAGs
[2025-03-27T17:46:41.345+0000] {logging_mixin.py:190} INFO - [2025-03-27T17:46:41.344+0000] {dag.py:4180} INFO - Setting next_dagrun for conditional_dataset_and_time_based_timetable to 2025-03-26 01:00:00+00:00, run_after=2025-03-26 01:00:00+00:00
[2025-03-27T17:46:41.349+0000] {logging_mixin.py:190} INFO - [2025-03-27T17:46:41.349+0000] {dag.py:4180} INFO - Setting next_dagrun for consume_1_and_2_with_dataset_expressions to None, run_after=None
[2025-03-27T17:46:41.351+0000] {logging_mixin.py:190} INFO - [2025-03-27T17:46:41.351+0000] {dag.py:4180} INFO - Setting next_dagrun for consume_1_or_2_with_dataset_expressions to None, run_after=None
[2025-03-27T17:46:41.353+0000] {logging_mixin.py:190} INFO - [2025-03-27T17:46:41.353+0000] {dag.py:4180} INFO - Setting next_dagrun for consume_1_or_both_2_and_3_with_dataset_expressions to None, run_after=None
[2025-03-27T17:46:41.355+0000] {logging_mixin.py:190} INFO - [2025-03-27T17:46:41.355+0000] {dag.py:4180} INFO - Setting next_dagrun for dataset_consumes_1 to None, run_after=None
[2025-03-27T17:46:41.357+0000] {logging_mixin.py:190} INFO - [2025-03-27T17:46:41.357+0000] {dag.py:4180} INFO - Setting next_dagrun for dataset_consumes_1_and_2 to None, run_after=None
[2025-03-27T17:46:41.359+0000] {logging_mixin.py:190} INFO - [2025-03-27T17:46:41.359+0000] {dag.py:4180} INFO - Setting next_dagrun for dataset_consumes_1_never_scheduled to None, run_after=None
[2025-03-27T17:46:41.361+0000] {logging_mixin.py:190} INFO - [2025-03-27T17:46:41.361+0000] {dag.py:4180} INFO - Setting next_dagrun for dataset_consumes_unknown_never_scheduled to None, run_after=None
[2025-03-27T17:46:41.364+0000] {logging_mixin.py:190} INFO - [2025-03-27T17:46:41.364+0000] {dag.py:4180} INFO - Setting next_dagrun for dataset_produces_1 to 2025-03-26 00:00:00+00:00, run_after=2025-03-27 00:00:00+00:00
[2025-03-27T17:46:41.366+0000] {logging_mixin.py:190} INFO - [2025-03-27T17:46:41.366+0000] {dag.py:4180} INFO - Setting next_dagrun for dataset_produces_2 to None, run_after=None
[2025-03-27T17:46:41.406+0000] {processor.py:208} INFO - Processing /home/airflow/.local/lib/python3.12/site-packages/airflow/example_dags/example_datasets.py took 0.657 seconds
[2025-03-27T17:47:11.689+0000] {processor.py:186} INFO - Started process (PID=1137) to work on /home/airflow/.local/lib/python3.12/site-packages/airflow/example_dags/example_datasets.py
[2025-03-27T17:47:11.690+0000] {processor.py:914} INFO - Processing file /home/airflow/.local/lib/python3.12/site-packages/airflow/example_dags/example_datasets.py for tasks to queue
[2025-03-27T17:47:11.692+0000] {logging_mixin.py:190} INFO - [2025-03-27T17:47:11.692+0000] {dagbag.py:588} INFO - Filling up the DagBag from /home/airflow/.local/lib/python3.12/site-packages/airflow/example_dags/example_datasets.py
[2025-03-27T17:47:12.141+0000] {processor.py:925} INFO - DAG(s) 'consume_1_and_2_with_dataset_expressions', 'conditional_dataset_and_time_based_timetable', 'dataset_consumes_1_never_scheduled', 'dataset_consumes_1', 'dataset_consumes_unknown_never_scheduled', 'consume_1_or_2_with_dataset_expressions', 'dataset_consumes_1_and_2', 'consume_1_or_both_2_and_3_with_dataset_expressions', 'dataset_produces_2', 'dataset_produces_1' retrieved from /home/airflow/.local/lib/python3.12/site-packages/airflow/example_dags/example_datasets.py
[2025-03-27T17:47:12.191+0000] {logging_mixin.py:190} INFO - [2025-03-27T17:47:12.191+0000] {dag.py:3239} INFO - Sync 10 DAGs
[2025-03-27T17:47:12.216+0000] {logging_mixin.py:190} INFO - [2025-03-27T17:47:12.216+0000] {dag.py:4180} INFO - Setting next_dagrun for conditional_dataset_and_time_based_timetable to 2025-03-26 01:00:00+00:00, run_after=2025-03-26 01:00:00+00:00
[2025-03-27T17:47:12.220+0000] {logging_mixin.py:190} INFO - [2025-03-27T17:47:12.220+0000] {dag.py:4180} INFO - Setting next_dagrun for consume_1_and_2_with_dataset_expressions to None, run_after=None
[2025-03-27T17:47:12.222+0000] {logging_mixin.py:190} INFO - [2025-03-27T17:47:12.222+0000] {dag.py:4180} INFO - Setting next_dagrun for consume_1_or_2_with_dataset_expressions to None, run_after=None
[2025-03-27T17:47:12.224+0000] {logging_mixin.py:190} INFO - [2025-03-27T17:47:12.223+0000] {dag.py:4180} INFO - Setting next_dagrun for consume_1_or_both_2_and_3_with_dataset_expressions to None, run_after=None
[2025-03-27T17:47:12.225+0000] {logging_mixin.py:190} INFO - [2025-03-27T17:47:12.225+0000] {dag.py:4180} INFO - Setting next_dagrun for dataset_consumes_1 to None, run_after=None
[2025-03-27T17:47:12.226+0000] {logging_mixin.py:190} INFO - [2025-03-27T17:47:12.226+0000] {dag.py:4180} INFO - Setting next_dagrun for dataset_consumes_1_and_2 to None, run_after=None
[2025-03-27T17:47:12.227+0000] {logging_mixin.py:190} INFO - [2025-03-27T17:47:12.227+0000] {dag.py:4180} INFO - Setting next_dagrun for dataset_consumes_1_never_scheduled to None, run_after=None
[2025-03-27T17:47:12.229+0000] {logging_mixin.py:190} INFO - [2025-03-27T17:47:12.229+0000] {dag.py:4180} INFO - Setting next_dagrun for dataset_consumes_unknown_never_scheduled to None, run_after=None
[2025-03-27T17:47:12.232+0000] {logging_mixin.py:190} INFO - [2025-03-27T17:47:12.232+0000] {dag.py:4180} INFO - Setting next_dagrun for dataset_produces_1 to 2025-03-26 00:00:00+00:00, run_after=2025-03-27 00:00:00+00:00
[2025-03-27T17:47:12.233+0000] {logging_mixin.py:190} INFO - [2025-03-27T17:47:12.233+0000] {dag.py:4180} INFO - Setting next_dagrun for dataset_produces_2 to None, run_after=None
[2025-03-27T17:47:12.267+0000] {processor.py:208} INFO - Processing /home/airflow/.local/lib/python3.12/site-packages/airflow/example_dags/example_datasets.py took 0.583 seconds
[2025-03-27T17:47:42.931+0000] {processor.py:186} INFO - Started process (PID=1201) to work on /home/airflow/.local/lib/python3.12/site-packages/airflow/example_dags/example_datasets.py
[2025-03-27T17:47:42.932+0000] {processor.py:914} INFO - Processing file /home/airflow/.local/lib/python3.12/site-packages/airflow/example_dags/example_datasets.py for tasks to queue
[2025-03-27T17:47:42.934+0000] {logging_mixin.py:190} INFO - [2025-03-27T17:47:42.934+0000] {dagbag.py:588} INFO - Filling up the DagBag from /home/airflow/.local/lib/python3.12/site-packages/airflow/example_dags/example_datasets.py
[2025-03-27T17:47:43.458+0000] {processor.py:925} INFO - DAG(s) 'consume_1_and_2_with_dataset_expressions', 'conditional_dataset_and_time_based_timetable', 'dataset_produces_2', 'dataset_consumes_1_never_scheduled', 'consume_1_or_2_with_dataset_expressions', 'dataset_consumes_unknown_never_scheduled', 'consume_1_or_both_2_and_3_with_dataset_expressions', 'dataset_consumes_1_and_2', 'dataset_produces_1', 'dataset_consumes_1' retrieved from /home/airflow/.local/lib/python3.12/site-packages/airflow/example_dags/example_datasets.py
[2025-03-27T17:47:43.509+0000] {logging_mixin.py:190} INFO - [2025-03-27T17:47:43.508+0000] {dag.py:3239} INFO - Sync 10 DAGs
[2025-03-27T17:47:43.536+0000] {logging_mixin.py:190} INFO - [2025-03-27T17:47:43.535+0000] {dag.py:4180} INFO - Setting next_dagrun for conditional_dataset_and_time_based_timetable to 2025-03-26 01:00:00+00:00, run_after=2025-03-26 01:00:00+00:00
[2025-03-27T17:47:43.540+0000] {logging_mixin.py:190} INFO - [2025-03-27T17:47:43.540+0000] {dag.py:4180} INFO - Setting next_dagrun for consume_1_and_2_with_dataset_expressions to None, run_after=None
[2025-03-27T17:47:43.541+0000] {logging_mixin.py:190} INFO - [2025-03-27T17:47:43.541+0000] {dag.py:4180} INFO - Setting next_dagrun for consume_1_or_2_with_dataset_expressions to None, run_after=None
[2025-03-27T17:47:43.543+0000] {logging_mixin.py:190} INFO - [2025-03-27T17:47:43.542+0000] {dag.py:4180} INFO - Setting next_dagrun for consume_1_or_both_2_and_3_with_dataset_expressions to None, run_after=None
[2025-03-27T17:47:43.544+0000] {logging_mixin.py:190} INFO - [2025-03-27T17:47:43.544+0000] {dag.py:4180} INFO - Setting next_dagrun for dataset_consumes_1 to None, run_after=None
[2025-03-27T17:47:43.546+0000] {logging_mixin.py:190} INFO - [2025-03-27T17:47:43.545+0000] {dag.py:4180} INFO - Setting next_dagrun for dataset_consumes_1_and_2 to None, run_after=None
[2025-03-27T17:47:43.547+0000] {logging_mixin.py:190} INFO - [2025-03-27T17:47:43.547+0000] {dag.py:4180} INFO - Setting next_dagrun for dataset_consumes_1_never_scheduled to None, run_after=None
[2025-03-27T17:47:43.548+0000] {logging_mixin.py:190} INFO - [2025-03-27T17:47:43.548+0000] {dag.py:4180} INFO - Setting next_dagrun for dataset_consumes_unknown_never_scheduled to None, run_after=None
[2025-03-27T17:47:43.551+0000] {logging_mixin.py:190} INFO - [2025-03-27T17:47:43.551+0000] {dag.py:4180} INFO - Setting next_dagrun for dataset_produces_1 to 2025-03-26 00:00:00+00:00, run_after=2025-03-27 00:00:00+00:00
[2025-03-27T17:47:43.553+0000] {logging_mixin.py:190} INFO - [2025-03-27T17:47:43.553+0000] {dag.py:4180} INFO - Setting next_dagrun for dataset_produces_2 to None, run_after=None
[2025-03-27T17:47:43.587+0000] {processor.py:208} INFO - Processing /home/airflow/.local/lib/python3.12/site-packages/airflow/example_dags/example_datasets.py took 0.661 seconds
[2025-03-27T17:48:14.485+0000] {processor.py:186} INFO - Started process (PID=1264) to work on /home/airflow/.local/lib/python3.12/site-packages/airflow/example_dags/example_datasets.py
[2025-03-27T17:48:14.487+0000] {processor.py:914} INFO - Processing file /home/airflow/.local/lib/python3.12/site-packages/airflow/example_dags/example_datasets.py for tasks to queue
[2025-03-27T17:48:14.491+0000] {logging_mixin.py:190} INFO - [2025-03-27T17:48:14.490+0000] {dagbag.py:588} INFO - Filling up the DagBag from /home/airflow/.local/lib/python3.12/site-packages/airflow/example_dags/example_datasets.py
[2025-03-27T17:48:15.170+0000] {processor.py:925} INFO - DAG(s) 'consume_1_or_both_2_and_3_with_dataset_expressions', 'dataset_consumes_unknown_never_scheduled', 'consume_1_and_2_with_dataset_expressions', 'dataset_produces_1', 'dataset_consumes_1', 'dataset_consumes_1_and_2', 'dataset_produces_2', 'dataset_consumes_1_never_scheduled', 'consume_1_or_2_with_dataset_expressions', 'conditional_dataset_and_time_based_timetable' retrieved from /home/airflow/.local/lib/python3.12/site-packages/airflow/example_dags/example_datasets.py
[2025-03-27T17:48:15.239+0000] {logging_mixin.py:190} INFO - [2025-03-27T17:48:15.239+0000] {dag.py:3239} INFO - Sync 10 DAGs
[2025-03-27T17:48:15.276+0000] {logging_mixin.py:190} INFO - [2025-03-27T17:48:15.276+0000] {dag.py:4180} INFO - Setting next_dagrun for conditional_dataset_and_time_based_timetable to 2025-03-26 01:00:00+00:00, run_after=2025-03-26 01:00:00+00:00
[2025-03-27T17:48:15.283+0000] {logging_mixin.py:190} INFO - [2025-03-27T17:48:15.282+0000] {dag.py:4180} INFO - Setting next_dagrun for consume_1_and_2_with_dataset_expressions to None, run_after=None
[2025-03-27T17:48:15.289+0000] {logging_mixin.py:190} INFO - [2025-03-27T17:48:15.289+0000] {dag.py:4180} INFO - Setting next_dagrun for consume_1_or_2_with_dataset_expressions to None, run_after=None
[2025-03-27T17:48:15.294+0000] {logging_mixin.py:190} INFO - [2025-03-27T17:48:15.293+0000] {dag.py:4180} INFO - Setting next_dagrun for consume_1_or_both_2_and_3_with_dataset_expressions to None, run_after=None
[2025-03-27T17:48:15.297+0000] {logging_mixin.py:190} INFO - [2025-03-27T17:48:15.296+0000] {dag.py:4180} INFO - Setting next_dagrun for dataset_consumes_1 to None, run_after=None
[2025-03-27T17:48:15.300+0000] {logging_mixin.py:190} INFO - [2025-03-27T17:48:15.300+0000] {dag.py:4180} INFO - Setting next_dagrun for dataset_consumes_1_and_2 to None, run_after=None
[2025-03-27T17:48:15.303+0000] {logging_mixin.py:190} INFO - [2025-03-27T17:48:15.303+0000] {dag.py:4180} INFO - Setting next_dagrun for dataset_consumes_1_never_scheduled to None, run_after=None
[2025-03-27T17:48:15.306+0000] {logging_mixin.py:190} INFO - [2025-03-27T17:48:15.306+0000] {dag.py:4180} INFO - Setting next_dagrun for dataset_consumes_unknown_never_scheduled to None, run_after=None
[2025-03-27T17:48:15.310+0000] {logging_mixin.py:190} INFO - [2025-03-27T17:48:15.310+0000] {dag.py:4180} INFO - Setting next_dagrun for dataset_produces_1 to 2025-03-26 00:00:00+00:00, run_after=2025-03-27 00:00:00+00:00
[2025-03-27T17:48:15.313+0000] {logging_mixin.py:190} INFO - [2025-03-27T17:48:15.313+0000] {dag.py:4180} INFO - Setting next_dagrun for dataset_produces_2 to None, run_after=None
[2025-03-27T17:48:15.390+0000] {processor.py:208} INFO - Processing /home/airflow/.local/lib/python3.12/site-packages/airflow/example_dags/example_datasets.py took 0.915 seconds
[2025-03-27T17:48:45.714+0000] {processor.py:186} INFO - Started process (PID=1330) to work on /home/airflow/.local/lib/python3.12/site-packages/airflow/example_dags/example_datasets.py
[2025-03-27T17:48:45.715+0000] {processor.py:914} INFO - Processing file /home/airflow/.local/lib/python3.12/site-packages/airflow/example_dags/example_datasets.py for tasks to queue
[2025-03-27T17:48:45.717+0000] {logging_mixin.py:190} INFO - [2025-03-27T17:48:45.716+0000] {dagbag.py:588} INFO - Filling up the DagBag from /home/airflow/.local/lib/python3.12/site-packages/airflow/example_dags/example_datasets.py
[2025-03-27T17:48:46.221+0000] {processor.py:925} INFO - DAG(s) 'dataset_consumes_1', 'consume_1_or_2_with_dataset_expressions', 'dataset_consumes_unknown_never_scheduled', 'dataset_consumes_1_and_2', 'conditional_dataset_and_time_based_timetable', 'dataset_produces_2', 'dataset_consumes_1_never_scheduled', 'consume_1_or_both_2_and_3_with_dataset_expressions', 'consume_1_and_2_with_dataset_expressions', 'dataset_produces_1' retrieved from /home/airflow/.local/lib/python3.12/site-packages/airflow/example_dags/example_datasets.py
[2025-03-27T17:48:46.264+0000] {logging_mixin.py:190} INFO - [2025-03-27T17:48:46.264+0000] {dag.py:3239} INFO - Sync 10 DAGs
[2025-03-27T17:48:46.307+0000] {logging_mixin.py:190} INFO - [2025-03-27T17:48:46.307+0000] {dag.py:4180} INFO - Setting next_dagrun for conditional_dataset_and_time_based_timetable to 2025-03-26 01:00:00+00:00, run_after=2025-03-26 01:00:00+00:00
[2025-03-27T17:48:46.312+0000] {logging_mixin.py:190} INFO - [2025-03-27T17:48:46.312+0000] {dag.py:4180} INFO - Setting next_dagrun for consume_1_and_2_with_dataset_expressions to None, run_after=None
[2025-03-27T17:48:46.314+0000] {logging_mixin.py:190} INFO - [2025-03-27T17:48:46.314+0000] {dag.py:4180} INFO - Setting next_dagrun for consume_1_or_2_with_dataset_expressions to None, run_after=None
[2025-03-27T17:48:46.317+0000] {logging_mixin.py:190} INFO - [2025-03-27T17:48:46.317+0000] {dag.py:4180} INFO - Setting next_dagrun for consume_1_or_both_2_and_3_with_dataset_expressions to None, run_after=None
[2025-03-27T17:48:46.320+0000] {logging_mixin.py:190} INFO - [2025-03-27T17:48:46.319+0000] {dag.py:4180} INFO - Setting next_dagrun for dataset_consumes_1 to None, run_after=None
[2025-03-27T17:48:46.322+0000] {logging_mixin.py:190} INFO - [2025-03-27T17:48:46.322+0000] {dag.py:4180} INFO - Setting next_dagrun for dataset_consumes_1_and_2 to None, run_after=None
[2025-03-27T17:48:46.324+0000] {logging_mixin.py:190} INFO - [2025-03-27T17:48:46.323+0000] {dag.py:4180} INFO - Setting next_dagrun for dataset_consumes_1_never_scheduled to None, run_after=None
[2025-03-27T17:48:46.325+0000] {logging_mixin.py:190} INFO - [2025-03-27T17:48:46.325+0000] {dag.py:4180} INFO - Setting next_dagrun for dataset_consumes_unknown_never_scheduled to None, run_after=None
[2025-03-27T17:48:46.328+0000] {logging_mixin.py:190} INFO - [2025-03-27T17:48:46.328+0000] {dag.py:4180} INFO - Setting next_dagrun for dataset_produces_1 to 2025-03-26 00:00:00+00:00, run_after=2025-03-27 00:00:00+00:00
[2025-03-27T17:48:46.331+0000] {logging_mixin.py:190} INFO - [2025-03-27T17:48:46.330+0000] {dag.py:4180} INFO - Setting next_dagrun for dataset_produces_2 to None, run_after=None
[2025-03-27T17:48:46.370+0000] {processor.py:208} INFO - Processing /home/airflow/.local/lib/python3.12/site-packages/airflow/example_dags/example_datasets.py took 0.662 seconds
[2025-03-27T17:49:16.625+0000] {processor.py:186} INFO - Started process (PID=1406) to work on /home/airflow/.local/lib/python3.12/site-packages/airflow/example_dags/example_datasets.py
[2025-03-27T17:49:16.627+0000] {processor.py:914} INFO - Processing file /home/airflow/.local/lib/python3.12/site-packages/airflow/example_dags/example_datasets.py for tasks to queue
[2025-03-27T17:49:16.631+0000] {logging_mixin.py:190} INFO - [2025-03-27T17:49:16.630+0000] {dagbag.py:588} INFO - Filling up the DagBag from /home/airflow/.local/lib/python3.12/site-packages/airflow/example_dags/example_datasets.py
[2025-03-27T17:49:17.203+0000] {processor.py:925} INFO - DAG(s) 'dataset_produces_2', 'dataset_produces_1', 'dataset_consumes_unknown_never_scheduled', 'dataset_consumes_1', 'consume_1_or_2_with_dataset_expressions', 'consume_1_and_2_with_dataset_expressions', 'consume_1_or_both_2_and_3_with_dataset_expressions', 'conditional_dataset_and_time_based_timetable', 'dataset_consumes_1_never_scheduled', 'dataset_consumes_1_and_2' retrieved from /home/airflow/.local/lib/python3.12/site-packages/airflow/example_dags/example_datasets.py
[2025-03-27T17:49:17.272+0000] {logging_mixin.py:190} INFO - [2025-03-27T17:49:17.272+0000] {dag.py:3239} INFO - Sync 10 DAGs
[2025-03-27T17:49:17.304+0000] {logging_mixin.py:190} INFO - [2025-03-27T17:49:17.304+0000] {dag.py:4180} INFO - Setting next_dagrun for conditional_dataset_and_time_based_timetable to 2025-03-26 01:00:00+00:00, run_after=2025-03-26 01:00:00+00:00
[2025-03-27T17:49:17.310+0000] {logging_mixin.py:190} INFO - [2025-03-27T17:49:17.310+0000] {dag.py:4180} INFO - Setting next_dagrun for consume_1_and_2_with_dataset_expressions to None, run_after=None
[2025-03-27T17:49:17.312+0000] {logging_mixin.py:190} INFO - [2025-03-27T17:49:17.312+0000] {dag.py:4180} INFO - Setting next_dagrun for consume_1_or_2_with_dataset_expressions to None, run_after=None
[2025-03-27T17:49:17.315+0000] {logging_mixin.py:190} INFO - [2025-03-27T17:49:17.315+0000] {dag.py:4180} INFO - Setting next_dagrun for consume_1_or_both_2_and_3_with_dataset_expressions to None, run_after=None
[2025-03-27T17:49:17.317+0000] {logging_mixin.py:190} INFO - [2025-03-27T17:49:17.317+0000] {dag.py:4180} INFO - Setting next_dagrun for dataset_consumes_1 to None, run_after=None
[2025-03-27T17:49:17.320+0000] {logging_mixin.py:190} INFO - [2025-03-27T17:49:17.319+0000] {dag.py:4180} INFO - Setting next_dagrun for dataset_consumes_1_and_2 to None, run_after=None
[2025-03-27T17:49:17.322+0000] {logging_mixin.py:190} INFO - [2025-03-27T17:49:17.321+0000] {dag.py:4180} INFO - Setting next_dagrun for dataset_consumes_1_never_scheduled to None, run_after=None
[2025-03-27T17:49:17.324+0000] {logging_mixin.py:190} INFO - [2025-03-27T17:49:17.324+0000] {dag.py:4180} INFO - Setting next_dagrun for dataset_consumes_unknown_never_scheduled to None, run_after=None
[2025-03-27T17:49:17.329+0000] {logging_mixin.py:190} INFO - [2025-03-27T17:49:17.329+0000] {dag.py:4180} INFO - Setting next_dagrun for dataset_produces_1 to 2025-03-26 00:00:00+00:00, run_after=2025-03-27 00:00:00+00:00
[2025-03-27T17:49:17.332+0000] {logging_mixin.py:190} INFO - [2025-03-27T17:49:17.331+0000] {dag.py:4180} INFO - Setting next_dagrun for dataset_produces_2 to None, run_after=None
[2025-03-27T17:49:17.389+0000] {processor.py:208} INFO - Processing /home/airflow/.local/lib/python3.12/site-packages/airflow/example_dags/example_datasets.py took 0.771 seconds
[2025-03-27T17:49:47.731+0000] {processor.py:186} INFO - Started process (PID=1472) to work on /home/airflow/.local/lib/python3.12/site-packages/airflow/example_dags/example_datasets.py
[2025-03-27T17:49:47.732+0000] {processor.py:914} INFO - Processing file /home/airflow/.local/lib/python3.12/site-packages/airflow/example_dags/example_datasets.py for tasks to queue
[2025-03-27T17:49:47.734+0000] {logging_mixin.py:190} INFO - [2025-03-27T17:49:47.734+0000] {dagbag.py:588} INFO - Filling up the DagBag from /home/airflow/.local/lib/python3.12/site-packages/airflow/example_dags/example_datasets.py
[2025-03-27T17:49:48.308+0000] {processor.py:925} INFO - DAG(s) 'consume_1_or_2_with_dataset_expressions', 'dataset_consumes_1', 'dataset_consumes_1_and_2', 'dataset_consumes_unknown_never_scheduled', 'dataset_produces_1', 'dataset_consumes_1_never_scheduled', 'conditional_dataset_and_time_based_timetable', 'consume_1_or_both_2_and_3_with_dataset_expressions', 'consume_1_and_2_with_dataset_expressions', 'dataset_produces_2' retrieved from /home/airflow/.local/lib/python3.12/site-packages/airflow/example_dags/example_datasets.py
[2025-03-27T17:49:48.352+0000] {logging_mixin.py:190} INFO - [2025-03-27T17:49:48.352+0000] {dag.py:3239} INFO - Sync 10 DAGs
[2025-03-27T17:49:48.381+0000] {logging_mixin.py:190} INFO - [2025-03-27T17:49:48.380+0000] {dag.py:4180} INFO - Setting next_dagrun for conditional_dataset_and_time_based_timetable to 2025-03-26 01:00:00+00:00, run_after=2025-03-26 01:00:00+00:00
[2025-03-27T17:49:48.387+0000] {logging_mixin.py:190} INFO - [2025-03-27T17:49:48.386+0000] {dag.py:4180} INFO - Setting next_dagrun for consume_1_and_2_with_dataset_expressions to None, run_after=None
[2025-03-27T17:49:48.389+0000] {logging_mixin.py:190} INFO - [2025-03-27T17:49:48.388+0000] {dag.py:4180} INFO - Setting next_dagrun for consume_1_or_2_with_dataset_expressions to None, run_after=None
[2025-03-27T17:49:48.391+0000] {logging_mixin.py:190} INFO - [2025-03-27T17:49:48.390+0000] {dag.py:4180} INFO - Setting next_dagrun for consume_1_or_both_2_and_3_with_dataset_expressions to None, run_after=None
[2025-03-27T17:49:48.393+0000] {logging_mixin.py:190} INFO - [2025-03-27T17:49:48.393+0000] {dag.py:4180} INFO - Setting next_dagrun for dataset_consumes_1 to None, run_after=None
[2025-03-27T17:49:48.395+0000] {logging_mixin.py:190} INFO - [2025-03-27T17:49:48.394+0000] {dag.py:4180} INFO - Setting next_dagrun for dataset_consumes_1_and_2 to None, run_after=None
[2025-03-27T17:49:48.397+0000] {logging_mixin.py:190} INFO - [2025-03-27T17:49:48.396+0000] {dag.py:4180} INFO - Setting next_dagrun for dataset_consumes_1_never_scheduled to None, run_after=None
[2025-03-27T17:49:48.399+0000] {logging_mixin.py:190} INFO - [2025-03-27T17:49:48.398+0000] {dag.py:4180} INFO - Setting next_dagrun for dataset_consumes_unknown_never_scheduled to None, run_after=None
[2025-03-27T17:49:48.402+0000] {logging_mixin.py:190} INFO - [2025-03-27T17:49:48.402+0000] {dag.py:4180} INFO - Setting next_dagrun for dataset_produces_1 to 2025-03-26 00:00:00+00:00, run_after=2025-03-27 00:00:00+00:00
[2025-03-27T17:49:48.405+0000] {logging_mixin.py:190} INFO - [2025-03-27T17:49:48.405+0000] {dag.py:4180} INFO - Setting next_dagrun for dataset_produces_2 to None, run_after=None
[2025-03-27T17:49:48.455+0000] {processor.py:208} INFO - Processing /home/airflow/.local/lib/python3.12/site-packages/airflow/example_dags/example_datasets.py took 0.728 seconds
[2025-03-27T17:50:18.917+0000] {processor.py:186} INFO - Started process (PID=1536) to work on /home/airflow/.local/lib/python3.12/site-packages/airflow/example_dags/example_datasets.py
[2025-03-27T17:50:18.919+0000] {processor.py:914} INFO - Processing file /home/airflow/.local/lib/python3.12/site-packages/airflow/example_dags/example_datasets.py for tasks to queue
[2025-03-27T17:50:18.921+0000] {logging_mixin.py:190} INFO - [2025-03-27T17:50:18.921+0000] {dagbag.py:588} INFO - Filling up the DagBag from /home/airflow/.local/lib/python3.12/site-packages/airflow/example_dags/example_datasets.py
[2025-03-27T17:50:19.595+0000] {processor.py:925} INFO - DAG(s) 'dataset_consumes_1_never_scheduled', 'dataset_produces_1', 'conditional_dataset_and_time_based_timetable', 'consume_1_or_both_2_and_3_with_dataset_expressions', 'consume_1_and_2_with_dataset_expressions', 'dataset_consumes_1', 'dataset_consumes_1_and_2', 'consume_1_or_2_with_dataset_expressions', 'dataset_consumes_unknown_never_scheduled', 'dataset_produces_2' retrieved from /home/airflow/.local/lib/python3.12/site-packages/airflow/example_dags/example_datasets.py
[2025-03-27T17:50:19.645+0000] {logging_mixin.py:190} INFO - [2025-03-27T17:50:19.644+0000] {dag.py:3239} INFO - Sync 10 DAGs
[2025-03-27T17:50:19.676+0000] {logging_mixin.py:190} INFO - [2025-03-27T17:50:19.675+0000] {dag.py:4180} INFO - Setting next_dagrun for conditional_dataset_and_time_based_timetable to 2025-03-26 01:00:00+00:00, run_after=2025-03-26 01:00:00+00:00
[2025-03-27T17:50:19.680+0000] {logging_mixin.py:190} INFO - [2025-03-27T17:50:19.680+0000] {dag.py:4180} INFO - Setting next_dagrun for consume_1_and_2_with_dataset_expressions to None, run_after=None
[2025-03-27T17:50:19.683+0000] {logging_mixin.py:190} INFO - [2025-03-27T17:50:19.683+0000] {dag.py:4180} INFO - Setting next_dagrun for consume_1_or_2_with_dataset_expressions to None, run_after=None
[2025-03-27T17:50:19.685+0000] {logging_mixin.py:190} INFO - [2025-03-27T17:50:19.684+0000] {dag.py:4180} INFO - Setting next_dagrun for consume_1_or_both_2_and_3_with_dataset_expressions to None, run_after=None
[2025-03-27T17:50:19.687+0000] {logging_mixin.py:190} INFO - [2025-03-27T17:50:19.687+0000] {dag.py:4180} INFO - Setting next_dagrun for dataset_consumes_1 to None, run_after=None
[2025-03-27T17:50:19.689+0000] {logging_mixin.py:190} INFO - [2025-03-27T17:50:19.689+0000] {dag.py:4180} INFO - Setting next_dagrun for dataset_consumes_1_and_2 to None, run_after=None
[2025-03-27T17:50:19.691+0000] {logging_mixin.py:190} INFO - [2025-03-27T17:50:19.690+0000] {dag.py:4180} INFO - Setting next_dagrun for dataset_consumes_1_never_scheduled to None, run_after=None
[2025-03-27T17:50:19.692+0000] {logging_mixin.py:190} INFO - [2025-03-27T17:50:19.692+0000] {dag.py:4180} INFO - Setting next_dagrun for dataset_consumes_unknown_never_scheduled to None, run_after=None
[2025-03-27T17:50:19.696+0000] {logging_mixin.py:190} INFO - [2025-03-27T17:50:19.695+0000] {dag.py:4180} INFO - Setting next_dagrun for dataset_produces_1 to 2025-03-26 00:00:00+00:00, run_after=2025-03-27 00:00:00+00:00
[2025-03-27T17:50:19.698+0000] {logging_mixin.py:190} INFO - [2025-03-27T17:50:19.698+0000] {dag.py:4180} INFO - Setting next_dagrun for dataset_produces_2 to None, run_after=None
[2025-03-27T17:50:19.744+0000] {processor.py:208} INFO - Processing /home/airflow/.local/lib/python3.12/site-packages/airflow/example_dags/example_datasets.py took 0.834 seconds
[2025-03-27T17:50:49.882+0000] {processor.py:186} INFO - Started process (PID=1605) to work on /home/airflow/.local/lib/python3.12/site-packages/airflow/example_dags/example_datasets.py
[2025-03-27T17:50:49.883+0000] {processor.py:914} INFO - Processing file /home/airflow/.local/lib/python3.12/site-packages/airflow/example_dags/example_datasets.py for tasks to queue
[2025-03-27T17:50:49.886+0000] {logging_mixin.py:190} INFO - [2025-03-27T17:50:49.885+0000] {dagbag.py:588} INFO - Filling up the DagBag from /home/airflow/.local/lib/python3.12/site-packages/airflow/example_dags/example_datasets.py
[2025-03-27T17:50:50.477+0000] {processor.py:925} INFO - DAG(s) 'dataset_produces_1', 'consume_1_and_2_with_dataset_expressions', 'consume_1_or_both_2_and_3_with_dataset_expressions', 'conditional_dataset_and_time_based_timetable', 'consume_1_or_2_with_dataset_expressions', 'dataset_consumes_1_and_2', 'dataset_consumes_1', 'dataset_consumes_unknown_never_scheduled', 'dataset_consumes_1_never_scheduled', 'dataset_produces_2' retrieved from /home/airflow/.local/lib/python3.12/site-packages/airflow/example_dags/example_datasets.py
[2025-03-27T17:50:50.538+0000] {logging_mixin.py:190} INFO - [2025-03-27T17:50:50.538+0000] {dag.py:3239} INFO - Sync 10 DAGs
[2025-03-27T17:50:50.564+0000] {logging_mixin.py:190} INFO - [2025-03-27T17:50:50.563+0000] {dag.py:4180} INFO - Setting next_dagrun for conditional_dataset_and_time_based_timetable to 2025-03-26 01:00:00+00:00, run_after=2025-03-26 01:00:00+00:00
[2025-03-27T17:50:50.568+0000] {logging_mixin.py:190} INFO - [2025-03-27T17:50:50.568+0000] {dag.py:4180} INFO - Setting next_dagrun for consume_1_and_2_with_dataset_expressions to None, run_after=None
[2025-03-27T17:50:50.570+0000] {logging_mixin.py:190} INFO - [2025-03-27T17:50:50.570+0000] {dag.py:4180} INFO - Setting next_dagrun for consume_1_or_2_with_dataset_expressions to None, run_after=None
[2025-03-27T17:50:50.571+0000] {logging_mixin.py:190} INFO - [2025-03-27T17:50:50.571+0000] {dag.py:4180} INFO - Setting next_dagrun for consume_1_or_both_2_and_3_with_dataset_expressions to None, run_after=None
[2025-03-27T17:50:50.573+0000] {logging_mixin.py:190} INFO - [2025-03-27T17:50:50.573+0000] {dag.py:4180} INFO - Setting next_dagrun for dataset_consumes_1 to None, run_after=None
[2025-03-27T17:50:50.574+0000] {logging_mixin.py:190} INFO - [2025-03-27T17:50:50.574+0000] {dag.py:4180} INFO - Setting next_dagrun for dataset_consumes_1_and_2 to None, run_after=None
[2025-03-27T17:50:50.575+0000] {logging_mixin.py:190} INFO - [2025-03-27T17:50:50.575+0000] {dag.py:4180} INFO - Setting next_dagrun for dataset_consumes_1_never_scheduled to None, run_after=None
[2025-03-27T17:50:50.576+0000] {logging_mixin.py:190} INFO - [2025-03-27T17:50:50.576+0000] {dag.py:4180} INFO - Setting next_dagrun for dataset_consumes_unknown_never_scheduled to None, run_after=None
[2025-03-27T17:50:50.579+0000] {logging_mixin.py:190} INFO - [2025-03-27T17:50:50.578+0000] {dag.py:4180} INFO - Setting next_dagrun for dataset_produces_1 to 2025-03-26 00:00:00+00:00, run_after=2025-03-27 00:00:00+00:00
[2025-03-27T17:50:50.580+0000] {logging_mixin.py:190} INFO - [2025-03-27T17:50:50.580+0000] {dag.py:4180} INFO - Setting next_dagrun for dataset_produces_2 to None, run_after=None
[2025-03-27T17:50:50.616+0000] {processor.py:208} INFO - Processing /home/airflow/.local/lib/python3.12/site-packages/airflow/example_dags/example_datasets.py took 0.741 seconds
[2025-03-27T17:51:21.419+0000] {processor.py:186} INFO - Started process (PID=1669) to work on /home/airflow/.local/lib/python3.12/site-packages/airflow/example_dags/example_datasets.py
[2025-03-27T17:51:21.420+0000] {processor.py:914} INFO - Processing file /home/airflow/.local/lib/python3.12/site-packages/airflow/example_dags/example_datasets.py for tasks to queue
[2025-03-27T17:51:21.422+0000] {logging_mixin.py:190} INFO - [2025-03-27T17:51:21.422+0000] {dagbag.py:588} INFO - Filling up the DagBag from /home/airflow/.local/lib/python3.12/site-packages/airflow/example_dags/example_datasets.py
[2025-03-27T17:51:22.092+0000] {processor.py:925} INFO - DAG(s) 'consume_1_and_2_with_dataset_expressions', 'conditional_dataset_and_time_based_timetable', 'dataset_consumes_1_and_2', 'dataset_consumes_1', 'consume_1_or_2_with_dataset_expressions', 'dataset_consumes_unknown_never_scheduled', 'consume_1_or_both_2_and_3_with_dataset_expressions', 'dataset_produces_1', 'dataset_produces_2', 'dataset_consumes_1_never_scheduled' retrieved from /home/airflow/.local/lib/python3.12/site-packages/airflow/example_dags/example_datasets.py
[2025-03-27T17:51:22.150+0000] {logging_mixin.py:190} INFO - [2025-03-27T17:51:22.149+0000] {dag.py:3239} INFO - Sync 10 DAGs
[2025-03-27T17:51:22.182+0000] {logging_mixin.py:190} INFO - [2025-03-27T17:51:22.181+0000] {dag.py:4180} INFO - Setting next_dagrun for conditional_dataset_and_time_based_timetable to 2025-03-26 01:00:00+00:00, run_after=2025-03-26 01:00:00+00:00
[2025-03-27T17:51:22.186+0000] {logging_mixin.py:190} INFO - [2025-03-27T17:51:22.186+0000] {dag.py:4180} INFO - Setting next_dagrun for consume_1_and_2_with_dataset_expressions to None, run_after=None
[2025-03-27T17:51:22.188+0000] {logging_mixin.py:190} INFO - [2025-03-27T17:51:22.188+0000] {dag.py:4180} INFO - Setting next_dagrun for consume_1_or_2_with_dataset_expressions to None, run_after=None
[2025-03-27T17:51:22.190+0000] {logging_mixin.py:190} INFO - [2025-03-27T17:51:22.189+0000] {dag.py:4180} INFO - Setting next_dagrun for consume_1_or_both_2_and_3_with_dataset_expressions to None, run_after=None
[2025-03-27T17:51:22.191+0000] {logging_mixin.py:190} INFO - [2025-03-27T17:51:22.191+0000] {dag.py:4180} INFO - Setting next_dagrun for dataset_consumes_1 to None, run_after=None
[2025-03-27T17:51:22.195+0000] {logging_mixin.py:190} INFO - [2025-03-27T17:51:22.194+0000] {dag.py:4180} INFO - Setting next_dagrun for dataset_consumes_1_and_2 to None, run_after=None
[2025-03-27T17:51:22.198+0000] {logging_mixin.py:190} INFO - [2025-03-27T17:51:22.197+0000] {dag.py:4180} INFO - Setting next_dagrun for dataset_consumes_1_never_scheduled to None, run_after=None
[2025-03-27T17:51:22.201+0000] {logging_mixin.py:190} INFO - [2025-03-27T17:51:22.201+0000] {dag.py:4180} INFO - Setting next_dagrun for dataset_consumes_unknown_never_scheduled to None, run_after=None
[2025-03-27T17:51:22.205+0000] {logging_mixin.py:190} INFO - [2025-03-27T17:51:22.205+0000] {dag.py:4180} INFO - Setting next_dagrun for dataset_produces_1 to 2025-03-26 00:00:00+00:00, run_after=2025-03-27 00:00:00+00:00
[2025-03-27T17:51:22.207+0000] {logging_mixin.py:190} INFO - [2025-03-27T17:51:22.207+0000] {dag.py:4180} INFO - Setting next_dagrun for dataset_produces_2 to None, run_after=None
[2025-03-27T17:51:22.247+0000] {processor.py:208} INFO - Processing /home/airflow/.local/lib/python3.12/site-packages/airflow/example_dags/example_datasets.py took 0.834 seconds
[2025-03-27T17:51:52.675+0000] {processor.py:186} INFO - Started process (PID=1731) to work on /home/airflow/.local/lib/python3.12/site-packages/airflow/example_dags/example_datasets.py
[2025-03-27T17:51:52.677+0000] {processor.py:914} INFO - Processing file /home/airflow/.local/lib/python3.12/site-packages/airflow/example_dags/example_datasets.py for tasks to queue
[2025-03-27T17:51:52.681+0000] {logging_mixin.py:190} INFO - [2025-03-27T17:51:52.680+0000] {dagbag.py:588} INFO - Filling up the DagBag from /home/airflow/.local/lib/python3.12/site-packages/airflow/example_dags/example_datasets.py
[2025-03-27T17:51:53.223+0000] {processor.py:925} INFO - DAG(s) 'dataset_consumes_1', 'dataset_consumes_1_and_2', 'conditional_dataset_and_time_based_timetable', 'consume_1_or_2_with_dataset_expressions', 'dataset_consumes_unknown_never_scheduled', 'dataset_produces_1', 'consume_1_and_2_with_dataset_expressions', 'dataset_produces_2', 'dataset_consumes_1_never_scheduled', 'consume_1_or_both_2_and_3_with_dataset_expressions' retrieved from /home/airflow/.local/lib/python3.12/site-packages/airflow/example_dags/example_datasets.py
[2025-03-27T17:51:53.282+0000] {logging_mixin.py:190} INFO - [2025-03-27T17:51:53.282+0000] {dag.py:3239} INFO - Sync 10 DAGs
[2025-03-27T17:51:53.317+0000] {logging_mixin.py:190} INFO - [2025-03-27T17:51:53.317+0000] {dag.py:4180} INFO - Setting next_dagrun for conditional_dataset_and_time_based_timetable to 2025-03-26 01:00:00+00:00, run_after=2025-03-26 01:00:00+00:00
[2025-03-27T17:51:53.322+0000] {logging_mixin.py:190} INFO - [2025-03-27T17:51:53.322+0000] {dag.py:4180} INFO - Setting next_dagrun for consume_1_and_2_with_dataset_expressions to None, run_after=None
[2025-03-27T17:51:53.324+0000] {logging_mixin.py:190} INFO - [2025-03-27T17:51:53.324+0000] {dag.py:4180} INFO - Setting next_dagrun for consume_1_or_2_with_dataset_expressions to None, run_after=None
[2025-03-27T17:51:53.326+0000] {logging_mixin.py:190} INFO - [2025-03-27T17:51:53.326+0000] {dag.py:4180} INFO - Setting next_dagrun for consume_1_or_both_2_and_3_with_dataset_expressions to None, run_after=None
[2025-03-27T17:51:53.328+0000] {logging_mixin.py:190} INFO - [2025-03-27T17:51:53.327+0000] {dag.py:4180} INFO - Setting next_dagrun for dataset_consumes_1 to None, run_after=None
[2025-03-27T17:51:53.329+0000] {logging_mixin.py:190} INFO - [2025-03-27T17:51:53.329+0000] {dag.py:4180} INFO - Setting next_dagrun for dataset_consumes_1_and_2 to None, run_after=None
[2025-03-27T17:51:53.330+0000] {logging_mixin.py:190} INFO - [2025-03-27T17:51:53.330+0000] {dag.py:4180} INFO - Setting next_dagrun for dataset_consumes_1_never_scheduled to None, run_after=None
[2025-03-27T17:51:53.332+0000] {logging_mixin.py:190} INFO - [2025-03-27T17:51:53.332+0000] {dag.py:4180} INFO - Setting next_dagrun for dataset_consumes_unknown_never_scheduled to None, run_after=None
[2025-03-27T17:51:53.335+0000] {logging_mixin.py:190} INFO - [2025-03-27T17:51:53.334+0000] {dag.py:4180} INFO - Setting next_dagrun for dataset_produces_1 to 2025-03-26 00:00:00+00:00, run_after=2025-03-27 00:00:00+00:00
[2025-03-27T17:51:53.336+0000] {logging_mixin.py:190} INFO - [2025-03-27T17:51:53.336+0000] {dag.py:4180} INFO - Setting next_dagrun for dataset_produces_2 to None, run_after=None
[2025-03-27T17:51:53.376+0000] {processor.py:208} INFO - Processing /home/airflow/.local/lib/python3.12/site-packages/airflow/example_dags/example_datasets.py took 0.709 seconds
[2025-03-27T17:52:23.833+0000] {processor.py:186} INFO - Started process (PID=1796) to work on /home/airflow/.local/lib/python3.12/site-packages/airflow/example_dags/example_datasets.py
[2025-03-27T17:52:23.834+0000] {processor.py:914} INFO - Processing file /home/airflow/.local/lib/python3.12/site-packages/airflow/example_dags/example_datasets.py for tasks to queue
[2025-03-27T17:52:23.837+0000] {logging_mixin.py:190} INFO - [2025-03-27T17:52:23.837+0000] {dagbag.py:588} INFO - Filling up the DagBag from /home/airflow/.local/lib/python3.12/site-packages/airflow/example_dags/example_datasets.py
[2025-03-27T17:52:24.408+0000] {processor.py:925} INFO - DAG(s) 'dataset_consumes_1', 'dataset_consumes_1_never_scheduled', 'dataset_produces_1', 'consume_1_or_both_2_and_3_with_dataset_expressions', 'dataset_consumes_unknown_never_scheduled', 'consume_1_or_2_with_dataset_expressions', 'consume_1_and_2_with_dataset_expressions', 'dataset_consumes_1_and_2', 'conditional_dataset_and_time_based_timetable', 'dataset_produces_2' retrieved from /home/airflow/.local/lib/python3.12/site-packages/airflow/example_dags/example_datasets.py
[2025-03-27T17:52:24.472+0000] {logging_mixin.py:190} INFO - [2025-03-27T17:52:24.472+0000] {dag.py:3239} INFO - Sync 10 DAGs
[2025-03-27T17:52:24.504+0000] {logging_mixin.py:190} INFO - [2025-03-27T17:52:24.504+0000] {dag.py:4180} INFO - Setting next_dagrun for conditional_dataset_and_time_based_timetable to 2025-03-26 01:00:00+00:00, run_after=2025-03-26 01:00:00+00:00
[2025-03-27T17:52:24.510+0000] {logging_mixin.py:190} INFO - [2025-03-27T17:52:24.509+0000] {dag.py:4180} INFO - Setting next_dagrun for consume_1_and_2_with_dataset_expressions to None, run_after=None
[2025-03-27T17:52:24.512+0000] {logging_mixin.py:190} INFO - [2025-03-27T17:52:24.511+0000] {dag.py:4180} INFO - Setting next_dagrun for consume_1_or_2_with_dataset_expressions to None, run_after=None
[2025-03-27T17:52:24.514+0000] {logging_mixin.py:190} INFO - [2025-03-27T17:52:24.513+0000] {dag.py:4180} INFO - Setting next_dagrun for consume_1_or_both_2_and_3_with_dataset_expressions to None, run_after=None
[2025-03-27T17:52:24.515+0000] {logging_mixin.py:190} INFO - [2025-03-27T17:52:24.515+0000] {dag.py:4180} INFO - Setting next_dagrun for dataset_consumes_1 to None, run_after=None
[2025-03-27T17:52:24.517+0000] {logging_mixin.py:190} INFO - [2025-03-27T17:52:24.517+0000] {dag.py:4180} INFO - Setting next_dagrun for dataset_consumes_1_and_2 to None, run_after=None
[2025-03-27T17:52:24.519+0000] {logging_mixin.py:190} INFO - [2025-03-27T17:52:24.519+0000] {dag.py:4180} INFO - Setting next_dagrun for dataset_consumes_1_never_scheduled to None, run_after=None
[2025-03-27T17:52:24.521+0000] {logging_mixin.py:190} INFO - [2025-03-27T17:52:24.521+0000] {dag.py:4180} INFO - Setting next_dagrun for dataset_consumes_unknown_never_scheduled to None, run_after=None
[2025-03-27T17:52:24.524+0000] {logging_mixin.py:190} INFO - [2025-03-27T17:52:24.524+0000] {dag.py:4180} INFO - Setting next_dagrun for dataset_produces_1 to 2025-03-26 00:00:00+00:00, run_after=2025-03-27 00:00:00+00:00
[2025-03-27T17:52:24.526+0000] {logging_mixin.py:190} INFO - [2025-03-27T17:52:24.526+0000] {dag.py:4180} INFO - Setting next_dagrun for dataset_produces_2 to None, run_after=None
[2025-03-27T17:52:24.570+0000] {processor.py:208} INFO - Processing /home/airflow/.local/lib/python3.12/site-packages/airflow/example_dags/example_datasets.py took 0.746 seconds
[2025-03-27T17:52:55.124+0000] {processor.py:186} INFO - Started process (PID=1860) to work on /home/airflow/.local/lib/python3.12/site-packages/airflow/example_dags/example_datasets.py
[2025-03-27T17:52:55.125+0000] {processor.py:914} INFO - Processing file /home/airflow/.local/lib/python3.12/site-packages/airflow/example_dags/example_datasets.py for tasks to queue
[2025-03-27T17:52:55.128+0000] {logging_mixin.py:190} INFO - [2025-03-27T17:52:55.127+0000] {dagbag.py:588} INFO - Filling up the DagBag from /home/airflow/.local/lib/python3.12/site-packages/airflow/example_dags/example_datasets.py
[2025-03-27T17:52:55.708+0000] {processor.py:925} INFO - DAG(s) 'consume_1_and_2_with_dataset_expressions', 'dataset_consumes_unknown_never_scheduled', 'dataset_produces_1', 'dataset_produces_2', 'consume_1_or_2_with_dataset_expressions', 'dataset_consumes_1_and_2', 'dataset_consumes_1_never_scheduled', 'consume_1_or_both_2_and_3_with_dataset_expressions', 'dataset_consumes_1', 'conditional_dataset_and_time_based_timetable' retrieved from /home/airflow/.local/lib/python3.12/site-packages/airflow/example_dags/example_datasets.py
[2025-03-27T17:52:55.758+0000] {logging_mixin.py:190} INFO - [2025-03-27T17:52:55.758+0000] {dag.py:3239} INFO - Sync 10 DAGs
[2025-03-27T17:52:55.786+0000] {logging_mixin.py:190} INFO - [2025-03-27T17:52:55.786+0000] {dag.py:4180} INFO - Setting next_dagrun for conditional_dataset_and_time_based_timetable to 2025-03-26 01:00:00+00:00, run_after=2025-03-26 01:00:00+00:00
[2025-03-27T17:52:55.790+0000] {logging_mixin.py:190} INFO - [2025-03-27T17:52:55.790+0000] {dag.py:4180} INFO - Setting next_dagrun for consume_1_and_2_with_dataset_expressions to None, run_after=None
[2025-03-27T17:52:55.791+0000] {logging_mixin.py:190} INFO - [2025-03-27T17:52:55.791+0000] {dag.py:4180} INFO - Setting next_dagrun for consume_1_or_2_with_dataset_expressions to None, run_after=None
[2025-03-27T17:52:55.793+0000] {logging_mixin.py:190} INFO - [2025-03-27T17:52:55.792+0000] {dag.py:4180} INFO - Setting next_dagrun for consume_1_or_both_2_and_3_with_dataset_expressions to None, run_after=None
[2025-03-27T17:52:55.794+0000] {logging_mixin.py:190} INFO - [2025-03-27T17:52:55.794+0000] {dag.py:4180} INFO - Setting next_dagrun for dataset_consumes_1 to None, run_after=None
[2025-03-27T17:52:55.795+0000] {logging_mixin.py:190} INFO - [2025-03-27T17:52:55.795+0000] {dag.py:4180} INFO - Setting next_dagrun for dataset_consumes_1_and_2 to None, run_after=None
[2025-03-27T17:52:55.796+0000] {logging_mixin.py:190} INFO - [2025-03-27T17:52:55.796+0000] {dag.py:4180} INFO - Setting next_dagrun for dataset_consumes_1_never_scheduled to None, run_after=None
[2025-03-27T17:52:55.797+0000] {logging_mixin.py:190} INFO - [2025-03-27T17:52:55.797+0000] {dag.py:4180} INFO - Setting next_dagrun for dataset_consumes_unknown_never_scheduled to None, run_after=None
[2025-03-27T17:52:55.800+0000] {logging_mixin.py:190} INFO - [2025-03-27T17:52:55.800+0000] {dag.py:4180} INFO - Setting next_dagrun for dataset_produces_1 to 2025-03-26 00:00:00+00:00, run_after=2025-03-27 00:00:00+00:00
[2025-03-27T17:52:55.802+0000] {logging_mixin.py:190} INFO - [2025-03-27T17:52:55.802+0000] {dag.py:4180} INFO - Setting next_dagrun for dataset_produces_2 to None, run_after=None
[2025-03-27T17:52:55.843+0000] {processor.py:208} INFO - Processing /home/airflow/.local/lib/python3.12/site-packages/airflow/example_dags/example_datasets.py took 0.725 seconds
