[2025-03-27T17:38:50.323+0000] {processor.py:186} INFO - Started process (PID=71) to work on /home/airflow/.local/lib/python3.12/site-packages/airflow/example_dags/example_latest_only_with_trigger.py
[2025-03-27T17:38:50.325+0000] {processor.py:914} INFO - Processing file /home/airflow/.local/lib/python3.12/site-packages/airflow/example_dags/example_latest_only_with_trigger.py for tasks to queue
[2025-03-27T17:38:50.328+0000] {logging_mixin.py:190} INFO - [2025-03-27T17:38:50.328+0000] {dagbag.py:588} INFO - Filling up the DagBag from /home/airflow/.local/lib/python3.12/site-packages/airflow/example_dags/example_latest_only_with_trigger.py
[2025-03-27T17:38:50.340+0000] {processor.py:925} INFO - DAG(s) 'latest_only_with_trigger' retrieved from /home/airflow/.local/lib/python3.12/site-packages/airflow/example_dags/example_latest_only_with_trigger.py
[2025-03-27T17:38:50.391+0000] {logging_mixin.py:190} INFO - [2025-03-27T17:38:50.391+0000] {dag.py:3239} INFO - Sync 1 DAGs
[2025-03-27T17:38:50.436+0000] {logging_mixin.py:190} INFO - [2025-03-27T17:38:50.436+0000] {dag.py:4180} INFO - Setting next_dagrun for latest_only_with_trigger to 2025-03-27 12:00:00+00:00, run_after=2025-03-27 16:00:00+00:00
[2025-03-27T17:38:50.470+0000] {processor.py:208} INFO - Processing /home/airflow/.local/lib/python3.12/site-packages/airflow/example_dags/example_latest_only_with_trigger.py took 0.154 seconds
[2025-03-27T17:39:20.895+0000] {processor.py:186} INFO - Started process (PID=135) to work on /home/airflow/.local/lib/python3.12/site-packages/airflow/example_dags/example_latest_only_with_trigger.py
[2025-03-27T17:39:20.896+0000] {processor.py:914} INFO - Processing file /home/airflow/.local/lib/python3.12/site-packages/airflow/example_dags/example_latest_only_with_trigger.py for tasks to queue
[2025-03-27T17:39:20.899+0000] {logging_mixin.py:190} INFO - [2025-03-27T17:39:20.899+0000] {dagbag.py:588} INFO - Filling up the DagBag from /home/airflow/.local/lib/python3.12/site-packages/airflow/example_dags/example_latest_only_with_trigger.py
[2025-03-27T17:39:20.906+0000] {processor.py:925} INFO - DAG(s) 'latest_only_with_trigger' retrieved from /home/airflow/.local/lib/python3.12/site-packages/airflow/example_dags/example_latest_only_with_trigger.py
[2025-03-27T17:39:20.929+0000] {logging_mixin.py:190} INFO - [2025-03-27T17:39:20.929+0000] {dag.py:3239} INFO - Sync 1 DAGs
[2025-03-27T17:39:20.952+0000] {logging_mixin.py:190} INFO - [2025-03-27T17:39:20.952+0000] {dag.py:4180} INFO - Setting next_dagrun for latest_only_with_trigger to 2025-03-27 12:00:00+00:00, run_after=2025-03-27 16:00:00+00:00
[2025-03-27T17:39:20.974+0000] {processor.py:208} INFO - Processing /home/airflow/.local/lib/python3.12/site-packages/airflow/example_dags/example_latest_only_with_trigger.py took 0.084 seconds
[2025-03-27T17:39:51.036+0000] {processor.py:186} INFO - Started process (PID=199) to work on /home/airflow/.local/lib/python3.12/site-packages/airflow/example_dags/example_latest_only_with_trigger.py
[2025-03-27T17:39:51.037+0000] {processor.py:914} INFO - Processing file /home/airflow/.local/lib/python3.12/site-packages/airflow/example_dags/example_latest_only_with_trigger.py for tasks to queue
[2025-03-27T17:39:51.039+0000] {logging_mixin.py:190} INFO - [2025-03-27T17:39:51.039+0000] {dagbag.py:588} INFO - Filling up the DagBag from /home/airflow/.local/lib/python3.12/site-packages/airflow/example_dags/example_latest_only_with_trigger.py
[2025-03-27T17:39:51.046+0000] {processor.py:925} INFO - DAG(s) 'latest_only_with_trigger' retrieved from /home/airflow/.local/lib/python3.12/site-packages/airflow/example_dags/example_latest_only_with_trigger.py
[2025-03-27T17:39:51.068+0000] {logging_mixin.py:190} INFO - [2025-03-27T17:39:51.068+0000] {dag.py:3239} INFO - Sync 1 DAGs
[2025-03-27T17:39:51.090+0000] {logging_mixin.py:190} INFO - [2025-03-27T17:39:51.090+0000] {dag.py:4180} INFO - Setting next_dagrun for latest_only_with_trigger to 2025-03-27 12:00:00+00:00, run_after=2025-03-27 16:00:00+00:00
[2025-03-27T17:39:51.107+0000] {processor.py:208} INFO - Processing /home/airflow/.local/lib/python3.12/site-packages/airflow/example_dags/example_latest_only_with_trigger.py took 0.076 seconds
[2025-03-27T17:40:21.915+0000] {processor.py:186} INFO - Started process (PID=263) to work on /home/airflow/.local/lib/python3.12/site-packages/airflow/example_dags/example_latest_only_with_trigger.py
[2025-03-27T17:40:21.916+0000] {processor.py:914} INFO - Processing file /home/airflow/.local/lib/python3.12/site-packages/airflow/example_dags/example_latest_only_with_trigger.py for tasks to queue
[2025-03-27T17:40:21.918+0000] {logging_mixin.py:190} INFO - [2025-03-27T17:40:21.917+0000] {dagbag.py:588} INFO - Filling up the DagBag from /home/airflow/.local/lib/python3.12/site-packages/airflow/example_dags/example_latest_only_with_trigger.py
[2025-03-27T17:40:21.924+0000] {processor.py:925} INFO - DAG(s) 'latest_only_with_trigger' retrieved from /home/airflow/.local/lib/python3.12/site-packages/airflow/example_dags/example_latest_only_with_trigger.py
[2025-03-27T17:40:21.945+0000] {logging_mixin.py:190} INFO - [2025-03-27T17:40:21.945+0000] {dag.py:3239} INFO - Sync 1 DAGs
[2025-03-27T17:40:21.969+0000] {logging_mixin.py:190} INFO - [2025-03-27T17:40:21.968+0000] {dag.py:4180} INFO - Setting next_dagrun for latest_only_with_trigger to 2025-03-27 12:00:00+00:00, run_after=2025-03-27 16:00:00+00:00
[2025-03-27T17:40:21.984+0000] {processor.py:208} INFO - Processing /home/airflow/.local/lib/python3.12/site-packages/airflow/example_dags/example_latest_only_with_trigger.py took 0.075 seconds
[2025-03-27T17:40:52.748+0000] {processor.py:186} INFO - Started process (PID=333) to work on /home/airflow/.local/lib/python3.12/site-packages/airflow/example_dags/example_latest_only_with_trigger.py
[2025-03-27T17:40:52.749+0000] {processor.py:914} INFO - Processing file /home/airflow/.local/lib/python3.12/site-packages/airflow/example_dags/example_latest_only_with_trigger.py for tasks to queue
[2025-03-27T17:40:52.751+0000] {logging_mixin.py:190} INFO - [2025-03-27T17:40:52.751+0000] {dagbag.py:588} INFO - Filling up the DagBag from /home/airflow/.local/lib/python3.12/site-packages/airflow/example_dags/example_latest_only_with_trigger.py
[2025-03-27T17:40:52.757+0000] {processor.py:925} INFO - DAG(s) 'latest_only_with_trigger' retrieved from /home/airflow/.local/lib/python3.12/site-packages/airflow/example_dags/example_latest_only_with_trigger.py
[2025-03-27T17:40:52.777+0000] {logging_mixin.py:190} INFO - [2025-03-27T17:40:52.777+0000] {dag.py:3239} INFO - Sync 1 DAGs
[2025-03-27T17:40:52.799+0000] {logging_mixin.py:190} INFO - [2025-03-27T17:40:52.798+0000] {dag.py:4180} INFO - Setting next_dagrun for latest_only_with_trigger to 2025-03-27 12:00:00+00:00, run_after=2025-03-27 16:00:00+00:00
[2025-03-27T17:40:52.819+0000] {processor.py:208} INFO - Processing /home/airflow/.local/lib/python3.12/site-packages/airflow/example_dags/example_latest_only_with_trigger.py took 0.076 seconds
[2025-03-27T17:41:23.279+0000] {processor.py:186} INFO - Started process (PID=397) to work on /home/airflow/.local/lib/python3.12/site-packages/airflow/example_dags/example_latest_only_with_trigger.py
[2025-03-27T17:41:23.280+0000] {processor.py:914} INFO - Processing file /home/airflow/.local/lib/python3.12/site-packages/airflow/example_dags/example_latest_only_with_trigger.py for tasks to queue
[2025-03-27T17:41:23.282+0000] {logging_mixin.py:190} INFO - [2025-03-27T17:41:23.281+0000] {dagbag.py:588} INFO - Filling up the DagBag from /home/airflow/.local/lib/python3.12/site-packages/airflow/example_dags/example_latest_only_with_trigger.py
[2025-03-27T17:41:23.289+0000] {processor.py:925} INFO - DAG(s) 'latest_only_with_trigger' retrieved from /home/airflow/.local/lib/python3.12/site-packages/airflow/example_dags/example_latest_only_with_trigger.py
[2025-03-27T17:41:23.310+0000] {logging_mixin.py:190} INFO - [2025-03-27T17:41:23.309+0000] {dag.py:3239} INFO - Sync 1 DAGs
[2025-03-27T17:41:23.330+0000] {logging_mixin.py:190} INFO - [2025-03-27T17:41:23.330+0000] {dag.py:4180} INFO - Setting next_dagrun for latest_only_with_trigger to 2025-03-27 12:00:00+00:00, run_after=2025-03-27 16:00:00+00:00
[2025-03-27T17:41:23.347+0000] {processor.py:208} INFO - Processing /home/airflow/.local/lib/python3.12/site-packages/airflow/example_dags/example_latest_only_with_trigger.py took 0.074 seconds
[2025-03-27T17:41:54.010+0000] {processor.py:186} INFO - Started process (PID=461) to work on /home/airflow/.local/lib/python3.12/site-packages/airflow/example_dags/example_latest_only_with_trigger.py
[2025-03-27T17:41:54.012+0000] {processor.py:914} INFO - Processing file /home/airflow/.local/lib/python3.12/site-packages/airflow/example_dags/example_latest_only_with_trigger.py for tasks to queue
[2025-03-27T17:41:54.015+0000] {logging_mixin.py:190} INFO - [2025-03-27T17:41:54.014+0000] {dagbag.py:588} INFO - Filling up the DagBag from /home/airflow/.local/lib/python3.12/site-packages/airflow/example_dags/example_latest_only_with_trigger.py
[2025-03-27T17:41:54.026+0000] {processor.py:925} INFO - DAG(s) 'latest_only_with_trigger' retrieved from /home/airflow/.local/lib/python3.12/site-packages/airflow/example_dags/example_latest_only_with_trigger.py
[2025-03-27T17:41:54.053+0000] {logging_mixin.py:190} INFO - [2025-03-27T17:41:54.053+0000] {dag.py:3239} INFO - Sync 1 DAGs
[2025-03-27T17:41:54.091+0000] {logging_mixin.py:190} INFO - [2025-03-27T17:41:54.091+0000] {dag.py:4180} INFO - Setting next_dagrun for latest_only_with_trigger to 2025-03-27 12:00:00+00:00, run_after=2025-03-27 16:00:00+00:00
[2025-03-27T17:41:54.119+0000] {processor.py:208} INFO - Processing /home/airflow/.local/lib/python3.12/site-packages/airflow/example_dags/example_latest_only_with_trigger.py took 0.117 seconds
[2025-03-27T17:42:24.817+0000] {processor.py:186} INFO - Started process (PID=525) to work on /home/airflow/.local/lib/python3.12/site-packages/airflow/example_dags/example_latest_only_with_trigger.py
[2025-03-27T17:42:24.818+0000] {processor.py:914} INFO - Processing file /home/airflow/.local/lib/python3.12/site-packages/airflow/example_dags/example_latest_only_with_trigger.py for tasks to queue
[2025-03-27T17:42:24.819+0000] {logging_mixin.py:190} INFO - [2025-03-27T17:42:24.819+0000] {dagbag.py:588} INFO - Filling up the DagBag from /home/airflow/.local/lib/python3.12/site-packages/airflow/example_dags/example_latest_only_with_trigger.py
[2025-03-27T17:42:24.826+0000] {processor.py:925} INFO - DAG(s) 'latest_only_with_trigger' retrieved from /home/airflow/.local/lib/python3.12/site-packages/airflow/example_dags/example_latest_only_with_trigger.py
[2025-03-27T17:42:24.847+0000] {logging_mixin.py:190} INFO - [2025-03-27T17:42:24.846+0000] {dag.py:3239} INFO - Sync 1 DAGs
[2025-03-27T17:42:24.873+0000] {logging_mixin.py:190} INFO - [2025-03-27T17:42:24.873+0000] {dag.py:4180} INFO - Setting next_dagrun for latest_only_with_trigger to 2025-03-27 12:00:00+00:00, run_after=2025-03-27 16:00:00+00:00
[2025-03-27T17:42:24.893+0000] {processor.py:208} INFO - Processing /home/airflow/.local/lib/python3.12/site-packages/airflow/example_dags/example_latest_only_with_trigger.py took 0.081 seconds
[2025-03-27T17:42:55.564+0000] {processor.py:186} INFO - Started process (PID=589) to work on /home/airflow/.local/lib/python3.12/site-packages/airflow/example_dags/example_latest_only_with_trigger.py
[2025-03-27T17:42:55.565+0000] {processor.py:914} INFO - Processing file /home/airflow/.local/lib/python3.12/site-packages/airflow/example_dags/example_latest_only_with_trigger.py for tasks to queue
[2025-03-27T17:42:55.568+0000] {logging_mixin.py:190} INFO - [2025-03-27T17:42:55.567+0000] {dagbag.py:588} INFO - Filling up the DagBag from /home/airflow/.local/lib/python3.12/site-packages/airflow/example_dags/example_latest_only_with_trigger.py
[2025-03-27T17:42:55.575+0000] {processor.py:925} INFO - DAG(s) 'latest_only_with_trigger' retrieved from /home/airflow/.local/lib/python3.12/site-packages/airflow/example_dags/example_latest_only_with_trigger.py
[2025-03-27T17:42:55.595+0000] {logging_mixin.py:190} INFO - [2025-03-27T17:42:55.595+0000] {dag.py:3239} INFO - Sync 1 DAGs
[2025-03-27T17:42:55.615+0000] {logging_mixin.py:190} INFO - [2025-03-27T17:42:55.615+0000] {dag.py:4180} INFO - Setting next_dagrun for latest_only_with_trigger to 2025-03-27 12:00:00+00:00, run_after=2025-03-27 16:00:00+00:00
[2025-03-27T17:42:55.635+0000] {processor.py:208} INFO - Processing /home/airflow/.local/lib/python3.12/site-packages/airflow/example_dags/example_latest_only_with_trigger.py took 0.076 seconds
[2025-03-27T17:43:26.589+0000] {processor.py:186} INFO - Started process (PID=655) to work on /home/airflow/.local/lib/python3.12/site-packages/airflow/example_dags/example_latest_only_with_trigger.py
[2025-03-27T17:43:26.590+0000] {processor.py:914} INFO - Processing file /home/airflow/.local/lib/python3.12/site-packages/airflow/example_dags/example_latest_only_with_trigger.py for tasks to queue
[2025-03-27T17:43:26.592+0000] {logging_mixin.py:190} INFO - [2025-03-27T17:43:26.592+0000] {dagbag.py:588} INFO - Filling up the DagBag from /home/airflow/.local/lib/python3.12/site-packages/airflow/example_dags/example_latest_only_with_trigger.py
[2025-03-27T17:43:26.599+0000] {processor.py:925} INFO - DAG(s) 'latest_only_with_trigger' retrieved from /home/airflow/.local/lib/python3.12/site-packages/airflow/example_dags/example_latest_only_with_trigger.py
[2025-03-27T17:43:26.619+0000] {logging_mixin.py:190} INFO - [2025-03-27T17:43:26.619+0000] {dag.py:3239} INFO - Sync 1 DAGs
[2025-03-27T17:43:26.645+0000] {logging_mixin.py:190} INFO - [2025-03-27T17:43:26.645+0000] {dag.py:4180} INFO - Setting next_dagrun for latest_only_with_trigger to 2025-03-27 12:00:00+00:00, run_after=2025-03-27 16:00:00+00:00
[2025-03-27T17:43:26.666+0000] {processor.py:208} INFO - Processing /home/airflow/.local/lib/python3.12/site-packages/airflow/example_dags/example_latest_only_with_trigger.py took 0.084 seconds
[2025-03-27T17:43:57.517+0000] {processor.py:186} INFO - Started process (PID=719) to work on /home/airflow/.local/lib/python3.12/site-packages/airflow/example_dags/example_latest_only_with_trigger.py
[2025-03-27T17:43:57.518+0000] {processor.py:914} INFO - Processing file /home/airflow/.local/lib/python3.12/site-packages/airflow/example_dags/example_latest_only_with_trigger.py for tasks to queue
[2025-03-27T17:43:57.522+0000] {logging_mixin.py:190} INFO - [2025-03-27T17:43:57.521+0000] {dagbag.py:588} INFO - Filling up the DagBag from /home/airflow/.local/lib/python3.12/site-packages/airflow/example_dags/example_latest_only_with_trigger.py
[2025-03-27T17:43:57.530+0000] {processor.py:925} INFO - DAG(s) 'latest_only_with_trigger' retrieved from /home/airflow/.local/lib/python3.12/site-packages/airflow/example_dags/example_latest_only_with_trigger.py
[2025-03-27T17:43:57.552+0000] {logging_mixin.py:190} INFO - [2025-03-27T17:43:57.552+0000] {dag.py:3239} INFO - Sync 1 DAGs
[2025-03-27T17:43:57.577+0000] {logging_mixin.py:190} INFO - [2025-03-27T17:43:57.577+0000] {dag.py:4180} INFO - Setting next_dagrun for latest_only_with_trigger to 2025-03-27 12:00:00+00:00, run_after=2025-03-27 16:00:00+00:00
[2025-03-27T17:43:57.600+0000] {processor.py:208} INFO - Processing /home/airflow/.local/lib/python3.12/site-packages/airflow/example_dags/example_latest_only_with_trigger.py took 0.091 seconds
[2025-03-27T17:44:27.719+0000] {processor.py:186} INFO - Started process (PID=783) to work on /home/airflow/.local/lib/python3.12/site-packages/airflow/example_dags/example_latest_only_with_trigger.py
[2025-03-27T17:44:27.720+0000] {processor.py:914} INFO - Processing file /home/airflow/.local/lib/python3.12/site-packages/airflow/example_dags/example_latest_only_with_trigger.py for tasks to queue
[2025-03-27T17:44:27.723+0000] {logging_mixin.py:190} INFO - [2025-03-27T17:44:27.723+0000] {dagbag.py:588} INFO - Filling up the DagBag from /home/airflow/.local/lib/python3.12/site-packages/airflow/example_dags/example_latest_only_with_trigger.py
[2025-03-27T17:44:27.731+0000] {processor.py:925} INFO - DAG(s) 'latest_only_with_trigger' retrieved from /home/airflow/.local/lib/python3.12/site-packages/airflow/example_dags/example_latest_only_with_trigger.py
[2025-03-27T17:44:27.758+0000] {logging_mixin.py:190} INFO - [2025-03-27T17:44:27.758+0000] {dag.py:3239} INFO - Sync 1 DAGs
[2025-03-27T17:44:27.782+0000] {logging_mixin.py:190} INFO - [2025-03-27T17:44:27.781+0000] {dag.py:4180} INFO - Setting next_dagrun for latest_only_with_trigger to 2025-03-27 12:00:00+00:00, run_after=2025-03-27 16:00:00+00:00
[2025-03-27T17:44:27.804+0000] {processor.py:208} INFO - Processing /home/airflow/.local/lib/python3.12/site-packages/airflow/example_dags/example_latest_only_with_trigger.py took 0.090 seconds
[2025-03-27T17:44:57.930+0000] {processor.py:186} INFO - Started process (PID=847) to work on /home/airflow/.local/lib/python3.12/site-packages/airflow/example_dags/example_latest_only_with_trigger.py
[2025-03-27T17:44:57.931+0000] {processor.py:914} INFO - Processing file /home/airflow/.local/lib/python3.12/site-packages/airflow/example_dags/example_latest_only_with_trigger.py for tasks to queue
[2025-03-27T17:44:57.934+0000] {logging_mixin.py:190} INFO - [2025-03-27T17:44:57.933+0000] {dagbag.py:588} INFO - Filling up the DagBag from /home/airflow/.local/lib/python3.12/site-packages/airflow/example_dags/example_latest_only_with_trigger.py
[2025-03-27T17:44:57.940+0000] {processor.py:925} INFO - DAG(s) 'latest_only_with_trigger' retrieved from /home/airflow/.local/lib/python3.12/site-packages/airflow/example_dags/example_latest_only_with_trigger.py
[2025-03-27T17:44:57.960+0000] {logging_mixin.py:190} INFO - [2025-03-27T17:44:57.959+0000] {dag.py:3239} INFO - Sync 1 DAGs
[2025-03-27T17:44:57.982+0000] {logging_mixin.py:190} INFO - [2025-03-27T17:44:57.982+0000] {dag.py:4180} INFO - Setting next_dagrun for latest_only_with_trigger to 2025-03-27 12:00:00+00:00, run_after=2025-03-27 16:00:00+00:00
[2025-03-27T17:44:58.000+0000] {processor.py:208} INFO - Processing /home/airflow/.local/lib/python3.12/site-packages/airflow/example_dags/example_latest_only_with_trigger.py took 0.076 seconds
[2025-03-27T17:45:28.327+0000] {processor.py:186} INFO - Started process (PID=911) to work on /home/airflow/.local/lib/python3.12/site-packages/airflow/example_dags/example_latest_only_with_trigger.py
[2025-03-27T17:45:28.328+0000] {processor.py:914} INFO - Processing file /home/airflow/.local/lib/python3.12/site-packages/airflow/example_dags/example_latest_only_with_trigger.py for tasks to queue
[2025-03-27T17:45:28.331+0000] {logging_mixin.py:190} INFO - [2025-03-27T17:45:28.331+0000] {dagbag.py:588} INFO - Filling up the DagBag from /home/airflow/.local/lib/python3.12/site-packages/airflow/example_dags/example_latest_only_with_trigger.py
[2025-03-27T17:45:28.341+0000] {processor.py:925} INFO - DAG(s) 'latest_only_with_trigger' retrieved from /home/airflow/.local/lib/python3.12/site-packages/airflow/example_dags/example_latest_only_with_trigger.py
[2025-03-27T17:45:28.361+0000] {logging_mixin.py:190} INFO - [2025-03-27T17:45:28.361+0000] {dag.py:3239} INFO - Sync 1 DAGs
[2025-03-27T17:45:28.384+0000] {logging_mixin.py:190} INFO - [2025-03-27T17:45:28.383+0000] {dag.py:4180} INFO - Setting next_dagrun for latest_only_with_trigger to 2025-03-27 12:00:00+00:00, run_after=2025-03-27 16:00:00+00:00
[2025-03-27T17:45:28.400+0000] {processor.py:208} INFO - Processing /home/airflow/.local/lib/python3.12/site-packages/airflow/example_dags/example_latest_only_with_trigger.py took 0.078 seconds
[2025-03-27T17:45:58.658+0000] {processor.py:186} INFO - Started process (PID=975) to work on /home/airflow/.local/lib/python3.12/site-packages/airflow/example_dags/example_latest_only_with_trigger.py
[2025-03-27T17:45:58.660+0000] {processor.py:914} INFO - Processing file /home/airflow/.local/lib/python3.12/site-packages/airflow/example_dags/example_latest_only_with_trigger.py for tasks to queue
[2025-03-27T17:45:58.663+0000] {logging_mixin.py:190} INFO - [2025-03-27T17:45:58.663+0000] {dagbag.py:588} INFO - Filling up the DagBag from /home/airflow/.local/lib/python3.12/site-packages/airflow/example_dags/example_latest_only_with_trigger.py
[2025-03-27T17:45:58.674+0000] {processor.py:925} INFO - DAG(s) 'latest_only_with_trigger' retrieved from /home/airflow/.local/lib/python3.12/site-packages/airflow/example_dags/example_latest_only_with_trigger.py
[2025-03-27T17:45:58.702+0000] {logging_mixin.py:190} INFO - [2025-03-27T17:45:58.701+0000] {dag.py:3239} INFO - Sync 1 DAGs
[2025-03-27T17:45:58.735+0000] {logging_mixin.py:190} INFO - [2025-03-27T17:45:58.735+0000] {dag.py:4180} INFO - Setting next_dagrun for latest_only_with_trigger to 2025-03-27 12:00:00+00:00, run_after=2025-03-27 16:00:00+00:00
[2025-03-27T17:45:58.759+0000] {processor.py:208} INFO - Processing /home/airflow/.local/lib/python3.12/site-packages/airflow/example_dags/example_latest_only_with_trigger.py took 0.108 seconds
[2025-03-27T17:46:29.398+0000] {processor.py:186} INFO - Started process (PID=1046) to work on /home/airflow/.local/lib/python3.12/site-packages/airflow/example_dags/example_latest_only_with_trigger.py
[2025-03-27T17:46:29.399+0000] {processor.py:914} INFO - Processing file /home/airflow/.local/lib/python3.12/site-packages/airflow/example_dags/example_latest_only_with_trigger.py for tasks to queue
[2025-03-27T17:46:29.402+0000] {logging_mixin.py:190} INFO - [2025-03-27T17:46:29.402+0000] {dagbag.py:588} INFO - Filling up the DagBag from /home/airflow/.local/lib/python3.12/site-packages/airflow/example_dags/example_latest_only_with_trigger.py
[2025-03-27T17:46:29.409+0000] {processor.py:925} INFO - DAG(s) 'latest_only_with_trigger' retrieved from /home/airflow/.local/lib/python3.12/site-packages/airflow/example_dags/example_latest_only_with_trigger.py
[2025-03-27T17:46:29.431+0000] {logging_mixin.py:190} INFO - [2025-03-27T17:46:29.430+0000] {dag.py:3239} INFO - Sync 1 DAGs
[2025-03-27T17:46:29.455+0000] {logging_mixin.py:190} INFO - [2025-03-27T17:46:29.455+0000] {dag.py:4180} INFO - Setting next_dagrun for latest_only_with_trigger to 2025-03-27 12:00:00+00:00, run_after=2025-03-27 16:00:00+00:00
[2025-03-27T17:46:29.478+0000] {processor.py:208} INFO - Processing /home/airflow/.local/lib/python3.12/site-packages/airflow/example_dags/example_latest_only_with_trigger.py took 0.085 seconds
[2025-03-27T17:47:00.291+0000] {processor.py:186} INFO - Started process (PID=1110) to work on /home/airflow/.local/lib/python3.12/site-packages/airflow/example_dags/example_latest_only_with_trigger.py
[2025-03-27T17:47:00.292+0000] {processor.py:914} INFO - Processing file /home/airflow/.local/lib/python3.12/site-packages/airflow/example_dags/example_latest_only_with_trigger.py for tasks to queue
[2025-03-27T17:47:00.294+0000] {logging_mixin.py:190} INFO - [2025-03-27T17:47:00.293+0000] {dagbag.py:588} INFO - Filling up the DagBag from /home/airflow/.local/lib/python3.12/site-packages/airflow/example_dags/example_latest_only_with_trigger.py
[2025-03-27T17:47:00.300+0000] {processor.py:925} INFO - DAG(s) 'latest_only_with_trigger' retrieved from /home/airflow/.local/lib/python3.12/site-packages/airflow/example_dags/example_latest_only_with_trigger.py
[2025-03-27T17:47:00.319+0000] {logging_mixin.py:190} INFO - [2025-03-27T17:47:00.318+0000] {dag.py:3239} INFO - Sync 1 DAGs
[2025-03-27T17:47:00.339+0000] {logging_mixin.py:190} INFO - [2025-03-27T17:47:00.339+0000] {dag.py:4180} INFO - Setting next_dagrun for latest_only_with_trigger to 2025-03-27 12:00:00+00:00, run_after=2025-03-27 16:00:00+00:00
[2025-03-27T17:47:00.358+0000] {processor.py:208} INFO - Processing /home/airflow/.local/lib/python3.12/site-packages/airflow/example_dags/example_latest_only_with_trigger.py took 0.072 seconds
[2025-03-27T17:47:30.584+0000] {processor.py:186} INFO - Started process (PID=1174) to work on /home/airflow/.local/lib/python3.12/site-packages/airflow/example_dags/example_latest_only_with_trigger.py
[2025-03-27T17:47:30.585+0000] {processor.py:914} INFO - Processing file /home/airflow/.local/lib/python3.12/site-packages/airflow/example_dags/example_latest_only_with_trigger.py for tasks to queue
[2025-03-27T17:47:30.588+0000] {logging_mixin.py:190} INFO - [2025-03-27T17:47:30.588+0000] {dagbag.py:588} INFO - Filling up the DagBag from /home/airflow/.local/lib/python3.12/site-packages/airflow/example_dags/example_latest_only_with_trigger.py
[2025-03-27T17:47:30.595+0000] {processor.py:925} INFO - DAG(s) 'latest_only_with_trigger' retrieved from /home/airflow/.local/lib/python3.12/site-packages/airflow/example_dags/example_latest_only_with_trigger.py
[2025-03-27T17:47:30.615+0000] {logging_mixin.py:190} INFO - [2025-03-27T17:47:30.615+0000] {dag.py:3239} INFO - Sync 1 DAGs
[2025-03-27T17:47:30.644+0000] {logging_mixin.py:190} INFO - [2025-03-27T17:47:30.644+0000] {dag.py:4180} INFO - Setting next_dagrun for latest_only_with_trigger to 2025-03-27 12:00:00+00:00, run_after=2025-03-27 16:00:00+00:00
[2025-03-27T17:47:30.665+0000] {processor.py:208} INFO - Processing /home/airflow/.local/lib/python3.12/site-packages/airflow/example_dags/example_latest_only_with_trigger.py took 0.086 seconds
[2025-03-27T17:48:00.860+0000] {processor.py:186} INFO - Started process (PID=1238) to work on /home/airflow/.local/lib/python3.12/site-packages/airflow/example_dags/example_latest_only_with_trigger.py
[2025-03-27T17:48:00.860+0000] {processor.py:914} INFO - Processing file /home/airflow/.local/lib/python3.12/site-packages/airflow/example_dags/example_latest_only_with_trigger.py for tasks to queue
[2025-03-27T17:48:00.862+0000] {logging_mixin.py:190} INFO - [2025-03-27T17:48:00.862+0000] {dagbag.py:588} INFO - Filling up the DagBag from /home/airflow/.local/lib/python3.12/site-packages/airflow/example_dags/example_latest_only_with_trigger.py
[2025-03-27T17:48:00.868+0000] {processor.py:925} INFO - DAG(s) 'latest_only_with_trigger' retrieved from /home/airflow/.local/lib/python3.12/site-packages/airflow/example_dags/example_latest_only_with_trigger.py
[2025-03-27T17:48:00.884+0000] {logging_mixin.py:190} INFO - [2025-03-27T17:48:00.884+0000] {dag.py:3239} INFO - Sync 1 DAGs
[2025-03-27T17:48:00.905+0000] {logging_mixin.py:190} INFO - [2025-03-27T17:48:00.905+0000] {dag.py:4180} INFO - Setting next_dagrun for latest_only_with_trigger to 2025-03-27 12:00:00+00:00, run_after=2025-03-27 16:00:00+00:00
[2025-03-27T17:48:00.925+0000] {processor.py:208} INFO - Processing /home/airflow/.local/lib/python3.12/site-packages/airflow/example_dags/example_latest_only_with_trigger.py took 0.070 seconds
[2025-03-27T17:48:31.730+0000] {processor.py:186} INFO - Started process (PID=1302) to work on /home/airflow/.local/lib/python3.12/site-packages/airflow/example_dags/example_latest_only_with_trigger.py
[2025-03-27T17:48:31.731+0000] {processor.py:914} INFO - Processing file /home/airflow/.local/lib/python3.12/site-packages/airflow/example_dags/example_latest_only_with_trigger.py for tasks to queue
[2025-03-27T17:48:31.734+0000] {logging_mixin.py:190} INFO - [2025-03-27T17:48:31.734+0000] {dagbag.py:588} INFO - Filling up the DagBag from /home/airflow/.local/lib/python3.12/site-packages/airflow/example_dags/example_latest_only_with_trigger.py
[2025-03-27T17:48:31.740+0000] {processor.py:925} INFO - DAG(s) 'latest_only_with_trigger' retrieved from /home/airflow/.local/lib/python3.12/site-packages/airflow/example_dags/example_latest_only_with_trigger.py
[2025-03-27T17:48:31.759+0000] {logging_mixin.py:190} INFO - [2025-03-27T17:48:31.759+0000] {dag.py:3239} INFO - Sync 1 DAGs
[2025-03-27T17:48:31.781+0000] {logging_mixin.py:190} INFO - [2025-03-27T17:48:31.781+0000] {dag.py:4180} INFO - Setting next_dagrun for latest_only_with_trigger to 2025-03-27 12:00:00+00:00, run_after=2025-03-27 16:00:00+00:00
[2025-03-27T17:48:31.804+0000] {processor.py:208} INFO - Processing /home/airflow/.local/lib/python3.12/site-packages/airflow/example_dags/example_latest_only_with_trigger.py took 0.078 seconds
[2025-03-27T17:49:01.944+0000] {processor.py:186} INFO - Started process (PID=1366) to work on /home/airflow/.local/lib/python3.12/site-packages/airflow/example_dags/example_latest_only_with_trigger.py
[2025-03-27T17:49:01.946+0000] {processor.py:914} INFO - Processing file /home/airflow/.local/lib/python3.12/site-packages/airflow/example_dags/example_latest_only_with_trigger.py for tasks to queue
[2025-03-27T17:49:01.952+0000] {logging_mixin.py:190} INFO - [2025-03-27T17:49:01.951+0000] {dagbag.py:588} INFO - Filling up the DagBag from /home/airflow/.local/lib/python3.12/site-packages/airflow/example_dags/example_latest_only_with_trigger.py
[2025-03-27T17:49:01.961+0000] {processor.py:925} INFO - DAG(s) 'latest_only_with_trigger' retrieved from /home/airflow/.local/lib/python3.12/site-packages/airflow/example_dags/example_latest_only_with_trigger.py
[2025-03-27T17:49:01.991+0000] {logging_mixin.py:190} INFO - [2025-03-27T17:49:01.991+0000] {dag.py:3239} INFO - Sync 1 DAGs
[2025-03-27T17:49:02.017+0000] {logging_mixin.py:190} INFO - [2025-03-27T17:49:02.017+0000] {dag.py:4180} INFO - Setting next_dagrun for latest_only_with_trigger to 2025-03-27 12:00:00+00:00, run_after=2025-03-27 16:00:00+00:00
[2025-03-27T17:49:02.038+0000] {processor.py:208} INFO - Processing /home/airflow/.local/lib/python3.12/site-packages/airflow/example_dags/example_latest_only_with_trigger.py took 0.103 seconds
[2025-03-27T17:49:32.622+0000] {processor.py:186} INFO - Started process (PID=1430) to work on /home/airflow/.local/lib/python3.12/site-packages/airflow/example_dags/example_latest_only_with_trigger.py
[2025-03-27T17:49:32.623+0000] {processor.py:914} INFO - Processing file /home/airflow/.local/lib/python3.12/site-packages/airflow/example_dags/example_latest_only_with_trigger.py for tasks to queue
[2025-03-27T17:49:32.625+0000] {logging_mixin.py:190} INFO - [2025-03-27T17:49:32.625+0000] {dagbag.py:588} INFO - Filling up the DagBag from /home/airflow/.local/lib/python3.12/site-packages/airflow/example_dags/example_latest_only_with_trigger.py
[2025-03-27T17:49:32.631+0000] {processor.py:925} INFO - DAG(s) 'latest_only_with_trigger' retrieved from /home/airflow/.local/lib/python3.12/site-packages/airflow/example_dags/example_latest_only_with_trigger.py
[2025-03-27T17:49:32.651+0000] {logging_mixin.py:190} INFO - [2025-03-27T17:49:32.650+0000] {dag.py:3239} INFO - Sync 1 DAGs
[2025-03-27T17:49:32.673+0000] {logging_mixin.py:190} INFO - [2025-03-27T17:49:32.672+0000] {dag.py:4180} INFO - Setting next_dagrun for latest_only_with_trigger to 2025-03-27 12:00:00+00:00, run_after=2025-03-27 16:00:00+00:00
[2025-03-27T17:49:32.689+0000] {processor.py:208} INFO - Processing /home/airflow/.local/lib/python3.12/site-packages/airflow/example_dags/example_latest_only_with_trigger.py took 0.071 seconds
[2025-03-27T17:50:03.198+0000] {processor.py:186} INFO - Started process (PID=1494) to work on /home/airflow/.local/lib/python3.12/site-packages/airflow/example_dags/example_latest_only_with_trigger.py
[2025-03-27T17:50:03.199+0000] {processor.py:914} INFO - Processing file /home/airflow/.local/lib/python3.12/site-packages/airflow/example_dags/example_latest_only_with_trigger.py for tasks to queue
[2025-03-27T17:50:03.201+0000] {logging_mixin.py:190} INFO - [2025-03-27T17:50:03.201+0000] {dagbag.py:588} INFO - Filling up the DagBag from /home/airflow/.local/lib/python3.12/site-packages/airflow/example_dags/example_latest_only_with_trigger.py
[2025-03-27T17:50:03.208+0000] {processor.py:925} INFO - DAG(s) 'latest_only_with_trigger' retrieved from /home/airflow/.local/lib/python3.12/site-packages/airflow/example_dags/example_latest_only_with_trigger.py
[2025-03-27T17:50:03.230+0000] {logging_mixin.py:190} INFO - [2025-03-27T17:50:03.230+0000] {dag.py:3239} INFO - Sync 1 DAGs
[2025-03-27T17:50:03.255+0000] {logging_mixin.py:190} INFO - [2025-03-27T17:50:03.254+0000] {dag.py:4180} INFO - Setting next_dagrun for latest_only_with_trigger to 2025-03-27 12:00:00+00:00, run_after=2025-03-27 16:00:00+00:00
[2025-03-27T17:50:03.274+0000] {processor.py:208} INFO - Processing /home/airflow/.local/lib/python3.12/site-packages/airflow/example_dags/example_latest_only_with_trigger.py took 0.081 seconds
[2025-03-27T17:50:33.455+0000] {processor.py:186} INFO - Started process (PID=1558) to work on /home/airflow/.local/lib/python3.12/site-packages/airflow/example_dags/example_latest_only_with_trigger.py
[2025-03-27T17:50:33.456+0000] {processor.py:914} INFO - Processing file /home/airflow/.local/lib/python3.12/site-packages/airflow/example_dags/example_latest_only_with_trigger.py for tasks to queue
[2025-03-27T17:50:33.459+0000] {logging_mixin.py:190} INFO - [2025-03-27T17:50:33.459+0000] {dagbag.py:588} INFO - Filling up the DagBag from /home/airflow/.local/lib/python3.12/site-packages/airflow/example_dags/example_latest_only_with_trigger.py
[2025-03-27T17:50:33.466+0000] {processor.py:925} INFO - DAG(s) 'latest_only_with_trigger' retrieved from /home/airflow/.local/lib/python3.12/site-packages/airflow/example_dags/example_latest_only_with_trigger.py
[2025-03-27T17:50:33.487+0000] {logging_mixin.py:190} INFO - [2025-03-27T17:50:33.487+0000] {dag.py:3239} INFO - Sync 1 DAGs
[2025-03-27T17:50:33.511+0000] {logging_mixin.py:190} INFO - [2025-03-27T17:50:33.511+0000] {dag.py:4180} INFO - Setting next_dagrun for latest_only_with_trigger to 2025-03-27 12:00:00+00:00, run_after=2025-03-27 16:00:00+00:00
[2025-03-27T17:50:33.529+0000] {processor.py:208} INFO - Processing /home/airflow/.local/lib/python3.12/site-packages/airflow/example_dags/example_latest_only_with_trigger.py took 0.081 seconds
[2025-03-27T17:51:03.704+0000] {processor.py:186} INFO - Started process (PID=1622) to work on /home/airflow/.local/lib/python3.12/site-packages/airflow/example_dags/example_latest_only_with_trigger.py
[2025-03-27T17:51:03.704+0000] {processor.py:914} INFO - Processing file /home/airflow/.local/lib/python3.12/site-packages/airflow/example_dags/example_latest_only_with_trigger.py for tasks to queue
[2025-03-27T17:51:03.707+0000] {logging_mixin.py:190} INFO - [2025-03-27T17:51:03.706+0000] {dagbag.py:588} INFO - Filling up the DagBag from /home/airflow/.local/lib/python3.12/site-packages/airflow/example_dags/example_latest_only_with_trigger.py
[2025-03-27T17:51:03.715+0000] {processor.py:925} INFO - DAG(s) 'latest_only_with_trigger' retrieved from /home/airflow/.local/lib/python3.12/site-packages/airflow/example_dags/example_latest_only_with_trigger.py
[2025-03-27T17:51:03.738+0000] {logging_mixin.py:190} INFO - [2025-03-27T17:51:03.738+0000] {dag.py:3239} INFO - Sync 1 DAGs
[2025-03-27T17:51:03.761+0000] {logging_mixin.py:190} INFO - [2025-03-27T17:51:03.761+0000] {dag.py:4180} INFO - Setting next_dagrun for latest_only_with_trigger to 2025-03-27 12:00:00+00:00, run_after=2025-03-27 16:00:00+00:00
[2025-03-27T17:51:03.779+0000] {processor.py:208} INFO - Processing /home/airflow/.local/lib/python3.12/site-packages/airflow/example_dags/example_latest_only_with_trigger.py took 0.080 seconds
[2025-03-27T17:51:34.010+0000] {processor.py:186} INFO - Started process (PID=1686) to work on /home/airflow/.local/lib/python3.12/site-packages/airflow/example_dags/example_latest_only_with_trigger.py
[2025-03-27T17:51:34.011+0000] {processor.py:914} INFO - Processing file /home/airflow/.local/lib/python3.12/site-packages/airflow/example_dags/example_latest_only_with_trigger.py for tasks to queue
[2025-03-27T17:51:34.013+0000] {logging_mixin.py:190} INFO - [2025-03-27T17:51:34.013+0000] {dagbag.py:588} INFO - Filling up the DagBag from /home/airflow/.local/lib/python3.12/site-packages/airflow/example_dags/example_latest_only_with_trigger.py
[2025-03-27T17:51:34.021+0000] {processor.py:925} INFO - DAG(s) 'latest_only_with_trigger' retrieved from /home/airflow/.local/lib/python3.12/site-packages/airflow/example_dags/example_latest_only_with_trigger.py
[2025-03-27T17:51:34.040+0000] {logging_mixin.py:190} INFO - [2025-03-27T17:51:34.040+0000] {dag.py:3239} INFO - Sync 1 DAGs
[2025-03-27T17:51:34.061+0000] {logging_mixin.py:190} INFO - [2025-03-27T17:51:34.061+0000] {dag.py:4180} INFO - Setting next_dagrun for latest_only_with_trigger to 2025-03-27 12:00:00+00:00, run_after=2025-03-27 16:00:00+00:00
[2025-03-27T17:51:34.082+0000] {processor.py:208} INFO - Processing /home/airflow/.local/lib/python3.12/site-packages/airflow/example_dags/example_latest_only_with_trigger.py took 0.079 seconds
[2025-03-27T17:52:04.848+0000] {processor.py:186} INFO - Started process (PID=1757) to work on /home/airflow/.local/lib/python3.12/site-packages/airflow/example_dags/example_latest_only_with_trigger.py
[2025-03-27T17:52:04.855+0000] {processor.py:914} INFO - Processing file /home/airflow/.local/lib/python3.12/site-packages/airflow/example_dags/example_latest_only_with_trigger.py for tasks to queue
[2025-03-27T17:52:04.860+0000] {logging_mixin.py:190} INFO - [2025-03-27T17:52:04.860+0000] {dagbag.py:588} INFO - Filling up the DagBag from /home/airflow/.local/lib/python3.12/site-packages/airflow/example_dags/example_latest_only_with_trigger.py
[2025-03-27T17:52:04.868+0000] {processor.py:925} INFO - DAG(s) 'latest_only_with_trigger' retrieved from /home/airflow/.local/lib/python3.12/site-packages/airflow/example_dags/example_latest_only_with_trigger.py
[2025-03-27T17:52:04.891+0000] {logging_mixin.py:190} INFO - [2025-03-27T17:52:04.891+0000] {dag.py:3239} INFO - Sync 1 DAGs
[2025-03-27T17:52:04.917+0000] {logging_mixin.py:190} INFO - [2025-03-27T17:52:04.917+0000] {dag.py:4180} INFO - Setting next_dagrun for latest_only_with_trigger to 2025-03-27 12:00:00+00:00, run_after=2025-03-27 16:00:00+00:00
[2025-03-27T17:52:04.934+0000] {processor.py:208} INFO - Processing /home/airflow/.local/lib/python3.12/site-packages/airflow/example_dags/example_latest_only_with_trigger.py took 0.092 seconds
[2025-03-27T17:52:35.030+0000] {processor.py:186} INFO - Started process (PID=1821) to work on /home/airflow/.local/lib/python3.12/site-packages/airflow/example_dags/example_latest_only_with_trigger.py
[2025-03-27T17:52:35.031+0000] {processor.py:914} INFO - Processing file /home/airflow/.local/lib/python3.12/site-packages/airflow/example_dags/example_latest_only_with_trigger.py for tasks to queue
[2025-03-27T17:52:35.034+0000] {logging_mixin.py:190} INFO - [2025-03-27T17:52:35.034+0000] {dagbag.py:588} INFO - Filling up the DagBag from /home/airflow/.local/lib/python3.12/site-packages/airflow/example_dags/example_latest_only_with_trigger.py
[2025-03-27T17:52:35.042+0000] {processor.py:925} INFO - DAG(s) 'latest_only_with_trigger' retrieved from /home/airflow/.local/lib/python3.12/site-packages/airflow/example_dags/example_latest_only_with_trigger.py
[2025-03-27T17:52:35.067+0000] {logging_mixin.py:190} INFO - [2025-03-27T17:52:35.066+0000] {dag.py:3239} INFO - Sync 1 DAGs
[2025-03-27T17:52:35.097+0000] {logging_mixin.py:190} INFO - [2025-03-27T17:52:35.097+0000] {dag.py:4180} INFO - Setting next_dagrun for latest_only_with_trigger to 2025-03-27 12:00:00+00:00, run_after=2025-03-27 16:00:00+00:00
[2025-03-27T17:52:35.121+0000] {processor.py:208} INFO - Processing /home/airflow/.local/lib/python3.12/site-packages/airflow/example_dags/example_latest_only_with_trigger.py took 0.097 seconds
