[2025-03-27T17:38:56.183+0000] {processor.py:186} INFO - Started process (PID=115) to work on /home/airflow/.local/lib/python3.12/site-packages/airflow/example_dags/example_branch_python_dop_operator_3.py
[2025-03-27T17:38:56.184+0000] {processor.py:914} INFO - Processing file /home/airflow/.local/lib/python3.12/site-packages/airflow/example_dags/example_branch_python_dop_operator_3.py for tasks to queue
[2025-03-27T17:38:56.187+0000] {logging_mixin.py:190} INFO - [2025-03-27T17:38:56.186+0000] {dagbag.py:588} INFO - Filling up the DagBag from /home/airflow/.local/lib/python3.12/site-packages/airflow/example_dags/example_branch_python_dop_operator_3.py
[2025-03-27T17:38:56.198+0000] {processor.py:925} INFO - DAG(s) 'example_branch_dop_operator_v3' retrieved from /home/airflow/.local/lib/python3.12/site-packages/airflow/example_dags/example_branch_python_dop_operator_3.py
[2025-03-27T17:38:56.222+0000] {logging_mixin.py:190} INFO - [2025-03-27T17:38:56.221+0000] {dag.py:3239} INFO - Sync 1 DAGs
[2025-03-27T17:38:56.254+0000] {logging_mixin.py:190} INFO - [2025-03-27T17:38:56.254+0000] {dag.py:4180} INFO - Setting next_dagrun for example_branch_dop_operator_v3 to 2025-03-27 17:37:00+00:00, run_after=2025-03-27 17:38:00+00:00
[2025-03-27T17:38:56.275+0000] {processor.py:208} INFO - Processing /home/airflow/.local/lib/python3.12/site-packages/airflow/example_dags/example_branch_python_dop_operator_3.py took 0.098 seconds
[2025-03-27T17:39:27.342+0000] {processor.py:186} INFO - Started process (PID=179) to work on /home/airflow/.local/lib/python3.12/site-packages/airflow/example_dags/example_branch_python_dop_operator_3.py
[2025-03-27T17:39:27.343+0000] {processor.py:914} INFO - Processing file /home/airflow/.local/lib/python3.12/site-packages/airflow/example_dags/example_branch_python_dop_operator_3.py for tasks to queue
[2025-03-27T17:39:27.345+0000] {logging_mixin.py:190} INFO - [2025-03-27T17:39:27.345+0000] {dagbag.py:588} INFO - Filling up the DagBag from /home/airflow/.local/lib/python3.12/site-packages/airflow/example_dags/example_branch_python_dop_operator_3.py
[2025-03-27T17:39:27.355+0000] {processor.py:925} INFO - DAG(s) 'example_branch_dop_operator_v3' retrieved from /home/airflow/.local/lib/python3.12/site-packages/airflow/example_dags/example_branch_python_dop_operator_3.py
[2025-03-27T17:39:27.373+0000] {logging_mixin.py:190} INFO - [2025-03-27T17:39:27.373+0000] {dag.py:3239} INFO - Sync 1 DAGs
[2025-03-27T17:39:27.393+0000] {logging_mixin.py:190} INFO - [2025-03-27T17:39:27.393+0000] {dag.py:4180} INFO - Setting next_dagrun for example_branch_dop_operator_v3 to 2025-03-27 17:38:00+00:00, run_after=2025-03-27 17:39:00+00:00
[2025-03-27T17:39:27.408+0000] {processor.py:208} INFO - Processing /home/airflow/.local/lib/python3.12/site-packages/airflow/example_dags/example_branch_python_dop_operator_3.py took 0.071 seconds
[2025-03-27T17:39:58.987+0000] {processor.py:186} INFO - Started process (PID=243) to work on /home/airflow/.local/lib/python3.12/site-packages/airflow/example_dags/example_branch_python_dop_operator_3.py
[2025-03-27T17:39:58.988+0000] {processor.py:914} INFO - Processing file /home/airflow/.local/lib/python3.12/site-packages/airflow/example_dags/example_branch_python_dop_operator_3.py for tasks to queue
[2025-03-27T17:39:58.991+0000] {logging_mixin.py:190} INFO - [2025-03-27T17:39:58.990+0000] {dagbag.py:588} INFO - Filling up the DagBag from /home/airflow/.local/lib/python3.12/site-packages/airflow/example_dags/example_branch_python_dop_operator_3.py
[2025-03-27T17:39:59.002+0000] {processor.py:925} INFO - DAG(s) 'example_branch_dop_operator_v3' retrieved from /home/airflow/.local/lib/python3.12/site-packages/airflow/example_dags/example_branch_python_dop_operator_3.py
[2025-03-27T17:39:59.021+0000] {logging_mixin.py:190} INFO - [2025-03-27T17:39:59.021+0000] {dag.py:3239} INFO - Sync 1 DAGs
[2025-03-27T17:39:59.051+0000] {logging_mixin.py:190} INFO - [2025-03-27T17:39:59.051+0000] {dag.py:4180} INFO - Setting next_dagrun for example_branch_dop_operator_v3 to 2025-03-27 17:38:00+00:00, run_after=2025-03-27 17:39:00+00:00
[2025-03-27T17:39:59.071+0000] {processor.py:208} INFO - Processing /home/airflow/.local/lib/python3.12/site-packages/airflow/example_dags/example_branch_python_dop_operator_3.py took 0.090 seconds
[2025-03-27T17:40:30.103+0000] {processor.py:186} INFO - Started process (PID=307) to work on /home/airflow/.local/lib/python3.12/site-packages/airflow/example_dags/example_branch_python_dop_operator_3.py
[2025-03-27T17:40:30.104+0000] {processor.py:914} INFO - Processing file /home/airflow/.local/lib/python3.12/site-packages/airflow/example_dags/example_branch_python_dop_operator_3.py for tasks to queue
[2025-03-27T17:40:30.106+0000] {logging_mixin.py:190} INFO - [2025-03-27T17:40:30.106+0000] {dagbag.py:588} INFO - Filling up the DagBag from /home/airflow/.local/lib/python3.12/site-packages/airflow/example_dags/example_branch_python_dop_operator_3.py
[2025-03-27T17:40:30.116+0000] {processor.py:925} INFO - DAG(s) 'example_branch_dop_operator_v3' retrieved from /home/airflow/.local/lib/python3.12/site-packages/airflow/example_dags/example_branch_python_dop_operator_3.py
[2025-03-27T17:40:30.136+0000] {logging_mixin.py:190} INFO - [2025-03-27T17:40:30.136+0000] {dag.py:3239} INFO - Sync 1 DAGs
[2025-03-27T17:40:30.161+0000] {logging_mixin.py:190} INFO - [2025-03-27T17:40:30.161+0000] {dag.py:4180} INFO - Setting next_dagrun for example_branch_dop_operator_v3 to 2025-03-27 17:39:00+00:00, run_after=2025-03-27 17:40:00+00:00
[2025-03-27T17:40:30.183+0000] {processor.py:208} INFO - Processing /home/airflow/.local/lib/python3.12/site-packages/airflow/example_dags/example_branch_python_dop_operator_3.py took 0.086 seconds
[2025-03-27T17:41:01.755+0000] {processor.py:186} INFO - Started process (PID=371) to work on /home/airflow/.local/lib/python3.12/site-packages/airflow/example_dags/example_branch_python_dop_operator_3.py
[2025-03-27T17:41:01.756+0000] {processor.py:914} INFO - Processing file /home/airflow/.local/lib/python3.12/site-packages/airflow/example_dags/example_branch_python_dop_operator_3.py for tasks to queue
[2025-03-27T17:41:01.758+0000] {logging_mixin.py:190} INFO - [2025-03-27T17:41:01.758+0000] {dagbag.py:588} INFO - Filling up the DagBag from /home/airflow/.local/lib/python3.12/site-packages/airflow/example_dags/example_branch_python_dop_operator_3.py
[2025-03-27T17:41:01.770+0000] {processor.py:925} INFO - DAG(s) 'example_branch_dop_operator_v3' retrieved from /home/airflow/.local/lib/python3.12/site-packages/airflow/example_dags/example_branch_python_dop_operator_3.py
[2025-03-27T17:41:01.788+0000] {logging_mixin.py:190} INFO - [2025-03-27T17:41:01.788+0000] {dag.py:3239} INFO - Sync 1 DAGs
[2025-03-27T17:41:01.811+0000] {logging_mixin.py:190} INFO - [2025-03-27T17:41:01.811+0000] {dag.py:4180} INFO - Setting next_dagrun for example_branch_dop_operator_v3 to 2025-03-27 17:40:00+00:00, run_after=2025-03-27 17:41:00+00:00
[2025-03-27T17:41:01.830+0000] {processor.py:208} INFO - Processing /home/airflow/.local/lib/python3.12/site-packages/airflow/example_dags/example_branch_python_dop_operator_3.py took 0.081 seconds
[2025-03-27T17:41:32.357+0000] {processor.py:186} INFO - Started process (PID=434) to work on /home/airflow/.local/lib/python3.12/site-packages/airflow/example_dags/example_branch_python_dop_operator_3.py
[2025-03-27T17:41:32.358+0000] {processor.py:914} INFO - Processing file /home/airflow/.local/lib/python3.12/site-packages/airflow/example_dags/example_branch_python_dop_operator_3.py for tasks to queue
[2025-03-27T17:41:32.360+0000] {logging_mixin.py:190} INFO - [2025-03-27T17:41:32.360+0000] {dagbag.py:588} INFO - Filling up the DagBag from /home/airflow/.local/lib/python3.12/site-packages/airflow/example_dags/example_branch_python_dop_operator_3.py
[2025-03-27T17:41:32.370+0000] {processor.py:925} INFO - DAG(s) 'example_branch_dop_operator_v3' retrieved from /home/airflow/.local/lib/python3.12/site-packages/airflow/example_dags/example_branch_python_dop_operator_3.py
[2025-03-27T17:41:32.387+0000] {logging_mixin.py:190} INFO - [2025-03-27T17:41:32.387+0000] {dag.py:3239} INFO - Sync 1 DAGs
[2025-03-27T17:41:32.408+0000] {logging_mixin.py:190} INFO - [2025-03-27T17:41:32.408+0000] {dag.py:4180} INFO - Setting next_dagrun for example_branch_dop_operator_v3 to 2025-03-27 17:40:00+00:00, run_after=2025-03-27 17:41:00+00:00
[2025-03-27T17:41:32.425+0000] {processor.py:208} INFO - Processing /home/airflow/.local/lib/python3.12/site-packages/airflow/example_dags/example_branch_python_dop_operator_3.py took 0.073 seconds
[2025-03-27T17:42:03.538+0000] {processor.py:186} INFO - Started process (PID=499) to work on /home/airflow/.local/lib/python3.12/site-packages/airflow/example_dags/example_branch_python_dop_operator_3.py
[2025-03-27T17:42:03.539+0000] {processor.py:914} INFO - Processing file /home/airflow/.local/lib/python3.12/site-packages/airflow/example_dags/example_branch_python_dop_operator_3.py for tasks to queue
[2025-03-27T17:42:03.541+0000] {logging_mixin.py:190} INFO - [2025-03-27T17:42:03.541+0000] {dagbag.py:588} INFO - Filling up the DagBag from /home/airflow/.local/lib/python3.12/site-packages/airflow/example_dags/example_branch_python_dop_operator_3.py
[2025-03-27T17:42:03.551+0000] {processor.py:925} INFO - DAG(s) 'example_branch_dop_operator_v3' retrieved from /home/airflow/.local/lib/python3.12/site-packages/airflow/example_dags/example_branch_python_dop_operator_3.py
[2025-03-27T17:42:03.573+0000] {logging_mixin.py:190} INFO - [2025-03-27T17:42:03.572+0000] {dag.py:3239} INFO - Sync 1 DAGs
[2025-03-27T17:42:03.603+0000] {logging_mixin.py:190} INFO - [2025-03-27T17:42:03.603+0000] {dag.py:4180} INFO - Setting next_dagrun for example_branch_dop_operator_v3 to 2025-03-27 17:41:00+00:00, run_after=2025-03-27 17:42:00+00:00
[2025-03-27T17:42:03.622+0000] {processor.py:208} INFO - Processing /home/airflow/.local/lib/python3.12/site-packages/airflow/example_dags/example_branch_python_dop_operator_3.py took 0.091 seconds
[2025-03-27T17:42:34.439+0000] {processor.py:186} INFO - Started process (PID=562) to work on /home/airflow/.local/lib/python3.12/site-packages/airflow/example_dags/example_branch_python_dop_operator_3.py
[2025-03-27T17:42:34.440+0000] {processor.py:914} INFO - Processing file /home/airflow/.local/lib/python3.12/site-packages/airflow/example_dags/example_branch_python_dop_operator_3.py for tasks to queue
[2025-03-27T17:42:34.442+0000] {logging_mixin.py:190} INFO - [2025-03-27T17:42:34.442+0000] {dagbag.py:588} INFO - Filling up the DagBag from /home/airflow/.local/lib/python3.12/site-packages/airflow/example_dags/example_branch_python_dop_operator_3.py
[2025-03-27T17:42:34.453+0000] {processor.py:925} INFO - DAG(s) 'example_branch_dop_operator_v3' retrieved from /home/airflow/.local/lib/python3.12/site-packages/airflow/example_dags/example_branch_python_dop_operator_3.py
[2025-03-27T17:42:34.473+0000] {logging_mixin.py:190} INFO - [2025-03-27T17:42:34.473+0000] {dag.py:3239} INFO - Sync 1 DAGs
[2025-03-27T17:42:34.497+0000] {logging_mixin.py:190} INFO - [2025-03-27T17:42:34.497+0000] {dag.py:4180} INFO - Setting next_dagrun for example_branch_dop_operator_v3 to 2025-03-27 17:41:00+00:00, run_after=2025-03-27 17:42:00+00:00
[2025-03-27T17:42:34.514+0000] {processor.py:208} INFO - Processing /home/airflow/.local/lib/python3.12/site-packages/airflow/example_dags/example_branch_python_dop_operator_3.py took 0.081 seconds
[2025-03-27T17:43:05.636+0000] {processor.py:186} INFO - Started process (PID=629) to work on /home/airflow/.local/lib/python3.12/site-packages/airflow/example_dags/example_branch_python_dop_operator_3.py
[2025-03-27T17:43:05.637+0000] {processor.py:914} INFO - Processing file /home/airflow/.local/lib/python3.12/site-packages/airflow/example_dags/example_branch_python_dop_operator_3.py for tasks to queue
[2025-03-27T17:43:05.640+0000] {logging_mixin.py:190} INFO - [2025-03-27T17:43:05.639+0000] {dagbag.py:588} INFO - Filling up the DagBag from /home/airflow/.local/lib/python3.12/site-packages/airflow/example_dags/example_branch_python_dop_operator_3.py
[2025-03-27T17:43:05.649+0000] {processor.py:925} INFO - DAG(s) 'example_branch_dop_operator_v3' retrieved from /home/airflow/.local/lib/python3.12/site-packages/airflow/example_dags/example_branch_python_dop_operator_3.py
[2025-03-27T17:43:05.669+0000] {logging_mixin.py:190} INFO - [2025-03-27T17:43:05.669+0000] {dag.py:3239} INFO - Sync 1 DAGs
[2025-03-27T17:43:05.694+0000] {logging_mixin.py:190} INFO - [2025-03-27T17:43:05.693+0000] {dag.py:4180} INFO - Setting next_dagrun for example_branch_dop_operator_v3 to 2025-03-27 17:42:00+00:00, run_after=2025-03-27 17:43:00+00:00
[2025-03-27T17:43:05.728+0000] {processor.py:208} INFO - Processing /home/airflow/.local/lib/python3.12/site-packages/airflow/example_dags/example_branch_python_dop_operator_3.py took 0.098 seconds
[2025-03-27T17:43:37.587+0000] {processor.py:186} INFO - Started process (PID=693) to work on /home/airflow/.local/lib/python3.12/site-packages/airflow/example_dags/example_branch_python_dop_operator_3.py
[2025-03-27T17:43:37.588+0000] {processor.py:914} INFO - Processing file /home/airflow/.local/lib/python3.12/site-packages/airflow/example_dags/example_branch_python_dop_operator_3.py for tasks to queue
[2025-03-27T17:43:37.591+0000] {logging_mixin.py:190} INFO - [2025-03-27T17:43:37.590+0000] {dagbag.py:588} INFO - Filling up the DagBag from /home/airflow/.local/lib/python3.12/site-packages/airflow/example_dags/example_branch_python_dop_operator_3.py
[2025-03-27T17:43:37.602+0000] {processor.py:925} INFO - DAG(s) 'example_branch_dop_operator_v3' retrieved from /home/airflow/.local/lib/python3.12/site-packages/airflow/example_dags/example_branch_python_dop_operator_3.py
[2025-03-27T17:43:37.626+0000] {logging_mixin.py:190} INFO - [2025-03-27T17:43:37.625+0000] {dag.py:3239} INFO - Sync 1 DAGs
[2025-03-27T17:43:37.662+0000] {logging_mixin.py:190} INFO - [2025-03-27T17:43:37.662+0000] {dag.py:4180} INFO - Setting next_dagrun for example_branch_dop_operator_v3 to 2025-03-27 17:42:00+00:00, run_after=2025-03-27 17:43:00+00:00
[2025-03-27T17:43:37.695+0000] {processor.py:208} INFO - Processing /home/airflow/.local/lib/python3.12/site-packages/airflow/example_dags/example_branch_python_dop_operator_3.py took 0.115 seconds
[2025-03-27T17:44:08.390+0000] {processor.py:186} INFO - Started process (PID=767) to work on /home/airflow/.local/lib/python3.12/site-packages/airflow/example_dags/example_branch_python_dop_operator_3.py
[2025-03-27T17:44:08.391+0000] {processor.py:914} INFO - Processing file /home/airflow/.local/lib/python3.12/site-packages/airflow/example_dags/example_branch_python_dop_operator_3.py for tasks to queue
[2025-03-27T17:44:08.393+0000] {logging_mixin.py:190} INFO - [2025-03-27T17:44:08.393+0000] {dagbag.py:588} INFO - Filling up the DagBag from /home/airflow/.local/lib/python3.12/site-packages/airflow/example_dags/example_branch_python_dop_operator_3.py
[2025-03-27T17:44:08.405+0000] {processor.py:925} INFO - DAG(s) 'example_branch_dop_operator_v3' retrieved from /home/airflow/.local/lib/python3.12/site-packages/airflow/example_dags/example_branch_python_dop_operator_3.py
[2025-03-27T17:44:08.428+0000] {logging_mixin.py:190} INFO - [2025-03-27T17:44:08.428+0000] {dag.py:3239} INFO - Sync 1 DAGs
[2025-03-27T17:44:08.466+0000] {logging_mixin.py:190} INFO - [2025-03-27T17:44:08.466+0000] {dag.py:4180} INFO - Setting next_dagrun for example_branch_dop_operator_v3 to 2025-03-27 17:43:00+00:00, run_after=2025-03-27 17:44:00+00:00
[2025-03-27T17:44:08.491+0000] {processor.py:208} INFO - Processing /home/airflow/.local/lib/python3.12/site-packages/airflow/example_dags/example_branch_python_dop_operator_3.py took 0.107 seconds
[2025-03-27T17:44:39.120+0000] {processor.py:186} INFO - Started process (PID=829) to work on /home/airflow/.local/lib/python3.12/site-packages/airflow/example_dags/example_branch_python_dop_operator_3.py
[2025-03-27T17:44:39.121+0000] {processor.py:914} INFO - Processing file /home/airflow/.local/lib/python3.12/site-packages/airflow/example_dags/example_branch_python_dop_operator_3.py for tasks to queue
[2025-03-27T17:44:39.124+0000] {logging_mixin.py:190} INFO - [2025-03-27T17:44:39.123+0000] {dagbag.py:588} INFO - Filling up the DagBag from /home/airflow/.local/lib/python3.12/site-packages/airflow/example_dags/example_branch_python_dop_operator_3.py
[2025-03-27T17:44:39.134+0000] {processor.py:925} INFO - DAG(s) 'example_branch_dop_operator_v3' retrieved from /home/airflow/.local/lib/python3.12/site-packages/airflow/example_dags/example_branch_python_dop_operator_3.py
[2025-03-27T17:44:39.156+0000] {logging_mixin.py:190} INFO - [2025-03-27T17:44:39.155+0000] {dag.py:3239} INFO - Sync 1 DAGs
[2025-03-27T17:44:39.181+0000] {logging_mixin.py:190} INFO - [2025-03-27T17:44:39.181+0000] {dag.py:4180} INFO - Setting next_dagrun for example_branch_dop_operator_v3 to 2025-03-27 17:43:00+00:00, run_after=2025-03-27 17:44:00+00:00
[2025-03-27T17:44:39.198+0000] {processor.py:208} INFO - Processing /home/airflow/.local/lib/python3.12/site-packages/airflow/example_dags/example_branch_python_dop_operator_3.py took 0.083 seconds
[2025-03-27T17:45:09.417+0000] {processor.py:186} INFO - Started process (PID=892) to work on /home/airflow/.local/lib/python3.12/site-packages/airflow/example_dags/example_branch_python_dop_operator_3.py
[2025-03-27T17:45:09.418+0000] {processor.py:914} INFO - Processing file /home/airflow/.local/lib/python3.12/site-packages/airflow/example_dags/example_branch_python_dop_operator_3.py for tasks to queue
[2025-03-27T17:45:09.420+0000] {logging_mixin.py:190} INFO - [2025-03-27T17:45:09.419+0000] {dagbag.py:588} INFO - Filling up the DagBag from /home/airflow/.local/lib/python3.12/site-packages/airflow/example_dags/example_branch_python_dop_operator_3.py
[2025-03-27T17:45:09.429+0000] {processor.py:925} INFO - DAG(s) 'example_branch_dop_operator_v3' retrieved from /home/airflow/.local/lib/python3.12/site-packages/airflow/example_dags/example_branch_python_dop_operator_3.py
[2025-03-27T17:45:09.451+0000] {logging_mixin.py:190} INFO - [2025-03-27T17:45:09.451+0000] {dag.py:3239} INFO - Sync 1 DAGs
[2025-03-27T17:45:09.476+0000] {logging_mixin.py:190} INFO - [2025-03-27T17:45:09.476+0000] {dag.py:4180} INFO - Setting next_dagrun for example_branch_dop_operator_v3 to 2025-03-27 17:44:00+00:00, run_after=2025-03-27 17:45:00+00:00
[2025-03-27T17:45:09.494+0000] {processor.py:208} INFO - Processing /home/airflow/.local/lib/python3.12/site-packages/airflow/example_dags/example_branch_python_dop_operator_3.py took 0.082 seconds
[2025-03-27T17:45:39.918+0000] {processor.py:186} INFO - Started process (PID=956) to work on /home/airflow/.local/lib/python3.12/site-packages/airflow/example_dags/example_branch_python_dop_operator_3.py
[2025-03-27T17:45:39.919+0000] {processor.py:914} INFO - Processing file /home/airflow/.local/lib/python3.12/site-packages/airflow/example_dags/example_branch_python_dop_operator_3.py for tasks to queue
[2025-03-27T17:45:39.922+0000] {logging_mixin.py:190} INFO - [2025-03-27T17:45:39.922+0000] {dagbag.py:588} INFO - Filling up the DagBag from /home/airflow/.local/lib/python3.12/site-packages/airflow/example_dags/example_branch_python_dop_operator_3.py
[2025-03-27T17:45:39.933+0000] {processor.py:925} INFO - DAG(s) 'example_branch_dop_operator_v3' retrieved from /home/airflow/.local/lib/python3.12/site-packages/airflow/example_dags/example_branch_python_dop_operator_3.py
[2025-03-27T17:45:39.951+0000] {logging_mixin.py:190} INFO - [2025-03-27T17:45:39.951+0000] {dag.py:3239} INFO - Sync 1 DAGs
[2025-03-27T17:45:39.976+0000] {logging_mixin.py:190} INFO - [2025-03-27T17:45:39.976+0000] {dag.py:4180} INFO - Setting next_dagrun for example_branch_dop_operator_v3 to 2025-03-27 17:44:00+00:00, run_after=2025-03-27 17:45:00+00:00
[2025-03-27T17:45:39.993+0000] {processor.py:208} INFO - Processing /home/airflow/.local/lib/python3.12/site-packages/airflow/example_dags/example_branch_python_dop_operator_3.py took 0.082 seconds
[2025-03-27T17:46:11.174+0000] {processor.py:186} INFO - Started process (PID=1020) to work on /home/airflow/.local/lib/python3.12/site-packages/airflow/example_dags/example_branch_python_dop_operator_3.py
[2025-03-27T17:46:11.175+0000] {processor.py:914} INFO - Processing file /home/airflow/.local/lib/python3.12/site-packages/airflow/example_dags/example_branch_python_dop_operator_3.py for tasks to queue
[2025-03-27T17:46:11.178+0000] {logging_mixin.py:190} INFO - [2025-03-27T17:46:11.177+0000] {dagbag.py:588} INFO - Filling up the DagBag from /home/airflow/.local/lib/python3.12/site-packages/airflow/example_dags/example_branch_python_dop_operator_3.py
[2025-03-27T17:46:11.188+0000] {processor.py:925} INFO - DAG(s) 'example_branch_dop_operator_v3' retrieved from /home/airflow/.local/lib/python3.12/site-packages/airflow/example_dags/example_branch_python_dop_operator_3.py
[2025-03-27T17:46:11.208+0000] {logging_mixin.py:190} INFO - [2025-03-27T17:46:11.208+0000] {dag.py:3239} INFO - Sync 1 DAGs
[2025-03-27T17:46:11.244+0000] {logging_mixin.py:190} INFO - [2025-03-27T17:46:11.244+0000] {dag.py:4180} INFO - Setting next_dagrun for example_branch_dop_operator_v3 to 2025-03-27 17:45:00+00:00, run_after=2025-03-27 17:46:00+00:00
[2025-03-27T17:46:11.266+0000] {processor.py:208} INFO - Processing /home/airflow/.local/lib/python3.12/site-packages/airflow/example_dags/example_branch_python_dop_operator_3.py took 0.097 seconds
[2025-03-27T17:46:42.053+0000] {processor.py:186} INFO - Started process (PID=1083) to work on /home/airflow/.local/lib/python3.12/site-packages/airflow/example_dags/example_branch_python_dop_operator_3.py
[2025-03-27T17:46:42.054+0000] {processor.py:914} INFO - Processing file /home/airflow/.local/lib/python3.12/site-packages/airflow/example_dags/example_branch_python_dop_operator_3.py for tasks to queue
[2025-03-27T17:46:42.056+0000] {logging_mixin.py:190} INFO - [2025-03-27T17:46:42.056+0000] {dagbag.py:588} INFO - Filling up the DagBag from /home/airflow/.local/lib/python3.12/site-packages/airflow/example_dags/example_branch_python_dop_operator_3.py
[2025-03-27T17:46:42.065+0000] {processor.py:925} INFO - DAG(s) 'example_branch_dop_operator_v3' retrieved from /home/airflow/.local/lib/python3.12/site-packages/airflow/example_dags/example_branch_python_dop_operator_3.py
[2025-03-27T17:46:42.083+0000] {logging_mixin.py:190} INFO - [2025-03-27T17:46:42.083+0000] {dag.py:3239} INFO - Sync 1 DAGs
[2025-03-27T17:46:42.108+0000] {logging_mixin.py:190} INFO - [2025-03-27T17:46:42.108+0000] {dag.py:4180} INFO - Setting next_dagrun for example_branch_dop_operator_v3 to 2025-03-27 17:45:00+00:00, run_after=2025-03-27 17:46:00+00:00
[2025-03-27T17:46:42.123+0000] {processor.py:208} INFO - Processing /home/airflow/.local/lib/python3.12/site-packages/airflow/example_dags/example_branch_python_dop_operator_3.py took 0.075 seconds
[2025-03-27T17:47:12.539+0000] {processor.py:186} INFO - Started process (PID=1147) to work on /home/airflow/.local/lib/python3.12/site-packages/airflow/example_dags/example_branch_python_dop_operator_3.py
[2025-03-27T17:47:12.540+0000] {processor.py:914} INFO - Processing file /home/airflow/.local/lib/python3.12/site-packages/airflow/example_dags/example_branch_python_dop_operator_3.py for tasks to queue
[2025-03-27T17:47:12.542+0000] {logging_mixin.py:190} INFO - [2025-03-27T17:47:12.542+0000] {dagbag.py:588} INFO - Filling up the DagBag from /home/airflow/.local/lib/python3.12/site-packages/airflow/example_dags/example_branch_python_dop_operator_3.py
[2025-03-27T17:47:12.552+0000] {processor.py:925} INFO - DAG(s) 'example_branch_dop_operator_v3' retrieved from /home/airflow/.local/lib/python3.12/site-packages/airflow/example_dags/example_branch_python_dop_operator_3.py
[2025-03-27T17:47:12.571+0000] {logging_mixin.py:190} INFO - [2025-03-27T17:47:12.571+0000] {dag.py:3239} INFO - Sync 1 DAGs
[2025-03-27T17:47:12.599+0000] {logging_mixin.py:190} INFO - [2025-03-27T17:47:12.599+0000] {dag.py:4180} INFO - Setting next_dagrun for example_branch_dop_operator_v3 to 2025-03-27 17:46:00+00:00, run_after=2025-03-27 17:47:00+00:00
[2025-03-27T17:47:12.619+0000] {processor.py:208} INFO - Processing /home/airflow/.local/lib/python3.12/site-packages/airflow/example_dags/example_branch_python_dop_operator_3.py took 0.086 seconds
[2025-03-27T17:47:43.805+0000] {processor.py:186} INFO - Started process (PID=1211) to work on /home/airflow/.local/lib/python3.12/site-packages/airflow/example_dags/example_branch_python_dop_operator_3.py
[2025-03-27T17:47:43.806+0000] {processor.py:914} INFO - Processing file /home/airflow/.local/lib/python3.12/site-packages/airflow/example_dags/example_branch_python_dop_operator_3.py for tasks to queue
[2025-03-27T17:47:43.808+0000] {logging_mixin.py:190} INFO - [2025-03-27T17:47:43.808+0000] {dagbag.py:588} INFO - Filling up the DagBag from /home/airflow/.local/lib/python3.12/site-packages/airflow/example_dags/example_branch_python_dop_operator_3.py
[2025-03-27T17:47:43.818+0000] {processor.py:925} INFO - DAG(s) 'example_branch_dop_operator_v3' retrieved from /home/airflow/.local/lib/python3.12/site-packages/airflow/example_dags/example_branch_python_dop_operator_3.py
[2025-03-27T17:47:43.837+0000] {logging_mixin.py:190} INFO - [2025-03-27T17:47:43.836+0000] {dag.py:3239} INFO - Sync 1 DAGs
[2025-03-27T17:47:43.865+0000] {logging_mixin.py:190} INFO - [2025-03-27T17:47:43.864+0000] {dag.py:4180} INFO - Setting next_dagrun for example_branch_dop_operator_v3 to 2025-03-27 17:46:00+00:00, run_after=2025-03-27 17:47:00+00:00
[2025-03-27T17:47:43.887+0000] {processor.py:208} INFO - Processing /home/airflow/.local/lib/python3.12/site-packages/airflow/example_dags/example_branch_python_dop_operator_3.py took 0.088 seconds
[2025-03-27T17:48:15.747+0000] {processor.py:186} INFO - Started process (PID=1275) to work on /home/airflow/.local/lib/python3.12/site-packages/airflow/example_dags/example_branch_python_dop_operator_3.py
[2025-03-27T17:48:15.748+0000] {processor.py:914} INFO - Processing file /home/airflow/.local/lib/python3.12/site-packages/airflow/example_dags/example_branch_python_dop_operator_3.py for tasks to queue
[2025-03-27T17:48:15.751+0000] {logging_mixin.py:190} INFO - [2025-03-27T17:48:15.751+0000] {dagbag.py:588} INFO - Filling up the DagBag from /home/airflow/.local/lib/python3.12/site-packages/airflow/example_dags/example_branch_python_dop_operator_3.py
[2025-03-27T17:48:15.766+0000] {processor.py:925} INFO - DAG(s) 'example_branch_dop_operator_v3' retrieved from /home/airflow/.local/lib/python3.12/site-packages/airflow/example_dags/example_branch_python_dop_operator_3.py
[2025-03-27T17:48:15.788+0000] {logging_mixin.py:190} INFO - [2025-03-27T17:48:15.788+0000] {dag.py:3239} INFO - Sync 1 DAGs
[2025-03-27T17:48:15.819+0000] {logging_mixin.py:190} INFO - [2025-03-27T17:48:15.819+0000] {dag.py:4180} INFO - Setting next_dagrun for example_branch_dop_operator_v3 to 2025-03-27 17:47:00+00:00, run_after=2025-03-27 17:48:00+00:00
[2025-03-27T17:48:15.853+0000] {processor.py:208} INFO - Processing /home/airflow/.local/lib/python3.12/site-packages/airflow/example_dags/example_branch_python_dop_operator_3.py took 0.112 seconds
[2025-03-27T17:48:46.528+0000] {processor.py:186} INFO - Started process (PID=1339) to work on /home/airflow/.local/lib/python3.12/site-packages/airflow/example_dags/example_branch_python_dop_operator_3.py
[2025-03-27T17:48:46.530+0000] {processor.py:914} INFO - Processing file /home/airflow/.local/lib/python3.12/site-packages/airflow/example_dags/example_branch_python_dop_operator_3.py for tasks to queue
[2025-03-27T17:48:46.533+0000] {logging_mixin.py:190} INFO - [2025-03-27T17:48:46.532+0000] {dagbag.py:588} INFO - Filling up the DagBag from /home/airflow/.local/lib/python3.12/site-packages/airflow/example_dags/example_branch_python_dop_operator_3.py
[2025-03-27T17:48:46.550+0000] {processor.py:925} INFO - DAG(s) 'example_branch_dop_operator_v3' retrieved from /home/airflow/.local/lib/python3.12/site-packages/airflow/example_dags/example_branch_python_dop_operator_3.py
[2025-03-27T17:48:46.571+0000] {logging_mixin.py:190} INFO - [2025-03-27T17:48:46.571+0000] {dag.py:3239} INFO - Sync 1 DAGs
[2025-03-27T17:48:46.598+0000] {logging_mixin.py:190} INFO - [2025-03-27T17:48:46.598+0000] {dag.py:4180} INFO - Setting next_dagrun for example_branch_dop_operator_v3 to 2025-03-27 17:47:00+00:00, run_after=2025-03-27 17:48:00+00:00
[2025-03-27T17:48:46.617+0000] {processor.py:208} INFO - Processing /home/airflow/.local/lib/python3.12/site-packages/airflow/example_dags/example_branch_python_dop_operator_3.py took 0.095 seconds
[2025-03-27T17:49:17.431+0000] {processor.py:186} INFO - Started process (PID=1412) to work on /home/airflow/.local/lib/python3.12/site-packages/airflow/example_dags/example_branch_python_dop_operator_3.py
[2025-03-27T17:49:17.432+0000] {processor.py:914} INFO - Processing file /home/airflow/.local/lib/python3.12/site-packages/airflow/example_dags/example_branch_python_dop_operator_3.py for tasks to queue
[2025-03-27T17:49:17.435+0000] {logging_mixin.py:190} INFO - [2025-03-27T17:49:17.435+0000] {dagbag.py:588} INFO - Filling up the DagBag from /home/airflow/.local/lib/python3.12/site-packages/airflow/example_dags/example_branch_python_dop_operator_3.py
[2025-03-27T17:49:17.447+0000] {processor.py:925} INFO - DAG(s) 'example_branch_dop_operator_v3' retrieved from /home/airflow/.local/lib/python3.12/site-packages/airflow/example_dags/example_branch_python_dop_operator_3.py
[2025-03-27T17:49:17.469+0000] {logging_mixin.py:190} INFO - [2025-03-27T17:49:17.469+0000] {dag.py:3239} INFO - Sync 1 DAGs
[2025-03-27T17:49:17.499+0000] {logging_mixin.py:190} INFO - [2025-03-27T17:49:17.498+0000] {dag.py:4180} INFO - Setting next_dagrun for example_branch_dop_operator_v3 to 2025-03-27 17:48:00+00:00, run_after=2025-03-27 17:49:00+00:00
[2025-03-27T17:49:17.519+0000] {processor.py:208} INFO - Processing /home/airflow/.local/lib/python3.12/site-packages/airflow/example_dags/example_branch_python_dop_operator_3.py took 0.096 seconds
[2025-03-27T17:49:48.171+0000] {processor.py:186} INFO - Started process (PID=1476) to work on /home/airflow/.local/lib/python3.12/site-packages/airflow/example_dags/example_branch_python_dop_operator_3.py
[2025-03-27T17:49:48.172+0000] {processor.py:914} INFO - Processing file /home/airflow/.local/lib/python3.12/site-packages/airflow/example_dags/example_branch_python_dop_operator_3.py for tasks to queue
[2025-03-27T17:49:48.174+0000] {logging_mixin.py:190} INFO - [2025-03-27T17:49:48.174+0000] {dagbag.py:588} INFO - Filling up the DagBag from /home/airflow/.local/lib/python3.12/site-packages/airflow/example_dags/example_branch_python_dop_operator_3.py
[2025-03-27T17:49:48.185+0000] {processor.py:925} INFO - DAG(s) 'example_branch_dop_operator_v3' retrieved from /home/airflow/.local/lib/python3.12/site-packages/airflow/example_dags/example_branch_python_dop_operator_3.py
[2025-03-27T17:49:48.206+0000] {logging_mixin.py:190} INFO - [2025-03-27T17:49:48.206+0000] {dag.py:3239} INFO - Sync 1 DAGs
[2025-03-27T17:49:48.235+0000] {logging_mixin.py:190} INFO - [2025-03-27T17:49:48.235+0000] {dag.py:4180} INFO - Setting next_dagrun for example_branch_dop_operator_v3 to 2025-03-27 17:48:00+00:00, run_after=2025-03-27 17:49:00+00:00
[2025-03-27T17:49:48.256+0000] {processor.py:208} INFO - Processing /home/airflow/.local/lib/python3.12/site-packages/airflow/example_dags/example_branch_python_dop_operator_3.py took 0.090 seconds
[2025-03-27T17:50:19.425+0000] {processor.py:186} INFO - Started process (PID=1540) to work on /home/airflow/.local/lib/python3.12/site-packages/airflow/example_dags/example_branch_python_dop_operator_3.py
[2025-03-27T17:50:19.426+0000] {processor.py:914} INFO - Processing file /home/airflow/.local/lib/python3.12/site-packages/airflow/example_dags/example_branch_python_dop_operator_3.py for tasks to queue
[2025-03-27T17:50:19.428+0000] {logging_mixin.py:190} INFO - [2025-03-27T17:50:19.428+0000] {dagbag.py:588} INFO - Filling up the DagBag from /home/airflow/.local/lib/python3.12/site-packages/airflow/example_dags/example_branch_python_dop_operator_3.py
[2025-03-27T17:50:19.438+0000] {processor.py:925} INFO - DAG(s) 'example_branch_dop_operator_v3' retrieved from /home/airflow/.local/lib/python3.12/site-packages/airflow/example_dags/example_branch_python_dop_operator_3.py
[2025-03-27T17:50:19.459+0000] {logging_mixin.py:190} INFO - [2025-03-27T17:50:19.459+0000] {dag.py:3239} INFO - Sync 1 DAGs
[2025-03-27T17:50:19.486+0000] {logging_mixin.py:190} INFO - [2025-03-27T17:50:19.486+0000] {dag.py:4180} INFO - Setting next_dagrun for example_branch_dop_operator_v3 to 2025-03-27 17:49:00+00:00, run_after=2025-03-27 17:50:00+00:00
[2025-03-27T17:50:19.515+0000] {processor.py:208} INFO - Processing /home/airflow/.local/lib/python3.12/site-packages/airflow/example_dags/example_branch_python_dop_operator_3.py took 0.096 seconds
[2025-03-27T17:50:49.742+0000] {processor.py:186} INFO - Started process (PID=1603) to work on /home/airflow/.local/lib/python3.12/site-packages/airflow/example_dags/example_branch_python_dop_operator_3.py
[2025-03-27T17:50:49.743+0000] {processor.py:914} INFO - Processing file /home/airflow/.local/lib/python3.12/site-packages/airflow/example_dags/example_branch_python_dop_operator_3.py for tasks to queue
[2025-03-27T17:50:49.747+0000] {logging_mixin.py:190} INFO - [2025-03-27T17:50:49.746+0000] {dagbag.py:588} INFO - Filling up the DagBag from /home/airflow/.local/lib/python3.12/site-packages/airflow/example_dags/example_branch_python_dop_operator_3.py
[2025-03-27T17:50:49.759+0000] {processor.py:925} INFO - DAG(s) 'example_branch_dop_operator_v3' retrieved from /home/airflow/.local/lib/python3.12/site-packages/airflow/example_dags/example_branch_python_dop_operator_3.py
[2025-03-27T17:50:49.783+0000] {logging_mixin.py:190} INFO - [2025-03-27T17:50:49.782+0000] {dag.py:3239} INFO - Sync 1 DAGs
[2025-03-27T17:50:49.815+0000] {logging_mixin.py:190} INFO - [2025-03-27T17:50:49.815+0000] {dag.py:4180} INFO - Setting next_dagrun for example_branch_dop_operator_v3 to 2025-03-27 17:49:00+00:00, run_after=2025-03-27 17:50:00+00:00
[2025-03-27T17:50:49.837+0000] {processor.py:208} INFO - Processing /home/airflow/.local/lib/python3.12/site-packages/airflow/example_dags/example_branch_python_dop_operator_3.py took 0.102 seconds
[2025-03-27T17:51:21.121+0000] {processor.py:186} INFO - Started process (PID=1664) to work on /home/airflow/.local/lib/python3.12/site-packages/airflow/example_dags/example_branch_python_dop_operator_3.py
[2025-03-27T17:51:21.122+0000] {processor.py:914} INFO - Processing file /home/airflow/.local/lib/python3.12/site-packages/airflow/example_dags/example_branch_python_dop_operator_3.py for tasks to queue
[2025-03-27T17:51:21.124+0000] {logging_mixin.py:190} INFO - [2025-03-27T17:51:21.124+0000] {dagbag.py:588} INFO - Filling up the DagBag from /home/airflow/.local/lib/python3.12/site-packages/airflow/example_dags/example_branch_python_dop_operator_3.py
[2025-03-27T17:51:21.135+0000] {processor.py:925} INFO - DAG(s) 'example_branch_dop_operator_v3' retrieved from /home/airflow/.local/lib/python3.12/site-packages/airflow/example_dags/example_branch_python_dop_operator_3.py
[2025-03-27T17:51:21.156+0000] {logging_mixin.py:190} INFO - [2025-03-27T17:51:21.156+0000] {dag.py:3239} INFO - Sync 1 DAGs
[2025-03-27T17:51:21.188+0000] {logging_mixin.py:190} INFO - [2025-03-27T17:51:21.188+0000] {dag.py:4180} INFO - Setting next_dagrun for example_branch_dop_operator_v3 to 2025-03-27 17:50:00+00:00, run_after=2025-03-27 17:51:00+00:00
[2025-03-27T17:51:21.213+0000] {processor.py:208} INFO - Processing /home/airflow/.local/lib/python3.12/site-packages/airflow/example_dags/example_branch_python_dop_operator_3.py took 0.098 seconds
[2025-03-27T17:51:52.377+0000] {processor.py:186} INFO - Started process (PID=1728) to work on /home/airflow/.local/lib/python3.12/site-packages/airflow/example_dags/example_branch_python_dop_operator_3.py
[2025-03-27T17:51:52.378+0000] {processor.py:914} INFO - Processing file /home/airflow/.local/lib/python3.12/site-packages/airflow/example_dags/example_branch_python_dop_operator_3.py for tasks to queue
[2025-03-27T17:51:52.380+0000] {logging_mixin.py:190} INFO - [2025-03-27T17:51:52.380+0000] {dagbag.py:588} INFO - Filling up the DagBag from /home/airflow/.local/lib/python3.12/site-packages/airflow/example_dags/example_branch_python_dop_operator_3.py
[2025-03-27T17:51:52.390+0000] {processor.py:925} INFO - DAG(s) 'example_branch_dop_operator_v3' retrieved from /home/airflow/.local/lib/python3.12/site-packages/airflow/example_dags/example_branch_python_dop_operator_3.py
[2025-03-27T17:51:52.412+0000] {logging_mixin.py:190} INFO - [2025-03-27T17:51:52.411+0000] {dag.py:3239} INFO - Sync 1 DAGs
[2025-03-27T17:51:52.447+0000] {logging_mixin.py:190} INFO - [2025-03-27T17:51:52.447+0000] {dag.py:4180} INFO - Setting next_dagrun for example_branch_dop_operator_v3 to 2025-03-27 17:50:00+00:00, run_after=2025-03-27 17:51:00+00:00
[2025-03-27T17:51:52.472+0000] {processor.py:208} INFO - Processing /home/airflow/.local/lib/python3.12/site-packages/airflow/example_dags/example_branch_python_dop_operator_3.py took 0.101 seconds
[2025-03-27T17:52:23.589+0000] {processor.py:186} INFO - Started process (PID=1792) to work on /home/airflow/.local/lib/python3.12/site-packages/airflow/example_dags/example_branch_python_dop_operator_3.py
[2025-03-27T17:52:23.590+0000] {processor.py:914} INFO - Processing file /home/airflow/.local/lib/python3.12/site-packages/airflow/example_dags/example_branch_python_dop_operator_3.py for tasks to queue
[2025-03-27T17:52:23.592+0000] {logging_mixin.py:190} INFO - [2025-03-27T17:52:23.592+0000] {dagbag.py:588} INFO - Filling up the DagBag from /home/airflow/.local/lib/python3.12/site-packages/airflow/example_dags/example_branch_python_dop_operator_3.py
[2025-03-27T17:52:23.603+0000] {processor.py:925} INFO - DAG(s) 'example_branch_dop_operator_v3' retrieved from /home/airflow/.local/lib/python3.12/site-packages/airflow/example_dags/example_branch_python_dop_operator_3.py
[2025-03-27T17:52:23.622+0000] {logging_mixin.py:190} INFO - [2025-03-27T17:52:23.621+0000] {dag.py:3239} INFO - Sync 1 DAGs
[2025-03-27T17:52:23.649+0000] {logging_mixin.py:190} INFO - [2025-03-27T17:52:23.649+0000] {dag.py:4180} INFO - Setting next_dagrun for example_branch_dop_operator_v3 to 2025-03-27 17:51:00+00:00, run_after=2025-03-27 17:52:00+00:00
[2025-03-27T17:52:23.670+0000] {processor.py:208} INFO - Processing /home/airflow/.local/lib/python3.12/site-packages/airflow/example_dags/example_branch_python_dop_operator_3.py took 0.088 seconds
[2025-03-27T17:52:54.873+0000] {processor.py:186} INFO - Started process (PID=1856) to work on /home/airflow/.local/lib/python3.12/site-packages/airflow/example_dags/example_branch_python_dop_operator_3.py
[2025-03-27T17:52:54.874+0000] {processor.py:914} INFO - Processing file /home/airflow/.local/lib/python3.12/site-packages/airflow/example_dags/example_branch_python_dop_operator_3.py for tasks to queue
[2025-03-27T17:52:54.876+0000] {logging_mixin.py:190} INFO - [2025-03-27T17:52:54.876+0000] {dagbag.py:588} INFO - Filling up the DagBag from /home/airflow/.local/lib/python3.12/site-packages/airflow/example_dags/example_branch_python_dop_operator_3.py
[2025-03-27T17:52:54.888+0000] {processor.py:925} INFO - DAG(s) 'example_branch_dop_operator_v3' retrieved from /home/airflow/.local/lib/python3.12/site-packages/airflow/example_dags/example_branch_python_dop_operator_3.py
[2025-03-27T17:52:54.909+0000] {logging_mixin.py:190} INFO - [2025-03-27T17:52:54.908+0000] {dag.py:3239} INFO - Sync 1 DAGs
[2025-03-27T17:52:54.943+0000] {logging_mixin.py:190} INFO - [2025-03-27T17:52:54.943+0000] {dag.py:4180} INFO - Setting next_dagrun for example_branch_dop_operator_v3 to 2025-03-27 17:51:00+00:00, run_after=2025-03-27 17:52:00+00:00
[2025-03-27T17:52:54.964+0000] {processor.py:208} INFO - Processing /home/airflow/.local/lib/python3.12/site-packages/airflow/example_dags/example_branch_python_dop_operator_3.py took 0.096 seconds
