[2025-03-27T17:38:50.803+0000] {processor.py:186} INFO - Started process (PID=75) to work on /home/airflow/.local/lib/python3.12/site-packages/airflow/example_dags/example_xcomargs.py
[2025-03-27T17:38:50.805+0000] {processor.py:914} INFO - Processing file /home/airflow/.local/lib/python3.12/site-packages/airflow/example_dags/example_xcomargs.py for tasks to queue
[2025-03-27T17:38:50.811+0000] {logging_mixin.py:190} INFO - [2025-03-27T17:38:50.810+0000] {dagbag.py:588} INFO - Filling up the DagBag from /home/airflow/.local/lib/python3.12/site-packages/airflow/example_dags/example_xcomargs.py
[2025-03-27T17:38:50.845+0000] {processor.py:925} INFO - DAG(s) 'example_xcom_args_with_operators', 'example_xcom_args' retrieved from /home/airflow/.local/lib/python3.12/site-packages/airflow/example_dags/example_xcomargs.py
[2025-03-27T17:38:50.911+0000] {logging_mixin.py:190} INFO - [2025-03-27T17:38:50.911+0000] {dag.py:3239} INFO - Sync 2 DAGs
[2025-03-27T17:38:50.945+0000] {logging_mixin.py:190} INFO - [2025-03-27T17:38:50.945+0000] {dag.py:4180} INFO - Setting next_dagrun for example_xcom_args to None, run_after=None
[2025-03-27T17:38:50.953+0000] {logging_mixin.py:190} INFO - [2025-03-27T17:38:50.953+0000] {dag.py:4180} INFO - Setting next_dagrun for example_xcom_args_with_operators to None, run_after=None
[2025-03-27T17:38:50.993+0000] {processor.py:208} INFO - Processing /home/airflow/.local/lib/python3.12/site-packages/airflow/example_dags/example_xcomargs.py took 0.213 seconds
[2025-03-27T17:39:21.128+0000] {processor.py:186} INFO - Started process (PID=138) to work on /home/airflow/.local/lib/python3.12/site-packages/airflow/example_dags/example_xcomargs.py
[2025-03-27T17:39:21.129+0000] {processor.py:914} INFO - Processing file /home/airflow/.local/lib/python3.12/site-packages/airflow/example_dags/example_xcomargs.py for tasks to queue
[2025-03-27T17:39:21.132+0000] {logging_mixin.py:190} INFO - [2025-03-27T17:39:21.131+0000] {dagbag.py:588} INFO - Filling up the DagBag from /home/airflow/.local/lib/python3.12/site-packages/airflow/example_dags/example_xcomargs.py
[2025-03-27T17:39:21.142+0000] {processor.py:925} INFO - DAG(s) 'example_xcom_args_with_operators', 'example_xcom_args' retrieved from /home/airflow/.local/lib/python3.12/site-packages/airflow/example_dags/example_xcomargs.py
[2025-03-27T17:39:21.166+0000] {logging_mixin.py:190} INFO - [2025-03-27T17:39:21.165+0000] {dag.py:3239} INFO - Sync 2 DAGs
[2025-03-27T17:39:21.180+0000] {logging_mixin.py:190} INFO - [2025-03-27T17:39:21.180+0000] {dag.py:4180} INFO - Setting next_dagrun for example_xcom_args to None, run_after=None
[2025-03-27T17:39:21.184+0000] {logging_mixin.py:190} INFO - [2025-03-27T17:39:21.184+0000] {dag.py:4180} INFO - Setting next_dagrun for example_xcom_args_with_operators to None, run_after=None
[2025-03-27T17:39:21.202+0000] {processor.py:208} INFO - Processing /home/airflow/.local/lib/python3.12/site-packages/airflow/example_dags/example_xcomargs.py took 0.079 seconds
[2025-03-27T17:39:51.253+0000] {processor.py:186} INFO - Started process (PID=202) to work on /home/airflow/.local/lib/python3.12/site-packages/airflow/example_dags/example_xcomargs.py
[2025-03-27T17:39:51.254+0000] {processor.py:914} INFO - Processing file /home/airflow/.local/lib/python3.12/site-packages/airflow/example_dags/example_xcomargs.py for tasks to queue
[2025-03-27T17:39:51.256+0000] {logging_mixin.py:190} INFO - [2025-03-27T17:39:51.256+0000] {dagbag.py:588} INFO - Filling up the DagBag from /home/airflow/.local/lib/python3.12/site-packages/airflow/example_dags/example_xcomargs.py
[2025-03-27T17:39:51.266+0000] {processor.py:925} INFO - DAG(s) 'example_xcom_args_with_operators', 'example_xcom_args' retrieved from /home/airflow/.local/lib/python3.12/site-packages/airflow/example_dags/example_xcomargs.py
[2025-03-27T17:39:51.286+0000] {logging_mixin.py:190} INFO - [2025-03-27T17:39:51.286+0000] {dag.py:3239} INFO - Sync 2 DAGs
[2025-03-27T17:39:51.298+0000] {logging_mixin.py:190} INFO - [2025-03-27T17:39:51.298+0000] {dag.py:4180} INFO - Setting next_dagrun for example_xcom_args to None, run_after=None
[2025-03-27T17:39:51.302+0000] {logging_mixin.py:190} INFO - [2025-03-27T17:39:51.302+0000] {dag.py:4180} INFO - Setting next_dagrun for example_xcom_args_with_operators to None, run_after=None
[2025-03-27T17:39:51.316+0000] {processor.py:208} INFO - Processing /home/airflow/.local/lib/python3.12/site-packages/airflow/example_dags/example_xcomargs.py took 0.068 seconds
[2025-03-27T17:40:22.032+0000] {processor.py:186} INFO - Started process (PID=266) to work on /home/airflow/.local/lib/python3.12/site-packages/airflow/example_dags/example_xcomargs.py
[2025-03-27T17:40:22.034+0000] {processor.py:914} INFO - Processing file /home/airflow/.local/lib/python3.12/site-packages/airflow/example_dags/example_xcomargs.py for tasks to queue
[2025-03-27T17:40:22.037+0000] {logging_mixin.py:190} INFO - [2025-03-27T17:40:22.036+0000] {dagbag.py:588} INFO - Filling up the DagBag from /home/airflow/.local/lib/python3.12/site-packages/airflow/example_dags/example_xcomargs.py
[2025-03-27T17:40:22.046+0000] {processor.py:925} INFO - DAG(s) 'example_xcom_args_with_operators', 'example_xcom_args' retrieved from /home/airflow/.local/lib/python3.12/site-packages/airflow/example_dags/example_xcomargs.py
[2025-03-27T17:40:22.073+0000] {logging_mixin.py:190} INFO - [2025-03-27T17:40:22.073+0000] {dag.py:3239} INFO - Sync 2 DAGs
[2025-03-27T17:40:22.087+0000] {logging_mixin.py:190} INFO - [2025-03-27T17:40:22.087+0000] {dag.py:4180} INFO - Setting next_dagrun for example_xcom_args to None, run_after=None
[2025-03-27T17:40:22.092+0000] {logging_mixin.py:190} INFO - [2025-03-27T17:40:22.091+0000] {dag.py:4180} INFO - Setting next_dagrun for example_xcom_args_with_operators to None, run_after=None
[2025-03-27T17:40:22.108+0000] {processor.py:208} INFO - Processing /home/airflow/.local/lib/python3.12/site-packages/airflow/example_dags/example_xcomargs.py took 0.082 seconds
[2025-03-27T17:40:52.987+0000] {processor.py:186} INFO - Started process (PID=336) to work on /home/airflow/.local/lib/python3.12/site-packages/airflow/example_dags/example_xcomargs.py
[2025-03-27T17:40:52.988+0000] {processor.py:914} INFO - Processing file /home/airflow/.local/lib/python3.12/site-packages/airflow/example_dags/example_xcomargs.py for tasks to queue
[2025-03-27T17:40:52.991+0000] {logging_mixin.py:190} INFO - [2025-03-27T17:40:52.990+0000] {dagbag.py:588} INFO - Filling up the DagBag from /home/airflow/.local/lib/python3.12/site-packages/airflow/example_dags/example_xcomargs.py
[2025-03-27T17:40:52.999+0000] {processor.py:925} INFO - DAG(s) 'example_xcom_args', 'example_xcom_args_with_operators' retrieved from /home/airflow/.local/lib/python3.12/site-packages/airflow/example_dags/example_xcomargs.py
[2025-03-27T17:40:53.024+0000] {logging_mixin.py:190} INFO - [2025-03-27T17:40:53.024+0000] {dag.py:3239} INFO - Sync 2 DAGs
[2025-03-27T17:40:53.041+0000] {logging_mixin.py:190} INFO - [2025-03-27T17:40:53.040+0000] {dag.py:4180} INFO - Setting next_dagrun for example_xcom_args to None, run_after=None
[2025-03-27T17:40:53.045+0000] {logging_mixin.py:190} INFO - [2025-03-27T17:40:53.045+0000] {dag.py:4180} INFO - Setting next_dagrun for example_xcom_args_with_operators to None, run_after=None
[2025-03-27T17:40:53.064+0000] {processor.py:208} INFO - Processing /home/airflow/.local/lib/python3.12/site-packages/airflow/example_dags/example_xcomargs.py took 0.082 seconds
[2025-03-27T17:41:23.583+0000] {processor.py:186} INFO - Started process (PID=401) to work on /home/airflow/.local/lib/python3.12/site-packages/airflow/example_dags/example_xcomargs.py
[2025-03-27T17:41:23.584+0000] {processor.py:914} INFO - Processing file /home/airflow/.local/lib/python3.12/site-packages/airflow/example_dags/example_xcomargs.py for tasks to queue
[2025-03-27T17:41:23.586+0000] {logging_mixin.py:190} INFO - [2025-03-27T17:41:23.586+0000] {dagbag.py:588} INFO - Filling up the DagBag from /home/airflow/.local/lib/python3.12/site-packages/airflow/example_dags/example_xcomargs.py
[2025-03-27T17:41:23.594+0000] {processor.py:925} INFO - DAG(s) 'example_xcom_args_with_operators', 'example_xcom_args' retrieved from /home/airflow/.local/lib/python3.12/site-packages/airflow/example_dags/example_xcomargs.py
[2025-03-27T17:41:23.614+0000] {logging_mixin.py:190} INFO - [2025-03-27T17:41:23.614+0000] {dag.py:3239} INFO - Sync 2 DAGs
[2025-03-27T17:41:23.627+0000] {logging_mixin.py:190} INFO - [2025-03-27T17:41:23.626+0000] {dag.py:4180} INFO - Setting next_dagrun for example_xcom_args to None, run_after=None
[2025-03-27T17:41:23.630+0000] {logging_mixin.py:190} INFO - [2025-03-27T17:41:23.630+0000] {dag.py:4180} INFO - Setting next_dagrun for example_xcom_args_with_operators to None, run_after=None
[2025-03-27T17:41:23.645+0000] {processor.py:208} INFO - Processing /home/airflow/.local/lib/python3.12/site-packages/airflow/example_dags/example_xcomargs.py took 0.067 seconds
[2025-03-27T17:41:54.438+0000] {processor.py:186} INFO - Started process (PID=465) to work on /home/airflow/.local/lib/python3.12/site-packages/airflow/example_dags/example_xcomargs.py
[2025-03-27T17:41:54.439+0000] {processor.py:914} INFO - Processing file /home/airflow/.local/lib/python3.12/site-packages/airflow/example_dags/example_xcomargs.py for tasks to queue
[2025-03-27T17:41:54.442+0000] {logging_mixin.py:190} INFO - [2025-03-27T17:41:54.441+0000] {dagbag.py:588} INFO - Filling up the DagBag from /home/airflow/.local/lib/python3.12/site-packages/airflow/example_dags/example_xcomargs.py
[2025-03-27T17:41:54.454+0000] {processor.py:925} INFO - DAG(s) 'example_xcom_args_with_operators', 'example_xcom_args' retrieved from /home/airflow/.local/lib/python3.12/site-packages/airflow/example_dags/example_xcomargs.py
[2025-03-27T17:41:54.476+0000] {logging_mixin.py:190} INFO - [2025-03-27T17:41:54.476+0000] {dag.py:3239} INFO - Sync 2 DAGs
[2025-03-27T17:41:54.494+0000] {logging_mixin.py:190} INFO - [2025-03-27T17:41:54.494+0000] {dag.py:4180} INFO - Setting next_dagrun for example_xcom_args to None, run_after=None
[2025-03-27T17:41:54.499+0000] {logging_mixin.py:190} INFO - [2025-03-27T17:41:54.498+0000] {dag.py:4180} INFO - Setting next_dagrun for example_xcom_args_with_operators to None, run_after=None
[2025-03-27T17:41:54.515+0000] {processor.py:208} INFO - Processing /home/airflow/.local/lib/python3.12/site-packages/airflow/example_dags/example_xcomargs.py took 0.084 seconds
[2025-03-27T17:42:25.146+0000] {processor.py:186} INFO - Started process (PID=529) to work on /home/airflow/.local/lib/python3.12/site-packages/airflow/example_dags/example_xcomargs.py
[2025-03-27T17:42:25.147+0000] {processor.py:914} INFO - Processing file /home/airflow/.local/lib/python3.12/site-packages/airflow/example_dags/example_xcomargs.py for tasks to queue
[2025-03-27T17:42:25.150+0000] {logging_mixin.py:190} INFO - [2025-03-27T17:42:25.149+0000] {dagbag.py:588} INFO - Filling up the DagBag from /home/airflow/.local/lib/python3.12/site-packages/airflow/example_dags/example_xcomargs.py
[2025-03-27T17:42:25.159+0000] {processor.py:925} INFO - DAG(s) 'example_xcom_args', 'example_xcom_args_with_operators' retrieved from /home/airflow/.local/lib/python3.12/site-packages/airflow/example_dags/example_xcomargs.py
[2025-03-27T17:42:25.182+0000] {logging_mixin.py:190} INFO - [2025-03-27T17:42:25.182+0000] {dag.py:3239} INFO - Sync 2 DAGs
[2025-03-27T17:42:25.194+0000] {logging_mixin.py:190} INFO - [2025-03-27T17:42:25.194+0000] {dag.py:4180} INFO - Setting next_dagrun for example_xcom_args to None, run_after=None
[2025-03-27T17:42:25.198+0000] {logging_mixin.py:190} INFO - [2025-03-27T17:42:25.197+0000] {dag.py:4180} INFO - Setting next_dagrun for example_xcom_args_with_operators to None, run_after=None
[2025-03-27T17:42:25.211+0000] {processor.py:208} INFO - Processing /home/airflow/.local/lib/python3.12/site-packages/airflow/example_dags/example_xcomargs.py took 0.071 seconds
[2025-03-27T17:42:55.872+0000] {processor.py:186} INFO - Started process (PID=593) to work on /home/airflow/.local/lib/python3.12/site-packages/airflow/example_dags/example_xcomargs.py
[2025-03-27T17:42:55.873+0000] {processor.py:914} INFO - Processing file /home/airflow/.local/lib/python3.12/site-packages/airflow/example_dags/example_xcomargs.py for tasks to queue
[2025-03-27T17:42:55.875+0000] {logging_mixin.py:190} INFO - [2025-03-27T17:42:55.875+0000] {dagbag.py:588} INFO - Filling up the DagBag from /home/airflow/.local/lib/python3.12/site-packages/airflow/example_dags/example_xcomargs.py
[2025-03-27T17:42:55.883+0000] {processor.py:925} INFO - DAG(s) 'example_xcom_args_with_operators', 'example_xcom_args' retrieved from /home/airflow/.local/lib/python3.12/site-packages/airflow/example_dags/example_xcomargs.py
[2025-03-27T17:42:55.903+0000] {logging_mixin.py:190} INFO - [2025-03-27T17:42:55.903+0000] {dag.py:3239} INFO - Sync 2 DAGs
[2025-03-27T17:42:55.914+0000] {logging_mixin.py:190} INFO - [2025-03-27T17:42:55.914+0000] {dag.py:4180} INFO - Setting next_dagrun for example_xcom_args to None, run_after=None
[2025-03-27T17:42:55.918+0000] {logging_mixin.py:190} INFO - [2025-03-27T17:42:55.917+0000] {dag.py:4180} INFO - Setting next_dagrun for example_xcom_args_with_operators to None, run_after=None
[2025-03-27T17:42:55.929+0000] {processor.py:208} INFO - Processing /home/airflow/.local/lib/python3.12/site-packages/airflow/example_dags/example_xcomargs.py took 0.062 seconds
[2025-03-27T17:43:26.973+0000] {processor.py:186} INFO - Started process (PID=659) to work on /home/airflow/.local/lib/python3.12/site-packages/airflow/example_dags/example_xcomargs.py
[2025-03-27T17:43:26.974+0000] {processor.py:914} INFO - Processing file /home/airflow/.local/lib/python3.12/site-packages/airflow/example_dags/example_xcomargs.py for tasks to queue
[2025-03-27T17:43:26.977+0000] {logging_mixin.py:190} INFO - [2025-03-27T17:43:26.976+0000] {dagbag.py:588} INFO - Filling up the DagBag from /home/airflow/.local/lib/python3.12/site-packages/airflow/example_dags/example_xcomargs.py
[2025-03-27T17:43:26.988+0000] {processor.py:925} INFO - DAG(s) 'example_xcom_args_with_operators', 'example_xcom_args' retrieved from /home/airflow/.local/lib/python3.12/site-packages/airflow/example_dags/example_xcomargs.py
[2025-03-27T17:43:27.020+0000] {logging_mixin.py:190} INFO - [2025-03-27T17:43:27.020+0000] {dag.py:3239} INFO - Sync 2 DAGs
[2025-03-27T17:43:27.036+0000] {logging_mixin.py:190} INFO - [2025-03-27T17:43:27.036+0000] {dag.py:4180} INFO - Setting next_dagrun for example_xcom_args to None, run_after=None
[2025-03-27T17:43:27.041+0000] {logging_mixin.py:190} INFO - [2025-03-27T17:43:27.041+0000] {dag.py:4180} INFO - Setting next_dagrun for example_xcom_args_with_operators to None, run_after=None
[2025-03-27T17:43:27.057+0000] {processor.py:208} INFO - Processing /home/airflow/.local/lib/python3.12/site-packages/airflow/example_dags/example_xcomargs.py took 0.090 seconds
[2025-03-27T17:43:57.760+0000] {processor.py:186} INFO - Started process (PID=723) to work on /home/airflow/.local/lib/python3.12/site-packages/airflow/example_dags/example_xcomargs.py
[2025-03-27T17:43:57.760+0000] {processor.py:914} INFO - Processing file /home/airflow/.local/lib/python3.12/site-packages/airflow/example_dags/example_xcomargs.py for tasks to queue
[2025-03-27T17:43:57.763+0000] {logging_mixin.py:190} INFO - [2025-03-27T17:43:57.763+0000] {dagbag.py:588} INFO - Filling up the DagBag from /home/airflow/.local/lib/python3.12/site-packages/airflow/example_dags/example_xcomargs.py
[2025-03-27T17:43:57.775+0000] {processor.py:925} INFO - DAG(s) 'example_xcom_args', 'example_xcom_args_with_operators' retrieved from /home/airflow/.local/lib/python3.12/site-packages/airflow/example_dags/example_xcomargs.py
[2025-03-27T17:43:57.807+0000] {logging_mixin.py:190} INFO - [2025-03-27T17:43:57.807+0000] {dag.py:3239} INFO - Sync 2 DAGs
[2025-03-27T17:43:57.825+0000] {logging_mixin.py:190} INFO - [2025-03-27T17:43:57.825+0000] {dag.py:4180} INFO - Setting next_dagrun for example_xcom_args to None, run_after=None
[2025-03-27T17:43:57.830+0000] {logging_mixin.py:190} INFO - [2025-03-27T17:43:57.830+0000] {dag.py:4180} INFO - Setting next_dagrun for example_xcom_args_with_operators to None, run_after=None
[2025-03-27T17:43:57.857+0000] {processor.py:208} INFO - Processing /home/airflow/.local/lib/python3.12/site-packages/airflow/example_dags/example_xcomargs.py took 0.105 seconds
[2025-03-27T17:44:27.966+0000] {processor.py:186} INFO - Started process (PID=787) to work on /home/airflow/.local/lib/python3.12/site-packages/airflow/example_dags/example_xcomargs.py
[2025-03-27T17:44:27.967+0000] {processor.py:914} INFO - Processing file /home/airflow/.local/lib/python3.12/site-packages/airflow/example_dags/example_xcomargs.py for tasks to queue
[2025-03-27T17:44:27.970+0000] {logging_mixin.py:190} INFO - [2025-03-27T17:44:27.969+0000] {dagbag.py:588} INFO - Filling up the DagBag from /home/airflow/.local/lib/python3.12/site-packages/airflow/example_dags/example_xcomargs.py
[2025-03-27T17:44:27.979+0000] {processor.py:925} INFO - DAG(s) 'example_xcom_args', 'example_xcom_args_with_operators' retrieved from /home/airflow/.local/lib/python3.12/site-packages/airflow/example_dags/example_xcomargs.py
[2025-03-27T17:44:28.008+0000] {logging_mixin.py:190} INFO - [2025-03-27T17:44:28.008+0000] {dag.py:3239} INFO - Sync 2 DAGs
[2025-03-27T17:44:28.025+0000] {logging_mixin.py:190} INFO - [2025-03-27T17:44:28.025+0000] {dag.py:4180} INFO - Setting next_dagrun for example_xcom_args to None, run_after=None
[2025-03-27T17:44:28.032+0000] {logging_mixin.py:190} INFO - [2025-03-27T17:44:28.032+0000] {dag.py:4180} INFO - Setting next_dagrun for example_xcom_args_with_operators to None, run_after=None
[2025-03-27T17:44:28.053+0000] {processor.py:208} INFO - Processing /home/airflow/.local/lib/python3.12/site-packages/airflow/example_dags/example_xcomargs.py took 0.093 seconds
[2025-03-27T17:44:58.152+0000] {processor.py:186} INFO - Started process (PID=851) to work on /home/airflow/.local/lib/python3.12/site-packages/airflow/example_dags/example_xcomargs.py
[2025-03-27T17:44:58.153+0000] {processor.py:914} INFO - Processing file /home/airflow/.local/lib/python3.12/site-packages/airflow/example_dags/example_xcomargs.py for tasks to queue
[2025-03-27T17:44:58.155+0000] {logging_mixin.py:190} INFO - [2025-03-27T17:44:58.155+0000] {dagbag.py:588} INFO - Filling up the DagBag from /home/airflow/.local/lib/python3.12/site-packages/airflow/example_dags/example_xcomargs.py
[2025-03-27T17:44:58.165+0000] {processor.py:925} INFO - DAG(s) 'example_xcom_args', 'example_xcom_args_with_operators' retrieved from /home/airflow/.local/lib/python3.12/site-packages/airflow/example_dags/example_xcomargs.py
[2025-03-27T17:44:58.191+0000] {logging_mixin.py:190} INFO - [2025-03-27T17:44:58.191+0000] {dag.py:3239} INFO - Sync 2 DAGs
[2025-03-27T17:44:58.209+0000] {logging_mixin.py:190} INFO - [2025-03-27T17:44:58.208+0000] {dag.py:4180} INFO - Setting next_dagrun for example_xcom_args to None, run_after=None
[2025-03-27T17:44:58.214+0000] {logging_mixin.py:190} INFO - [2025-03-27T17:44:58.213+0000] {dag.py:4180} INFO - Setting next_dagrun for example_xcom_args_with_operators to None, run_after=None
[2025-03-27T17:44:58.237+0000] {processor.py:208} INFO - Processing /home/airflow/.local/lib/python3.12/site-packages/airflow/example_dags/example_xcomargs.py took 0.090 seconds
[2025-03-27T17:45:28.542+0000] {processor.py:186} INFO - Started process (PID=915) to work on /home/airflow/.local/lib/python3.12/site-packages/airflow/example_dags/example_xcomargs.py
[2025-03-27T17:45:28.542+0000] {processor.py:914} INFO - Processing file /home/airflow/.local/lib/python3.12/site-packages/airflow/example_dags/example_xcomargs.py for tasks to queue
[2025-03-27T17:45:28.544+0000] {logging_mixin.py:190} INFO - [2025-03-27T17:45:28.544+0000] {dagbag.py:588} INFO - Filling up the DagBag from /home/airflow/.local/lib/python3.12/site-packages/airflow/example_dags/example_xcomargs.py
[2025-03-27T17:45:28.554+0000] {processor.py:925} INFO - DAG(s) 'example_xcom_args', 'example_xcom_args_with_operators' retrieved from /home/airflow/.local/lib/python3.12/site-packages/airflow/example_dags/example_xcomargs.py
[2025-03-27T17:45:28.576+0000] {logging_mixin.py:190} INFO - [2025-03-27T17:45:28.576+0000] {dag.py:3239} INFO - Sync 2 DAGs
[2025-03-27T17:45:28.591+0000] {logging_mixin.py:190} INFO - [2025-03-27T17:45:28.590+0000] {dag.py:4180} INFO - Setting next_dagrun for example_xcom_args to None, run_after=None
[2025-03-27T17:45:28.593+0000] {logging_mixin.py:190} INFO - [2025-03-27T17:45:28.593+0000] {dag.py:4180} INFO - Setting next_dagrun for example_xcom_args_with_operators to None, run_after=None
[2025-03-27T17:45:28.607+0000] {processor.py:208} INFO - Processing /home/airflow/.local/lib/python3.12/site-packages/airflow/example_dags/example_xcomargs.py took 0.070 seconds
[2025-03-27T17:45:58.953+0000] {processor.py:186} INFO - Started process (PID=985) to work on /home/airflow/.local/lib/python3.12/site-packages/airflow/example_dags/example_xcomargs.py
[2025-03-27T17:45:58.956+0000] {processor.py:914} INFO - Processing file /home/airflow/.local/lib/python3.12/site-packages/airflow/example_dags/example_xcomargs.py for tasks to queue
[2025-03-27T17:45:58.958+0000] {logging_mixin.py:190} INFO - [2025-03-27T17:45:58.958+0000] {dagbag.py:588} INFO - Filling up the DagBag from /home/airflow/.local/lib/python3.12/site-packages/airflow/example_dags/example_xcomargs.py
[2025-03-27T17:45:58.968+0000] {processor.py:925} INFO - DAG(s) 'example_xcom_args_with_operators', 'example_xcom_args' retrieved from /home/airflow/.local/lib/python3.12/site-packages/airflow/example_dags/example_xcomargs.py
[2025-03-27T17:45:58.992+0000] {logging_mixin.py:190} INFO - [2025-03-27T17:45:58.992+0000] {dag.py:3239} INFO - Sync 2 DAGs
[2025-03-27T17:45:59.008+0000] {logging_mixin.py:190} INFO - [2025-03-27T17:45:59.007+0000] {dag.py:4180} INFO - Setting next_dagrun for example_xcom_args to None, run_after=None
[2025-03-27T17:45:59.012+0000] {logging_mixin.py:190} INFO - [2025-03-27T17:45:59.012+0000] {dag.py:4180} INFO - Setting next_dagrun for example_xcom_args_with_operators to None, run_after=None
[2025-03-27T17:45:59.028+0000] {processor.py:208} INFO - Processing /home/airflow/.local/lib/python3.12/site-packages/airflow/example_dags/example_xcomargs.py took 0.080 seconds
[2025-03-27T17:46:29.633+0000] {processor.py:186} INFO - Started process (PID=1049) to work on /home/airflow/.local/lib/python3.12/site-packages/airflow/example_dags/example_xcomargs.py
[2025-03-27T17:46:29.634+0000] {processor.py:914} INFO - Processing file /home/airflow/.local/lib/python3.12/site-packages/airflow/example_dags/example_xcomargs.py for tasks to queue
[2025-03-27T17:46:29.637+0000] {logging_mixin.py:190} INFO - [2025-03-27T17:46:29.637+0000] {dagbag.py:588} INFO - Filling up the DagBag from /home/airflow/.local/lib/python3.12/site-packages/airflow/example_dags/example_xcomargs.py
[2025-03-27T17:46:29.648+0000] {processor.py:925} INFO - DAG(s) 'example_xcom_args_with_operators', 'example_xcom_args' retrieved from /home/airflow/.local/lib/python3.12/site-packages/airflow/example_dags/example_xcomargs.py
[2025-03-27T17:46:29.668+0000] {logging_mixin.py:190} INFO - [2025-03-27T17:46:29.668+0000] {dag.py:3239} INFO - Sync 2 DAGs
[2025-03-27T17:46:29.681+0000] {logging_mixin.py:190} INFO - [2025-03-27T17:46:29.681+0000] {dag.py:4180} INFO - Setting next_dagrun for example_xcom_args to None, run_after=None
[2025-03-27T17:46:29.685+0000] {logging_mixin.py:190} INFO - [2025-03-27T17:46:29.684+0000] {dag.py:4180} INFO - Setting next_dagrun for example_xcom_args_with_operators to None, run_after=None
[2025-03-27T17:46:29.699+0000] {processor.py:208} INFO - Processing /home/airflow/.local/lib/python3.12/site-packages/airflow/example_dags/example_xcomargs.py took 0.071 seconds
[2025-03-27T17:47:00.409+0000] {processor.py:186} INFO - Started process (PID=1113) to work on /home/airflow/.local/lib/python3.12/site-packages/airflow/example_dags/example_xcomargs.py
[2025-03-27T17:47:00.410+0000] {processor.py:914} INFO - Processing file /home/airflow/.local/lib/python3.12/site-packages/airflow/example_dags/example_xcomargs.py for tasks to queue
[2025-03-27T17:47:00.412+0000] {logging_mixin.py:190} INFO - [2025-03-27T17:47:00.411+0000] {dagbag.py:588} INFO - Filling up the DagBag from /home/airflow/.local/lib/python3.12/site-packages/airflow/example_dags/example_xcomargs.py
[2025-03-27T17:47:00.421+0000] {processor.py:925} INFO - DAG(s) 'example_xcom_args_with_operators', 'example_xcom_args' retrieved from /home/airflow/.local/lib/python3.12/site-packages/airflow/example_dags/example_xcomargs.py
[2025-03-27T17:47:00.445+0000] {logging_mixin.py:190} INFO - [2025-03-27T17:47:00.445+0000] {dag.py:3239} INFO - Sync 2 DAGs
[2025-03-27T17:47:00.458+0000] {logging_mixin.py:190} INFO - [2025-03-27T17:47:00.458+0000] {dag.py:4180} INFO - Setting next_dagrun for example_xcom_args to None, run_after=None
[2025-03-27T17:47:00.462+0000] {logging_mixin.py:190} INFO - [2025-03-27T17:47:00.462+0000] {dag.py:4180} INFO - Setting next_dagrun for example_xcom_args_with_operators to None, run_after=None
[2025-03-27T17:47:00.480+0000] {processor.py:208} INFO - Processing /home/airflow/.local/lib/python3.12/site-packages/airflow/example_dags/example_xcomargs.py took 0.077 seconds
[2025-03-27T17:47:30.850+0000] {processor.py:186} INFO - Started process (PID=1177) to work on /home/airflow/.local/lib/python3.12/site-packages/airflow/example_dags/example_xcomargs.py
[2025-03-27T17:47:30.851+0000] {processor.py:914} INFO - Processing file /home/airflow/.local/lib/python3.12/site-packages/airflow/example_dags/example_xcomargs.py for tasks to queue
[2025-03-27T17:47:30.854+0000] {logging_mixin.py:190} INFO - [2025-03-27T17:47:30.854+0000] {dagbag.py:588} INFO - Filling up the DagBag from /home/airflow/.local/lib/python3.12/site-packages/airflow/example_dags/example_xcomargs.py
[2025-03-27T17:47:30.865+0000] {processor.py:925} INFO - DAG(s) 'example_xcom_args_with_operators', 'example_xcom_args' retrieved from /home/airflow/.local/lib/python3.12/site-packages/airflow/example_dags/example_xcomargs.py
[2025-03-27T17:47:30.894+0000] {logging_mixin.py:190} INFO - [2025-03-27T17:47:30.894+0000] {dag.py:3239} INFO - Sync 2 DAGs
[2025-03-27T17:47:30.911+0000] {logging_mixin.py:190} INFO - [2025-03-27T17:47:30.910+0000] {dag.py:4180} INFO - Setting next_dagrun for example_xcom_args to None, run_after=None
[2025-03-27T17:47:30.916+0000] {logging_mixin.py:190} INFO - [2025-03-27T17:47:30.915+0000] {dag.py:4180} INFO - Setting next_dagrun for example_xcom_args_with_operators to None, run_after=None
[2025-03-27T17:47:30.939+0000] {processor.py:208} INFO - Processing /home/airflow/.local/lib/python3.12/site-packages/airflow/example_dags/example_xcomargs.py took 0.093 seconds
[2025-03-27T17:48:01.072+0000] {processor.py:186} INFO - Started process (PID=1241) to work on /home/airflow/.local/lib/python3.12/site-packages/airflow/example_dags/example_xcomargs.py
[2025-03-27T17:48:01.073+0000] {processor.py:914} INFO - Processing file /home/airflow/.local/lib/python3.12/site-packages/airflow/example_dags/example_xcomargs.py for tasks to queue
[2025-03-27T17:48:01.075+0000] {logging_mixin.py:190} INFO - [2025-03-27T17:48:01.074+0000] {dagbag.py:588} INFO - Filling up the DagBag from /home/airflow/.local/lib/python3.12/site-packages/airflow/example_dags/example_xcomargs.py
[2025-03-27T17:48:01.084+0000] {processor.py:925} INFO - DAG(s) 'example_xcom_args_with_operators', 'example_xcom_args' retrieved from /home/airflow/.local/lib/python3.12/site-packages/airflow/example_dags/example_xcomargs.py
[2025-03-27T17:48:01.107+0000] {logging_mixin.py:190} INFO - [2025-03-27T17:48:01.107+0000] {dag.py:3239} INFO - Sync 2 DAGs
[2025-03-27T17:48:01.123+0000] {logging_mixin.py:190} INFO - [2025-03-27T17:48:01.123+0000] {dag.py:4180} INFO - Setting next_dagrun for example_xcom_args to None, run_after=None
[2025-03-27T17:48:01.127+0000] {logging_mixin.py:190} INFO - [2025-03-27T17:48:01.127+0000] {dag.py:4180} INFO - Setting next_dagrun for example_xcom_args_with_operators to None, run_after=None
[2025-03-27T17:48:01.142+0000] {processor.py:208} INFO - Processing /home/airflow/.local/lib/python3.12/site-packages/airflow/example_dags/example_xcomargs.py took 0.075 seconds
[2025-03-27T17:48:31.866+0000] {processor.py:186} INFO - Started process (PID=1305) to work on /home/airflow/.local/lib/python3.12/site-packages/airflow/example_dags/example_xcomargs.py
[2025-03-27T17:48:31.867+0000] {processor.py:914} INFO - Processing file /home/airflow/.local/lib/python3.12/site-packages/airflow/example_dags/example_xcomargs.py for tasks to queue
[2025-03-27T17:48:31.870+0000] {logging_mixin.py:190} INFO - [2025-03-27T17:48:31.869+0000] {dagbag.py:588} INFO - Filling up the DagBag from /home/airflow/.local/lib/python3.12/site-packages/airflow/example_dags/example_xcomargs.py
[2025-03-27T17:48:31.883+0000] {processor.py:925} INFO - DAG(s) 'example_xcom_args_with_operators', 'example_xcom_args' retrieved from /home/airflow/.local/lib/python3.12/site-packages/airflow/example_dags/example_xcomargs.py
[2025-03-27T17:48:31.910+0000] {logging_mixin.py:190} INFO - [2025-03-27T17:48:31.909+0000] {dag.py:3239} INFO - Sync 2 DAGs
[2025-03-27T17:48:31.924+0000] {logging_mixin.py:190} INFO - [2025-03-27T17:48:31.924+0000] {dag.py:4180} INFO - Setting next_dagrun for example_xcom_args to None, run_after=None
[2025-03-27T17:48:31.928+0000] {logging_mixin.py:190} INFO - [2025-03-27T17:48:31.928+0000] {dag.py:4180} INFO - Setting next_dagrun for example_xcom_args_with_operators to None, run_after=None
[2025-03-27T17:48:31.946+0000] {processor.py:208} INFO - Processing /home/airflow/.local/lib/python3.12/site-packages/airflow/example_dags/example_xcomargs.py took 0.087 seconds
[2025-03-27T17:49:02.221+0000] {processor.py:186} INFO - Started process (PID=1369) to work on /home/airflow/.local/lib/python3.12/site-packages/airflow/example_dags/example_xcomargs.py
[2025-03-27T17:49:02.222+0000] {processor.py:914} INFO - Processing file /home/airflow/.local/lib/python3.12/site-packages/airflow/example_dags/example_xcomargs.py for tasks to queue
[2025-03-27T17:49:02.226+0000] {logging_mixin.py:190} INFO - [2025-03-27T17:49:02.225+0000] {dagbag.py:588} INFO - Filling up the DagBag from /home/airflow/.local/lib/python3.12/site-packages/airflow/example_dags/example_xcomargs.py
[2025-03-27T17:49:02.238+0000] {processor.py:925} INFO - DAG(s) 'example_xcom_args', 'example_xcom_args_with_operators' retrieved from /home/airflow/.local/lib/python3.12/site-packages/airflow/example_dags/example_xcomargs.py
[2025-03-27T17:49:02.267+0000] {logging_mixin.py:190} INFO - [2025-03-27T17:49:02.267+0000] {dag.py:3239} INFO - Sync 2 DAGs
[2025-03-27T17:49:02.283+0000] {logging_mixin.py:190} INFO - [2025-03-27T17:49:02.282+0000] {dag.py:4180} INFO - Setting next_dagrun for example_xcom_args to None, run_after=None
[2025-03-27T17:49:02.287+0000] {logging_mixin.py:190} INFO - [2025-03-27T17:49:02.287+0000] {dag.py:4180} INFO - Setting next_dagrun for example_xcom_args_with_operators to None, run_after=None
[2025-03-27T17:49:02.309+0000] {processor.py:208} INFO - Processing /home/airflow/.local/lib/python3.12/site-packages/airflow/example_dags/example_xcomargs.py took 0.094 seconds
[2025-03-27T17:49:32.825+0000] {processor.py:186} INFO - Started process (PID=1433) to work on /home/airflow/.local/lib/python3.12/site-packages/airflow/example_dags/example_xcomargs.py
[2025-03-27T17:49:32.825+0000] {processor.py:914} INFO - Processing file /home/airflow/.local/lib/python3.12/site-packages/airflow/example_dags/example_xcomargs.py for tasks to queue
[2025-03-27T17:49:32.827+0000] {logging_mixin.py:190} INFO - [2025-03-27T17:49:32.827+0000] {dagbag.py:588} INFO - Filling up the DagBag from /home/airflow/.local/lib/python3.12/site-packages/airflow/example_dags/example_xcomargs.py
[2025-03-27T17:49:32.834+0000] {processor.py:925} INFO - DAG(s) 'example_xcom_args', 'example_xcom_args_with_operators' retrieved from /home/airflow/.local/lib/python3.12/site-packages/airflow/example_dags/example_xcomargs.py
[2025-03-27T17:49:32.857+0000] {logging_mixin.py:190} INFO - [2025-03-27T17:49:32.856+0000] {dag.py:3239} INFO - Sync 2 DAGs
[2025-03-27T17:49:32.868+0000] {logging_mixin.py:190} INFO - [2025-03-27T17:49:32.868+0000] {dag.py:4180} INFO - Setting next_dagrun for example_xcom_args to None, run_after=None
[2025-03-27T17:49:32.872+0000] {logging_mixin.py:190} INFO - [2025-03-27T17:49:32.871+0000] {dag.py:4180} INFO - Setting next_dagrun for example_xcom_args_with_operators to None, run_after=None
[2025-03-27T17:49:32.885+0000] {processor.py:208} INFO - Processing /home/airflow/.local/lib/python3.12/site-packages/airflow/example_dags/example_xcomargs.py took 0.065 seconds
[2025-03-27T17:50:03.443+0000] {processor.py:186} INFO - Started process (PID=1497) to work on /home/airflow/.local/lib/python3.12/site-packages/airflow/example_dags/example_xcomargs.py
[2025-03-27T17:50:03.444+0000] {processor.py:914} INFO - Processing file /home/airflow/.local/lib/python3.12/site-packages/airflow/example_dags/example_xcomargs.py for tasks to queue
[2025-03-27T17:50:03.447+0000] {logging_mixin.py:190} INFO - [2025-03-27T17:50:03.446+0000] {dagbag.py:588} INFO - Filling up the DagBag from /home/airflow/.local/lib/python3.12/site-packages/airflow/example_dags/example_xcomargs.py
[2025-03-27T17:50:03.457+0000] {processor.py:925} INFO - DAG(s) 'example_xcom_args_with_operators', 'example_xcom_args' retrieved from /home/airflow/.local/lib/python3.12/site-packages/airflow/example_dags/example_xcomargs.py
[2025-03-27T17:50:03.484+0000] {logging_mixin.py:190} INFO - [2025-03-27T17:50:03.483+0000] {dag.py:3239} INFO - Sync 2 DAGs
[2025-03-27T17:50:03.501+0000] {logging_mixin.py:190} INFO - [2025-03-27T17:50:03.501+0000] {dag.py:4180} INFO - Setting next_dagrun for example_xcom_args to None, run_after=None
[2025-03-27T17:50:03.506+0000] {logging_mixin.py:190} INFO - [2025-03-27T17:50:03.506+0000] {dag.py:4180} INFO - Setting next_dagrun for example_xcom_args_with_operators to None, run_after=None
[2025-03-27T17:50:03.524+0000] {processor.py:208} INFO - Processing /home/airflow/.local/lib/python3.12/site-packages/airflow/example_dags/example_xcomargs.py took 0.087 seconds
[2025-03-27T17:50:33.696+0000] {processor.py:186} INFO - Started process (PID=1561) to work on /home/airflow/.local/lib/python3.12/site-packages/airflow/example_dags/example_xcomargs.py
[2025-03-27T17:50:33.697+0000] {processor.py:914} INFO - Processing file /home/airflow/.local/lib/python3.12/site-packages/airflow/example_dags/example_xcomargs.py for tasks to queue
[2025-03-27T17:50:33.701+0000] {logging_mixin.py:190} INFO - [2025-03-27T17:50:33.700+0000] {dagbag.py:588} INFO - Filling up the DagBag from /home/airflow/.local/lib/python3.12/site-packages/airflow/example_dags/example_xcomargs.py
[2025-03-27T17:50:33.719+0000] {processor.py:925} INFO - DAG(s) 'example_xcom_args', 'example_xcom_args_with_operators' retrieved from /home/airflow/.local/lib/python3.12/site-packages/airflow/example_dags/example_xcomargs.py
[2025-03-27T17:50:33.745+0000] {logging_mixin.py:190} INFO - [2025-03-27T17:50:33.745+0000] {dag.py:3239} INFO - Sync 2 DAGs
[2025-03-27T17:50:33.763+0000] {logging_mixin.py:190} INFO - [2025-03-27T17:50:33.762+0000] {dag.py:4180} INFO - Setting next_dagrun for example_xcom_args to None, run_after=None
[2025-03-27T17:50:33.770+0000] {logging_mixin.py:190} INFO - [2025-03-27T17:50:33.770+0000] {dag.py:4180} INFO - Setting next_dagrun for example_xcom_args_with_operators to None, run_after=None
[2025-03-27T17:50:33.787+0000] {processor.py:208} INFO - Processing /home/airflow/.local/lib/python3.12/site-packages/airflow/example_dags/example_xcomargs.py took 0.096 seconds
[2025-03-27T17:51:03.950+0000] {processor.py:186} INFO - Started process (PID=1625) to work on /home/airflow/.local/lib/python3.12/site-packages/airflow/example_dags/example_xcomargs.py
[2025-03-27T17:51:03.952+0000] {processor.py:914} INFO - Processing file /home/airflow/.local/lib/python3.12/site-packages/airflow/example_dags/example_xcomargs.py for tasks to queue
[2025-03-27T17:51:03.954+0000] {logging_mixin.py:190} INFO - [2025-03-27T17:51:03.954+0000] {dagbag.py:588} INFO - Filling up the DagBag from /home/airflow/.local/lib/python3.12/site-packages/airflow/example_dags/example_xcomargs.py
[2025-03-27T17:51:03.966+0000] {processor.py:925} INFO - DAG(s) 'example_xcom_args_with_operators', 'example_xcom_args' retrieved from /home/airflow/.local/lib/python3.12/site-packages/airflow/example_dags/example_xcomargs.py
[2025-03-27T17:51:03.999+0000] {logging_mixin.py:190} INFO - [2025-03-27T17:51:03.999+0000] {dag.py:3239} INFO - Sync 2 DAGs
[2025-03-27T17:51:04.015+0000] {logging_mixin.py:190} INFO - [2025-03-27T17:51:04.015+0000] {dag.py:4180} INFO - Setting next_dagrun for example_xcom_args to None, run_after=None
[2025-03-27T17:51:04.020+0000] {logging_mixin.py:190} INFO - [2025-03-27T17:51:04.020+0000] {dag.py:4180} INFO - Setting next_dagrun for example_xcom_args_with_operators to None, run_after=None
[2025-03-27T17:51:04.040+0000] {processor.py:208} INFO - Processing /home/airflow/.local/lib/python3.12/site-packages/airflow/example_dags/example_xcomargs.py took 0.096 seconds
[2025-03-27T17:51:31.867+0000] {processor.py:186} INFO - Started process (PID=1689) to work on /home/airflow/.local/lib/python3.12/site-packages/airflow/example_dags/example_xcomargs.py
[2025-03-27T17:51:31.868+0000] {processor.py:914} INFO - Processing file /home/airflow/.local/lib/python3.12/site-packages/airflow/example_dags/example_xcomargs.py for tasks to queue
[2025-03-27T17:51:31.870+0000] {logging_mixin.py:190} INFO - [2025-03-27T17:51:31.869+0000] {dagbag.py:588} INFO - Filling up the DagBag from /home/airflow/.local/lib/python3.12/site-packages/airflow/example_dags/example_xcomargs.py
[2025-03-27T17:51:31.880+0000] {processor.py:925} INFO - DAG(s) 'example_xcom_args_with_operators', 'example_xcom_args' retrieved from /home/airflow/.local/lib/python3.12/site-packages/airflow/example_dags/example_xcomargs.py
[2025-03-27T17:51:31.903+0000] {logging_mixin.py:190} INFO - [2025-03-27T17:51:31.903+0000] {dag.py:3239} INFO - Sync 2 DAGs
[2025-03-27T17:51:31.917+0000] {logging_mixin.py:190} INFO - [2025-03-27T17:51:31.916+0000] {dag.py:4180} INFO - Setting next_dagrun for example_xcom_args to None, run_after=None
[2025-03-27T17:51:31.922+0000] {logging_mixin.py:190} INFO - [2025-03-27T17:51:31.921+0000] {dag.py:4180} INFO - Setting next_dagrun for example_xcom_args_with_operators to None, run_after=None
[2025-03-27T17:51:31.941+0000] {processor.py:208} INFO - Processing /home/airflow/.local/lib/python3.12/site-packages/airflow/example_dags/example_xcomargs.py took 0.080 seconds
[2025-03-27T17:52:02.465+0000] {processor.py:186} INFO - Started process (PID=1753) to work on /home/airflow/.local/lib/python3.12/site-packages/airflow/example_dags/example_xcomargs.py
[2025-03-27T17:52:02.466+0000] {processor.py:914} INFO - Processing file /home/airflow/.local/lib/python3.12/site-packages/airflow/example_dags/example_xcomargs.py for tasks to queue
[2025-03-27T17:52:02.468+0000] {logging_mixin.py:190} INFO - [2025-03-27T17:52:02.468+0000] {dagbag.py:588} INFO - Filling up the DagBag from /home/airflow/.local/lib/python3.12/site-packages/airflow/example_dags/example_xcomargs.py
[2025-03-27T17:52:02.476+0000] {processor.py:925} INFO - DAG(s) 'example_xcom_args_with_operators', 'example_xcom_args' retrieved from /home/airflow/.local/lib/python3.12/site-packages/airflow/example_dags/example_xcomargs.py
[2025-03-27T17:52:02.502+0000] {logging_mixin.py:190} INFO - [2025-03-27T17:52:02.502+0000] {dag.py:3239} INFO - Sync 2 DAGs
[2025-03-27T17:52:02.517+0000] {logging_mixin.py:190} INFO - [2025-03-27T17:52:02.517+0000] {dag.py:4180} INFO - Setting next_dagrun for example_xcom_args to None, run_after=None
[2025-03-27T17:52:02.522+0000] {logging_mixin.py:190} INFO - [2025-03-27T17:52:02.521+0000] {dag.py:4180} INFO - Setting next_dagrun for example_xcom_args_with_operators to None, run_after=None
[2025-03-27T17:52:02.543+0000] {processor.py:208} INFO - Processing /home/airflow/.local/lib/python3.12/site-packages/airflow/example_dags/example_xcomargs.py took 0.082 seconds
[2025-03-27T17:52:32.598+0000] {processor.py:186} INFO - Started process (PID=1817) to work on /home/airflow/.local/lib/python3.12/site-packages/airflow/example_dags/example_xcomargs.py
[2025-03-27T17:52:32.599+0000] {processor.py:914} INFO - Processing file /home/airflow/.local/lib/python3.12/site-packages/airflow/example_dags/example_xcomargs.py for tasks to queue
[2025-03-27T17:52:32.602+0000] {logging_mixin.py:190} INFO - [2025-03-27T17:52:32.601+0000] {dagbag.py:588} INFO - Filling up the DagBag from /home/airflow/.local/lib/python3.12/site-packages/airflow/example_dags/example_xcomargs.py
[2025-03-27T17:52:32.613+0000] {processor.py:925} INFO - DAG(s) 'example_xcom_args_with_operators', 'example_xcom_args' retrieved from /home/airflow/.local/lib/python3.12/site-packages/airflow/example_dags/example_xcomargs.py
[2025-03-27T17:52:32.638+0000] {logging_mixin.py:190} INFO - [2025-03-27T17:52:32.637+0000] {dag.py:3239} INFO - Sync 2 DAGs
[2025-03-27T17:52:32.656+0000] {logging_mixin.py:190} INFO - [2025-03-27T17:52:32.656+0000] {dag.py:4180} INFO - Setting next_dagrun for example_xcom_args to None, run_after=None
[2025-03-27T17:52:32.664+0000] {logging_mixin.py:190} INFO - [2025-03-27T17:52:32.664+0000] {dag.py:4180} INFO - Setting next_dagrun for example_xcom_args_with_operators to None, run_after=None
[2025-03-27T17:52:32.688+0000] {processor.py:208} INFO - Processing /home/airflow/.local/lib/python3.12/site-packages/airflow/example_dags/example_xcomargs.py took 0.097 seconds
