[2025-03-27T17:38:54.724+0000] {processor.py:186} INFO - Started process (PID=99) to work on /home/airflow/.local/lib/python3.12/site-packages/airflow/example_dags/tutorial_dag.py
[2025-03-27T17:38:54.725+0000] {processor.py:914} INFO - Processing file /home/airflow/.local/lib/python3.12/site-packages/airflow/example_dags/tutorial_dag.py for tasks to queue
[2025-03-27T17:38:54.728+0000] {logging_mixin.py:190} INFO - [2025-03-27T17:38:54.728+0000] {dagbag.py:588} INFO - Filling up the DagBag from /home/airflow/.local/lib/python3.12/site-packages/airflow/example_dags/tutorial_dag.py
[2025-03-27T17:38:54.737+0000] {processor.py:925} INFO - DAG(s) 'tutorial_dag' retrieved from /home/airflow/.local/lib/python3.12/site-packages/airflow/example_dags/tutorial_dag.py
[2025-03-27T17:38:54.764+0000] {logging_mixin.py:190} INFO - [2025-03-27T17:38:54.763+0000] {dag.py:3239} INFO - Sync 1 DAGs
[2025-03-27T17:38:54.786+0000] {logging_mixin.py:190} INFO - [2025-03-27T17:38:54.786+0000] {dag.py:4180} INFO - Setting next_dagrun for tutorial_dag to None, run_after=None
[2025-03-27T17:38:54.807+0000] {processor.py:208} INFO - Processing /home/airflow/.local/lib/python3.12/site-packages/airflow/example_dags/tutorial_dag.py took 0.089 seconds
[2025-03-27T17:39:26.202+0000] {processor.py:186} INFO - Started process (PID=163) to work on /home/airflow/.local/lib/python3.12/site-packages/airflow/example_dags/tutorial_dag.py
[2025-03-27T17:39:26.203+0000] {processor.py:914} INFO - Processing file /home/airflow/.local/lib/python3.12/site-packages/airflow/example_dags/tutorial_dag.py for tasks to queue
[2025-03-27T17:39:26.205+0000] {logging_mixin.py:190} INFO - [2025-03-27T17:39:26.205+0000] {dagbag.py:588} INFO - Filling up the DagBag from /home/airflow/.local/lib/python3.12/site-packages/airflow/example_dags/tutorial_dag.py
[2025-03-27T17:39:26.212+0000] {processor.py:925} INFO - DAG(s) 'tutorial_dag' retrieved from /home/airflow/.local/lib/python3.12/site-packages/airflow/example_dags/tutorial_dag.py
[2025-03-27T17:39:26.230+0000] {logging_mixin.py:190} INFO - [2025-03-27T17:39:26.230+0000] {dag.py:3239} INFO - Sync 1 DAGs
[2025-03-27T17:39:26.243+0000] {logging_mixin.py:190} INFO - [2025-03-27T17:39:26.243+0000] {dag.py:4180} INFO - Setting next_dagrun for tutorial_dag to None, run_after=None
[2025-03-27T17:39:26.264+0000] {processor.py:208} INFO - Processing /home/airflow/.local/lib/python3.12/site-packages/airflow/example_dags/tutorial_dag.py took 0.067 seconds
[2025-03-27T17:39:57.819+0000] {processor.py:186} INFO - Started process (PID=227) to work on /home/airflow/.local/lib/python3.12/site-packages/airflow/example_dags/tutorial_dag.py
[2025-03-27T17:39:57.820+0000] {processor.py:914} INFO - Processing file /home/airflow/.local/lib/python3.12/site-packages/airflow/example_dags/tutorial_dag.py for tasks to queue
[2025-03-27T17:39:57.822+0000] {logging_mixin.py:190} INFO - [2025-03-27T17:39:57.822+0000] {dagbag.py:588} INFO - Filling up the DagBag from /home/airflow/.local/lib/python3.12/site-packages/airflow/example_dags/tutorial_dag.py
[2025-03-27T17:39:57.829+0000] {processor.py:925} INFO - DAG(s) 'tutorial_dag' retrieved from /home/airflow/.local/lib/python3.12/site-packages/airflow/example_dags/tutorial_dag.py
[2025-03-27T17:39:57.853+0000] {logging_mixin.py:190} INFO - [2025-03-27T17:39:57.853+0000] {dag.py:3239} INFO - Sync 1 DAGs
[2025-03-27T17:39:57.869+0000] {logging_mixin.py:190} INFO - [2025-03-27T17:39:57.868+0000] {dag.py:4180} INFO - Setting next_dagrun for tutorial_dag to None, run_after=None
[2025-03-27T17:39:57.888+0000] {processor.py:208} INFO - Processing /home/airflow/.local/lib/python3.12/site-packages/airflow/example_dags/tutorial_dag.py took 0.075 seconds
[2025-03-27T17:40:29.118+0000] {processor.py:186} INFO - Started process (PID=291) to work on /home/airflow/.local/lib/python3.12/site-packages/airflow/example_dags/tutorial_dag.py
[2025-03-27T17:40:29.119+0000] {processor.py:914} INFO - Processing file /home/airflow/.local/lib/python3.12/site-packages/airflow/example_dags/tutorial_dag.py for tasks to queue
[2025-03-27T17:40:29.121+0000] {logging_mixin.py:190} INFO - [2025-03-27T17:40:29.121+0000] {dagbag.py:588} INFO - Filling up the DagBag from /home/airflow/.local/lib/python3.12/site-packages/airflow/example_dags/tutorial_dag.py
[2025-03-27T17:40:29.128+0000] {processor.py:925} INFO - DAG(s) 'tutorial_dag' retrieved from /home/airflow/.local/lib/python3.12/site-packages/airflow/example_dags/tutorial_dag.py
[2025-03-27T17:40:29.149+0000] {logging_mixin.py:190} INFO - [2025-03-27T17:40:29.149+0000] {dag.py:3239} INFO - Sync 1 DAGs
[2025-03-27T17:40:29.170+0000] {logging_mixin.py:190} INFO - [2025-03-27T17:40:29.170+0000] {dag.py:4180} INFO - Setting next_dagrun for tutorial_dag to None, run_after=None
[2025-03-27T17:40:29.191+0000] {processor.py:208} INFO - Processing /home/airflow/.local/lib/python3.12/site-packages/airflow/example_dags/tutorial_dag.py took 0.078 seconds
[2025-03-27T17:41:00.490+0000] {processor.py:186} INFO - Started process (PID=355) to work on /home/airflow/.local/lib/python3.12/site-packages/airflow/example_dags/tutorial_dag.py
[2025-03-27T17:41:00.491+0000] {processor.py:914} INFO - Processing file /home/airflow/.local/lib/python3.12/site-packages/airflow/example_dags/tutorial_dag.py for tasks to queue
[2025-03-27T17:41:00.493+0000] {logging_mixin.py:190} INFO - [2025-03-27T17:41:00.493+0000] {dagbag.py:588} INFO - Filling up the DagBag from /home/airflow/.local/lib/python3.12/site-packages/airflow/example_dags/tutorial_dag.py
[2025-03-27T17:41:00.501+0000] {processor.py:925} INFO - DAG(s) 'tutorial_dag' retrieved from /home/airflow/.local/lib/python3.12/site-packages/airflow/example_dags/tutorial_dag.py
[2025-03-27T17:41:00.522+0000] {logging_mixin.py:190} INFO - [2025-03-27T17:41:00.521+0000] {dag.py:3239} INFO - Sync 1 DAGs
[2025-03-27T17:41:00.539+0000] {logging_mixin.py:190} INFO - [2025-03-27T17:41:00.539+0000] {dag.py:4180} INFO - Setting next_dagrun for tutorial_dag to None, run_after=None
[2025-03-27T17:41:00.561+0000] {processor.py:208} INFO - Processing /home/airflow/.local/lib/python3.12/site-packages/airflow/example_dags/tutorial_dag.py took 0.077 seconds
[2025-03-27T17:41:31.636+0000] {processor.py:186} INFO - Started process (PID=419) to work on /home/airflow/.local/lib/python3.12/site-packages/airflow/example_dags/tutorial_dag.py
[2025-03-27T17:41:31.636+0000] {processor.py:914} INFO - Processing file /home/airflow/.local/lib/python3.12/site-packages/airflow/example_dags/tutorial_dag.py for tasks to queue
[2025-03-27T17:41:31.638+0000] {logging_mixin.py:190} INFO - [2025-03-27T17:41:31.638+0000] {dagbag.py:588} INFO - Filling up the DagBag from /home/airflow/.local/lib/python3.12/site-packages/airflow/example_dags/tutorial_dag.py
[2025-03-27T17:41:31.644+0000] {processor.py:925} INFO - DAG(s) 'tutorial_dag' retrieved from /home/airflow/.local/lib/python3.12/site-packages/airflow/example_dags/tutorial_dag.py
[2025-03-27T17:41:31.663+0000] {logging_mixin.py:190} INFO - [2025-03-27T17:41:31.663+0000] {dag.py:3239} INFO - Sync 1 DAGs
[2025-03-27T17:41:31.677+0000] {logging_mixin.py:190} INFO - [2025-03-27T17:41:31.677+0000] {dag.py:4180} INFO - Setting next_dagrun for tutorial_dag to None, run_after=None
[2025-03-27T17:41:31.693+0000] {processor.py:208} INFO - Processing /home/airflow/.local/lib/python3.12/site-packages/airflow/example_dags/tutorial_dag.py took 0.061 seconds
[2025-03-27T17:42:02.259+0000] {processor.py:186} INFO - Started process (PID=483) to work on /home/airflow/.local/lib/python3.12/site-packages/airflow/example_dags/tutorial_dag.py
[2025-03-27T17:42:02.260+0000] {processor.py:914} INFO - Processing file /home/airflow/.local/lib/python3.12/site-packages/airflow/example_dags/tutorial_dag.py for tasks to queue
[2025-03-27T17:42:02.263+0000] {logging_mixin.py:190} INFO - [2025-03-27T17:42:02.262+0000] {dagbag.py:588} INFO - Filling up the DagBag from /home/airflow/.local/lib/python3.12/site-packages/airflow/example_dags/tutorial_dag.py
[2025-03-27T17:42:02.270+0000] {processor.py:925} INFO - DAG(s) 'tutorial_dag' retrieved from /home/airflow/.local/lib/python3.12/site-packages/airflow/example_dags/tutorial_dag.py
[2025-03-27T17:42:02.293+0000] {logging_mixin.py:190} INFO - [2025-03-27T17:42:02.293+0000] {dag.py:3239} INFO - Sync 1 DAGs
[2025-03-27T17:42:02.309+0000] {logging_mixin.py:190} INFO - [2025-03-27T17:42:02.309+0000] {dag.py:4180} INFO - Setting next_dagrun for tutorial_dag to None, run_after=None
[2025-03-27T17:42:02.333+0000] {processor.py:208} INFO - Processing /home/airflow/.local/lib/python3.12/site-packages/airflow/example_dags/tutorial_dag.py took 0.079 seconds
[2025-03-27T17:42:33.554+0000] {processor.py:186} INFO - Started process (PID=547) to work on /home/airflow/.local/lib/python3.12/site-packages/airflow/example_dags/tutorial_dag.py
[2025-03-27T17:42:33.556+0000] {processor.py:914} INFO - Processing file /home/airflow/.local/lib/python3.12/site-packages/airflow/example_dags/tutorial_dag.py for tasks to queue
[2025-03-27T17:42:33.558+0000] {logging_mixin.py:190} INFO - [2025-03-27T17:42:33.558+0000] {dagbag.py:588} INFO - Filling up the DagBag from /home/airflow/.local/lib/python3.12/site-packages/airflow/example_dags/tutorial_dag.py
[2025-03-27T17:42:33.567+0000] {processor.py:925} INFO - DAG(s) 'tutorial_dag' retrieved from /home/airflow/.local/lib/python3.12/site-packages/airflow/example_dags/tutorial_dag.py
[2025-03-27T17:42:33.593+0000] {logging_mixin.py:190} INFO - [2025-03-27T17:42:33.592+0000] {dag.py:3239} INFO - Sync 1 DAGs
[2025-03-27T17:42:33.607+0000] {logging_mixin.py:190} INFO - [2025-03-27T17:42:33.607+0000] {dag.py:4180} INFO - Setting next_dagrun for tutorial_dag to None, run_after=None
[2025-03-27T17:42:33.627+0000] {processor.py:208} INFO - Processing /home/airflow/.local/lib/python3.12/site-packages/airflow/example_dags/tutorial_dag.py took 0.081 seconds
[2025-03-27T17:43:04.701+0000] {processor.py:186} INFO - Started process (PID=613) to work on /home/airflow/.local/lib/python3.12/site-packages/airflow/example_dags/tutorial_dag.py
[2025-03-27T17:43:04.702+0000] {processor.py:914} INFO - Processing file /home/airflow/.local/lib/python3.12/site-packages/airflow/example_dags/tutorial_dag.py for tasks to queue
[2025-03-27T17:43:04.705+0000] {logging_mixin.py:190} INFO - [2025-03-27T17:43:04.704+0000] {dagbag.py:588} INFO - Filling up the DagBag from /home/airflow/.local/lib/python3.12/site-packages/airflow/example_dags/tutorial_dag.py
[2025-03-27T17:43:04.712+0000] {processor.py:925} INFO - DAG(s) 'tutorial_dag' retrieved from /home/airflow/.local/lib/python3.12/site-packages/airflow/example_dags/tutorial_dag.py
[2025-03-27T17:43:04.733+0000] {logging_mixin.py:190} INFO - [2025-03-27T17:43:04.732+0000] {dag.py:3239} INFO - Sync 1 DAGs
[2025-03-27T17:43:04.747+0000] {logging_mixin.py:190} INFO - [2025-03-27T17:43:04.747+0000] {dag.py:4180} INFO - Setting next_dagrun for tutorial_dag to None, run_after=None
[2025-03-27T17:43:04.766+0000] {processor.py:208} INFO - Processing /home/airflow/.local/lib/python3.12/site-packages/airflow/example_dags/tutorial_dag.py took 0.071 seconds
[2025-03-27T17:43:35.827+0000] {processor.py:186} INFO - Started process (PID=677) to work on /home/airflow/.local/lib/python3.12/site-packages/airflow/example_dags/tutorial_dag.py
[2025-03-27T17:43:35.828+0000] {processor.py:914} INFO - Processing file /home/airflow/.local/lib/python3.12/site-packages/airflow/example_dags/tutorial_dag.py for tasks to queue
[2025-03-27T17:43:35.831+0000] {logging_mixin.py:190} INFO - [2025-03-27T17:43:35.830+0000] {dagbag.py:588} INFO - Filling up the DagBag from /home/airflow/.local/lib/python3.12/site-packages/airflow/example_dags/tutorial_dag.py
[2025-03-27T17:43:35.839+0000] {processor.py:925} INFO - DAG(s) 'tutorial_dag' retrieved from /home/airflow/.local/lib/python3.12/site-packages/airflow/example_dags/tutorial_dag.py
[2025-03-27T17:43:35.866+0000] {logging_mixin.py:190} INFO - [2025-03-27T17:43:35.866+0000] {dag.py:3239} INFO - Sync 1 DAGs
[2025-03-27T17:43:35.882+0000] {logging_mixin.py:190} INFO - [2025-03-27T17:43:35.882+0000] {dag.py:4180} INFO - Setting next_dagrun for tutorial_dag to None, run_after=None
[2025-03-27T17:43:35.905+0000] {processor.py:208} INFO - Processing /home/airflow/.local/lib/python3.12/site-packages/airflow/example_dags/tutorial_dag.py took 0.085 seconds
[2025-03-27T17:44:06.068+0000] {processor.py:186} INFO - Started process (PID=740) to work on /home/airflow/.local/lib/python3.12/site-packages/airflow/example_dags/tutorial_dag.py
[2025-03-27T17:44:06.069+0000] {processor.py:914} INFO - Processing file /home/airflow/.local/lib/python3.12/site-packages/airflow/example_dags/tutorial_dag.py for tasks to queue
[2025-03-27T17:44:06.071+0000] {logging_mixin.py:190} INFO - [2025-03-27T17:44:06.071+0000] {dagbag.py:588} INFO - Filling up the DagBag from /home/airflow/.local/lib/python3.12/site-packages/airflow/example_dags/tutorial_dag.py
[2025-03-27T17:44:06.078+0000] {processor.py:925} INFO - DAG(s) 'tutorial_dag' retrieved from /home/airflow/.local/lib/python3.12/site-packages/airflow/example_dags/tutorial_dag.py
[2025-03-27T17:44:06.097+0000] {logging_mixin.py:190} INFO - [2025-03-27T17:44:06.096+0000] {dag.py:3239} INFO - Sync 1 DAGs
[2025-03-27T17:44:06.111+0000] {logging_mixin.py:190} INFO - [2025-03-27T17:44:06.111+0000] {dag.py:4180} INFO - Setting next_dagrun for tutorial_dag to None, run_after=None
[2025-03-27T17:44:06.133+0000] {processor.py:208} INFO - Processing /home/airflow/.local/lib/python3.12/site-packages/airflow/example_dags/tutorial_dag.py took 0.071 seconds
[2025-03-27T17:44:36.660+0000] {processor.py:186} INFO - Started process (PID=812) to work on /home/airflow/.local/lib/python3.12/site-packages/airflow/example_dags/tutorial_dag.py
[2025-03-27T17:44:36.661+0000] {processor.py:914} INFO - Processing file /home/airflow/.local/lib/python3.12/site-packages/airflow/example_dags/tutorial_dag.py for tasks to queue
[2025-03-27T17:44:36.664+0000] {logging_mixin.py:190} INFO - [2025-03-27T17:44:36.663+0000] {dagbag.py:588} INFO - Filling up the DagBag from /home/airflow/.local/lib/python3.12/site-packages/airflow/example_dags/tutorial_dag.py
[2025-03-27T17:44:36.673+0000] {processor.py:925} INFO - DAG(s) 'tutorial_dag' retrieved from /home/airflow/.local/lib/python3.12/site-packages/airflow/example_dags/tutorial_dag.py
[2025-03-27T17:44:36.697+0000] {logging_mixin.py:190} INFO - [2025-03-27T17:44:36.696+0000] {dag.py:3239} INFO - Sync 1 DAGs
[2025-03-27T17:44:36.716+0000] {logging_mixin.py:190} INFO - [2025-03-27T17:44:36.716+0000] {dag.py:4180} INFO - Setting next_dagrun for tutorial_dag to None, run_after=None
[2025-03-27T17:44:36.743+0000] {processor.py:208} INFO - Processing /home/airflow/.local/lib/python3.12/site-packages/airflow/example_dags/tutorial_dag.py took 0.089 seconds
[2025-03-27T17:45:07.377+0000] {processor.py:186} INFO - Started process (PID=876) to work on /home/airflow/.local/lib/python3.12/site-packages/airflow/example_dags/tutorial_dag.py
[2025-03-27T17:45:07.378+0000] {processor.py:914} INFO - Processing file /home/airflow/.local/lib/python3.12/site-packages/airflow/example_dags/tutorial_dag.py for tasks to queue
[2025-03-27T17:45:07.380+0000] {logging_mixin.py:190} INFO - [2025-03-27T17:45:07.380+0000] {dagbag.py:588} INFO - Filling up the DagBag from /home/airflow/.local/lib/python3.12/site-packages/airflow/example_dags/tutorial_dag.py
[2025-03-27T17:45:07.388+0000] {processor.py:925} INFO - DAG(s) 'tutorial_dag' retrieved from /home/airflow/.local/lib/python3.12/site-packages/airflow/example_dags/tutorial_dag.py
[2025-03-27T17:45:07.408+0000] {logging_mixin.py:190} INFO - [2025-03-27T17:45:07.408+0000] {dag.py:3239} INFO - Sync 1 DAGs
[2025-03-27T17:45:07.422+0000] {logging_mixin.py:190} INFO - [2025-03-27T17:45:07.421+0000] {dag.py:4180} INFO - Setting next_dagrun for tutorial_dag to None, run_after=None
[2025-03-27T17:45:07.442+0000] {processor.py:208} INFO - Processing /home/airflow/.local/lib/python3.12/site-packages/airflow/example_dags/tutorial_dag.py took 0.071 seconds
[2025-03-27T17:45:38.708+0000] {processor.py:186} INFO - Started process (PID=939) to work on /home/airflow/.local/lib/python3.12/site-packages/airflow/example_dags/tutorial_dag.py
[2025-03-27T17:45:38.709+0000] {processor.py:914} INFO - Processing file /home/airflow/.local/lib/python3.12/site-packages/airflow/example_dags/tutorial_dag.py for tasks to queue
[2025-03-27T17:45:38.712+0000] {logging_mixin.py:190} INFO - [2025-03-27T17:45:38.711+0000] {dagbag.py:588} INFO - Filling up the DagBag from /home/airflow/.local/lib/python3.12/site-packages/airflow/example_dags/tutorial_dag.py
[2025-03-27T17:45:38.718+0000] {processor.py:925} INFO - DAG(s) 'tutorial_dag' retrieved from /home/airflow/.local/lib/python3.12/site-packages/airflow/example_dags/tutorial_dag.py
[2025-03-27T17:45:38.738+0000] {logging_mixin.py:190} INFO - [2025-03-27T17:45:38.737+0000] {dag.py:3239} INFO - Sync 1 DAGs
[2025-03-27T17:45:38.754+0000] {logging_mixin.py:190} INFO - [2025-03-27T17:45:38.754+0000] {dag.py:4180} INFO - Setting next_dagrun for tutorial_dag to None, run_after=None
[2025-03-27T17:45:38.773+0000] {processor.py:208} INFO - Processing /home/airflow/.local/lib/python3.12/site-packages/airflow/example_dags/tutorial_dag.py took 0.070 seconds
[2025-03-27T17:46:09.835+0000] {processor.py:186} INFO - Started process (PID=1004) to work on /home/airflow/.local/lib/python3.12/site-packages/airflow/example_dags/tutorial_dag.py
[2025-03-27T17:46:09.837+0000] {processor.py:914} INFO - Processing file /home/airflow/.local/lib/python3.12/site-packages/airflow/example_dags/tutorial_dag.py for tasks to queue
[2025-03-27T17:46:09.840+0000] {logging_mixin.py:190} INFO - [2025-03-27T17:46:09.840+0000] {dagbag.py:588} INFO - Filling up the DagBag from /home/airflow/.local/lib/python3.12/site-packages/airflow/example_dags/tutorial_dag.py
[2025-03-27T17:46:09.848+0000] {processor.py:925} INFO - DAG(s) 'tutorial_dag' retrieved from /home/airflow/.local/lib/python3.12/site-packages/airflow/example_dags/tutorial_dag.py
[2025-03-27T17:46:09.871+0000] {logging_mixin.py:190} INFO - [2025-03-27T17:46:09.871+0000] {dag.py:3239} INFO - Sync 1 DAGs
[2025-03-27T17:46:09.886+0000] {logging_mixin.py:190} INFO - [2025-03-27T17:46:09.885+0000] {dag.py:4180} INFO - Setting next_dagrun for tutorial_dag to None, run_after=None
[2025-03-27T17:46:09.906+0000] {processor.py:208} INFO - Processing /home/airflow/.local/lib/python3.12/site-packages/airflow/example_dags/tutorial_dag.py took 0.079 seconds
[2025-03-27T17:46:40.546+0000] {processor.py:186} INFO - Started process (PID=1068) to work on /home/airflow/.local/lib/python3.12/site-packages/airflow/example_dags/tutorial_dag.py
[2025-03-27T17:46:40.547+0000] {processor.py:914} INFO - Processing file /home/airflow/.local/lib/python3.12/site-packages/airflow/example_dags/tutorial_dag.py for tasks to queue
[2025-03-27T17:46:40.549+0000] {logging_mixin.py:190} INFO - [2025-03-27T17:46:40.549+0000] {dagbag.py:588} INFO - Filling up the DagBag from /home/airflow/.local/lib/python3.12/site-packages/airflow/example_dags/tutorial_dag.py
[2025-03-27T17:46:40.555+0000] {processor.py:925} INFO - DAG(s) 'tutorial_dag' retrieved from /home/airflow/.local/lib/python3.12/site-packages/airflow/example_dags/tutorial_dag.py
[2025-03-27T17:46:40.574+0000] {logging_mixin.py:190} INFO - [2025-03-27T17:46:40.574+0000] {dag.py:3239} INFO - Sync 1 DAGs
[2025-03-27T17:46:40.593+0000] {logging_mixin.py:190} INFO - [2025-03-27T17:46:40.592+0000] {dag.py:4180} INFO - Setting next_dagrun for tutorial_dag to None, run_after=None
[2025-03-27T17:46:40.614+0000] {processor.py:208} INFO - Processing /home/airflow/.local/lib/python3.12/site-packages/airflow/example_dags/tutorial_dag.py took 0.074 seconds
[2025-03-27T17:47:11.245+0000] {processor.py:186} INFO - Started process (PID=1132) to work on /home/airflow/.local/lib/python3.12/site-packages/airflow/example_dags/tutorial_dag.py
[2025-03-27T17:47:11.246+0000] {processor.py:914} INFO - Processing file /home/airflow/.local/lib/python3.12/site-packages/airflow/example_dags/tutorial_dag.py for tasks to queue
[2025-03-27T17:47:11.249+0000] {logging_mixin.py:190} INFO - [2025-03-27T17:47:11.248+0000] {dagbag.py:588} INFO - Filling up the DagBag from /home/airflow/.local/lib/python3.12/site-packages/airflow/example_dags/tutorial_dag.py
[2025-03-27T17:47:11.255+0000] {processor.py:925} INFO - DAG(s) 'tutorial_dag' retrieved from /home/airflow/.local/lib/python3.12/site-packages/airflow/example_dags/tutorial_dag.py
[2025-03-27T17:47:11.274+0000] {logging_mixin.py:190} INFO - [2025-03-27T17:47:11.274+0000] {dag.py:3239} INFO - Sync 1 DAGs
[2025-03-27T17:47:11.289+0000] {logging_mixin.py:190} INFO - [2025-03-27T17:47:11.288+0000] {dag.py:4180} INFO - Setting next_dagrun for tutorial_dag to None, run_after=None
[2025-03-27T17:47:11.307+0000] {processor.py:208} INFO - Processing /home/airflow/.local/lib/python3.12/site-packages/airflow/example_dags/tutorial_dag.py took 0.067 seconds
[2025-03-27T17:47:42.461+0000] {processor.py:186} INFO - Started process (PID=1196) to work on /home/airflow/.local/lib/python3.12/site-packages/airflow/example_dags/tutorial_dag.py
[2025-03-27T17:47:42.461+0000] {processor.py:914} INFO - Processing file /home/airflow/.local/lib/python3.12/site-packages/airflow/example_dags/tutorial_dag.py for tasks to queue
[2025-03-27T17:47:42.464+0000] {logging_mixin.py:190} INFO - [2025-03-27T17:47:42.463+0000] {dagbag.py:588} INFO - Filling up the DagBag from /home/airflow/.local/lib/python3.12/site-packages/airflow/example_dags/tutorial_dag.py
[2025-03-27T17:47:42.469+0000] {processor.py:925} INFO - DAG(s) 'tutorial_dag' retrieved from /home/airflow/.local/lib/python3.12/site-packages/airflow/example_dags/tutorial_dag.py
[2025-03-27T17:47:42.487+0000] {logging_mixin.py:190} INFO - [2025-03-27T17:47:42.487+0000] {dag.py:3239} INFO - Sync 1 DAGs
[2025-03-27T17:47:42.500+0000] {logging_mixin.py:190} INFO - [2025-03-27T17:47:42.500+0000] {dag.py:4180} INFO - Setting next_dagrun for tutorial_dag to None, run_after=None
[2025-03-27T17:47:42.516+0000] {processor.py:208} INFO - Processing /home/airflow/.local/lib/python3.12/site-packages/airflow/example_dags/tutorial_dag.py took 0.060 seconds
[2025-03-27T17:48:13.944+0000] {processor.py:186} INFO - Started process (PID=1260) to work on /home/airflow/.local/lib/python3.12/site-packages/airflow/example_dags/tutorial_dag.py
[2025-03-27T17:48:13.946+0000] {processor.py:914} INFO - Processing file /home/airflow/.local/lib/python3.12/site-packages/airflow/example_dags/tutorial_dag.py for tasks to queue
[2025-03-27T17:48:13.948+0000] {logging_mixin.py:190} INFO - [2025-03-27T17:48:13.948+0000] {dagbag.py:588} INFO - Filling up the DagBag from /home/airflow/.local/lib/python3.12/site-packages/airflow/example_dags/tutorial_dag.py
[2025-03-27T17:48:13.956+0000] {processor.py:925} INFO - DAG(s) 'tutorial_dag' retrieved from /home/airflow/.local/lib/python3.12/site-packages/airflow/example_dags/tutorial_dag.py
[2025-03-27T17:48:13.984+0000] {logging_mixin.py:190} INFO - [2025-03-27T17:48:13.984+0000] {dag.py:3239} INFO - Sync 1 DAGs
[2025-03-27T17:48:14.002+0000] {logging_mixin.py:190} INFO - [2025-03-27T17:48:14.001+0000] {dag.py:4180} INFO - Setting next_dagrun for tutorial_dag to None, run_after=None
[2025-03-27T17:48:14.021+0000] {processor.py:208} INFO - Processing /home/airflow/.local/lib/python3.12/site-packages/airflow/example_dags/tutorial_dag.py took 0.083 seconds
[2025-03-27T17:48:44.761+0000] {processor.py:186} INFO - Started process (PID=1323) to work on /home/airflow/.local/lib/python3.12/site-packages/airflow/example_dags/tutorial_dag.py
[2025-03-27T17:48:44.763+0000] {processor.py:914} INFO - Processing file /home/airflow/.local/lib/python3.12/site-packages/airflow/example_dags/tutorial_dag.py for tasks to queue
[2025-03-27T17:48:44.766+0000] {logging_mixin.py:190} INFO - [2025-03-27T17:48:44.766+0000] {dagbag.py:588} INFO - Filling up the DagBag from /home/airflow/.local/lib/python3.12/site-packages/airflow/example_dags/tutorial_dag.py
[2025-03-27T17:48:44.773+0000] {processor.py:925} INFO - DAG(s) 'tutorial_dag' retrieved from /home/airflow/.local/lib/python3.12/site-packages/airflow/example_dags/tutorial_dag.py
[2025-03-27T17:48:44.792+0000] {logging_mixin.py:190} INFO - [2025-03-27T17:48:44.792+0000] {dag.py:3239} INFO - Sync 1 DAGs
[2025-03-27T17:48:44.806+0000] {logging_mixin.py:190} INFO - [2025-03-27T17:48:44.806+0000] {dag.py:4180} INFO - Setting next_dagrun for tutorial_dag to None, run_after=None
[2025-03-27T17:48:44.824+0000] {processor.py:208} INFO - Processing /home/airflow/.local/lib/python3.12/site-packages/airflow/example_dags/tutorial_dag.py took 0.070 seconds
[2025-03-27T17:49:15.895+0000] {processor.py:186} INFO - Started process (PID=1394) to work on /home/airflow/.local/lib/python3.12/site-packages/airflow/example_dags/tutorial_dag.py
[2025-03-27T17:49:15.895+0000] {processor.py:914} INFO - Processing file /home/airflow/.local/lib/python3.12/site-packages/airflow/example_dags/tutorial_dag.py for tasks to queue
[2025-03-27T17:49:15.897+0000] {logging_mixin.py:190} INFO - [2025-03-27T17:49:15.897+0000] {dagbag.py:588} INFO - Filling up the DagBag from /home/airflow/.local/lib/python3.12/site-packages/airflow/example_dags/tutorial_dag.py
[2025-03-27T17:49:15.903+0000] {processor.py:925} INFO - DAG(s) 'tutorial_dag' retrieved from /home/airflow/.local/lib/python3.12/site-packages/airflow/example_dags/tutorial_dag.py
[2025-03-27T17:49:15.921+0000] {logging_mixin.py:190} INFO - [2025-03-27T17:49:15.921+0000] {dag.py:3239} INFO - Sync 1 DAGs
[2025-03-27T17:49:15.936+0000] {logging_mixin.py:190} INFO - [2025-03-27T17:49:15.936+0000] {dag.py:4180} INFO - Setting next_dagrun for tutorial_dag to None, run_after=None
[2025-03-27T17:49:15.953+0000] {processor.py:208} INFO - Processing /home/airflow/.local/lib/python3.12/site-packages/airflow/example_dags/tutorial_dag.py took 0.063 seconds
[2025-03-27T17:49:46.519+0000] {processor.py:186} INFO - Started process (PID=1458) to work on /home/airflow/.local/lib/python3.12/site-packages/airflow/example_dags/tutorial_dag.py
[2025-03-27T17:49:46.520+0000] {processor.py:914} INFO - Processing file /home/airflow/.local/lib/python3.12/site-packages/airflow/example_dags/tutorial_dag.py for tasks to queue
[2025-03-27T17:49:46.523+0000] {logging_mixin.py:190} INFO - [2025-03-27T17:49:46.523+0000] {dagbag.py:588} INFO - Filling up the DagBag from /home/airflow/.local/lib/python3.12/site-packages/airflow/example_dags/tutorial_dag.py
[2025-03-27T17:49:46.530+0000] {processor.py:925} INFO - DAG(s) 'tutorial_dag' retrieved from /home/airflow/.local/lib/python3.12/site-packages/airflow/example_dags/tutorial_dag.py
[2025-03-27T17:49:46.553+0000] {logging_mixin.py:190} INFO - [2025-03-27T17:49:46.552+0000] {dag.py:3239} INFO - Sync 1 DAGs
[2025-03-27T17:49:46.569+0000] {logging_mixin.py:190} INFO - [2025-03-27T17:49:46.569+0000] {dag.py:4180} INFO - Setting next_dagrun for tutorial_dag to None, run_after=None
[2025-03-27T17:49:46.592+0000] {processor.py:208} INFO - Processing /home/airflow/.local/lib/python3.12/site-packages/airflow/example_dags/tutorial_dag.py took 0.078 seconds
[2025-03-27T17:50:17.633+0000] {processor.py:186} INFO - Started process (PID=1521) to work on /home/airflow/.local/lib/python3.12/site-packages/airflow/example_dags/tutorial_dag.py
[2025-03-27T17:50:17.634+0000] {processor.py:914} INFO - Processing file /home/airflow/.local/lib/python3.12/site-packages/airflow/example_dags/tutorial_dag.py for tasks to queue
[2025-03-27T17:50:17.636+0000] {logging_mixin.py:190} INFO - [2025-03-27T17:50:17.636+0000] {dagbag.py:588} INFO - Filling up the DagBag from /home/airflow/.local/lib/python3.12/site-packages/airflow/example_dags/tutorial_dag.py
[2025-03-27T17:50:17.642+0000] {processor.py:925} INFO - DAG(s) 'tutorial_dag' retrieved from /home/airflow/.local/lib/python3.12/site-packages/airflow/example_dags/tutorial_dag.py
[2025-03-27T17:50:17.663+0000] {logging_mixin.py:190} INFO - [2025-03-27T17:50:17.663+0000] {dag.py:3239} INFO - Sync 1 DAGs
[2025-03-27T17:50:17.677+0000] {logging_mixin.py:190} INFO - [2025-03-27T17:50:17.677+0000] {dag.py:4180} INFO - Setting next_dagrun for tutorial_dag to None, run_after=None
[2025-03-27T17:50:17.695+0000] {processor.py:208} INFO - Processing /home/airflow/.local/lib/python3.12/site-packages/airflow/example_dags/tutorial_dag.py took 0.068 seconds
[2025-03-27T17:50:48.416+0000] {processor.py:186} INFO - Started process (PID=1586) to work on /home/airflow/.local/lib/python3.12/site-packages/airflow/example_dags/tutorial_dag.py
[2025-03-27T17:50:48.417+0000] {processor.py:914} INFO - Processing file /home/airflow/.local/lib/python3.12/site-packages/airflow/example_dags/tutorial_dag.py for tasks to queue
[2025-03-27T17:50:48.420+0000] {logging_mixin.py:190} INFO - [2025-03-27T17:50:48.419+0000] {dagbag.py:588} INFO - Filling up the DagBag from /home/airflow/.local/lib/python3.12/site-packages/airflow/example_dags/tutorial_dag.py
[2025-03-27T17:50:48.426+0000] {processor.py:925} INFO - DAG(s) 'tutorial_dag' retrieved from /home/airflow/.local/lib/python3.12/site-packages/airflow/example_dags/tutorial_dag.py
[2025-03-27T17:50:48.449+0000] {logging_mixin.py:190} INFO - [2025-03-27T17:50:48.449+0000] {dag.py:3239} INFO - Sync 1 DAGs
[2025-03-27T17:50:48.462+0000] {logging_mixin.py:190} INFO - [2025-03-27T17:50:48.462+0000] {dag.py:4180} INFO - Setting next_dagrun for tutorial_dag to None, run_after=None
[2025-03-27T17:50:48.477+0000] {processor.py:208} INFO - Processing /home/airflow/.local/lib/python3.12/site-packages/airflow/example_dags/tutorial_dag.py took 0.067 seconds
[2025-03-27T17:51:19.650+0000] {processor.py:186} INFO - Started process (PID=1649) to work on /home/airflow/.local/lib/python3.12/site-packages/airflow/example_dags/tutorial_dag.py
[2025-03-27T17:51:19.651+0000] {processor.py:914} INFO - Processing file /home/airflow/.local/lib/python3.12/site-packages/airflow/example_dags/tutorial_dag.py for tasks to queue
[2025-03-27T17:51:19.654+0000] {logging_mixin.py:190} INFO - [2025-03-27T17:51:19.653+0000] {dagbag.py:588} INFO - Filling up the DagBag from /home/airflow/.local/lib/python3.12/site-packages/airflow/example_dags/tutorial_dag.py
[2025-03-27T17:51:19.662+0000] {processor.py:925} INFO - DAG(s) 'tutorial_dag' retrieved from /home/airflow/.local/lib/python3.12/site-packages/airflow/example_dags/tutorial_dag.py
[2025-03-27T17:51:19.698+0000] {logging_mixin.py:190} INFO - [2025-03-27T17:51:19.697+0000] {dag.py:3239} INFO - Sync 1 DAGs
[2025-03-27T17:51:19.722+0000] {logging_mixin.py:190} INFO - [2025-03-27T17:51:19.721+0000] {dag.py:4180} INFO - Setting next_dagrun for tutorial_dag to None, run_after=None
[2025-03-27T17:51:19.755+0000] {processor.py:208} INFO - Processing /home/airflow/.local/lib/python3.12/site-packages/airflow/example_dags/tutorial_dag.py took 0.111 seconds
[2025-03-27T17:51:51.134+0000] {processor.py:186} INFO - Started process (PID=1713) to work on /home/airflow/.local/lib/python3.12/site-packages/airflow/example_dags/tutorial_dag.py
[2025-03-27T17:51:51.135+0000] {processor.py:914} INFO - Processing file /home/airflow/.local/lib/python3.12/site-packages/airflow/example_dags/tutorial_dag.py for tasks to queue
[2025-03-27T17:51:51.138+0000] {logging_mixin.py:190} INFO - [2025-03-27T17:51:51.138+0000] {dagbag.py:588} INFO - Filling up the DagBag from /home/airflow/.local/lib/python3.12/site-packages/airflow/example_dags/tutorial_dag.py
[2025-03-27T17:51:51.148+0000] {processor.py:925} INFO - DAG(s) 'tutorial_dag' retrieved from /home/airflow/.local/lib/python3.12/site-packages/airflow/example_dags/tutorial_dag.py
[2025-03-27T17:51:51.172+0000] {logging_mixin.py:190} INFO - [2025-03-27T17:51:51.171+0000] {dag.py:3239} INFO - Sync 1 DAGs
[2025-03-27T17:51:51.190+0000] {logging_mixin.py:190} INFO - [2025-03-27T17:51:51.190+0000] {dag.py:4180} INFO - Setting next_dagrun for tutorial_dag to None, run_after=None
[2025-03-27T17:51:51.214+0000] {processor.py:208} INFO - Processing /home/airflow/.local/lib/python3.12/site-packages/airflow/example_dags/tutorial_dag.py took 0.086 seconds
[2025-03-27T17:52:21.988+0000] {processor.py:186} INFO - Started process (PID=1777) to work on /home/airflow/.local/lib/python3.12/site-packages/airflow/example_dags/tutorial_dag.py
[2025-03-27T17:52:21.990+0000] {processor.py:914} INFO - Processing file /home/airflow/.local/lib/python3.12/site-packages/airflow/example_dags/tutorial_dag.py for tasks to queue
[2025-03-27T17:52:21.994+0000] {logging_mixin.py:190} INFO - [2025-03-27T17:52:21.993+0000] {dagbag.py:588} INFO - Filling up the DagBag from /home/airflow/.local/lib/python3.12/site-packages/airflow/example_dags/tutorial_dag.py
[2025-03-27T17:52:22.007+0000] {processor.py:925} INFO - DAG(s) 'tutorial_dag' retrieved from /home/airflow/.local/lib/python3.12/site-packages/airflow/example_dags/tutorial_dag.py
[2025-03-27T17:52:22.046+0000] {logging_mixin.py:190} INFO - [2025-03-27T17:52:22.046+0000] {dag.py:3239} INFO - Sync 1 DAGs
[2025-03-27T17:52:22.070+0000] {logging_mixin.py:190} INFO - [2025-03-27T17:52:22.069+0000] {dag.py:4180} INFO - Setting next_dagrun for tutorial_dag to None, run_after=None
[2025-03-27T17:52:22.102+0000] {processor.py:208} INFO - Processing /home/airflow/.local/lib/python3.12/site-packages/airflow/example_dags/tutorial_dag.py took 0.125 seconds
[2025-03-27T17:52:53.093+0000] {processor.py:186} INFO - Started process (PID=1841) to work on /home/airflow/.local/lib/python3.12/site-packages/airflow/example_dags/tutorial_dag.py
[2025-03-27T17:52:53.094+0000] {processor.py:914} INFO - Processing file /home/airflow/.local/lib/python3.12/site-packages/airflow/example_dags/tutorial_dag.py for tasks to queue
[2025-03-27T17:52:53.097+0000] {logging_mixin.py:190} INFO - [2025-03-27T17:52:53.096+0000] {dagbag.py:588} INFO - Filling up the DagBag from /home/airflow/.local/lib/python3.12/site-packages/airflow/example_dags/tutorial_dag.py
[2025-03-27T17:52:53.108+0000] {processor.py:925} INFO - DAG(s) 'tutorial_dag' retrieved from /home/airflow/.local/lib/python3.12/site-packages/airflow/example_dags/tutorial_dag.py
[2025-03-27T17:52:53.138+0000] {logging_mixin.py:190} INFO - [2025-03-27T17:52:53.138+0000] {dag.py:3239} INFO - Sync 1 DAGs
[2025-03-27T17:52:53.161+0000] {logging_mixin.py:190} INFO - [2025-03-27T17:52:53.160+0000] {dag.py:4180} INFO - Setting next_dagrun for tutorial_dag to None, run_after=None
[2025-03-27T17:52:53.185+0000] {processor.py:208} INFO - Processing /home/airflow/.local/lib/python3.12/site-packages/airflow/example_dags/tutorial_dag.py took 0.100 seconds
