[2025-03-27T17:38:54.608+0000] {processor.py:186} INFO - Started process (PID=98) to work on /home/airflow/.local/lib/python3.12/site-packages/airflow/example_dags/tutorial_taskflow_api.py
[2025-03-27T17:38:54.610+0000] {processor.py:914} INFO - Processing file /home/airflow/.local/lib/python3.12/site-packages/airflow/example_dags/tutorial_taskflow_api.py for tasks to queue
[2025-03-27T17:38:54.612+0000] {logging_mixin.py:190} INFO - [2025-03-27T17:38:54.612+0000] {dagbag.py:588} INFO - Filling up the DagBag from /home/airflow/.local/lib/python3.12/site-packages/airflow/example_dags/tutorial_taskflow_api.py
[2025-03-27T17:38:54.625+0000] {processor.py:925} INFO - DAG(s) 'tutorial_taskflow_api' retrieved from /home/airflow/.local/lib/python3.12/site-packages/airflow/example_dags/tutorial_taskflow_api.py
[2025-03-27T17:38:54.648+0000] {logging_mixin.py:190} INFO - [2025-03-27T17:38:54.647+0000] {dag.py:3239} INFO - Sync 1 DAGs
[2025-03-27T17:38:54.664+0000] {logging_mixin.py:190} INFO - [2025-03-27T17:38:54.664+0000] {dag.py:4180} INFO - Setting next_dagrun for tutorial_taskflow_api to None, run_after=None
[2025-03-27T17:38:54.685+0000] {processor.py:208} INFO - Processing /home/airflow/.local/lib/python3.12/site-packages/airflow/example_dags/tutorial_taskflow_api.py took 0.083 seconds
[2025-03-27T17:39:26.191+0000] {processor.py:186} INFO - Started process (PID=162) to work on /home/airflow/.local/lib/python3.12/site-packages/airflow/example_dags/tutorial_taskflow_api.py
[2025-03-27T17:39:26.192+0000] {processor.py:914} INFO - Processing file /home/airflow/.local/lib/python3.12/site-packages/airflow/example_dags/tutorial_taskflow_api.py for tasks to queue
[2025-03-27T17:39:26.194+0000] {logging_mixin.py:190} INFO - [2025-03-27T17:39:26.193+0000] {dagbag.py:588} INFO - Filling up the DagBag from /home/airflow/.local/lib/python3.12/site-packages/airflow/example_dags/tutorial_taskflow_api.py
[2025-03-27T17:39:26.201+0000] {processor.py:925} INFO - DAG(s) 'tutorial_taskflow_api' retrieved from /home/airflow/.local/lib/python3.12/site-packages/airflow/example_dags/tutorial_taskflow_api.py
[2025-03-27T17:39:26.219+0000] {logging_mixin.py:190} INFO - [2025-03-27T17:39:26.218+0000] {dag.py:3239} INFO - Sync 1 DAGs
[2025-03-27T17:39:26.231+0000] {logging_mixin.py:190} INFO - [2025-03-27T17:39:26.231+0000] {dag.py:4180} INFO - Setting next_dagrun for tutorial_taskflow_api to None, run_after=None
[2025-03-27T17:39:26.248+0000] {processor.py:208} INFO - Processing /home/airflow/.local/lib/python3.12/site-packages/airflow/example_dags/tutorial_taskflow_api.py took 0.063 seconds
[2025-03-27T17:39:57.716+0000] {processor.py:186} INFO - Started process (PID=226) to work on /home/airflow/.local/lib/python3.12/site-packages/airflow/example_dags/tutorial_taskflow_api.py
[2025-03-27T17:39:57.717+0000] {processor.py:914} INFO - Processing file /home/airflow/.local/lib/python3.12/site-packages/airflow/example_dags/tutorial_taskflow_api.py for tasks to queue
[2025-03-27T17:39:57.720+0000] {logging_mixin.py:190} INFO - [2025-03-27T17:39:57.720+0000] {dagbag.py:588} INFO - Filling up the DagBag from /home/airflow/.local/lib/python3.12/site-packages/airflow/example_dags/tutorial_taskflow_api.py
[2025-03-27T17:39:57.729+0000] {processor.py:925} INFO - DAG(s) 'tutorial_taskflow_api' retrieved from /home/airflow/.local/lib/python3.12/site-packages/airflow/example_dags/tutorial_taskflow_api.py
[2025-03-27T17:39:57.747+0000] {logging_mixin.py:190} INFO - [2025-03-27T17:39:57.746+0000] {dag.py:3239} INFO - Sync 1 DAGs
[2025-03-27T17:39:57.759+0000] {logging_mixin.py:190} INFO - [2025-03-27T17:39:57.758+0000] {dag.py:4180} INFO - Setting next_dagrun for tutorial_taskflow_api to None, run_after=None
[2025-03-27T17:39:57.779+0000] {processor.py:208} INFO - Processing /home/airflow/.local/lib/python3.12/site-packages/airflow/example_dags/tutorial_taskflow_api.py took 0.068 seconds
[2025-03-27T17:40:29.025+0000] {processor.py:186} INFO - Started process (PID=290) to work on /home/airflow/.local/lib/python3.12/site-packages/airflow/example_dags/tutorial_taskflow_api.py
[2025-03-27T17:40:29.026+0000] {processor.py:914} INFO - Processing file /home/airflow/.local/lib/python3.12/site-packages/airflow/example_dags/tutorial_taskflow_api.py for tasks to queue
[2025-03-27T17:40:29.028+0000] {logging_mixin.py:190} INFO - [2025-03-27T17:40:29.027+0000] {dagbag.py:588} INFO - Filling up the DagBag from /home/airflow/.local/lib/python3.12/site-packages/airflow/example_dags/tutorial_taskflow_api.py
[2025-03-27T17:40:29.035+0000] {processor.py:925} INFO - DAG(s) 'tutorial_taskflow_api' retrieved from /home/airflow/.local/lib/python3.12/site-packages/airflow/example_dags/tutorial_taskflow_api.py
[2025-03-27T17:40:29.052+0000] {logging_mixin.py:190} INFO - [2025-03-27T17:40:29.051+0000] {dag.py:3239} INFO - Sync 1 DAGs
[2025-03-27T17:40:29.065+0000] {logging_mixin.py:190} INFO - [2025-03-27T17:40:29.064+0000] {dag.py:4180} INFO - Setting next_dagrun for tutorial_taskflow_api to None, run_after=None
[2025-03-27T17:40:29.081+0000] {processor.py:208} INFO - Processing /home/airflow/.local/lib/python3.12/site-packages/airflow/example_dags/tutorial_taskflow_api.py took 0.063 seconds
[2025-03-27T17:41:00.375+0000] {processor.py:186} INFO - Started process (PID=354) to work on /home/airflow/.local/lib/python3.12/site-packages/airflow/example_dags/tutorial_taskflow_api.py
[2025-03-27T17:41:00.376+0000] {processor.py:914} INFO - Processing file /home/airflow/.local/lib/python3.12/site-packages/airflow/example_dags/tutorial_taskflow_api.py for tasks to queue
[2025-03-27T17:41:00.378+0000] {logging_mixin.py:190} INFO - [2025-03-27T17:41:00.378+0000] {dagbag.py:588} INFO - Filling up the DagBag from /home/airflow/.local/lib/python3.12/site-packages/airflow/example_dags/tutorial_taskflow_api.py
[2025-03-27T17:41:00.386+0000] {processor.py:925} INFO - DAG(s) 'tutorial_taskflow_api' retrieved from /home/airflow/.local/lib/python3.12/site-packages/airflow/example_dags/tutorial_taskflow_api.py
[2025-03-27T17:41:00.406+0000] {logging_mixin.py:190} INFO - [2025-03-27T17:41:00.406+0000] {dag.py:3239} INFO - Sync 1 DAGs
[2025-03-27T17:41:00.423+0000] {logging_mixin.py:190} INFO - [2025-03-27T17:41:00.423+0000] {dag.py:4180} INFO - Setting next_dagrun for tutorial_taskflow_api to None, run_after=None
[2025-03-27T17:41:00.447+0000] {processor.py:208} INFO - Processing /home/airflow/.local/lib/python3.12/site-packages/airflow/example_dags/tutorial_taskflow_api.py took 0.078 seconds
[2025-03-27T17:41:31.543+0000] {processor.py:186} INFO - Started process (PID=418) to work on /home/airflow/.local/lib/python3.12/site-packages/airflow/example_dags/tutorial_taskflow_api.py
[2025-03-27T17:41:31.544+0000] {processor.py:914} INFO - Processing file /home/airflow/.local/lib/python3.12/site-packages/airflow/example_dags/tutorial_taskflow_api.py for tasks to queue
[2025-03-27T17:41:31.546+0000] {logging_mixin.py:190} INFO - [2025-03-27T17:41:31.545+0000] {dagbag.py:588} INFO - Filling up the DagBag from /home/airflow/.local/lib/python3.12/site-packages/airflow/example_dags/tutorial_taskflow_api.py
[2025-03-27T17:41:31.554+0000] {processor.py:925} INFO - DAG(s) 'tutorial_taskflow_api' retrieved from /home/airflow/.local/lib/python3.12/site-packages/airflow/example_dags/tutorial_taskflow_api.py
[2025-03-27T17:41:31.575+0000] {logging_mixin.py:190} INFO - [2025-03-27T17:41:31.575+0000] {dag.py:3239} INFO - Sync 1 DAGs
[2025-03-27T17:41:31.587+0000] {logging_mixin.py:190} INFO - [2025-03-27T17:41:31.586+0000] {dag.py:4180} INFO - Setting next_dagrun for tutorial_taskflow_api to None, run_after=None
[2025-03-27T17:41:31.602+0000] {processor.py:208} INFO - Processing /home/airflow/.local/lib/python3.12/site-packages/airflow/example_dags/tutorial_taskflow_api.py took 0.064 seconds
[2025-03-27T17:42:02.234+0000] {processor.py:186} INFO - Started process (PID=482) to work on /home/airflow/.local/lib/python3.12/site-packages/airflow/example_dags/tutorial_taskflow_api.py
[2025-03-27T17:42:02.235+0000] {processor.py:914} INFO - Processing file /home/airflow/.local/lib/python3.12/site-packages/airflow/example_dags/tutorial_taskflow_api.py for tasks to queue
[2025-03-27T17:42:02.237+0000] {logging_mixin.py:190} INFO - [2025-03-27T17:42:02.237+0000] {dagbag.py:588} INFO - Filling up the DagBag from /home/airflow/.local/lib/python3.12/site-packages/airflow/example_dags/tutorial_taskflow_api.py
[2025-03-27T17:42:02.246+0000] {processor.py:925} INFO - DAG(s) 'tutorial_taskflow_api' retrieved from /home/airflow/.local/lib/python3.12/site-packages/airflow/example_dags/tutorial_taskflow_api.py
[2025-03-27T17:42:02.265+0000] {logging_mixin.py:190} INFO - [2025-03-27T17:42:02.265+0000] {dag.py:3239} INFO - Sync 1 DAGs
[2025-03-27T17:42:02.282+0000] {logging_mixin.py:190} INFO - [2025-03-27T17:42:02.282+0000] {dag.py:4180} INFO - Setting next_dagrun for tutorial_taskflow_api to None, run_after=None
[2025-03-27T17:42:02.303+0000] {processor.py:208} INFO - Processing /home/airflow/.local/lib/python3.12/site-packages/airflow/example_dags/tutorial_taskflow_api.py took 0.075 seconds
[2025-03-27T17:42:33.445+0000] {processor.py:186} INFO - Started process (PID=546) to work on /home/airflow/.local/lib/python3.12/site-packages/airflow/example_dags/tutorial_taskflow_api.py
[2025-03-27T17:42:33.446+0000] {processor.py:914} INFO - Processing file /home/airflow/.local/lib/python3.12/site-packages/airflow/example_dags/tutorial_taskflow_api.py for tasks to queue
[2025-03-27T17:42:33.449+0000] {logging_mixin.py:190} INFO - [2025-03-27T17:42:33.448+0000] {dagbag.py:588} INFO - Filling up the DagBag from /home/airflow/.local/lib/python3.12/site-packages/airflow/example_dags/tutorial_taskflow_api.py
[2025-03-27T17:42:33.458+0000] {processor.py:925} INFO - DAG(s) 'tutorial_taskflow_api' retrieved from /home/airflow/.local/lib/python3.12/site-packages/airflow/example_dags/tutorial_taskflow_api.py
[2025-03-27T17:42:33.477+0000] {logging_mixin.py:190} INFO - [2025-03-27T17:42:33.476+0000] {dag.py:3239} INFO - Sync 1 DAGs
[2025-03-27T17:42:33.491+0000] {logging_mixin.py:190} INFO - [2025-03-27T17:42:33.491+0000] {dag.py:4180} INFO - Setting next_dagrun for tutorial_taskflow_api to None, run_after=None
[2025-03-27T17:42:33.508+0000] {processor.py:208} INFO - Processing /home/airflow/.local/lib/python3.12/site-packages/airflow/example_dags/tutorial_taskflow_api.py took 0.070 seconds
[2025-03-27T17:43:04.646+0000] {processor.py:186} INFO - Started process (PID=612) to work on /home/airflow/.local/lib/python3.12/site-packages/airflow/example_dags/tutorial_taskflow_api.py
[2025-03-27T17:43:04.647+0000] {processor.py:914} INFO - Processing file /home/airflow/.local/lib/python3.12/site-packages/airflow/example_dags/tutorial_taskflow_api.py for tasks to queue
[2025-03-27T17:43:04.649+0000] {logging_mixin.py:190} INFO - [2025-03-27T17:43:04.649+0000] {dagbag.py:588} INFO - Filling up the DagBag from /home/airflow/.local/lib/python3.12/site-packages/airflow/example_dags/tutorial_taskflow_api.py
[2025-03-27T17:43:04.657+0000] {processor.py:925} INFO - DAG(s) 'tutorial_taskflow_api' retrieved from /home/airflow/.local/lib/python3.12/site-packages/airflow/example_dags/tutorial_taskflow_api.py
[2025-03-27T17:43:04.677+0000] {logging_mixin.py:190} INFO - [2025-03-27T17:43:04.677+0000] {dag.py:3239} INFO - Sync 1 DAGs
[2025-03-27T17:43:04.695+0000] {logging_mixin.py:190} INFO - [2025-03-27T17:43:04.695+0000] {dag.py:4180} INFO - Setting next_dagrun for tutorial_taskflow_api to None, run_after=None
[2025-03-27T17:43:04.715+0000] {processor.py:208} INFO - Processing /home/airflow/.local/lib/python3.12/site-packages/airflow/example_dags/tutorial_taskflow_api.py took 0.075 seconds
[2025-03-27T17:43:35.706+0000] {processor.py:186} INFO - Started process (PID=676) to work on /home/airflow/.local/lib/python3.12/site-packages/airflow/example_dags/tutorial_taskflow_api.py
[2025-03-27T17:43:35.707+0000] {processor.py:914} INFO - Processing file /home/airflow/.local/lib/python3.12/site-packages/airflow/example_dags/tutorial_taskflow_api.py for tasks to queue
[2025-03-27T17:43:35.710+0000] {logging_mixin.py:190} INFO - [2025-03-27T17:43:35.710+0000] {dagbag.py:588} INFO - Filling up the DagBag from /home/airflow/.local/lib/python3.12/site-packages/airflow/example_dags/tutorial_taskflow_api.py
[2025-03-27T17:43:35.720+0000] {processor.py:925} INFO - DAG(s) 'tutorial_taskflow_api' retrieved from /home/airflow/.local/lib/python3.12/site-packages/airflow/example_dags/tutorial_taskflow_api.py
[2025-03-27T17:43:35.742+0000] {logging_mixin.py:190} INFO - [2025-03-27T17:43:35.742+0000] {dag.py:3239} INFO - Sync 1 DAGs
[2025-03-27T17:43:35.758+0000] {logging_mixin.py:190} INFO - [2025-03-27T17:43:35.758+0000] {dag.py:4180} INFO - Setting next_dagrun for tutorial_taskflow_api to None, run_after=None
[2025-03-27T17:43:35.782+0000] {processor.py:208} INFO - Processing /home/airflow/.local/lib/python3.12/site-packages/airflow/example_dags/tutorial_taskflow_api.py took 0.084 seconds
[2025-03-27T17:44:05.961+0000] {processor.py:186} INFO - Started process (PID=739) to work on /home/airflow/.local/lib/python3.12/site-packages/airflow/example_dags/tutorial_taskflow_api.py
[2025-03-27T17:44:05.962+0000] {processor.py:914} INFO - Processing file /home/airflow/.local/lib/python3.12/site-packages/airflow/example_dags/tutorial_taskflow_api.py for tasks to queue
[2025-03-27T17:44:05.964+0000] {logging_mixin.py:190} INFO - [2025-03-27T17:44:05.964+0000] {dagbag.py:588} INFO - Filling up the DagBag from /home/airflow/.local/lib/python3.12/site-packages/airflow/example_dags/tutorial_taskflow_api.py
[2025-03-27T17:44:05.971+0000] {processor.py:925} INFO - DAG(s) 'tutorial_taskflow_api' retrieved from /home/airflow/.local/lib/python3.12/site-packages/airflow/example_dags/tutorial_taskflow_api.py
[2025-03-27T17:44:05.991+0000] {logging_mixin.py:190} INFO - [2025-03-27T17:44:05.991+0000] {dag.py:3239} INFO - Sync 1 DAGs
[2025-03-27T17:44:06.007+0000] {logging_mixin.py:190} INFO - [2025-03-27T17:44:06.007+0000] {dag.py:4180} INFO - Setting next_dagrun for tutorial_taskflow_api to None, run_after=None
[2025-03-27T17:44:06.027+0000] {processor.py:208} INFO - Processing /home/airflow/.local/lib/python3.12/site-packages/airflow/example_dags/tutorial_taskflow_api.py took 0.072 seconds
[2025-03-27T17:44:36.554+0000] {processor.py:186} INFO - Started process (PID=811) to work on /home/airflow/.local/lib/python3.12/site-packages/airflow/example_dags/tutorial_taskflow_api.py
[2025-03-27T17:44:36.555+0000] {processor.py:914} INFO - Processing file /home/airflow/.local/lib/python3.12/site-packages/airflow/example_dags/tutorial_taskflow_api.py for tasks to queue
[2025-03-27T17:44:36.557+0000] {logging_mixin.py:190} INFO - [2025-03-27T17:44:36.557+0000] {dagbag.py:588} INFO - Filling up the DagBag from /home/airflow/.local/lib/python3.12/site-packages/airflow/example_dags/tutorial_taskflow_api.py
[2025-03-27T17:44:36.565+0000] {processor.py:925} INFO - DAG(s) 'tutorial_taskflow_api' retrieved from /home/airflow/.local/lib/python3.12/site-packages/airflow/example_dags/tutorial_taskflow_api.py
[2025-03-27T17:44:36.585+0000] {logging_mixin.py:190} INFO - [2025-03-27T17:44:36.585+0000] {dag.py:3239} INFO - Sync 1 DAGs
[2025-03-27T17:44:36.600+0000] {logging_mixin.py:190} INFO - [2025-03-27T17:44:36.600+0000] {dag.py:4180} INFO - Setting next_dagrun for tutorial_taskflow_api to None, run_after=None
[2025-03-27T17:44:36.621+0000] {processor.py:208} INFO - Processing /home/airflow/.local/lib/python3.12/site-packages/airflow/example_dags/tutorial_taskflow_api.py took 0.073 seconds
[2025-03-27T17:45:07.047+0000] {processor.py:186} INFO - Started process (PID=874) to work on /home/airflow/.local/lib/python3.12/site-packages/airflow/example_dags/tutorial_taskflow_api.py
[2025-03-27T17:45:07.048+0000] {processor.py:914} INFO - Processing file /home/airflow/.local/lib/python3.12/site-packages/airflow/example_dags/tutorial_taskflow_api.py for tasks to queue
[2025-03-27T17:45:07.050+0000] {logging_mixin.py:190} INFO - [2025-03-27T17:45:07.050+0000] {dagbag.py:588} INFO - Filling up the DagBag from /home/airflow/.local/lib/python3.12/site-packages/airflow/example_dags/tutorial_taskflow_api.py
[2025-03-27T17:45:07.057+0000] {processor.py:925} INFO - DAG(s) 'tutorial_taskflow_api' retrieved from /home/airflow/.local/lib/python3.12/site-packages/airflow/example_dags/tutorial_taskflow_api.py
[2025-03-27T17:45:07.078+0000] {logging_mixin.py:190} INFO - [2025-03-27T17:45:07.077+0000] {dag.py:3239} INFO - Sync 1 DAGs
[2025-03-27T17:45:07.094+0000] {logging_mixin.py:190} INFO - [2025-03-27T17:45:07.093+0000] {dag.py:4180} INFO - Setting next_dagrun for tutorial_taskflow_api to None, run_after=None
[2025-03-27T17:45:07.121+0000] {processor.py:208} INFO - Processing /home/airflow/.local/lib/python3.12/site-packages/airflow/example_dags/tutorial_taskflow_api.py took 0.080 seconds
[2025-03-27T17:45:38.608+0000] {processor.py:186} INFO - Started process (PID=938) to work on /home/airflow/.local/lib/python3.12/site-packages/airflow/example_dags/tutorial_taskflow_api.py
[2025-03-27T17:45:38.608+0000] {processor.py:914} INFO - Processing file /home/airflow/.local/lib/python3.12/site-packages/airflow/example_dags/tutorial_taskflow_api.py for tasks to queue
[2025-03-27T17:45:38.610+0000] {logging_mixin.py:190} INFO - [2025-03-27T17:45:38.610+0000] {dagbag.py:588} INFO - Filling up the DagBag from /home/airflow/.local/lib/python3.12/site-packages/airflow/example_dags/tutorial_taskflow_api.py
[2025-03-27T17:45:38.618+0000] {processor.py:925} INFO - DAG(s) 'tutorial_taskflow_api' retrieved from /home/airflow/.local/lib/python3.12/site-packages/airflow/example_dags/tutorial_taskflow_api.py
[2025-03-27T17:45:38.639+0000] {logging_mixin.py:190} INFO - [2025-03-27T17:45:38.639+0000] {dag.py:3239} INFO - Sync 1 DAGs
[2025-03-27T17:45:38.653+0000] {logging_mixin.py:190} INFO - [2025-03-27T17:45:38.652+0000] {dag.py:4180} INFO - Setting next_dagrun for tutorial_taskflow_api to None, run_after=None
[2025-03-27T17:45:38.670+0000] {processor.py:208} INFO - Processing /home/airflow/.local/lib/python3.12/site-packages/airflow/example_dags/tutorial_taskflow_api.py took 0.067 seconds
[2025-03-27T17:46:09.719+0000] {processor.py:186} INFO - Started process (PID=1003) to work on /home/airflow/.local/lib/python3.12/site-packages/airflow/example_dags/tutorial_taskflow_api.py
[2025-03-27T17:46:09.720+0000] {processor.py:914} INFO - Processing file /home/airflow/.local/lib/python3.12/site-packages/airflow/example_dags/tutorial_taskflow_api.py for tasks to queue
[2025-03-27T17:46:09.722+0000] {logging_mixin.py:190} INFO - [2025-03-27T17:46:09.722+0000] {dagbag.py:588} INFO - Filling up the DagBag from /home/airflow/.local/lib/python3.12/site-packages/airflow/example_dags/tutorial_taskflow_api.py
[2025-03-27T17:46:09.730+0000] {processor.py:925} INFO - DAG(s) 'tutorial_taskflow_api' retrieved from /home/airflow/.local/lib/python3.12/site-packages/airflow/example_dags/tutorial_taskflow_api.py
[2025-03-27T17:46:09.751+0000] {logging_mixin.py:190} INFO - [2025-03-27T17:46:09.751+0000] {dag.py:3239} INFO - Sync 1 DAGs
[2025-03-27T17:46:09.767+0000] {logging_mixin.py:190} INFO - [2025-03-27T17:46:09.767+0000] {dag.py:4180} INFO - Setting next_dagrun for tutorial_taskflow_api to None, run_after=None
[2025-03-27T17:46:09.789+0000] {processor.py:208} INFO - Processing /home/airflow/.local/lib/python3.12/site-packages/airflow/example_dags/tutorial_taskflow_api.py took 0.075 seconds
[2025-03-27T17:46:40.445+0000] {processor.py:186} INFO - Started process (PID=1067) to work on /home/airflow/.local/lib/python3.12/site-packages/airflow/example_dags/tutorial_taskflow_api.py
[2025-03-27T17:46:40.446+0000] {processor.py:914} INFO - Processing file /home/airflow/.local/lib/python3.12/site-packages/airflow/example_dags/tutorial_taskflow_api.py for tasks to queue
[2025-03-27T17:46:40.449+0000] {logging_mixin.py:190} INFO - [2025-03-27T17:46:40.448+0000] {dagbag.py:588} INFO - Filling up the DagBag from /home/airflow/.local/lib/python3.12/site-packages/airflow/example_dags/tutorial_taskflow_api.py
[2025-03-27T17:46:40.455+0000] {processor.py:925} INFO - DAG(s) 'tutorial_taskflow_api' retrieved from /home/airflow/.local/lib/python3.12/site-packages/airflow/example_dags/tutorial_taskflow_api.py
[2025-03-27T17:46:40.475+0000] {logging_mixin.py:190} INFO - [2025-03-27T17:46:40.475+0000] {dag.py:3239} INFO - Sync 1 DAGs
[2025-03-27T17:46:40.489+0000] {logging_mixin.py:190} INFO - [2025-03-27T17:46:40.488+0000] {dag.py:4180} INFO - Setting next_dagrun for tutorial_taskflow_api to None, run_after=None
[2025-03-27T17:46:40.504+0000] {processor.py:208} INFO - Processing /home/airflow/.local/lib/python3.12/site-packages/airflow/example_dags/tutorial_taskflow_api.py took 0.065 seconds
[2025-03-27T17:47:11.154+0000] {processor.py:186} INFO - Started process (PID=1131) to work on /home/airflow/.local/lib/python3.12/site-packages/airflow/example_dags/tutorial_taskflow_api.py
[2025-03-27T17:47:11.155+0000] {processor.py:914} INFO - Processing file /home/airflow/.local/lib/python3.12/site-packages/airflow/example_dags/tutorial_taskflow_api.py for tasks to queue
[2025-03-27T17:47:11.158+0000] {logging_mixin.py:190} INFO - [2025-03-27T17:47:11.157+0000] {dagbag.py:588} INFO - Filling up the DagBag from /home/airflow/.local/lib/python3.12/site-packages/airflow/example_dags/tutorial_taskflow_api.py
[2025-03-27T17:47:11.165+0000] {processor.py:925} INFO - DAG(s) 'tutorial_taskflow_api' retrieved from /home/airflow/.local/lib/python3.12/site-packages/airflow/example_dags/tutorial_taskflow_api.py
[2025-03-27T17:47:11.184+0000] {logging_mixin.py:190} INFO - [2025-03-27T17:47:11.183+0000] {dag.py:3239} INFO - Sync 1 DAGs
[2025-03-27T17:47:11.197+0000] {logging_mixin.py:190} INFO - [2025-03-27T17:47:11.197+0000] {dag.py:4180} INFO - Setting next_dagrun for tutorial_taskflow_api to None, run_after=None
[2025-03-27T17:47:11.214+0000] {processor.py:208} INFO - Processing /home/airflow/.local/lib/python3.12/site-packages/airflow/example_dags/tutorial_taskflow_api.py took 0.065 seconds
[2025-03-27T17:47:42.378+0000] {processor.py:186} INFO - Started process (PID=1195) to work on /home/airflow/.local/lib/python3.12/site-packages/airflow/example_dags/tutorial_taskflow_api.py
[2025-03-27T17:47:42.379+0000] {processor.py:914} INFO - Processing file /home/airflow/.local/lib/python3.12/site-packages/airflow/example_dags/tutorial_taskflow_api.py for tasks to queue
[2025-03-27T17:47:42.381+0000] {logging_mixin.py:190} INFO - [2025-03-27T17:47:42.380+0000] {dagbag.py:588} INFO - Filling up the DagBag from /home/airflow/.local/lib/python3.12/site-packages/airflow/example_dags/tutorial_taskflow_api.py
[2025-03-27T17:47:42.387+0000] {processor.py:925} INFO - DAG(s) 'tutorial_taskflow_api' retrieved from /home/airflow/.local/lib/python3.12/site-packages/airflow/example_dags/tutorial_taskflow_api.py
[2025-03-27T17:47:42.404+0000] {logging_mixin.py:190} INFO - [2025-03-27T17:47:42.403+0000] {dag.py:3239} INFO - Sync 1 DAGs
[2025-03-27T17:47:42.416+0000] {logging_mixin.py:190} INFO - [2025-03-27T17:47:42.416+0000] {dag.py:4180} INFO - Setting next_dagrun for tutorial_taskflow_api to None, run_after=None
[2025-03-27T17:47:42.431+0000] {processor.py:208} INFO - Processing /home/airflow/.local/lib/python3.12/site-packages/airflow/example_dags/tutorial_taskflow_api.py took 0.058 seconds
[2025-03-27T17:48:13.827+0000] {processor.py:186} INFO - Started process (PID=1259) to work on /home/airflow/.local/lib/python3.12/site-packages/airflow/example_dags/tutorial_taskflow_api.py
[2025-03-27T17:48:13.828+0000] {processor.py:914} INFO - Processing file /home/airflow/.local/lib/python3.12/site-packages/airflow/example_dags/tutorial_taskflow_api.py for tasks to queue
[2025-03-27T17:48:13.831+0000] {logging_mixin.py:190} INFO - [2025-03-27T17:48:13.830+0000] {dagbag.py:588} INFO - Filling up the DagBag from /home/airflow/.local/lib/python3.12/site-packages/airflow/example_dags/tutorial_taskflow_api.py
[2025-03-27T17:48:13.840+0000] {processor.py:925} INFO - DAG(s) 'tutorial_taskflow_api' retrieved from /home/airflow/.local/lib/python3.12/site-packages/airflow/example_dags/tutorial_taskflow_api.py
[2025-03-27T17:48:13.868+0000] {logging_mixin.py:190} INFO - [2025-03-27T17:48:13.867+0000] {dag.py:3239} INFO - Sync 1 DAGs
[2025-03-27T17:48:13.883+0000] {logging_mixin.py:190} INFO - [2025-03-27T17:48:13.883+0000] {dag.py:4180} INFO - Setting next_dagrun for tutorial_taskflow_api to None, run_after=None
[2025-03-27T17:48:13.906+0000] {processor.py:208} INFO - Processing /home/airflow/.local/lib/python3.12/site-packages/airflow/example_dags/tutorial_taskflow_api.py took 0.085 seconds
[2025-03-27T17:48:44.746+0000] {processor.py:186} INFO - Started process (PID=1322) to work on /home/airflow/.local/lib/python3.12/site-packages/airflow/example_dags/tutorial_taskflow_api.py
[2025-03-27T17:48:44.748+0000] {processor.py:914} INFO - Processing file /home/airflow/.local/lib/python3.12/site-packages/airflow/example_dags/tutorial_taskflow_api.py for tasks to queue
[2025-03-27T17:48:44.753+0000] {logging_mixin.py:190} INFO - [2025-03-27T17:48:44.752+0000] {dagbag.py:588} INFO - Filling up the DagBag from /home/airflow/.local/lib/python3.12/site-packages/airflow/example_dags/tutorial_taskflow_api.py
[2025-03-27T17:48:44.763+0000] {processor.py:925} INFO - DAG(s) 'tutorial_taskflow_api' retrieved from /home/airflow/.local/lib/python3.12/site-packages/airflow/example_dags/tutorial_taskflow_api.py
[2025-03-27T17:48:44.783+0000] {logging_mixin.py:190} INFO - [2025-03-27T17:48:44.783+0000] {dag.py:3239} INFO - Sync 1 DAGs
[2025-03-27T17:48:44.798+0000] {logging_mixin.py:190} INFO - [2025-03-27T17:48:44.798+0000] {dag.py:4180} INFO - Setting next_dagrun for tutorial_taskflow_api to None, run_after=None
[2025-03-27T17:48:44.815+0000] {processor.py:208} INFO - Processing /home/airflow/.local/lib/python3.12/site-packages/airflow/example_dags/tutorial_taskflow_api.py took 0.075 seconds
[2025-03-27T17:49:15.808+0000] {processor.py:186} INFO - Started process (PID=1393) to work on /home/airflow/.local/lib/python3.12/site-packages/airflow/example_dags/tutorial_taskflow_api.py
[2025-03-27T17:49:15.809+0000] {processor.py:914} INFO - Processing file /home/airflow/.local/lib/python3.12/site-packages/airflow/example_dags/tutorial_taskflow_api.py for tasks to queue
[2025-03-27T17:49:15.812+0000] {logging_mixin.py:190} INFO - [2025-03-27T17:49:15.811+0000] {dagbag.py:588} INFO - Filling up the DagBag from /home/airflow/.local/lib/python3.12/site-packages/airflow/example_dags/tutorial_taskflow_api.py
[2025-03-27T17:49:15.818+0000] {processor.py:925} INFO - DAG(s) 'tutorial_taskflow_api' retrieved from /home/airflow/.local/lib/python3.12/site-packages/airflow/example_dags/tutorial_taskflow_api.py
[2025-03-27T17:49:15.836+0000] {logging_mixin.py:190} INFO - [2025-03-27T17:49:15.835+0000] {dag.py:3239} INFO - Sync 1 DAGs
[2025-03-27T17:49:15.848+0000] {logging_mixin.py:190} INFO - [2025-03-27T17:49:15.848+0000] {dag.py:4180} INFO - Setting next_dagrun for tutorial_taskflow_api to None, run_after=None
[2025-03-27T17:49:15.864+0000] {processor.py:208} INFO - Processing /home/airflow/.local/lib/python3.12/site-packages/airflow/example_dags/tutorial_taskflow_api.py took 0.061 seconds
[2025-03-27T17:49:46.401+0000] {processor.py:186} INFO - Started process (PID=1457) to work on /home/airflow/.local/lib/python3.12/site-packages/airflow/example_dags/tutorial_taskflow_api.py
[2025-03-27T17:49:46.402+0000] {processor.py:914} INFO - Processing file /home/airflow/.local/lib/python3.12/site-packages/airflow/example_dags/tutorial_taskflow_api.py for tasks to queue
[2025-03-27T17:49:46.406+0000] {logging_mixin.py:190} INFO - [2025-03-27T17:49:46.405+0000] {dagbag.py:588} INFO - Filling up the DagBag from /home/airflow/.local/lib/python3.12/site-packages/airflow/example_dags/tutorial_taskflow_api.py
[2025-03-27T17:49:46.414+0000] {processor.py:925} INFO - DAG(s) 'tutorial_taskflow_api' retrieved from /home/airflow/.local/lib/python3.12/site-packages/airflow/example_dags/tutorial_taskflow_api.py
[2025-03-27T17:49:46.437+0000] {logging_mixin.py:190} INFO - [2025-03-27T17:49:46.437+0000] {dag.py:3239} INFO - Sync 1 DAGs
[2025-03-27T17:49:46.454+0000] {logging_mixin.py:190} INFO - [2025-03-27T17:49:46.454+0000] {dag.py:4180} INFO - Setting next_dagrun for tutorial_taskflow_api to None, run_after=None
[2025-03-27T17:49:46.480+0000] {processor.py:208} INFO - Processing /home/airflow/.local/lib/python3.12/site-packages/airflow/example_dags/tutorial_taskflow_api.py took 0.086 seconds
[2025-03-27T17:50:17.527+0000] {processor.py:186} INFO - Started process (PID=1520) to work on /home/airflow/.local/lib/python3.12/site-packages/airflow/example_dags/tutorial_taskflow_api.py
[2025-03-27T17:50:17.528+0000] {processor.py:914} INFO - Processing file /home/airflow/.local/lib/python3.12/site-packages/airflow/example_dags/tutorial_taskflow_api.py for tasks to queue
[2025-03-27T17:50:17.531+0000] {logging_mixin.py:190} INFO - [2025-03-27T17:50:17.530+0000] {dagbag.py:588} INFO - Filling up the DagBag from /home/airflow/.local/lib/python3.12/site-packages/airflow/example_dags/tutorial_taskflow_api.py
[2025-03-27T17:50:17.539+0000] {processor.py:925} INFO - DAG(s) 'tutorial_taskflow_api' retrieved from /home/airflow/.local/lib/python3.12/site-packages/airflow/example_dags/tutorial_taskflow_api.py
[2025-03-27T17:50:17.560+0000] {logging_mixin.py:190} INFO - [2025-03-27T17:50:17.560+0000] {dag.py:3239} INFO - Sync 1 DAGs
[2025-03-27T17:50:17.573+0000] {logging_mixin.py:190} INFO - [2025-03-27T17:50:17.572+0000] {dag.py:4180} INFO - Setting next_dagrun for tutorial_taskflow_api to None, run_after=None
[2025-03-27T17:50:17.595+0000] {processor.py:208} INFO - Processing /home/airflow/.local/lib/python3.12/site-packages/airflow/example_dags/tutorial_taskflow_api.py took 0.073 seconds
[2025-03-27T17:50:48.311+0000] {processor.py:186} INFO - Started process (PID=1584) to work on /home/airflow/.local/lib/python3.12/site-packages/airflow/example_dags/tutorial_taskflow_api.py
[2025-03-27T17:50:48.312+0000] {processor.py:914} INFO - Processing file /home/airflow/.local/lib/python3.12/site-packages/airflow/example_dags/tutorial_taskflow_api.py for tasks to queue
[2025-03-27T17:50:48.315+0000] {logging_mixin.py:190} INFO - [2025-03-27T17:50:48.314+0000] {dagbag.py:588} INFO - Filling up the DagBag from /home/airflow/.local/lib/python3.12/site-packages/airflow/example_dags/tutorial_taskflow_api.py
[2025-03-27T17:50:48.322+0000] {processor.py:925} INFO - DAG(s) 'tutorial_taskflow_api' retrieved from /home/airflow/.local/lib/python3.12/site-packages/airflow/example_dags/tutorial_taskflow_api.py
[2025-03-27T17:50:48.341+0000] {logging_mixin.py:190} INFO - [2025-03-27T17:50:48.341+0000] {dag.py:3239} INFO - Sync 1 DAGs
[2025-03-27T17:50:48.358+0000] {logging_mixin.py:190} INFO - [2025-03-27T17:50:48.357+0000] {dag.py:4180} INFO - Setting next_dagrun for tutorial_taskflow_api to None, run_after=None
[2025-03-27T17:50:48.375+0000] {processor.py:208} INFO - Processing /home/airflow/.local/lib/python3.12/site-packages/airflow/example_dags/tutorial_taskflow_api.py took 0.069 seconds
[2025-03-27T17:51:19.621+0000] {processor.py:186} INFO - Started process (PID=1648) to work on /home/airflow/.local/lib/python3.12/site-packages/airflow/example_dags/tutorial_taskflow_api.py
[2025-03-27T17:51:19.622+0000] {processor.py:914} INFO - Processing file /home/airflow/.local/lib/python3.12/site-packages/airflow/example_dags/tutorial_taskflow_api.py for tasks to queue
[2025-03-27T17:51:19.627+0000] {logging_mixin.py:190} INFO - [2025-03-27T17:51:19.627+0000] {dagbag.py:588} INFO - Filling up the DagBag from /home/airflow/.local/lib/python3.12/site-packages/airflow/example_dags/tutorial_taskflow_api.py
[2025-03-27T17:51:19.637+0000] {processor.py:925} INFO - DAG(s) 'tutorial_taskflow_api' retrieved from /home/airflow/.local/lib/python3.12/site-packages/airflow/example_dags/tutorial_taskflow_api.py
[2025-03-27T17:51:19.658+0000] {logging_mixin.py:190} INFO - [2025-03-27T17:51:19.658+0000] {dag.py:3239} INFO - Sync 1 DAGs
[2025-03-27T17:51:19.676+0000] {logging_mixin.py:190} INFO - [2025-03-27T17:51:19.676+0000] {dag.py:4180} INFO - Setting next_dagrun for tutorial_taskflow_api to None, run_after=None
[2025-03-27T17:51:19.718+0000] {processor.py:208} INFO - Processing /home/airflow/.local/lib/python3.12/site-packages/airflow/example_dags/tutorial_taskflow_api.py took 0.103 seconds
[2025-03-27T17:51:51.080+0000] {processor.py:186} INFO - Started process (PID=1712) to work on /home/airflow/.local/lib/python3.12/site-packages/airflow/example_dags/tutorial_taskflow_api.py
[2025-03-27T17:51:51.082+0000] {processor.py:914} INFO - Processing file /home/airflow/.local/lib/python3.12/site-packages/airflow/example_dags/tutorial_taskflow_api.py for tasks to queue
[2025-03-27T17:51:51.086+0000] {logging_mixin.py:190} INFO - [2025-03-27T17:51:51.085+0000] {dagbag.py:588} INFO - Filling up the DagBag from /home/airflow/.local/lib/python3.12/site-packages/airflow/example_dags/tutorial_taskflow_api.py
[2025-03-27T17:51:51.095+0000] {processor.py:925} INFO - DAG(s) 'tutorial_taskflow_api' retrieved from /home/airflow/.local/lib/python3.12/site-packages/airflow/example_dags/tutorial_taskflow_api.py
[2025-03-27T17:51:51.118+0000] {logging_mixin.py:190} INFO - [2025-03-27T17:51:51.118+0000] {dag.py:3239} INFO - Sync 1 DAGs
[2025-03-27T17:51:51.133+0000] {logging_mixin.py:190} INFO - [2025-03-27T17:51:51.133+0000] {dag.py:4180} INFO - Setting next_dagrun for tutorial_taskflow_api to None, run_after=None
[2025-03-27T17:51:51.157+0000] {processor.py:208} INFO - Processing /home/airflow/.local/lib/python3.12/site-packages/airflow/example_dags/tutorial_taskflow_api.py took 0.083 seconds
[2025-03-27T17:52:21.848+0000] {processor.py:186} INFO - Started process (PID=1776) to work on /home/airflow/.local/lib/python3.12/site-packages/airflow/example_dags/tutorial_taskflow_api.py
[2025-03-27T17:52:21.849+0000] {processor.py:914} INFO - Processing file /home/airflow/.local/lib/python3.12/site-packages/airflow/example_dags/tutorial_taskflow_api.py for tasks to queue
[2025-03-27T17:52:21.851+0000] {logging_mixin.py:190} INFO - [2025-03-27T17:52:21.851+0000] {dagbag.py:588} INFO - Filling up the DagBag from /home/airflow/.local/lib/python3.12/site-packages/airflow/example_dags/tutorial_taskflow_api.py
[2025-03-27T17:52:21.858+0000] {processor.py:925} INFO - DAG(s) 'tutorial_taskflow_api' retrieved from /home/airflow/.local/lib/python3.12/site-packages/airflow/example_dags/tutorial_taskflow_api.py
[2025-03-27T17:52:21.882+0000] {logging_mixin.py:190} INFO - [2025-03-27T17:52:21.881+0000] {dag.py:3239} INFO - Sync 1 DAGs
[2025-03-27T17:52:21.898+0000] {logging_mixin.py:190} INFO - [2025-03-27T17:52:21.898+0000] {dag.py:4180} INFO - Setting next_dagrun for tutorial_taskflow_api to None, run_after=None
[2025-03-27T17:52:21.922+0000] {processor.py:208} INFO - Processing /home/airflow/.local/lib/python3.12/site-packages/airflow/example_dags/tutorial_taskflow_api.py took 0.079 seconds
[2025-03-27T17:52:52.962+0000] {processor.py:186} INFO - Started process (PID=1840) to work on /home/airflow/.local/lib/python3.12/site-packages/airflow/example_dags/tutorial_taskflow_api.py
[2025-03-27T17:52:52.964+0000] {processor.py:914} INFO - Processing file /home/airflow/.local/lib/python3.12/site-packages/airflow/example_dags/tutorial_taskflow_api.py for tasks to queue
[2025-03-27T17:52:52.966+0000] {logging_mixin.py:190} INFO - [2025-03-27T17:52:52.966+0000] {dagbag.py:588} INFO - Filling up the DagBag from /home/airflow/.local/lib/python3.12/site-packages/airflow/example_dags/tutorial_taskflow_api.py
[2025-03-27T17:52:52.975+0000] {processor.py:925} INFO - DAG(s) 'tutorial_taskflow_api' retrieved from /home/airflow/.local/lib/python3.12/site-packages/airflow/example_dags/tutorial_taskflow_api.py
[2025-03-27T17:52:52.997+0000] {logging_mixin.py:190} INFO - [2025-03-27T17:52:52.996+0000] {dag.py:3239} INFO - Sync 1 DAGs
[2025-03-27T17:52:53.016+0000] {logging_mixin.py:190} INFO - [2025-03-27T17:52:53.016+0000] {dag.py:4180} INFO - Setting next_dagrun for tutorial_taskflow_api to None, run_after=None
[2025-03-27T17:52:53.043+0000] {processor.py:208} INFO - Processing /home/airflow/.local/lib/python3.12/site-packages/airflow/example_dags/tutorial_taskflow_api.py took 0.088 seconds
