[2025-03-16T19:07:50.429+0000] {processor.py:186} INFO - Started process (PID=88941) to work on /home/airflow/.local/lib/python3.12/site-packages/airflow/example_dags/example_params_ui_tutorial.py
[2025-03-16T19:07:50.431+0000] {processor.py:914} INFO - Processing file /home/airflow/.local/lib/python3.12/site-packages/airflow/example_dags/example_params_ui_tutorial.py for tasks to queue
[2025-03-16T19:07:50.434+0000] {logging_mixin.py:190} INFO - [2025-03-16T19:07:50.433+0000] {dagbag.py:588} INFO - Filling up the DagBag from /home/airflow/.local/lib/python3.12/site-packages/airflow/example_dags/example_params_ui_tutorial.py
[2025-03-16T19:07:50.458+0000] {processor.py:925} INFO - DAG(s) 'example_params_ui_tutorial' retrieved from /home/airflow/.local/lib/python3.12/site-packages/airflow/example_dags/example_params_ui_tutorial.py
[2025-03-16T19:07:50.742+0000] {logging_mixin.py:190} INFO - [2025-03-16T19:07:50.741+0000] {dag.py:3239} INFO - Sync 1 DAGs
[2025-03-16T19:07:50.761+0000] {logging_mixin.py:190} INFO - [2025-03-16T19:07:50.761+0000] {dag.py:4180} INFO - Setting next_dagrun for example_params_ui_tutorial to None, run_after=None
[2025-03-16T19:07:50.804+0000] {processor.py:208} INFO - Processing /home/airflow/.local/lib/python3.12/site-packages/airflow/example_dags/example_params_ui_tutorial.py took 0.392 seconds
[2025-03-16T19:08:21.668+0000] {processor.py:186} INFO - Started process (PID=89005) to work on /home/airflow/.local/lib/python3.12/site-packages/airflow/example_dags/example_params_ui_tutorial.py
[2025-03-16T19:08:21.669+0000] {processor.py:914} INFO - Processing file /home/airflow/.local/lib/python3.12/site-packages/airflow/example_dags/example_params_ui_tutorial.py for tasks to queue
[2025-03-16T19:08:21.671+0000] {logging_mixin.py:190} INFO - [2025-03-16T19:08:21.671+0000] {dagbag.py:588} INFO - Filling up the DagBag from /home/airflow/.local/lib/python3.12/site-packages/airflow/example_dags/example_params_ui_tutorial.py
[2025-03-16T19:08:21.685+0000] {processor.py:925} INFO - DAG(s) 'example_params_ui_tutorial' retrieved from /home/airflow/.local/lib/python3.12/site-packages/airflow/example_dags/example_params_ui_tutorial.py
[2025-03-16T19:08:21.768+0000] {logging_mixin.py:190} INFO - [2025-03-16T19:08:21.768+0000] {dag.py:3239} INFO - Sync 1 DAGs
[2025-03-16T19:08:21.784+0000] {logging_mixin.py:190} INFO - [2025-03-16T19:08:21.784+0000] {dag.py:4180} INFO - Setting next_dagrun for example_params_ui_tutorial to None, run_after=None
[2025-03-16T19:08:21.812+0000] {processor.py:208} INFO - Processing /home/airflow/.local/lib/python3.12/site-packages/airflow/example_dags/example_params_ui_tutorial.py took 0.153 seconds
[2025-03-16T19:08:52.491+0000] {processor.py:186} INFO - Started process (PID=89069) to work on /home/airflow/.local/lib/python3.12/site-packages/airflow/example_dags/example_params_ui_tutorial.py
[2025-03-16T19:08:52.492+0000] {processor.py:914} INFO - Processing file /home/airflow/.local/lib/python3.12/site-packages/airflow/example_dags/example_params_ui_tutorial.py for tasks to queue
[2025-03-16T19:08:52.493+0000] {logging_mixin.py:190} INFO - [2025-03-16T19:08:52.493+0000] {dagbag.py:588} INFO - Filling up the DagBag from /home/airflow/.local/lib/python3.12/site-packages/airflow/example_dags/example_params_ui_tutorial.py
[2025-03-16T19:08:52.505+0000] {processor.py:925} INFO - DAG(s) 'example_params_ui_tutorial' retrieved from /home/airflow/.local/lib/python3.12/site-packages/airflow/example_dags/example_params_ui_tutorial.py
[2025-03-16T19:08:52.547+0000] {logging_mixin.py:190} INFO - [2025-03-16T19:08:52.547+0000] {dag.py:3239} INFO - Sync 1 DAGs
[2025-03-16T19:08:52.561+0000] {logging_mixin.py:190} INFO - [2025-03-16T19:08:52.561+0000] {dag.py:4180} INFO - Setting next_dagrun for example_params_ui_tutorial to None, run_after=None
[2025-03-16T19:08:52.578+0000] {processor.py:208} INFO - Processing /home/airflow/.local/lib/python3.12/site-packages/airflow/example_dags/example_params_ui_tutorial.py took 0.094 seconds
[2025-03-16T19:09:23.034+0000] {processor.py:186} INFO - Started process (PID=89133) to work on /home/airflow/.local/lib/python3.12/site-packages/airflow/example_dags/example_params_ui_tutorial.py
[2025-03-16T19:09:23.036+0000] {processor.py:914} INFO - Processing file /home/airflow/.local/lib/python3.12/site-packages/airflow/example_dags/example_params_ui_tutorial.py for tasks to queue
[2025-03-16T19:09:23.038+0000] {logging_mixin.py:190} INFO - [2025-03-16T19:09:23.038+0000] {dagbag.py:588} INFO - Filling up the DagBag from /home/airflow/.local/lib/python3.12/site-packages/airflow/example_dags/example_params_ui_tutorial.py
[2025-03-16T19:09:23.048+0000] {processor.py:925} INFO - DAG(s) 'example_params_ui_tutorial' retrieved from /home/airflow/.local/lib/python3.12/site-packages/airflow/example_dags/example_params_ui_tutorial.py
[2025-03-16T19:09:23.092+0000] {logging_mixin.py:190} INFO - [2025-03-16T19:09:23.091+0000] {dag.py:3239} INFO - Sync 1 DAGs
[2025-03-16T19:09:23.107+0000] {logging_mixin.py:190} INFO - [2025-03-16T19:09:23.107+0000] {dag.py:4180} INFO - Setting next_dagrun for example_params_ui_tutorial to None, run_after=None
[2025-03-16T19:09:23.132+0000] {processor.py:208} INFO - Processing /home/airflow/.local/lib/python3.12/site-packages/airflow/example_dags/example_params_ui_tutorial.py took 0.103 seconds
[2025-03-16T19:09:53.257+0000] {processor.py:186} INFO - Started process (PID=89197) to work on /home/airflow/.local/lib/python3.12/site-packages/airflow/example_dags/example_params_ui_tutorial.py
[2025-03-16T19:09:53.258+0000] {processor.py:914} INFO - Processing file /home/airflow/.local/lib/python3.12/site-packages/airflow/example_dags/example_params_ui_tutorial.py for tasks to queue
[2025-03-16T19:09:53.260+0000] {logging_mixin.py:190} INFO - [2025-03-16T19:09:53.259+0000] {dagbag.py:588} INFO - Filling up the DagBag from /home/airflow/.local/lib/python3.12/site-packages/airflow/example_dags/example_params_ui_tutorial.py
[2025-03-16T19:09:53.267+0000] {processor.py:925} INFO - DAG(s) 'example_params_ui_tutorial' retrieved from /home/airflow/.local/lib/python3.12/site-packages/airflow/example_dags/example_params_ui_tutorial.py
[2025-03-16T19:09:53.314+0000] {logging_mixin.py:190} INFO - [2025-03-16T19:09:53.313+0000] {dag.py:3239} INFO - Sync 1 DAGs
[2025-03-16T19:09:53.327+0000] {logging_mixin.py:190} INFO - [2025-03-16T19:09:53.327+0000] {dag.py:4180} INFO - Setting next_dagrun for example_params_ui_tutorial to None, run_after=None
[2025-03-16T19:09:53.351+0000] {processor.py:208} INFO - Processing /home/airflow/.local/lib/python3.12/site-packages/airflow/example_dags/example_params_ui_tutorial.py took 0.100 seconds
[2025-03-16T19:10:24.260+0000] {processor.py:186} INFO - Started process (PID=89262) to work on /home/airflow/.local/lib/python3.12/site-packages/airflow/example_dags/example_params_ui_tutorial.py
[2025-03-16T19:10:24.263+0000] {processor.py:914} INFO - Processing file /home/airflow/.local/lib/python3.12/site-packages/airflow/example_dags/example_params_ui_tutorial.py for tasks to queue
[2025-03-16T19:10:24.266+0000] {logging_mixin.py:190} INFO - [2025-03-16T19:10:24.265+0000] {dagbag.py:588} INFO - Filling up the DagBag from /home/airflow/.local/lib/python3.12/site-packages/airflow/example_dags/example_params_ui_tutorial.py
[2025-03-16T19:10:24.278+0000] {processor.py:925} INFO - DAG(s) 'example_params_ui_tutorial' retrieved from /home/airflow/.local/lib/python3.12/site-packages/airflow/example_dags/example_params_ui_tutorial.py
[2025-03-16T19:10:24.330+0000] {logging_mixin.py:190} INFO - [2025-03-16T19:10:24.329+0000] {dag.py:3239} INFO - Sync 1 DAGs
[2025-03-16T19:10:24.349+0000] {logging_mixin.py:190} INFO - [2025-03-16T19:10:24.349+0000] {dag.py:4180} INFO - Setting next_dagrun for example_params_ui_tutorial to None, run_after=None
[2025-03-16T19:10:24.373+0000] {processor.py:208} INFO - Processing /home/airflow/.local/lib/python3.12/site-packages/airflow/example_dags/example_params_ui_tutorial.py took 0.121 seconds
[2025-03-16T19:10:54.668+0000] {processor.py:186} INFO - Started process (PID=89326) to work on /home/airflow/.local/lib/python3.12/site-packages/airflow/example_dags/example_params_ui_tutorial.py
[2025-03-16T19:10:54.669+0000] {processor.py:914} INFO - Processing file /home/airflow/.local/lib/python3.12/site-packages/airflow/example_dags/example_params_ui_tutorial.py for tasks to queue
[2025-03-16T19:10:54.670+0000] {logging_mixin.py:190} INFO - [2025-03-16T19:10:54.670+0000] {dagbag.py:588} INFO - Filling up the DagBag from /home/airflow/.local/lib/python3.12/site-packages/airflow/example_dags/example_params_ui_tutorial.py
[2025-03-16T19:10:54.681+0000] {processor.py:925} INFO - DAG(s) 'example_params_ui_tutorial' retrieved from /home/airflow/.local/lib/python3.12/site-packages/airflow/example_dags/example_params_ui_tutorial.py
[2025-03-16T19:10:54.725+0000] {logging_mixin.py:190} INFO - [2025-03-16T19:10:54.725+0000] {dag.py:3239} INFO - Sync 1 DAGs
[2025-03-16T19:10:54.754+0000] {logging_mixin.py:190} INFO - [2025-03-16T19:10:54.754+0000] {dag.py:4180} INFO - Setting next_dagrun for example_params_ui_tutorial to None, run_after=None
[2025-03-16T19:10:54.778+0000] {processor.py:208} INFO - Processing /home/airflow/.local/lib/python3.12/site-packages/airflow/example_dags/example_params_ui_tutorial.py took 0.116 seconds
[2025-03-16T19:11:25.095+0000] {processor.py:186} INFO - Started process (PID=89396) to work on /home/airflow/.local/lib/python3.12/site-packages/airflow/example_dags/example_params_ui_tutorial.py
[2025-03-16T19:11:25.097+0000] {processor.py:914} INFO - Processing file /home/airflow/.local/lib/python3.12/site-packages/airflow/example_dags/example_params_ui_tutorial.py for tasks to queue
[2025-03-16T19:11:25.099+0000] {logging_mixin.py:190} INFO - [2025-03-16T19:11:25.099+0000] {dagbag.py:588} INFO - Filling up the DagBag from /home/airflow/.local/lib/python3.12/site-packages/airflow/example_dags/example_params_ui_tutorial.py
[2025-03-16T19:11:25.108+0000] {processor.py:925} INFO - DAG(s) 'example_params_ui_tutorial' retrieved from /home/airflow/.local/lib/python3.12/site-packages/airflow/example_dags/example_params_ui_tutorial.py
[2025-03-16T19:11:25.154+0000] {logging_mixin.py:190} INFO - [2025-03-16T19:11:25.154+0000] {dag.py:3239} INFO - Sync 1 DAGs
[2025-03-16T19:11:25.176+0000] {logging_mixin.py:190} INFO - [2025-03-16T19:11:25.175+0000] {dag.py:4180} INFO - Setting next_dagrun for example_params_ui_tutorial to None, run_after=None
[2025-03-16T19:11:25.198+0000] {processor.py:208} INFO - Processing /home/airflow/.local/lib/python3.12/site-packages/airflow/example_dags/example_params_ui_tutorial.py took 0.111 seconds
[2025-03-16T19:11:55.782+0000] {processor.py:186} INFO - Started process (PID=89460) to work on /home/airflow/.local/lib/python3.12/site-packages/airflow/example_dags/example_params_ui_tutorial.py
[2025-03-16T19:11:55.783+0000] {processor.py:914} INFO - Processing file /home/airflow/.local/lib/python3.12/site-packages/airflow/example_dags/example_params_ui_tutorial.py for tasks to queue
[2025-03-16T19:11:55.786+0000] {logging_mixin.py:190} INFO - [2025-03-16T19:11:55.785+0000] {dagbag.py:588} INFO - Filling up the DagBag from /home/airflow/.local/lib/python3.12/site-packages/airflow/example_dags/example_params_ui_tutorial.py
[2025-03-16T19:11:55.796+0000] {processor.py:925} INFO - DAG(s) 'example_params_ui_tutorial' retrieved from /home/airflow/.local/lib/python3.12/site-packages/airflow/example_dags/example_params_ui_tutorial.py
[2025-03-16T19:11:55.841+0000] {logging_mixin.py:190} INFO - [2025-03-16T19:11:55.841+0000] {dag.py:3239} INFO - Sync 1 DAGs
[2025-03-16T19:11:55.858+0000] {logging_mixin.py:190} INFO - [2025-03-16T19:11:55.858+0000] {dag.py:4180} INFO - Setting next_dagrun for example_params_ui_tutorial to None, run_after=None
[2025-03-16T19:11:55.884+0000] {processor.py:208} INFO - Processing /home/airflow/.local/lib/python3.12/site-packages/airflow/example_dags/example_params_ui_tutorial.py took 0.110 seconds
[2025-03-16T19:12:26.657+0000] {processor.py:186} INFO - Started process (PID=89524) to work on /home/airflow/.local/lib/python3.12/site-packages/airflow/example_dags/example_params_ui_tutorial.py
[2025-03-16T19:12:26.659+0000] {processor.py:914} INFO - Processing file /home/airflow/.local/lib/python3.12/site-packages/airflow/example_dags/example_params_ui_tutorial.py for tasks to queue
[2025-03-16T19:12:26.662+0000] {logging_mixin.py:190} INFO - [2025-03-16T19:12:26.662+0000] {dagbag.py:588} INFO - Filling up the DagBag from /home/airflow/.local/lib/python3.12/site-packages/airflow/example_dags/example_params_ui_tutorial.py
[2025-03-16T19:12:26.686+0000] {processor.py:925} INFO - DAG(s) 'example_params_ui_tutorial' retrieved from /home/airflow/.local/lib/python3.12/site-packages/airflow/example_dags/example_params_ui_tutorial.py
[2025-03-16T19:12:26.755+0000] {logging_mixin.py:190} INFO - [2025-03-16T19:12:26.754+0000] {dag.py:3239} INFO - Sync 1 DAGs
[2025-03-16T19:12:26.777+0000] {logging_mixin.py:190} INFO - [2025-03-16T19:12:26.777+0000] {dag.py:4180} INFO - Setting next_dagrun for example_params_ui_tutorial to None, run_after=None
[2025-03-16T19:12:26.800+0000] {processor.py:208} INFO - Processing /home/airflow/.local/lib/python3.12/site-packages/airflow/example_dags/example_params_ui_tutorial.py took 0.151 seconds
[2025-03-16T19:12:57.626+0000] {processor.py:186} INFO - Started process (PID=89590) to work on /home/airflow/.local/lib/python3.12/site-packages/airflow/example_dags/example_params_ui_tutorial.py
[2025-03-16T19:12:57.627+0000] {processor.py:914} INFO - Processing file /home/airflow/.local/lib/python3.12/site-packages/airflow/example_dags/example_params_ui_tutorial.py for tasks to queue
[2025-03-16T19:12:57.629+0000] {logging_mixin.py:190} INFO - [2025-03-16T19:12:57.629+0000] {dagbag.py:588} INFO - Filling up the DagBag from /home/airflow/.local/lib/python3.12/site-packages/airflow/example_dags/example_params_ui_tutorial.py
[2025-03-16T19:12:57.639+0000] {processor.py:925} INFO - DAG(s) 'example_params_ui_tutorial' retrieved from /home/airflow/.local/lib/python3.12/site-packages/airflow/example_dags/example_params_ui_tutorial.py
[2025-03-16T19:12:57.691+0000] {logging_mixin.py:190} INFO - [2025-03-16T19:12:57.691+0000] {dag.py:3239} INFO - Sync 1 DAGs
[2025-03-16T19:12:57.708+0000] {logging_mixin.py:190} INFO - [2025-03-16T19:12:57.708+0000] {dag.py:4180} INFO - Setting next_dagrun for example_params_ui_tutorial to None, run_after=None
[2025-03-16T19:12:57.734+0000] {processor.py:208} INFO - Processing /home/airflow/.local/lib/python3.12/site-packages/airflow/example_dags/example_params_ui_tutorial.py took 0.114 seconds
[2025-03-16T19:13:28.051+0000] {processor.py:186} INFO - Started process (PID=89655) to work on /home/airflow/.local/lib/python3.12/site-packages/airflow/example_dags/example_params_ui_tutorial.py
[2025-03-16T19:13:28.052+0000] {processor.py:914} INFO - Processing file /home/airflow/.local/lib/python3.12/site-packages/airflow/example_dags/example_params_ui_tutorial.py for tasks to queue
[2025-03-16T19:13:28.055+0000] {logging_mixin.py:190} INFO - [2025-03-16T19:13:28.054+0000] {dagbag.py:588} INFO - Filling up the DagBag from /home/airflow/.local/lib/python3.12/site-packages/airflow/example_dags/example_params_ui_tutorial.py
[2025-03-16T19:13:28.068+0000] {processor.py:925} INFO - DAG(s) 'example_params_ui_tutorial' retrieved from /home/airflow/.local/lib/python3.12/site-packages/airflow/example_dags/example_params_ui_tutorial.py
[2025-03-16T19:13:28.114+0000] {logging_mixin.py:190} INFO - [2025-03-16T19:13:28.114+0000] {dag.py:3239} INFO - Sync 1 DAGs
[2025-03-16T19:13:28.131+0000] {logging_mixin.py:190} INFO - [2025-03-16T19:13:28.130+0000] {dag.py:4180} INFO - Setting next_dagrun for example_params_ui_tutorial to None, run_after=None
[2025-03-16T19:13:28.160+0000] {processor.py:208} INFO - Processing /home/airflow/.local/lib/python3.12/site-packages/airflow/example_dags/example_params_ui_tutorial.py took 0.115 seconds
[2025-03-16T19:13:58.375+0000] {processor.py:186} INFO - Started process (PID=89719) to work on /home/airflow/.local/lib/python3.12/site-packages/airflow/example_dags/example_params_ui_tutorial.py
[2025-03-16T19:13:58.377+0000] {processor.py:914} INFO - Processing file /home/airflow/.local/lib/python3.12/site-packages/airflow/example_dags/example_params_ui_tutorial.py for tasks to queue
[2025-03-16T19:13:58.378+0000] {logging_mixin.py:190} INFO - [2025-03-16T19:13:58.378+0000] {dagbag.py:588} INFO - Filling up the DagBag from /home/airflow/.local/lib/python3.12/site-packages/airflow/example_dags/example_params_ui_tutorial.py
[2025-03-16T19:13:58.387+0000] {processor.py:925} INFO - DAG(s) 'example_params_ui_tutorial' retrieved from /home/airflow/.local/lib/python3.12/site-packages/airflow/example_dags/example_params_ui_tutorial.py
[2025-03-16T19:13:58.432+0000] {logging_mixin.py:190} INFO - [2025-03-16T19:13:58.431+0000] {dag.py:3239} INFO - Sync 1 DAGs
[2025-03-16T19:13:58.445+0000] {logging_mixin.py:190} INFO - [2025-03-16T19:13:58.445+0000] {dag.py:4180} INFO - Setting next_dagrun for example_params_ui_tutorial to None, run_after=None
[2025-03-16T19:13:58.469+0000] {processor.py:208} INFO - Processing /home/airflow/.local/lib/python3.12/site-packages/airflow/example_dags/example_params_ui_tutorial.py took 0.100 seconds
[2025-03-16T19:14:28.696+0000] {processor.py:186} INFO - Started process (PID=89783) to work on /home/airflow/.local/lib/python3.12/site-packages/airflow/example_dags/example_params_ui_tutorial.py
[2025-03-16T19:14:28.697+0000] {processor.py:914} INFO - Processing file /home/airflow/.local/lib/python3.12/site-packages/airflow/example_dags/example_params_ui_tutorial.py for tasks to queue
[2025-03-16T19:14:28.700+0000] {logging_mixin.py:190} INFO - [2025-03-16T19:14:28.699+0000] {dagbag.py:588} INFO - Filling up the DagBag from /home/airflow/.local/lib/python3.12/site-packages/airflow/example_dags/example_params_ui_tutorial.py
[2025-03-16T19:14:28.709+0000] {processor.py:925} INFO - DAG(s) 'example_params_ui_tutorial' retrieved from /home/airflow/.local/lib/python3.12/site-packages/airflow/example_dags/example_params_ui_tutorial.py
[2025-03-16T19:14:28.757+0000] {logging_mixin.py:190} INFO - [2025-03-16T19:14:28.757+0000] {dag.py:3239} INFO - Sync 1 DAGs
[2025-03-16T19:14:28.797+0000] {logging_mixin.py:190} INFO - [2025-03-16T19:14:28.796+0000] {dag.py:4180} INFO - Setting next_dagrun for example_params_ui_tutorial to None, run_after=None
[2025-03-16T19:14:28.829+0000] {processor.py:208} INFO - Processing /home/airflow/.local/lib/python3.12/site-packages/airflow/example_dags/example_params_ui_tutorial.py took 0.139 seconds
[2025-03-16T19:14:59.047+0000] {processor.py:186} INFO - Started process (PID=89847) to work on /home/airflow/.local/lib/python3.12/site-packages/airflow/example_dags/example_params_ui_tutorial.py
[2025-03-16T19:14:59.048+0000] {processor.py:914} INFO - Processing file /home/airflow/.local/lib/python3.12/site-packages/airflow/example_dags/example_params_ui_tutorial.py for tasks to queue
[2025-03-16T19:14:59.050+0000] {logging_mixin.py:190} INFO - [2025-03-16T19:14:59.050+0000] {dagbag.py:588} INFO - Filling up the DagBag from /home/airflow/.local/lib/python3.12/site-packages/airflow/example_dags/example_params_ui_tutorial.py
[2025-03-16T19:14:59.060+0000] {processor.py:925} INFO - DAG(s) 'example_params_ui_tutorial' retrieved from /home/airflow/.local/lib/python3.12/site-packages/airflow/example_dags/example_params_ui_tutorial.py
[2025-03-16T19:14:59.103+0000] {logging_mixin.py:190} INFO - [2025-03-16T19:14:59.103+0000] {dag.py:3239} INFO - Sync 1 DAGs
[2025-03-16T19:14:59.118+0000] {logging_mixin.py:190} INFO - [2025-03-16T19:14:59.117+0000] {dag.py:4180} INFO - Setting next_dagrun for example_params_ui_tutorial to None, run_after=None
[2025-03-16T19:14:59.140+0000] {processor.py:208} INFO - Processing /home/airflow/.local/lib/python3.12/site-packages/airflow/example_dags/example_params_ui_tutorial.py took 0.098 seconds
[2025-03-16T19:15:29.892+0000] {processor.py:186} INFO - Started process (PID=89911) to work on /home/airflow/.local/lib/python3.12/site-packages/airflow/example_dags/example_params_ui_tutorial.py
[2025-03-16T19:15:29.893+0000] {processor.py:914} INFO - Processing file /home/airflow/.local/lib/python3.12/site-packages/airflow/example_dags/example_params_ui_tutorial.py for tasks to queue
[2025-03-16T19:15:29.896+0000] {logging_mixin.py:190} INFO - [2025-03-16T19:15:29.895+0000] {dagbag.py:588} INFO - Filling up the DagBag from /home/airflow/.local/lib/python3.12/site-packages/airflow/example_dags/example_params_ui_tutorial.py
[2025-03-16T19:15:29.917+0000] {processor.py:925} INFO - DAG(s) 'example_params_ui_tutorial' retrieved from /home/airflow/.local/lib/python3.12/site-packages/airflow/example_dags/example_params_ui_tutorial.py
[2025-03-16T19:15:29.978+0000] {logging_mixin.py:190} INFO - [2025-03-16T19:15:29.978+0000] {dag.py:3239} INFO - Sync 1 DAGs
[2025-03-16T19:15:29.999+0000] {logging_mixin.py:190} INFO - [2025-03-16T19:15:29.999+0000] {dag.py:4180} INFO - Setting next_dagrun for example_params_ui_tutorial to None, run_after=None
[2025-03-16T19:15:30.031+0000] {processor.py:208} INFO - Processing /home/airflow/.local/lib/python3.12/site-packages/airflow/example_dags/example_params_ui_tutorial.py took 0.147 seconds
[2025-03-16T19:16:00.395+0000] {processor.py:186} INFO - Started process (PID=89975) to work on /home/airflow/.local/lib/python3.12/site-packages/airflow/example_dags/example_params_ui_tutorial.py
[2025-03-16T19:16:00.396+0000] {processor.py:914} INFO - Processing file /home/airflow/.local/lib/python3.12/site-packages/airflow/example_dags/example_params_ui_tutorial.py for tasks to queue
[2025-03-16T19:16:00.398+0000] {logging_mixin.py:190} INFO - [2025-03-16T19:16:00.397+0000] {dagbag.py:588} INFO - Filling up the DagBag from /home/airflow/.local/lib/python3.12/site-packages/airflow/example_dags/example_params_ui_tutorial.py
[2025-03-16T19:16:00.410+0000] {processor.py:925} INFO - DAG(s) 'example_params_ui_tutorial' retrieved from /home/airflow/.local/lib/python3.12/site-packages/airflow/example_dags/example_params_ui_tutorial.py
[2025-03-16T19:16:00.460+0000] {logging_mixin.py:190} INFO - [2025-03-16T19:16:00.460+0000] {dag.py:3239} INFO - Sync 1 DAGs
[2025-03-16T19:16:00.480+0000] {logging_mixin.py:190} INFO - [2025-03-16T19:16:00.479+0000] {dag.py:4180} INFO - Setting next_dagrun for example_params_ui_tutorial to None, run_after=None
[2025-03-16T19:16:00.508+0000] {processor.py:208} INFO - Processing /home/airflow/.local/lib/python3.12/site-packages/airflow/example_dags/example_params_ui_tutorial.py took 0.119 seconds
[2025-03-16T19:16:30.659+0000] {processor.py:186} INFO - Started process (PID=90039) to work on /home/airflow/.local/lib/python3.12/site-packages/airflow/example_dags/example_params_ui_tutorial.py
[2025-03-16T19:16:30.661+0000] {processor.py:914} INFO - Processing file /home/airflow/.local/lib/python3.12/site-packages/airflow/example_dags/example_params_ui_tutorial.py for tasks to queue
[2025-03-16T19:16:30.662+0000] {logging_mixin.py:190} INFO - [2025-03-16T19:16:30.662+0000] {dagbag.py:588} INFO - Filling up the DagBag from /home/airflow/.local/lib/python3.12/site-packages/airflow/example_dags/example_params_ui_tutorial.py
[2025-03-16T19:16:30.677+0000] {processor.py:925} INFO - DAG(s) 'example_params_ui_tutorial' retrieved from /home/airflow/.local/lib/python3.12/site-packages/airflow/example_dags/example_params_ui_tutorial.py
[2025-03-16T19:16:30.727+0000] {logging_mixin.py:190} INFO - [2025-03-16T19:16:30.726+0000] {dag.py:3239} INFO - Sync 1 DAGs
[2025-03-16T19:16:30.746+0000] {logging_mixin.py:190} INFO - [2025-03-16T19:16:30.746+0000] {dag.py:4180} INFO - Setting next_dagrun for example_params_ui_tutorial to None, run_after=None
[2025-03-16T19:16:30.775+0000] {processor.py:208} INFO - Processing /home/airflow/.local/lib/python3.12/site-packages/airflow/example_dags/example_params_ui_tutorial.py took 0.121 seconds
[2025-03-16T19:17:01.062+0000] {processor.py:186} INFO - Started process (PID=90103) to work on /home/airflow/.local/lib/python3.12/site-packages/airflow/example_dags/example_params_ui_tutorial.py
[2025-03-16T19:17:01.064+0000] {processor.py:914} INFO - Processing file /home/airflow/.local/lib/python3.12/site-packages/airflow/example_dags/example_params_ui_tutorial.py for tasks to queue
[2025-03-16T19:17:01.066+0000] {logging_mixin.py:190} INFO - [2025-03-16T19:17:01.066+0000] {dagbag.py:588} INFO - Filling up the DagBag from /home/airflow/.local/lib/python3.12/site-packages/airflow/example_dags/example_params_ui_tutorial.py
[2025-03-16T19:17:01.079+0000] {processor.py:925} INFO - DAG(s) 'example_params_ui_tutorial' retrieved from /home/airflow/.local/lib/python3.12/site-packages/airflow/example_dags/example_params_ui_tutorial.py
[2025-03-16T19:17:01.135+0000] {logging_mixin.py:190} INFO - [2025-03-16T19:17:01.135+0000] {dag.py:3239} INFO - Sync 1 DAGs
[2025-03-16T19:17:01.155+0000] {logging_mixin.py:190} INFO - [2025-03-16T19:17:01.155+0000] {dag.py:4180} INFO - Setting next_dagrun for example_params_ui_tutorial to None, run_after=None
[2025-03-16T19:17:01.186+0000] {processor.py:208} INFO - Processing /home/airflow/.local/lib/python3.12/site-packages/airflow/example_dags/example_params_ui_tutorial.py took 0.134 seconds
[2025-03-16T19:17:31.408+0000] {processor.py:186} INFO - Started process (PID=90167) to work on /home/airflow/.local/lib/python3.12/site-packages/airflow/example_dags/example_params_ui_tutorial.py
[2025-03-16T19:17:31.409+0000] {processor.py:914} INFO - Processing file /home/airflow/.local/lib/python3.12/site-packages/airflow/example_dags/example_params_ui_tutorial.py for tasks to queue
[2025-03-16T19:17:31.411+0000] {logging_mixin.py:190} INFO - [2025-03-16T19:17:31.410+0000] {dagbag.py:588} INFO - Filling up the DagBag from /home/airflow/.local/lib/python3.12/site-packages/airflow/example_dags/example_params_ui_tutorial.py
[2025-03-16T19:17:31.424+0000] {processor.py:925} INFO - DAG(s) 'example_params_ui_tutorial' retrieved from /home/airflow/.local/lib/python3.12/site-packages/airflow/example_dags/example_params_ui_tutorial.py
[2025-03-16T19:17:31.475+0000] {logging_mixin.py:190} INFO - [2025-03-16T19:17:31.475+0000] {dag.py:3239} INFO - Sync 1 DAGs
[2025-03-16T19:17:31.499+0000] {logging_mixin.py:190} INFO - [2025-03-16T19:17:31.498+0000] {dag.py:4180} INFO - Setting next_dagrun for example_params_ui_tutorial to None, run_after=None
[2025-03-16T19:17:31.527+0000] {processor.py:208} INFO - Processing /home/airflow/.local/lib/python3.12/site-packages/airflow/example_dags/example_params_ui_tutorial.py took 0.125 seconds
[2025-03-16T19:18:01.963+0000] {processor.py:186} INFO - Started process (PID=90231) to work on /home/airflow/.local/lib/python3.12/site-packages/airflow/example_dags/example_params_ui_tutorial.py
[2025-03-16T19:18:01.964+0000] {processor.py:914} INFO - Processing file /home/airflow/.local/lib/python3.12/site-packages/airflow/example_dags/example_params_ui_tutorial.py for tasks to queue
[2025-03-16T19:18:01.968+0000] {logging_mixin.py:190} INFO - [2025-03-16T19:18:01.966+0000] {dagbag.py:588} INFO - Filling up the DagBag from /home/airflow/.local/lib/python3.12/site-packages/airflow/example_dags/example_params_ui_tutorial.py
[2025-03-16T19:18:01.979+0000] {processor.py:925} INFO - DAG(s) 'example_params_ui_tutorial' retrieved from /home/airflow/.local/lib/python3.12/site-packages/airflow/example_dags/example_params_ui_tutorial.py
[2025-03-16T19:18:02.049+0000] {logging_mixin.py:190} INFO - [2025-03-16T19:18:02.048+0000] {dag.py:3239} INFO - Sync 1 DAGs
[2025-03-16T19:18:02.071+0000] {logging_mixin.py:190} INFO - [2025-03-16T19:18:02.071+0000] {dag.py:4180} INFO - Setting next_dagrun for example_params_ui_tutorial to None, run_after=None
[2025-03-16T19:18:02.104+0000] {processor.py:208} INFO - Processing /home/airflow/.local/lib/python3.12/site-packages/airflow/example_dags/example_params_ui_tutorial.py took 0.148 seconds
[2025-03-16T19:18:32.285+0000] {processor.py:186} INFO - Started process (PID=90295) to work on /home/airflow/.local/lib/python3.12/site-packages/airflow/example_dags/example_params_ui_tutorial.py
[2025-03-16T19:18:32.287+0000] {processor.py:914} INFO - Processing file /home/airflow/.local/lib/python3.12/site-packages/airflow/example_dags/example_params_ui_tutorial.py for tasks to queue
[2025-03-16T19:18:32.290+0000] {logging_mixin.py:190} INFO - [2025-03-16T19:18:32.289+0000] {dagbag.py:588} INFO - Filling up the DagBag from /home/airflow/.local/lib/python3.12/site-packages/airflow/example_dags/example_params_ui_tutorial.py
[2025-03-16T19:18:32.301+0000] {processor.py:925} INFO - DAG(s) 'example_params_ui_tutorial' retrieved from /home/airflow/.local/lib/python3.12/site-packages/airflow/example_dags/example_params_ui_tutorial.py
[2025-03-16T19:18:32.358+0000] {logging_mixin.py:190} INFO - [2025-03-16T19:18:32.358+0000] {dag.py:3239} INFO - Sync 1 DAGs
[2025-03-16T19:18:32.377+0000] {logging_mixin.py:190} INFO - [2025-03-16T19:18:32.377+0000] {dag.py:4180} INFO - Setting next_dagrun for example_params_ui_tutorial to None, run_after=None
[2025-03-16T19:18:32.409+0000] {processor.py:208} INFO - Processing /home/airflow/.local/lib/python3.12/site-packages/airflow/example_dags/example_params_ui_tutorial.py took 0.131 seconds
[2025-03-16T19:19:02.541+0000] {processor.py:186} INFO - Started process (PID=90359) to work on /home/airflow/.local/lib/python3.12/site-packages/airflow/example_dags/example_params_ui_tutorial.py
[2025-03-16T19:19:02.544+0000] {processor.py:914} INFO - Processing file /home/airflow/.local/lib/python3.12/site-packages/airflow/example_dags/example_params_ui_tutorial.py for tasks to queue
[2025-03-16T19:19:02.547+0000] {logging_mixin.py:190} INFO - [2025-03-16T19:19:02.546+0000] {dagbag.py:588} INFO - Filling up the DagBag from /home/airflow/.local/lib/python3.12/site-packages/airflow/example_dags/example_params_ui_tutorial.py
[2025-03-16T19:19:02.557+0000] {processor.py:925} INFO - DAG(s) 'example_params_ui_tutorial' retrieved from /home/airflow/.local/lib/python3.12/site-packages/airflow/example_dags/example_params_ui_tutorial.py
[2025-03-16T19:19:02.614+0000] {logging_mixin.py:190} INFO - [2025-03-16T19:19:02.614+0000] {dag.py:3239} INFO - Sync 1 DAGs
[2025-03-16T19:19:02.633+0000] {logging_mixin.py:190} INFO - [2025-03-16T19:19:02.633+0000] {dag.py:4180} INFO - Setting next_dagrun for example_params_ui_tutorial to None, run_after=None
[2025-03-16T19:19:02.662+0000] {processor.py:208} INFO - Processing /home/airflow/.local/lib/python3.12/site-packages/airflow/example_dags/example_params_ui_tutorial.py took 0.127 seconds
[2025-03-16T19:19:33.526+0000] {processor.py:186} INFO - Started process (PID=90423) to work on /home/airflow/.local/lib/python3.12/site-packages/airflow/example_dags/example_params_ui_tutorial.py
[2025-03-16T19:19:33.529+0000] {processor.py:914} INFO - Processing file /home/airflow/.local/lib/python3.12/site-packages/airflow/example_dags/example_params_ui_tutorial.py for tasks to queue
[2025-03-16T19:19:33.533+0000] {logging_mixin.py:190} INFO - [2025-03-16T19:19:33.532+0000] {dagbag.py:588} INFO - Filling up the DagBag from /home/airflow/.local/lib/python3.12/site-packages/airflow/example_dags/example_params_ui_tutorial.py
[2025-03-16T19:19:33.552+0000] {processor.py:925} INFO - DAG(s) 'example_params_ui_tutorial' retrieved from /home/airflow/.local/lib/python3.12/site-packages/airflow/example_dags/example_params_ui_tutorial.py
[2025-03-16T19:19:33.621+0000] {logging_mixin.py:190} INFO - [2025-03-16T19:19:33.621+0000] {dag.py:3239} INFO - Sync 1 DAGs
[2025-03-16T19:19:33.645+0000] {logging_mixin.py:190} INFO - [2025-03-16T19:19:33.645+0000] {dag.py:4180} INFO - Setting next_dagrun for example_params_ui_tutorial to None, run_after=None
[2025-03-16T19:19:33.676+0000] {processor.py:208} INFO - Processing /home/airflow/.local/lib/python3.12/site-packages/airflow/example_dags/example_params_ui_tutorial.py took 0.162 seconds
[2025-03-16T19:20:03.777+0000] {processor.py:186} INFO - Started process (PID=90487) to work on /home/airflow/.local/lib/python3.12/site-packages/airflow/example_dags/example_params_ui_tutorial.py
[2025-03-16T19:20:03.778+0000] {processor.py:914} INFO - Processing file /home/airflow/.local/lib/python3.12/site-packages/airflow/example_dags/example_params_ui_tutorial.py for tasks to queue
[2025-03-16T19:20:03.780+0000] {logging_mixin.py:190} INFO - [2025-03-16T19:20:03.780+0000] {dagbag.py:588} INFO - Filling up the DagBag from /home/airflow/.local/lib/python3.12/site-packages/airflow/example_dags/example_params_ui_tutorial.py
[2025-03-16T19:20:03.791+0000] {processor.py:925} INFO - DAG(s) 'example_params_ui_tutorial' retrieved from /home/airflow/.local/lib/python3.12/site-packages/airflow/example_dags/example_params_ui_tutorial.py
[2025-03-16T19:20:03.848+0000] {logging_mixin.py:190} INFO - [2025-03-16T19:20:03.848+0000] {dag.py:3239} INFO - Sync 1 DAGs
[2025-03-16T19:20:03.866+0000] {logging_mixin.py:190} INFO - [2025-03-16T19:20:03.866+0000] {dag.py:4180} INFO - Setting next_dagrun for example_params_ui_tutorial to None, run_after=None
[2025-03-16T19:20:03.894+0000] {processor.py:208} INFO - Processing /home/airflow/.local/lib/python3.12/site-packages/airflow/example_dags/example_params_ui_tutorial.py took 0.125 seconds
[2025-03-16T19:20:34.180+0000] {processor.py:186} INFO - Started process (PID=90551) to work on /home/airflow/.local/lib/python3.12/site-packages/airflow/example_dags/example_params_ui_tutorial.py
[2025-03-16T19:20:34.181+0000] {processor.py:914} INFO - Processing file /home/airflow/.local/lib/python3.12/site-packages/airflow/example_dags/example_params_ui_tutorial.py for tasks to queue
[2025-03-16T19:20:34.183+0000] {logging_mixin.py:190} INFO - [2025-03-16T19:20:34.183+0000] {dagbag.py:588} INFO - Filling up the DagBag from /home/airflow/.local/lib/python3.12/site-packages/airflow/example_dags/example_params_ui_tutorial.py
[2025-03-16T19:20:34.193+0000] {processor.py:925} INFO - DAG(s) 'example_params_ui_tutorial' retrieved from /home/airflow/.local/lib/python3.12/site-packages/airflow/example_dags/example_params_ui_tutorial.py
[2025-03-16T19:20:34.251+0000] {logging_mixin.py:190} INFO - [2025-03-16T19:20:34.250+0000] {dag.py:3239} INFO - Sync 1 DAGs
[2025-03-16T19:20:34.271+0000] {logging_mixin.py:190} INFO - [2025-03-16T19:20:34.271+0000] {dag.py:4180} INFO - Setting next_dagrun for example_params_ui_tutorial to None, run_after=None
[2025-03-16T19:20:34.302+0000] {processor.py:208} INFO - Processing /home/airflow/.local/lib/python3.12/site-packages/airflow/example_dags/example_params_ui_tutorial.py took 0.130 seconds
[2025-03-16T19:21:04.447+0000] {processor.py:186} INFO - Started process (PID=90615) to work on /home/airflow/.local/lib/python3.12/site-packages/airflow/example_dags/example_params_ui_tutorial.py
[2025-03-16T19:21:04.448+0000] {processor.py:914} INFO - Processing file /home/airflow/.local/lib/python3.12/site-packages/airflow/example_dags/example_params_ui_tutorial.py for tasks to queue
[2025-03-16T19:21:04.451+0000] {logging_mixin.py:190} INFO - [2025-03-16T19:21:04.449+0000] {dagbag.py:588} INFO - Filling up the DagBag from /home/airflow/.local/lib/python3.12/site-packages/airflow/example_dags/example_params_ui_tutorial.py
[2025-03-16T19:21:04.463+0000] {processor.py:925} INFO - DAG(s) 'example_params_ui_tutorial' retrieved from /home/airflow/.local/lib/python3.12/site-packages/airflow/example_dags/example_params_ui_tutorial.py
[2025-03-16T19:21:04.517+0000] {logging_mixin.py:190} INFO - [2025-03-16T19:21:04.516+0000] {dag.py:3239} INFO - Sync 1 DAGs
[2025-03-16T19:21:04.539+0000] {logging_mixin.py:190} INFO - [2025-03-16T19:21:04.539+0000] {dag.py:4180} INFO - Setting next_dagrun for example_params_ui_tutorial to None, run_after=None
[2025-03-16T19:21:04.566+0000] {processor.py:208} INFO - Processing /home/airflow/.local/lib/python3.12/site-packages/airflow/example_dags/example_params_ui_tutorial.py took 0.126 seconds
[2025-03-16T19:21:34.869+0000] {processor.py:186} INFO - Started process (PID=90679) to work on /home/airflow/.local/lib/python3.12/site-packages/airflow/example_dags/example_params_ui_tutorial.py
[2025-03-16T19:21:34.870+0000] {processor.py:914} INFO - Processing file /home/airflow/.local/lib/python3.12/site-packages/airflow/example_dags/example_params_ui_tutorial.py for tasks to queue
[2025-03-16T19:21:34.875+0000] {logging_mixin.py:190} INFO - [2025-03-16T19:21:34.874+0000] {dagbag.py:588} INFO - Filling up the DagBag from /home/airflow/.local/lib/python3.12/site-packages/airflow/example_dags/example_params_ui_tutorial.py
[2025-03-16T19:21:34.886+0000] {processor.py:925} INFO - DAG(s) 'example_params_ui_tutorial' retrieved from /home/airflow/.local/lib/python3.12/site-packages/airflow/example_dags/example_params_ui_tutorial.py
[2025-03-16T19:21:34.950+0000] {logging_mixin.py:190} INFO - [2025-03-16T19:21:34.949+0000] {dag.py:3239} INFO - Sync 1 DAGs
[2025-03-16T19:21:34.972+0000] {logging_mixin.py:190} INFO - [2025-03-16T19:21:34.971+0000] {dag.py:4180} INFO - Setting next_dagrun for example_params_ui_tutorial to None, run_after=None
[2025-03-16T19:21:35.002+0000] {processor.py:208} INFO - Processing /home/airflow/.local/lib/python3.12/site-packages/airflow/example_dags/example_params_ui_tutorial.py took 0.139 seconds
[2025-03-16T19:22:05.288+0000] {processor.py:186} INFO - Started process (PID=90743) to work on /home/airflow/.local/lib/python3.12/site-packages/airflow/example_dags/example_params_ui_tutorial.py
[2025-03-16T19:22:05.292+0000] {processor.py:914} INFO - Processing file /home/airflow/.local/lib/python3.12/site-packages/airflow/example_dags/example_params_ui_tutorial.py for tasks to queue
[2025-03-16T19:22:05.295+0000] {logging_mixin.py:190} INFO - [2025-03-16T19:22:05.295+0000] {dagbag.py:588} INFO - Filling up the DagBag from /home/airflow/.local/lib/python3.12/site-packages/airflow/example_dags/example_params_ui_tutorial.py
[2025-03-16T19:22:05.310+0000] {processor.py:925} INFO - DAG(s) 'example_params_ui_tutorial' retrieved from /home/airflow/.local/lib/python3.12/site-packages/airflow/example_dags/example_params_ui_tutorial.py
[2025-03-16T19:22:05.379+0000] {logging_mixin.py:190} INFO - [2025-03-16T19:22:05.378+0000] {dag.py:3239} INFO - Sync 1 DAGs
[2025-03-16T19:22:05.405+0000] {logging_mixin.py:190} INFO - [2025-03-16T19:22:05.404+0000] {dag.py:4180} INFO - Setting next_dagrun for example_params_ui_tutorial to None, run_after=None
[2025-03-16T19:22:05.440+0000] {processor.py:208} INFO - Processing /home/airflow/.local/lib/python3.12/site-packages/airflow/example_dags/example_params_ui_tutorial.py took 0.163 seconds
[2025-03-16T19:22:35.819+0000] {processor.py:186} INFO - Started process (PID=90807) to work on /home/airflow/.local/lib/python3.12/site-packages/airflow/example_dags/example_params_ui_tutorial.py
[2025-03-16T19:22:35.821+0000] {processor.py:914} INFO - Processing file /home/airflow/.local/lib/python3.12/site-packages/airflow/example_dags/example_params_ui_tutorial.py for tasks to queue
[2025-03-16T19:22:35.823+0000] {logging_mixin.py:190} INFO - [2025-03-16T19:22:35.822+0000] {dagbag.py:588} INFO - Filling up the DagBag from /home/airflow/.local/lib/python3.12/site-packages/airflow/example_dags/example_params_ui_tutorial.py
[2025-03-16T19:22:35.839+0000] {processor.py:925} INFO - DAG(s) 'example_params_ui_tutorial' retrieved from /home/airflow/.local/lib/python3.12/site-packages/airflow/example_dags/example_params_ui_tutorial.py
[2025-03-16T19:22:35.925+0000] {logging_mixin.py:190} INFO - [2025-03-16T19:22:35.924+0000] {dag.py:3239} INFO - Sync 1 DAGs
[2025-03-16T19:22:35.960+0000] {logging_mixin.py:190} INFO - [2025-03-16T19:22:35.960+0000] {dag.py:4180} INFO - Setting next_dagrun for example_params_ui_tutorial to None, run_after=None
[2025-03-16T19:22:36.005+0000] {processor.py:208} INFO - Processing /home/airflow/.local/lib/python3.12/site-packages/airflow/example_dags/example_params_ui_tutorial.py took 0.197 seconds
[2025-03-16T19:23:06.339+0000] {processor.py:186} INFO - Started process (PID=90871) to work on /home/airflow/.local/lib/python3.12/site-packages/airflow/example_dags/example_params_ui_tutorial.py
[2025-03-16T19:23:06.341+0000] {processor.py:914} INFO - Processing file /home/airflow/.local/lib/python3.12/site-packages/airflow/example_dags/example_params_ui_tutorial.py for tasks to queue
[2025-03-16T19:23:06.343+0000] {logging_mixin.py:190} INFO - [2025-03-16T19:23:06.343+0000] {dagbag.py:588} INFO - Filling up the DagBag from /home/airflow/.local/lib/python3.12/site-packages/airflow/example_dags/example_params_ui_tutorial.py
[2025-03-16T19:23:06.361+0000] {processor.py:925} INFO - DAG(s) 'example_params_ui_tutorial' retrieved from /home/airflow/.local/lib/python3.12/site-packages/airflow/example_dags/example_params_ui_tutorial.py
[2025-03-16T19:23:06.443+0000] {logging_mixin.py:190} INFO - [2025-03-16T19:23:06.442+0000] {dag.py:3239} INFO - Sync 1 DAGs
[2025-03-16T19:23:06.474+0000] {logging_mixin.py:190} INFO - [2025-03-16T19:23:06.474+0000] {dag.py:4180} INFO - Setting next_dagrun for example_params_ui_tutorial to None, run_after=None
[2025-03-16T19:23:06.512+0000] {processor.py:208} INFO - Processing /home/airflow/.local/lib/python3.12/site-packages/airflow/example_dags/example_params_ui_tutorial.py took 0.183 seconds
[2025-03-16T19:23:36.743+0000] {processor.py:186} INFO - Started process (PID=90935) to work on /home/airflow/.local/lib/python3.12/site-packages/airflow/example_dags/example_params_ui_tutorial.py
[2025-03-16T19:23:36.746+0000] {processor.py:914} INFO - Processing file /home/airflow/.local/lib/python3.12/site-packages/airflow/example_dags/example_params_ui_tutorial.py for tasks to queue
[2025-03-16T19:23:36.749+0000] {logging_mixin.py:190} INFO - [2025-03-16T19:23:36.748+0000] {dagbag.py:588} INFO - Filling up the DagBag from /home/airflow/.local/lib/python3.12/site-packages/airflow/example_dags/example_params_ui_tutorial.py
[2025-03-16T19:23:36.765+0000] {processor.py:925} INFO - DAG(s) 'example_params_ui_tutorial' retrieved from /home/airflow/.local/lib/python3.12/site-packages/airflow/example_dags/example_params_ui_tutorial.py
[2025-03-16T19:23:36.848+0000] {logging_mixin.py:190} INFO - [2025-03-16T19:23:36.848+0000] {dag.py:3239} INFO - Sync 1 DAGs
[2025-03-16T19:23:36.876+0000] {logging_mixin.py:190} INFO - [2025-03-16T19:23:36.876+0000] {dag.py:4180} INFO - Setting next_dagrun for example_params_ui_tutorial to None, run_after=None
[2025-03-16T19:23:36.912+0000] {processor.py:208} INFO - Processing /home/airflow/.local/lib/python3.12/site-packages/airflow/example_dags/example_params_ui_tutorial.py took 0.177 seconds
[2025-03-16T19:24:08.976+0000] {processor.py:186} INFO - Started process (PID=91004) to work on /home/airflow/.local/lib/python3.12/site-packages/airflow/example_dags/example_params_ui_tutorial.py
[2025-03-16T19:24:08.980+0000] {processor.py:914} INFO - Processing file /home/airflow/.local/lib/python3.12/site-packages/airflow/example_dags/example_params_ui_tutorial.py for tasks to queue
[2025-03-16T19:24:08.982+0000] {logging_mixin.py:190} INFO - [2025-03-16T19:24:08.982+0000] {dagbag.py:588} INFO - Filling up the DagBag from /home/airflow/.local/lib/python3.12/site-packages/airflow/example_dags/example_params_ui_tutorial.py
[2025-03-16T19:24:09.000+0000] {processor.py:925} INFO - DAG(s) 'example_params_ui_tutorial' retrieved from /home/airflow/.local/lib/python3.12/site-packages/airflow/example_dags/example_params_ui_tutorial.py
[2025-03-16T19:24:09.102+0000] {logging_mixin.py:190} INFO - [2025-03-16T19:24:09.101+0000] {dag.py:3239} INFO - Sync 1 DAGs
[2025-03-16T19:24:09.139+0000] {logging_mixin.py:190} INFO - [2025-03-16T19:24:09.138+0000] {dag.py:4180} INFO - Setting next_dagrun for example_params_ui_tutorial to None, run_after=None
[2025-03-16T19:24:09.181+0000] {processor.py:208} INFO - Processing /home/airflow/.local/lib/python3.12/site-packages/airflow/example_dags/example_params_ui_tutorial.py took 0.214 seconds
[2025-03-16T19:24:40.477+0000] {processor.py:186} INFO - Started process (PID=91068) to work on /home/airflow/.local/lib/python3.12/site-packages/airflow/example_dags/example_params_ui_tutorial.py
[2025-03-16T19:24:40.478+0000] {processor.py:914} INFO - Processing file /home/airflow/.local/lib/python3.12/site-packages/airflow/example_dags/example_params_ui_tutorial.py for tasks to queue
[2025-03-16T19:24:40.481+0000] {logging_mixin.py:190} INFO - [2025-03-16T19:24:40.480+0000] {dagbag.py:588} INFO - Filling up the DagBag from /home/airflow/.local/lib/python3.12/site-packages/airflow/example_dags/example_params_ui_tutorial.py
[2025-03-16T19:24:40.497+0000] {processor.py:925} INFO - DAG(s) 'example_params_ui_tutorial' retrieved from /home/airflow/.local/lib/python3.12/site-packages/airflow/example_dags/example_params_ui_tutorial.py
[2025-03-16T19:24:40.580+0000] {logging_mixin.py:190} INFO - [2025-03-16T19:24:40.580+0000] {dag.py:3239} INFO - Sync 1 DAGs
[2025-03-16T19:24:40.622+0000] {logging_mixin.py:190} INFO - [2025-03-16T19:24:40.621+0000] {dag.py:4180} INFO - Setting next_dagrun for example_params_ui_tutorial to None, run_after=None
[2025-03-16T19:24:40.661+0000] {processor.py:208} INFO - Processing /home/airflow/.local/lib/python3.12/site-packages/airflow/example_dags/example_params_ui_tutorial.py took 0.194 seconds
[2025-03-16T19:25:13.310+0000] {processor.py:186} INFO - Started process (PID=91138) to work on /home/airflow/.local/lib/python3.12/site-packages/airflow/example_dags/example_params_ui_tutorial.py
[2025-03-16T19:25:13.312+0000] {processor.py:914} INFO - Processing file /home/airflow/.local/lib/python3.12/site-packages/airflow/example_dags/example_params_ui_tutorial.py for tasks to queue
[2025-03-16T19:25:13.314+0000] {logging_mixin.py:190} INFO - [2025-03-16T19:25:13.313+0000] {dagbag.py:588} INFO - Filling up the DagBag from /home/airflow/.local/lib/python3.12/site-packages/airflow/example_dags/example_params_ui_tutorial.py
[2025-03-16T19:25:13.330+0000] {processor.py:925} INFO - DAG(s) 'example_params_ui_tutorial' retrieved from /home/airflow/.local/lib/python3.12/site-packages/airflow/example_dags/example_params_ui_tutorial.py
[2025-03-16T19:25:13.413+0000] {logging_mixin.py:190} INFO - [2025-03-16T19:25:13.413+0000] {dag.py:3239} INFO - Sync 1 DAGs
[2025-03-16T19:25:13.443+0000] {logging_mixin.py:190} INFO - [2025-03-16T19:25:13.442+0000] {dag.py:4180} INFO - Setting next_dagrun for example_params_ui_tutorial to None, run_after=None
[2025-03-16T19:25:13.480+0000] {processor.py:208} INFO - Processing /home/airflow/.local/lib/python3.12/site-packages/airflow/example_dags/example_params_ui_tutorial.py took 0.182 seconds
[2025-03-16T19:25:44.730+0000] {processor.py:186} INFO - Started process (PID=91204) to work on /home/airflow/.local/lib/python3.12/site-packages/airflow/example_dags/example_params_ui_tutorial.py
[2025-03-16T19:25:44.733+0000] {processor.py:914} INFO - Processing file /home/airflow/.local/lib/python3.12/site-packages/airflow/example_dags/example_params_ui_tutorial.py for tasks to queue
[2025-03-16T19:25:44.738+0000] {logging_mixin.py:190} INFO - [2025-03-16T19:25:44.737+0000] {dagbag.py:588} INFO - Filling up the DagBag from /home/airflow/.local/lib/python3.12/site-packages/airflow/example_dags/example_params_ui_tutorial.py
[2025-03-16T19:25:44.760+0000] {processor.py:925} INFO - DAG(s) 'example_params_ui_tutorial' retrieved from /home/airflow/.local/lib/python3.12/site-packages/airflow/example_dags/example_params_ui_tutorial.py
[2025-03-16T19:25:44.855+0000] {logging_mixin.py:190} INFO - [2025-03-16T19:25:44.854+0000] {dag.py:3239} INFO - Sync 1 DAGs
[2025-03-16T19:25:44.908+0000] {logging_mixin.py:190} INFO - [2025-03-16T19:25:44.908+0000] {dag.py:4180} INFO - Setting next_dagrun for example_params_ui_tutorial to None, run_after=None
[2025-03-16T19:25:44.947+0000] {processor.py:208} INFO - Processing /home/airflow/.local/lib/python3.12/site-packages/airflow/example_dags/example_params_ui_tutorial.py took 0.234 seconds
[2025-03-16T19:26:16.334+0000] {processor.py:186} INFO - Started process (PID=91271) to work on /home/airflow/.local/lib/python3.12/site-packages/airflow/example_dags/example_params_ui_tutorial.py
[2025-03-16T19:26:16.335+0000] {processor.py:914} INFO - Processing file /home/airflow/.local/lib/python3.12/site-packages/airflow/example_dags/example_params_ui_tutorial.py for tasks to queue
[2025-03-16T19:26:16.337+0000] {logging_mixin.py:190} INFO - [2025-03-16T19:26:16.337+0000] {dagbag.py:588} INFO - Filling up the DagBag from /home/airflow/.local/lib/python3.12/site-packages/airflow/example_dags/example_params_ui_tutorial.py
[2025-03-16T19:26:16.352+0000] {processor.py:925} INFO - DAG(s) 'example_params_ui_tutorial' retrieved from /home/airflow/.local/lib/python3.12/site-packages/airflow/example_dags/example_params_ui_tutorial.py
[2025-03-16T19:26:16.431+0000] {logging_mixin.py:190} INFO - [2025-03-16T19:26:16.431+0000] {dag.py:3239} INFO - Sync 1 DAGs
[2025-03-16T19:26:16.462+0000] {logging_mixin.py:190} INFO - [2025-03-16T19:26:16.461+0000] {dag.py:4180} INFO - Setting next_dagrun for example_params_ui_tutorial to None, run_after=None
[2025-03-16T19:26:16.498+0000] {processor.py:208} INFO - Processing /home/airflow/.local/lib/python3.12/site-packages/airflow/example_dags/example_params_ui_tutorial.py took 0.176 seconds
[2025-03-16T19:26:47.590+0000] {processor.py:186} INFO - Started process (PID=91337) to work on /home/airflow/.local/lib/python3.12/site-packages/airflow/example_dags/example_params_ui_tutorial.py
[2025-03-16T19:26:47.592+0000] {processor.py:914} INFO - Processing file /home/airflow/.local/lib/python3.12/site-packages/airflow/example_dags/example_params_ui_tutorial.py for tasks to queue
[2025-03-16T19:26:47.594+0000] {logging_mixin.py:190} INFO - [2025-03-16T19:26:47.594+0000] {dagbag.py:588} INFO - Filling up the DagBag from /home/airflow/.local/lib/python3.12/site-packages/airflow/example_dags/example_params_ui_tutorial.py
[2025-03-16T19:26:47.609+0000] {processor.py:925} INFO - DAG(s) 'example_params_ui_tutorial' retrieved from /home/airflow/.local/lib/python3.12/site-packages/airflow/example_dags/example_params_ui_tutorial.py
[2025-03-16T19:26:47.698+0000] {logging_mixin.py:190} INFO - [2025-03-16T19:26:47.698+0000] {dag.py:3239} INFO - Sync 1 DAGs
[2025-03-16T19:26:47.725+0000] {logging_mixin.py:190} INFO - [2025-03-16T19:26:47.725+0000] {dag.py:4180} INFO - Setting next_dagrun for example_params_ui_tutorial to None, run_after=None
[2025-03-16T19:26:47.761+0000] {processor.py:208} INFO - Processing /home/airflow/.local/lib/python3.12/site-packages/airflow/example_dags/example_params_ui_tutorial.py took 0.184 seconds
[2025-03-16T19:27:18.912+0000] {processor.py:186} INFO - Started process (PID=91403) to work on /home/airflow/.local/lib/python3.12/site-packages/airflow/example_dags/example_params_ui_tutorial.py
[2025-03-16T19:27:18.914+0000] {processor.py:914} INFO - Processing file /home/airflow/.local/lib/python3.12/site-packages/airflow/example_dags/example_params_ui_tutorial.py for tasks to queue
[2025-03-16T19:27:18.916+0000] {logging_mixin.py:190} INFO - [2025-03-16T19:27:18.916+0000] {dagbag.py:588} INFO - Filling up the DagBag from /home/airflow/.local/lib/python3.12/site-packages/airflow/example_dags/example_params_ui_tutorial.py
[2025-03-16T19:27:18.929+0000] {processor.py:925} INFO - DAG(s) 'example_params_ui_tutorial' retrieved from /home/airflow/.local/lib/python3.12/site-packages/airflow/example_dags/example_params_ui_tutorial.py
[2025-03-16T19:27:19.003+0000] {logging_mixin.py:190} INFO - [2025-03-16T19:27:19.003+0000] {dag.py:3239} INFO - Sync 1 DAGs
[2025-03-16T19:27:19.030+0000] {logging_mixin.py:190} INFO - [2025-03-16T19:27:19.030+0000] {dag.py:4180} INFO - Setting next_dagrun for example_params_ui_tutorial to None, run_after=None
[2025-03-16T19:27:19.067+0000] {processor.py:208} INFO - Processing /home/airflow/.local/lib/python3.12/site-packages/airflow/example_dags/example_params_ui_tutorial.py took 0.163 seconds
[2025-03-16T19:27:51.169+0000] {processor.py:186} INFO - Started process (PID=91466) to work on /home/airflow/.local/lib/python3.12/site-packages/airflow/example_dags/example_params_ui_tutorial.py
[2025-03-16T19:27:51.171+0000] {processor.py:914} INFO - Processing file /home/airflow/.local/lib/python3.12/site-packages/airflow/example_dags/example_params_ui_tutorial.py for tasks to queue
[2025-03-16T19:27:51.175+0000] {logging_mixin.py:190} INFO - [2025-03-16T19:27:51.174+0000] {dagbag.py:588} INFO - Filling up the DagBag from /home/airflow/.local/lib/python3.12/site-packages/airflow/example_dags/example_params_ui_tutorial.py
[2025-03-16T19:27:51.191+0000] {processor.py:925} INFO - DAG(s) 'example_params_ui_tutorial' retrieved from /home/airflow/.local/lib/python3.12/site-packages/airflow/example_dags/example_params_ui_tutorial.py
[2025-03-16T19:27:51.278+0000] {logging_mixin.py:190} INFO - [2025-03-16T19:27:51.277+0000] {dag.py:3239} INFO - Sync 1 DAGs
[2025-03-16T19:27:51.305+0000] {logging_mixin.py:190} INFO - [2025-03-16T19:27:51.304+0000] {dag.py:4180} INFO - Setting next_dagrun for example_params_ui_tutorial to None, run_after=None
[2025-03-16T19:27:51.342+0000] {processor.py:208} INFO - Processing /home/airflow/.local/lib/python3.12/site-packages/airflow/example_dags/example_params_ui_tutorial.py took 0.184 seconds
[2025-03-16T19:28:23.300+0000] {processor.py:186} INFO - Started process (PID=91531) to work on /home/airflow/.local/lib/python3.12/site-packages/airflow/example_dags/example_params_ui_tutorial.py
[2025-03-16T19:28:23.302+0000] {processor.py:914} INFO - Processing file /home/airflow/.local/lib/python3.12/site-packages/airflow/example_dags/example_params_ui_tutorial.py for tasks to queue
[2025-03-16T19:28:23.307+0000] {logging_mixin.py:190} INFO - [2025-03-16T19:28:23.305+0000] {dagbag.py:588} INFO - Filling up the DagBag from /home/airflow/.local/lib/python3.12/site-packages/airflow/example_dags/example_params_ui_tutorial.py
[2025-03-16T19:28:23.324+0000] {processor.py:925} INFO - DAG(s) 'example_params_ui_tutorial' retrieved from /home/airflow/.local/lib/python3.12/site-packages/airflow/example_dags/example_params_ui_tutorial.py
[2025-03-16T19:28:23.408+0000] {logging_mixin.py:190} INFO - [2025-03-16T19:28:23.408+0000] {dag.py:3239} INFO - Sync 1 DAGs
[2025-03-16T19:28:23.718+0000] {logging_mixin.py:190} INFO - [2025-03-16T19:28:23.717+0000] {dag.py:4180} INFO - Setting next_dagrun for example_params_ui_tutorial to None, run_after=None
[2025-03-16T19:28:23.751+0000] {processor.py:208} INFO - Processing /home/airflow/.local/lib/python3.12/site-packages/airflow/example_dags/example_params_ui_tutorial.py took 0.461 seconds
[2025-03-16T19:28:54.468+0000] {processor.py:186} INFO - Started process (PID=91595) to work on /home/airflow/.local/lib/python3.12/site-packages/airflow/example_dags/example_params_ui_tutorial.py
[2025-03-16T19:28:54.470+0000] {processor.py:914} INFO - Processing file /home/airflow/.local/lib/python3.12/site-packages/airflow/example_dags/example_params_ui_tutorial.py for tasks to queue
[2025-03-16T19:28:54.474+0000] {logging_mixin.py:190} INFO - [2025-03-16T19:28:54.474+0000] {dagbag.py:588} INFO - Filling up the DagBag from /home/airflow/.local/lib/python3.12/site-packages/airflow/example_dags/example_params_ui_tutorial.py
[2025-03-16T19:28:54.490+0000] {processor.py:925} INFO - DAG(s) 'example_params_ui_tutorial' retrieved from /home/airflow/.local/lib/python3.12/site-packages/airflow/example_dags/example_params_ui_tutorial.py
[2025-03-16T19:28:54.577+0000] {logging_mixin.py:190} INFO - [2025-03-16T19:28:54.576+0000] {dag.py:3239} INFO - Sync 1 DAGs
[2025-03-16T19:28:54.609+0000] {logging_mixin.py:190} INFO - [2025-03-16T19:28:54.609+0000] {dag.py:4180} INFO - Setting next_dagrun for example_params_ui_tutorial to None, run_after=None
[2025-03-16T19:28:54.648+0000] {processor.py:208} INFO - Processing /home/airflow/.local/lib/python3.12/site-packages/airflow/example_dags/example_params_ui_tutorial.py took 0.190 seconds
[2025-03-16T19:29:24.789+0000] {processor.py:186} INFO - Started process (PID=91658) to work on /home/airflow/.local/lib/python3.12/site-packages/airflow/example_dags/example_params_ui_tutorial.py
[2025-03-16T19:29:24.791+0000] {processor.py:914} INFO - Processing file /home/airflow/.local/lib/python3.12/site-packages/airflow/example_dags/example_params_ui_tutorial.py for tasks to queue
[2025-03-16T19:29:24.794+0000] {logging_mixin.py:190} INFO - [2025-03-16T19:29:24.793+0000] {dagbag.py:588} INFO - Filling up the DagBag from /home/airflow/.local/lib/python3.12/site-packages/airflow/example_dags/example_params_ui_tutorial.py
[2025-03-16T19:29:24.812+0000] {processor.py:925} INFO - DAG(s) 'example_params_ui_tutorial' retrieved from /home/airflow/.local/lib/python3.12/site-packages/airflow/example_dags/example_params_ui_tutorial.py
[2025-03-16T19:29:24.905+0000] {logging_mixin.py:190} INFO - [2025-03-16T19:29:24.905+0000] {dag.py:3239} INFO - Sync 1 DAGs
[2025-03-16T19:29:24.937+0000] {logging_mixin.py:190} INFO - [2025-03-16T19:29:24.936+0000] {dag.py:4180} INFO - Setting next_dagrun for example_params_ui_tutorial to None, run_after=None
[2025-03-16T19:29:24.974+0000] {processor.py:208} INFO - Processing /home/airflow/.local/lib/python3.12/site-packages/airflow/example_dags/example_params_ui_tutorial.py took 0.198 seconds
[2025-03-16T19:29:57.606+0000] {processor.py:186} INFO - Started process (PID=91728) to work on /home/airflow/.local/lib/python3.12/site-packages/airflow/example_dags/example_params_ui_tutorial.py
[2025-03-16T19:29:57.608+0000] {processor.py:914} INFO - Processing file /home/airflow/.local/lib/python3.12/site-packages/airflow/example_dags/example_params_ui_tutorial.py for tasks to queue
[2025-03-16T19:29:57.610+0000] {logging_mixin.py:190} INFO - [2025-03-16T19:29:57.610+0000] {dagbag.py:588} INFO - Filling up the DagBag from /home/airflow/.local/lib/python3.12/site-packages/airflow/example_dags/example_params_ui_tutorial.py
[2025-03-16T19:29:57.959+0000] {processor.py:925} INFO - DAG(s) 'example_params_ui_tutorial' retrieved from /home/airflow/.local/lib/python3.12/site-packages/airflow/example_dags/example_params_ui_tutorial.py
[2025-03-16T19:29:58.059+0000] {logging_mixin.py:190} INFO - [2025-03-16T19:29:58.059+0000] {dag.py:3239} INFO - Sync 1 DAGs
[2025-03-16T19:29:58.087+0000] {logging_mixin.py:190} INFO - [2025-03-16T19:29:58.087+0000] {dag.py:4180} INFO - Setting next_dagrun for example_params_ui_tutorial to None, run_after=None
[2025-03-16T19:29:58.124+0000] {processor.py:208} INFO - Processing /home/airflow/.local/lib/python3.12/site-packages/airflow/example_dags/example_params_ui_tutorial.py took 0.533 seconds
[2025-03-16T19:30:28.399+0000] {processor.py:186} INFO - Started process (PID=91792) to work on /home/airflow/.local/lib/python3.12/site-packages/airflow/example_dags/example_params_ui_tutorial.py
[2025-03-16T19:30:28.401+0000] {processor.py:914} INFO - Processing file /home/airflow/.local/lib/python3.12/site-packages/airflow/example_dags/example_params_ui_tutorial.py for tasks to queue
[2025-03-16T19:30:28.407+0000] {logging_mixin.py:190} INFO - [2025-03-16T19:30:28.405+0000] {dagbag.py:588} INFO - Filling up the DagBag from /home/airflow/.local/lib/python3.12/site-packages/airflow/example_dags/example_params_ui_tutorial.py
[2025-03-16T19:30:28.434+0000] {processor.py:925} INFO - DAG(s) 'example_params_ui_tutorial' retrieved from /home/airflow/.local/lib/python3.12/site-packages/airflow/example_dags/example_params_ui_tutorial.py
[2025-03-16T19:30:28.520+0000] {logging_mixin.py:190} INFO - [2025-03-16T19:30:28.520+0000] {dag.py:3239} INFO - Sync 1 DAGs
[2025-03-16T19:30:28.551+0000] {logging_mixin.py:190} INFO - [2025-03-16T19:30:28.550+0000] {dag.py:4180} INFO - Setting next_dagrun for example_params_ui_tutorial to None, run_after=None
[2025-03-16T19:30:28.587+0000] {processor.py:208} INFO - Processing /home/airflow/.local/lib/python3.12/site-packages/airflow/example_dags/example_params_ui_tutorial.py took 0.197 seconds
[2025-03-16T19:30:59.224+0000] {processor.py:186} INFO - Started process (PID=91856) to work on /home/airflow/.local/lib/python3.12/site-packages/airflow/example_dags/example_params_ui_tutorial.py
[2025-03-16T19:30:59.226+0000] {processor.py:914} INFO - Processing file /home/airflow/.local/lib/python3.12/site-packages/airflow/example_dags/example_params_ui_tutorial.py for tasks to queue
[2025-03-16T19:30:59.230+0000] {logging_mixin.py:190} INFO - [2025-03-16T19:30:59.228+0000] {dagbag.py:588} INFO - Filling up the DagBag from /home/airflow/.local/lib/python3.12/site-packages/airflow/example_dags/example_params_ui_tutorial.py
[2025-03-16T19:30:59.252+0000] {processor.py:925} INFO - DAG(s) 'example_params_ui_tutorial' retrieved from /home/airflow/.local/lib/python3.12/site-packages/airflow/example_dags/example_params_ui_tutorial.py
[2025-03-16T19:30:59.371+0000] {logging_mixin.py:190} INFO - [2025-03-16T19:30:59.370+0000] {dag.py:3239} INFO - Sync 1 DAGs
[2025-03-16T19:30:59.397+0000] {logging_mixin.py:190} INFO - [2025-03-16T19:30:59.396+0000] {dag.py:4180} INFO - Setting next_dagrun for example_params_ui_tutorial to None, run_after=None
[2025-03-16T19:30:59.437+0000] {processor.py:208} INFO - Processing /home/airflow/.local/lib/python3.12/site-packages/airflow/example_dags/example_params_ui_tutorial.py took 0.224 seconds
[2025-03-16T19:31:30.237+0000] {processor.py:186} INFO - Started process (PID=91920) to work on /home/airflow/.local/lib/python3.12/site-packages/airflow/example_dags/example_params_ui_tutorial.py
[2025-03-16T19:31:30.239+0000] {processor.py:914} INFO - Processing file /home/airflow/.local/lib/python3.12/site-packages/airflow/example_dags/example_params_ui_tutorial.py for tasks to queue
[2025-03-16T19:31:30.241+0000] {logging_mixin.py:190} INFO - [2025-03-16T19:31:30.240+0000] {dagbag.py:588} INFO - Filling up the DagBag from /home/airflow/.local/lib/python3.12/site-packages/airflow/example_dags/example_params_ui_tutorial.py
[2025-03-16T19:31:30.258+0000] {processor.py:925} INFO - DAG(s) 'example_params_ui_tutorial' retrieved from /home/airflow/.local/lib/python3.12/site-packages/airflow/example_dags/example_params_ui_tutorial.py
[2025-03-16T19:31:30.341+0000] {logging_mixin.py:190} INFO - [2025-03-16T19:31:30.341+0000] {dag.py:3239} INFO - Sync 1 DAGs
[2025-03-16T19:31:30.369+0000] {logging_mixin.py:190} INFO - [2025-03-16T19:31:30.369+0000] {dag.py:4180} INFO - Setting next_dagrun for example_params_ui_tutorial to None, run_after=None
[2025-03-16T19:31:30.405+0000] {processor.py:208} INFO - Processing /home/airflow/.local/lib/python3.12/site-packages/airflow/example_dags/example_params_ui_tutorial.py took 0.179 seconds
[2025-03-16T19:32:00.861+0000] {processor.py:186} INFO - Started process (PID=91983) to work on /home/airflow/.local/lib/python3.12/site-packages/airflow/example_dags/example_params_ui_tutorial.py
[2025-03-16T19:32:00.862+0000] {processor.py:914} INFO - Processing file /home/airflow/.local/lib/python3.12/site-packages/airflow/example_dags/example_params_ui_tutorial.py for tasks to queue
[2025-03-16T19:32:00.866+0000] {logging_mixin.py:190} INFO - [2025-03-16T19:32:00.865+0000] {dagbag.py:588} INFO - Filling up the DagBag from /home/airflow/.local/lib/python3.12/site-packages/airflow/example_dags/example_params_ui_tutorial.py
[2025-03-16T19:32:00.885+0000] {processor.py:925} INFO - DAG(s) 'example_params_ui_tutorial' retrieved from /home/airflow/.local/lib/python3.12/site-packages/airflow/example_dags/example_params_ui_tutorial.py
[2025-03-16T19:32:00.967+0000] {logging_mixin.py:190} INFO - [2025-03-16T19:32:00.967+0000] {dag.py:3239} INFO - Sync 1 DAGs
[2025-03-16T19:32:00.996+0000] {logging_mixin.py:190} INFO - [2025-03-16T19:32:00.995+0000] {dag.py:4180} INFO - Setting next_dagrun for example_params_ui_tutorial to None, run_after=None
[2025-03-16T19:32:01.035+0000] {processor.py:208} INFO - Processing /home/airflow/.local/lib/python3.12/site-packages/airflow/example_dags/example_params_ui_tutorial.py took 0.182 seconds
[2025-03-16T19:32:31.150+0000] {processor.py:186} INFO - Started process (PID=92047) to work on /home/airflow/.local/lib/python3.12/site-packages/airflow/example_dags/example_params_ui_tutorial.py
[2025-03-16T19:32:31.152+0000] {processor.py:914} INFO - Processing file /home/airflow/.local/lib/python3.12/site-packages/airflow/example_dags/example_params_ui_tutorial.py for tasks to queue
[2025-03-16T19:32:31.154+0000] {logging_mixin.py:190} INFO - [2025-03-16T19:32:31.153+0000] {dagbag.py:588} INFO - Filling up the DagBag from /home/airflow/.local/lib/python3.12/site-packages/airflow/example_dags/example_params_ui_tutorial.py
[2025-03-16T19:32:31.172+0000] {processor.py:925} INFO - DAG(s) 'example_params_ui_tutorial' retrieved from /home/airflow/.local/lib/python3.12/site-packages/airflow/example_dags/example_params_ui_tutorial.py
[2025-03-16T19:32:31.261+0000] {logging_mixin.py:190} INFO - [2025-03-16T19:32:31.260+0000] {dag.py:3239} INFO - Sync 1 DAGs
[2025-03-16T19:32:31.289+0000] {logging_mixin.py:190} INFO - [2025-03-16T19:32:31.289+0000] {dag.py:4180} INFO - Setting next_dagrun for example_params_ui_tutorial to None, run_after=None
[2025-03-16T19:32:31.327+0000] {processor.py:208} INFO - Processing /home/airflow/.local/lib/python3.12/site-packages/airflow/example_dags/example_params_ui_tutorial.py took 0.189 seconds
[2025-03-16T19:33:01.681+0000] {processor.py:186} INFO - Started process (PID=92111) to work on /home/airflow/.local/lib/python3.12/site-packages/airflow/example_dags/example_params_ui_tutorial.py
[2025-03-16T19:33:01.684+0000] {processor.py:914} INFO - Processing file /home/airflow/.local/lib/python3.12/site-packages/airflow/example_dags/example_params_ui_tutorial.py for tasks to queue
[2025-03-16T19:33:01.687+0000] {logging_mixin.py:190} INFO - [2025-03-16T19:33:01.686+0000] {dagbag.py:588} INFO - Filling up the DagBag from /home/airflow/.local/lib/python3.12/site-packages/airflow/example_dags/example_params_ui_tutorial.py
[2025-03-16T19:33:01.705+0000] {processor.py:925} INFO - DAG(s) 'example_params_ui_tutorial' retrieved from /home/airflow/.local/lib/python3.12/site-packages/airflow/example_dags/example_params_ui_tutorial.py
[2025-03-16T19:33:01.780+0000] {logging_mixin.py:190} INFO - [2025-03-16T19:33:01.779+0000] {dag.py:3239} INFO - Sync 1 DAGs
[2025-03-16T19:33:01.805+0000] {logging_mixin.py:190} INFO - [2025-03-16T19:33:01.804+0000] {dag.py:4180} INFO - Setting next_dagrun for example_params_ui_tutorial to None, run_after=None
[2025-03-16T19:33:01.837+0000] {processor.py:208} INFO - Processing /home/airflow/.local/lib/python3.12/site-packages/airflow/example_dags/example_params_ui_tutorial.py took 0.165 seconds
[2025-03-16T19:33:31.929+0000] {processor.py:186} INFO - Started process (PID=92175) to work on /home/airflow/.local/lib/python3.12/site-packages/airflow/example_dags/example_params_ui_tutorial.py
[2025-03-16T19:33:31.931+0000] {processor.py:914} INFO - Processing file /home/airflow/.local/lib/python3.12/site-packages/airflow/example_dags/example_params_ui_tutorial.py for tasks to queue
[2025-03-16T19:33:31.934+0000] {logging_mixin.py:190} INFO - [2025-03-16T19:33:31.933+0000] {dagbag.py:588} INFO - Filling up the DagBag from /home/airflow/.local/lib/python3.12/site-packages/airflow/example_dags/example_params_ui_tutorial.py
[2025-03-16T19:33:31.946+0000] {processor.py:925} INFO - DAG(s) 'example_params_ui_tutorial' retrieved from /home/airflow/.local/lib/python3.12/site-packages/airflow/example_dags/example_params_ui_tutorial.py
[2025-03-16T19:33:32.050+0000] {logging_mixin.py:190} INFO - [2025-03-16T19:33:32.049+0000] {dag.py:3239} INFO - Sync 1 DAGs
[2025-03-16T19:33:32.073+0000] {logging_mixin.py:190} INFO - [2025-03-16T19:33:32.072+0000] {dag.py:4180} INFO - Setting next_dagrun for example_params_ui_tutorial to None, run_after=None
[2025-03-16T19:33:32.101+0000] {processor.py:208} INFO - Processing /home/airflow/.local/lib/python3.12/site-packages/airflow/example_dags/example_params_ui_tutorial.py took 0.181 seconds
[2025-03-16T19:34:02.333+0000] {processor.py:186} INFO - Started process (PID=92239) to work on /home/airflow/.local/lib/python3.12/site-packages/airflow/example_dags/example_params_ui_tutorial.py
[2025-03-16T19:34:02.334+0000] {processor.py:914} INFO - Processing file /home/airflow/.local/lib/python3.12/site-packages/airflow/example_dags/example_params_ui_tutorial.py for tasks to queue
[2025-03-16T19:34:02.338+0000] {logging_mixin.py:190} INFO - [2025-03-16T19:34:02.337+0000] {dagbag.py:588} INFO - Filling up the DagBag from /home/airflow/.local/lib/python3.12/site-packages/airflow/example_dags/example_params_ui_tutorial.py
[2025-03-16T19:34:02.355+0000] {processor.py:925} INFO - DAG(s) 'example_params_ui_tutorial' retrieved from /home/airflow/.local/lib/python3.12/site-packages/airflow/example_dags/example_params_ui_tutorial.py
[2025-03-16T19:34:02.437+0000] {logging_mixin.py:190} INFO - [2025-03-16T19:34:02.436+0000] {dag.py:3239} INFO - Sync 1 DAGs
[2025-03-16T19:34:02.462+0000] {logging_mixin.py:190} INFO - [2025-03-16T19:34:02.462+0000] {dag.py:4180} INFO - Setting next_dagrun for example_params_ui_tutorial to None, run_after=None
[2025-03-16T19:34:02.497+0000] {processor.py:208} INFO - Processing /home/airflow/.local/lib/python3.12/site-packages/airflow/example_dags/example_params_ui_tutorial.py took 0.173 seconds
[2025-03-16T19:34:32.735+0000] {processor.py:186} INFO - Started process (PID=92303) to work on /home/airflow/.local/lib/python3.12/site-packages/airflow/example_dags/example_params_ui_tutorial.py
[2025-03-16T19:34:32.737+0000] {processor.py:914} INFO - Processing file /home/airflow/.local/lib/python3.12/site-packages/airflow/example_dags/example_params_ui_tutorial.py for tasks to queue
[2025-03-16T19:34:32.739+0000] {logging_mixin.py:190} INFO - [2025-03-16T19:34:32.738+0000] {dagbag.py:588} INFO - Filling up the DagBag from /home/airflow/.local/lib/python3.12/site-packages/airflow/example_dags/example_params_ui_tutorial.py
[2025-03-16T19:34:32.752+0000] {processor.py:925} INFO - DAG(s) 'example_params_ui_tutorial' retrieved from /home/airflow/.local/lib/python3.12/site-packages/airflow/example_dags/example_params_ui_tutorial.py
[2025-03-16T19:34:32.819+0000] {logging_mixin.py:190} INFO - [2025-03-16T19:34:32.819+0000] {dag.py:3239} INFO - Sync 1 DAGs
[2025-03-16T19:34:32.845+0000] {logging_mixin.py:190} INFO - [2025-03-16T19:34:32.845+0000] {dag.py:4180} INFO - Setting next_dagrun for example_params_ui_tutorial to None, run_after=None
[2025-03-16T19:34:32.878+0000] {processor.py:208} INFO - Processing /home/airflow/.local/lib/python3.12/site-packages/airflow/example_dags/example_params_ui_tutorial.py took 0.151 seconds
[2025-03-16T19:35:03.145+0000] {processor.py:186} INFO - Started process (PID=92366) to work on /home/airflow/.local/lib/python3.12/site-packages/airflow/example_dags/example_params_ui_tutorial.py
[2025-03-16T19:35:03.146+0000] {processor.py:914} INFO - Processing file /home/airflow/.local/lib/python3.12/site-packages/airflow/example_dags/example_params_ui_tutorial.py for tasks to queue
[2025-03-16T19:35:03.148+0000] {logging_mixin.py:190} INFO - [2025-03-16T19:35:03.148+0000] {dagbag.py:588} INFO - Filling up the DagBag from /home/airflow/.local/lib/python3.12/site-packages/airflow/example_dags/example_params_ui_tutorial.py
[2025-03-16T19:35:03.161+0000] {processor.py:925} INFO - DAG(s) 'example_params_ui_tutorial' retrieved from /home/airflow/.local/lib/python3.12/site-packages/airflow/example_dags/example_params_ui_tutorial.py
[2025-03-16T19:35:03.237+0000] {logging_mixin.py:190} INFO - [2025-03-16T19:35:03.236+0000] {dag.py:3239} INFO - Sync 1 DAGs
[2025-03-16T19:35:03.261+0000] {logging_mixin.py:190} INFO - [2025-03-16T19:35:03.261+0000] {dag.py:4180} INFO - Setting next_dagrun for example_params_ui_tutorial to None, run_after=None
[2025-03-16T19:35:03.290+0000] {processor.py:208} INFO - Processing /home/airflow/.local/lib/python3.12/site-packages/airflow/example_dags/example_params_ui_tutorial.py took 0.153 seconds
[2025-03-16T19:35:33.762+0000] {processor.py:186} INFO - Started process (PID=92430) to work on /home/airflow/.local/lib/python3.12/site-packages/airflow/example_dags/example_params_ui_tutorial.py
[2025-03-16T19:35:33.764+0000] {processor.py:914} INFO - Processing file /home/airflow/.local/lib/python3.12/site-packages/airflow/example_dags/example_params_ui_tutorial.py for tasks to queue
[2025-03-16T19:35:33.767+0000] {logging_mixin.py:190} INFO - [2025-03-16T19:35:33.766+0000] {dagbag.py:588} INFO - Filling up the DagBag from /home/airflow/.local/lib/python3.12/site-packages/airflow/example_dags/example_params_ui_tutorial.py
[2025-03-16T19:35:33.781+0000] {processor.py:925} INFO - DAG(s) 'example_params_ui_tutorial' retrieved from /home/airflow/.local/lib/python3.12/site-packages/airflow/example_dags/example_params_ui_tutorial.py
[2025-03-16T19:35:33.858+0000] {logging_mixin.py:190} INFO - [2025-03-16T19:35:33.858+0000] {dag.py:3239} INFO - Sync 1 DAGs
[2025-03-16T19:35:33.885+0000] {logging_mixin.py:190} INFO - [2025-03-16T19:35:33.884+0000] {dag.py:4180} INFO - Setting next_dagrun for example_params_ui_tutorial to None, run_after=None
[2025-03-16T19:35:33.919+0000] {processor.py:208} INFO - Processing /home/airflow/.local/lib/python3.12/site-packages/airflow/example_dags/example_params_ui_tutorial.py took 0.167 seconds
[2025-03-16T19:36:05.219+0000] {processor.py:186} INFO - Started process (PID=92494) to work on /home/airflow/.local/lib/python3.12/site-packages/airflow/example_dags/example_params_ui_tutorial.py
[2025-03-16T19:36:05.221+0000] {processor.py:914} INFO - Processing file /home/airflow/.local/lib/python3.12/site-packages/airflow/example_dags/example_params_ui_tutorial.py for tasks to queue
[2025-03-16T19:36:05.224+0000] {logging_mixin.py:190} INFO - [2025-03-16T19:36:05.223+0000] {dagbag.py:588} INFO - Filling up the DagBag from /home/airflow/.local/lib/python3.12/site-packages/airflow/example_dags/example_params_ui_tutorial.py
[2025-03-16T19:36:05.241+0000] {processor.py:925} INFO - DAG(s) 'example_params_ui_tutorial' retrieved from /home/airflow/.local/lib/python3.12/site-packages/airflow/example_dags/example_params_ui_tutorial.py
[2025-03-16T19:36:05.319+0000] {logging_mixin.py:190} INFO - [2025-03-16T19:36:05.319+0000] {dag.py:3239} INFO - Sync 1 DAGs
[2025-03-16T19:36:05.353+0000] {logging_mixin.py:190} INFO - [2025-03-16T19:36:05.352+0000] {dag.py:4180} INFO - Setting next_dagrun for example_params_ui_tutorial to None, run_after=None
[2025-03-16T19:36:05.384+0000] {processor.py:208} INFO - Processing /home/airflow/.local/lib/python3.12/site-packages/airflow/example_dags/example_params_ui_tutorial.py took 0.176 seconds
[2025-03-16T19:36:35.720+0000] {processor.py:186} INFO - Started process (PID=92558) to work on /home/airflow/.local/lib/python3.12/site-packages/airflow/example_dags/example_params_ui_tutorial.py
[2025-03-16T19:36:35.721+0000] {processor.py:914} INFO - Processing file /home/airflow/.local/lib/python3.12/site-packages/airflow/example_dags/example_params_ui_tutorial.py for tasks to queue
[2025-03-16T19:36:35.723+0000] {logging_mixin.py:190} INFO - [2025-03-16T19:36:35.723+0000] {dagbag.py:588} INFO - Filling up the DagBag from /home/airflow/.local/lib/python3.12/site-packages/airflow/example_dags/example_params_ui_tutorial.py
[2025-03-16T19:36:35.737+0000] {processor.py:925} INFO - DAG(s) 'example_params_ui_tutorial' retrieved from /home/airflow/.local/lib/python3.12/site-packages/airflow/example_dags/example_params_ui_tutorial.py
[2025-03-16T19:36:35.807+0000] {logging_mixin.py:190} INFO - [2025-03-16T19:36:35.806+0000] {dag.py:3239} INFO - Sync 1 DAGs
[2025-03-16T19:36:35.830+0000] {logging_mixin.py:190} INFO - [2025-03-16T19:36:35.830+0000] {dag.py:4180} INFO - Setting next_dagrun for example_params_ui_tutorial to None, run_after=None
[2025-03-16T19:36:35.857+0000] {processor.py:208} INFO - Processing /home/airflow/.local/lib/python3.12/site-packages/airflow/example_dags/example_params_ui_tutorial.py took 0.146 seconds
[2025-03-16T19:37:06.116+0000] {processor.py:186} INFO - Started process (PID=92621) to work on /home/airflow/.local/lib/python3.12/site-packages/airflow/example_dags/example_params_ui_tutorial.py
[2025-03-16T19:37:06.118+0000] {processor.py:914} INFO - Processing file /home/airflow/.local/lib/python3.12/site-packages/airflow/example_dags/example_params_ui_tutorial.py for tasks to queue
[2025-03-16T19:37:06.121+0000] {logging_mixin.py:190} INFO - [2025-03-16T19:37:06.120+0000] {dagbag.py:588} INFO - Filling up the DagBag from /home/airflow/.local/lib/python3.12/site-packages/airflow/example_dags/example_params_ui_tutorial.py
[2025-03-16T19:37:06.140+0000] {processor.py:925} INFO - DAG(s) 'example_params_ui_tutorial' retrieved from /home/airflow/.local/lib/python3.12/site-packages/airflow/example_dags/example_params_ui_tutorial.py
[2025-03-16T19:37:06.231+0000] {logging_mixin.py:190} INFO - [2025-03-16T19:37:06.230+0000] {dag.py:3239} INFO - Sync 1 DAGs
[2025-03-16T19:37:06.260+0000] {logging_mixin.py:190} INFO - [2025-03-16T19:37:06.260+0000] {dag.py:4180} INFO - Setting next_dagrun for example_params_ui_tutorial to None, run_after=None
[2025-03-16T19:37:06.290+0000] {processor.py:208} INFO - Processing /home/airflow/.local/lib/python3.12/site-packages/airflow/example_dags/example_params_ui_tutorial.py took 0.186 seconds
[2025-03-16T19:37:36.787+0000] {processor.py:186} INFO - Started process (PID=92685) to work on /home/airflow/.local/lib/python3.12/site-packages/airflow/example_dags/example_params_ui_tutorial.py
[2025-03-16T19:37:36.789+0000] {processor.py:914} INFO - Processing file /home/airflow/.local/lib/python3.12/site-packages/airflow/example_dags/example_params_ui_tutorial.py for tasks to queue
[2025-03-16T19:37:36.792+0000] {logging_mixin.py:190} INFO - [2025-03-16T19:37:36.791+0000] {dagbag.py:588} INFO - Filling up the DagBag from /home/airflow/.local/lib/python3.12/site-packages/airflow/example_dags/example_params_ui_tutorial.py
[2025-03-16T19:37:36.809+0000] {processor.py:925} INFO - DAG(s) 'example_params_ui_tutorial' retrieved from /home/airflow/.local/lib/python3.12/site-packages/airflow/example_dags/example_params_ui_tutorial.py
[2025-03-16T19:37:36.882+0000] {logging_mixin.py:190} INFO - [2025-03-16T19:37:36.882+0000] {dag.py:3239} INFO - Sync 1 DAGs
[2025-03-16T19:37:36.905+0000] {logging_mixin.py:190} INFO - [2025-03-16T19:37:36.904+0000] {dag.py:4180} INFO - Setting next_dagrun for example_params_ui_tutorial to None, run_after=None
[2025-03-16T19:37:36.936+0000] {processor.py:208} INFO - Processing /home/airflow/.local/lib/python3.12/site-packages/airflow/example_dags/example_params_ui_tutorial.py took 0.159 seconds
[2025-03-16T19:38:07.129+0000] {processor.py:186} INFO - Started process (PID=92749) to work on /home/airflow/.local/lib/python3.12/site-packages/airflow/example_dags/example_params_ui_tutorial.py
[2025-03-16T19:38:07.131+0000] {processor.py:914} INFO - Processing file /home/airflow/.local/lib/python3.12/site-packages/airflow/example_dags/example_params_ui_tutorial.py for tasks to queue
[2025-03-16T19:38:07.133+0000] {logging_mixin.py:190} INFO - [2025-03-16T19:38:07.133+0000] {dagbag.py:588} INFO - Filling up the DagBag from /home/airflow/.local/lib/python3.12/site-packages/airflow/example_dags/example_params_ui_tutorial.py
[2025-03-16T19:38:07.152+0000] {processor.py:925} INFO - DAG(s) 'example_params_ui_tutorial' retrieved from /home/airflow/.local/lib/python3.12/site-packages/airflow/example_dags/example_params_ui_tutorial.py
[2025-03-16T19:38:07.248+0000] {logging_mixin.py:190} INFO - [2025-03-16T19:38:07.247+0000] {dag.py:3239} INFO - Sync 1 DAGs
[2025-03-16T19:38:07.279+0000] {logging_mixin.py:190} INFO - [2025-03-16T19:38:07.278+0000] {dag.py:4180} INFO - Setting next_dagrun for example_params_ui_tutorial to None, run_after=None
[2025-03-16T19:38:07.312+0000] {processor.py:208} INFO - Processing /home/airflow/.local/lib/python3.12/site-packages/airflow/example_dags/example_params_ui_tutorial.py took 0.194 seconds
[2025-03-16T19:38:37.500+0000] {processor.py:186} INFO - Started process (PID=92813) to work on /home/airflow/.local/lib/python3.12/site-packages/airflow/example_dags/example_params_ui_tutorial.py
[2025-03-16T19:38:37.503+0000] {processor.py:914} INFO - Processing file /home/airflow/.local/lib/python3.12/site-packages/airflow/example_dags/example_params_ui_tutorial.py for tasks to queue
[2025-03-16T19:38:37.505+0000] {logging_mixin.py:190} INFO - [2025-03-16T19:38:37.505+0000] {dagbag.py:588} INFO - Filling up the DagBag from /home/airflow/.local/lib/python3.12/site-packages/airflow/example_dags/example_params_ui_tutorial.py
[2025-03-16T19:38:37.521+0000] {processor.py:925} INFO - DAG(s) 'example_params_ui_tutorial' retrieved from /home/airflow/.local/lib/python3.12/site-packages/airflow/example_dags/example_params_ui_tutorial.py
[2025-03-16T19:38:37.604+0000] {logging_mixin.py:190} INFO - [2025-03-16T19:38:37.604+0000] {dag.py:3239} INFO - Sync 1 DAGs
[2025-03-16T19:38:37.632+0000] {logging_mixin.py:190} INFO - [2025-03-16T19:38:37.632+0000] {dag.py:4180} INFO - Setting next_dagrun for example_params_ui_tutorial to None, run_after=None
[2025-03-16T19:38:37.675+0000] {processor.py:208} INFO - Processing /home/airflow/.local/lib/python3.12/site-packages/airflow/example_dags/example_params_ui_tutorial.py took 0.185 seconds
[2025-03-16T19:39:08.151+0000] {processor.py:186} INFO - Started process (PID=92876) to work on /home/airflow/.local/lib/python3.12/site-packages/airflow/example_dags/example_params_ui_tutorial.py
[2025-03-16T19:39:08.153+0000] {processor.py:914} INFO - Processing file /home/airflow/.local/lib/python3.12/site-packages/airflow/example_dags/example_params_ui_tutorial.py for tasks to queue
[2025-03-16T19:39:08.156+0000] {logging_mixin.py:190} INFO - [2025-03-16T19:39:08.155+0000] {dagbag.py:588} INFO - Filling up the DagBag from /home/airflow/.local/lib/python3.12/site-packages/airflow/example_dags/example_params_ui_tutorial.py
[2025-03-16T19:39:08.173+0000] {processor.py:925} INFO - DAG(s) 'example_params_ui_tutorial' retrieved from /home/airflow/.local/lib/python3.12/site-packages/airflow/example_dags/example_params_ui_tutorial.py
[2025-03-16T19:39:08.245+0000] {logging_mixin.py:190} INFO - [2025-03-16T19:39:08.244+0000] {dag.py:3239} INFO - Sync 1 DAGs
[2025-03-16T19:39:08.271+0000] {logging_mixin.py:190} INFO - [2025-03-16T19:39:08.270+0000] {dag.py:4180} INFO - Setting next_dagrun for example_params_ui_tutorial to None, run_after=None
[2025-03-16T19:39:08.304+0000] {processor.py:208} INFO - Processing /home/airflow/.local/lib/python3.12/site-packages/airflow/example_dags/example_params_ui_tutorial.py took 0.162 seconds
