[2025-03-16T19:07:50.875+0000] {processor.py:186} INFO - Started process (PID=88942) to work on /home/airflow/.local/lib/python3.12/site-packages/airflow/example_dags/example_branch_day_of_week_operator.py
[2025-03-16T19:07:50.876+0000] {processor.py:914} INFO - Processing file /home/airflow/.local/lib/python3.12/site-packages/airflow/example_dags/example_branch_day_of_week_operator.py for tasks to queue
[2025-03-16T19:07:50.879+0000] {logging_mixin.py:190} INFO - [2025-03-16T19:07:50.878+0000] {dagbag.py:588} INFO - Filling up the DagBag from /home/airflow/.local/lib/python3.12/site-packages/airflow/example_dags/example_branch_day_of_week_operator.py
[2025-03-16T19:07:50.896+0000] {processor.py:925} INFO - DAG(s) 'example_weekday_branch_operator' retrieved from /home/airflow/.local/lib/python3.12/site-packages/airflow/example_dags/example_branch_day_of_week_operator.py
[2025-03-16T19:07:50.929+0000] {logging_mixin.py:190} INFO - [2025-03-16T19:07:50.929+0000] {dag.py:3239} INFO - Sync 1 DAGs
[2025-03-16T19:07:50.969+0000] {logging_mixin.py:190} INFO - [2025-03-16T19:07:50.969+0000] {dag.py:4180} INFO - Setting next_dagrun for example_weekday_branch_operator to 2025-03-15 00:00:00+00:00, run_after=2025-03-16 00:00:00+00:00
[2025-03-16T19:07:50.993+0000] {processor.py:208} INFO - Processing /home/airflow/.local/lib/python3.12/site-packages/airflow/example_dags/example_branch_day_of_week_operator.py took 0.127 seconds
[2025-03-16T19:08:21.677+0000] {processor.py:186} INFO - Started process (PID=89006) to work on /home/airflow/.local/lib/python3.12/site-packages/airflow/example_dags/example_branch_day_of_week_operator.py
[2025-03-16T19:08:21.679+0000] {processor.py:914} INFO - Processing file /home/airflow/.local/lib/python3.12/site-packages/airflow/example_dags/example_branch_day_of_week_operator.py for tasks to queue
[2025-03-16T19:08:21.681+0000] {logging_mixin.py:190} INFO - [2025-03-16T19:08:21.680+0000] {dagbag.py:588} INFO - Filling up the DagBag from /home/airflow/.local/lib/python3.12/site-packages/airflow/example_dags/example_branch_day_of_week_operator.py
[2025-03-16T19:08:21.695+0000] {processor.py:925} INFO - DAG(s) 'example_weekday_branch_operator' retrieved from /home/airflow/.local/lib/python3.12/site-packages/airflow/example_dags/example_branch_day_of_week_operator.py
[2025-03-16T19:08:21.748+0000] {logging_mixin.py:190} INFO - [2025-03-16T19:08:21.747+0000] {dag.py:3239} INFO - Sync 1 DAGs
[2025-03-16T19:08:21.775+0000] {logging_mixin.py:190} INFO - [2025-03-16T19:08:21.775+0000] {dag.py:4180} INFO - Setting next_dagrun for example_weekday_branch_operator to 2025-03-15 00:00:00+00:00, run_after=2025-03-16 00:00:00+00:00
[2025-03-16T19:08:21.803+0000] {processor.py:208} INFO - Processing /home/airflow/.local/lib/python3.12/site-packages/airflow/example_dags/example_branch_day_of_week_operator.py took 0.135 seconds
[2025-03-16T19:08:52.498+0000] {processor.py:186} INFO - Started process (PID=89070) to work on /home/airflow/.local/lib/python3.12/site-packages/airflow/example_dags/example_branch_day_of_week_operator.py
[2025-03-16T19:08:52.499+0000] {processor.py:914} INFO - Processing file /home/airflow/.local/lib/python3.12/site-packages/airflow/example_dags/example_branch_day_of_week_operator.py for tasks to queue
[2025-03-16T19:08:52.501+0000] {logging_mixin.py:190} INFO - [2025-03-16T19:08:52.500+0000] {dagbag.py:588} INFO - Filling up the DagBag from /home/airflow/.local/lib/python3.12/site-packages/airflow/example_dags/example_branch_day_of_week_operator.py
[2025-03-16T19:08:52.511+0000] {processor.py:925} INFO - DAG(s) 'example_weekday_branch_operator' retrieved from /home/airflow/.local/lib/python3.12/site-packages/airflow/example_dags/example_branch_day_of_week_operator.py
[2025-03-16T19:08:52.532+0000] {logging_mixin.py:190} INFO - [2025-03-16T19:08:52.532+0000] {dag.py:3239} INFO - Sync 1 DAGs
[2025-03-16T19:08:52.555+0000] {logging_mixin.py:190} INFO - [2025-03-16T19:08:52.555+0000] {dag.py:4180} INFO - Setting next_dagrun for example_weekday_branch_operator to 2025-03-15 00:00:00+00:00, run_after=2025-03-16 00:00:00+00:00
[2025-03-16T19:08:52.572+0000] {processor.py:208} INFO - Processing /home/airflow/.local/lib/python3.12/site-packages/airflow/example_dags/example_branch_day_of_week_operator.py took 0.081 seconds
[2025-03-16T19:09:23.034+0000] {processor.py:186} INFO - Started process (PID=89134) to work on /home/airflow/.local/lib/python3.12/site-packages/airflow/example_dags/example_branch_day_of_week_operator.py
[2025-03-16T19:09:23.036+0000] {processor.py:914} INFO - Processing file /home/airflow/.local/lib/python3.12/site-packages/airflow/example_dags/example_branch_day_of_week_operator.py for tasks to queue
[2025-03-16T19:09:23.038+0000] {logging_mixin.py:190} INFO - [2025-03-16T19:09:23.038+0000] {dagbag.py:588} INFO - Filling up the DagBag from /home/airflow/.local/lib/python3.12/site-packages/airflow/example_dags/example_branch_day_of_week_operator.py
[2025-03-16T19:09:23.048+0000] {processor.py:925} INFO - DAG(s) 'example_weekday_branch_operator' retrieved from /home/airflow/.local/lib/python3.12/site-packages/airflow/example_dags/example_branch_day_of_week_operator.py
[2025-03-16T19:09:23.070+0000] {logging_mixin.py:190} INFO - [2025-03-16T19:09:23.069+0000] {dag.py:3239} INFO - Sync 1 DAGs
[2025-03-16T19:09:23.094+0000] {logging_mixin.py:190} INFO - [2025-03-16T19:09:23.094+0000] {dag.py:4180} INFO - Setting next_dagrun for example_weekday_branch_operator to 2025-03-15 00:00:00+00:00, run_after=2025-03-16 00:00:00+00:00
[2025-03-16T19:09:23.116+0000] {processor.py:208} INFO - Processing /home/airflow/.local/lib/python3.12/site-packages/airflow/example_dags/example_branch_day_of_week_operator.py took 0.086 seconds
[2025-03-16T19:09:53.258+0000] {processor.py:186} INFO - Started process (PID=89198) to work on /home/airflow/.local/lib/python3.12/site-packages/airflow/example_dags/example_branch_day_of_week_operator.py
[2025-03-16T19:09:53.259+0000] {processor.py:914} INFO - Processing file /home/airflow/.local/lib/python3.12/site-packages/airflow/example_dags/example_branch_day_of_week_operator.py for tasks to queue
[2025-03-16T19:09:53.261+0000] {logging_mixin.py:190} INFO - [2025-03-16T19:09:53.260+0000] {dagbag.py:588} INFO - Filling up the DagBag from /home/airflow/.local/lib/python3.12/site-packages/airflow/example_dags/example_branch_day_of_week_operator.py
[2025-03-16T19:09:53.268+0000] {processor.py:925} INFO - DAG(s) 'example_weekday_branch_operator' retrieved from /home/airflow/.local/lib/python3.12/site-packages/airflow/example_dags/example_branch_day_of_week_operator.py
[2025-03-16T19:09:53.293+0000] {logging_mixin.py:190} INFO - [2025-03-16T19:09:53.293+0000] {dag.py:3239} INFO - Sync 1 DAGs
[2025-03-16T19:09:53.319+0000] {logging_mixin.py:190} INFO - [2025-03-16T19:09:53.319+0000] {dag.py:4180} INFO - Setting next_dagrun for example_weekday_branch_operator to 2025-03-15 00:00:00+00:00, run_after=2025-03-16 00:00:00+00:00
[2025-03-16T19:09:53.340+0000] {processor.py:208} INFO - Processing /home/airflow/.local/lib/python3.12/site-packages/airflow/example_dags/example_branch_day_of_week_operator.py took 0.088 seconds
[2025-03-16T19:10:24.261+0000] {processor.py:186} INFO - Started process (PID=89263) to work on /home/airflow/.local/lib/python3.12/site-packages/airflow/example_dags/example_branch_day_of_week_operator.py
[2025-03-16T19:10:24.264+0000] {processor.py:914} INFO - Processing file /home/airflow/.local/lib/python3.12/site-packages/airflow/example_dags/example_branch_day_of_week_operator.py for tasks to queue
[2025-03-16T19:10:24.267+0000] {logging_mixin.py:190} INFO - [2025-03-16T19:10:24.266+0000] {dagbag.py:588} INFO - Filling up the DagBag from /home/airflow/.local/lib/python3.12/site-packages/airflow/example_dags/example_branch_day_of_week_operator.py
[2025-03-16T19:10:24.278+0000] {processor.py:925} INFO - DAG(s) 'example_weekday_branch_operator' retrieved from /home/airflow/.local/lib/python3.12/site-packages/airflow/example_dags/example_branch_day_of_week_operator.py
[2025-03-16T19:10:24.304+0000] {logging_mixin.py:190} INFO - [2025-03-16T19:10:24.303+0000] {dag.py:3239} INFO - Sync 1 DAGs
[2025-03-16T19:10:24.335+0000] {logging_mixin.py:190} INFO - [2025-03-16T19:10:24.334+0000] {dag.py:4180} INFO - Setting next_dagrun for example_weekday_branch_operator to 2025-03-15 00:00:00+00:00, run_after=2025-03-16 00:00:00+00:00
[2025-03-16T19:10:24.361+0000] {processor.py:208} INFO - Processing /home/airflow/.local/lib/python3.12/site-packages/airflow/example_dags/example_branch_day_of_week_operator.py took 0.108 seconds
[2025-03-16T19:10:54.671+0000] {processor.py:186} INFO - Started process (PID=89327) to work on /home/airflow/.local/lib/python3.12/site-packages/airflow/example_dags/example_branch_day_of_week_operator.py
[2025-03-16T19:10:54.672+0000] {processor.py:914} INFO - Processing file /home/airflow/.local/lib/python3.12/site-packages/airflow/example_dags/example_branch_day_of_week_operator.py for tasks to queue
[2025-03-16T19:10:54.674+0000] {logging_mixin.py:190} INFO - [2025-03-16T19:10:54.674+0000] {dagbag.py:588} INFO - Filling up the DagBag from /home/airflow/.local/lib/python3.12/site-packages/airflow/example_dags/example_branch_day_of_week_operator.py
[2025-03-16T19:10:54.685+0000] {processor.py:925} INFO - DAG(s) 'example_weekday_branch_operator' retrieved from /home/airflow/.local/lib/python3.12/site-packages/airflow/example_dags/example_branch_day_of_week_operator.py
[2025-03-16T19:10:54.710+0000] {logging_mixin.py:190} INFO - [2025-03-16T19:10:54.710+0000] {dag.py:3239} INFO - Sync 1 DAGs
[2025-03-16T19:10:54.738+0000] {logging_mixin.py:190} INFO - [2025-03-16T19:10:54.738+0000] {dag.py:4180} INFO - Setting next_dagrun for example_weekday_branch_operator to 2025-03-15 00:00:00+00:00, run_after=2025-03-16 00:00:00+00:00
[2025-03-16T19:10:54.768+0000] {processor.py:208} INFO - Processing /home/airflow/.local/lib/python3.12/site-packages/airflow/example_dags/example_branch_day_of_week_operator.py took 0.102 seconds
[2025-03-16T19:11:25.096+0000] {processor.py:186} INFO - Started process (PID=89397) to work on /home/airflow/.local/lib/python3.12/site-packages/airflow/example_dags/example_branch_day_of_week_operator.py
[2025-03-16T19:11:25.097+0000] {processor.py:914} INFO - Processing file /home/airflow/.local/lib/python3.12/site-packages/airflow/example_dags/example_branch_day_of_week_operator.py for tasks to queue
[2025-03-16T19:11:25.099+0000] {logging_mixin.py:190} INFO - [2025-03-16T19:11:25.099+0000] {dagbag.py:588} INFO - Filling up the DagBag from /home/airflow/.local/lib/python3.12/site-packages/airflow/example_dags/example_branch_day_of_week_operator.py
[2025-03-16T19:11:25.108+0000] {processor.py:925} INFO - DAG(s) 'example_weekday_branch_operator' retrieved from /home/airflow/.local/lib/python3.12/site-packages/airflow/example_dags/example_branch_day_of_week_operator.py
[2025-03-16T19:11:25.134+0000] {logging_mixin.py:190} INFO - [2025-03-16T19:11:25.134+0000] {dag.py:3239} INFO - Sync 1 DAGs
[2025-03-16T19:11:25.163+0000] {logging_mixin.py:190} INFO - [2025-03-16T19:11:25.163+0000] {dag.py:4180} INFO - Setting next_dagrun for example_weekday_branch_operator to 2025-03-15 00:00:00+00:00, run_after=2025-03-16 00:00:00+00:00
[2025-03-16T19:11:25.190+0000] {processor.py:208} INFO - Processing /home/airflow/.local/lib/python3.12/site-packages/airflow/example_dags/example_branch_day_of_week_operator.py took 0.100 seconds
[2025-03-16T19:11:55.783+0000] {processor.py:186} INFO - Started process (PID=89461) to work on /home/airflow/.local/lib/python3.12/site-packages/airflow/example_dags/example_branch_day_of_week_operator.py
[2025-03-16T19:11:55.784+0000] {processor.py:914} INFO - Processing file /home/airflow/.local/lib/python3.12/site-packages/airflow/example_dags/example_branch_day_of_week_operator.py for tasks to queue
[2025-03-16T19:11:55.786+0000] {logging_mixin.py:190} INFO - [2025-03-16T19:11:55.786+0000] {dagbag.py:588} INFO - Filling up the DagBag from /home/airflow/.local/lib/python3.12/site-packages/airflow/example_dags/example_branch_day_of_week_operator.py
[2025-03-16T19:11:55.796+0000] {processor.py:925} INFO - DAG(s) 'example_weekday_branch_operator' retrieved from /home/airflow/.local/lib/python3.12/site-packages/airflow/example_dags/example_branch_day_of_week_operator.py
[2025-03-16T19:11:55.820+0000] {logging_mixin.py:190} INFO - [2025-03-16T19:11:55.820+0000] {dag.py:3239} INFO - Sync 1 DAGs
[2025-03-16T19:11:55.850+0000] {logging_mixin.py:190} INFO - [2025-03-16T19:11:55.850+0000] {dag.py:4180} INFO - Setting next_dagrun for example_weekday_branch_operator to 2025-03-15 00:00:00+00:00, run_after=2025-03-16 00:00:00+00:00
[2025-03-16T19:11:55.873+0000] {processor.py:208} INFO - Processing /home/airflow/.local/lib/python3.12/site-packages/airflow/example_dags/example_branch_day_of_week_operator.py took 0.096 seconds
[2025-03-16T19:12:26.669+0000] {processor.py:186} INFO - Started process (PID=89525) to work on /home/airflow/.local/lib/python3.12/site-packages/airflow/example_dags/example_branch_day_of_week_operator.py
[2025-03-16T19:12:26.671+0000] {processor.py:914} INFO - Processing file /home/airflow/.local/lib/python3.12/site-packages/airflow/example_dags/example_branch_day_of_week_operator.py for tasks to queue
[2025-03-16T19:12:26.677+0000] {logging_mixin.py:190} INFO - [2025-03-16T19:12:26.675+0000] {dagbag.py:588} INFO - Filling up the DagBag from /home/airflow/.local/lib/python3.12/site-packages/airflow/example_dags/example_branch_day_of_week_operator.py
[2025-03-16T19:12:26.697+0000] {processor.py:925} INFO - DAG(s) 'example_weekday_branch_operator' retrieved from /home/airflow/.local/lib/python3.12/site-packages/airflow/example_dags/example_branch_day_of_week_operator.py
[2025-03-16T19:12:26.739+0000] {logging_mixin.py:190} INFO - [2025-03-16T19:12:26.738+0000] {dag.py:3239} INFO - Sync 1 DAGs
[2025-03-16T19:12:26.776+0000] {logging_mixin.py:190} INFO - [2025-03-16T19:12:26.776+0000] {dag.py:4180} INFO - Setting next_dagrun for example_weekday_branch_operator to 2025-03-15 00:00:00+00:00, run_after=2025-03-16 00:00:00+00:00
[2025-03-16T19:12:26.800+0000] {processor.py:208} INFO - Processing /home/airflow/.local/lib/python3.12/site-packages/airflow/example_dags/example_branch_day_of_week_operator.py took 0.143 seconds
[2025-03-16T19:12:57.795+0000] {processor.py:186} INFO - Started process (PID=89591) to work on /home/airflow/.local/lib/python3.12/site-packages/airflow/example_dags/example_branch_day_of_week_operator.py
[2025-03-16T19:12:57.796+0000] {processor.py:914} INFO - Processing file /home/airflow/.local/lib/python3.12/site-packages/airflow/example_dags/example_branch_day_of_week_operator.py for tasks to queue
[2025-03-16T19:12:57.798+0000] {logging_mixin.py:190} INFO - [2025-03-16T19:12:57.798+0000] {dagbag.py:588} INFO - Filling up the DagBag from /home/airflow/.local/lib/python3.12/site-packages/airflow/example_dags/example_branch_day_of_week_operator.py
[2025-03-16T19:12:57.808+0000] {processor.py:925} INFO - DAG(s) 'example_weekday_branch_operator' retrieved from /home/airflow/.local/lib/python3.12/site-packages/airflow/example_dags/example_branch_day_of_week_operator.py
[2025-03-16T19:12:57.837+0000] {logging_mixin.py:190} INFO - [2025-03-16T19:12:57.837+0000] {dag.py:3239} INFO - Sync 1 DAGs
[2025-03-16T19:12:57.864+0000] {logging_mixin.py:190} INFO - [2025-03-16T19:12:57.864+0000] {dag.py:4180} INFO - Setting next_dagrun for example_weekday_branch_operator to 2025-03-15 00:00:00+00:00, run_after=2025-03-16 00:00:00+00:00
[2025-03-16T19:12:57.891+0000] {processor.py:208} INFO - Processing /home/airflow/.local/lib/python3.12/site-packages/airflow/example_dags/example_branch_day_of_week_operator.py took 0.102 seconds
[2025-03-16T19:13:28.234+0000] {processor.py:186} INFO - Started process (PID=89656) to work on /home/airflow/.local/lib/python3.12/site-packages/airflow/example_dags/example_branch_day_of_week_operator.py
[2025-03-16T19:13:28.236+0000] {processor.py:914} INFO - Processing file /home/airflow/.local/lib/python3.12/site-packages/airflow/example_dags/example_branch_day_of_week_operator.py for tasks to queue
[2025-03-16T19:13:28.237+0000] {logging_mixin.py:190} INFO - [2025-03-16T19:13:28.237+0000] {dagbag.py:588} INFO - Filling up the DagBag from /home/airflow/.local/lib/python3.12/site-packages/airflow/example_dags/example_branch_day_of_week_operator.py
[2025-03-16T19:13:28.248+0000] {processor.py:925} INFO - DAG(s) 'example_weekday_branch_operator' retrieved from /home/airflow/.local/lib/python3.12/site-packages/airflow/example_dags/example_branch_day_of_week_operator.py
[2025-03-16T19:13:28.275+0000] {logging_mixin.py:190} INFO - [2025-03-16T19:13:28.274+0000] {dag.py:3239} INFO - Sync 1 DAGs
[2025-03-16T19:13:28.309+0000] {logging_mixin.py:190} INFO - [2025-03-16T19:13:28.309+0000] {dag.py:4180} INFO - Setting next_dagrun for example_weekday_branch_operator to 2025-03-15 00:00:00+00:00, run_after=2025-03-16 00:00:00+00:00
[2025-03-16T19:13:28.351+0000] {processor.py:208} INFO - Processing /home/airflow/.local/lib/python3.12/site-packages/airflow/example_dags/example_branch_day_of_week_operator.py took 0.124 seconds
[2025-03-16T19:13:58.528+0000] {processor.py:186} INFO - Started process (PID=89720) to work on /home/airflow/.local/lib/python3.12/site-packages/airflow/example_dags/example_branch_day_of_week_operator.py
[2025-03-16T19:13:58.529+0000] {processor.py:914} INFO - Processing file /home/airflow/.local/lib/python3.12/site-packages/airflow/example_dags/example_branch_day_of_week_operator.py for tasks to queue
[2025-03-16T19:13:58.531+0000] {logging_mixin.py:190} INFO - [2025-03-16T19:13:58.531+0000] {dagbag.py:588} INFO - Filling up the DagBag from /home/airflow/.local/lib/python3.12/site-packages/airflow/example_dags/example_branch_day_of_week_operator.py
[2025-03-16T19:13:58.544+0000] {processor.py:925} INFO - DAG(s) 'example_weekday_branch_operator' retrieved from /home/airflow/.local/lib/python3.12/site-packages/airflow/example_dags/example_branch_day_of_week_operator.py
[2025-03-16T19:13:58.568+0000] {logging_mixin.py:190} INFO - [2025-03-16T19:13:58.568+0000] {dag.py:3239} INFO - Sync 1 DAGs
[2025-03-16T19:13:58.591+0000] {logging_mixin.py:190} INFO - [2025-03-16T19:13:58.591+0000] {dag.py:4180} INFO - Setting next_dagrun for example_weekday_branch_operator to 2025-03-15 00:00:00+00:00, run_after=2025-03-16 00:00:00+00:00
[2025-03-16T19:13:58.614+0000] {processor.py:208} INFO - Processing /home/airflow/.local/lib/python3.12/site-packages/airflow/example_dags/example_branch_day_of_week_operator.py took 0.092 seconds
[2025-03-16T19:14:28.911+0000] {processor.py:186} INFO - Started process (PID=89784) to work on /home/airflow/.local/lib/python3.12/site-packages/airflow/example_dags/example_branch_day_of_week_operator.py
[2025-03-16T19:14:28.912+0000] {processor.py:914} INFO - Processing file /home/airflow/.local/lib/python3.12/site-packages/airflow/example_dags/example_branch_day_of_week_operator.py for tasks to queue
[2025-03-16T19:14:28.914+0000] {logging_mixin.py:190} INFO - [2025-03-16T19:14:28.914+0000] {dagbag.py:588} INFO - Filling up the DagBag from /home/airflow/.local/lib/python3.12/site-packages/airflow/example_dags/example_branch_day_of_week_operator.py
[2025-03-16T19:14:28.927+0000] {processor.py:925} INFO - DAG(s) 'example_weekday_branch_operator' retrieved from /home/airflow/.local/lib/python3.12/site-packages/airflow/example_dags/example_branch_day_of_week_operator.py
[2025-03-16T19:14:28.957+0000] {logging_mixin.py:190} INFO - [2025-03-16T19:14:28.957+0000] {dag.py:3239} INFO - Sync 1 DAGs
[2025-03-16T19:14:28.990+0000] {logging_mixin.py:190} INFO - [2025-03-16T19:14:28.989+0000] {dag.py:4180} INFO - Setting next_dagrun for example_weekday_branch_operator to 2025-03-15 00:00:00+00:00, run_after=2025-03-16 00:00:00+00:00
[2025-03-16T19:14:29.019+0000] {processor.py:208} INFO - Processing /home/airflow/.local/lib/python3.12/site-packages/airflow/example_dags/example_branch_day_of_week_operator.py took 0.116 seconds
[2025-03-16T19:14:59.194+0000] {processor.py:186} INFO - Started process (PID=89848) to work on /home/airflow/.local/lib/python3.12/site-packages/airflow/example_dags/example_branch_day_of_week_operator.py
[2025-03-16T19:14:59.195+0000] {processor.py:914} INFO - Processing file /home/airflow/.local/lib/python3.12/site-packages/airflow/example_dags/example_branch_day_of_week_operator.py for tasks to queue
[2025-03-16T19:14:59.197+0000] {logging_mixin.py:190} INFO - [2025-03-16T19:14:59.197+0000] {dagbag.py:588} INFO - Filling up the DagBag from /home/airflow/.local/lib/python3.12/site-packages/airflow/example_dags/example_branch_day_of_week_operator.py
[2025-03-16T19:14:59.206+0000] {processor.py:925} INFO - DAG(s) 'example_weekday_branch_operator' retrieved from /home/airflow/.local/lib/python3.12/site-packages/airflow/example_dags/example_branch_day_of_week_operator.py
[2025-03-16T19:14:59.229+0000] {logging_mixin.py:190} INFO - [2025-03-16T19:14:59.228+0000] {dag.py:3239} INFO - Sync 1 DAGs
[2025-03-16T19:14:59.252+0000] {logging_mixin.py:190} INFO - [2025-03-16T19:14:59.251+0000] {dag.py:4180} INFO - Setting next_dagrun for example_weekday_branch_operator to 2025-03-15 00:00:00+00:00, run_after=2025-03-16 00:00:00+00:00
[2025-03-16T19:14:59.273+0000] {processor.py:208} INFO - Processing /home/airflow/.local/lib/python3.12/site-packages/airflow/example_dags/example_branch_day_of_week_operator.py took 0.084 seconds
[2025-03-16T19:15:30.096+0000] {processor.py:186} INFO - Started process (PID=89912) to work on /home/airflow/.local/lib/python3.12/site-packages/airflow/example_dags/example_branch_day_of_week_operator.py
[2025-03-16T19:15:30.097+0000] {processor.py:914} INFO - Processing file /home/airflow/.local/lib/python3.12/site-packages/airflow/example_dags/example_branch_day_of_week_operator.py for tasks to queue
[2025-03-16T19:15:30.099+0000] {logging_mixin.py:190} INFO - [2025-03-16T19:15:30.099+0000] {dagbag.py:588} INFO - Filling up the DagBag from /home/airflow/.local/lib/python3.12/site-packages/airflow/example_dags/example_branch_day_of_week_operator.py
[2025-03-16T19:15:30.110+0000] {processor.py:925} INFO - DAG(s) 'example_weekday_branch_operator' retrieved from /home/airflow/.local/lib/python3.12/site-packages/airflow/example_dags/example_branch_day_of_week_operator.py
[2025-03-16T19:15:30.141+0000] {logging_mixin.py:190} INFO - [2025-03-16T19:15:30.141+0000] {dag.py:3239} INFO - Sync 1 DAGs
[2025-03-16T19:15:30.177+0000] {logging_mixin.py:190} INFO - [2025-03-16T19:15:30.177+0000] {dag.py:4180} INFO - Setting next_dagrun for example_weekday_branch_operator to 2025-03-15 00:00:00+00:00, run_after=2025-03-16 00:00:00+00:00
[2025-03-16T19:15:30.208+0000] {processor.py:208} INFO - Processing /home/airflow/.local/lib/python3.12/site-packages/airflow/example_dags/example_branch_day_of_week_operator.py took 0.120 seconds
[2025-03-16T19:16:00.410+0000] {processor.py:186} INFO - Started process (PID=89976) to work on /home/airflow/.local/lib/python3.12/site-packages/airflow/example_dags/example_branch_day_of_week_operator.py
[2025-03-16T19:16:00.412+0000] {processor.py:914} INFO - Processing file /home/airflow/.local/lib/python3.12/site-packages/airflow/example_dags/example_branch_day_of_week_operator.py for tasks to queue
[2025-03-16T19:16:00.413+0000] {logging_mixin.py:190} INFO - [2025-03-16T19:16:00.413+0000] {dagbag.py:588} INFO - Filling up the DagBag from /home/airflow/.local/lib/python3.12/site-packages/airflow/example_dags/example_branch_day_of_week_operator.py
[2025-03-16T19:16:00.427+0000] {processor.py:925} INFO - DAG(s) 'example_weekday_branch_operator' retrieved from /home/airflow/.local/lib/python3.12/site-packages/airflow/example_dags/example_branch_day_of_week_operator.py
[2025-03-16T19:16:00.455+0000] {logging_mixin.py:190} INFO - [2025-03-16T19:16:00.455+0000] {dag.py:3239} INFO - Sync 1 DAGs
[2025-03-16T19:16:00.484+0000] {logging_mixin.py:190} INFO - [2025-03-16T19:16:00.484+0000] {dag.py:4180} INFO - Setting next_dagrun for example_weekday_branch_operator to 2025-03-15 00:00:00+00:00, run_after=2025-03-16 00:00:00+00:00
[2025-03-16T19:16:00.509+0000] {processor.py:208} INFO - Processing /home/airflow/.local/lib/python3.12/site-packages/airflow/example_dags/example_branch_day_of_week_operator.py took 0.104 seconds
[2025-03-16T19:16:30.838+0000] {processor.py:186} INFO - Started process (PID=90040) to work on /home/airflow/.local/lib/python3.12/site-packages/airflow/example_dags/example_branch_day_of_week_operator.py
[2025-03-16T19:16:30.839+0000] {processor.py:914} INFO - Processing file /home/airflow/.local/lib/python3.12/site-packages/airflow/example_dags/example_branch_day_of_week_operator.py for tasks to queue
[2025-03-16T19:16:30.841+0000] {logging_mixin.py:190} INFO - [2025-03-16T19:16:30.840+0000] {dagbag.py:588} INFO - Filling up the DagBag from /home/airflow/.local/lib/python3.12/site-packages/airflow/example_dags/example_branch_day_of_week_operator.py
[2025-03-16T19:16:30.852+0000] {processor.py:925} INFO - DAG(s) 'example_weekday_branch_operator' retrieved from /home/airflow/.local/lib/python3.12/site-packages/airflow/example_dags/example_branch_day_of_week_operator.py
[2025-03-16T19:16:30.880+0000] {logging_mixin.py:190} INFO - [2025-03-16T19:16:30.879+0000] {dag.py:3239} INFO - Sync 1 DAGs
[2025-03-16T19:16:30.910+0000] {logging_mixin.py:190} INFO - [2025-03-16T19:16:30.910+0000] {dag.py:4180} INFO - Setting next_dagrun for example_weekday_branch_operator to 2025-03-15 00:00:00+00:00, run_after=2025-03-16 00:00:00+00:00
[2025-03-16T19:16:30.938+0000] {processor.py:208} INFO - Processing /home/airflow/.local/lib/python3.12/site-packages/airflow/example_dags/example_branch_day_of_week_operator.py took 0.111 seconds
[2025-03-16T19:17:01.250+0000] {processor.py:186} INFO - Started process (PID=90104) to work on /home/airflow/.local/lib/python3.12/site-packages/airflow/example_dags/example_branch_day_of_week_operator.py
[2025-03-16T19:17:01.251+0000] {processor.py:914} INFO - Processing file /home/airflow/.local/lib/python3.12/site-packages/airflow/example_dags/example_branch_day_of_week_operator.py for tasks to queue
[2025-03-16T19:17:01.254+0000] {logging_mixin.py:190} INFO - [2025-03-16T19:17:01.254+0000] {dagbag.py:588} INFO - Filling up the DagBag from /home/airflow/.local/lib/python3.12/site-packages/airflow/example_dags/example_branch_day_of_week_operator.py
[2025-03-16T19:17:01.266+0000] {processor.py:925} INFO - DAG(s) 'example_weekday_branch_operator' retrieved from /home/airflow/.local/lib/python3.12/site-packages/airflow/example_dags/example_branch_day_of_week_operator.py
[2025-03-16T19:17:01.292+0000] {logging_mixin.py:190} INFO - [2025-03-16T19:17:01.292+0000] {dag.py:3239} INFO - Sync 1 DAGs
[2025-03-16T19:17:01.324+0000] {logging_mixin.py:190} INFO - [2025-03-16T19:17:01.324+0000] {dag.py:4180} INFO - Setting next_dagrun for example_weekday_branch_operator to 2025-03-15 00:00:00+00:00, run_after=2025-03-16 00:00:00+00:00
[2025-03-16T19:17:01.353+0000] {processor.py:208} INFO - Processing /home/airflow/.local/lib/python3.12/site-packages/airflow/example_dags/example_branch_day_of_week_operator.py took 0.109 seconds
[2025-03-16T19:17:31.604+0000] {processor.py:186} INFO - Started process (PID=90168) to work on /home/airflow/.local/lib/python3.12/site-packages/airflow/example_dags/example_branch_day_of_week_operator.py
[2025-03-16T19:17:31.606+0000] {processor.py:914} INFO - Processing file /home/airflow/.local/lib/python3.12/site-packages/airflow/example_dags/example_branch_day_of_week_operator.py for tasks to queue
[2025-03-16T19:17:31.607+0000] {logging_mixin.py:190} INFO - [2025-03-16T19:17:31.607+0000] {dagbag.py:588} INFO - Filling up the DagBag from /home/airflow/.local/lib/python3.12/site-packages/airflow/example_dags/example_branch_day_of_week_operator.py
[2025-03-16T19:17:31.620+0000] {processor.py:925} INFO - DAG(s) 'example_weekday_branch_operator' retrieved from /home/airflow/.local/lib/python3.12/site-packages/airflow/example_dags/example_branch_day_of_week_operator.py
[2025-03-16T19:17:31.653+0000] {logging_mixin.py:190} INFO - [2025-03-16T19:17:31.652+0000] {dag.py:3239} INFO - Sync 1 DAGs
[2025-03-16T19:17:31.685+0000] {logging_mixin.py:190} INFO - [2025-03-16T19:17:31.685+0000] {dag.py:4180} INFO - Setting next_dagrun for example_weekday_branch_operator to 2025-03-15 00:00:00+00:00, run_after=2025-03-16 00:00:00+00:00
[2025-03-16T19:17:31.713+0000] {processor.py:208} INFO - Processing /home/airflow/.local/lib/python3.12/site-packages/airflow/example_dags/example_branch_day_of_week_operator.py took 0.114 seconds
[2025-03-16T19:18:02.176+0000] {processor.py:186} INFO - Started process (PID=90232) to work on /home/airflow/.local/lib/python3.12/site-packages/airflow/example_dags/example_branch_day_of_week_operator.py
[2025-03-16T19:18:02.178+0000] {processor.py:914} INFO - Processing file /home/airflow/.local/lib/python3.12/site-packages/airflow/example_dags/example_branch_day_of_week_operator.py for tasks to queue
[2025-03-16T19:18:02.180+0000] {logging_mixin.py:190} INFO - [2025-03-16T19:18:02.180+0000] {dagbag.py:588} INFO - Filling up the DagBag from /home/airflow/.local/lib/python3.12/site-packages/airflow/example_dags/example_branch_day_of_week_operator.py
[2025-03-16T19:18:02.195+0000] {processor.py:925} INFO - DAG(s) 'example_weekday_branch_operator' retrieved from /home/airflow/.local/lib/python3.12/site-packages/airflow/example_dags/example_branch_day_of_week_operator.py
[2025-03-16T19:18:02.230+0000] {logging_mixin.py:190} INFO - [2025-03-16T19:18:02.229+0000] {dag.py:3239} INFO - Sync 1 DAGs
[2025-03-16T19:18:02.264+0000] {logging_mixin.py:190} INFO - [2025-03-16T19:18:02.263+0000] {dag.py:4180} INFO - Setting next_dagrun for example_weekday_branch_operator to 2025-03-15 00:00:00+00:00, run_after=2025-03-16 00:00:00+00:00
[2025-03-16T19:18:02.292+0000] {processor.py:208} INFO - Processing /home/airflow/.local/lib/python3.12/site-packages/airflow/example_dags/example_branch_day_of_week_operator.py took 0.123 seconds
[2025-03-16T19:18:32.476+0000] {processor.py:186} INFO - Started process (PID=90296) to work on /home/airflow/.local/lib/python3.12/site-packages/airflow/example_dags/example_branch_day_of_week_operator.py
[2025-03-16T19:18:32.477+0000] {processor.py:914} INFO - Processing file /home/airflow/.local/lib/python3.12/site-packages/airflow/example_dags/example_branch_day_of_week_operator.py for tasks to queue
[2025-03-16T19:18:32.481+0000] {logging_mixin.py:190} INFO - [2025-03-16T19:18:32.479+0000] {dagbag.py:588} INFO - Filling up the DagBag from /home/airflow/.local/lib/python3.12/site-packages/airflow/example_dags/example_branch_day_of_week_operator.py
[2025-03-16T19:18:32.495+0000] {processor.py:925} INFO - DAG(s) 'example_weekday_branch_operator' retrieved from /home/airflow/.local/lib/python3.12/site-packages/airflow/example_dags/example_branch_day_of_week_operator.py
[2025-03-16T19:18:32.531+0000] {logging_mixin.py:190} INFO - [2025-03-16T19:18:32.531+0000] {dag.py:3239} INFO - Sync 1 DAGs
[2025-03-16T19:18:32.568+0000] {logging_mixin.py:190} INFO - [2025-03-16T19:18:32.568+0000] {dag.py:4180} INFO - Setting next_dagrun for example_weekday_branch_operator to 2025-03-15 00:00:00+00:00, run_after=2025-03-16 00:00:00+00:00
[2025-03-16T19:18:32.600+0000] {processor.py:208} INFO - Processing /home/airflow/.local/lib/python3.12/site-packages/airflow/example_dags/example_branch_day_of_week_operator.py took 0.133 seconds
[2025-03-16T19:19:02.713+0000] {processor.py:186} INFO - Started process (PID=90360) to work on /home/airflow/.local/lib/python3.12/site-packages/airflow/example_dags/example_branch_day_of_week_operator.py
[2025-03-16T19:19:02.715+0000] {processor.py:914} INFO - Processing file /home/airflow/.local/lib/python3.12/site-packages/airflow/example_dags/example_branch_day_of_week_operator.py for tasks to queue
[2025-03-16T19:19:02.716+0000] {logging_mixin.py:190} INFO - [2025-03-16T19:19:02.716+0000] {dagbag.py:588} INFO - Filling up the DagBag from /home/airflow/.local/lib/python3.12/site-packages/airflow/example_dags/example_branch_day_of_week_operator.py
[2025-03-16T19:19:02.727+0000] {processor.py:925} INFO - DAG(s) 'example_weekday_branch_operator' retrieved from /home/airflow/.local/lib/python3.12/site-packages/airflow/example_dags/example_branch_day_of_week_operator.py
[2025-03-16T19:19:02.757+0000] {logging_mixin.py:190} INFO - [2025-03-16T19:19:02.756+0000] {dag.py:3239} INFO - Sync 1 DAGs
[2025-03-16T19:19:02.792+0000] {logging_mixin.py:190} INFO - [2025-03-16T19:19:02.792+0000] {dag.py:4180} INFO - Setting next_dagrun for example_weekday_branch_operator to 2025-03-15 00:00:00+00:00, run_after=2025-03-16 00:00:00+00:00
[2025-03-16T19:19:02.824+0000] {processor.py:208} INFO - Processing /home/airflow/.local/lib/python3.12/site-packages/airflow/example_dags/example_branch_day_of_week_operator.py took 0.118 seconds
[2025-03-16T19:19:33.532+0000] {processor.py:186} INFO - Started process (PID=90424) to work on /home/airflow/.local/lib/python3.12/site-packages/airflow/example_dags/example_branch_day_of_week_operator.py
[2025-03-16T19:19:33.535+0000] {processor.py:914} INFO - Processing file /home/airflow/.local/lib/python3.12/site-packages/airflow/example_dags/example_branch_day_of_week_operator.py for tasks to queue
[2025-03-16T19:19:33.539+0000] {logging_mixin.py:190} INFO - [2025-03-16T19:19:33.538+0000] {dagbag.py:588} INFO - Filling up the DagBag from /home/airflow/.local/lib/python3.12/site-packages/airflow/example_dags/example_branch_day_of_week_operator.py
[2025-03-16T19:19:33.556+0000] {processor.py:925} INFO - DAG(s) 'example_weekday_branch_operator' retrieved from /home/airflow/.local/lib/python3.12/site-packages/airflow/example_dags/example_branch_day_of_week_operator.py
[2025-03-16T19:19:33.596+0000] {logging_mixin.py:190} INFO - [2025-03-16T19:19:33.595+0000] {dag.py:3239} INFO - Sync 1 DAGs
[2025-03-16T19:19:33.630+0000] {logging_mixin.py:190} INFO - [2025-03-16T19:19:33.630+0000] {dag.py:4180} INFO - Setting next_dagrun for example_weekday_branch_operator to 2025-03-15 00:00:00+00:00, run_after=2025-03-16 00:00:00+00:00
[2025-03-16T19:19:33.662+0000] {processor.py:208} INFO - Processing /home/airflow/.local/lib/python3.12/site-packages/airflow/example_dags/example_branch_day_of_week_operator.py took 0.140 seconds
[2025-03-16T19:20:03.779+0000] {processor.py:186} INFO - Started process (PID=90488) to work on /home/airflow/.local/lib/python3.12/site-packages/airflow/example_dags/example_branch_day_of_week_operator.py
[2025-03-16T19:20:03.780+0000] {processor.py:914} INFO - Processing file /home/airflow/.local/lib/python3.12/site-packages/airflow/example_dags/example_branch_day_of_week_operator.py for tasks to queue
[2025-03-16T19:20:03.782+0000] {logging_mixin.py:190} INFO - [2025-03-16T19:20:03.782+0000] {dagbag.py:588} INFO - Filling up the DagBag from /home/airflow/.local/lib/python3.12/site-packages/airflow/example_dags/example_branch_day_of_week_operator.py
[2025-03-16T19:20:03.793+0000] {processor.py:925} INFO - DAG(s) 'example_weekday_branch_operator' retrieved from /home/airflow/.local/lib/python3.12/site-packages/airflow/example_dags/example_branch_day_of_week_operator.py
[2025-03-16T19:20:03.822+0000] {logging_mixin.py:190} INFO - [2025-03-16T19:20:03.822+0000] {dag.py:3239} INFO - Sync 1 DAGs
[2025-03-16T19:20:03.853+0000] {logging_mixin.py:190} INFO - [2025-03-16T19:20:03.853+0000] {dag.py:4180} INFO - Setting next_dagrun for example_weekday_branch_operator to 2025-03-15 00:00:00+00:00, run_after=2025-03-16 00:00:00+00:00
[2025-03-16T19:20:03.883+0000] {processor.py:208} INFO - Processing /home/airflow/.local/lib/python3.12/site-packages/airflow/example_dags/example_branch_day_of_week_operator.py took 0.111 seconds
[2025-03-16T19:20:34.180+0000] {processor.py:186} INFO - Started process (PID=90552) to work on /home/airflow/.local/lib/python3.12/site-packages/airflow/example_dags/example_branch_day_of_week_operator.py
[2025-03-16T19:20:34.181+0000] {processor.py:914} INFO - Processing file /home/airflow/.local/lib/python3.12/site-packages/airflow/example_dags/example_branch_day_of_week_operator.py for tasks to queue
[2025-03-16T19:20:34.183+0000] {logging_mixin.py:190} INFO - [2025-03-16T19:20:34.182+0000] {dagbag.py:588} INFO - Filling up the DagBag from /home/airflow/.local/lib/python3.12/site-packages/airflow/example_dags/example_branch_day_of_week_operator.py
[2025-03-16T19:20:34.193+0000] {processor.py:925} INFO - DAG(s) 'example_weekday_branch_operator' retrieved from /home/airflow/.local/lib/python3.12/site-packages/airflow/example_dags/example_branch_day_of_week_operator.py
[2025-03-16T19:20:34.224+0000] {logging_mixin.py:190} INFO - [2025-03-16T19:20:34.224+0000] {dag.py:3239} INFO - Sync 1 DAGs
[2025-03-16T19:20:34.259+0000] {logging_mixin.py:190} INFO - [2025-03-16T19:20:34.258+0000] {dag.py:4180} INFO - Setting next_dagrun for example_weekday_branch_operator to 2025-03-15 00:00:00+00:00, run_after=2025-03-16 00:00:00+00:00
[2025-03-16T19:20:34.290+0000] {processor.py:208} INFO - Processing /home/airflow/.local/lib/python3.12/site-packages/airflow/example_dags/example_branch_day_of_week_operator.py took 0.118 seconds
[2025-03-16T19:21:04.448+0000] {processor.py:186} INFO - Started process (PID=90616) to work on /home/airflow/.local/lib/python3.12/site-packages/airflow/example_dags/example_branch_day_of_week_operator.py
[2025-03-16T19:21:04.449+0000] {processor.py:914} INFO - Processing file /home/airflow/.local/lib/python3.12/site-packages/airflow/example_dags/example_branch_day_of_week_operator.py for tasks to queue
[2025-03-16T19:21:04.451+0000] {logging_mixin.py:190} INFO - [2025-03-16T19:21:04.450+0000] {dagbag.py:588} INFO - Filling up the DagBag from /home/airflow/.local/lib/python3.12/site-packages/airflow/example_dags/example_branch_day_of_week_operator.py
[2025-03-16T19:21:04.463+0000] {processor.py:925} INFO - DAG(s) 'example_weekday_branch_operator' retrieved from /home/airflow/.local/lib/python3.12/site-packages/airflow/example_dags/example_branch_day_of_week_operator.py
[2025-03-16T19:21:04.492+0000] {logging_mixin.py:190} INFO - [2025-03-16T19:21:04.492+0000] {dag.py:3239} INFO - Sync 1 DAGs
[2025-03-16T19:21:04.523+0000] {logging_mixin.py:190} INFO - [2025-03-16T19:21:04.523+0000] {dag.py:4180} INFO - Setting next_dagrun for example_weekday_branch_operator to 2025-03-15 00:00:00+00:00, run_after=2025-03-16 00:00:00+00:00
[2025-03-16T19:21:04.553+0000] {processor.py:208} INFO - Processing /home/airflow/.local/lib/python3.12/site-packages/airflow/example_dags/example_branch_day_of_week_operator.py took 0.111 seconds
[2025-03-16T19:21:34.876+0000] {processor.py:186} INFO - Started process (PID=90680) to work on /home/airflow/.local/lib/python3.12/site-packages/airflow/example_dags/example_branch_day_of_week_operator.py
[2025-03-16T19:21:34.878+0000] {processor.py:914} INFO - Processing file /home/airflow/.local/lib/python3.12/site-packages/airflow/example_dags/example_branch_day_of_week_operator.py for tasks to queue
[2025-03-16T19:21:34.879+0000] {logging_mixin.py:190} INFO - [2025-03-16T19:21:34.879+0000] {dagbag.py:588} INFO - Filling up the DagBag from /home/airflow/.local/lib/python3.12/site-packages/airflow/example_dags/example_branch_day_of_week_operator.py
[2025-03-16T19:21:34.894+0000] {processor.py:925} INFO - DAG(s) 'example_weekday_branch_operator' retrieved from /home/airflow/.local/lib/python3.12/site-packages/airflow/example_dags/example_branch_day_of_week_operator.py
[2025-03-16T19:21:34.924+0000] {logging_mixin.py:190} INFO - [2025-03-16T19:21:34.924+0000] {dag.py:3239} INFO - Sync 1 DAGs
[2025-03-16T19:21:34.960+0000] {logging_mixin.py:190} INFO - [2025-03-16T19:21:34.960+0000] {dag.py:4180} INFO - Setting next_dagrun for example_weekday_branch_operator to 2025-03-15 00:00:00+00:00, run_after=2025-03-16 00:00:00+00:00
[2025-03-16T19:21:34.990+0000] {processor.py:208} INFO - Processing /home/airflow/.local/lib/python3.12/site-packages/airflow/example_dags/example_branch_day_of_week_operator.py took 0.122 seconds
[2025-03-16T19:22:05.294+0000] {processor.py:186} INFO - Started process (PID=90744) to work on /home/airflow/.local/lib/python3.12/site-packages/airflow/example_dags/example_branch_day_of_week_operator.py
[2025-03-16T19:22:05.296+0000] {processor.py:914} INFO - Processing file /home/airflow/.local/lib/python3.12/site-packages/airflow/example_dags/example_branch_day_of_week_operator.py for tasks to queue
[2025-03-16T19:22:05.298+0000] {logging_mixin.py:190} INFO - [2025-03-16T19:22:05.298+0000] {dagbag.py:588} INFO - Filling up the DagBag from /home/airflow/.local/lib/python3.12/site-packages/airflow/example_dags/example_branch_day_of_week_operator.py
[2025-03-16T19:22:05.315+0000] {processor.py:925} INFO - DAG(s) 'example_weekday_branch_operator' retrieved from /home/airflow/.local/lib/python3.12/site-packages/airflow/example_dags/example_branch_day_of_week_operator.py
[2025-03-16T19:22:05.348+0000] {logging_mixin.py:190} INFO - [2025-03-16T19:22:05.348+0000] {dag.py:3239} INFO - Sync 1 DAGs
[2025-03-16T19:22:05.387+0000] {logging_mixin.py:190} INFO - [2025-03-16T19:22:05.387+0000] {dag.py:4180} INFO - Setting next_dagrun for example_weekday_branch_operator to 2025-03-15 00:00:00+00:00, run_after=2025-03-16 00:00:00+00:00
[2025-03-16T19:22:05.427+0000] {processor.py:208} INFO - Processing /home/airflow/.local/lib/python3.12/site-packages/airflow/example_dags/example_branch_day_of_week_operator.py took 0.148 seconds
[2025-03-16T19:22:35.823+0000] {processor.py:186} INFO - Started process (PID=90808) to work on /home/airflow/.local/lib/python3.12/site-packages/airflow/example_dags/example_branch_day_of_week_operator.py
[2025-03-16T19:22:35.825+0000] {processor.py:914} INFO - Processing file /home/airflow/.local/lib/python3.12/site-packages/airflow/example_dags/example_branch_day_of_week_operator.py for tasks to queue
[2025-03-16T19:22:35.827+0000] {logging_mixin.py:190} INFO - [2025-03-16T19:22:35.826+0000] {dagbag.py:588} INFO - Filling up the DagBag from /home/airflow/.local/lib/python3.12/site-packages/airflow/example_dags/example_branch_day_of_week_operator.py
[2025-03-16T19:22:35.844+0000] {processor.py:925} INFO - DAG(s) 'example_weekday_branch_operator' retrieved from /home/airflow/.local/lib/python3.12/site-packages/airflow/example_dags/example_branch_day_of_week_operator.py
[2025-03-16T19:22:35.885+0000] {logging_mixin.py:190} INFO - [2025-03-16T19:22:35.885+0000] {dag.py:3239} INFO - Sync 1 DAGs
[2025-03-16T19:22:35.930+0000] {logging_mixin.py:190} INFO - [2025-03-16T19:22:35.929+0000] {dag.py:4180} INFO - Setting next_dagrun for example_weekday_branch_operator to 2025-03-15 00:00:00+00:00, run_after=2025-03-16 00:00:00+00:00
[2025-03-16T19:22:35.976+0000] {processor.py:208} INFO - Processing /home/airflow/.local/lib/python3.12/site-packages/airflow/example_dags/example_branch_day_of_week_operator.py took 0.163 seconds
[2025-03-16T19:23:06.341+0000] {processor.py:186} INFO - Started process (PID=90872) to work on /home/airflow/.local/lib/python3.12/site-packages/airflow/example_dags/example_branch_day_of_week_operator.py
[2025-03-16T19:23:06.342+0000] {processor.py:914} INFO - Processing file /home/airflow/.local/lib/python3.12/site-packages/airflow/example_dags/example_branch_day_of_week_operator.py for tasks to queue
[2025-03-16T19:23:06.344+0000] {logging_mixin.py:190} INFO - [2025-03-16T19:23:06.344+0000] {dagbag.py:588} INFO - Filling up the DagBag from /home/airflow/.local/lib/python3.12/site-packages/airflow/example_dags/example_branch_day_of_week_operator.py
[2025-03-16T19:23:06.362+0000] {processor.py:925} INFO - DAG(s) 'example_weekday_branch_operator' retrieved from /home/airflow/.local/lib/python3.12/site-packages/airflow/example_dags/example_branch_day_of_week_operator.py
[2025-03-16T19:23:06.399+0000] {logging_mixin.py:190} INFO - [2025-03-16T19:23:06.399+0000] {dag.py:3239} INFO - Sync 1 DAGs
[2025-03-16T19:23:06.445+0000] {logging_mixin.py:190} INFO - [2025-03-16T19:23:06.445+0000] {dag.py:4180} INFO - Setting next_dagrun for example_weekday_branch_operator to 2025-03-15 00:00:00+00:00, run_after=2025-03-16 00:00:00+00:00
[2025-03-16T19:23:06.483+0000] {processor.py:208} INFO - Processing /home/airflow/.local/lib/python3.12/site-packages/airflow/example_dags/example_branch_day_of_week_operator.py took 0.152 seconds
[2025-03-16T19:23:36.745+0000] {processor.py:186} INFO - Started process (PID=90936) to work on /home/airflow/.local/lib/python3.12/site-packages/airflow/example_dags/example_branch_day_of_week_operator.py
[2025-03-16T19:23:36.747+0000] {processor.py:914} INFO - Processing file /home/airflow/.local/lib/python3.12/site-packages/airflow/example_dags/example_branch_day_of_week_operator.py for tasks to queue
[2025-03-16T19:23:36.749+0000] {logging_mixin.py:190} INFO - [2025-03-16T19:23:36.749+0000] {dagbag.py:588} INFO - Filling up the DagBag from /home/airflow/.local/lib/python3.12/site-packages/airflow/example_dags/example_branch_day_of_week_operator.py
[2025-03-16T19:23:36.766+0000] {processor.py:925} INFO - DAG(s) 'example_weekday_branch_operator' retrieved from /home/airflow/.local/lib/python3.12/site-packages/airflow/example_dags/example_branch_day_of_week_operator.py
[2025-03-16T19:23:36.802+0000] {logging_mixin.py:190} INFO - [2025-03-16T19:23:36.802+0000] {dag.py:3239} INFO - Sync 1 DAGs
[2025-03-16T19:23:36.848+0000] {logging_mixin.py:190} INFO - [2025-03-16T19:23:36.848+0000] {dag.py:4180} INFO - Setting next_dagrun for example_weekday_branch_operator to 2025-03-15 00:00:00+00:00, run_after=2025-03-16 00:00:00+00:00
[2025-03-16T19:23:36.884+0000] {processor.py:208} INFO - Processing /home/airflow/.local/lib/python3.12/site-packages/airflow/example_dags/example_branch_day_of_week_operator.py took 0.147 seconds
[2025-03-16T19:24:08.978+0000] {processor.py:186} INFO - Started process (PID=91005) to work on /home/airflow/.local/lib/python3.12/site-packages/airflow/example_dags/example_branch_day_of_week_operator.py
[2025-03-16T19:24:08.980+0000] {processor.py:914} INFO - Processing file /home/airflow/.local/lib/python3.12/site-packages/airflow/example_dags/example_branch_day_of_week_operator.py for tasks to queue
[2025-03-16T19:24:08.982+0000] {logging_mixin.py:190} INFO - [2025-03-16T19:24:08.982+0000] {dagbag.py:588} INFO - Filling up the DagBag from /home/airflow/.local/lib/python3.12/site-packages/airflow/example_dags/example_branch_day_of_week_operator.py
[2025-03-16T19:24:09.000+0000] {processor.py:925} INFO - DAG(s) 'example_weekday_branch_operator' retrieved from /home/airflow/.local/lib/python3.12/site-packages/airflow/example_dags/example_branch_day_of_week_operator.py
[2025-03-16T19:24:09.052+0000] {logging_mixin.py:190} INFO - [2025-03-16T19:24:09.052+0000] {dag.py:3239} INFO - Sync 1 DAGs
[2025-03-16T19:24:09.104+0000] {logging_mixin.py:190} INFO - [2025-03-16T19:24:09.104+0000] {dag.py:4180} INFO - Setting next_dagrun for example_weekday_branch_operator to 2025-03-15 00:00:00+00:00, run_after=2025-03-16 00:00:00+00:00
[2025-03-16T19:24:09.148+0000] {processor.py:208} INFO - Processing /home/airflow/.local/lib/python3.12/site-packages/airflow/example_dags/example_branch_day_of_week_operator.py took 0.180 seconds
[2025-03-16T19:24:40.725+0000] {processor.py:186} INFO - Started process (PID=91069) to work on /home/airflow/.local/lib/python3.12/site-packages/airflow/example_dags/example_branch_day_of_week_operator.py
[2025-03-16T19:24:40.727+0000] {processor.py:914} INFO - Processing file /home/airflow/.local/lib/python3.12/site-packages/airflow/example_dags/example_branch_day_of_week_operator.py for tasks to queue
[2025-03-16T19:24:40.729+0000] {logging_mixin.py:190} INFO - [2025-03-16T19:24:40.729+0000] {dagbag.py:588} INFO - Filling up the DagBag from /home/airflow/.local/lib/python3.12/site-packages/airflow/example_dags/example_branch_day_of_week_operator.py
[2025-03-16T19:24:40.744+0000] {processor.py:925} INFO - DAG(s) 'example_weekday_branch_operator' retrieved from /home/airflow/.local/lib/python3.12/site-packages/airflow/example_dags/example_branch_day_of_week_operator.py
[2025-03-16T19:24:40.779+0000] {logging_mixin.py:190} INFO - [2025-03-16T19:24:40.778+0000] {dag.py:3239} INFO - Sync 1 DAGs
[2025-03-16T19:24:40.835+0000] {logging_mixin.py:190} INFO - [2025-03-16T19:24:40.835+0000] {dag.py:4180} INFO - Setting next_dagrun for example_weekday_branch_operator to 2025-03-15 00:00:00+00:00, run_after=2025-03-16 00:00:00+00:00
[2025-03-16T19:24:40.868+0000] {processor.py:208} INFO - Processing /home/airflow/.local/lib/python3.12/site-packages/airflow/example_dags/example_branch_day_of_week_operator.py took 0.154 seconds
[2025-03-16T19:25:13.548+0000] {processor.py:186} INFO - Started process (PID=91139) to work on /home/airflow/.local/lib/python3.12/site-packages/airflow/example_dags/example_branch_day_of_week_operator.py
[2025-03-16T19:25:13.550+0000] {processor.py:914} INFO - Processing file /home/airflow/.local/lib/python3.12/site-packages/airflow/example_dags/example_branch_day_of_week_operator.py for tasks to queue
[2025-03-16T19:25:13.552+0000] {logging_mixin.py:190} INFO - [2025-03-16T19:25:13.552+0000] {dagbag.py:588} INFO - Filling up the DagBag from /home/airflow/.local/lib/python3.12/site-packages/airflow/example_dags/example_branch_day_of_week_operator.py
[2025-03-16T19:25:13.571+0000] {processor.py:925} INFO - DAG(s) 'example_weekday_branch_operator' retrieved from /home/airflow/.local/lib/python3.12/site-packages/airflow/example_dags/example_branch_day_of_week_operator.py
[2025-03-16T19:25:13.619+0000] {logging_mixin.py:190} INFO - [2025-03-16T19:25:13.619+0000] {dag.py:3239} INFO - Sync 1 DAGs
[2025-03-16T19:25:13.676+0000] {logging_mixin.py:190} INFO - [2025-03-16T19:25:13.675+0000] {dag.py:4180} INFO - Setting next_dagrun for example_weekday_branch_operator to 2025-03-15 00:00:00+00:00, run_after=2025-03-16 00:00:00+00:00
[2025-03-16T19:25:13.714+0000] {processor.py:208} INFO - Processing /home/airflow/.local/lib/python3.12/site-packages/airflow/example_dags/example_branch_day_of_week_operator.py took 0.177 seconds
[2025-03-16T19:25:45.022+0000] {processor.py:186} INFO - Started process (PID=91205) to work on /home/airflow/.local/lib/python3.12/site-packages/airflow/example_dags/example_branch_day_of_week_operator.py
[2025-03-16T19:25:45.024+0000] {processor.py:914} INFO - Processing file /home/airflow/.local/lib/python3.12/site-packages/airflow/example_dags/example_branch_day_of_week_operator.py for tasks to queue
[2025-03-16T19:25:45.026+0000] {logging_mixin.py:190} INFO - [2025-03-16T19:25:45.025+0000] {dagbag.py:588} INFO - Filling up the DagBag from /home/airflow/.local/lib/python3.12/site-packages/airflow/example_dags/example_branch_day_of_week_operator.py
[2025-03-16T19:25:45.044+0000] {processor.py:925} INFO - DAG(s) 'example_weekday_branch_operator' retrieved from /home/airflow/.local/lib/python3.12/site-packages/airflow/example_dags/example_branch_day_of_week_operator.py
[2025-03-16T19:25:45.083+0000] {logging_mixin.py:190} INFO - [2025-03-16T19:25:45.082+0000] {dag.py:3239} INFO - Sync 1 DAGs
[2025-03-16T19:25:45.128+0000] {logging_mixin.py:190} INFO - [2025-03-16T19:25:45.128+0000] {dag.py:4180} INFO - Setting next_dagrun for example_weekday_branch_operator to 2025-03-15 00:00:00+00:00, run_after=2025-03-16 00:00:00+00:00
[2025-03-16T19:25:45.170+0000] {processor.py:208} INFO - Processing /home/airflow/.local/lib/python3.12/site-packages/airflow/example_dags/example_branch_day_of_week_operator.py took 0.157 seconds
[2025-03-16T19:26:16.562+0000] {processor.py:186} INFO - Started process (PID=91272) to work on /home/airflow/.local/lib/python3.12/site-packages/airflow/example_dags/example_branch_day_of_week_operator.py
[2025-03-16T19:26:16.563+0000] {processor.py:914} INFO - Processing file /home/airflow/.local/lib/python3.12/site-packages/airflow/example_dags/example_branch_day_of_week_operator.py for tasks to queue
[2025-03-16T19:26:16.566+0000] {logging_mixin.py:190} INFO - [2025-03-16T19:26:16.565+0000] {dagbag.py:588} INFO - Filling up the DagBag from /home/airflow/.local/lib/python3.12/site-packages/airflow/example_dags/example_branch_day_of_week_operator.py
[2025-03-16T19:26:16.581+0000] {processor.py:925} INFO - DAG(s) 'example_weekday_branch_operator' retrieved from /home/airflow/.local/lib/python3.12/site-packages/airflow/example_dags/example_branch_day_of_week_operator.py
[2025-03-16T19:26:16.618+0000] {logging_mixin.py:190} INFO - [2025-03-16T19:26:16.618+0000] {dag.py:3239} INFO - Sync 1 DAGs
[2025-03-16T19:26:16.662+0000] {logging_mixin.py:190} INFO - [2025-03-16T19:26:16.661+0000] {dag.py:4180} INFO - Setting next_dagrun for example_weekday_branch_operator to 2025-03-15 00:00:00+00:00, run_after=2025-03-16 00:00:00+00:00
[2025-03-16T19:26:16.700+0000] {processor.py:208} INFO - Processing /home/airflow/.local/lib/python3.12/site-packages/airflow/example_dags/example_branch_day_of_week_operator.py took 0.147 seconds
[2025-03-16T19:26:47.827+0000] {processor.py:186} INFO - Started process (PID=91338) to work on /home/airflow/.local/lib/python3.12/site-packages/airflow/example_dags/example_branch_day_of_week_operator.py
[2025-03-16T19:26:47.828+0000] {processor.py:914} INFO - Processing file /home/airflow/.local/lib/python3.12/site-packages/airflow/example_dags/example_branch_day_of_week_operator.py for tasks to queue
[2025-03-16T19:26:47.830+0000] {logging_mixin.py:190} INFO - [2025-03-16T19:26:47.830+0000] {dagbag.py:588} INFO - Filling up the DagBag from /home/airflow/.local/lib/python3.12/site-packages/airflow/example_dags/example_branch_day_of_week_operator.py
[2025-03-16T19:26:47.846+0000] {processor.py:925} INFO - DAG(s) 'example_weekday_branch_operator' retrieved from /home/airflow/.local/lib/python3.12/site-packages/airflow/example_dags/example_branch_day_of_week_operator.py
[2025-03-16T19:26:47.883+0000] {logging_mixin.py:190} INFO - [2025-03-16T19:26:47.882+0000] {dag.py:3239} INFO - Sync 1 DAGs
[2025-03-16T19:26:47.921+0000] {logging_mixin.py:190} INFO - [2025-03-16T19:26:47.920+0000] {dag.py:4180} INFO - Setting next_dagrun for example_weekday_branch_operator to 2025-03-15 00:00:00+00:00, run_after=2025-03-16 00:00:00+00:00
[2025-03-16T19:26:47.953+0000] {processor.py:208} INFO - Processing /home/airflow/.local/lib/python3.12/site-packages/airflow/example_dags/example_branch_day_of_week_operator.py took 0.139 seconds
[2025-03-16T19:27:19.127+0000] {processor.py:186} INFO - Started process (PID=91404) to work on /home/airflow/.local/lib/python3.12/site-packages/airflow/example_dags/example_branch_day_of_week_operator.py
[2025-03-16T19:27:19.130+0000] {processor.py:914} INFO - Processing file /home/airflow/.local/lib/python3.12/site-packages/airflow/example_dags/example_branch_day_of_week_operator.py for tasks to queue
[2025-03-16T19:27:19.133+0000] {logging_mixin.py:190} INFO - [2025-03-16T19:27:19.132+0000] {dagbag.py:588} INFO - Filling up the DagBag from /home/airflow/.local/lib/python3.12/site-packages/airflow/example_dags/example_branch_day_of_week_operator.py
[2025-03-16T19:27:19.148+0000] {processor.py:925} INFO - DAG(s) 'example_weekday_branch_operator' retrieved from /home/airflow/.local/lib/python3.12/site-packages/airflow/example_dags/example_branch_day_of_week_operator.py
[2025-03-16T19:27:19.182+0000] {logging_mixin.py:190} INFO - [2025-03-16T19:27:19.181+0000] {dag.py:3239} INFO - Sync 1 DAGs
[2025-03-16T19:27:19.219+0000] {logging_mixin.py:190} INFO - [2025-03-16T19:27:19.219+0000] {dag.py:4180} INFO - Setting next_dagrun for example_weekday_branch_operator to 2025-03-15 00:00:00+00:00, run_after=2025-03-16 00:00:00+00:00
[2025-03-16T19:27:19.251+0000] {processor.py:208} INFO - Processing /home/airflow/.local/lib/python3.12/site-packages/airflow/example_dags/example_branch_day_of_week_operator.py took 0.133 seconds
[2025-03-16T19:27:51.294+0000] {processor.py:186} INFO - Started process (PID=91467) to work on /home/airflow/.local/lib/python3.12/site-packages/airflow/example_dags/example_branch_day_of_week_operator.py
[2025-03-16T19:27:51.296+0000] {processor.py:914} INFO - Processing file /home/airflow/.local/lib/python3.12/site-packages/airflow/example_dags/example_branch_day_of_week_operator.py for tasks to queue
[2025-03-16T19:27:51.299+0000] {logging_mixin.py:190} INFO - [2025-03-16T19:27:51.298+0000] {dagbag.py:588} INFO - Filling up the DagBag from /home/airflow/.local/lib/python3.12/site-packages/airflow/example_dags/example_branch_day_of_week_operator.py
[2025-03-16T19:27:51.318+0000] {processor.py:925} INFO - DAG(s) 'example_weekday_branch_operator' retrieved from /home/airflow/.local/lib/python3.12/site-packages/airflow/example_dags/example_branch_day_of_week_operator.py
[2025-03-16T19:27:51.357+0000] {logging_mixin.py:190} INFO - [2025-03-16T19:27:51.356+0000] {dag.py:3239} INFO - Sync 1 DAGs
[2025-03-16T19:27:51.407+0000] {logging_mixin.py:190} INFO - [2025-03-16T19:27:51.406+0000] {dag.py:4180} INFO - Setting next_dagrun for example_weekday_branch_operator to 2025-03-15 00:00:00+00:00, run_after=2025-03-16 00:00:00+00:00
[2025-03-16T19:27:51.443+0000] {processor.py:208} INFO - Processing /home/airflow/.local/lib/python3.12/site-packages/airflow/example_dags/example_branch_day_of_week_operator.py took 0.158 seconds
[2025-03-16T19:28:23.831+0000] {processor.py:186} INFO - Started process (PID=91532) to work on /home/airflow/.local/lib/python3.12/site-packages/airflow/example_dags/example_branch_day_of_week_operator.py
[2025-03-16T19:28:23.833+0000] {processor.py:914} INFO - Processing file /home/airflow/.local/lib/python3.12/site-packages/airflow/example_dags/example_branch_day_of_week_operator.py for tasks to queue
[2025-03-16T19:28:23.835+0000] {logging_mixin.py:190} INFO - [2025-03-16T19:28:23.835+0000] {dagbag.py:588} INFO - Filling up the DagBag from /home/airflow/.local/lib/python3.12/site-packages/airflow/example_dags/example_branch_day_of_week_operator.py
[2025-03-16T19:28:23.852+0000] {processor.py:925} INFO - DAG(s) 'example_weekday_branch_operator' retrieved from /home/airflow/.local/lib/python3.12/site-packages/airflow/example_dags/example_branch_day_of_week_operator.py
[2025-03-16T19:28:23.892+0000] {logging_mixin.py:190} INFO - [2025-03-16T19:28:23.891+0000] {dag.py:3239} INFO - Sync 1 DAGs
[2025-03-16T19:28:24.219+0000] {logging_mixin.py:190} INFO - [2025-03-16T19:28:24.218+0000] {dag.py:4180} INFO - Setting next_dagrun for example_weekday_branch_operator to 2025-03-15 00:00:00+00:00, run_after=2025-03-16 00:00:00+00:00
[2025-03-16T19:28:24.251+0000] {processor.py:208} INFO - Processing /home/airflow/.local/lib/python3.12/site-packages/airflow/example_dags/example_branch_day_of_week_operator.py took 0.432 seconds
[2025-03-16T19:28:54.714+0000] {processor.py:186} INFO - Started process (PID=91596) to work on /home/airflow/.local/lib/python3.12/site-packages/airflow/example_dags/example_branch_day_of_week_operator.py
[2025-03-16T19:28:54.716+0000] {processor.py:914} INFO - Processing file /home/airflow/.local/lib/python3.12/site-packages/airflow/example_dags/example_branch_day_of_week_operator.py for tasks to queue
[2025-03-16T19:28:54.719+0000] {logging_mixin.py:190} INFO - [2025-03-16T19:28:54.718+0000] {dagbag.py:588} INFO - Filling up the DagBag from /home/airflow/.local/lib/python3.12/site-packages/airflow/example_dags/example_branch_day_of_week_operator.py
[2025-03-16T19:28:54.740+0000] {processor.py:925} INFO - DAG(s) 'example_weekday_branch_operator' retrieved from /home/airflow/.local/lib/python3.12/site-packages/airflow/example_dags/example_branch_day_of_week_operator.py
[2025-03-16T19:28:54.780+0000] {logging_mixin.py:190} INFO - [2025-03-16T19:28:54.780+0000] {dag.py:3239} INFO - Sync 1 DAGs
[2025-03-16T19:28:54.826+0000] {logging_mixin.py:190} INFO - [2025-03-16T19:28:54.826+0000] {dag.py:4180} INFO - Setting next_dagrun for example_weekday_branch_operator to 2025-03-15 00:00:00+00:00, run_after=2025-03-16 00:00:00+00:00
[2025-03-16T19:28:55.135+0000] {processor.py:208} INFO - Processing /home/airflow/.local/lib/python3.12/site-packages/airflow/example_dags/example_branch_day_of_week_operator.py took 0.432 seconds
[2025-03-16T19:29:25.812+0000] {processor.py:186} INFO - Started process (PID=91660) to work on /home/airflow/.local/lib/python3.12/site-packages/airflow/example_dags/example_branch_day_of_week_operator.py
[2025-03-16T19:29:25.814+0000] {processor.py:914} INFO - Processing file /home/airflow/.local/lib/python3.12/site-packages/airflow/example_dags/example_branch_day_of_week_operator.py for tasks to queue
[2025-03-16T19:29:25.816+0000] {logging_mixin.py:190} INFO - [2025-03-16T19:29:25.815+0000] {dagbag.py:588} INFO - Filling up the DagBag from /home/airflow/.local/lib/python3.12/site-packages/airflow/example_dags/example_branch_day_of_week_operator.py
[2025-03-16T19:29:25.834+0000] {processor.py:925} INFO - DAG(s) 'example_weekday_branch_operator' retrieved from /home/airflow/.local/lib/python3.12/site-packages/airflow/example_dags/example_branch_day_of_week_operator.py
[2025-03-16T19:29:25.874+0000] {logging_mixin.py:190} INFO - [2025-03-16T19:29:25.873+0000] {dag.py:3239} INFO - Sync 1 DAGs
[2025-03-16T19:29:25.918+0000] {logging_mixin.py:190} INFO - [2025-03-16T19:29:25.917+0000] {dag.py:4180} INFO - Setting next_dagrun for example_weekday_branch_operator to 2025-03-15 00:00:00+00:00, run_after=2025-03-16 00:00:00+00:00
[2025-03-16T19:29:25.963+0000] {processor.py:208} INFO - Processing /home/airflow/.local/lib/python3.12/site-packages/airflow/example_dags/example_branch_day_of_week_operator.py took 0.161 seconds
[2025-03-16T19:29:58.202+0000] {processor.py:186} INFO - Started process (PID=91730) to work on /home/airflow/.local/lib/python3.12/site-packages/airflow/example_dags/example_branch_day_of_week_operator.py
[2025-03-16T19:29:58.205+0000] {processor.py:914} INFO - Processing file /home/airflow/.local/lib/python3.12/site-packages/airflow/example_dags/example_branch_day_of_week_operator.py for tasks to queue
[2025-03-16T19:29:58.209+0000] {logging_mixin.py:190} INFO - [2025-03-16T19:29:58.208+0000] {dagbag.py:588} INFO - Filling up the DagBag from /home/airflow/.local/lib/python3.12/site-packages/airflow/example_dags/example_branch_day_of_week_operator.py
[2025-03-16T19:29:58.224+0000] {processor.py:925} INFO - DAG(s) 'example_weekday_branch_operator' retrieved from /home/airflow/.local/lib/python3.12/site-packages/airflow/example_dags/example_branch_day_of_week_operator.py
[2025-03-16T19:29:58.545+0000] {logging_mixin.py:190} INFO - [2025-03-16T19:29:58.544+0000] {dag.py:3239} INFO - Sync 1 DAGs
[2025-03-16T19:29:58.582+0000] {logging_mixin.py:190} INFO - [2025-03-16T19:29:58.582+0000] {dag.py:4180} INFO - Setting next_dagrun for example_weekday_branch_operator to 2025-03-15 00:00:00+00:00, run_after=2025-03-16 00:00:00+00:00
[2025-03-16T19:29:58.629+0000] {processor.py:208} INFO - Processing /home/airflow/.local/lib/python3.12/site-packages/airflow/example_dags/example_branch_day_of_week_operator.py took 0.436 seconds
[2025-03-16T19:30:29.429+0000] {processor.py:186} INFO - Started process (PID=91794) to work on /home/airflow/.local/lib/python3.12/site-packages/airflow/example_dags/example_branch_day_of_week_operator.py
[2025-03-16T19:30:29.432+0000] {processor.py:914} INFO - Processing file /home/airflow/.local/lib/python3.12/site-packages/airflow/example_dags/example_branch_day_of_week_operator.py for tasks to queue
[2025-03-16T19:30:29.434+0000] {logging_mixin.py:190} INFO - [2025-03-16T19:30:29.434+0000] {dagbag.py:588} INFO - Filling up the DagBag from /home/airflow/.local/lib/python3.12/site-packages/airflow/example_dags/example_branch_day_of_week_operator.py
[2025-03-16T19:30:29.451+0000] {processor.py:925} INFO - DAG(s) 'example_weekday_branch_operator' retrieved from /home/airflow/.local/lib/python3.12/site-packages/airflow/example_dags/example_branch_day_of_week_operator.py
[2025-03-16T19:30:29.488+0000] {logging_mixin.py:190} INFO - [2025-03-16T19:30:29.488+0000] {dag.py:3239} INFO - Sync 1 DAGs
[2025-03-16T19:30:29.539+0000] {logging_mixin.py:190} INFO - [2025-03-16T19:30:29.538+0000] {dag.py:4180} INFO - Setting next_dagrun for example_weekday_branch_operator to 2025-03-15 00:00:00+00:00, run_after=2025-03-16 00:00:00+00:00
[2025-03-16T19:30:29.577+0000] {processor.py:208} INFO - Processing /home/airflow/.local/lib/python3.12/site-packages/airflow/example_dags/example_branch_day_of_week_operator.py took 0.158 seconds
[2025-03-16T19:31:00.291+0000] {processor.py:186} INFO - Started process (PID=91857) to work on /home/airflow/.local/lib/python3.12/site-packages/airflow/example_dags/example_branch_day_of_week_operator.py
[2025-03-16T19:31:00.293+0000] {processor.py:914} INFO - Processing file /home/airflow/.local/lib/python3.12/site-packages/airflow/example_dags/example_branch_day_of_week_operator.py for tasks to queue
[2025-03-16T19:31:00.296+0000] {logging_mixin.py:190} INFO - [2025-03-16T19:31:00.295+0000] {dagbag.py:588} INFO - Filling up the DagBag from /home/airflow/.local/lib/python3.12/site-packages/airflow/example_dags/example_branch_day_of_week_operator.py
[2025-03-16T19:31:00.324+0000] {processor.py:925} INFO - DAG(s) 'example_weekday_branch_operator' retrieved from /home/airflow/.local/lib/python3.12/site-packages/airflow/example_dags/example_branch_day_of_week_operator.py
[2025-03-16T19:31:00.373+0000] {logging_mixin.py:190} INFO - [2025-03-16T19:31:00.372+0000] {dag.py:3239} INFO - Sync 1 DAGs
[2025-03-16T19:31:00.421+0000] {logging_mixin.py:190} INFO - [2025-03-16T19:31:00.420+0000] {dag.py:4180} INFO - Setting next_dagrun for example_weekday_branch_operator to 2025-03-15 00:00:00+00:00, run_after=2025-03-16 00:00:00+00:00
[2025-03-16T19:31:00.452+0000] {processor.py:208} INFO - Processing /home/airflow/.local/lib/python3.12/site-packages/airflow/example_dags/example_branch_day_of_week_operator.py took 0.170 seconds
[2025-03-16T19:31:31.061+0000] {processor.py:186} INFO - Started process (PID=91921) to work on /home/airflow/.local/lib/python3.12/site-packages/airflow/example_dags/example_branch_day_of_week_operator.py
[2025-03-16T19:31:31.063+0000] {processor.py:914} INFO - Processing file /home/airflow/.local/lib/python3.12/site-packages/airflow/example_dags/example_branch_day_of_week_operator.py for tasks to queue
[2025-03-16T19:31:31.067+0000] {logging_mixin.py:190} INFO - [2025-03-16T19:31:31.066+0000] {dagbag.py:588} INFO - Filling up the DagBag from /home/airflow/.local/lib/python3.12/site-packages/airflow/example_dags/example_branch_day_of_week_operator.py
[2025-03-16T19:31:31.087+0000] {processor.py:925} INFO - DAG(s) 'example_weekday_branch_operator' retrieved from /home/airflow/.local/lib/python3.12/site-packages/airflow/example_dags/example_branch_day_of_week_operator.py
[2025-03-16T19:31:31.125+0000] {logging_mixin.py:190} INFO - [2025-03-16T19:31:31.124+0000] {dag.py:3239} INFO - Sync 1 DAGs
[2025-03-16T19:31:31.171+0000] {logging_mixin.py:190} INFO - [2025-03-16T19:31:31.171+0000] {dag.py:4180} INFO - Setting next_dagrun for example_weekday_branch_operator to 2025-03-15 00:00:00+00:00, run_after=2025-03-16 00:00:00+00:00
[2025-03-16T19:31:31.207+0000] {processor.py:208} INFO - Processing /home/airflow/.local/lib/python3.12/site-packages/airflow/example_dags/example_branch_day_of_week_operator.py took 0.158 seconds
[2025-03-16T19:32:01.890+0000] {processor.py:186} INFO - Started process (PID=91985) to work on /home/airflow/.local/lib/python3.12/site-packages/airflow/example_dags/example_branch_day_of_week_operator.py
[2025-03-16T19:32:01.892+0000] {processor.py:914} INFO - Processing file /home/airflow/.local/lib/python3.12/site-packages/airflow/example_dags/example_branch_day_of_week_operator.py for tasks to queue
[2025-03-16T19:32:01.894+0000] {logging_mixin.py:190} INFO - [2025-03-16T19:32:01.894+0000] {dagbag.py:588} INFO - Filling up the DagBag from /home/airflow/.local/lib/python3.12/site-packages/airflow/example_dags/example_branch_day_of_week_operator.py
[2025-03-16T19:32:01.910+0000] {processor.py:925} INFO - DAG(s) 'example_weekday_branch_operator' retrieved from /home/airflow/.local/lib/python3.12/site-packages/airflow/example_dags/example_branch_day_of_week_operator.py
[2025-03-16T19:32:01.954+0000] {logging_mixin.py:190} INFO - [2025-03-16T19:32:01.954+0000] {dag.py:3239} INFO - Sync 1 DAGs
[2025-03-16T19:32:02.008+0000] {logging_mixin.py:190} INFO - [2025-03-16T19:32:02.008+0000] {dag.py:4180} INFO - Setting next_dagrun for example_weekday_branch_operator to 2025-03-15 00:00:00+00:00, run_after=2025-03-16 00:00:00+00:00
[2025-03-16T19:32:02.059+0000] {processor.py:208} INFO - Processing /home/airflow/.local/lib/python3.12/site-packages/airflow/example_dags/example_branch_day_of_week_operator.py took 0.181 seconds
[2025-03-16T19:32:32.175+0000] {processor.py:186} INFO - Started process (PID=92049) to work on /home/airflow/.local/lib/python3.12/site-packages/airflow/example_dags/example_branch_day_of_week_operator.py
[2025-03-16T19:32:32.178+0000] {processor.py:914} INFO - Processing file /home/airflow/.local/lib/python3.12/site-packages/airflow/example_dags/example_branch_day_of_week_operator.py for tasks to queue
[2025-03-16T19:32:32.181+0000] {logging_mixin.py:190} INFO - [2025-03-16T19:32:32.180+0000] {dagbag.py:588} INFO - Filling up the DagBag from /home/airflow/.local/lib/python3.12/site-packages/airflow/example_dags/example_branch_day_of_week_operator.py
[2025-03-16T19:32:32.200+0000] {processor.py:925} INFO - DAG(s) 'example_weekday_branch_operator' retrieved from /home/airflow/.local/lib/python3.12/site-packages/airflow/example_dags/example_branch_day_of_week_operator.py
[2025-03-16T19:32:32.238+0000] {logging_mixin.py:190} INFO - [2025-03-16T19:32:32.238+0000] {dag.py:3239} INFO - Sync 1 DAGs
[2025-03-16T19:32:32.285+0000] {logging_mixin.py:190} INFO - [2025-03-16T19:32:32.285+0000] {dag.py:4180} INFO - Setting next_dagrun for example_weekday_branch_operator to 2025-03-15 00:00:00+00:00, run_after=2025-03-16 00:00:00+00:00
[2025-03-16T19:32:32.323+0000] {processor.py:208} INFO - Processing /home/airflow/.local/lib/python3.12/site-packages/airflow/example_dags/example_branch_day_of_week_operator.py took 0.158 seconds
[2025-03-16T19:33:02.777+0000] {processor.py:186} INFO - Started process (PID=92112) to work on /home/airflow/.local/lib/python3.12/site-packages/airflow/example_dags/example_branch_day_of_week_operator.py
[2025-03-16T19:33:02.781+0000] {processor.py:914} INFO - Processing file /home/airflow/.local/lib/python3.12/site-packages/airflow/example_dags/example_branch_day_of_week_operator.py for tasks to queue
[2025-03-16T19:33:02.783+0000] {logging_mixin.py:190} INFO - [2025-03-16T19:33:02.783+0000] {dagbag.py:588} INFO - Filling up the DagBag from /home/airflow/.local/lib/python3.12/site-packages/airflow/example_dags/example_branch_day_of_week_operator.py
[2025-03-16T19:33:02.800+0000] {processor.py:925} INFO - DAG(s) 'example_weekday_branch_operator' retrieved from /home/airflow/.local/lib/python3.12/site-packages/airflow/example_dags/example_branch_day_of_week_operator.py
[2025-03-16T19:33:02.834+0000] {logging_mixin.py:190} INFO - [2025-03-16T19:33:02.834+0000] {dag.py:3239} INFO - Sync 1 DAGs
[2025-03-16T19:33:02.878+0000] {logging_mixin.py:190} INFO - [2025-03-16T19:33:02.877+0000] {dag.py:4180} INFO - Setting next_dagrun for example_weekday_branch_operator to 2025-03-15 00:00:00+00:00, run_after=2025-03-16 00:00:00+00:00
[2025-03-16T19:33:02.912+0000] {processor.py:208} INFO - Processing /home/airflow/.local/lib/python3.12/site-packages/airflow/example_dags/example_branch_day_of_week_operator.py took 0.145 seconds
[2025-03-16T19:33:33.187+0000] {processor.py:186} INFO - Started process (PID=92176) to work on /home/airflow/.local/lib/python3.12/site-packages/airflow/example_dags/example_branch_day_of_week_operator.py
[2025-03-16T19:33:33.190+0000] {processor.py:914} INFO - Processing file /home/airflow/.local/lib/python3.12/site-packages/airflow/example_dags/example_branch_day_of_week_operator.py for tasks to queue
[2025-03-16T19:33:33.192+0000] {logging_mixin.py:190} INFO - [2025-03-16T19:33:33.191+0000] {dagbag.py:588} INFO - Filling up the DagBag from /home/airflow/.local/lib/python3.12/site-packages/airflow/example_dags/example_branch_day_of_week_operator.py
[2025-03-16T19:33:33.211+0000] {processor.py:925} INFO - DAG(s) 'example_weekday_branch_operator' retrieved from /home/airflow/.local/lib/python3.12/site-packages/airflow/example_dags/example_branch_day_of_week_operator.py
[2025-03-16T19:33:33.250+0000] {logging_mixin.py:190} INFO - [2025-03-16T19:33:33.250+0000] {dag.py:3239} INFO - Sync 1 DAGs
[2025-03-16T19:33:33.297+0000] {logging_mixin.py:190} INFO - [2025-03-16T19:33:33.297+0000] {dag.py:4180} INFO - Setting next_dagrun for example_weekday_branch_operator to 2025-03-15 00:00:00+00:00, run_after=2025-03-16 00:00:00+00:00
[2025-03-16T19:33:33.330+0000] {processor.py:208} INFO - Processing /home/airflow/.local/lib/python3.12/site-packages/airflow/example_dags/example_branch_day_of_week_operator.py took 0.156 seconds
[2025-03-16T19:34:03.591+0000] {processor.py:186} INFO - Started process (PID=92240) to work on /home/airflow/.local/lib/python3.12/site-packages/airflow/example_dags/example_branch_day_of_week_operator.py
[2025-03-16T19:34:03.593+0000] {processor.py:914} INFO - Processing file /home/airflow/.local/lib/python3.12/site-packages/airflow/example_dags/example_branch_day_of_week_operator.py for tasks to queue
[2025-03-16T19:34:03.595+0000] {logging_mixin.py:190} INFO - [2025-03-16T19:34:03.595+0000] {dagbag.py:588} INFO - Filling up the DagBag from /home/airflow/.local/lib/python3.12/site-packages/airflow/example_dags/example_branch_day_of_week_operator.py
[2025-03-16T19:34:03.612+0000] {processor.py:925} INFO - DAG(s) 'example_weekday_branch_operator' retrieved from /home/airflow/.local/lib/python3.12/site-packages/airflow/example_dags/example_branch_day_of_week_operator.py
[2025-03-16T19:34:03.647+0000] {logging_mixin.py:190} INFO - [2025-03-16T19:34:03.646+0000] {dag.py:3239} INFO - Sync 1 DAGs
[2025-03-16T19:34:03.689+0000] {logging_mixin.py:190} INFO - [2025-03-16T19:34:03.688+0000] {dag.py:4180} INFO - Setting next_dagrun for example_weekday_branch_operator to 2025-03-15 00:00:00+00:00, run_after=2025-03-16 00:00:00+00:00
[2025-03-16T19:34:03.725+0000] {processor.py:208} INFO - Processing /home/airflow/.local/lib/python3.12/site-packages/airflow/example_dags/example_branch_day_of_week_operator.py took 0.144 seconds
[2025-03-16T19:34:33.837+0000] {processor.py:186} INFO - Started process (PID=92305) to work on /home/airflow/.local/lib/python3.12/site-packages/airflow/example_dags/example_branch_day_of_week_operator.py
[2025-03-16T19:34:33.839+0000] {processor.py:914} INFO - Processing file /home/airflow/.local/lib/python3.12/site-packages/airflow/example_dags/example_branch_day_of_week_operator.py for tasks to queue
[2025-03-16T19:34:33.842+0000] {logging_mixin.py:190} INFO - [2025-03-16T19:34:33.841+0000] {dagbag.py:588} INFO - Filling up the DagBag from /home/airflow/.local/lib/python3.12/site-packages/airflow/example_dags/example_branch_day_of_week_operator.py
[2025-03-16T19:34:33.859+0000] {processor.py:925} INFO - DAG(s) 'example_weekday_branch_operator' retrieved from /home/airflow/.local/lib/python3.12/site-packages/airflow/example_dags/example_branch_day_of_week_operator.py
[2025-03-16T19:34:33.897+0000] {logging_mixin.py:190} INFO - [2025-03-16T19:34:33.897+0000] {dag.py:3239} INFO - Sync 1 DAGs
[2025-03-16T19:34:33.939+0000] {logging_mixin.py:190} INFO - [2025-03-16T19:34:33.939+0000] {dag.py:4180} INFO - Setting next_dagrun for example_weekday_branch_operator to 2025-03-15 00:00:00+00:00, run_after=2025-03-16 00:00:00+00:00
[2025-03-16T19:34:33.972+0000] {processor.py:208} INFO - Processing /home/airflow/.local/lib/python3.12/site-packages/airflow/example_dags/example_branch_day_of_week_operator.py took 0.144 seconds
[2025-03-16T19:35:04.379+0000] {processor.py:186} INFO - Started process (PID=92368) to work on /home/airflow/.local/lib/python3.12/site-packages/airflow/example_dags/example_branch_day_of_week_operator.py
[2025-03-16T19:35:04.381+0000] {processor.py:914} INFO - Processing file /home/airflow/.local/lib/python3.12/site-packages/airflow/example_dags/example_branch_day_of_week_operator.py for tasks to queue
[2025-03-16T19:35:04.383+0000] {logging_mixin.py:190} INFO - [2025-03-16T19:35:04.383+0000] {dagbag.py:588} INFO - Filling up the DagBag from /home/airflow/.local/lib/python3.12/site-packages/airflow/example_dags/example_branch_day_of_week_operator.py
[2025-03-16T19:35:04.401+0000] {processor.py:925} INFO - DAG(s) 'example_weekday_branch_operator' retrieved from /home/airflow/.local/lib/python3.12/site-packages/airflow/example_dags/example_branch_day_of_week_operator.py
[2025-03-16T19:35:04.440+0000] {logging_mixin.py:190} INFO - [2025-03-16T19:35:04.440+0000] {dag.py:3239} INFO - Sync 1 DAGs
[2025-03-16T19:35:04.482+0000] {logging_mixin.py:190} INFO - [2025-03-16T19:35:04.482+0000] {dag.py:4180} INFO - Setting next_dagrun for example_weekday_branch_operator to 2025-03-15 00:00:00+00:00, run_after=2025-03-16 00:00:00+00:00
[2025-03-16T19:35:04.512+0000] {processor.py:208} INFO - Processing /home/airflow/.local/lib/python3.12/site-packages/airflow/example_dags/example_branch_day_of_week_operator.py took 0.145 seconds
[2025-03-16T19:35:34.750+0000] {processor.py:186} INFO - Started process (PID=92432) to work on /home/airflow/.local/lib/python3.12/site-packages/airflow/example_dags/example_branch_day_of_week_operator.py
[2025-03-16T19:35:34.752+0000] {processor.py:914} INFO - Processing file /home/airflow/.local/lib/python3.12/site-packages/airflow/example_dags/example_branch_day_of_week_operator.py for tasks to queue
[2025-03-16T19:35:34.756+0000] {logging_mixin.py:190} INFO - [2025-03-16T19:35:34.755+0000] {dagbag.py:588} INFO - Filling up the DagBag from /home/airflow/.local/lib/python3.12/site-packages/airflow/example_dags/example_branch_day_of_week_operator.py
[2025-03-16T19:35:34.771+0000] {processor.py:925} INFO - DAG(s) 'example_weekday_branch_operator' retrieved from /home/airflow/.local/lib/python3.12/site-packages/airflow/example_dags/example_branch_day_of_week_operator.py
[2025-03-16T19:35:34.810+0000] {logging_mixin.py:190} INFO - [2025-03-16T19:35:34.809+0000] {dag.py:3239} INFO - Sync 1 DAGs
[2025-03-16T19:35:34.850+0000] {logging_mixin.py:190} INFO - [2025-03-16T19:35:34.850+0000] {dag.py:4180} INFO - Setting next_dagrun for example_weekday_branch_operator to 2025-03-15 00:00:00+00:00, run_after=2025-03-16 00:00:00+00:00
[2025-03-16T19:35:34.880+0000] {processor.py:208} INFO - Processing /home/airflow/.local/lib/python3.12/site-packages/airflow/example_dags/example_branch_day_of_week_operator.py took 0.138 seconds
[2025-03-16T19:36:05.373+0000] {processor.py:186} INFO - Started process (PID=92495) to work on /home/airflow/.local/lib/python3.12/site-packages/airflow/example_dags/example_branch_day_of_week_operator.py
[2025-03-16T19:36:05.375+0000] {processor.py:914} INFO - Processing file /home/airflow/.local/lib/python3.12/site-packages/airflow/example_dags/example_branch_day_of_week_operator.py for tasks to queue
[2025-03-16T19:36:05.377+0000] {logging_mixin.py:190} INFO - [2025-03-16T19:36:05.376+0000] {dagbag.py:588} INFO - Filling up the DagBag from /home/airflow/.local/lib/python3.12/site-packages/airflow/example_dags/example_branch_day_of_week_operator.py
[2025-03-16T19:36:05.390+0000] {processor.py:925} INFO - DAG(s) 'example_weekday_branch_operator' retrieved from /home/airflow/.local/lib/python3.12/site-packages/airflow/example_dags/example_branch_day_of_week_operator.py
[2025-03-16T19:36:05.424+0000] {logging_mixin.py:190} INFO - [2025-03-16T19:36:05.424+0000] {dag.py:3239} INFO - Sync 1 DAGs
[2025-03-16T19:36:05.465+0000] {logging_mixin.py:190} INFO - [2025-03-16T19:36:05.465+0000] {dag.py:4180} INFO - Setting next_dagrun for example_weekday_branch_operator to 2025-03-15 00:00:00+00:00, run_after=2025-03-16 00:00:00+00:00
[2025-03-16T19:36:05.492+0000] {processor.py:208} INFO - Processing /home/airflow/.local/lib/python3.12/site-packages/airflow/example_dags/example_branch_day_of_week_operator.py took 0.128 seconds
[2025-03-16T19:36:35.913+0000] {processor.py:186} INFO - Started process (PID=92559) to work on /home/airflow/.local/lib/python3.12/site-packages/airflow/example_dags/example_branch_day_of_week_operator.py
[2025-03-16T19:36:35.915+0000] {processor.py:914} INFO - Processing file /home/airflow/.local/lib/python3.12/site-packages/airflow/example_dags/example_branch_day_of_week_operator.py for tasks to queue
[2025-03-16T19:36:35.917+0000] {logging_mixin.py:190} INFO - [2025-03-16T19:36:35.917+0000] {dagbag.py:588} INFO - Filling up the DagBag from /home/airflow/.local/lib/python3.12/site-packages/airflow/example_dags/example_branch_day_of_week_operator.py
[2025-03-16T19:36:35.934+0000] {processor.py:925} INFO - DAG(s) 'example_weekday_branch_operator' retrieved from /home/airflow/.local/lib/python3.12/site-packages/airflow/example_dags/example_branch_day_of_week_operator.py
[2025-03-16T19:36:35.965+0000] {logging_mixin.py:190} INFO - [2025-03-16T19:36:35.964+0000] {dag.py:3239} INFO - Sync 1 DAGs
[2025-03-16T19:36:36.002+0000] {logging_mixin.py:190} INFO - [2025-03-16T19:36:36.001+0000] {dag.py:4180} INFO - Setting next_dagrun for example_weekday_branch_operator to 2025-03-15 00:00:00+00:00, run_after=2025-03-16 00:00:00+00:00
[2025-03-16T19:36:36.030+0000] {processor.py:208} INFO - Processing /home/airflow/.local/lib/python3.12/site-packages/airflow/example_dags/example_branch_day_of_week_operator.py took 0.125 seconds
[2025-03-16T19:37:06.119+0000] {processor.py:186} INFO - Started process (PID=92622) to work on /home/airflow/.local/lib/python3.12/site-packages/airflow/example_dags/example_branch_day_of_week_operator.py
[2025-03-16T19:37:06.121+0000] {processor.py:914} INFO - Processing file /home/airflow/.local/lib/python3.12/site-packages/airflow/example_dags/example_branch_day_of_week_operator.py for tasks to queue
[2025-03-16T19:37:06.123+0000] {logging_mixin.py:190} INFO - [2025-03-16T19:37:06.123+0000] {dagbag.py:588} INFO - Filling up the DagBag from /home/airflow/.local/lib/python3.12/site-packages/airflow/example_dags/example_branch_day_of_week_operator.py
[2025-03-16T19:37:06.143+0000] {processor.py:925} INFO - DAG(s) 'example_weekday_branch_operator' retrieved from /home/airflow/.local/lib/python3.12/site-packages/airflow/example_dags/example_branch_day_of_week_operator.py
[2025-03-16T19:37:06.181+0000] {logging_mixin.py:190} INFO - [2025-03-16T19:37:06.181+0000] {dag.py:3239} INFO - Sync 1 DAGs
[2025-03-16T19:37:06.236+0000] {logging_mixin.py:190} INFO - [2025-03-16T19:37:06.235+0000] {dag.py:4180} INFO - Setting next_dagrun for example_weekday_branch_operator to 2025-03-15 00:00:00+00:00, run_after=2025-03-16 00:00:00+00:00
[2025-03-16T19:37:06.269+0000] {processor.py:208} INFO - Processing /home/airflow/.local/lib/python3.12/site-packages/airflow/example_dags/example_branch_day_of_week_operator.py took 0.162 seconds
[2025-03-16T19:37:36.790+0000] {processor.py:186} INFO - Started process (PID=92686) to work on /home/airflow/.local/lib/python3.12/site-packages/airflow/example_dags/example_branch_day_of_week_operator.py
[2025-03-16T19:37:36.791+0000] {processor.py:914} INFO - Processing file /home/airflow/.local/lib/python3.12/site-packages/airflow/example_dags/example_branch_day_of_week_operator.py for tasks to queue
[2025-03-16T19:37:36.794+0000] {logging_mixin.py:190} INFO - [2025-03-16T19:37:36.793+0000] {dagbag.py:588} INFO - Filling up the DagBag from /home/airflow/.local/lib/python3.12/site-packages/airflow/example_dags/example_branch_day_of_week_operator.py
[2025-03-16T19:37:36.813+0000] {processor.py:925} INFO - DAG(s) 'example_weekday_branch_operator' retrieved from /home/airflow/.local/lib/python3.12/site-packages/airflow/example_dags/example_branch_day_of_week_operator.py
[2025-03-16T19:37:36.846+0000] {logging_mixin.py:190} INFO - [2025-03-16T19:37:36.845+0000] {dag.py:3239} INFO - Sync 1 DAGs
[2025-03-16T19:37:36.884+0000] {logging_mixin.py:190} INFO - [2025-03-16T19:37:36.883+0000] {dag.py:4180} INFO - Setting next_dagrun for example_weekday_branch_operator to 2025-03-15 00:00:00+00:00, run_after=2025-03-16 00:00:00+00:00
[2025-03-16T19:37:36.917+0000] {processor.py:208} INFO - Processing /home/airflow/.local/lib/python3.12/site-packages/airflow/example_dags/example_branch_day_of_week_operator.py took 0.137 seconds
[2025-03-16T19:38:07.129+0000] {processor.py:186} INFO - Started process (PID=92750) to work on /home/airflow/.local/lib/python3.12/site-packages/airflow/example_dags/example_branch_day_of_week_operator.py
[2025-03-16T19:38:07.131+0000] {processor.py:914} INFO - Processing file /home/airflow/.local/lib/python3.12/site-packages/airflow/example_dags/example_branch_day_of_week_operator.py for tasks to queue
[2025-03-16T19:38:07.133+0000] {logging_mixin.py:190} INFO - [2025-03-16T19:38:07.133+0000] {dagbag.py:588} INFO - Filling up the DagBag from /home/airflow/.local/lib/python3.12/site-packages/airflow/example_dags/example_branch_day_of_week_operator.py
[2025-03-16T19:38:07.152+0000] {processor.py:925} INFO - DAG(s) 'example_weekday_branch_operator' retrieved from /home/airflow/.local/lib/python3.12/site-packages/airflow/example_dags/example_branch_day_of_week_operator.py
[2025-03-16T19:38:07.193+0000] {logging_mixin.py:190} INFO - [2025-03-16T19:38:07.193+0000] {dag.py:3239} INFO - Sync 1 DAGs
[2025-03-16T19:38:07.258+0000] {logging_mixin.py:190} INFO - [2025-03-16T19:38:07.257+0000] {dag.py:4180} INFO - Setting next_dagrun for example_weekday_branch_operator to 2025-03-15 00:00:00+00:00, run_after=2025-03-16 00:00:00+00:00
[2025-03-16T19:38:07.297+0000] {processor.py:208} INFO - Processing /home/airflow/.local/lib/python3.12/site-packages/airflow/example_dags/example_branch_day_of_week_operator.py took 0.180 seconds
[2025-03-16T19:38:37.503+0000] {processor.py:186} INFO - Started process (PID=92814) to work on /home/airflow/.local/lib/python3.12/site-packages/airflow/example_dags/example_branch_day_of_week_operator.py
[2025-03-16T19:38:37.505+0000] {processor.py:914} INFO - Processing file /home/airflow/.local/lib/python3.12/site-packages/airflow/example_dags/example_branch_day_of_week_operator.py for tasks to queue
[2025-03-16T19:38:37.507+0000] {logging_mixin.py:190} INFO - [2025-03-16T19:38:37.506+0000] {dagbag.py:588} INFO - Filling up the DagBag from /home/airflow/.local/lib/python3.12/site-packages/airflow/example_dags/example_branch_day_of_week_operator.py
[2025-03-16T19:38:37.521+0000] {processor.py:925} INFO - DAG(s) 'example_weekday_branch_operator' retrieved from /home/airflow/.local/lib/python3.12/site-packages/airflow/example_dags/example_branch_day_of_week_operator.py
[2025-03-16T19:38:37.560+0000] {logging_mixin.py:190} INFO - [2025-03-16T19:38:37.559+0000] {dag.py:3239} INFO - Sync 1 DAGs
[2025-03-16T19:38:37.609+0000] {logging_mixin.py:190} INFO - [2025-03-16T19:38:37.608+0000] {dag.py:4180} INFO - Setting next_dagrun for example_weekday_branch_operator to 2025-03-15 00:00:00+00:00, run_after=2025-03-16 00:00:00+00:00
[2025-03-16T19:38:37.646+0000] {processor.py:208} INFO - Processing /home/airflow/.local/lib/python3.12/site-packages/airflow/example_dags/example_branch_day_of_week_operator.py took 0.154 seconds
[2025-03-16T19:39:08.153+0000] {processor.py:186} INFO - Started process (PID=92877) to work on /home/airflow/.local/lib/python3.12/site-packages/airflow/example_dags/example_branch_day_of_week_operator.py
[2025-03-16T19:39:08.155+0000] {processor.py:914} INFO - Processing file /home/airflow/.local/lib/python3.12/site-packages/airflow/example_dags/example_branch_day_of_week_operator.py for tasks to queue
[2025-03-16T19:39:08.157+0000] {logging_mixin.py:190} INFO - [2025-03-16T19:39:08.156+0000] {dagbag.py:588} INFO - Filling up the DagBag from /home/airflow/.local/lib/python3.12/site-packages/airflow/example_dags/example_branch_day_of_week_operator.py
[2025-03-16T19:39:08.173+0000] {processor.py:925} INFO - DAG(s) 'example_weekday_branch_operator' retrieved from /home/airflow/.local/lib/python3.12/site-packages/airflow/example_dags/example_branch_day_of_week_operator.py
[2025-03-16T19:39:08.207+0000] {logging_mixin.py:190} INFO - [2025-03-16T19:39:08.207+0000] {dag.py:3239} INFO - Sync 1 DAGs
[2025-03-16T19:39:08.247+0000] {logging_mixin.py:190} INFO - [2025-03-16T19:39:08.247+0000] {dag.py:4180} INFO - Setting next_dagrun for example_weekday_branch_operator to 2025-03-15 00:00:00+00:00, run_after=2025-03-16 00:00:00+00:00
[2025-03-16T19:39:08.279+0000] {processor.py:208} INFO - Processing /home/airflow/.local/lib/python3.12/site-packages/airflow/example_dags/example_branch_day_of_week_operator.py took 0.134 seconds
