[2025-03-16T19:07:52.700+0000] {processor.py:186} INFO - Started process (PID=88965) to work on /home/airflow/.local/lib/python3.12/site-packages/airflow/example_dags/example_latest_only_with_trigger.py
[2025-03-16T19:07:52.701+0000] {processor.py:914} INFO - Processing file /home/airflow/.local/lib/python3.12/site-packages/airflow/example_dags/example_latest_only_with_trigger.py for tasks to queue
[2025-03-16T19:07:52.702+0000] {logging_mixin.py:190} INFO - [2025-03-16T19:07:52.702+0000] {dagbag.py:588} INFO - Filling up the DagBag from /home/airflow/.local/lib/python3.12/site-packages/airflow/example_dags/example_latest_only_with_trigger.py
[2025-03-16T19:07:52.712+0000] {processor.py:925} INFO - DAG(s) 'latest_only_with_trigger' retrieved from /home/airflow/.local/lib/python3.12/site-packages/airflow/example_dags/example_latest_only_with_trigger.py
[2025-03-16T19:07:52.734+0000] {logging_mixin.py:190} INFO - [2025-03-16T19:07:52.734+0000] {dag.py:3239} INFO - Sync 1 DAGs
[2025-03-16T19:07:52.773+0000] {logging_mixin.py:190} INFO - [2025-03-16T19:07:52.772+0000] {dag.py:4180} INFO - Setting next_dagrun for latest_only_with_trigger to 2025-03-16 12:00:00+00:00, run_after=2025-03-16 16:00:00+00:00
[2025-03-16T19:07:52.796+0000] {processor.py:208} INFO - Processing /home/airflow/.local/lib/python3.12/site-packages/airflow/example_dags/example_latest_only_with_trigger.py took 0.103 seconds
[2025-03-16T19:08:23.645+0000] {processor.py:186} INFO - Started process (PID=89024) to work on /home/airflow/.local/lib/python3.12/site-packages/airflow/example_dags/example_latest_only_with_trigger.py
[2025-03-16T19:08:23.647+0000] {processor.py:914} INFO - Processing file /home/airflow/.local/lib/python3.12/site-packages/airflow/example_dags/example_latest_only_with_trigger.py for tasks to queue
[2025-03-16T19:08:23.648+0000] {logging_mixin.py:190} INFO - [2025-03-16T19:08:23.648+0000] {dagbag.py:588} INFO - Filling up the DagBag from /home/airflow/.local/lib/python3.12/site-packages/airflow/example_dags/example_latest_only_with_trigger.py
[2025-03-16T19:08:23.656+0000] {processor.py:925} INFO - DAG(s) 'latest_only_with_trigger' retrieved from /home/airflow/.local/lib/python3.12/site-packages/airflow/example_dags/example_latest_only_with_trigger.py
[2025-03-16T19:08:23.677+0000] {logging_mixin.py:190} INFO - [2025-03-16T19:08:23.677+0000] {dag.py:3239} INFO - Sync 1 DAGs
[2025-03-16T19:08:23.697+0000] {logging_mixin.py:190} INFO - [2025-03-16T19:08:23.697+0000] {dag.py:4180} INFO - Setting next_dagrun for latest_only_with_trigger to 2025-03-16 12:00:00+00:00, run_after=2025-03-16 16:00:00+00:00
[2025-03-16T19:08:23.716+0000] {processor.py:208} INFO - Processing /home/airflow/.local/lib/python3.12/site-packages/airflow/example_dags/example_latest_only_with_trigger.py took 0.077 seconds
[2025-03-16T19:08:54.256+0000] {processor.py:186} INFO - Started process (PID=89088) to work on /home/airflow/.local/lib/python3.12/site-packages/airflow/example_dags/example_latest_only_with_trigger.py
[2025-03-16T19:08:54.257+0000] {processor.py:914} INFO - Processing file /home/airflow/.local/lib/python3.12/site-packages/airflow/example_dags/example_latest_only_with_trigger.py for tasks to queue
[2025-03-16T19:08:54.259+0000] {logging_mixin.py:190} INFO - [2025-03-16T19:08:54.258+0000] {dagbag.py:588} INFO - Filling up the DagBag from /home/airflow/.local/lib/python3.12/site-packages/airflow/example_dags/example_latest_only_with_trigger.py
[2025-03-16T19:08:54.267+0000] {processor.py:925} INFO - DAG(s) 'latest_only_with_trigger' retrieved from /home/airflow/.local/lib/python3.12/site-packages/airflow/example_dags/example_latest_only_with_trigger.py
[2025-03-16T19:08:54.288+0000] {logging_mixin.py:190} INFO - [2025-03-16T19:08:54.287+0000] {dag.py:3239} INFO - Sync 1 DAGs
[2025-03-16T19:08:54.308+0000] {logging_mixin.py:190} INFO - [2025-03-16T19:08:54.308+0000] {dag.py:4180} INFO - Setting next_dagrun for latest_only_with_trigger to 2025-03-16 12:00:00+00:00, run_after=2025-03-16 16:00:00+00:00
[2025-03-16T19:08:54.326+0000] {processor.py:208} INFO - Processing /home/airflow/.local/lib/python3.12/site-packages/airflow/example_dags/example_latest_only_with_trigger.py took 0.075 seconds
[2025-03-16T19:09:25.081+0000] {processor.py:186} INFO - Started process (PID=89148) to work on /home/airflow/.local/lib/python3.12/site-packages/airflow/example_dags/example_latest_only_with_trigger.py
[2025-03-16T19:09:25.082+0000] {processor.py:914} INFO - Processing file /home/airflow/.local/lib/python3.12/site-packages/airflow/example_dags/example_latest_only_with_trigger.py for tasks to queue
[2025-03-16T19:09:25.086+0000] {logging_mixin.py:190} INFO - [2025-03-16T19:09:25.085+0000] {dagbag.py:588} INFO - Filling up the DagBag from /home/airflow/.local/lib/python3.12/site-packages/airflow/example_dags/example_latest_only_with_trigger.py
[2025-03-16T19:09:25.096+0000] {processor.py:925} INFO - DAG(s) 'latest_only_with_trigger' retrieved from /home/airflow/.local/lib/python3.12/site-packages/airflow/example_dags/example_latest_only_with_trigger.py
[2025-03-16T19:09:25.125+0000] {logging_mixin.py:190} INFO - [2025-03-16T19:09:25.124+0000] {dag.py:3239} INFO - Sync 1 DAGs
[2025-03-16T19:09:25.149+0000] {logging_mixin.py:190} INFO - [2025-03-16T19:09:25.149+0000] {dag.py:4180} INFO - Setting next_dagrun for latest_only_with_trigger to 2025-03-16 12:00:00+00:00, run_after=2025-03-16 16:00:00+00:00
[2025-03-16T19:09:25.177+0000] {processor.py:208} INFO - Processing /home/airflow/.local/lib/python3.12/site-packages/airflow/example_dags/example_latest_only_with_trigger.py took 0.102 seconds
[2025-03-16T19:09:55.619+0000] {processor.py:186} INFO - Started process (PID=89218) to work on /home/airflow/.local/lib/python3.12/site-packages/airflow/example_dags/example_latest_only_with_trigger.py
[2025-03-16T19:09:55.620+0000] {processor.py:914} INFO - Processing file /home/airflow/.local/lib/python3.12/site-packages/airflow/example_dags/example_latest_only_with_trigger.py for tasks to queue
[2025-03-16T19:09:55.621+0000] {logging_mixin.py:190} INFO - [2025-03-16T19:09:55.621+0000] {dagbag.py:588} INFO - Filling up the DagBag from /home/airflow/.local/lib/python3.12/site-packages/airflow/example_dags/example_latest_only_with_trigger.py
[2025-03-16T19:09:55.629+0000] {processor.py:925} INFO - DAG(s) 'latest_only_with_trigger' retrieved from /home/airflow/.local/lib/python3.12/site-packages/airflow/example_dags/example_latest_only_with_trigger.py
[2025-03-16T19:09:55.654+0000] {logging_mixin.py:190} INFO - [2025-03-16T19:09:55.654+0000] {dag.py:3239} INFO - Sync 1 DAGs
[2025-03-16T19:09:55.679+0000] {logging_mixin.py:190} INFO - [2025-03-16T19:09:55.679+0000] {dag.py:4180} INFO - Setting next_dagrun for latest_only_with_trigger to 2025-03-16 12:00:00+00:00, run_after=2025-03-16 16:00:00+00:00
[2025-03-16T19:09:55.703+0000] {processor.py:208} INFO - Processing /home/airflow/.local/lib/python3.12/site-packages/airflow/example_dags/example_latest_only_with_trigger.py took 0.090 seconds
[2025-03-16T19:10:25.846+0000] {processor.py:186} INFO - Started process (PID=89282) to work on /home/airflow/.local/lib/python3.12/site-packages/airflow/example_dags/example_latest_only_with_trigger.py
[2025-03-16T19:10:25.847+0000] {processor.py:914} INFO - Processing file /home/airflow/.local/lib/python3.12/site-packages/airflow/example_dags/example_latest_only_with_trigger.py for tasks to queue
[2025-03-16T19:10:25.849+0000] {logging_mixin.py:190} INFO - [2025-03-16T19:10:25.849+0000] {dagbag.py:588} INFO - Filling up the DagBag from /home/airflow/.local/lib/python3.12/site-packages/airflow/example_dags/example_latest_only_with_trigger.py
[2025-03-16T19:10:25.859+0000] {processor.py:925} INFO - DAG(s) 'latest_only_with_trigger' retrieved from /home/airflow/.local/lib/python3.12/site-packages/airflow/example_dags/example_latest_only_with_trigger.py
[2025-03-16T19:10:25.886+0000] {logging_mixin.py:190} INFO - [2025-03-16T19:10:25.885+0000] {dag.py:3239} INFO - Sync 1 DAGs
[2025-03-16T19:10:25.916+0000] {logging_mixin.py:190} INFO - [2025-03-16T19:10:25.916+0000] {dag.py:4180} INFO - Setting next_dagrun for latest_only_with_trigger to 2025-03-16 12:00:00+00:00, run_after=2025-03-16 16:00:00+00:00
[2025-03-16T19:10:25.943+0000] {processor.py:208} INFO - Processing /home/airflow/.local/lib/python3.12/site-packages/airflow/example_dags/example_latest_only_with_trigger.py took 0.102 seconds
[2025-03-16T19:10:56.240+0000] {processor.py:186} INFO - Started process (PID=89346) to work on /home/airflow/.local/lib/python3.12/site-packages/airflow/example_dags/example_latest_only_with_trigger.py
[2025-03-16T19:10:56.241+0000] {processor.py:914} INFO - Processing file /home/airflow/.local/lib/python3.12/site-packages/airflow/example_dags/example_latest_only_with_trigger.py for tasks to queue
[2025-03-16T19:10:56.243+0000] {logging_mixin.py:190} INFO - [2025-03-16T19:10:56.242+0000] {dagbag.py:588} INFO - Filling up the DagBag from /home/airflow/.local/lib/python3.12/site-packages/airflow/example_dags/example_latest_only_with_trigger.py
[2025-03-16T19:10:56.252+0000] {processor.py:925} INFO - DAG(s) 'latest_only_with_trigger' retrieved from /home/airflow/.local/lib/python3.12/site-packages/airflow/example_dags/example_latest_only_with_trigger.py
[2025-03-16T19:10:56.277+0000] {logging_mixin.py:190} INFO - [2025-03-16T19:10:56.276+0000] {dag.py:3239} INFO - Sync 1 DAGs
[2025-03-16T19:10:56.300+0000] {logging_mixin.py:190} INFO - [2025-03-16T19:10:56.300+0000] {dag.py:4180} INFO - Setting next_dagrun for latest_only_with_trigger to 2025-03-16 12:00:00+00:00, run_after=2025-03-16 16:00:00+00:00
[2025-03-16T19:10:56.328+0000] {processor.py:208} INFO - Processing /home/airflow/.local/lib/python3.12/site-packages/airflow/example_dags/example_latest_only_with_trigger.py took 0.095 seconds
[2025-03-16T19:11:26.597+0000] {processor.py:186} INFO - Started process (PID=89410) to work on /home/airflow/.local/lib/python3.12/site-packages/airflow/example_dags/example_latest_only_with_trigger.py
[2025-03-16T19:11:26.598+0000] {processor.py:914} INFO - Processing file /home/airflow/.local/lib/python3.12/site-packages/airflow/example_dags/example_latest_only_with_trigger.py for tasks to queue
[2025-03-16T19:11:26.600+0000] {logging_mixin.py:190} INFO - [2025-03-16T19:11:26.600+0000] {dagbag.py:588} INFO - Filling up the DagBag from /home/airflow/.local/lib/python3.12/site-packages/airflow/example_dags/example_latest_only_with_trigger.py
[2025-03-16T19:11:26.608+0000] {processor.py:925} INFO - DAG(s) 'latest_only_with_trigger' retrieved from /home/airflow/.local/lib/python3.12/site-packages/airflow/example_dags/example_latest_only_with_trigger.py
[2025-03-16T19:11:26.631+0000] {logging_mixin.py:190} INFO - [2025-03-16T19:11:26.630+0000] {dag.py:3239} INFO - Sync 1 DAGs
[2025-03-16T19:11:26.663+0000] {logging_mixin.py:190} INFO - [2025-03-16T19:11:26.662+0000] {dag.py:4180} INFO - Setting next_dagrun for latest_only_with_trigger to 2025-03-16 12:00:00+00:00, run_after=2025-03-16 16:00:00+00:00
[2025-03-16T19:11:26.693+0000] {processor.py:208} INFO - Processing /home/airflow/.local/lib/python3.12/site-packages/airflow/example_dags/example_latest_only_with_trigger.py took 0.103 seconds
[2025-03-16T19:11:57.093+0000] {processor.py:186} INFO - Started process (PID=89473) to work on /home/airflow/.local/lib/python3.12/site-packages/airflow/example_dags/example_latest_only_with_trigger.py
[2025-03-16T19:11:57.095+0000] {processor.py:914} INFO - Processing file /home/airflow/.local/lib/python3.12/site-packages/airflow/example_dags/example_latest_only_with_trigger.py for tasks to queue
[2025-03-16T19:11:57.097+0000] {logging_mixin.py:190} INFO - [2025-03-16T19:11:57.096+0000] {dagbag.py:588} INFO - Filling up the DagBag from /home/airflow/.local/lib/python3.12/site-packages/airflow/example_dags/example_latest_only_with_trigger.py
[2025-03-16T19:11:57.104+0000] {processor.py:925} INFO - DAG(s) 'latest_only_with_trigger' retrieved from /home/airflow/.local/lib/python3.12/site-packages/airflow/example_dags/example_latest_only_with_trigger.py
[2025-03-16T19:11:57.131+0000] {logging_mixin.py:190} INFO - [2025-03-16T19:11:57.131+0000] {dag.py:3239} INFO - Sync 1 DAGs
[2025-03-16T19:11:57.159+0000] {logging_mixin.py:190} INFO - [2025-03-16T19:11:57.158+0000] {dag.py:4180} INFO - Setting next_dagrun for latest_only_with_trigger to 2025-03-16 12:00:00+00:00, run_after=2025-03-16 16:00:00+00:00
[2025-03-16T19:11:57.184+0000] {processor.py:208} INFO - Processing /home/airflow/.local/lib/python3.12/site-packages/airflow/example_dags/example_latest_only_with_trigger.py took 0.095 seconds
[2025-03-16T19:12:27.539+0000] {processor.py:186} INFO - Started process (PID=89535) to work on /home/airflow/.local/lib/python3.12/site-packages/airflow/example_dags/example_latest_only_with_trigger.py
[2025-03-16T19:12:27.541+0000] {processor.py:914} INFO - Processing file /home/airflow/.local/lib/python3.12/site-packages/airflow/example_dags/example_latest_only_with_trigger.py for tasks to queue
[2025-03-16T19:12:27.543+0000] {logging_mixin.py:190} INFO - [2025-03-16T19:12:27.543+0000] {dagbag.py:588} INFO - Filling up the DagBag from /home/airflow/.local/lib/python3.12/site-packages/airflow/example_dags/example_latest_only_with_trigger.py
[2025-03-16T19:12:27.553+0000] {processor.py:925} INFO - DAG(s) 'latest_only_with_trigger' retrieved from /home/airflow/.local/lib/python3.12/site-packages/airflow/example_dags/example_latest_only_with_trigger.py
[2025-03-16T19:12:27.580+0000] {logging_mixin.py:190} INFO - [2025-03-16T19:12:27.579+0000] {dag.py:3239} INFO - Sync 1 DAGs
[2025-03-16T19:12:27.613+0000] {logging_mixin.py:190} INFO - [2025-03-16T19:12:27.613+0000] {dag.py:4180} INFO - Setting next_dagrun for latest_only_with_trigger to 2025-03-16 12:00:00+00:00, run_after=2025-03-16 16:00:00+00:00
[2025-03-16T19:12:27.643+0000] {processor.py:208} INFO - Processing /home/airflow/.local/lib/python3.12/site-packages/airflow/example_dags/example_latest_only_with_trigger.py took 0.110 seconds
[2025-03-16T19:12:58.386+0000] {processor.py:186} INFO - Started process (PID=89599) to work on /home/airflow/.local/lib/python3.12/site-packages/airflow/example_dags/example_latest_only_with_trigger.py
[2025-03-16T19:12:58.387+0000] {processor.py:914} INFO - Processing file /home/airflow/.local/lib/python3.12/site-packages/airflow/example_dags/example_latest_only_with_trigger.py for tasks to queue
[2025-03-16T19:12:58.389+0000] {logging_mixin.py:190} INFO - [2025-03-16T19:12:58.388+0000] {dagbag.py:588} INFO - Filling up the DagBag from /home/airflow/.local/lib/python3.12/site-packages/airflow/example_dags/example_latest_only_with_trigger.py
[2025-03-16T19:12:58.401+0000] {processor.py:925} INFO - DAG(s) 'latest_only_with_trigger' retrieved from /home/airflow/.local/lib/python3.12/site-packages/airflow/example_dags/example_latest_only_with_trigger.py
[2025-03-16T19:12:58.425+0000] {logging_mixin.py:190} INFO - [2025-03-16T19:12:58.425+0000] {dag.py:3239} INFO - Sync 1 DAGs
[2025-03-16T19:12:58.451+0000] {logging_mixin.py:190} INFO - [2025-03-16T19:12:58.451+0000] {dag.py:4180} INFO - Setting next_dagrun for latest_only_with_trigger to 2025-03-16 12:00:00+00:00, run_after=2025-03-16 16:00:00+00:00
[2025-03-16T19:12:58.479+0000] {processor.py:208} INFO - Processing /home/airflow/.local/lib/python3.12/site-packages/airflow/example_dags/example_latest_only_with_trigger.py took 0.097 seconds
[2025-03-16T19:13:28.959+0000] {processor.py:186} INFO - Started process (PID=89662) to work on /home/airflow/.local/lib/python3.12/site-packages/airflow/example_dags/example_latest_only_with_trigger.py
[2025-03-16T19:13:28.961+0000] {processor.py:914} INFO - Processing file /home/airflow/.local/lib/python3.12/site-packages/airflow/example_dags/example_latest_only_with_trigger.py for tasks to queue
[2025-03-16T19:13:28.963+0000] {logging_mixin.py:190} INFO - [2025-03-16T19:13:28.962+0000] {dagbag.py:588} INFO - Filling up the DagBag from /home/airflow/.local/lib/python3.12/site-packages/airflow/example_dags/example_latest_only_with_trigger.py
[2025-03-16T19:13:28.976+0000] {processor.py:925} INFO - DAG(s) 'latest_only_with_trigger' retrieved from /home/airflow/.local/lib/python3.12/site-packages/airflow/example_dags/example_latest_only_with_trigger.py
[2025-03-16T19:13:29.012+0000] {logging_mixin.py:190} INFO - [2025-03-16T19:13:29.011+0000] {dag.py:3239} INFO - Sync 1 DAGs
[2025-03-16T19:13:29.041+0000] {logging_mixin.py:190} INFO - [2025-03-16T19:13:29.040+0000] {dag.py:4180} INFO - Setting next_dagrun for latest_only_with_trigger to 2025-03-16 12:00:00+00:00, run_after=2025-03-16 16:00:00+00:00
[2025-03-16T19:13:29.078+0000] {processor.py:208} INFO - Processing /home/airflow/.local/lib/python3.12/site-packages/airflow/example_dags/example_latest_only_with_trigger.py took 0.126 seconds
[2025-03-16T19:13:59.957+0000] {processor.py:186} INFO - Started process (PID=89726) to work on /home/airflow/.local/lib/python3.12/site-packages/airflow/example_dags/example_latest_only_with_trigger.py
[2025-03-16T19:13:59.958+0000] {processor.py:914} INFO - Processing file /home/airflow/.local/lib/python3.12/site-packages/airflow/example_dags/example_latest_only_with_trigger.py for tasks to queue
[2025-03-16T19:13:59.960+0000] {logging_mixin.py:190} INFO - [2025-03-16T19:13:59.959+0000] {dagbag.py:588} INFO - Filling up the DagBag from /home/airflow/.local/lib/python3.12/site-packages/airflow/example_dags/example_latest_only_with_trigger.py
[2025-03-16T19:13:59.967+0000] {processor.py:925} INFO - DAG(s) 'latest_only_with_trigger' retrieved from /home/airflow/.local/lib/python3.12/site-packages/airflow/example_dags/example_latest_only_with_trigger.py
[2025-03-16T19:13:59.989+0000] {logging_mixin.py:190} INFO - [2025-03-16T19:13:59.988+0000] {dag.py:3239} INFO - Sync 1 DAGs
[2025-03-16T19:14:00.012+0000] {logging_mixin.py:190} INFO - [2025-03-16T19:14:00.012+0000] {dag.py:4180} INFO - Setting next_dagrun for latest_only_with_trigger to 2025-03-16 12:00:00+00:00, run_after=2025-03-16 16:00:00+00:00
[2025-03-16T19:14:00.037+0000] {processor.py:208} INFO - Processing /home/airflow/.local/lib/python3.12/site-packages/airflow/example_dags/example_latest_only_with_trigger.py took 0.085 seconds
[2025-03-16T19:14:30.385+0000] {processor.py:186} INFO - Started process (PID=89790) to work on /home/airflow/.local/lib/python3.12/site-packages/airflow/example_dags/example_latest_only_with_trigger.py
[2025-03-16T19:14:30.387+0000] {processor.py:914} INFO - Processing file /home/airflow/.local/lib/python3.12/site-packages/airflow/example_dags/example_latest_only_with_trigger.py for tasks to queue
[2025-03-16T19:14:30.389+0000] {logging_mixin.py:190} INFO - [2025-03-16T19:14:30.388+0000] {dagbag.py:588} INFO - Filling up the DagBag from /home/airflow/.local/lib/python3.12/site-packages/airflow/example_dags/example_latest_only_with_trigger.py
[2025-03-16T19:14:30.397+0000] {processor.py:925} INFO - DAG(s) 'latest_only_with_trigger' retrieved from /home/airflow/.local/lib/python3.12/site-packages/airflow/example_dags/example_latest_only_with_trigger.py
[2025-03-16T19:14:30.423+0000] {logging_mixin.py:190} INFO - [2025-03-16T19:14:30.423+0000] {dag.py:3239} INFO - Sync 1 DAGs
[2025-03-16T19:14:30.449+0000] {logging_mixin.py:190} INFO - [2025-03-16T19:14:30.449+0000] {dag.py:4180} INFO - Setting next_dagrun for latest_only_with_trigger to 2025-03-16 12:00:00+00:00, run_after=2025-03-16 16:00:00+00:00
[2025-03-16T19:14:30.478+0000] {processor.py:208} INFO - Processing /home/airflow/.local/lib/python3.12/site-packages/airflow/example_dags/example_latest_only_with_trigger.py took 0.099 seconds
[2025-03-16T19:15:00.655+0000] {processor.py:186} INFO - Started process (PID=89854) to work on /home/airflow/.local/lib/python3.12/site-packages/airflow/example_dags/example_latest_only_with_trigger.py
[2025-03-16T19:15:00.657+0000] {processor.py:914} INFO - Processing file /home/airflow/.local/lib/python3.12/site-packages/airflow/example_dags/example_latest_only_with_trigger.py for tasks to queue
[2025-03-16T19:15:00.659+0000] {logging_mixin.py:190} INFO - [2025-03-16T19:15:00.658+0000] {dagbag.py:588} INFO - Filling up the DagBag from /home/airflow/.local/lib/python3.12/site-packages/airflow/example_dags/example_latest_only_with_trigger.py
[2025-03-16T19:15:00.673+0000] {processor.py:925} INFO - DAG(s) 'latest_only_with_trigger' retrieved from /home/airflow/.local/lib/python3.12/site-packages/airflow/example_dags/example_latest_only_with_trigger.py
[2025-03-16T19:15:00.701+0000] {logging_mixin.py:190} INFO - [2025-03-16T19:15:00.701+0000] {dag.py:3239} INFO - Sync 1 DAGs
[2025-03-16T19:15:00.729+0000] {logging_mixin.py:190} INFO - [2025-03-16T19:15:00.728+0000] {dag.py:4180} INFO - Setting next_dagrun for latest_only_with_trigger to 2025-03-16 12:00:00+00:00, run_after=2025-03-16 16:00:00+00:00
[2025-03-16T19:15:00.755+0000] {processor.py:208} INFO - Processing /home/airflow/.local/lib/python3.12/site-packages/airflow/example_dags/example_latest_only_with_trigger.py took 0.107 seconds
[2025-03-16T19:15:31.634+0000] {processor.py:186} INFO - Started process (PID=89918) to work on /home/airflow/.local/lib/python3.12/site-packages/airflow/example_dags/example_latest_only_with_trigger.py
[2025-03-16T19:15:31.636+0000] {processor.py:914} INFO - Processing file /home/airflow/.local/lib/python3.12/site-packages/airflow/example_dags/example_latest_only_with_trigger.py for tasks to queue
[2025-03-16T19:15:31.637+0000] {logging_mixin.py:190} INFO - [2025-03-16T19:15:31.637+0000] {dagbag.py:588} INFO - Filling up the DagBag from /home/airflow/.local/lib/python3.12/site-packages/airflow/example_dags/example_latest_only_with_trigger.py
[2025-03-16T19:15:31.649+0000] {processor.py:925} INFO - DAG(s) 'latest_only_with_trigger' retrieved from /home/airflow/.local/lib/python3.12/site-packages/airflow/example_dags/example_latest_only_with_trigger.py
[2025-03-16T19:15:31.679+0000] {logging_mixin.py:190} INFO - [2025-03-16T19:15:31.679+0000] {dag.py:3239} INFO - Sync 1 DAGs
[2025-03-16T19:15:31.709+0000] {logging_mixin.py:190} INFO - [2025-03-16T19:15:31.709+0000] {dag.py:4180} INFO - Setting next_dagrun for latest_only_with_trigger to 2025-03-16 12:00:00+00:00, run_after=2025-03-16 16:00:00+00:00
[2025-03-16T19:15:31.741+0000] {processor.py:208} INFO - Processing /home/airflow/.local/lib/python3.12/site-packages/airflow/example_dags/example_latest_only_with_trigger.py took 0.115 seconds
[2025-03-16T19:16:01.928+0000] {processor.py:186} INFO - Started process (PID=89982) to work on /home/airflow/.local/lib/python3.12/site-packages/airflow/example_dags/example_latest_only_with_trigger.py
[2025-03-16T19:16:01.929+0000] {processor.py:914} INFO - Processing file /home/airflow/.local/lib/python3.12/site-packages/airflow/example_dags/example_latest_only_with_trigger.py for tasks to queue
[2025-03-16T19:16:01.931+0000] {logging_mixin.py:190} INFO - [2025-03-16T19:16:01.931+0000] {dagbag.py:588} INFO - Filling up the DagBag from /home/airflow/.local/lib/python3.12/site-packages/airflow/example_dags/example_latest_only_with_trigger.py
[2025-03-16T19:16:01.945+0000] {processor.py:925} INFO - DAG(s) 'latest_only_with_trigger' retrieved from /home/airflow/.local/lib/python3.12/site-packages/airflow/example_dags/example_latest_only_with_trigger.py
[2025-03-16T19:16:01.975+0000] {logging_mixin.py:190} INFO - [2025-03-16T19:16:01.974+0000] {dag.py:3239} INFO - Sync 1 DAGs
[2025-03-16T19:16:02.000+0000] {logging_mixin.py:190} INFO - [2025-03-16T19:16:01.999+0000] {dag.py:4180} INFO - Setting next_dagrun for latest_only_with_trigger to 2025-03-16 12:00:00+00:00, run_after=2025-03-16 16:00:00+00:00
[2025-03-16T19:16:02.030+0000] {processor.py:208} INFO - Processing /home/airflow/.local/lib/python3.12/site-packages/airflow/example_dags/example_latest_only_with_trigger.py took 0.108 seconds
[2025-03-16T19:16:32.362+0000] {processor.py:186} INFO - Started process (PID=90046) to work on /home/airflow/.local/lib/python3.12/site-packages/airflow/example_dags/example_latest_only_with_trigger.py
[2025-03-16T19:16:32.364+0000] {processor.py:914} INFO - Processing file /home/airflow/.local/lib/python3.12/site-packages/airflow/example_dags/example_latest_only_with_trigger.py for tasks to queue
[2025-03-16T19:16:32.367+0000] {logging_mixin.py:190} INFO - [2025-03-16T19:16:32.365+0000] {dagbag.py:588} INFO - Filling up the DagBag from /home/airflow/.local/lib/python3.12/site-packages/airflow/example_dags/example_latest_only_with_trigger.py
[2025-03-16T19:16:32.378+0000] {processor.py:925} INFO - DAG(s) 'latest_only_with_trigger' retrieved from /home/airflow/.local/lib/python3.12/site-packages/airflow/example_dags/example_latest_only_with_trigger.py
[2025-03-16T19:16:32.408+0000] {logging_mixin.py:190} INFO - [2025-03-16T19:16:32.408+0000] {dag.py:3239} INFO - Sync 1 DAGs
[2025-03-16T19:16:32.435+0000] {logging_mixin.py:190} INFO - [2025-03-16T19:16:32.435+0000] {dag.py:4180} INFO - Setting next_dagrun for latest_only_with_trigger to 2025-03-16 12:00:00+00:00, run_after=2025-03-16 16:00:00+00:00
[2025-03-16T19:16:32.462+0000] {processor.py:208} INFO - Processing /home/airflow/.local/lib/python3.12/site-packages/airflow/example_dags/example_latest_only_with_trigger.py took 0.106 seconds
[2025-03-16T19:17:02.751+0000] {processor.py:186} INFO - Started process (PID=90110) to work on /home/airflow/.local/lib/python3.12/site-packages/airflow/example_dags/example_latest_only_with_trigger.py
[2025-03-16T19:17:02.752+0000] {processor.py:914} INFO - Processing file /home/airflow/.local/lib/python3.12/site-packages/airflow/example_dags/example_latest_only_with_trigger.py for tasks to queue
[2025-03-16T19:17:02.755+0000] {logging_mixin.py:190} INFO - [2025-03-16T19:17:02.754+0000] {dagbag.py:588} INFO - Filling up the DagBag from /home/airflow/.local/lib/python3.12/site-packages/airflow/example_dags/example_latest_only_with_trigger.py
[2025-03-16T19:17:02.767+0000] {processor.py:925} INFO - DAG(s) 'latest_only_with_trigger' retrieved from /home/airflow/.local/lib/python3.12/site-packages/airflow/example_dags/example_latest_only_with_trigger.py
[2025-03-16T19:17:02.797+0000] {logging_mixin.py:190} INFO - [2025-03-16T19:17:02.796+0000] {dag.py:3239} INFO - Sync 1 DAGs
[2025-03-16T19:17:02.824+0000] {logging_mixin.py:190} INFO - [2025-03-16T19:17:02.824+0000] {dag.py:4180} INFO - Setting next_dagrun for latest_only_with_trigger to 2025-03-16 12:00:00+00:00, run_after=2025-03-16 16:00:00+00:00
[2025-03-16T19:17:02.853+0000] {processor.py:208} INFO - Processing /home/airflow/.local/lib/python3.12/site-packages/airflow/example_dags/example_latest_only_with_trigger.py took 0.108 seconds
[2025-03-16T19:17:33.134+0000] {processor.py:186} INFO - Started process (PID=90174) to work on /home/airflow/.local/lib/python3.12/site-packages/airflow/example_dags/example_latest_only_with_trigger.py
[2025-03-16T19:17:33.135+0000] {processor.py:914} INFO - Processing file /home/airflow/.local/lib/python3.12/site-packages/airflow/example_dags/example_latest_only_with_trigger.py for tasks to queue
[2025-03-16T19:17:33.137+0000] {logging_mixin.py:190} INFO - [2025-03-16T19:17:33.136+0000] {dagbag.py:588} INFO - Filling up the DagBag from /home/airflow/.local/lib/python3.12/site-packages/airflow/example_dags/example_latest_only_with_trigger.py
[2025-03-16T19:17:33.148+0000] {processor.py:925} INFO - DAG(s) 'latest_only_with_trigger' retrieved from /home/airflow/.local/lib/python3.12/site-packages/airflow/example_dags/example_latest_only_with_trigger.py
[2025-03-16T19:17:33.177+0000] {logging_mixin.py:190} INFO - [2025-03-16T19:17:33.176+0000] {dag.py:3239} INFO - Sync 1 DAGs
[2025-03-16T19:17:33.215+0000] {logging_mixin.py:190} INFO - [2025-03-16T19:17:33.214+0000] {dag.py:4180} INFO - Setting next_dagrun for latest_only_with_trigger to 2025-03-16 12:00:00+00:00, run_after=2025-03-16 16:00:00+00:00
[2025-03-16T19:17:33.244+0000] {processor.py:208} INFO - Processing /home/airflow/.local/lib/python3.12/site-packages/airflow/example_dags/example_latest_only_with_trigger.py took 0.119 seconds
[2025-03-16T19:18:03.771+0000] {processor.py:186} INFO - Started process (PID=90238) to work on /home/airflow/.local/lib/python3.12/site-packages/airflow/example_dags/example_latest_only_with_trigger.py
[2025-03-16T19:18:03.772+0000] {processor.py:914} INFO - Processing file /home/airflow/.local/lib/python3.12/site-packages/airflow/example_dags/example_latest_only_with_trigger.py for tasks to queue
[2025-03-16T19:18:03.774+0000] {logging_mixin.py:190} INFO - [2025-03-16T19:18:03.773+0000] {dagbag.py:588} INFO - Filling up the DagBag from /home/airflow/.local/lib/python3.12/site-packages/airflow/example_dags/example_latest_only_with_trigger.py
[2025-03-16T19:18:03.784+0000] {processor.py:925} INFO - DAG(s) 'latest_only_with_trigger' retrieved from /home/airflow/.local/lib/python3.12/site-packages/airflow/example_dags/example_latest_only_with_trigger.py
[2025-03-16T19:18:03.816+0000] {logging_mixin.py:190} INFO - [2025-03-16T19:18:03.816+0000] {dag.py:3239} INFO - Sync 1 DAGs
[2025-03-16T19:18:03.856+0000] {logging_mixin.py:190} INFO - [2025-03-16T19:18:03.856+0000] {dag.py:4180} INFO - Setting next_dagrun for latest_only_with_trigger to 2025-03-16 12:00:00+00:00, run_after=2025-03-16 16:00:00+00:00
[2025-03-16T19:18:03.889+0000] {processor.py:208} INFO - Processing /home/airflow/.local/lib/python3.12/site-packages/airflow/example_dags/example_latest_only_with_trigger.py took 0.127 seconds
[2025-03-16T19:18:34.046+0000] {processor.py:186} INFO - Started process (PID=90302) to work on /home/airflow/.local/lib/python3.12/site-packages/airflow/example_dags/example_latest_only_with_trigger.py
[2025-03-16T19:18:34.047+0000] {processor.py:914} INFO - Processing file /home/airflow/.local/lib/python3.12/site-packages/airflow/example_dags/example_latest_only_with_trigger.py for tasks to queue
[2025-03-16T19:18:34.050+0000] {logging_mixin.py:190} INFO - [2025-03-16T19:18:34.050+0000] {dagbag.py:588} INFO - Filling up the DagBag from /home/airflow/.local/lib/python3.12/site-packages/airflow/example_dags/example_latest_only_with_trigger.py
[2025-03-16T19:18:34.065+0000] {processor.py:925} INFO - DAG(s) 'latest_only_with_trigger' retrieved from /home/airflow/.local/lib/python3.12/site-packages/airflow/example_dags/example_latest_only_with_trigger.py
[2025-03-16T19:18:34.098+0000] {logging_mixin.py:190} INFO - [2025-03-16T19:18:34.097+0000] {dag.py:3239} INFO - Sync 1 DAGs
[2025-03-16T19:18:34.128+0000] {logging_mixin.py:190} INFO - [2025-03-16T19:18:34.128+0000] {dag.py:4180} INFO - Setting next_dagrun for latest_only_with_trigger to 2025-03-16 12:00:00+00:00, run_after=2025-03-16 16:00:00+00:00
[2025-03-16T19:18:34.154+0000] {processor.py:208} INFO - Processing /home/airflow/.local/lib/python3.12/site-packages/airflow/example_dags/example_latest_only_with_trigger.py took 0.117 seconds
[2025-03-16T19:19:04.255+0000] {processor.py:186} INFO - Started process (PID=90366) to work on /home/airflow/.local/lib/python3.12/site-packages/airflow/example_dags/example_latest_only_with_trigger.py
[2025-03-16T19:19:04.256+0000] {processor.py:914} INFO - Processing file /home/airflow/.local/lib/python3.12/site-packages/airflow/example_dags/example_latest_only_with_trigger.py for tasks to queue
[2025-03-16T19:19:04.257+0000] {logging_mixin.py:190} INFO - [2025-03-16T19:19:04.257+0000] {dagbag.py:588} INFO - Filling up the DagBag from /home/airflow/.local/lib/python3.12/site-packages/airflow/example_dags/example_latest_only_with_trigger.py
[2025-03-16T19:19:04.270+0000] {processor.py:925} INFO - DAG(s) 'latest_only_with_trigger' retrieved from /home/airflow/.local/lib/python3.12/site-packages/airflow/example_dags/example_latest_only_with_trigger.py
[2025-03-16T19:19:04.294+0000] {logging_mixin.py:190} INFO - [2025-03-16T19:19:04.293+0000] {dag.py:3239} INFO - Sync 1 DAGs
[2025-03-16T19:19:04.323+0000] {logging_mixin.py:190} INFO - [2025-03-16T19:19:04.322+0000] {dag.py:4180} INFO - Setting next_dagrun for latest_only_with_trigger to 2025-03-16 12:00:00+00:00, run_after=2025-03-16 16:00:00+00:00
[2025-03-16T19:19:04.349+0000] {processor.py:208} INFO - Processing /home/airflow/.local/lib/python3.12/site-packages/airflow/example_dags/example_latest_only_with_trigger.py took 0.100 seconds
[2025-03-16T19:19:34.442+0000] {processor.py:186} INFO - Started process (PID=90430) to work on /home/airflow/.local/lib/python3.12/site-packages/airflow/example_dags/example_latest_only_with_trigger.py
[2025-03-16T19:19:34.443+0000] {processor.py:914} INFO - Processing file /home/airflow/.local/lib/python3.12/site-packages/airflow/example_dags/example_latest_only_with_trigger.py for tasks to queue
[2025-03-16T19:19:34.445+0000] {logging_mixin.py:190} INFO - [2025-03-16T19:19:34.445+0000] {dagbag.py:588} INFO - Filling up the DagBag from /home/airflow/.local/lib/python3.12/site-packages/airflow/example_dags/example_latest_only_with_trigger.py
[2025-03-16T19:19:34.455+0000] {processor.py:925} INFO - DAG(s) 'latest_only_with_trigger' retrieved from /home/airflow/.local/lib/python3.12/site-packages/airflow/example_dags/example_latest_only_with_trigger.py
[2025-03-16T19:19:34.484+0000] {logging_mixin.py:190} INFO - [2025-03-16T19:19:34.483+0000] {dag.py:3239} INFO - Sync 1 DAGs
[2025-03-16T19:19:34.518+0000] {logging_mixin.py:190} INFO - [2025-03-16T19:19:34.517+0000] {dag.py:4180} INFO - Setting next_dagrun for latest_only_with_trigger to 2025-03-16 12:00:00+00:00, run_after=2025-03-16 16:00:00+00:00
[2025-03-16T19:19:34.552+0000] {processor.py:208} INFO - Processing /home/airflow/.local/lib/python3.12/site-packages/airflow/example_dags/example_latest_only_with_trigger.py took 0.116 seconds
[2025-03-16T19:20:04.666+0000] {processor.py:186} INFO - Started process (PID=90494) to work on /home/airflow/.local/lib/python3.12/site-packages/airflow/example_dags/example_latest_only_with_trigger.py
[2025-03-16T19:20:04.667+0000] {processor.py:914} INFO - Processing file /home/airflow/.local/lib/python3.12/site-packages/airflow/example_dags/example_latest_only_with_trigger.py for tasks to queue
[2025-03-16T19:20:04.668+0000] {logging_mixin.py:190} INFO - [2025-03-16T19:20:04.668+0000] {dagbag.py:588} INFO - Filling up the DagBag from /home/airflow/.local/lib/python3.12/site-packages/airflow/example_dags/example_latest_only_with_trigger.py
[2025-03-16T19:20:04.680+0000] {processor.py:925} INFO - DAG(s) 'latest_only_with_trigger' retrieved from /home/airflow/.local/lib/python3.12/site-packages/airflow/example_dags/example_latest_only_with_trigger.py
[2025-03-16T19:20:04.720+0000] {logging_mixin.py:190} INFO - [2025-03-16T19:20:04.719+0000] {dag.py:3239} INFO - Sync 1 DAGs
[2025-03-16T19:20:04.768+0000] {logging_mixin.py:190} INFO - [2025-03-16T19:20:04.768+0000] {dag.py:4180} INFO - Setting next_dagrun for latest_only_with_trigger to 2025-03-16 12:00:00+00:00, run_after=2025-03-16 16:00:00+00:00
[2025-03-16T19:20:04.796+0000] {processor.py:208} INFO - Processing /home/airflow/.local/lib/python3.12/site-packages/airflow/example_dags/example_latest_only_with_trigger.py took 0.138 seconds
[2025-03-16T19:20:34.886+0000] {processor.py:186} INFO - Started process (PID=90557) to work on /home/airflow/.local/lib/python3.12/site-packages/airflow/example_dags/example_latest_only_with_trigger.py
[2025-03-16T19:20:34.888+0000] {processor.py:914} INFO - Processing file /home/airflow/.local/lib/python3.12/site-packages/airflow/example_dags/example_latest_only_with_trigger.py for tasks to queue
[2025-03-16T19:20:34.889+0000] {logging_mixin.py:190} INFO - [2025-03-16T19:20:34.889+0000] {dagbag.py:588} INFO - Filling up the DagBag from /home/airflow/.local/lib/python3.12/site-packages/airflow/example_dags/example_latest_only_with_trigger.py
[2025-03-16T19:20:34.903+0000] {processor.py:925} INFO - DAG(s) 'latest_only_with_trigger' retrieved from /home/airflow/.local/lib/python3.12/site-packages/airflow/example_dags/example_latest_only_with_trigger.py
[2025-03-16T19:20:34.935+0000] {logging_mixin.py:190} INFO - [2025-03-16T19:20:34.935+0000] {dag.py:3239} INFO - Sync 1 DAGs
[2025-03-16T19:20:34.971+0000] {logging_mixin.py:190} INFO - [2025-03-16T19:20:34.971+0000] {dag.py:4180} INFO - Setting next_dagrun for latest_only_with_trigger to 2025-03-16 12:00:00+00:00, run_after=2025-03-16 16:00:00+00:00
[2025-03-16T19:20:35.002+0000] {processor.py:208} INFO - Processing /home/airflow/.local/lib/python3.12/site-packages/airflow/example_dags/example_latest_only_with_trigger.py took 0.122 seconds
[2025-03-16T19:21:05.135+0000] {processor.py:186} INFO - Started process (PID=90621) to work on /home/airflow/.local/lib/python3.12/site-packages/airflow/example_dags/example_latest_only_with_trigger.py
[2025-03-16T19:21:05.138+0000] {processor.py:914} INFO - Processing file /home/airflow/.local/lib/python3.12/site-packages/airflow/example_dags/example_latest_only_with_trigger.py for tasks to queue
[2025-03-16T19:21:05.140+0000] {logging_mixin.py:190} INFO - [2025-03-16T19:21:05.140+0000] {dagbag.py:588} INFO - Filling up the DagBag from /home/airflow/.local/lib/python3.12/site-packages/airflow/example_dags/example_latest_only_with_trigger.py
[2025-03-16T19:21:05.148+0000] {processor.py:925} INFO - DAG(s) 'latest_only_with_trigger' retrieved from /home/airflow/.local/lib/python3.12/site-packages/airflow/example_dags/example_latest_only_with_trigger.py
[2025-03-16T19:21:05.180+0000] {logging_mixin.py:190} INFO - [2025-03-16T19:21:05.180+0000] {dag.py:3239} INFO - Sync 1 DAGs
[2025-03-16T19:21:05.212+0000] {logging_mixin.py:190} INFO - [2025-03-16T19:21:05.212+0000] {dag.py:4180} INFO - Setting next_dagrun for latest_only_with_trigger to 2025-03-16 12:00:00+00:00, run_after=2025-03-16 16:00:00+00:00
[2025-03-16T19:21:05.239+0000] {processor.py:208} INFO - Processing /home/airflow/.local/lib/python3.12/site-packages/airflow/example_dags/example_latest_only_with_trigger.py took 0.110 seconds
[2025-03-16T19:21:35.611+0000] {processor.py:186} INFO - Started process (PID=90686) to work on /home/airflow/.local/lib/python3.12/site-packages/airflow/example_dags/example_latest_only_with_trigger.py
[2025-03-16T19:21:35.612+0000] {processor.py:914} INFO - Processing file /home/airflow/.local/lib/python3.12/site-packages/airflow/example_dags/example_latest_only_with_trigger.py for tasks to queue
[2025-03-16T19:21:35.615+0000] {logging_mixin.py:190} INFO - [2025-03-16T19:21:35.614+0000] {dagbag.py:588} INFO - Filling up the DagBag from /home/airflow/.local/lib/python3.12/site-packages/airflow/example_dags/example_latest_only_with_trigger.py
[2025-03-16T19:21:35.630+0000] {processor.py:925} INFO - DAG(s) 'latest_only_with_trigger' retrieved from /home/airflow/.local/lib/python3.12/site-packages/airflow/example_dags/example_latest_only_with_trigger.py
[2025-03-16T19:21:35.663+0000] {logging_mixin.py:190} INFO - [2025-03-16T19:21:35.662+0000] {dag.py:3239} INFO - Sync 1 DAGs
[2025-03-16T19:21:35.696+0000] {logging_mixin.py:190} INFO - [2025-03-16T19:21:35.695+0000] {dag.py:4180} INFO - Setting next_dagrun for latest_only_with_trigger to 2025-03-16 12:00:00+00:00, run_after=2025-03-16 16:00:00+00:00
[2025-03-16T19:21:35.728+0000] {processor.py:208} INFO - Processing /home/airflow/.local/lib/python3.12/site-packages/airflow/example_dags/example_latest_only_with_trigger.py took 0.128 seconds
[2025-03-16T19:22:06.148+0000] {processor.py:186} INFO - Started process (PID=90750) to work on /home/airflow/.local/lib/python3.12/site-packages/airflow/example_dags/example_latest_only_with_trigger.py
[2025-03-16T19:22:06.150+0000] {processor.py:914} INFO - Processing file /home/airflow/.local/lib/python3.12/site-packages/airflow/example_dags/example_latest_only_with_trigger.py for tasks to queue
[2025-03-16T19:22:06.153+0000] {logging_mixin.py:190} INFO - [2025-03-16T19:22:06.152+0000] {dagbag.py:588} INFO - Filling up the DagBag from /home/airflow/.local/lib/python3.12/site-packages/airflow/example_dags/example_latest_only_with_trigger.py
[2025-03-16T19:22:06.163+0000] {processor.py:925} INFO - DAG(s) 'latest_only_with_trigger' retrieved from /home/airflow/.local/lib/python3.12/site-packages/airflow/example_dags/example_latest_only_with_trigger.py
[2025-03-16T19:22:06.193+0000] {logging_mixin.py:190} INFO - [2025-03-16T19:22:06.192+0000] {dag.py:3239} INFO - Sync 1 DAGs
[2025-03-16T19:22:06.225+0000] {logging_mixin.py:190} INFO - [2025-03-16T19:22:06.225+0000] {dag.py:4180} INFO - Setting next_dagrun for latest_only_with_trigger to 2025-03-16 12:00:00+00:00, run_after=2025-03-16 16:00:00+00:00
[2025-03-16T19:22:06.253+0000] {processor.py:208} INFO - Processing /home/airflow/.local/lib/python3.12/site-packages/airflow/example_dags/example_latest_only_with_trigger.py took 0.112 seconds
[2025-03-16T19:22:36.565+0000] {processor.py:186} INFO - Started process (PID=90813) to work on /home/airflow/.local/lib/python3.12/site-packages/airflow/example_dags/example_latest_only_with_trigger.py
[2025-03-16T19:22:36.567+0000] {processor.py:914} INFO - Processing file /home/airflow/.local/lib/python3.12/site-packages/airflow/example_dags/example_latest_only_with_trigger.py for tasks to queue
[2025-03-16T19:22:36.569+0000] {logging_mixin.py:190} INFO - [2025-03-16T19:22:36.569+0000] {dagbag.py:588} INFO - Filling up the DagBag from /home/airflow/.local/lib/python3.12/site-packages/airflow/example_dags/example_latest_only_with_trigger.py
[2025-03-16T19:22:36.585+0000] {processor.py:925} INFO - DAG(s) 'latest_only_with_trigger' retrieved from /home/airflow/.local/lib/python3.12/site-packages/airflow/example_dags/example_latest_only_with_trigger.py
[2025-03-16T19:22:36.625+0000] {logging_mixin.py:190} INFO - [2025-03-16T19:22:36.624+0000] {dag.py:3239} INFO - Sync 1 DAGs
[2025-03-16T19:22:36.672+0000] {logging_mixin.py:190} INFO - [2025-03-16T19:22:36.671+0000] {dag.py:4180} INFO - Setting next_dagrun for latest_only_with_trigger to 2025-03-16 12:00:00+00:00, run_after=2025-03-16 16:00:00+00:00
[2025-03-16T19:22:36.710+0000] {processor.py:208} INFO - Processing /home/airflow/.local/lib/python3.12/site-packages/airflow/example_dags/example_latest_only_with_trigger.py took 0.155 seconds
[2025-03-16T19:23:07.037+0000] {processor.py:186} INFO - Started process (PID=90877) to work on /home/airflow/.local/lib/python3.12/site-packages/airflow/example_dags/example_latest_only_with_trigger.py
[2025-03-16T19:23:07.038+0000] {processor.py:914} INFO - Processing file /home/airflow/.local/lib/python3.12/site-packages/airflow/example_dags/example_latest_only_with_trigger.py for tasks to queue
[2025-03-16T19:23:07.042+0000] {logging_mixin.py:190} INFO - [2025-03-16T19:23:07.040+0000] {dagbag.py:588} INFO - Filling up the DagBag from /home/airflow/.local/lib/python3.12/site-packages/airflow/example_dags/example_latest_only_with_trigger.py
[2025-03-16T19:23:07.055+0000] {processor.py:925} INFO - DAG(s) 'latest_only_with_trigger' retrieved from /home/airflow/.local/lib/python3.12/site-packages/airflow/example_dags/example_latest_only_with_trigger.py
[2025-03-16T19:23:07.096+0000] {logging_mixin.py:190} INFO - [2025-03-16T19:23:07.095+0000] {dag.py:3239} INFO - Sync 1 DAGs
[2025-03-16T19:23:07.136+0000] {logging_mixin.py:190} INFO - [2025-03-16T19:23:07.136+0000] {dag.py:4180} INFO - Setting next_dagrun for latest_only_with_trigger to 2025-03-16 12:00:00+00:00, run_after=2025-03-16 16:00:00+00:00
[2025-03-16T19:23:07.173+0000] {processor.py:208} INFO - Processing /home/airflow/.local/lib/python3.12/site-packages/airflow/example_dags/example_latest_only_with_trigger.py took 0.144 seconds
[2025-03-16T19:23:37.404+0000] {processor.py:186} INFO - Started process (PID=90941) to work on /home/airflow/.local/lib/python3.12/site-packages/airflow/example_dags/example_latest_only_with_trigger.py
[2025-03-16T19:23:37.406+0000] {processor.py:914} INFO - Processing file /home/airflow/.local/lib/python3.12/site-packages/airflow/example_dags/example_latest_only_with_trigger.py for tasks to queue
[2025-03-16T19:23:37.408+0000] {logging_mixin.py:190} INFO - [2025-03-16T19:23:37.407+0000] {dagbag.py:588} INFO - Filling up the DagBag from /home/airflow/.local/lib/python3.12/site-packages/airflow/example_dags/example_latest_only_with_trigger.py
[2025-03-16T19:23:37.425+0000] {processor.py:925} INFO - DAG(s) 'latest_only_with_trigger' retrieved from /home/airflow/.local/lib/python3.12/site-packages/airflow/example_dags/example_latest_only_with_trigger.py
[2025-03-16T19:23:37.467+0000] {logging_mixin.py:190} INFO - [2025-03-16T19:23:37.466+0000] {dag.py:3239} INFO - Sync 1 DAGs
[2025-03-16T19:23:37.515+0000] {logging_mixin.py:190} INFO - [2025-03-16T19:23:37.515+0000] {dag.py:4180} INFO - Setting next_dagrun for latest_only_with_trigger to 2025-03-16 12:00:00+00:00, run_after=2025-03-16 16:00:00+00:00
[2025-03-16T19:23:37.556+0000] {processor.py:208} INFO - Processing /home/airflow/.local/lib/python3.12/site-packages/airflow/example_dags/example_latest_only_with_trigger.py took 0.167 seconds
[2025-03-16T19:24:08.544+0000] {processor.py:186} INFO - Started process (PID=91001) to work on /home/airflow/.local/lib/python3.12/site-packages/airflow/example_dags/example_latest_only_with_trigger.py
[2025-03-16T19:24:08.547+0000] {processor.py:914} INFO - Processing file /home/airflow/.local/lib/python3.12/site-packages/airflow/example_dags/example_latest_only_with_trigger.py for tasks to queue
[2025-03-16T19:24:08.550+0000] {logging_mixin.py:190} INFO - [2025-03-16T19:24:08.549+0000] {dagbag.py:588} INFO - Filling up the DagBag from /home/airflow/.local/lib/python3.12/site-packages/airflow/example_dags/example_latest_only_with_trigger.py
[2025-03-16T19:24:08.568+0000] {processor.py:925} INFO - DAG(s) 'latest_only_with_trigger' retrieved from /home/airflow/.local/lib/python3.12/site-packages/airflow/example_dags/example_latest_only_with_trigger.py
[2025-03-16T19:24:08.605+0000] {logging_mixin.py:190} INFO - [2025-03-16T19:24:08.604+0000] {dag.py:3239} INFO - Sync 1 DAGs
[2025-03-16T19:24:08.651+0000] {logging_mixin.py:190} INFO - [2025-03-16T19:24:08.650+0000] {dag.py:4180} INFO - Setting next_dagrun for latest_only_with_trigger to 2025-03-16 12:00:00+00:00, run_after=2025-03-16 16:00:00+00:00
[2025-03-16T19:24:08.686+0000] {processor.py:208} INFO - Processing /home/airflow/.local/lib/python3.12/site-packages/airflow/example_dags/example_latest_only_with_trigger.py took 0.153 seconds
[2025-03-16T19:24:39.593+0000] {processor.py:186} INFO - Started process (PID=91062) to work on /home/airflow/.local/lib/python3.12/site-packages/airflow/example_dags/example_latest_only_with_trigger.py
[2025-03-16T19:24:39.594+0000] {processor.py:914} INFO - Processing file /home/airflow/.local/lib/python3.12/site-packages/airflow/example_dags/example_latest_only_with_trigger.py for tasks to queue
[2025-03-16T19:24:39.597+0000] {logging_mixin.py:190} INFO - [2025-03-16T19:24:39.596+0000] {dagbag.py:588} INFO - Filling up the DagBag from /home/airflow/.local/lib/python3.12/site-packages/airflow/example_dags/example_latest_only_with_trigger.py
[2025-03-16T19:24:39.610+0000] {processor.py:925} INFO - DAG(s) 'latest_only_with_trigger' retrieved from /home/airflow/.local/lib/python3.12/site-packages/airflow/example_dags/example_latest_only_with_trigger.py
[2025-03-16T19:24:39.649+0000] {logging_mixin.py:190} INFO - [2025-03-16T19:24:39.648+0000] {dag.py:3239} INFO - Sync 1 DAGs
[2025-03-16T19:24:39.696+0000] {logging_mixin.py:190} INFO - [2025-03-16T19:24:39.696+0000] {dag.py:4180} INFO - Setting next_dagrun for latest_only_with_trigger to 2025-03-16 12:00:00+00:00, run_after=2025-03-16 16:00:00+00:00
[2025-03-16T19:24:39.761+0000] {processor.py:208} INFO - Processing /home/airflow/.local/lib/python3.12/site-packages/airflow/example_dags/example_latest_only_with_trigger.py took 0.181 seconds
[2025-03-16T19:25:10.409+0000] {processor.py:186} INFO - Started process (PID=91118) to work on /home/airflow/.local/lib/python3.12/site-packages/airflow/example_dags/example_latest_only_with_trigger.py
[2025-03-16T19:25:10.411+0000] {processor.py:914} INFO - Processing file /home/airflow/.local/lib/python3.12/site-packages/airflow/example_dags/example_latest_only_with_trigger.py for tasks to queue
[2025-03-16T19:25:10.413+0000] {logging_mixin.py:190} INFO - [2025-03-16T19:25:10.412+0000] {dagbag.py:588} INFO - Filling up the DagBag from /home/airflow/.local/lib/python3.12/site-packages/airflow/example_dags/example_latest_only_with_trigger.py
[2025-03-16T19:25:10.430+0000] {processor.py:925} INFO - DAG(s) 'latest_only_with_trigger' retrieved from /home/airflow/.local/lib/python3.12/site-packages/airflow/example_dags/example_latest_only_with_trigger.py
[2025-03-16T19:25:10.468+0000] {logging_mixin.py:190} INFO - [2025-03-16T19:25:10.468+0000] {dag.py:3239} INFO - Sync 1 DAGs
[2025-03-16T19:25:10.508+0000] {logging_mixin.py:190} INFO - [2025-03-16T19:25:10.507+0000] {dag.py:4180} INFO - Setting next_dagrun for latest_only_with_trigger to 2025-03-16 12:00:00+00:00, run_after=2025-03-16 16:00:00+00:00
[2025-03-16T19:25:10.542+0000] {processor.py:208} INFO - Processing /home/airflow/.local/lib/python3.12/site-packages/airflow/example_dags/example_latest_only_with_trigger.py took 0.143 seconds
[2025-03-16T19:25:41.234+0000] {processor.py:186} INFO - Started process (PID=91178) to work on /home/airflow/.local/lib/python3.12/site-packages/airflow/example_dags/example_latest_only_with_trigger.py
[2025-03-16T19:25:41.236+0000] {processor.py:914} INFO - Processing file /home/airflow/.local/lib/python3.12/site-packages/airflow/example_dags/example_latest_only_with_trigger.py for tasks to queue
[2025-03-16T19:25:41.238+0000] {logging_mixin.py:190} INFO - [2025-03-16T19:25:41.237+0000] {dagbag.py:588} INFO - Filling up the DagBag from /home/airflow/.local/lib/python3.12/site-packages/airflow/example_dags/example_latest_only_with_trigger.py
[2025-03-16T19:25:41.255+0000] {processor.py:925} INFO - DAG(s) 'latest_only_with_trigger' retrieved from /home/airflow/.local/lib/python3.12/site-packages/airflow/example_dags/example_latest_only_with_trigger.py
[2025-03-16T19:25:41.295+0000] {logging_mixin.py:190} INFO - [2025-03-16T19:25:41.294+0000] {dag.py:3239} INFO - Sync 1 DAGs
[2025-03-16T19:25:41.347+0000] {logging_mixin.py:190} INFO - [2025-03-16T19:25:41.345+0000] {dag.py:4180} INFO - Setting next_dagrun for latest_only_with_trigger to 2025-03-16 12:00:00+00:00, run_after=2025-03-16 16:00:00+00:00
[2025-03-16T19:25:41.387+0000] {processor.py:208} INFO - Processing /home/airflow/.local/lib/python3.12/site-packages/airflow/example_dags/example_latest_only_with_trigger.py took 0.164 seconds
[2025-03-16T19:26:12.292+0000] {processor.py:186} INFO - Started process (PID=91243) to work on /home/airflow/.local/lib/python3.12/site-packages/airflow/example_dags/example_latest_only_with_trigger.py
[2025-03-16T19:26:12.295+0000] {processor.py:914} INFO - Processing file /home/airflow/.local/lib/python3.12/site-packages/airflow/example_dags/example_latest_only_with_trigger.py for tasks to queue
[2025-03-16T19:26:12.298+0000] {logging_mixin.py:190} INFO - [2025-03-16T19:26:12.297+0000] {dagbag.py:588} INFO - Filling up the DagBag from /home/airflow/.local/lib/python3.12/site-packages/airflow/example_dags/example_latest_only_with_trigger.py
[2025-03-16T19:26:12.317+0000] {processor.py:925} INFO - DAG(s) 'latest_only_with_trigger' retrieved from /home/airflow/.local/lib/python3.12/site-packages/airflow/example_dags/example_latest_only_with_trigger.py
[2025-03-16T19:26:12.363+0000] {logging_mixin.py:190} INFO - [2025-03-16T19:26:12.361+0000] {dag.py:3239} INFO - Sync 1 DAGs
[2025-03-16T19:26:12.411+0000] {logging_mixin.py:190} INFO - [2025-03-16T19:26:12.411+0000] {dag.py:4180} INFO - Setting next_dagrun for latest_only_with_trigger to 2025-03-16 12:00:00+00:00, run_after=2025-03-16 16:00:00+00:00
[2025-03-16T19:26:12.446+0000] {processor.py:208} INFO - Processing /home/airflow/.local/lib/python3.12/site-packages/airflow/example_dags/example_latest_only_with_trigger.py took 0.168 seconds
[2025-03-16T19:26:43.343+0000] {processor.py:186} INFO - Started process (PID=91306) to work on /home/airflow/.local/lib/python3.12/site-packages/airflow/example_dags/example_latest_only_with_trigger.py
[2025-03-16T19:26:43.345+0000] {processor.py:914} INFO - Processing file /home/airflow/.local/lib/python3.12/site-packages/airflow/example_dags/example_latest_only_with_trigger.py for tasks to queue
[2025-03-16T19:26:43.347+0000] {logging_mixin.py:190} INFO - [2025-03-16T19:26:43.347+0000] {dagbag.py:588} INFO - Filling up the DagBag from /home/airflow/.local/lib/python3.12/site-packages/airflow/example_dags/example_latest_only_with_trigger.py
[2025-03-16T19:26:43.362+0000] {processor.py:925} INFO - DAG(s) 'latest_only_with_trigger' retrieved from /home/airflow/.local/lib/python3.12/site-packages/airflow/example_dags/example_latest_only_with_trigger.py
[2025-03-16T19:26:43.400+0000] {logging_mixin.py:190} INFO - [2025-03-16T19:26:43.400+0000] {dag.py:3239} INFO - Sync 1 DAGs
[2025-03-16T19:26:43.439+0000] {logging_mixin.py:190} INFO - [2025-03-16T19:26:43.439+0000] {dag.py:4180} INFO - Setting next_dagrun for latest_only_with_trigger to 2025-03-16 12:00:00+00:00, run_after=2025-03-16 16:00:00+00:00
[2025-03-16T19:26:43.474+0000] {processor.py:208} INFO - Processing /home/airflow/.local/lib/python3.12/site-packages/airflow/example_dags/example_latest_only_with_trigger.py took 0.142 seconds
[2025-03-16T19:27:13.924+0000] {processor.py:186} INFO - Started process (PID=91370) to work on /home/airflow/.local/lib/python3.12/site-packages/airflow/example_dags/example_latest_only_with_trigger.py
[2025-03-16T19:27:13.926+0000] {processor.py:914} INFO - Processing file /home/airflow/.local/lib/python3.12/site-packages/airflow/example_dags/example_latest_only_with_trigger.py for tasks to queue
[2025-03-16T19:27:13.928+0000] {logging_mixin.py:190} INFO - [2025-03-16T19:27:13.928+0000] {dagbag.py:588} INFO - Filling up the DagBag from /home/airflow/.local/lib/python3.12/site-packages/airflow/example_dags/example_latest_only_with_trigger.py
[2025-03-16T19:27:13.943+0000] {processor.py:925} INFO - DAG(s) 'latest_only_with_trigger' retrieved from /home/airflow/.local/lib/python3.12/site-packages/airflow/example_dags/example_latest_only_with_trigger.py
[2025-03-16T19:27:13.986+0000] {logging_mixin.py:190} INFO - [2025-03-16T19:27:13.986+0000] {dag.py:3239} INFO - Sync 1 DAGs
[2025-03-16T19:27:14.048+0000] {logging_mixin.py:190} INFO - [2025-03-16T19:27:14.048+0000] {dag.py:4180} INFO - Setting next_dagrun for latest_only_with_trigger to 2025-03-16 12:00:00+00:00, run_after=2025-03-16 16:00:00+00:00
[2025-03-16T19:27:14.310+0000] {processor.py:208} INFO - Processing /home/airflow/.local/lib/python3.12/site-packages/airflow/example_dags/example_latest_only_with_trigger.py took 0.395 seconds
[2025-03-16T19:27:44.769+0000] {processor.py:186} INFO - Started process (PID=91434) to work on /home/airflow/.local/lib/python3.12/site-packages/airflow/example_dags/example_latest_only_with_trigger.py
[2025-03-16T19:27:44.771+0000] {processor.py:914} INFO - Processing file /home/airflow/.local/lib/python3.12/site-packages/airflow/example_dags/example_latest_only_with_trigger.py for tasks to queue
[2025-03-16T19:27:44.773+0000] {logging_mixin.py:190} INFO - [2025-03-16T19:27:44.773+0000] {dagbag.py:588} INFO - Filling up the DagBag from /home/airflow/.local/lib/python3.12/site-packages/airflow/example_dags/example_latest_only_with_trigger.py
[2025-03-16T19:27:44.789+0000] {processor.py:925} INFO - DAG(s) 'latest_only_with_trigger' retrieved from /home/airflow/.local/lib/python3.12/site-packages/airflow/example_dags/example_latest_only_with_trigger.py
[2025-03-16T19:27:44.825+0000] {logging_mixin.py:190} INFO - [2025-03-16T19:27:44.824+0000] {dag.py:3239} INFO - Sync 1 DAGs
[2025-03-16T19:27:44.867+0000] {logging_mixin.py:190} INFO - [2025-03-16T19:27:44.866+0000] {dag.py:4180} INFO - Setting next_dagrun for latest_only_with_trigger to 2025-03-16 12:00:00+00:00, run_after=2025-03-16 16:00:00+00:00
[2025-03-16T19:27:44.899+0000] {processor.py:208} INFO - Processing /home/airflow/.local/lib/python3.12/site-packages/airflow/example_dags/example_latest_only_with_trigger.py took 0.141 seconds
[2025-03-16T19:28:15.064+0000] {processor.py:186} INFO - Started process (PID=91498) to work on /home/airflow/.local/lib/python3.12/site-packages/airflow/example_dags/example_latest_only_with_trigger.py
[2025-03-16T19:28:15.068+0000] {processor.py:914} INFO - Processing file /home/airflow/.local/lib/python3.12/site-packages/airflow/example_dags/example_latest_only_with_trigger.py for tasks to queue
[2025-03-16T19:28:15.070+0000] {logging_mixin.py:190} INFO - [2025-03-16T19:28:15.069+0000] {dagbag.py:588} INFO - Filling up the DagBag from /home/airflow/.local/lib/python3.12/site-packages/airflow/example_dags/example_latest_only_with_trigger.py
[2025-03-16T19:28:15.083+0000] {processor.py:925} INFO - DAG(s) 'latest_only_with_trigger' retrieved from /home/airflow/.local/lib/python3.12/site-packages/airflow/example_dags/example_latest_only_with_trigger.py
[2025-03-16T19:28:15.118+0000] {logging_mixin.py:190} INFO - [2025-03-16T19:28:15.118+0000] {dag.py:3239} INFO - Sync 1 DAGs
[2025-03-16T19:28:15.157+0000] {logging_mixin.py:190} INFO - [2025-03-16T19:28:15.157+0000] {dag.py:4180} INFO - Setting next_dagrun for latest_only_with_trigger to 2025-03-16 12:00:00+00:00, run_after=2025-03-16 16:00:00+00:00
[2025-03-16T19:28:15.193+0000] {processor.py:208} INFO - Processing /home/airflow/.local/lib/python3.12/site-packages/airflow/example_dags/example_latest_only_with_trigger.py took 0.138 seconds
[2025-03-16T19:28:45.381+0000] {processor.py:186} INFO - Started process (PID=91562) to work on /home/airflow/.local/lib/python3.12/site-packages/airflow/example_dags/example_latest_only_with_trigger.py
[2025-03-16T19:28:45.382+0000] {processor.py:914} INFO - Processing file /home/airflow/.local/lib/python3.12/site-packages/airflow/example_dags/example_latest_only_with_trigger.py for tasks to queue
[2025-03-16T19:28:45.384+0000] {logging_mixin.py:190} INFO - [2025-03-16T19:28:45.384+0000] {dagbag.py:588} INFO - Filling up the DagBag from /home/airflow/.local/lib/python3.12/site-packages/airflow/example_dags/example_latest_only_with_trigger.py
[2025-03-16T19:28:45.399+0000] {processor.py:925} INFO - DAG(s) 'latest_only_with_trigger' retrieved from /home/airflow/.local/lib/python3.12/site-packages/airflow/example_dags/example_latest_only_with_trigger.py
[2025-03-16T19:28:45.442+0000] {logging_mixin.py:190} INFO - [2025-03-16T19:28:45.441+0000] {dag.py:3239} INFO - Sync 1 DAGs
[2025-03-16T19:28:45.507+0000] {logging_mixin.py:190} INFO - [2025-03-16T19:28:45.506+0000] {dag.py:4180} INFO - Setting next_dagrun for latest_only_with_trigger to 2025-03-16 12:00:00+00:00, run_after=2025-03-16 16:00:00+00:00
[2025-03-16T19:28:45.550+0000] {processor.py:208} INFO - Processing /home/airflow/.local/lib/python3.12/site-packages/airflow/example_dags/example_latest_only_with_trigger.py took 0.180 seconds
[2025-03-16T19:29:16.448+0000] {processor.py:186} INFO - Started process (PID=91625) to work on /home/airflow/.local/lib/python3.12/site-packages/airflow/example_dags/example_latest_only_with_trigger.py
[2025-03-16T19:29:16.451+0000] {processor.py:914} INFO - Processing file /home/airflow/.local/lib/python3.12/site-packages/airflow/example_dags/example_latest_only_with_trigger.py for tasks to queue
[2025-03-16T19:29:16.454+0000] {logging_mixin.py:190} INFO - [2025-03-16T19:29:16.453+0000] {dagbag.py:588} INFO - Filling up the DagBag from /home/airflow/.local/lib/python3.12/site-packages/airflow/example_dags/example_latest_only_with_trigger.py
[2025-03-16T19:29:16.473+0000] {processor.py:925} INFO - DAG(s) 'latest_only_with_trigger' retrieved from /home/airflow/.local/lib/python3.12/site-packages/airflow/example_dags/example_latest_only_with_trigger.py
[2025-03-16T19:29:16.520+0000] {logging_mixin.py:190} INFO - [2025-03-16T19:29:16.519+0000] {dag.py:3239} INFO - Sync 1 DAGs
[2025-03-16T19:29:16.888+0000] {logging_mixin.py:190} INFO - [2025-03-16T19:29:16.888+0000] {dag.py:4180} INFO - Setting next_dagrun for latest_only_with_trigger to 2025-03-16 12:00:00+00:00, run_after=2025-03-16 16:00:00+00:00
[2025-03-16T19:29:16.926+0000] {processor.py:208} INFO - Processing /home/airflow/.local/lib/python3.12/site-packages/airflow/example_dags/example_latest_only_with_trigger.py took 0.489 seconds
[2025-03-16T19:29:47.204+0000] {processor.py:186} INFO - Started process (PID=91689) to work on /home/airflow/.local/lib/python3.12/site-packages/airflow/example_dags/example_latest_only_with_trigger.py
[2025-03-16T19:29:47.205+0000] {processor.py:914} INFO - Processing file /home/airflow/.local/lib/python3.12/site-packages/airflow/example_dags/example_latest_only_with_trigger.py for tasks to queue
[2025-03-16T19:29:47.208+0000] {logging_mixin.py:190} INFO - [2025-03-16T19:29:47.207+0000] {dagbag.py:588} INFO - Filling up the DagBag from /home/airflow/.local/lib/python3.12/site-packages/airflow/example_dags/example_latest_only_with_trigger.py
[2025-03-16T19:29:47.222+0000] {processor.py:925} INFO - DAG(s) 'latest_only_with_trigger' retrieved from /home/airflow/.local/lib/python3.12/site-packages/airflow/example_dags/example_latest_only_with_trigger.py
[2025-03-16T19:29:47.264+0000] {logging_mixin.py:190} INFO - [2025-03-16T19:29:47.262+0000] {dag.py:3239} INFO - Sync 1 DAGs
[2025-03-16T19:29:47.313+0000] {logging_mixin.py:190} INFO - [2025-03-16T19:29:47.313+0000] {dag.py:4180} INFO - Setting next_dagrun for latest_only_with_trigger to 2025-03-16 12:00:00+00:00, run_after=2025-03-16 16:00:00+00:00
[2025-03-16T19:29:47.617+0000] {processor.py:208} INFO - Processing /home/airflow/.local/lib/python3.12/site-packages/airflow/example_dags/example_latest_only_with_trigger.py took 0.424 seconds
[2025-03-16T19:30:18.422+0000] {processor.py:186} INFO - Started process (PID=91752) to work on /home/airflow/.local/lib/python3.12/site-packages/airflow/example_dags/example_latest_only_with_trigger.py
[2025-03-16T19:30:18.424+0000] {processor.py:914} INFO - Processing file /home/airflow/.local/lib/python3.12/site-packages/airflow/example_dags/example_latest_only_with_trigger.py for tasks to queue
[2025-03-16T19:30:18.426+0000] {logging_mixin.py:190} INFO - [2025-03-16T19:30:18.425+0000] {dagbag.py:588} INFO - Filling up the DagBag from /home/airflow/.local/lib/python3.12/site-packages/airflow/example_dags/example_latest_only_with_trigger.py
[2025-03-16T19:30:18.440+0000] {processor.py:925} INFO - DAG(s) 'latest_only_with_trigger' retrieved from /home/airflow/.local/lib/python3.12/site-packages/airflow/example_dags/example_latest_only_with_trigger.py
[2025-03-16T19:30:18.481+0000] {logging_mixin.py:190} INFO - [2025-03-16T19:30:18.480+0000] {dag.py:3239} INFO - Sync 1 DAGs
[2025-03-16T19:30:18.523+0000] {logging_mixin.py:190} INFO - [2025-03-16T19:30:18.522+0000] {dag.py:4180} INFO - Setting next_dagrun for latest_only_with_trigger to 2025-03-16 12:00:00+00:00, run_after=2025-03-16 16:00:00+00:00
[2025-03-16T19:30:18.561+0000] {processor.py:208} INFO - Processing /home/airflow/.local/lib/python3.12/site-packages/airflow/example_dags/example_latest_only_with_trigger.py took 0.149 seconds
[2025-03-16T19:30:49.152+0000] {processor.py:186} INFO - Started process (PID=91816) to work on /home/airflow/.local/lib/python3.12/site-packages/airflow/example_dags/example_latest_only_with_trigger.py
[2025-03-16T19:30:49.156+0000] {processor.py:914} INFO - Processing file /home/airflow/.local/lib/python3.12/site-packages/airflow/example_dags/example_latest_only_with_trigger.py for tasks to queue
[2025-03-16T19:30:49.162+0000] {logging_mixin.py:190} INFO - [2025-03-16T19:30:49.161+0000] {dagbag.py:588} INFO - Filling up the DagBag from /home/airflow/.local/lib/python3.12/site-packages/airflow/example_dags/example_latest_only_with_trigger.py
[2025-03-16T19:30:49.182+0000] {processor.py:925} INFO - DAG(s) 'latest_only_with_trigger' retrieved from /home/airflow/.local/lib/python3.12/site-packages/airflow/example_dags/example_latest_only_with_trigger.py
[2025-03-16T19:30:49.244+0000] {logging_mixin.py:190} INFO - [2025-03-16T19:30:49.243+0000] {dag.py:3239} INFO - Sync 1 DAGs
[2025-03-16T19:30:49.301+0000] {logging_mixin.py:190} INFO - [2025-03-16T19:30:49.301+0000] {dag.py:4180} INFO - Setting next_dagrun for latest_only_with_trigger to 2025-03-16 12:00:00+00:00, run_after=2025-03-16 16:00:00+00:00
[2025-03-16T19:30:49.339+0000] {processor.py:208} INFO - Processing /home/airflow/.local/lib/python3.12/site-packages/airflow/example_dags/example_latest_only_with_trigger.py took 0.198 seconds
[2025-03-16T19:31:19.555+0000] {processor.py:186} INFO - Started process (PID=91880) to work on /home/airflow/.local/lib/python3.12/site-packages/airflow/example_dags/example_latest_only_with_trigger.py
[2025-03-16T19:31:19.557+0000] {processor.py:914} INFO - Processing file /home/airflow/.local/lib/python3.12/site-packages/airflow/example_dags/example_latest_only_with_trigger.py for tasks to queue
[2025-03-16T19:31:19.559+0000] {logging_mixin.py:190} INFO - [2025-03-16T19:31:19.558+0000] {dagbag.py:588} INFO - Filling up the DagBag from /home/airflow/.local/lib/python3.12/site-packages/airflow/example_dags/example_latest_only_with_trigger.py
[2025-03-16T19:31:19.575+0000] {processor.py:925} INFO - DAG(s) 'latest_only_with_trigger' retrieved from /home/airflow/.local/lib/python3.12/site-packages/airflow/example_dags/example_latest_only_with_trigger.py
[2025-03-16T19:31:19.615+0000] {logging_mixin.py:190} INFO - [2025-03-16T19:31:19.615+0000] {dag.py:3239} INFO - Sync 1 DAGs
[2025-03-16T19:31:19.659+0000] {logging_mixin.py:190} INFO - [2025-03-16T19:31:19.659+0000] {dag.py:4180} INFO - Setting next_dagrun for latest_only_with_trigger to 2025-03-16 12:00:00+00:00, run_after=2025-03-16 16:00:00+00:00
[2025-03-16T19:31:19.695+0000] {processor.py:208} INFO - Processing /home/airflow/.local/lib/python3.12/site-packages/airflow/example_dags/example_latest_only_with_trigger.py took 0.151 seconds
[2025-03-16T19:31:49.966+0000] {processor.py:186} INFO - Started process (PID=91944) to work on /home/airflow/.local/lib/python3.12/site-packages/airflow/example_dags/example_latest_only_with_trigger.py
[2025-03-16T19:31:49.967+0000] {processor.py:914} INFO - Processing file /home/airflow/.local/lib/python3.12/site-packages/airflow/example_dags/example_latest_only_with_trigger.py for tasks to queue
[2025-03-16T19:31:49.969+0000] {logging_mixin.py:190} INFO - [2025-03-16T19:31:49.969+0000] {dagbag.py:588} INFO - Filling up the DagBag from /home/airflow/.local/lib/python3.12/site-packages/airflow/example_dags/example_latest_only_with_trigger.py
[2025-03-16T19:31:49.985+0000] {processor.py:925} INFO - DAG(s) 'latest_only_with_trigger' retrieved from /home/airflow/.local/lib/python3.12/site-packages/airflow/example_dags/example_latest_only_with_trigger.py
[2025-03-16T19:31:50.032+0000] {logging_mixin.py:190} INFO - [2025-03-16T19:31:50.032+0000] {dag.py:3239} INFO - Sync 1 DAGs
[2025-03-16T19:31:50.077+0000] {logging_mixin.py:190} INFO - [2025-03-16T19:31:50.076+0000] {dag.py:4180} INFO - Setting next_dagrun for latest_only_with_trigger to 2025-03-16 12:00:00+00:00, run_after=2025-03-16 16:00:00+00:00
[2025-03-16T19:31:50.121+0000] {processor.py:208} INFO - Processing /home/airflow/.local/lib/python3.12/site-packages/airflow/example_dags/example_latest_only_with_trigger.py took 0.167 seconds
[2025-03-16T19:32:20.703+0000] {processor.py:186} INFO - Started process (PID=92008) to work on /home/airflow/.local/lib/python3.12/site-packages/airflow/example_dags/example_latest_only_with_trigger.py
[2025-03-16T19:32:20.706+0000] {processor.py:914} INFO - Processing file /home/airflow/.local/lib/python3.12/site-packages/airflow/example_dags/example_latest_only_with_trigger.py for tasks to queue
[2025-03-16T19:32:20.709+0000] {logging_mixin.py:190} INFO - [2025-03-16T19:32:20.708+0000] {dagbag.py:588} INFO - Filling up the DagBag from /home/airflow/.local/lib/python3.12/site-packages/airflow/example_dags/example_latest_only_with_trigger.py
[2025-03-16T19:32:20.736+0000] {processor.py:925} INFO - DAG(s) 'latest_only_with_trigger' retrieved from /home/airflow/.local/lib/python3.12/site-packages/airflow/example_dags/example_latest_only_with_trigger.py
[2025-03-16T19:32:20.785+0000] {logging_mixin.py:190} INFO - [2025-03-16T19:32:20.785+0000] {dag.py:3239} INFO - Sync 1 DAGs
[2025-03-16T19:32:20.840+0000] {logging_mixin.py:190} INFO - [2025-03-16T19:32:20.840+0000] {dag.py:4180} INFO - Setting next_dagrun for latest_only_with_trigger to 2025-03-16 12:00:00+00:00, run_after=2025-03-16 16:00:00+00:00
[2025-03-16T19:32:20.881+0000] {processor.py:208} INFO - Processing /home/airflow/.local/lib/python3.12/site-packages/airflow/example_dags/example_latest_only_with_trigger.py took 0.195 seconds
[2025-03-16T19:32:51.368+0000] {processor.py:186} INFO - Started process (PID=92072) to work on /home/airflow/.local/lib/python3.12/site-packages/airflow/example_dags/example_latest_only_with_trigger.py
[2025-03-16T19:32:51.370+0000] {processor.py:914} INFO - Processing file /home/airflow/.local/lib/python3.12/site-packages/airflow/example_dags/example_latest_only_with_trigger.py for tasks to queue
[2025-03-16T19:32:51.372+0000] {logging_mixin.py:190} INFO - [2025-03-16T19:32:51.371+0000] {dagbag.py:588} INFO - Filling up the DagBag from /home/airflow/.local/lib/python3.12/site-packages/airflow/example_dags/example_latest_only_with_trigger.py
[2025-03-16T19:32:51.387+0000] {processor.py:925} INFO - DAG(s) 'latest_only_with_trigger' retrieved from /home/airflow/.local/lib/python3.12/site-packages/airflow/example_dags/example_latest_only_with_trigger.py
[2025-03-16T19:32:51.423+0000] {logging_mixin.py:190} INFO - [2025-03-16T19:32:51.423+0000] {dag.py:3239} INFO - Sync 1 DAGs
[2025-03-16T19:32:51.461+0000] {logging_mixin.py:190} INFO - [2025-03-16T19:32:51.461+0000] {dag.py:4180} INFO - Setting next_dagrun for latest_only_with_trigger to 2025-03-16 12:00:00+00:00, run_after=2025-03-16 16:00:00+00:00
[2025-03-16T19:32:51.493+0000] {processor.py:208} INFO - Processing /home/airflow/.local/lib/python3.12/site-packages/airflow/example_dags/example_latest_only_with_trigger.py took 0.133 seconds
[2025-03-16T19:33:21.718+0000] {processor.py:186} INFO - Started process (PID=92136) to work on /home/airflow/.local/lib/python3.12/site-packages/airflow/example_dags/example_latest_only_with_trigger.py
[2025-03-16T19:33:21.719+0000] {processor.py:914} INFO - Processing file /home/airflow/.local/lib/python3.12/site-packages/airflow/example_dags/example_latest_only_with_trigger.py for tasks to queue
[2025-03-16T19:33:21.722+0000] {logging_mixin.py:190} INFO - [2025-03-16T19:33:21.721+0000] {dagbag.py:588} INFO - Filling up the DagBag from /home/airflow/.local/lib/python3.12/site-packages/airflow/example_dags/example_latest_only_with_trigger.py
[2025-03-16T19:33:21.736+0000] {processor.py:925} INFO - DAG(s) 'latest_only_with_trigger' retrieved from /home/airflow/.local/lib/python3.12/site-packages/airflow/example_dags/example_latest_only_with_trigger.py
[2025-03-16T19:33:21.772+0000] {logging_mixin.py:190} INFO - [2025-03-16T19:33:21.772+0000] {dag.py:3239} INFO - Sync 1 DAGs
[2025-03-16T19:33:21.809+0000] {logging_mixin.py:190} INFO - [2025-03-16T19:33:21.808+0000] {dag.py:4180} INFO - Setting next_dagrun for latest_only_with_trigger to 2025-03-16 12:00:00+00:00, run_after=2025-03-16 16:00:00+00:00
[2025-03-16T19:33:21.837+0000] {processor.py:208} INFO - Processing /home/airflow/.local/lib/python3.12/site-packages/airflow/example_dags/example_latest_only_with_trigger.py took 0.128 seconds
[2025-03-16T19:33:52.318+0000] {processor.py:186} INFO - Started process (PID=92200) to work on /home/airflow/.local/lib/python3.12/site-packages/airflow/example_dags/example_latest_only_with_trigger.py
[2025-03-16T19:33:52.320+0000] {processor.py:914} INFO - Processing file /home/airflow/.local/lib/python3.12/site-packages/airflow/example_dags/example_latest_only_with_trigger.py for tasks to queue
[2025-03-16T19:33:52.322+0000] {logging_mixin.py:190} INFO - [2025-03-16T19:33:52.321+0000] {dagbag.py:588} INFO - Filling up the DagBag from /home/airflow/.local/lib/python3.12/site-packages/airflow/example_dags/example_latest_only_with_trigger.py
[2025-03-16T19:33:52.333+0000] {processor.py:925} INFO - DAG(s) 'latest_only_with_trigger' retrieved from /home/airflow/.local/lib/python3.12/site-packages/airflow/example_dags/example_latest_only_with_trigger.py
[2025-03-16T19:33:52.369+0000] {logging_mixin.py:190} INFO - [2025-03-16T19:33:52.368+0000] {dag.py:3239} INFO - Sync 1 DAGs
[2025-03-16T19:33:52.409+0000] {logging_mixin.py:190} INFO - [2025-03-16T19:33:52.409+0000] {dag.py:4180} INFO - Setting next_dagrun for latest_only_with_trigger to 2025-03-16 12:00:00+00:00, run_after=2025-03-16 16:00:00+00:00
[2025-03-16T19:33:52.441+0000] {processor.py:208} INFO - Processing /home/airflow/.local/lib/python3.12/site-packages/airflow/example_dags/example_latest_only_with_trigger.py took 0.135 seconds
[2025-03-16T19:34:23.106+0000] {processor.py:186} INFO - Started process (PID=92264) to work on /home/airflow/.local/lib/python3.12/site-packages/airflow/example_dags/example_latest_only_with_trigger.py
[2025-03-16T19:34:23.108+0000] {processor.py:914} INFO - Processing file /home/airflow/.local/lib/python3.12/site-packages/airflow/example_dags/example_latest_only_with_trigger.py for tasks to queue
[2025-03-16T19:34:23.111+0000] {logging_mixin.py:190} INFO - [2025-03-16T19:34:23.110+0000] {dagbag.py:588} INFO - Filling up the DagBag from /home/airflow/.local/lib/python3.12/site-packages/airflow/example_dags/example_latest_only_with_trigger.py
[2025-03-16T19:34:23.124+0000] {processor.py:925} INFO - DAG(s) 'latest_only_with_trigger' retrieved from /home/airflow/.local/lib/python3.12/site-packages/airflow/example_dags/example_latest_only_with_trigger.py
[2025-03-16T19:34:23.161+0000] {logging_mixin.py:190} INFO - [2025-03-16T19:34:23.160+0000] {dag.py:3239} INFO - Sync 1 DAGs
[2025-03-16T19:34:23.205+0000] {logging_mixin.py:190} INFO - [2025-03-16T19:34:23.205+0000] {dag.py:4180} INFO - Setting next_dagrun for latest_only_with_trigger to 2025-03-16 12:00:00+00:00, run_after=2025-03-16 16:00:00+00:00
[2025-03-16T19:34:23.238+0000] {processor.py:208} INFO - Processing /home/airflow/.local/lib/python3.12/site-packages/airflow/example_dags/example_latest_only_with_trigger.py took 0.142 seconds
[2025-03-16T19:34:53.415+0000] {processor.py:186} INFO - Started process (PID=92329) to work on /home/airflow/.local/lib/python3.12/site-packages/airflow/example_dags/example_latest_only_with_trigger.py
[2025-03-16T19:34:53.417+0000] {processor.py:914} INFO - Processing file /home/airflow/.local/lib/python3.12/site-packages/airflow/example_dags/example_latest_only_with_trigger.py for tasks to queue
[2025-03-16T19:34:53.420+0000] {logging_mixin.py:190} INFO - [2025-03-16T19:34:53.419+0000] {dagbag.py:588} INFO - Filling up the DagBag from /home/airflow/.local/lib/python3.12/site-packages/airflow/example_dags/example_latest_only_with_trigger.py
[2025-03-16T19:34:53.435+0000] {processor.py:925} INFO - DAG(s) 'latest_only_with_trigger' retrieved from /home/airflow/.local/lib/python3.12/site-packages/airflow/example_dags/example_latest_only_with_trigger.py
[2025-03-16T19:34:53.472+0000] {logging_mixin.py:190} INFO - [2025-03-16T19:34:53.471+0000] {dag.py:3239} INFO - Sync 1 DAGs
[2025-03-16T19:34:53.519+0000] {logging_mixin.py:190} INFO - [2025-03-16T19:34:53.518+0000] {dag.py:4180} INFO - Setting next_dagrun for latest_only_with_trigger to 2025-03-16 12:00:00+00:00, run_after=2025-03-16 16:00:00+00:00
[2025-03-16T19:34:53.553+0000] {processor.py:208} INFO - Processing /home/airflow/.local/lib/python3.12/site-packages/airflow/example_dags/example_latest_only_with_trigger.py took 0.150 seconds
[2025-03-16T19:35:24.530+0000] {processor.py:186} INFO - Started process (PID=92393) to work on /home/airflow/.local/lib/python3.12/site-packages/airflow/example_dags/example_latest_only_with_trigger.py
[2025-03-16T19:35:24.532+0000] {processor.py:914} INFO - Processing file /home/airflow/.local/lib/python3.12/site-packages/airflow/example_dags/example_latest_only_with_trigger.py for tasks to queue
[2025-03-16T19:35:24.534+0000] {logging_mixin.py:190} INFO - [2025-03-16T19:35:24.534+0000] {dagbag.py:588} INFO - Filling up the DagBag from /home/airflow/.local/lib/python3.12/site-packages/airflow/example_dags/example_latest_only_with_trigger.py
[2025-03-16T19:35:24.549+0000] {processor.py:925} INFO - DAG(s) 'latest_only_with_trigger' retrieved from /home/airflow/.local/lib/python3.12/site-packages/airflow/example_dags/example_latest_only_with_trigger.py
[2025-03-16T19:35:24.587+0000] {logging_mixin.py:190} INFO - [2025-03-16T19:35:24.586+0000] {dag.py:3239} INFO - Sync 1 DAGs
[2025-03-16T19:35:24.625+0000] {logging_mixin.py:190} INFO - [2025-03-16T19:35:24.624+0000] {dag.py:4180} INFO - Setting next_dagrun for latest_only_with_trigger to 2025-03-16 12:00:00+00:00, run_after=2025-03-16 16:00:00+00:00
[2025-03-16T19:35:24.654+0000] {processor.py:208} INFO - Processing /home/airflow/.local/lib/python3.12/site-packages/airflow/example_dags/example_latest_only_with_trigger.py took 0.136 seconds
[2025-03-16T19:35:55.016+0000] {processor.py:186} INFO - Started process (PID=92457) to work on /home/airflow/.local/lib/python3.12/site-packages/airflow/example_dags/example_latest_only_with_trigger.py
[2025-03-16T19:35:55.018+0000] {processor.py:914} INFO - Processing file /home/airflow/.local/lib/python3.12/site-packages/airflow/example_dags/example_latest_only_with_trigger.py for tasks to queue
[2025-03-16T19:35:55.023+0000] {logging_mixin.py:190} INFO - [2025-03-16T19:35:55.021+0000] {dagbag.py:588} INFO - Filling up the DagBag from /home/airflow/.local/lib/python3.12/site-packages/airflow/example_dags/example_latest_only_with_trigger.py
[2025-03-16T19:35:55.041+0000] {processor.py:925} INFO - DAG(s) 'latest_only_with_trigger' retrieved from /home/airflow/.local/lib/python3.12/site-packages/airflow/example_dags/example_latest_only_with_trigger.py
[2025-03-16T19:35:55.081+0000] {logging_mixin.py:190} INFO - [2025-03-16T19:35:55.080+0000] {dag.py:3239} INFO - Sync 1 DAGs
[2025-03-16T19:35:55.124+0000] {logging_mixin.py:190} INFO - [2025-03-16T19:35:55.123+0000] {dag.py:4180} INFO - Setting next_dagrun for latest_only_with_trigger to 2025-03-16 12:00:00+00:00, run_after=2025-03-16 16:00:00+00:00
[2025-03-16T19:35:55.152+0000] {processor.py:208} INFO - Processing /home/airflow/.local/lib/python3.12/site-packages/airflow/example_dags/example_latest_only_with_trigger.py took 0.167 seconds
[2025-03-16T19:36:26.222+0000] {processor.py:186} INFO - Started process (PID=92521) to work on /home/airflow/.local/lib/python3.12/site-packages/airflow/example_dags/example_latest_only_with_trigger.py
[2025-03-16T19:36:26.225+0000] {processor.py:914} INFO - Processing file /home/airflow/.local/lib/python3.12/site-packages/airflow/example_dags/example_latest_only_with_trigger.py for tasks to queue
[2025-03-16T19:36:26.227+0000] {logging_mixin.py:190} INFO - [2025-03-16T19:36:26.227+0000] {dagbag.py:588} INFO - Filling up the DagBag from /home/airflow/.local/lib/python3.12/site-packages/airflow/example_dags/example_latest_only_with_trigger.py
[2025-03-16T19:36:26.245+0000] {processor.py:925} INFO - DAG(s) 'latest_only_with_trigger' retrieved from /home/airflow/.local/lib/python3.12/site-packages/airflow/example_dags/example_latest_only_with_trigger.py
[2025-03-16T19:36:26.289+0000] {logging_mixin.py:190} INFO - [2025-03-16T19:36:26.288+0000] {dag.py:3239} INFO - Sync 1 DAGs
[2025-03-16T19:36:26.339+0000] {logging_mixin.py:190} INFO - [2025-03-16T19:36:26.338+0000] {dag.py:4180} INFO - Setting next_dagrun for latest_only_with_trigger to 2025-03-16 12:00:00+00:00, run_after=2025-03-16 16:00:00+00:00
[2025-03-16T19:36:26.375+0000] {processor.py:208} INFO - Processing /home/airflow/.local/lib/python3.12/site-packages/airflow/example_dags/example_latest_only_with_trigger.py took 0.165 seconds
[2025-03-16T19:36:56.611+0000] {processor.py:186} INFO - Started process (PID=92585) to work on /home/airflow/.local/lib/python3.12/site-packages/airflow/example_dags/example_latest_only_with_trigger.py
[2025-03-16T19:36:56.613+0000] {processor.py:914} INFO - Processing file /home/airflow/.local/lib/python3.12/site-packages/airflow/example_dags/example_latest_only_with_trigger.py for tasks to queue
[2025-03-16T19:36:56.615+0000] {logging_mixin.py:190} INFO - [2025-03-16T19:36:56.615+0000] {dagbag.py:588} INFO - Filling up the DagBag from /home/airflow/.local/lib/python3.12/site-packages/airflow/example_dags/example_latest_only_with_trigger.py
[2025-03-16T19:36:56.632+0000] {processor.py:925} INFO - DAG(s) 'latest_only_with_trigger' retrieved from /home/airflow/.local/lib/python3.12/site-packages/airflow/example_dags/example_latest_only_with_trigger.py
[2025-03-16T19:36:56.673+0000] {logging_mixin.py:190} INFO - [2025-03-16T19:36:56.673+0000] {dag.py:3239} INFO - Sync 1 DAGs
[2025-03-16T19:36:56.716+0000] {logging_mixin.py:190} INFO - [2025-03-16T19:36:56.716+0000] {dag.py:4180} INFO - Setting next_dagrun for latest_only_with_trigger to 2025-03-16 12:00:00+00:00, run_after=2025-03-16 16:00:00+00:00
[2025-03-16T19:36:56.750+0000] {processor.py:208} INFO - Processing /home/airflow/.local/lib/python3.12/site-packages/airflow/example_dags/example_latest_only_with_trigger.py took 0.155 seconds
[2025-03-16T19:37:27.023+0000] {processor.py:186} INFO - Started process (PID=92649) to work on /home/airflow/.local/lib/python3.12/site-packages/airflow/example_dags/example_latest_only_with_trigger.py
[2025-03-16T19:37:27.024+0000] {processor.py:914} INFO - Processing file /home/airflow/.local/lib/python3.12/site-packages/airflow/example_dags/example_latest_only_with_trigger.py for tasks to queue
[2025-03-16T19:37:27.027+0000] {logging_mixin.py:190} INFO - [2025-03-16T19:37:27.026+0000] {dagbag.py:588} INFO - Filling up the DagBag from /home/airflow/.local/lib/python3.12/site-packages/airflow/example_dags/example_latest_only_with_trigger.py
[2025-03-16T19:37:27.039+0000] {processor.py:925} INFO - DAG(s) 'latest_only_with_trigger' retrieved from /home/airflow/.local/lib/python3.12/site-packages/airflow/example_dags/example_latest_only_with_trigger.py
[2025-03-16T19:37:27.071+0000] {logging_mixin.py:190} INFO - [2025-03-16T19:37:27.070+0000] {dag.py:3239} INFO - Sync 1 DAGs
[2025-03-16T19:37:27.105+0000] {logging_mixin.py:190} INFO - [2025-03-16T19:37:27.104+0000] {dag.py:4180} INFO - Setting next_dagrun for latest_only_with_trigger to 2025-03-16 12:00:00+00:00, run_after=2025-03-16 16:00:00+00:00
[2025-03-16T19:37:27.131+0000] {processor.py:208} INFO - Processing /home/airflow/.local/lib/python3.12/site-packages/airflow/example_dags/example_latest_only_with_trigger.py took 0.116 seconds
[2025-03-16T19:37:57.254+0000] {processor.py:186} INFO - Started process (PID=92713) to work on /home/airflow/.local/lib/python3.12/site-packages/airflow/example_dags/example_latest_only_with_trigger.py
[2025-03-16T19:37:57.256+0000] {processor.py:914} INFO - Processing file /home/airflow/.local/lib/python3.12/site-packages/airflow/example_dags/example_latest_only_with_trigger.py for tasks to queue
[2025-03-16T19:37:57.258+0000] {logging_mixin.py:190} INFO - [2025-03-16T19:37:57.258+0000] {dagbag.py:588} INFO - Filling up the DagBag from /home/airflow/.local/lib/python3.12/site-packages/airflow/example_dags/example_latest_only_with_trigger.py
[2025-03-16T19:37:57.274+0000] {processor.py:925} INFO - DAG(s) 'latest_only_with_trigger' retrieved from /home/airflow/.local/lib/python3.12/site-packages/airflow/example_dags/example_latest_only_with_trigger.py
[2025-03-16T19:37:57.311+0000] {logging_mixin.py:190} INFO - [2025-03-16T19:37:57.310+0000] {dag.py:3239} INFO - Sync 1 DAGs
[2025-03-16T19:37:57.348+0000] {logging_mixin.py:190} INFO - [2025-03-16T19:37:57.348+0000] {dag.py:4180} INFO - Setting next_dagrun for latest_only_with_trigger to 2025-03-16 12:00:00+00:00, run_after=2025-03-16 16:00:00+00:00
[2025-03-16T19:37:57.380+0000] {processor.py:208} INFO - Processing /home/airflow/.local/lib/python3.12/site-packages/airflow/example_dags/example_latest_only_with_trigger.py took 0.136 seconds
[2025-03-16T19:38:27.917+0000] {processor.py:186} INFO - Started process (PID=92777) to work on /home/airflow/.local/lib/python3.12/site-packages/airflow/example_dags/example_latest_only_with_trigger.py
[2025-03-16T19:38:27.919+0000] {processor.py:914} INFO - Processing file /home/airflow/.local/lib/python3.12/site-packages/airflow/example_dags/example_latest_only_with_trigger.py for tasks to queue
[2025-03-16T19:38:27.922+0000] {logging_mixin.py:190} INFO - [2025-03-16T19:38:27.922+0000] {dagbag.py:588} INFO - Filling up the DagBag from /home/airflow/.local/lib/python3.12/site-packages/airflow/example_dags/example_latest_only_with_trigger.py
[2025-03-16T19:38:27.939+0000] {processor.py:925} INFO - DAG(s) 'latest_only_with_trigger' retrieved from /home/airflow/.local/lib/python3.12/site-packages/airflow/example_dags/example_latest_only_with_trigger.py
[2025-03-16T19:38:27.977+0000] {logging_mixin.py:190} INFO - [2025-03-16T19:38:27.977+0000] {dag.py:3239} INFO - Sync 1 DAGs
[2025-03-16T19:38:28.018+0000] {logging_mixin.py:190} INFO - [2025-03-16T19:38:28.018+0000] {dag.py:4180} INFO - Setting next_dagrun for latest_only_with_trigger to 2025-03-16 12:00:00+00:00, run_after=2025-03-16 16:00:00+00:00
[2025-03-16T19:38:28.057+0000] {processor.py:208} INFO - Processing /home/airflow/.local/lib/python3.12/site-packages/airflow/example_dags/example_latest_only_with_trigger.py took 0.152 seconds
[2025-03-16T19:38:58.840+0000] {processor.py:186} INFO - Started process (PID=92841) to work on /home/airflow/.local/lib/python3.12/site-packages/airflow/example_dags/example_latest_only_with_trigger.py
[2025-03-16T19:38:58.842+0000] {processor.py:914} INFO - Processing file /home/airflow/.local/lib/python3.12/site-packages/airflow/example_dags/example_latest_only_with_trigger.py for tasks to queue
[2025-03-16T19:38:58.845+0000] {logging_mixin.py:190} INFO - [2025-03-16T19:38:58.844+0000] {dagbag.py:588} INFO - Filling up the DagBag from /home/airflow/.local/lib/python3.12/site-packages/airflow/example_dags/example_latest_only_with_trigger.py
[2025-03-16T19:38:58.858+0000] {processor.py:925} INFO - DAG(s) 'latest_only_with_trigger' retrieved from /home/airflow/.local/lib/python3.12/site-packages/airflow/example_dags/example_latest_only_with_trigger.py
[2025-03-16T19:38:58.893+0000] {logging_mixin.py:190} INFO - [2025-03-16T19:38:58.893+0000] {dag.py:3239} INFO - Sync 1 DAGs
[2025-03-16T19:38:58.942+0000] {logging_mixin.py:190} INFO - [2025-03-16T19:38:58.942+0000] {dag.py:4180} INFO - Setting next_dagrun for latest_only_with_trigger to 2025-03-16 12:00:00+00:00, run_after=2025-03-16 16:00:00+00:00
[2025-03-16T19:38:58.974+0000] {processor.py:208} INFO - Processing /home/airflow/.local/lib/python3.12/site-packages/airflow/example_dags/example_latest_only_with_trigger.py took 0.144 seconds
