[2025-03-16T19:07:48.660+0000] {processor.py:186} INFO - Started process (PID=88937) to work on /home/airflow/.local/lib/python3.12/site-packages/airflow/example_dags/example_bash_decorator.py
[2025-03-16T19:07:48.661+0000] {processor.py:914} INFO - Processing file /home/airflow/.local/lib/python3.12/site-packages/airflow/example_dags/example_bash_decorator.py for tasks to queue
[2025-03-16T19:07:48.663+0000] {logging_mixin.py:190} INFO - [2025-03-16T19:07:48.662+0000] {dagbag.py:588} INFO - Filling up the DagBag from /home/airflow/.local/lib/python3.12/site-packages/airflow/example_dags/example_bash_decorator.py
[2025-03-16T19:07:48.682+0000] {processor.py:925} INFO - DAG(s) 'example_bash_decorator' retrieved from /home/airflow/.local/lib/python3.12/site-packages/airflow/example_dags/example_bash_decorator.py
[2025-03-16T19:07:48.752+0000] {logging_mixin.py:190} INFO - [2025-03-16T19:07:48.751+0000] {dag.py:3239} INFO - Sync 1 DAGs
[2025-03-16T19:07:48.799+0000] {logging_mixin.py:190} INFO - [2025-03-16T19:07:48.799+0000] {dag.py:4180} INFO - Setting next_dagrun for example_bash_decorator to None, run_after=None
[2025-03-16T19:07:48.878+0000] {processor.py:208} INFO - Processing /home/airflow/.local/lib/python3.12/site-packages/airflow/example_dags/example_bash_decorator.py took 0.226 seconds
[2025-03-16T19:08:19.474+0000] {processor.py:186} INFO - Started process (PID=89001) to work on /home/airflow/.local/lib/python3.12/site-packages/airflow/example_dags/example_bash_decorator.py
[2025-03-16T19:08:19.475+0000] {processor.py:914} INFO - Processing file /home/airflow/.local/lib/python3.12/site-packages/airflow/example_dags/example_bash_decorator.py for tasks to queue
[2025-03-16T19:08:19.477+0000] {logging_mixin.py:190} INFO - [2025-03-16T19:08:19.476+0000] {dagbag.py:588} INFO - Filling up the DagBag from /home/airflow/.local/lib/python3.12/site-packages/airflow/example_dags/example_bash_decorator.py
[2025-03-16T19:08:19.490+0000] {processor.py:925} INFO - DAG(s) 'example_bash_decorator' retrieved from /home/airflow/.local/lib/python3.12/site-packages/airflow/example_dags/example_bash_decorator.py
[2025-03-16T19:08:19.512+0000] {logging_mixin.py:190} INFO - [2025-03-16T19:08:19.512+0000] {dag.py:3239} INFO - Sync 1 DAGs
[2025-03-16T19:08:19.525+0000] {logging_mixin.py:190} INFO - [2025-03-16T19:08:19.524+0000] {dag.py:4180} INFO - Setting next_dagrun for example_bash_decorator to None, run_after=None
[2025-03-16T19:08:19.543+0000] {processor.py:208} INFO - Processing /home/airflow/.local/lib/python3.12/site-packages/airflow/example_dags/example_bash_decorator.py took 0.074 seconds
[2025-03-16T19:08:50.331+0000] {processor.py:186} INFO - Started process (PID=89065) to work on /home/airflow/.local/lib/python3.12/site-packages/airflow/example_dags/example_bash_decorator.py
[2025-03-16T19:08:50.333+0000] {processor.py:914} INFO - Processing file /home/airflow/.local/lib/python3.12/site-packages/airflow/example_dags/example_bash_decorator.py for tasks to queue
[2025-03-16T19:08:50.336+0000] {logging_mixin.py:190} INFO - [2025-03-16T19:08:50.335+0000] {dagbag.py:588} INFO - Filling up the DagBag from /home/airflow/.local/lib/python3.12/site-packages/airflow/example_dags/example_bash_decorator.py
[2025-03-16T19:08:50.363+0000] {processor.py:925} INFO - DAG(s) 'example_bash_decorator' retrieved from /home/airflow/.local/lib/python3.12/site-packages/airflow/example_dags/example_bash_decorator.py
[2025-03-16T19:08:50.418+0000] {logging_mixin.py:190} INFO - [2025-03-16T19:08:50.418+0000] {dag.py:3239} INFO - Sync 1 DAGs
[2025-03-16T19:08:50.447+0000] {logging_mixin.py:190} INFO - [2025-03-16T19:08:50.447+0000] {dag.py:4180} INFO - Setting next_dagrun for example_bash_decorator to None, run_after=None
[2025-03-16T19:08:50.500+0000] {processor.py:208} INFO - Processing /home/airflow/.local/lib/python3.12/site-packages/airflow/example_dags/example_bash_decorator.py took 0.178 seconds
[2025-03-16T19:09:20.831+0000] {processor.py:186} INFO - Started process (PID=89129) to work on /home/airflow/.local/lib/python3.12/site-packages/airflow/example_dags/example_bash_decorator.py
[2025-03-16T19:09:20.832+0000] {processor.py:914} INFO - Processing file /home/airflow/.local/lib/python3.12/site-packages/airflow/example_dags/example_bash_decorator.py for tasks to queue
[2025-03-16T19:09:20.834+0000] {logging_mixin.py:190} INFO - [2025-03-16T19:09:20.834+0000] {dagbag.py:588} INFO - Filling up the DagBag from /home/airflow/.local/lib/python3.12/site-packages/airflow/example_dags/example_bash_decorator.py
[2025-03-16T19:09:20.849+0000] {processor.py:925} INFO - DAG(s) 'example_bash_decorator' retrieved from /home/airflow/.local/lib/python3.12/site-packages/airflow/example_dags/example_bash_decorator.py
[2025-03-16T19:09:20.878+0000] {logging_mixin.py:190} INFO - [2025-03-16T19:09:20.877+0000] {dag.py:3239} INFO - Sync 1 DAGs
[2025-03-16T19:09:20.895+0000] {logging_mixin.py:190} INFO - [2025-03-16T19:09:20.894+0000] {dag.py:4180} INFO - Setting next_dagrun for example_bash_decorator to None, run_after=None
[2025-03-16T19:09:20.919+0000] {processor.py:208} INFO - Processing /home/airflow/.local/lib/python3.12/site-packages/airflow/example_dags/example_bash_decorator.py took 0.096 seconds
[2025-03-16T19:09:51.047+0000] {processor.py:186} INFO - Started process (PID=89193) to work on /home/airflow/.local/lib/python3.12/site-packages/airflow/example_dags/example_bash_decorator.py
[2025-03-16T19:09:51.048+0000] {processor.py:914} INFO - Processing file /home/airflow/.local/lib/python3.12/site-packages/airflow/example_dags/example_bash_decorator.py for tasks to queue
[2025-03-16T19:09:51.050+0000] {logging_mixin.py:190} INFO - [2025-03-16T19:09:51.050+0000] {dagbag.py:588} INFO - Filling up the DagBag from /home/airflow/.local/lib/python3.12/site-packages/airflow/example_dags/example_bash_decorator.py
[2025-03-16T19:09:51.064+0000] {processor.py:925} INFO - DAG(s) 'example_bash_decorator' retrieved from /home/airflow/.local/lib/python3.12/site-packages/airflow/example_dags/example_bash_decorator.py
[2025-03-16T19:09:51.097+0000] {logging_mixin.py:190} INFO - [2025-03-16T19:09:51.097+0000] {dag.py:3239} INFO - Sync 1 DAGs
[2025-03-16T19:09:51.114+0000] {logging_mixin.py:190} INFO - [2025-03-16T19:09:51.114+0000] {dag.py:4180} INFO - Setting next_dagrun for example_bash_decorator to None, run_after=None
[2025-03-16T19:09:51.141+0000] {processor.py:208} INFO - Processing /home/airflow/.local/lib/python3.12/site-packages/airflow/example_dags/example_bash_decorator.py took 0.100 seconds
[2025-03-16T19:10:21.958+0000] {processor.py:186} INFO - Started process (PID=89258) to work on /home/airflow/.local/lib/python3.12/site-packages/airflow/example_dags/example_bash_decorator.py
[2025-03-16T19:10:21.959+0000] {processor.py:914} INFO - Processing file /home/airflow/.local/lib/python3.12/site-packages/airflow/example_dags/example_bash_decorator.py for tasks to queue
[2025-03-16T19:10:21.961+0000] {logging_mixin.py:190} INFO - [2025-03-16T19:10:21.960+0000] {dagbag.py:588} INFO - Filling up the DagBag from /home/airflow/.local/lib/python3.12/site-packages/airflow/example_dags/example_bash_decorator.py
[2025-03-16T19:10:21.977+0000] {processor.py:925} INFO - DAG(s) 'example_bash_decorator' retrieved from /home/airflow/.local/lib/python3.12/site-packages/airflow/example_dags/example_bash_decorator.py
[2025-03-16T19:10:22.008+0000] {logging_mixin.py:190} INFO - [2025-03-16T19:10:22.007+0000] {dag.py:3239} INFO - Sync 1 DAGs
[2025-03-16T19:10:22.022+0000] {logging_mixin.py:190} INFO - [2025-03-16T19:10:22.022+0000] {dag.py:4180} INFO - Setting next_dagrun for example_bash_decorator to None, run_after=None
[2025-03-16T19:10:22.048+0000] {processor.py:208} INFO - Processing /home/airflow/.local/lib/python3.12/site-packages/airflow/example_dags/example_bash_decorator.py took 0.098 seconds
[2025-03-16T19:10:52.388+0000] {processor.py:186} INFO - Started process (PID=89322) to work on /home/airflow/.local/lib/python3.12/site-packages/airflow/example_dags/example_bash_decorator.py
[2025-03-16T19:10:52.389+0000] {processor.py:914} INFO - Processing file /home/airflow/.local/lib/python3.12/site-packages/airflow/example_dags/example_bash_decorator.py for tasks to queue
[2025-03-16T19:10:52.391+0000] {logging_mixin.py:190} INFO - [2025-03-16T19:10:52.391+0000] {dagbag.py:588} INFO - Filling up the DagBag from /home/airflow/.local/lib/python3.12/site-packages/airflow/example_dags/example_bash_decorator.py
[2025-03-16T19:10:52.408+0000] {processor.py:925} INFO - DAG(s) 'example_bash_decorator' retrieved from /home/airflow/.local/lib/python3.12/site-packages/airflow/example_dags/example_bash_decorator.py
[2025-03-16T19:10:52.437+0000] {logging_mixin.py:190} INFO - [2025-03-16T19:10:52.436+0000] {dag.py:3239} INFO - Sync 1 DAGs
[2025-03-16T19:10:52.451+0000] {logging_mixin.py:190} INFO - [2025-03-16T19:10:52.451+0000] {dag.py:4180} INFO - Setting next_dagrun for example_bash_decorator to None, run_after=None
[2025-03-16T19:10:52.477+0000] {processor.py:208} INFO - Processing /home/airflow/.local/lib/python3.12/site-packages/airflow/example_dags/example_bash_decorator.py took 0.095 seconds
[2025-03-16T19:11:22.785+0000] {processor.py:186} INFO - Started process (PID=89386) to work on /home/airflow/.local/lib/python3.12/site-packages/airflow/example_dags/example_bash_decorator.py
[2025-03-16T19:11:22.787+0000] {processor.py:914} INFO - Processing file /home/airflow/.local/lib/python3.12/site-packages/airflow/example_dags/example_bash_decorator.py for tasks to queue
[2025-03-16T19:11:22.789+0000] {logging_mixin.py:190} INFO - [2025-03-16T19:11:22.788+0000] {dagbag.py:588} INFO - Filling up the DagBag from /home/airflow/.local/lib/python3.12/site-packages/airflow/example_dags/example_bash_decorator.py
[2025-03-16T19:11:22.802+0000] {processor.py:925} INFO - DAG(s) 'example_bash_decorator' retrieved from /home/airflow/.local/lib/python3.12/site-packages/airflow/example_dags/example_bash_decorator.py
[2025-03-16T19:11:22.834+0000] {logging_mixin.py:190} INFO - [2025-03-16T19:11:22.834+0000] {dag.py:3239} INFO - Sync 1 DAGs
[2025-03-16T19:11:22.850+0000] {logging_mixin.py:190} INFO - [2025-03-16T19:11:22.850+0000] {dag.py:4180} INFO - Setting next_dagrun for example_bash_decorator to None, run_after=None
[2025-03-16T19:11:22.871+0000] {processor.py:208} INFO - Processing /home/airflow/.local/lib/python3.12/site-packages/airflow/example_dags/example_bash_decorator.py took 0.091 seconds
[2025-03-16T19:11:53.514+0000] {processor.py:186} INFO - Started process (PID=89450) to work on /home/airflow/.local/lib/python3.12/site-packages/airflow/example_dags/example_bash_decorator.py
[2025-03-16T19:11:53.516+0000] {processor.py:914} INFO - Processing file /home/airflow/.local/lib/python3.12/site-packages/airflow/example_dags/example_bash_decorator.py for tasks to queue
[2025-03-16T19:11:53.518+0000] {logging_mixin.py:190} INFO - [2025-03-16T19:11:53.518+0000] {dagbag.py:588} INFO - Filling up the DagBag from /home/airflow/.local/lib/python3.12/site-packages/airflow/example_dags/example_bash_decorator.py
[2025-03-16T19:11:53.537+0000] {processor.py:925} INFO - DAG(s) 'example_bash_decorator' retrieved from /home/airflow/.local/lib/python3.12/site-packages/airflow/example_dags/example_bash_decorator.py
[2025-03-16T19:11:53.569+0000] {logging_mixin.py:190} INFO - [2025-03-16T19:11:53.568+0000] {dag.py:3239} INFO - Sync 1 DAGs
[2025-03-16T19:11:53.586+0000] {logging_mixin.py:190} INFO - [2025-03-16T19:11:53.585+0000] {dag.py:4180} INFO - Setting next_dagrun for example_bash_decorator to None, run_after=None
[2025-03-16T19:11:53.608+0000] {processor.py:208} INFO - Processing /home/airflow/.local/lib/python3.12/site-packages/airflow/example_dags/example_bash_decorator.py took 0.101 seconds
[2025-03-16T19:12:24.348+0000] {processor.py:186} INFO - Started process (PID=89514) to work on /home/airflow/.local/lib/python3.12/site-packages/airflow/example_dags/example_bash_decorator.py
[2025-03-16T19:12:24.349+0000] {processor.py:914} INFO - Processing file /home/airflow/.local/lib/python3.12/site-packages/airflow/example_dags/example_bash_decorator.py for tasks to queue
[2025-03-16T19:12:24.352+0000] {logging_mixin.py:190} INFO - [2025-03-16T19:12:24.351+0000] {dagbag.py:588} INFO - Filling up the DagBag from /home/airflow/.local/lib/python3.12/site-packages/airflow/example_dags/example_bash_decorator.py
[2025-03-16T19:12:24.372+0000] {processor.py:925} INFO - DAG(s) 'example_bash_decorator' retrieved from /home/airflow/.local/lib/python3.12/site-packages/airflow/example_dags/example_bash_decorator.py
[2025-03-16T19:12:24.400+0000] {logging_mixin.py:190} INFO - [2025-03-16T19:12:24.400+0000] {dag.py:3239} INFO - Sync 1 DAGs
[2025-03-16T19:12:24.417+0000] {logging_mixin.py:190} INFO - [2025-03-16T19:12:24.416+0000] {dag.py:4180} INFO - Setting next_dagrun for example_bash_decorator to None, run_after=None
[2025-03-16T19:12:24.442+0000] {processor.py:208} INFO - Processing /home/airflow/.local/lib/python3.12/site-packages/airflow/example_dags/example_bash_decorator.py took 0.103 seconds
[2025-03-16T19:12:55.196+0000] {processor.py:186} INFO - Started process (PID=89584) to work on /home/airflow/.local/lib/python3.12/site-packages/airflow/example_dags/example_bash_decorator.py
[2025-03-16T19:12:55.197+0000] {processor.py:914} INFO - Processing file /home/airflow/.local/lib/python3.12/site-packages/airflow/example_dags/example_bash_decorator.py for tasks to queue
[2025-03-16T19:12:55.199+0000] {logging_mixin.py:190} INFO - [2025-03-16T19:12:55.198+0000] {dagbag.py:588} INFO - Filling up the DagBag from /home/airflow/.local/lib/python3.12/site-packages/airflow/example_dags/example_bash_decorator.py
[2025-03-16T19:12:55.211+0000] {processor.py:925} INFO - DAG(s) 'example_bash_decorator' retrieved from /home/airflow/.local/lib/python3.12/site-packages/airflow/example_dags/example_bash_decorator.py
[2025-03-16T19:12:55.239+0000] {logging_mixin.py:190} INFO - [2025-03-16T19:12:55.239+0000] {dag.py:3239} INFO - Sync 1 DAGs
[2025-03-16T19:12:55.254+0000] {logging_mixin.py:190} INFO - [2025-03-16T19:12:55.253+0000] {dag.py:4180} INFO - Setting next_dagrun for example_bash_decorator to None, run_after=None
[2025-03-16T19:12:55.276+0000] {processor.py:208} INFO - Processing /home/airflow/.local/lib/python3.12/site-packages/airflow/example_dags/example_bash_decorator.py took 0.085 seconds
[2025-03-16T19:13:25.611+0000] {processor.py:186} INFO - Started process (PID=89649) to work on /home/airflow/.local/lib/python3.12/site-packages/airflow/example_dags/example_bash_decorator.py
[2025-03-16T19:13:25.612+0000] {processor.py:914} INFO - Processing file /home/airflow/.local/lib/python3.12/site-packages/airflow/example_dags/example_bash_decorator.py for tasks to queue
[2025-03-16T19:13:25.614+0000] {logging_mixin.py:190} INFO - [2025-03-16T19:13:25.613+0000] {dagbag.py:588} INFO - Filling up the DagBag from /home/airflow/.local/lib/python3.12/site-packages/airflow/example_dags/example_bash_decorator.py
[2025-03-16T19:13:25.629+0000] {processor.py:925} INFO - DAG(s) 'example_bash_decorator' retrieved from /home/airflow/.local/lib/python3.12/site-packages/airflow/example_dags/example_bash_decorator.py
[2025-03-16T19:13:25.668+0000] {logging_mixin.py:190} INFO - [2025-03-16T19:13:25.668+0000] {dag.py:3239} INFO - Sync 1 DAGs
[2025-03-16T19:13:25.693+0000] {logging_mixin.py:190} INFO - [2025-03-16T19:13:25.693+0000] {dag.py:4180} INFO - Setting next_dagrun for example_bash_decorator to None, run_after=None
[2025-03-16T19:13:25.731+0000] {processor.py:208} INFO - Processing /home/airflow/.local/lib/python3.12/site-packages/airflow/example_dags/example_bash_decorator.py took 0.126 seconds
[2025-03-16T19:13:55.980+0000] {processor.py:186} INFO - Started process (PID=89713) to work on /home/airflow/.local/lib/python3.12/site-packages/airflow/example_dags/example_bash_decorator.py
[2025-03-16T19:13:55.981+0000] {processor.py:914} INFO - Processing file /home/airflow/.local/lib/python3.12/site-packages/airflow/example_dags/example_bash_decorator.py for tasks to queue
[2025-03-16T19:13:55.984+0000] {logging_mixin.py:190} INFO - [2025-03-16T19:13:55.983+0000] {dagbag.py:588} INFO - Filling up the DagBag from /home/airflow/.local/lib/python3.12/site-packages/airflow/example_dags/example_bash_decorator.py
[2025-03-16T19:13:56.002+0000] {processor.py:925} INFO - DAG(s) 'example_bash_decorator' retrieved from /home/airflow/.local/lib/python3.12/site-packages/airflow/example_dags/example_bash_decorator.py
[2025-03-16T19:13:56.033+0000] {logging_mixin.py:190} INFO - [2025-03-16T19:13:56.032+0000] {dag.py:3239} INFO - Sync 1 DAGs
[2025-03-16T19:13:56.052+0000] {logging_mixin.py:190} INFO - [2025-03-16T19:13:56.052+0000] {dag.py:4180} INFO - Setting next_dagrun for example_bash_decorator to None, run_after=None
[2025-03-16T19:13:56.080+0000] {processor.py:208} INFO - Processing /home/airflow/.local/lib/python3.12/site-packages/airflow/example_dags/example_bash_decorator.py took 0.107 seconds
[2025-03-16T19:14:26.258+0000] {processor.py:186} INFO - Started process (PID=89777) to work on /home/airflow/.local/lib/python3.12/site-packages/airflow/example_dags/example_bash_decorator.py
[2025-03-16T19:14:26.260+0000] {processor.py:914} INFO - Processing file /home/airflow/.local/lib/python3.12/site-packages/airflow/example_dags/example_bash_decorator.py for tasks to queue
[2025-03-16T19:14:26.262+0000] {logging_mixin.py:190} INFO - [2025-03-16T19:14:26.261+0000] {dagbag.py:588} INFO - Filling up the DagBag from /home/airflow/.local/lib/python3.12/site-packages/airflow/example_dags/example_bash_decorator.py
[2025-03-16T19:14:26.277+0000] {processor.py:925} INFO - DAG(s) 'example_bash_decorator' retrieved from /home/airflow/.local/lib/python3.12/site-packages/airflow/example_dags/example_bash_decorator.py
[2025-03-16T19:14:26.306+0000] {logging_mixin.py:190} INFO - [2025-03-16T19:14:26.305+0000] {dag.py:3239} INFO - Sync 1 DAGs
[2025-03-16T19:14:26.321+0000] {logging_mixin.py:190} INFO - [2025-03-16T19:14:26.321+0000] {dag.py:4180} INFO - Setting next_dagrun for example_bash_decorator to None, run_after=None
[2025-03-16T19:14:26.343+0000] {processor.py:208} INFO - Processing /home/airflow/.local/lib/python3.12/site-packages/airflow/example_dags/example_bash_decorator.py took 0.090 seconds
[2025-03-16T19:14:56.618+0000] {processor.py:186} INFO - Started process (PID=89841) to work on /home/airflow/.local/lib/python3.12/site-packages/airflow/example_dags/example_bash_decorator.py
[2025-03-16T19:14:56.620+0000] {processor.py:914} INFO - Processing file /home/airflow/.local/lib/python3.12/site-packages/airflow/example_dags/example_bash_decorator.py for tasks to queue
[2025-03-16T19:14:56.622+0000] {logging_mixin.py:190} INFO - [2025-03-16T19:14:56.622+0000] {dagbag.py:588} INFO - Filling up the DagBag from /home/airflow/.local/lib/python3.12/site-packages/airflow/example_dags/example_bash_decorator.py
[2025-03-16T19:14:56.636+0000] {processor.py:925} INFO - DAG(s) 'example_bash_decorator' retrieved from /home/airflow/.local/lib/python3.12/site-packages/airflow/example_dags/example_bash_decorator.py
[2025-03-16T19:14:56.664+0000] {logging_mixin.py:190} INFO - [2025-03-16T19:14:56.664+0000] {dag.py:3239} INFO - Sync 1 DAGs
[2025-03-16T19:14:56.681+0000] {logging_mixin.py:190} INFO - [2025-03-16T19:14:56.681+0000] {dag.py:4180} INFO - Setting next_dagrun for example_bash_decorator to None, run_after=None
[2025-03-16T19:14:56.707+0000] {processor.py:208} INFO - Processing /home/airflow/.local/lib/python3.12/site-packages/airflow/example_dags/example_bash_decorator.py took 0.094 seconds
[2025-03-16T19:15:27.277+0000] {processor.py:186} INFO - Started process (PID=89905) to work on /home/airflow/.local/lib/python3.12/site-packages/airflow/example_dags/example_bash_decorator.py
[2025-03-16T19:15:27.279+0000] {processor.py:914} INFO - Processing file /home/airflow/.local/lib/python3.12/site-packages/airflow/example_dags/example_bash_decorator.py for tasks to queue
[2025-03-16T19:15:27.282+0000] {logging_mixin.py:190} INFO - [2025-03-16T19:15:27.281+0000] {dagbag.py:588} INFO - Filling up the DagBag from /home/airflow/.local/lib/python3.12/site-packages/airflow/example_dags/example_bash_decorator.py
[2025-03-16T19:15:27.310+0000] {processor.py:925} INFO - DAG(s) 'example_bash_decorator' retrieved from /home/airflow/.local/lib/python3.12/site-packages/airflow/example_dags/example_bash_decorator.py
[2025-03-16T19:15:27.359+0000] {logging_mixin.py:190} INFO - [2025-03-16T19:15:27.359+0000] {dag.py:3239} INFO - Sync 1 DAGs
[2025-03-16T19:15:27.384+0000] {logging_mixin.py:190} INFO - [2025-03-16T19:15:27.383+0000] {dag.py:4180} INFO - Setting next_dagrun for example_bash_decorator to None, run_after=None
[2025-03-16T19:15:27.429+0000] {processor.py:208} INFO - Processing /home/airflow/.local/lib/python3.12/site-packages/airflow/example_dags/example_bash_decorator.py took 0.163 seconds
[2025-03-16T19:15:57.913+0000] {processor.py:186} INFO - Started process (PID=89969) to work on /home/airflow/.local/lib/python3.12/site-packages/airflow/example_dags/example_bash_decorator.py
[2025-03-16T19:15:57.915+0000] {processor.py:914} INFO - Processing file /home/airflow/.local/lib/python3.12/site-packages/airflow/example_dags/example_bash_decorator.py for tasks to queue
[2025-03-16T19:15:57.917+0000] {logging_mixin.py:190} INFO - [2025-03-16T19:15:57.916+0000] {dagbag.py:588} INFO - Filling up the DagBag from /home/airflow/.local/lib/python3.12/site-packages/airflow/example_dags/example_bash_decorator.py
[2025-03-16T19:15:57.937+0000] {processor.py:925} INFO - DAG(s) 'example_bash_decorator' retrieved from /home/airflow/.local/lib/python3.12/site-packages/airflow/example_dags/example_bash_decorator.py
[2025-03-16T19:15:57.967+0000] {logging_mixin.py:190} INFO - [2025-03-16T19:15:57.966+0000] {dag.py:3239} INFO - Sync 1 DAGs
[2025-03-16T19:15:57.986+0000] {logging_mixin.py:190} INFO - [2025-03-16T19:15:57.985+0000] {dag.py:4180} INFO - Setting next_dagrun for example_bash_decorator to None, run_after=None
[2025-03-16T19:15:58.015+0000] {processor.py:208} INFO - Processing /home/airflow/.local/lib/python3.12/site-packages/airflow/example_dags/example_bash_decorator.py took 0.110 seconds
[2025-03-16T19:16:28.165+0000] {processor.py:186} INFO - Started process (PID=90033) to work on /home/airflow/.local/lib/python3.12/site-packages/airflow/example_dags/example_bash_decorator.py
[2025-03-16T19:16:28.166+0000] {processor.py:914} INFO - Processing file /home/airflow/.local/lib/python3.12/site-packages/airflow/example_dags/example_bash_decorator.py for tasks to queue
[2025-03-16T19:16:28.168+0000] {logging_mixin.py:190} INFO - [2025-03-16T19:16:28.168+0000] {dagbag.py:588} INFO - Filling up the DagBag from /home/airflow/.local/lib/python3.12/site-packages/airflow/example_dags/example_bash_decorator.py
[2025-03-16T19:16:28.186+0000] {processor.py:925} INFO - DAG(s) 'example_bash_decorator' retrieved from /home/airflow/.local/lib/python3.12/site-packages/airflow/example_dags/example_bash_decorator.py
[2025-03-16T19:16:28.220+0000] {logging_mixin.py:190} INFO - [2025-03-16T19:16:28.219+0000] {dag.py:3239} INFO - Sync 1 DAGs
[2025-03-16T19:16:28.243+0000] {logging_mixin.py:190} INFO - [2025-03-16T19:16:28.241+0000] {dag.py:4180} INFO - Setting next_dagrun for example_bash_decorator to None, run_after=None
[2025-03-16T19:16:28.272+0000] {processor.py:208} INFO - Processing /home/airflow/.local/lib/python3.12/site-packages/airflow/example_dags/example_bash_decorator.py took 0.116 seconds
[2025-03-16T19:16:58.490+0000] {processor.py:186} INFO - Started process (PID=90097) to work on /home/airflow/.local/lib/python3.12/site-packages/airflow/example_dags/example_bash_decorator.py
[2025-03-16T19:16:58.491+0000] {processor.py:914} INFO - Processing file /home/airflow/.local/lib/python3.12/site-packages/airflow/example_dags/example_bash_decorator.py for tasks to queue
[2025-03-16T19:16:58.493+0000] {logging_mixin.py:190} INFO - [2025-03-16T19:16:58.493+0000] {dagbag.py:588} INFO - Filling up the DagBag from /home/airflow/.local/lib/python3.12/site-packages/airflow/example_dags/example_bash_decorator.py
[2025-03-16T19:16:58.512+0000] {processor.py:925} INFO - DAG(s) 'example_bash_decorator' retrieved from /home/airflow/.local/lib/python3.12/site-packages/airflow/example_dags/example_bash_decorator.py
[2025-03-16T19:16:58.549+0000] {logging_mixin.py:190} INFO - [2025-03-16T19:16:58.549+0000] {dag.py:3239} INFO - Sync 1 DAGs
[2025-03-16T19:16:58.570+0000] {logging_mixin.py:190} INFO - [2025-03-16T19:16:58.570+0000] {dag.py:4180} INFO - Setting next_dagrun for example_bash_decorator to None, run_after=None
[2025-03-16T19:16:58.602+0000] {processor.py:208} INFO - Processing /home/airflow/.local/lib/python3.12/site-packages/airflow/example_dags/example_bash_decorator.py took 0.120 seconds
[2025-03-16T19:17:28.893+0000] {processor.py:186} INFO - Started process (PID=90161) to work on /home/airflow/.local/lib/python3.12/site-packages/airflow/example_dags/example_bash_decorator.py
[2025-03-16T19:17:28.894+0000] {processor.py:914} INFO - Processing file /home/airflow/.local/lib/python3.12/site-packages/airflow/example_dags/example_bash_decorator.py for tasks to queue
[2025-03-16T19:17:28.896+0000] {logging_mixin.py:190} INFO - [2025-03-16T19:17:28.896+0000] {dagbag.py:588} INFO - Filling up the DagBag from /home/airflow/.local/lib/python3.12/site-packages/airflow/example_dags/example_bash_decorator.py
[2025-03-16T19:17:28.914+0000] {processor.py:925} INFO - DAG(s) 'example_bash_decorator' retrieved from /home/airflow/.local/lib/python3.12/site-packages/airflow/example_dags/example_bash_decorator.py
[2025-03-16T19:17:28.942+0000] {logging_mixin.py:190} INFO - [2025-03-16T19:17:28.942+0000] {dag.py:3239} INFO - Sync 1 DAGs
[2025-03-16T19:17:28.962+0000] {logging_mixin.py:190} INFO - [2025-03-16T19:17:28.962+0000] {dag.py:4180} INFO - Setting next_dagrun for example_bash_decorator to None, run_after=None
[2025-03-16T19:17:28.990+0000] {processor.py:208} INFO - Processing /home/airflow/.local/lib/python3.12/site-packages/airflow/example_dags/example_bash_decorator.py took 0.106 seconds
[2025-03-16T19:17:59.352+0000] {processor.py:186} INFO - Started process (PID=90225) to work on /home/airflow/.local/lib/python3.12/site-packages/airflow/example_dags/example_bash_decorator.py
[2025-03-16T19:17:59.354+0000] {processor.py:914} INFO - Processing file /home/airflow/.local/lib/python3.12/site-packages/airflow/example_dags/example_bash_decorator.py for tasks to queue
[2025-03-16T19:17:59.355+0000] {logging_mixin.py:190} INFO - [2025-03-16T19:17:59.355+0000] {dagbag.py:588} INFO - Filling up the DagBag from /home/airflow/.local/lib/python3.12/site-packages/airflow/example_dags/example_bash_decorator.py
[2025-03-16T19:17:59.374+0000] {processor.py:925} INFO - DAG(s) 'example_bash_decorator' retrieved from /home/airflow/.local/lib/python3.12/site-packages/airflow/example_dags/example_bash_decorator.py
[2025-03-16T19:17:59.409+0000] {logging_mixin.py:190} INFO - [2025-03-16T19:17:59.408+0000] {dag.py:3239} INFO - Sync 1 DAGs
[2025-03-16T19:17:59.433+0000] {logging_mixin.py:190} INFO - [2025-03-16T19:17:59.432+0000] {dag.py:4180} INFO - Setting next_dagrun for example_bash_decorator to None, run_after=None
[2025-03-16T19:17:59.464+0000] {processor.py:208} INFO - Processing /home/airflow/.local/lib/python3.12/site-packages/airflow/example_dags/example_bash_decorator.py took 0.123 seconds
[2025-03-16T19:18:29.689+0000] {processor.py:186} INFO - Started process (PID=90289) to work on /home/airflow/.local/lib/python3.12/site-packages/airflow/example_dags/example_bash_decorator.py
[2025-03-16T19:18:29.690+0000] {processor.py:914} INFO - Processing file /home/airflow/.local/lib/python3.12/site-packages/airflow/example_dags/example_bash_decorator.py for tasks to queue
[2025-03-16T19:18:29.692+0000] {logging_mixin.py:190} INFO - [2025-03-16T19:18:29.691+0000] {dagbag.py:588} INFO - Filling up the DagBag from /home/airflow/.local/lib/python3.12/site-packages/airflow/example_dags/example_bash_decorator.py
[2025-03-16T19:18:29.709+0000] {processor.py:925} INFO - DAG(s) 'example_bash_decorator' retrieved from /home/airflow/.local/lib/python3.12/site-packages/airflow/example_dags/example_bash_decorator.py
[2025-03-16T19:18:29.745+0000] {logging_mixin.py:190} INFO - [2025-03-16T19:18:29.744+0000] {dag.py:3239} INFO - Sync 1 DAGs
[2025-03-16T19:18:29.764+0000] {logging_mixin.py:190} INFO - [2025-03-16T19:18:29.764+0000] {dag.py:4180} INFO - Setting next_dagrun for example_bash_decorator to None, run_after=None
[2025-03-16T19:18:29.793+0000] {processor.py:208} INFO - Processing /home/airflow/.local/lib/python3.12/site-packages/airflow/example_dags/example_bash_decorator.py took 0.112 seconds
[2025-03-16T19:18:59.936+0000] {processor.py:186} INFO - Started process (PID=90353) to work on /home/airflow/.local/lib/python3.12/site-packages/airflow/example_dags/example_bash_decorator.py
[2025-03-16T19:18:59.938+0000] {processor.py:914} INFO - Processing file /home/airflow/.local/lib/python3.12/site-packages/airflow/example_dags/example_bash_decorator.py for tasks to queue
[2025-03-16T19:18:59.943+0000] {logging_mixin.py:190} INFO - [2025-03-16T19:18:59.941+0000] {dagbag.py:588} INFO - Filling up the DagBag from /home/airflow/.local/lib/python3.12/site-packages/airflow/example_dags/example_bash_decorator.py
[2025-03-16T19:18:59.964+0000] {processor.py:925} INFO - DAG(s) 'example_bash_decorator' retrieved from /home/airflow/.local/lib/python3.12/site-packages/airflow/example_dags/example_bash_decorator.py
[2025-03-16T19:18:59.994+0000] {logging_mixin.py:190} INFO - [2025-03-16T19:18:59.994+0000] {dag.py:3239} INFO - Sync 1 DAGs
[2025-03-16T19:19:00.013+0000] {logging_mixin.py:190} INFO - [2025-03-16T19:19:00.013+0000] {dag.py:4180} INFO - Setting next_dagrun for example_bash_decorator to None, run_after=None
[2025-03-16T19:19:00.046+0000] {processor.py:208} INFO - Processing /home/airflow/.local/lib/python3.12/site-packages/airflow/example_dags/example_bash_decorator.py took 0.119 seconds
[2025-03-16T19:19:30.884+0000] {processor.py:186} INFO - Started process (PID=90417) to work on /home/airflow/.local/lib/python3.12/site-packages/airflow/example_dags/example_bash_decorator.py
[2025-03-16T19:19:30.885+0000] {processor.py:914} INFO - Processing file /home/airflow/.local/lib/python3.12/site-packages/airflow/example_dags/example_bash_decorator.py for tasks to queue
[2025-03-16T19:19:30.887+0000] {logging_mixin.py:190} INFO - [2025-03-16T19:19:30.887+0000] {dagbag.py:588} INFO - Filling up the DagBag from /home/airflow/.local/lib/python3.12/site-packages/airflow/example_dags/example_bash_decorator.py
[2025-03-16T19:19:30.905+0000] {processor.py:925} INFO - DAG(s) 'example_bash_decorator' retrieved from /home/airflow/.local/lib/python3.12/site-packages/airflow/example_dags/example_bash_decorator.py
[2025-03-16T19:19:30.938+0000] {logging_mixin.py:190} INFO - [2025-03-16T19:19:30.938+0000] {dag.py:3239} INFO - Sync 1 DAGs
[2025-03-16T19:19:30.960+0000] {logging_mixin.py:190} INFO - [2025-03-16T19:19:30.959+0000] {dag.py:4180} INFO - Setting next_dagrun for example_bash_decorator to None, run_after=None
[2025-03-16T19:19:30.988+0000] {processor.py:208} INFO - Processing /home/airflow/.local/lib/python3.12/site-packages/airflow/example_dags/example_bash_decorator.py took 0.113 seconds
[2025-03-16T19:20:01.159+0000] {processor.py:186} INFO - Started process (PID=90481) to work on /home/airflow/.local/lib/python3.12/site-packages/airflow/example_dags/example_bash_decorator.py
[2025-03-16T19:20:01.161+0000] {processor.py:914} INFO - Processing file /home/airflow/.local/lib/python3.12/site-packages/airflow/example_dags/example_bash_decorator.py for tasks to queue
[2025-03-16T19:20:01.162+0000] {logging_mixin.py:190} INFO - [2025-03-16T19:20:01.162+0000] {dagbag.py:588} INFO - Filling up the DagBag from /home/airflow/.local/lib/python3.12/site-packages/airflow/example_dags/example_bash_decorator.py
[2025-03-16T19:20:01.179+0000] {processor.py:925} INFO - DAG(s) 'example_bash_decorator' retrieved from /home/airflow/.local/lib/python3.12/site-packages/airflow/example_dags/example_bash_decorator.py
[2025-03-16T19:20:01.209+0000] {logging_mixin.py:190} INFO - [2025-03-16T19:20:01.208+0000] {dag.py:3239} INFO - Sync 1 DAGs
[2025-03-16T19:20:01.226+0000] {logging_mixin.py:190} INFO - [2025-03-16T19:20:01.226+0000] {dag.py:4180} INFO - Setting next_dagrun for example_bash_decorator to None, run_after=None
[2025-03-16T19:20:01.254+0000] {processor.py:208} INFO - Processing /home/airflow/.local/lib/python3.12/site-packages/airflow/example_dags/example_bash_decorator.py took 0.101 seconds
[2025-03-16T19:20:31.496+0000] {processor.py:186} INFO - Started process (PID=90545) to work on /home/airflow/.local/lib/python3.12/site-packages/airflow/example_dags/example_bash_decorator.py
[2025-03-16T19:20:31.498+0000] {processor.py:914} INFO - Processing file /home/airflow/.local/lib/python3.12/site-packages/airflow/example_dags/example_bash_decorator.py for tasks to queue
[2025-03-16T19:20:31.499+0000] {logging_mixin.py:190} INFO - [2025-03-16T19:20:31.499+0000] {dagbag.py:588} INFO - Filling up the DagBag from /home/airflow/.local/lib/python3.12/site-packages/airflow/example_dags/example_bash_decorator.py
[2025-03-16T19:20:31.519+0000] {processor.py:925} INFO - DAG(s) 'example_bash_decorator' retrieved from /home/airflow/.local/lib/python3.12/site-packages/airflow/example_dags/example_bash_decorator.py
[2025-03-16T19:20:31.554+0000] {logging_mixin.py:190} INFO - [2025-03-16T19:20:31.553+0000] {dag.py:3239} INFO - Sync 1 DAGs
[2025-03-16T19:20:31.576+0000] {logging_mixin.py:190} INFO - [2025-03-16T19:20:31.575+0000] {dag.py:4180} INFO - Setting next_dagrun for example_bash_decorator to None, run_after=None
[2025-03-16T19:20:31.603+0000] {processor.py:208} INFO - Processing /home/airflow/.local/lib/python3.12/site-packages/airflow/example_dags/example_bash_decorator.py took 0.117 seconds
[2025-03-16T19:21:02.633+0000] {processor.py:186} INFO - Started process (PID=90609) to work on /home/airflow/.local/lib/python3.12/site-packages/airflow/example_dags/example_bash_decorator.py
[2025-03-16T19:21:02.620+0000] {processor.py:914} INFO - Processing file /home/airflow/.local/lib/python3.12/site-packages/airflow/example_dags/example_bash_decorator.py for tasks to queue
[2025-03-16T19:21:02.622+0000] {logging_mixin.py:190} INFO - [2025-03-16T19:21:02.621+0000] {dagbag.py:588} INFO - Filling up the DagBag from /home/airflow/.local/lib/python3.12/site-packages/airflow/example_dags/example_bash_decorator.py
[2025-03-16T19:21:02.641+0000] {processor.py:925} INFO - DAG(s) 'example_bash_decorator' retrieved from /home/airflow/.local/lib/python3.12/site-packages/airflow/example_dags/example_bash_decorator.py
[2025-03-16T19:21:02.669+0000] {logging_mixin.py:190} INFO - [2025-03-16T19:21:02.669+0000] {dag.py:3239} INFO - Sync 1 DAGs
[2025-03-16T19:21:02.686+0000] {logging_mixin.py:190} INFO - [2025-03-16T19:21:02.685+0000] {dag.py:4180} INFO - Setting next_dagrun for example_bash_decorator to None, run_after=None
[2025-03-16T19:21:02.718+0000] {processor.py:208} INFO - Processing /home/airflow/.local/lib/python3.12/site-packages/airflow/example_dags/example_bash_decorator.py took 0.107 seconds
[2025-03-16T19:21:33.203+0000] {processor.py:186} INFO - Started process (PID=90673) to work on /home/airflow/.local/lib/python3.12/site-packages/airflow/example_dags/example_bash_decorator.py
[2025-03-16T19:21:33.205+0000] {processor.py:914} INFO - Processing file /home/airflow/.local/lib/python3.12/site-packages/airflow/example_dags/example_bash_decorator.py for tasks to queue
[2025-03-16T19:21:33.208+0000] {logging_mixin.py:190} INFO - [2025-03-16T19:21:33.208+0000] {dagbag.py:588} INFO - Filling up the DagBag from /home/airflow/.local/lib/python3.12/site-packages/airflow/example_dags/example_bash_decorator.py
[2025-03-16T19:21:33.224+0000] {processor.py:925} INFO - DAG(s) 'example_bash_decorator' retrieved from /home/airflow/.local/lib/python3.12/site-packages/airflow/example_dags/example_bash_decorator.py
[2025-03-16T19:21:33.259+0000] {logging_mixin.py:190} INFO - [2025-03-16T19:21:33.259+0000] {dag.py:3239} INFO - Sync 1 DAGs
[2025-03-16T19:21:33.279+0000] {logging_mixin.py:190} INFO - [2025-03-16T19:21:33.279+0000] {dag.py:4180} INFO - Setting next_dagrun for example_bash_decorator to None, run_after=None
[2025-03-16T19:21:33.308+0000] {processor.py:208} INFO - Processing /home/airflow/.local/lib/python3.12/site-packages/airflow/example_dags/example_bash_decorator.py took 0.110 seconds
[2025-03-16T19:22:03.586+0000] {processor.py:186} INFO - Started process (PID=90737) to work on /home/airflow/.local/lib/python3.12/site-packages/airflow/example_dags/example_bash_decorator.py
[2025-03-16T19:22:03.587+0000] {processor.py:914} INFO - Processing file /home/airflow/.local/lib/python3.12/site-packages/airflow/example_dags/example_bash_decorator.py for tasks to queue
[2025-03-16T19:22:03.589+0000] {logging_mixin.py:190} INFO - [2025-03-16T19:22:03.589+0000] {dagbag.py:588} INFO - Filling up the DagBag from /home/airflow/.local/lib/python3.12/site-packages/airflow/example_dags/example_bash_decorator.py
[2025-03-16T19:22:03.608+0000] {processor.py:925} INFO - DAG(s) 'example_bash_decorator' retrieved from /home/airflow/.local/lib/python3.12/site-packages/airflow/example_dags/example_bash_decorator.py
[2025-03-16T19:22:03.640+0000] {logging_mixin.py:190} INFO - [2025-03-16T19:22:03.640+0000] {dag.py:3239} INFO - Sync 1 DAGs
[2025-03-16T19:22:03.657+0000] {logging_mixin.py:190} INFO - [2025-03-16T19:22:03.657+0000] {dag.py:4180} INFO - Setting next_dagrun for example_bash_decorator to None, run_after=None
[2025-03-16T19:22:03.687+0000] {processor.py:208} INFO - Processing /home/airflow/.local/lib/python3.12/site-packages/airflow/example_dags/example_bash_decorator.py took 0.107 seconds
[2025-03-16T19:22:33.990+0000] {processor.py:186} INFO - Started process (PID=90801) to work on /home/airflow/.local/lib/python3.12/site-packages/airflow/example_dags/example_bash_decorator.py
[2025-03-16T19:22:33.991+0000] {processor.py:914} INFO - Processing file /home/airflow/.local/lib/python3.12/site-packages/airflow/example_dags/example_bash_decorator.py for tasks to queue
[2025-03-16T19:22:33.993+0000] {logging_mixin.py:190} INFO - [2025-03-16T19:22:33.993+0000] {dagbag.py:588} INFO - Filling up the DagBag from /home/airflow/.local/lib/python3.12/site-packages/airflow/example_dags/example_bash_decorator.py
[2025-03-16T19:22:34.023+0000] {processor.py:925} INFO - DAG(s) 'example_bash_decorator' retrieved from /home/airflow/.local/lib/python3.12/site-packages/airflow/example_dags/example_bash_decorator.py
[2025-03-16T19:22:34.069+0000] {logging_mixin.py:190} INFO - [2025-03-16T19:22:34.069+0000] {dag.py:3239} INFO - Sync 1 DAGs
[2025-03-16T19:22:34.095+0000] {logging_mixin.py:190} INFO - [2025-03-16T19:22:34.095+0000] {dag.py:4180} INFO - Setting next_dagrun for example_bash_decorator to None, run_after=None
[2025-03-16T19:22:34.138+0000] {processor.py:208} INFO - Processing /home/airflow/.local/lib/python3.12/site-packages/airflow/example_dags/example_bash_decorator.py took 0.159 seconds
[2025-03-16T19:23:04.480+0000] {processor.py:186} INFO - Started process (PID=90865) to work on /home/airflow/.local/lib/python3.12/site-packages/airflow/example_dags/example_bash_decorator.py
[2025-03-16T19:23:04.483+0000] {processor.py:914} INFO - Processing file /home/airflow/.local/lib/python3.12/site-packages/airflow/example_dags/example_bash_decorator.py for tasks to queue
[2025-03-16T19:23:04.486+0000] {logging_mixin.py:190} INFO - [2025-03-16T19:23:04.485+0000] {dagbag.py:588} INFO - Filling up the DagBag from /home/airflow/.local/lib/python3.12/site-packages/airflow/example_dags/example_bash_decorator.py
[2025-03-16T19:23:04.512+0000] {processor.py:925} INFO - DAG(s) 'example_bash_decorator' retrieved from /home/airflow/.local/lib/python3.12/site-packages/airflow/example_dags/example_bash_decorator.py
[2025-03-16T19:23:04.556+0000] {logging_mixin.py:190} INFO - [2025-03-16T19:23:04.555+0000] {dag.py:3239} INFO - Sync 1 DAGs
[2025-03-16T19:23:04.587+0000] {logging_mixin.py:190} INFO - [2025-03-16T19:23:04.586+0000] {dag.py:4180} INFO - Setting next_dagrun for example_bash_decorator to None, run_after=None
[2025-03-16T19:23:04.620+0000] {processor.py:208} INFO - Processing /home/airflow/.local/lib/python3.12/site-packages/airflow/example_dags/example_bash_decorator.py took 0.148 seconds
[2025-03-16T19:23:35.851+0000] {processor.py:186} INFO - Started process (PID=90929) to work on /home/airflow/.local/lib/python3.12/site-packages/airflow/example_dags/example_bash_decorator.py
[2025-03-16T19:23:35.852+0000] {processor.py:914} INFO - Processing file /home/airflow/.local/lib/python3.12/site-packages/airflow/example_dags/example_bash_decorator.py for tasks to queue
[2025-03-16T19:23:35.854+0000] {logging_mixin.py:190} INFO - [2025-03-16T19:23:35.854+0000] {dagbag.py:588} INFO - Filling up the DagBag from /home/airflow/.local/lib/python3.12/site-packages/airflow/example_dags/example_bash_decorator.py
[2025-03-16T19:23:35.882+0000] {processor.py:925} INFO - DAG(s) 'example_bash_decorator' retrieved from /home/airflow/.local/lib/python3.12/site-packages/airflow/example_dags/example_bash_decorator.py
[2025-03-16T19:23:35.940+0000] {logging_mixin.py:190} INFO - [2025-03-16T19:23:35.939+0000] {dag.py:3239} INFO - Sync 1 DAGs
[2025-03-16T19:23:35.967+0000] {logging_mixin.py:190} INFO - [2025-03-16T19:23:35.967+0000] {dag.py:4180} INFO - Setting next_dagrun for example_bash_decorator to None, run_after=None
[2025-03-16T19:23:36.008+0000] {processor.py:208} INFO - Processing /home/airflow/.local/lib/python3.12/site-packages/airflow/example_dags/example_bash_decorator.py took 0.168 seconds
[2025-03-16T19:24:07.188+0000] {processor.py:186} INFO - Started process (PID=90995) to work on /home/airflow/.local/lib/python3.12/site-packages/airflow/example_dags/example_bash_decorator.py
[2025-03-16T19:24:07.191+0000] {processor.py:914} INFO - Processing file /home/airflow/.local/lib/python3.12/site-packages/airflow/example_dags/example_bash_decorator.py for tasks to queue
[2025-03-16T19:24:07.194+0000] {logging_mixin.py:190} INFO - [2025-03-16T19:24:07.193+0000] {dagbag.py:588} INFO - Filling up the DagBag from /home/airflow/.local/lib/python3.12/site-packages/airflow/example_dags/example_bash_decorator.py
[2025-03-16T19:24:07.221+0000] {processor.py:925} INFO - DAG(s) 'example_bash_decorator' retrieved from /home/airflow/.local/lib/python3.12/site-packages/airflow/example_dags/example_bash_decorator.py
[2025-03-16T19:24:07.301+0000] {logging_mixin.py:190} INFO - [2025-03-16T19:24:07.290+0000] {dag.py:3239} INFO - Sync 1 DAGs
[2025-03-16T19:24:07.358+0000] {logging_mixin.py:190} INFO - [2025-03-16T19:24:07.357+0000] {dag.py:4180} INFO - Setting next_dagrun for example_bash_decorator to None, run_after=None
[2025-03-16T19:24:07.401+0000] {processor.py:208} INFO - Processing /home/airflow/.local/lib/python3.12/site-packages/airflow/example_dags/example_bash_decorator.py took 0.221 seconds
[2025-03-16T19:24:38.882+0000] {processor.py:186} INFO - Started process (PID=91058) to work on /home/airflow/.local/lib/python3.12/site-packages/airflow/example_dags/example_bash_decorator.py
[2025-03-16T19:24:38.885+0000] {processor.py:914} INFO - Processing file /home/airflow/.local/lib/python3.12/site-packages/airflow/example_dags/example_bash_decorator.py for tasks to queue
[2025-03-16T19:24:38.888+0000] {logging_mixin.py:190} INFO - [2025-03-16T19:24:38.887+0000] {dagbag.py:588} INFO - Filling up the DagBag from /home/airflow/.local/lib/python3.12/site-packages/airflow/example_dags/example_bash_decorator.py
[2025-03-16T19:24:38.913+0000] {processor.py:925} INFO - DAG(s) 'example_bash_decorator' retrieved from /home/airflow/.local/lib/python3.12/site-packages/airflow/example_dags/example_bash_decorator.py
[2025-03-16T19:24:38.957+0000] {logging_mixin.py:190} INFO - [2025-03-16T19:24:38.957+0000] {dag.py:3239} INFO - Sync 1 DAGs
[2025-03-16T19:24:38.983+0000] {logging_mixin.py:190} INFO - [2025-03-16T19:24:38.982+0000] {dag.py:4180} INFO - Setting next_dagrun for example_bash_decorator to None, run_after=None
[2025-03-16T19:24:39.017+0000] {processor.py:208} INFO - Processing /home/airflow/.local/lib/python3.12/site-packages/airflow/example_dags/example_bash_decorator.py took 0.143 seconds
[2025-03-16T19:25:11.600+0000] {processor.py:186} INFO - Started process (PID=91127) to work on /home/airflow/.local/lib/python3.12/site-packages/airflow/example_dags/example_bash_decorator.py
[2025-03-16T19:25:11.603+0000] {processor.py:914} INFO - Processing file /home/airflow/.local/lib/python3.12/site-packages/airflow/example_dags/example_bash_decorator.py for tasks to queue
[2025-03-16T19:25:11.605+0000] {logging_mixin.py:190} INFO - [2025-03-16T19:25:11.605+0000] {dagbag.py:588} INFO - Filling up the DagBag from /home/airflow/.local/lib/python3.12/site-packages/airflow/example_dags/example_bash_decorator.py
[2025-03-16T19:25:11.631+0000] {processor.py:925} INFO - DAG(s) 'example_bash_decorator' retrieved from /home/airflow/.local/lib/python3.12/site-packages/airflow/example_dags/example_bash_decorator.py
[2025-03-16T19:25:11.675+0000] {logging_mixin.py:190} INFO - [2025-03-16T19:25:11.675+0000] {dag.py:3239} INFO - Sync 1 DAGs
[2025-03-16T19:25:11.700+0000] {logging_mixin.py:190} INFO - [2025-03-16T19:25:11.699+0000] {dag.py:4180} INFO - Setting next_dagrun for example_bash_decorator to None, run_after=None
[2025-03-16T19:25:11.733+0000] {processor.py:208} INFO - Processing /home/airflow/.local/lib/python3.12/site-packages/airflow/example_dags/example_bash_decorator.py took 0.143 seconds
[2025-03-16T19:25:43.089+0000] {processor.py:186} INFO - Started process (PID=91191) to work on /home/airflow/.local/lib/python3.12/site-packages/airflow/example_dags/example_bash_decorator.py
[2025-03-16T19:25:43.091+0000] {processor.py:914} INFO - Processing file /home/airflow/.local/lib/python3.12/site-packages/airflow/example_dags/example_bash_decorator.py for tasks to queue
[2025-03-16T19:25:43.095+0000] {logging_mixin.py:190} INFO - [2025-03-16T19:25:43.094+0000] {dagbag.py:588} INFO - Filling up the DagBag from /home/airflow/.local/lib/python3.12/site-packages/airflow/example_dags/example_bash_decorator.py
[2025-03-16T19:25:43.118+0000] {processor.py:925} INFO - DAG(s) 'example_bash_decorator' retrieved from /home/airflow/.local/lib/python3.12/site-packages/airflow/example_dags/example_bash_decorator.py
[2025-03-16T19:25:43.159+0000] {logging_mixin.py:190} INFO - [2025-03-16T19:25:43.159+0000] {dag.py:3239} INFO - Sync 1 DAGs
[2025-03-16T19:25:43.188+0000] {logging_mixin.py:190} INFO - [2025-03-16T19:25:43.188+0000] {dag.py:4180} INFO - Setting next_dagrun for example_bash_decorator to None, run_after=None
[2025-03-16T19:25:43.224+0000] {processor.py:208} INFO - Processing /home/airflow/.local/lib/python3.12/site-packages/airflow/example_dags/example_bash_decorator.py took 0.144 seconds
[2025-03-16T19:26:14.363+0000] {processor.py:186} INFO - Started process (PID=91256) to work on /home/airflow/.local/lib/python3.12/site-packages/airflow/example_dags/example_bash_decorator.py
[2025-03-16T19:26:14.364+0000] {processor.py:914} INFO - Processing file /home/airflow/.local/lib/python3.12/site-packages/airflow/example_dags/example_bash_decorator.py for tasks to queue
[2025-03-16T19:26:14.367+0000] {logging_mixin.py:190} INFO - [2025-03-16T19:26:14.366+0000] {dagbag.py:588} INFO - Filling up the DagBag from /home/airflow/.local/lib/python3.12/site-packages/airflow/example_dags/example_bash_decorator.py
[2025-03-16T19:26:14.402+0000] {processor.py:925} INFO - DAG(s) 'example_bash_decorator' retrieved from /home/airflow/.local/lib/python3.12/site-packages/airflow/example_dags/example_bash_decorator.py
[2025-03-16T19:26:14.446+0000] {logging_mixin.py:190} INFO - [2025-03-16T19:26:14.445+0000] {dag.py:3239} INFO - Sync 1 DAGs
[2025-03-16T19:26:14.472+0000] {logging_mixin.py:190} INFO - [2025-03-16T19:26:14.471+0000] {dag.py:4180} INFO - Setting next_dagrun for example_bash_decorator to None, run_after=None
[2025-03-16T19:26:14.503+0000] {processor.py:208} INFO - Processing /home/airflow/.local/lib/python3.12/site-packages/airflow/example_dags/example_bash_decorator.py took 0.151 seconds
[2025-03-16T19:26:46.334+0000] {processor.py:186} INFO - Started process (PID=91325) to work on /home/airflow/.local/lib/python3.12/site-packages/airflow/example_dags/example_bash_decorator.py
[2025-03-16T19:26:46.336+0000] {processor.py:914} INFO - Processing file /home/airflow/.local/lib/python3.12/site-packages/airflow/example_dags/example_bash_decorator.py for tasks to queue
[2025-03-16T19:26:46.339+0000] {logging_mixin.py:190} INFO - [2025-03-16T19:26:46.339+0000] {dagbag.py:588} INFO - Filling up the DagBag from /home/airflow/.local/lib/python3.12/site-packages/airflow/example_dags/example_bash_decorator.py
[2025-03-16T19:26:46.366+0000] {processor.py:925} INFO - DAG(s) 'example_bash_decorator' retrieved from /home/airflow/.local/lib/python3.12/site-packages/airflow/example_dags/example_bash_decorator.py
[2025-03-16T19:26:46.407+0000] {logging_mixin.py:190} INFO - [2025-03-16T19:26:46.406+0000] {dag.py:3239} INFO - Sync 1 DAGs
[2025-03-16T19:26:46.433+0000] {logging_mixin.py:190} INFO - [2025-03-16T19:26:46.433+0000] {dag.py:4180} INFO - Setting next_dagrun for example_bash_decorator to None, run_after=None
[2025-03-16T19:26:46.469+0000] {processor.py:208} INFO - Processing /home/airflow/.local/lib/python3.12/site-packages/airflow/example_dags/example_bash_decorator.py took 0.144 seconds
[2025-03-16T19:27:17.506+0000] {processor.py:186} INFO - Started process (PID=91389) to work on /home/airflow/.local/lib/python3.12/site-packages/airflow/example_dags/example_bash_decorator.py
[2025-03-16T19:27:17.508+0000] {processor.py:914} INFO - Processing file /home/airflow/.local/lib/python3.12/site-packages/airflow/example_dags/example_bash_decorator.py for tasks to queue
[2025-03-16T19:27:17.511+0000] {logging_mixin.py:190} INFO - [2025-03-16T19:27:17.510+0000] {dagbag.py:588} INFO - Filling up the DagBag from /home/airflow/.local/lib/python3.12/site-packages/airflow/example_dags/example_bash_decorator.py
[2025-03-16T19:27:17.534+0000] {processor.py:925} INFO - DAG(s) 'example_bash_decorator' retrieved from /home/airflow/.local/lib/python3.12/site-packages/airflow/example_dags/example_bash_decorator.py
[2025-03-16T19:27:17.574+0000] {logging_mixin.py:190} INFO - [2025-03-16T19:27:17.573+0000] {dag.py:3239} INFO - Sync 1 DAGs
[2025-03-16T19:27:17.598+0000] {logging_mixin.py:190} INFO - [2025-03-16T19:27:17.597+0000] {dag.py:4180} INFO - Setting next_dagrun for example_bash_decorator to None, run_after=None
[2025-03-16T19:27:17.630+0000] {processor.py:208} INFO - Processing /home/airflow/.local/lib/python3.12/site-packages/airflow/example_dags/example_bash_decorator.py took 0.132 seconds
[2025-03-16T19:27:49.515+0000] {processor.py:186} INFO - Started process (PID=91454) to work on /home/airflow/.local/lib/python3.12/site-packages/airflow/example_dags/example_bash_decorator.py
[2025-03-16T19:27:49.517+0000] {processor.py:914} INFO - Processing file /home/airflow/.local/lib/python3.12/site-packages/airflow/example_dags/example_bash_decorator.py for tasks to queue
[2025-03-16T19:27:49.520+0000] {logging_mixin.py:190} INFO - [2025-03-16T19:27:49.519+0000] {dagbag.py:588} INFO - Filling up the DagBag from /home/airflow/.local/lib/python3.12/site-packages/airflow/example_dags/example_bash_decorator.py
[2025-03-16T19:27:49.548+0000] {processor.py:925} INFO - DAG(s) 'example_bash_decorator' retrieved from /home/airflow/.local/lib/python3.12/site-packages/airflow/example_dags/example_bash_decorator.py
[2025-03-16T19:27:49.589+0000] {logging_mixin.py:190} INFO - [2025-03-16T19:27:49.589+0000] {dag.py:3239} INFO - Sync 1 DAGs
[2025-03-16T19:27:49.617+0000] {logging_mixin.py:190} INFO - [2025-03-16T19:27:49.616+0000] {dag.py:4180} INFO - Setting next_dagrun for example_bash_decorator to None, run_after=None
[2025-03-16T19:27:49.933+0000] {processor.py:208} INFO - Processing /home/airflow/.local/lib/python3.12/site-packages/airflow/example_dags/example_bash_decorator.py took 0.431 seconds
[2025-03-16T19:28:20.111+0000] {processor.py:186} INFO - Started process (PID=91518) to work on /home/airflow/.local/lib/python3.12/site-packages/airflow/example_dags/example_bash_decorator.py
[2025-03-16T19:28:20.113+0000] {processor.py:914} INFO - Processing file /home/airflow/.local/lib/python3.12/site-packages/airflow/example_dags/example_bash_decorator.py for tasks to queue
[2025-03-16T19:28:20.115+0000] {logging_mixin.py:190} INFO - [2025-03-16T19:28:20.115+0000] {dagbag.py:588} INFO - Filling up the DagBag from /home/airflow/.local/lib/python3.12/site-packages/airflow/example_dags/example_bash_decorator.py
[2025-03-16T19:28:20.141+0000] {processor.py:925} INFO - DAG(s) 'example_bash_decorator' retrieved from /home/airflow/.local/lib/python3.12/site-packages/airflow/example_dags/example_bash_decorator.py
[2025-03-16T19:28:20.182+0000] {logging_mixin.py:190} INFO - [2025-03-16T19:28:20.181+0000] {dag.py:3239} INFO - Sync 1 DAGs
[2025-03-16T19:28:20.209+0000] {logging_mixin.py:190} INFO - [2025-03-16T19:28:20.209+0000] {dag.py:4180} INFO - Setting next_dagrun for example_bash_decorator to None, run_after=None
[2025-03-16T19:28:20.505+0000] {processor.py:208} INFO - Processing /home/airflow/.local/lib/python3.12/site-packages/airflow/example_dags/example_bash_decorator.py took 0.403 seconds
[2025-03-16T19:28:52.286+0000] {processor.py:186} INFO - Started process (PID=91584) to work on /home/airflow/.local/lib/python3.12/site-packages/airflow/example_dags/example_bash_decorator.py
[2025-03-16T19:28:52.288+0000] {processor.py:914} INFO - Processing file /home/airflow/.local/lib/python3.12/site-packages/airflow/example_dags/example_bash_decorator.py for tasks to queue
[2025-03-16T19:28:52.290+0000] {logging_mixin.py:190} INFO - [2025-03-16T19:28:52.289+0000] {dagbag.py:588} INFO - Filling up the DagBag from /home/airflow/.local/lib/python3.12/site-packages/airflow/example_dags/example_bash_decorator.py
[2025-03-16T19:28:52.321+0000] {processor.py:925} INFO - DAG(s) 'example_bash_decorator' retrieved from /home/airflow/.local/lib/python3.12/site-packages/airflow/example_dags/example_bash_decorator.py
[2025-03-16T19:28:52.385+0000] {logging_mixin.py:190} INFO - [2025-03-16T19:28:52.384+0000] {dag.py:3239} INFO - Sync 1 DAGs
[2025-03-16T19:28:52.422+0000] {logging_mixin.py:190} INFO - [2025-03-16T19:28:52.422+0000] {dag.py:4180} INFO - Setting next_dagrun for example_bash_decorator to None, run_after=None
[2025-03-16T19:28:52.464+0000] {processor.py:208} INFO - Processing /home/airflow/.local/lib/python3.12/site-packages/airflow/example_dags/example_bash_decorator.py took 0.190 seconds
[2025-03-16T19:29:23.620+0000] {processor.py:186} INFO - Started process (PID=91650) to work on /home/airflow/.local/lib/python3.12/site-packages/airflow/example_dags/example_bash_decorator.py
[2025-03-16T19:29:23.622+0000] {processor.py:914} INFO - Processing file /home/airflow/.local/lib/python3.12/site-packages/airflow/example_dags/example_bash_decorator.py for tasks to queue
[2025-03-16T19:29:23.624+0000] {logging_mixin.py:190} INFO - [2025-03-16T19:29:23.623+0000] {dagbag.py:588} INFO - Filling up the DagBag from /home/airflow/.local/lib/python3.12/site-packages/airflow/example_dags/example_bash_decorator.py
[2025-03-16T19:29:23.653+0000] {processor.py:925} INFO - DAG(s) 'example_bash_decorator' retrieved from /home/airflow/.local/lib/python3.12/site-packages/airflow/example_dags/example_bash_decorator.py
[2025-03-16T19:29:23.700+0000] {logging_mixin.py:190} INFO - [2025-03-16T19:29:23.700+0000] {dag.py:3239} INFO - Sync 1 DAGs
[2025-03-16T19:29:23.734+0000] {logging_mixin.py:190} INFO - [2025-03-16T19:29:23.734+0000] {dag.py:4180} INFO - Setting next_dagrun for example_bash_decorator to None, run_after=None
[2025-03-16T19:29:23.769+0000] {processor.py:208} INFO - Processing /home/airflow/.local/lib/python3.12/site-packages/airflow/example_dags/example_bash_decorator.py took 0.161 seconds
[2025-03-16T19:29:56.949+0000] {processor.py:186} INFO - Started process (PID=91724) to work on /home/airflow/.local/lib/python3.12/site-packages/airflow/example_dags/example_bash_decorator.py
[2025-03-16T19:29:56.950+0000] {processor.py:914} INFO - Processing file /home/airflow/.local/lib/python3.12/site-packages/airflow/example_dags/example_bash_decorator.py for tasks to queue
[2025-03-16T19:29:56.954+0000] {logging_mixin.py:190} INFO - [2025-03-16T19:29:56.952+0000] {dagbag.py:588} INFO - Filling up the DagBag from /home/airflow/.local/lib/python3.12/site-packages/airflow/example_dags/example_bash_decorator.py
[2025-03-16T19:29:56.979+0000] {processor.py:925} INFO - DAG(s) 'example_bash_decorator' retrieved from /home/airflow/.local/lib/python3.12/site-packages/airflow/example_dags/example_bash_decorator.py
[2025-03-16T19:29:57.025+0000] {logging_mixin.py:190} INFO - [2025-03-16T19:29:57.025+0000] {dag.py:3239} INFO - Sync 1 DAGs
[2025-03-16T19:29:57.051+0000] {logging_mixin.py:190} INFO - [2025-03-16T19:29:57.050+0000] {dag.py:4180} INFO - Setting next_dagrun for example_bash_decorator to None, run_after=None
[2025-03-16T19:29:57.084+0000] {processor.py:208} INFO - Processing /home/airflow/.local/lib/python3.12/site-packages/airflow/example_dags/example_bash_decorator.py took 0.144 seconds
[2025-03-16T19:30:27.280+0000] {processor.py:186} INFO - Started process (PID=91787) to work on /home/airflow/.local/lib/python3.12/site-packages/airflow/example_dags/example_bash_decorator.py
[2025-03-16T19:30:27.282+0000] {processor.py:914} INFO - Processing file /home/airflow/.local/lib/python3.12/site-packages/airflow/example_dags/example_bash_decorator.py for tasks to queue
[2025-03-16T19:30:27.285+0000] {logging_mixin.py:190} INFO - [2025-03-16T19:30:27.285+0000] {dagbag.py:588} INFO - Filling up the DagBag from /home/airflow/.local/lib/python3.12/site-packages/airflow/example_dags/example_bash_decorator.py
[2025-03-16T19:30:27.311+0000] {processor.py:925} INFO - DAG(s) 'example_bash_decorator' retrieved from /home/airflow/.local/lib/python3.12/site-packages/airflow/example_dags/example_bash_decorator.py
[2025-03-16T19:30:27.354+0000] {logging_mixin.py:190} INFO - [2025-03-16T19:30:27.353+0000] {dag.py:3239} INFO - Sync 1 DAGs
[2025-03-16T19:30:27.381+0000] {logging_mixin.py:190} INFO - [2025-03-16T19:30:27.381+0000] {dag.py:4180} INFO - Setting next_dagrun for example_bash_decorator to None, run_after=None
[2025-03-16T19:30:27.414+0000] {processor.py:208} INFO - Processing /home/airflow/.local/lib/python3.12/site-packages/airflow/example_dags/example_bash_decorator.py took 0.144 seconds
[2025-03-16T19:30:57.522+0000] {processor.py:186} INFO - Started process (PID=91851) to work on /home/airflow/.local/lib/python3.12/site-packages/airflow/example_dags/example_bash_decorator.py
[2025-03-16T19:30:57.523+0000] {processor.py:914} INFO - Processing file /home/airflow/.local/lib/python3.12/site-packages/airflow/example_dags/example_bash_decorator.py for tasks to queue
[2025-03-16T19:30:57.529+0000] {logging_mixin.py:190} INFO - [2025-03-16T19:30:57.527+0000] {dagbag.py:588} INFO - Filling up the DagBag from /home/airflow/.local/lib/python3.12/site-packages/airflow/example_dags/example_bash_decorator.py
[2025-03-16T19:30:57.554+0000] {processor.py:925} INFO - DAG(s) 'example_bash_decorator' retrieved from /home/airflow/.local/lib/python3.12/site-packages/airflow/example_dags/example_bash_decorator.py
[2025-03-16T19:30:57.602+0000] {logging_mixin.py:190} INFO - [2025-03-16T19:30:57.602+0000] {dag.py:3239} INFO - Sync 1 DAGs
[2025-03-16T19:30:57.631+0000] {logging_mixin.py:190} INFO - [2025-03-16T19:30:57.631+0000] {dag.py:4180} INFO - Setting next_dagrun for example_bash_decorator to None, run_after=None
[2025-03-16T19:30:57.663+0000] {processor.py:208} INFO - Processing /home/airflow/.local/lib/python3.12/site-packages/airflow/example_dags/example_bash_decorator.py took 0.151 seconds
[2025-03-16T19:31:27.778+0000] {processor.py:186} INFO - Started process (PID=91915) to work on /home/airflow/.local/lib/python3.12/site-packages/airflow/example_dags/example_bash_decorator.py
[2025-03-16T19:31:27.779+0000] {processor.py:914} INFO - Processing file /home/airflow/.local/lib/python3.12/site-packages/airflow/example_dags/example_bash_decorator.py for tasks to queue
[2025-03-16T19:31:27.781+0000] {logging_mixin.py:190} INFO - [2025-03-16T19:31:27.781+0000] {dagbag.py:588} INFO - Filling up the DagBag from /home/airflow/.local/lib/python3.12/site-packages/airflow/example_dags/example_bash_decorator.py
[2025-03-16T19:31:27.808+0000] {processor.py:925} INFO - DAG(s) 'example_bash_decorator' retrieved from /home/airflow/.local/lib/python3.12/site-packages/airflow/example_dags/example_bash_decorator.py
[2025-03-16T19:31:27.848+0000] {logging_mixin.py:190} INFO - [2025-03-16T19:31:27.848+0000] {dag.py:3239} INFO - Sync 1 DAGs
[2025-03-16T19:31:27.874+0000] {logging_mixin.py:190} INFO - [2025-03-16T19:31:27.874+0000] {dag.py:4180} INFO - Setting next_dagrun for example_bash_decorator to None, run_after=None
[2025-03-16T19:31:27.911+0000] {processor.py:208} INFO - Processing /home/airflow/.local/lib/python3.12/site-packages/airflow/example_dags/example_bash_decorator.py took 0.145 seconds
[2025-03-16T19:31:58.356+0000] {processor.py:186} INFO - Started process (PID=91979) to work on /home/airflow/.local/lib/python3.12/site-packages/airflow/example_dags/example_bash_decorator.py
[2025-03-16T19:31:58.358+0000] {processor.py:914} INFO - Processing file /home/airflow/.local/lib/python3.12/site-packages/airflow/example_dags/example_bash_decorator.py for tasks to queue
[2025-03-16T19:31:58.362+0000] {logging_mixin.py:190} INFO - [2025-03-16T19:31:58.360+0000] {dagbag.py:588} INFO - Filling up the DagBag from /home/airflow/.local/lib/python3.12/site-packages/airflow/example_dags/example_bash_decorator.py
[2025-03-16T19:31:58.388+0000] {processor.py:925} INFO - DAG(s) 'example_bash_decorator' retrieved from /home/airflow/.local/lib/python3.12/site-packages/airflow/example_dags/example_bash_decorator.py
[2025-03-16T19:31:58.434+0000] {logging_mixin.py:190} INFO - [2025-03-16T19:31:58.434+0000] {dag.py:3239} INFO - Sync 1 DAGs
[2025-03-16T19:31:58.459+0000] {logging_mixin.py:190} INFO - [2025-03-16T19:31:58.459+0000] {dag.py:4180} INFO - Setting next_dagrun for example_bash_decorator to None, run_after=None
[2025-03-16T19:31:58.492+0000] {processor.py:208} INFO - Processing /home/airflow/.local/lib/python3.12/site-packages/airflow/example_dags/example_bash_decorator.py took 0.145 seconds
[2025-03-16T19:32:29.039+0000] {processor.py:186} INFO - Started process (PID=92043) to work on /home/airflow/.local/lib/python3.12/site-packages/airflow/example_dags/example_bash_decorator.py
[2025-03-16T19:32:29.041+0000] {processor.py:914} INFO - Processing file /home/airflow/.local/lib/python3.12/site-packages/airflow/example_dags/example_bash_decorator.py for tasks to queue
[2025-03-16T19:32:29.043+0000] {logging_mixin.py:190} INFO - [2025-03-16T19:32:29.043+0000] {dagbag.py:588} INFO - Filling up the DagBag from /home/airflow/.local/lib/python3.12/site-packages/airflow/example_dags/example_bash_decorator.py
[2025-03-16T19:32:29.069+0000] {processor.py:925} INFO - DAG(s) 'example_bash_decorator' retrieved from /home/airflow/.local/lib/python3.12/site-packages/airflow/example_dags/example_bash_decorator.py
[2025-03-16T19:32:29.112+0000] {logging_mixin.py:190} INFO - [2025-03-16T19:32:29.112+0000] {dag.py:3239} INFO - Sync 1 DAGs
[2025-03-16T19:32:29.141+0000] {logging_mixin.py:190} INFO - [2025-03-16T19:32:29.141+0000] {dag.py:4180} INFO - Setting next_dagrun for example_bash_decorator to None, run_after=None
[2025-03-16T19:32:29.175+0000] {processor.py:208} INFO - Processing /home/airflow/.local/lib/python3.12/site-packages/airflow/example_dags/example_bash_decorator.py took 0.145 seconds
[2025-03-16T19:32:59.834+0000] {processor.py:186} INFO - Started process (PID=92106) to work on /home/airflow/.local/lib/python3.12/site-packages/airflow/example_dags/example_bash_decorator.py
[2025-03-16T19:32:59.835+0000] {processor.py:914} INFO - Processing file /home/airflow/.local/lib/python3.12/site-packages/airflow/example_dags/example_bash_decorator.py for tasks to queue
[2025-03-16T19:32:59.837+0000] {logging_mixin.py:190} INFO - [2025-03-16T19:32:59.837+0000] {dagbag.py:588} INFO - Filling up the DagBag from /home/airflow/.local/lib/python3.12/site-packages/airflow/example_dags/example_bash_decorator.py
[2025-03-16T19:32:59.865+0000] {processor.py:925} INFO - DAG(s) 'example_bash_decorator' retrieved from /home/airflow/.local/lib/python3.12/site-packages/airflow/example_dags/example_bash_decorator.py
[2025-03-16T19:32:59.927+0000] {logging_mixin.py:190} INFO - [2025-03-16T19:32:59.927+0000] {dag.py:3239} INFO - Sync 1 DAGs
[2025-03-16T19:32:59.972+0000] {logging_mixin.py:190} INFO - [2025-03-16T19:32:59.972+0000] {dag.py:4180} INFO - Setting next_dagrun for example_bash_decorator to None, run_after=None
[2025-03-16T19:33:00.006+0000] {processor.py:208} INFO - Processing /home/airflow/.local/lib/python3.12/site-packages/airflow/example_dags/example_bash_decorator.py took 0.183 seconds
[2025-03-16T19:33:30.361+0000] {processor.py:186} INFO - Started process (PID=92170) to work on /home/airflow/.local/lib/python3.12/site-packages/airflow/example_dags/example_bash_decorator.py
[2025-03-16T19:33:30.363+0000] {processor.py:914} INFO - Processing file /home/airflow/.local/lib/python3.12/site-packages/airflow/example_dags/example_bash_decorator.py for tasks to queue
[2025-03-16T19:33:30.367+0000] {logging_mixin.py:190} INFO - [2025-03-16T19:33:30.367+0000] {dagbag.py:588} INFO - Filling up the DagBag from /home/airflow/.local/lib/python3.12/site-packages/airflow/example_dags/example_bash_decorator.py
[2025-03-16T19:33:30.390+0000] {processor.py:925} INFO - DAG(s) 'example_bash_decorator' retrieved from /home/airflow/.local/lib/python3.12/site-packages/airflow/example_dags/example_bash_decorator.py
[2025-03-16T19:33:30.448+0000] {logging_mixin.py:190} INFO - [2025-03-16T19:33:30.447+0000] {dag.py:3239} INFO - Sync 1 DAGs
[2025-03-16T19:33:30.471+0000] {logging_mixin.py:190} INFO - [2025-03-16T19:33:30.471+0000] {dag.py:4180} INFO - Setting next_dagrun for example_bash_decorator to None, run_after=None
[2025-03-16T19:33:30.501+0000] {processor.py:208} INFO - Processing /home/airflow/.local/lib/python3.12/site-packages/airflow/example_dags/example_bash_decorator.py took 0.148 seconds
[2025-03-16T19:34:00.877+0000] {processor.py:186} INFO - Started process (PID=92234) to work on /home/airflow/.local/lib/python3.12/site-packages/airflow/example_dags/example_bash_decorator.py
[2025-03-16T19:34:00.879+0000] {processor.py:914} INFO - Processing file /home/airflow/.local/lib/python3.12/site-packages/airflow/example_dags/example_bash_decorator.py for tasks to queue
[2025-03-16T19:34:00.881+0000] {logging_mixin.py:190} INFO - [2025-03-16T19:34:00.881+0000] {dagbag.py:588} INFO - Filling up the DagBag from /home/airflow/.local/lib/python3.12/site-packages/airflow/example_dags/example_bash_decorator.py
[2025-03-16T19:34:00.908+0000] {processor.py:925} INFO - DAG(s) 'example_bash_decorator' retrieved from /home/airflow/.local/lib/python3.12/site-packages/airflow/example_dags/example_bash_decorator.py
[2025-03-16T19:34:00.951+0000] {logging_mixin.py:190} INFO - [2025-03-16T19:34:00.951+0000] {dag.py:3239} INFO - Sync 1 DAGs
[2025-03-16T19:34:00.980+0000] {logging_mixin.py:190} INFO - [2025-03-16T19:34:00.979+0000] {dag.py:4180} INFO - Setting next_dagrun for example_bash_decorator to None, run_after=None
[2025-03-16T19:34:01.016+0000] {processor.py:208} INFO - Processing /home/airflow/.local/lib/python3.12/site-packages/airflow/example_dags/example_bash_decorator.py took 0.150 seconds
[2025-03-16T19:34:32.037+0000] {processor.py:186} INFO - Started process (PID=92298) to work on /home/airflow/.local/lib/python3.12/site-packages/airflow/example_dags/example_bash_decorator.py
[2025-03-16T19:34:32.039+0000] {processor.py:914} INFO - Processing file /home/airflow/.local/lib/python3.12/site-packages/airflow/example_dags/example_bash_decorator.py for tasks to queue
[2025-03-16T19:34:32.041+0000] {logging_mixin.py:190} INFO - [2025-03-16T19:34:32.040+0000] {dagbag.py:588} INFO - Filling up the DagBag from /home/airflow/.local/lib/python3.12/site-packages/airflow/example_dags/example_bash_decorator.py
[2025-03-16T19:34:32.061+0000] {processor.py:925} INFO - DAG(s) 'example_bash_decorator' retrieved from /home/airflow/.local/lib/python3.12/site-packages/airflow/example_dags/example_bash_decorator.py
[2025-03-16T19:34:32.095+0000] {logging_mixin.py:190} INFO - [2025-03-16T19:34:32.095+0000] {dag.py:3239} INFO - Sync 1 DAGs
[2025-03-16T19:34:32.116+0000] {logging_mixin.py:190} INFO - [2025-03-16T19:34:32.115+0000] {dag.py:4180} INFO - Setting next_dagrun for example_bash_decorator to None, run_after=None
[2025-03-16T19:34:32.145+0000] {processor.py:208} INFO - Processing /home/airflow/.local/lib/python3.12/site-packages/airflow/example_dags/example_bash_decorator.py took 0.115 seconds
[2025-03-16T19:35:02.464+0000] {processor.py:186} INFO - Started process (PID=92362) to work on /home/airflow/.local/lib/python3.12/site-packages/airflow/example_dags/example_bash_decorator.py
[2025-03-16T19:35:02.466+0000] {processor.py:914} INFO - Processing file /home/airflow/.local/lib/python3.12/site-packages/airflow/example_dags/example_bash_decorator.py for tasks to queue
[2025-03-16T19:35:02.468+0000] {logging_mixin.py:190} INFO - [2025-03-16T19:35:02.467+0000] {dagbag.py:588} INFO - Filling up the DagBag from /home/airflow/.local/lib/python3.12/site-packages/airflow/example_dags/example_bash_decorator.py
[2025-03-16T19:35:02.493+0000] {processor.py:925} INFO - DAG(s) 'example_bash_decorator' retrieved from /home/airflow/.local/lib/python3.12/site-packages/airflow/example_dags/example_bash_decorator.py
[2025-03-16T19:35:02.535+0000] {logging_mixin.py:190} INFO - [2025-03-16T19:35:02.534+0000] {dag.py:3239} INFO - Sync 1 DAGs
[2025-03-16T19:35:02.563+0000] {logging_mixin.py:190} INFO - [2025-03-16T19:35:02.563+0000] {dag.py:4180} INFO - Setting next_dagrun for example_bash_decorator to None, run_after=None
[2025-03-16T19:35:02.607+0000] {processor.py:208} INFO - Processing /home/airflow/.local/lib/python3.12/site-packages/airflow/example_dags/example_bash_decorator.py took 0.153 seconds
[2025-03-16T19:35:32.973+0000] {processor.py:186} INFO - Started process (PID=92425) to work on /home/airflow/.local/lib/python3.12/site-packages/airflow/example_dags/example_bash_decorator.py
[2025-03-16T19:35:32.975+0000] {processor.py:914} INFO - Processing file /home/airflow/.local/lib/python3.12/site-packages/airflow/example_dags/example_bash_decorator.py for tasks to queue
[2025-03-16T19:35:32.977+0000] {logging_mixin.py:190} INFO - [2025-03-16T19:35:32.976+0000] {dagbag.py:588} INFO - Filling up the DagBag from /home/airflow/.local/lib/python3.12/site-packages/airflow/example_dags/example_bash_decorator.py
[2025-03-16T19:35:32.999+0000] {processor.py:925} INFO - DAG(s) 'example_bash_decorator' retrieved from /home/airflow/.local/lib/python3.12/site-packages/airflow/example_dags/example_bash_decorator.py
[2025-03-16T19:35:33.034+0000] {logging_mixin.py:190} INFO - [2025-03-16T19:35:33.033+0000] {dag.py:3239} INFO - Sync 1 DAGs
[2025-03-16T19:35:33.054+0000] {logging_mixin.py:190} INFO - [2025-03-16T19:35:33.053+0000] {dag.py:4180} INFO - Setting next_dagrun for example_bash_decorator to None, run_after=None
[2025-03-16T19:35:33.080+0000] {processor.py:208} INFO - Processing /home/airflow/.local/lib/python3.12/site-packages/airflow/example_dags/example_bash_decorator.py took 0.116 seconds
[2025-03-16T19:36:03.740+0000] {processor.py:186} INFO - Started process (PID=92489) to work on /home/airflow/.local/lib/python3.12/site-packages/airflow/example_dags/example_bash_decorator.py
[2025-03-16T19:36:03.741+0000] {processor.py:914} INFO - Processing file /home/airflow/.local/lib/python3.12/site-packages/airflow/example_dags/example_bash_decorator.py for tasks to queue
[2025-03-16T19:36:03.743+0000] {logging_mixin.py:190} INFO - [2025-03-16T19:36:03.743+0000] {dagbag.py:588} INFO - Filling up the DagBag from /home/airflow/.local/lib/python3.12/site-packages/airflow/example_dags/example_bash_decorator.py
[2025-03-16T19:36:03.769+0000] {processor.py:925} INFO - DAG(s) 'example_bash_decorator' retrieved from /home/airflow/.local/lib/python3.12/site-packages/airflow/example_dags/example_bash_decorator.py
[2025-03-16T19:36:03.819+0000] {logging_mixin.py:190} INFO - [2025-03-16T19:36:03.819+0000] {dag.py:3239} INFO - Sync 1 DAGs
[2025-03-16T19:36:03.847+0000] {logging_mixin.py:190} INFO - [2025-03-16T19:36:03.847+0000] {dag.py:4180} INFO - Setting next_dagrun for example_bash_decorator to None, run_after=None
[2025-03-16T19:36:03.879+0000] {processor.py:208} INFO - Processing /home/airflow/.local/lib/python3.12/site-packages/airflow/example_dags/example_bash_decorator.py took 0.148 seconds
[2025-03-16T19:36:34.186+0000] {processor.py:186} INFO - Started process (PID=92553) to work on /home/airflow/.local/lib/python3.12/site-packages/airflow/example_dags/example_bash_decorator.py
[2025-03-16T19:36:34.187+0000] {processor.py:914} INFO - Processing file /home/airflow/.local/lib/python3.12/site-packages/airflow/example_dags/example_bash_decorator.py for tasks to queue
[2025-03-16T19:36:34.190+0000] {logging_mixin.py:190} INFO - [2025-03-16T19:36:34.189+0000] {dagbag.py:588} INFO - Filling up the DagBag from /home/airflow/.local/lib/python3.12/site-packages/airflow/example_dags/example_bash_decorator.py
[2025-03-16T19:36:34.211+0000] {processor.py:925} INFO - DAG(s) 'example_bash_decorator' retrieved from /home/airflow/.local/lib/python3.12/site-packages/airflow/example_dags/example_bash_decorator.py
[2025-03-16T19:36:34.247+0000] {logging_mixin.py:190} INFO - [2025-03-16T19:36:34.247+0000] {dag.py:3239} INFO - Sync 1 DAGs
[2025-03-16T19:36:34.267+0000] {logging_mixin.py:190} INFO - [2025-03-16T19:36:34.267+0000] {dag.py:4180} INFO - Setting next_dagrun for example_bash_decorator to None, run_after=None
[2025-03-16T19:36:34.297+0000] {processor.py:208} INFO - Processing /home/airflow/.local/lib/python3.12/site-packages/airflow/example_dags/example_bash_decorator.py took 0.120 seconds
[2025-03-16T19:37:04.567+0000] {processor.py:186} INFO - Started process (PID=92617) to work on /home/airflow/.local/lib/python3.12/site-packages/airflow/example_dags/example_bash_decorator.py
[2025-03-16T19:37:04.570+0000] {processor.py:914} INFO - Processing file /home/airflow/.local/lib/python3.12/site-packages/airflow/example_dags/example_bash_decorator.py for tasks to queue
[2025-03-16T19:37:04.572+0000] {logging_mixin.py:190} INFO - [2025-03-16T19:37:04.571+0000] {dagbag.py:588} INFO - Filling up the DagBag from /home/airflow/.local/lib/python3.12/site-packages/airflow/example_dags/example_bash_decorator.py
[2025-03-16T19:37:04.594+0000] {processor.py:925} INFO - DAG(s) 'example_bash_decorator' retrieved from /home/airflow/.local/lib/python3.12/site-packages/airflow/example_dags/example_bash_decorator.py
[2025-03-16T19:37:04.649+0000] {logging_mixin.py:190} INFO - [2025-03-16T19:37:04.649+0000] {dag.py:3239} INFO - Sync 1 DAGs
[2025-03-16T19:37:04.677+0000] {logging_mixin.py:190} INFO - [2025-03-16T19:37:04.677+0000] {dag.py:4180} INFO - Setting next_dagrun for example_bash_decorator to None, run_after=None
[2025-03-16T19:37:04.704+0000] {processor.py:208} INFO - Processing /home/airflow/.local/lib/python3.12/site-packages/airflow/example_dags/example_bash_decorator.py took 0.146 seconds
[2025-03-16T19:37:35.148+0000] {processor.py:186} INFO - Started process (PID=92681) to work on /home/airflow/.local/lib/python3.12/site-packages/airflow/example_dags/example_bash_decorator.py
[2025-03-16T19:37:35.150+0000] {processor.py:914} INFO - Processing file /home/airflow/.local/lib/python3.12/site-packages/airflow/example_dags/example_bash_decorator.py for tasks to queue
[2025-03-16T19:37:35.153+0000] {logging_mixin.py:190} INFO - [2025-03-16T19:37:35.152+0000] {dagbag.py:588} INFO - Filling up the DagBag from /home/airflow/.local/lib/python3.12/site-packages/airflow/example_dags/example_bash_decorator.py
[2025-03-16T19:37:35.183+0000] {processor.py:925} INFO - DAG(s) 'example_bash_decorator' retrieved from /home/airflow/.local/lib/python3.12/site-packages/airflow/example_dags/example_bash_decorator.py
[2025-03-16T19:37:35.226+0000] {logging_mixin.py:190} INFO - [2025-03-16T19:37:35.225+0000] {dag.py:3239} INFO - Sync 1 DAGs
[2025-03-16T19:37:35.249+0000] {logging_mixin.py:190} INFO - [2025-03-16T19:37:35.249+0000] {dag.py:4180} INFO - Setting next_dagrun for example_bash_decorator to None, run_after=None
[2025-03-16T19:37:35.279+0000] {processor.py:208} INFO - Processing /home/airflow/.local/lib/python3.12/site-packages/airflow/example_dags/example_bash_decorator.py took 0.140 seconds
[2025-03-16T19:38:05.489+0000] {processor.py:186} INFO - Started process (PID=92745) to work on /home/airflow/.local/lib/python3.12/site-packages/airflow/example_dags/example_bash_decorator.py
[2025-03-16T19:38:05.491+0000] {processor.py:914} INFO - Processing file /home/airflow/.local/lib/python3.12/site-packages/airflow/example_dags/example_bash_decorator.py for tasks to queue
[2025-03-16T19:38:05.500+0000] {logging_mixin.py:190} INFO - [2025-03-16T19:38:05.492+0000] {dagbag.py:588} INFO - Filling up the DagBag from /home/airflow/.local/lib/python3.12/site-packages/airflow/example_dags/example_bash_decorator.py
[2025-03-16T19:38:05.523+0000] {processor.py:925} INFO - DAG(s) 'example_bash_decorator' retrieved from /home/airflow/.local/lib/python3.12/site-packages/airflow/example_dags/example_bash_decorator.py
[2025-03-16T19:38:05.559+0000] {logging_mixin.py:190} INFO - [2025-03-16T19:38:05.559+0000] {dag.py:3239} INFO - Sync 1 DAGs
[2025-03-16T19:38:05.582+0000] {logging_mixin.py:190} INFO - [2025-03-16T19:38:05.582+0000] {dag.py:4180} INFO - Setting next_dagrun for example_bash_decorator to None, run_after=None
[2025-03-16T19:38:05.614+0000] {processor.py:208} INFO - Processing /home/airflow/.local/lib/python3.12/site-packages/airflow/example_dags/example_bash_decorator.py took 0.126 seconds
[2025-03-16T19:38:35.891+0000] {processor.py:186} INFO - Started process (PID=92809) to work on /home/airflow/.local/lib/python3.12/site-packages/airflow/example_dags/example_bash_decorator.py
[2025-03-16T19:38:35.893+0000] {processor.py:914} INFO - Processing file /home/airflow/.local/lib/python3.12/site-packages/airflow/example_dags/example_bash_decorator.py for tasks to queue
[2025-03-16T19:38:35.895+0000] {logging_mixin.py:190} INFO - [2025-03-16T19:38:35.894+0000] {dagbag.py:588} INFO - Filling up the DagBag from /home/airflow/.local/lib/python3.12/site-packages/airflow/example_dags/example_bash_decorator.py
[2025-03-16T19:38:35.923+0000] {processor.py:925} INFO - DAG(s) 'example_bash_decorator' retrieved from /home/airflow/.local/lib/python3.12/site-packages/airflow/example_dags/example_bash_decorator.py
[2025-03-16T19:38:35.968+0000] {logging_mixin.py:190} INFO - [2025-03-16T19:38:35.967+0000] {dag.py:3239} INFO - Sync 1 DAGs
[2025-03-16T19:38:35.992+0000] {logging_mixin.py:190} INFO - [2025-03-16T19:38:35.992+0000] {dag.py:4180} INFO - Setting next_dagrun for example_bash_decorator to None, run_after=None
[2025-03-16T19:38:36.023+0000] {processor.py:208} INFO - Processing /home/airflow/.local/lib/python3.12/site-packages/airflow/example_dags/example_bash_decorator.py took 0.141 seconds
[2025-03-16T19:39:06.473+0000] {processor.py:186} INFO - Started process (PID=92872) to work on /home/airflow/.local/lib/python3.12/site-packages/airflow/example_dags/example_bash_decorator.py
[2025-03-16T19:39:06.475+0000] {processor.py:914} INFO - Processing file /home/airflow/.local/lib/python3.12/site-packages/airflow/example_dags/example_bash_decorator.py for tasks to queue
[2025-03-16T19:39:06.478+0000] {logging_mixin.py:190} INFO - [2025-03-16T19:39:06.477+0000] {dagbag.py:588} INFO - Filling up the DagBag from /home/airflow/.local/lib/python3.12/site-packages/airflow/example_dags/example_bash_decorator.py
[2025-03-16T19:39:06.514+0000] {processor.py:925} INFO - DAG(s) 'example_bash_decorator' retrieved from /home/airflow/.local/lib/python3.12/site-packages/airflow/example_dags/example_bash_decorator.py
[2025-03-16T19:39:06.562+0000] {logging_mixin.py:190} INFO - [2025-03-16T19:39:06.561+0000] {dag.py:3239} INFO - Sync 1 DAGs
[2025-03-16T19:39:06.592+0000] {logging_mixin.py:190} INFO - [2025-03-16T19:39:06.591+0000] {dag.py:4180} INFO - Setting next_dagrun for example_bash_decorator to None, run_after=None
[2025-03-16T19:39:06.634+0000] {processor.py:208} INFO - Processing /home/airflow/.local/lib/python3.12/site-packages/airflow/example_dags/example_bash_decorator.py took 0.172 seconds
