[2025-03-16T19:07:49.831+0000] {processor.py:186} INFO - Started process (PID=88939) to work on /home/airflow/.local/lib/python3.12/site-packages/airflow/example_dags/example_branch_labels.py
[2025-03-16T19:07:49.836+0000] {processor.py:914} INFO - Processing file /home/airflow/.local/lib/python3.12/site-packages/airflow/example_dags/example_branch_labels.py for tasks to queue
[2025-03-16T19:07:49.848+0000] {logging_mixin.py:190} INFO - [2025-03-16T19:07:49.848+0000] {dagbag.py:588} INFO - Filling up the DagBag from /home/airflow/.local/lib/python3.12/site-packages/airflow/example_dags/example_branch_labels.py
[2025-03-16T19:07:49.877+0000] {processor.py:925} INFO - DAG(s) 'example_branch_labels' retrieved from /home/airflow/.local/lib/python3.12/site-packages/airflow/example_dags/example_branch_labels.py
[2025-03-16T19:07:50.142+0000] {logging_mixin.py:190} INFO - [2025-03-16T19:07:50.141+0000] {dag.py:3239} INFO - Sync 1 DAGs
[2025-03-16T19:07:50.224+0000] {logging_mixin.py:190} INFO - [2025-03-16T19:07:50.223+0000] {dag.py:4180} INFO - Setting next_dagrun for example_branch_labels to 2025-03-15 00:00:00+00:00, run_after=2025-03-16 00:00:00+00:00
[2025-03-16T19:07:50.291+0000] {processor.py:208} INFO - Processing /home/airflow/.local/lib/python3.12/site-packages/airflow/example_dags/example_branch_labels.py took 0.487 seconds
[2025-03-16T19:08:20.514+0000] {processor.py:186} INFO - Started process (PID=89003) to work on /home/airflow/.local/lib/python3.12/site-packages/airflow/example_dags/example_branch_labels.py
[2025-03-16T19:08:20.515+0000] {processor.py:914} INFO - Processing file /home/airflow/.local/lib/python3.12/site-packages/airflow/example_dags/example_branch_labels.py for tasks to queue
[2025-03-16T19:08:20.516+0000] {logging_mixin.py:190} INFO - [2025-03-16T19:08:20.516+0000] {dagbag.py:588} INFO - Filling up the DagBag from /home/airflow/.local/lib/python3.12/site-packages/airflow/example_dags/example_branch_labels.py
[2025-03-16T19:08:20.525+0000] {processor.py:925} INFO - DAG(s) 'example_branch_labels' retrieved from /home/airflow/.local/lib/python3.12/site-packages/airflow/example_dags/example_branch_labels.py
[2025-03-16T19:08:20.546+0000] {logging_mixin.py:190} INFO - [2025-03-16T19:08:20.546+0000] {dag.py:3239} INFO - Sync 1 DAGs
[2025-03-16T19:08:20.568+0000] {logging_mixin.py:190} INFO - [2025-03-16T19:08:20.568+0000] {dag.py:4180} INFO - Setting next_dagrun for example_branch_labels to 2025-03-15 00:00:00+00:00, run_after=2025-03-16 00:00:00+00:00
[2025-03-16T19:08:20.593+0000] {processor.py:208} INFO - Processing /home/airflow/.local/lib/python3.12/site-packages/airflow/example_dags/example_branch_labels.py took 0.085 seconds
[2025-03-16T19:08:51.357+0000] {processor.py:186} INFO - Started process (PID=89067) to work on /home/airflow/.local/lib/python3.12/site-packages/airflow/example_dags/example_branch_labels.py
[2025-03-16T19:08:51.358+0000] {processor.py:914} INFO - Processing file /home/airflow/.local/lib/python3.12/site-packages/airflow/example_dags/example_branch_labels.py for tasks to queue
[2025-03-16T19:08:51.359+0000] {logging_mixin.py:190} INFO - [2025-03-16T19:08:51.358+0000] {dagbag.py:588} INFO - Filling up the DagBag from /home/airflow/.local/lib/python3.12/site-packages/airflow/example_dags/example_branch_labels.py
[2025-03-16T19:08:51.366+0000] {processor.py:925} INFO - DAG(s) 'example_branch_labels' retrieved from /home/airflow/.local/lib/python3.12/site-packages/airflow/example_dags/example_branch_labels.py
[2025-03-16T19:08:51.384+0000] {logging_mixin.py:190} INFO - [2025-03-16T19:08:51.384+0000] {dag.py:3239} INFO - Sync 1 DAGs
[2025-03-16T19:08:51.405+0000] {logging_mixin.py:190} INFO - [2025-03-16T19:08:51.405+0000] {dag.py:4180} INFO - Setting next_dagrun for example_branch_labels to 2025-03-15 00:00:00+00:00, run_after=2025-03-16 00:00:00+00:00
[2025-03-16T19:08:51.422+0000] {processor.py:208} INFO - Processing /home/airflow/.local/lib/python3.12/site-packages/airflow/example_dags/example_branch_labels.py took 0.070 seconds
[2025-03-16T19:09:21.854+0000] {processor.py:186} INFO - Started process (PID=89131) to work on /home/airflow/.local/lib/python3.12/site-packages/airflow/example_dags/example_branch_labels.py
[2025-03-16T19:09:21.855+0000] {processor.py:914} INFO - Processing file /home/airflow/.local/lib/python3.12/site-packages/airflow/example_dags/example_branch_labels.py for tasks to queue
[2025-03-16T19:09:21.857+0000] {logging_mixin.py:190} INFO - [2025-03-16T19:09:21.857+0000] {dagbag.py:588} INFO - Filling up the DagBag from /home/airflow/.local/lib/python3.12/site-packages/airflow/example_dags/example_branch_labels.py
[2025-03-16T19:09:21.868+0000] {processor.py:925} INFO - DAG(s) 'example_branch_labels' retrieved from /home/airflow/.local/lib/python3.12/site-packages/airflow/example_dags/example_branch_labels.py
[2025-03-16T19:09:21.891+0000] {logging_mixin.py:190} INFO - [2025-03-16T19:09:21.891+0000] {dag.py:3239} INFO - Sync 1 DAGs
[2025-03-16T19:09:21.919+0000] {logging_mixin.py:190} INFO - [2025-03-16T19:09:21.919+0000] {dag.py:4180} INFO - Setting next_dagrun for example_branch_labels to 2025-03-15 00:00:00+00:00, run_after=2025-03-16 00:00:00+00:00
[2025-03-16T19:09:21.960+0000] {processor.py:208} INFO - Processing /home/airflow/.local/lib/python3.12/site-packages/airflow/example_dags/example_branch_labels.py took 0.112 seconds
[2025-03-16T19:09:52.077+0000] {processor.py:186} INFO - Started process (PID=89195) to work on /home/airflow/.local/lib/python3.12/site-packages/airflow/example_dags/example_branch_labels.py
[2025-03-16T19:09:52.078+0000] {processor.py:914} INFO - Processing file /home/airflow/.local/lib/python3.12/site-packages/airflow/example_dags/example_branch_labels.py for tasks to queue
[2025-03-16T19:09:52.080+0000] {logging_mixin.py:190} INFO - [2025-03-16T19:09:52.079+0000] {dagbag.py:588} INFO - Filling up the DagBag from /home/airflow/.local/lib/python3.12/site-packages/airflow/example_dags/example_branch_labels.py
[2025-03-16T19:09:52.091+0000] {processor.py:925} INFO - DAG(s) 'example_branch_labels' retrieved from /home/airflow/.local/lib/python3.12/site-packages/airflow/example_dags/example_branch_labels.py
[2025-03-16T19:09:52.116+0000] {logging_mixin.py:190} INFO - [2025-03-16T19:09:52.116+0000] {dag.py:3239} INFO - Sync 1 DAGs
[2025-03-16T19:09:52.147+0000] {logging_mixin.py:190} INFO - [2025-03-16T19:09:52.146+0000] {dag.py:4180} INFO - Setting next_dagrun for example_branch_labels to 2025-03-15 00:00:00+00:00, run_after=2025-03-16 00:00:00+00:00
[2025-03-16T19:09:52.171+0000] {processor.py:208} INFO - Processing /home/airflow/.local/lib/python3.12/site-packages/airflow/example_dags/example_branch_labels.py took 0.099 seconds
[2025-03-16T19:10:23.089+0000] {processor.py:186} INFO - Started process (PID=89260) to work on /home/airflow/.local/lib/python3.12/site-packages/airflow/example_dags/example_branch_labels.py
[2025-03-16T19:10:23.090+0000] {processor.py:914} INFO - Processing file /home/airflow/.local/lib/python3.12/site-packages/airflow/example_dags/example_branch_labels.py for tasks to queue
[2025-03-16T19:10:23.092+0000] {logging_mixin.py:190} INFO - [2025-03-16T19:10:23.092+0000] {dagbag.py:588} INFO - Filling up the DagBag from /home/airflow/.local/lib/python3.12/site-packages/airflow/example_dags/example_branch_labels.py
[2025-03-16T19:10:23.101+0000] {processor.py:925} INFO - DAG(s) 'example_branch_labels' retrieved from /home/airflow/.local/lib/python3.12/site-packages/airflow/example_dags/example_branch_labels.py
[2025-03-16T19:10:23.123+0000] {logging_mixin.py:190} INFO - [2025-03-16T19:10:23.123+0000] {dag.py:3239} INFO - Sync 1 DAGs
[2025-03-16T19:10:23.149+0000] {logging_mixin.py:190} INFO - [2025-03-16T19:10:23.149+0000] {dag.py:4180} INFO - Setting next_dagrun for example_branch_labels to 2025-03-15 00:00:00+00:00, run_after=2025-03-16 00:00:00+00:00
[2025-03-16T19:10:23.173+0000] {processor.py:208} INFO - Processing /home/airflow/.local/lib/python3.12/site-packages/airflow/example_dags/example_branch_labels.py took 0.088 seconds
[2025-03-16T19:10:53.508+0000] {processor.py:186} INFO - Started process (PID=89324) to work on /home/airflow/.local/lib/python3.12/site-packages/airflow/example_dags/example_branch_labels.py
[2025-03-16T19:10:53.510+0000] {processor.py:914} INFO - Processing file /home/airflow/.local/lib/python3.12/site-packages/airflow/example_dags/example_branch_labels.py for tasks to queue
[2025-03-16T19:10:53.512+0000] {logging_mixin.py:190} INFO - [2025-03-16T19:10:53.511+0000] {dagbag.py:588} INFO - Filling up the DagBag from /home/airflow/.local/lib/python3.12/site-packages/airflow/example_dags/example_branch_labels.py
[2025-03-16T19:10:53.526+0000] {processor.py:925} INFO - DAG(s) 'example_branch_labels' retrieved from /home/airflow/.local/lib/python3.12/site-packages/airflow/example_dags/example_branch_labels.py
[2025-03-16T19:10:53.554+0000] {logging_mixin.py:190} INFO - [2025-03-16T19:10:53.554+0000] {dag.py:3239} INFO - Sync 1 DAGs
[2025-03-16T19:10:53.588+0000] {logging_mixin.py:190} INFO - [2025-03-16T19:10:53.588+0000] {dag.py:4180} INFO - Setting next_dagrun for example_branch_labels to 2025-03-15 00:00:00+00:00, run_after=2025-03-16 00:00:00+00:00
[2025-03-16T19:10:53.614+0000] {processor.py:208} INFO - Processing /home/airflow/.local/lib/python3.12/site-packages/airflow/example_dags/example_branch_labels.py took 0.116 seconds
[2025-03-16T19:11:23.915+0000] {processor.py:186} INFO - Started process (PID=89388) to work on /home/airflow/.local/lib/python3.12/site-packages/airflow/example_dags/example_branch_labels.py
[2025-03-16T19:11:23.917+0000] {processor.py:914} INFO - Processing file /home/airflow/.local/lib/python3.12/site-packages/airflow/example_dags/example_branch_labels.py for tasks to queue
[2025-03-16T19:11:23.918+0000] {logging_mixin.py:190} INFO - [2025-03-16T19:11:23.918+0000] {dagbag.py:588} INFO - Filling up the DagBag from /home/airflow/.local/lib/python3.12/site-packages/airflow/example_dags/example_branch_labels.py
[2025-03-16T19:11:23.933+0000] {processor.py:925} INFO - DAG(s) 'example_branch_labels' retrieved from /home/airflow/.local/lib/python3.12/site-packages/airflow/example_dags/example_branch_labels.py
[2025-03-16T19:11:23.969+0000] {logging_mixin.py:190} INFO - [2025-03-16T19:11:23.969+0000] {dag.py:3239} INFO - Sync 1 DAGs
[2025-03-16T19:11:24.001+0000] {logging_mixin.py:190} INFO - [2025-03-16T19:11:24.001+0000] {dag.py:4180} INFO - Setting next_dagrun for example_branch_labels to 2025-03-15 00:00:00+00:00, run_after=2025-03-16 00:00:00+00:00
[2025-03-16T19:11:24.027+0000] {processor.py:208} INFO - Processing /home/airflow/.local/lib/python3.12/site-packages/airflow/example_dags/example_branch_labels.py took 0.118 seconds
[2025-03-16T19:11:54.632+0000] {processor.py:186} INFO - Started process (PID=89458) to work on /home/airflow/.local/lib/python3.12/site-packages/airflow/example_dags/example_branch_labels.py
[2025-03-16T19:11:54.633+0000] {processor.py:914} INFO - Processing file /home/airflow/.local/lib/python3.12/site-packages/airflow/example_dags/example_branch_labels.py for tasks to queue
[2025-03-16T19:11:54.634+0000] {logging_mixin.py:190} INFO - [2025-03-16T19:11:54.634+0000] {dagbag.py:588} INFO - Filling up the DagBag from /home/airflow/.local/lib/python3.12/site-packages/airflow/example_dags/example_branch_labels.py
[2025-03-16T19:11:54.643+0000] {processor.py:925} INFO - DAG(s) 'example_branch_labels' retrieved from /home/airflow/.local/lib/python3.12/site-packages/airflow/example_dags/example_branch_labels.py
[2025-03-16T19:11:54.667+0000] {logging_mixin.py:190} INFO - [2025-03-16T19:11:54.667+0000] {dag.py:3239} INFO - Sync 1 DAGs
[2025-03-16T19:11:54.696+0000] {logging_mixin.py:190} INFO - [2025-03-16T19:11:54.696+0000] {dag.py:4180} INFO - Setting next_dagrun for example_branch_labels to 2025-03-15 00:00:00+00:00, run_after=2025-03-16 00:00:00+00:00
[2025-03-16T19:11:54.719+0000] {processor.py:208} INFO - Processing /home/airflow/.local/lib/python3.12/site-packages/airflow/example_dags/example_branch_labels.py took 0.092 seconds
[2025-03-16T19:12:25.475+0000] {processor.py:186} INFO - Started process (PID=89522) to work on /home/airflow/.local/lib/python3.12/site-packages/airflow/example_dags/example_branch_labels.py
[2025-03-16T19:12:25.476+0000] {processor.py:914} INFO - Processing file /home/airflow/.local/lib/python3.12/site-packages/airflow/example_dags/example_branch_labels.py for tasks to queue
[2025-03-16T19:12:25.478+0000] {logging_mixin.py:190} INFO - [2025-03-16T19:12:25.477+0000] {dagbag.py:588} INFO - Filling up the DagBag from /home/airflow/.local/lib/python3.12/site-packages/airflow/example_dags/example_branch_labels.py
[2025-03-16T19:12:25.486+0000] {processor.py:925} INFO - DAG(s) 'example_branch_labels' retrieved from /home/airflow/.local/lib/python3.12/site-packages/airflow/example_dags/example_branch_labels.py
[2025-03-16T19:12:25.511+0000] {logging_mixin.py:190} INFO - [2025-03-16T19:12:25.511+0000] {dag.py:3239} INFO - Sync 1 DAGs
[2025-03-16T19:12:25.536+0000] {logging_mixin.py:190} INFO - [2025-03-16T19:12:25.535+0000] {dag.py:4180} INFO - Setting next_dagrun for example_branch_labels to 2025-03-15 00:00:00+00:00, run_after=2025-03-16 00:00:00+00:00
[2025-03-16T19:12:25.559+0000] {processor.py:208} INFO - Processing /home/airflow/.local/lib/python3.12/site-packages/airflow/example_dags/example_branch_labels.py took 0.089 seconds
[2025-03-16T19:12:56.318+0000] {processor.py:186} INFO - Started process (PID=89586) to work on /home/airflow/.local/lib/python3.12/site-packages/airflow/example_dags/example_branch_labels.py
[2025-03-16T19:12:56.319+0000] {processor.py:914} INFO - Processing file /home/airflow/.local/lib/python3.12/site-packages/airflow/example_dags/example_branch_labels.py for tasks to queue
[2025-03-16T19:12:56.321+0000] {logging_mixin.py:190} INFO - [2025-03-16T19:12:56.321+0000] {dagbag.py:588} INFO - Filling up the DagBag from /home/airflow/.local/lib/python3.12/site-packages/airflow/example_dags/example_branch_labels.py
[2025-03-16T19:12:56.330+0000] {processor.py:925} INFO - DAG(s) 'example_branch_labels' retrieved from /home/airflow/.local/lib/python3.12/site-packages/airflow/example_dags/example_branch_labels.py
[2025-03-16T19:12:56.352+0000] {logging_mixin.py:190} INFO - [2025-03-16T19:12:56.352+0000] {dag.py:3239} INFO - Sync 1 DAGs
[2025-03-16T19:12:56.377+0000] {logging_mixin.py:190} INFO - [2025-03-16T19:12:56.376+0000] {dag.py:4180} INFO - Setting next_dagrun for example_branch_labels to 2025-03-15 00:00:00+00:00, run_after=2025-03-16 00:00:00+00:00
[2025-03-16T19:12:56.402+0000] {processor.py:208} INFO - Processing /home/airflow/.local/lib/python3.12/site-packages/airflow/example_dags/example_branch_labels.py took 0.088 seconds
[2025-03-16T19:13:26.746+0000] {processor.py:186} INFO - Started process (PID=89651) to work on /home/airflow/.local/lib/python3.12/site-packages/airflow/example_dags/example_branch_labels.py
[2025-03-16T19:13:26.747+0000] {processor.py:914} INFO - Processing file /home/airflow/.local/lib/python3.12/site-packages/airflow/example_dags/example_branch_labels.py for tasks to queue
[2025-03-16T19:13:26.749+0000] {logging_mixin.py:190} INFO - [2025-03-16T19:13:26.748+0000] {dagbag.py:588} INFO - Filling up the DagBag from /home/airflow/.local/lib/python3.12/site-packages/airflow/example_dags/example_branch_labels.py
[2025-03-16T19:13:26.757+0000] {processor.py:925} INFO - DAG(s) 'example_branch_labels' retrieved from /home/airflow/.local/lib/python3.12/site-packages/airflow/example_dags/example_branch_labels.py
[2025-03-16T19:13:26.778+0000] {logging_mixin.py:190} INFO - [2025-03-16T19:13:26.778+0000] {dag.py:3239} INFO - Sync 1 DAGs
[2025-03-16T19:13:26.801+0000] {logging_mixin.py:190} INFO - [2025-03-16T19:13:26.800+0000] {dag.py:4180} INFO - Setting next_dagrun for example_branch_labels to 2025-03-15 00:00:00+00:00, run_after=2025-03-16 00:00:00+00:00
[2025-03-16T19:13:26.820+0000] {processor.py:208} INFO - Processing /home/airflow/.local/lib/python3.12/site-packages/airflow/example_dags/example_branch_labels.py took 0.078 seconds
[2025-03-16T19:13:57.114+0000] {processor.py:186} INFO - Started process (PID=89715) to work on /home/airflow/.local/lib/python3.12/site-packages/airflow/example_dags/example_branch_labels.py
[2025-03-16T19:13:57.116+0000] {processor.py:914} INFO - Processing file /home/airflow/.local/lib/python3.12/site-packages/airflow/example_dags/example_branch_labels.py for tasks to queue
[2025-03-16T19:13:57.117+0000] {logging_mixin.py:190} INFO - [2025-03-16T19:13:57.117+0000] {dagbag.py:588} INFO - Filling up the DagBag from /home/airflow/.local/lib/python3.12/site-packages/airflow/example_dags/example_branch_labels.py
[2025-03-16T19:13:57.126+0000] {processor.py:925} INFO - DAG(s) 'example_branch_labels' retrieved from /home/airflow/.local/lib/python3.12/site-packages/airflow/example_dags/example_branch_labels.py
[2025-03-16T19:13:57.147+0000] {logging_mixin.py:190} INFO - [2025-03-16T19:13:57.147+0000] {dag.py:3239} INFO - Sync 1 DAGs
[2025-03-16T19:13:57.171+0000] {logging_mixin.py:190} INFO - [2025-03-16T19:13:57.171+0000] {dag.py:4180} INFO - Setting next_dagrun for example_branch_labels to 2025-03-15 00:00:00+00:00, run_after=2025-03-16 00:00:00+00:00
[2025-03-16T19:13:57.189+0000] {processor.py:208} INFO - Processing /home/airflow/.local/lib/python3.12/site-packages/airflow/example_dags/example_branch_labels.py took 0.079 seconds
[2025-03-16T19:14:27.380+0000] {processor.py:186} INFO - Started process (PID=89779) to work on /home/airflow/.local/lib/python3.12/site-packages/airflow/example_dags/example_branch_labels.py
[2025-03-16T19:14:27.381+0000] {processor.py:914} INFO - Processing file /home/airflow/.local/lib/python3.12/site-packages/airflow/example_dags/example_branch_labels.py for tasks to queue
[2025-03-16T19:14:27.383+0000] {logging_mixin.py:190} INFO - [2025-03-16T19:14:27.382+0000] {dagbag.py:588} INFO - Filling up the DagBag from /home/airflow/.local/lib/python3.12/site-packages/airflow/example_dags/example_branch_labels.py
[2025-03-16T19:14:27.391+0000] {processor.py:925} INFO - DAG(s) 'example_branch_labels' retrieved from /home/airflow/.local/lib/python3.12/site-packages/airflow/example_dags/example_branch_labels.py
[2025-03-16T19:14:27.415+0000] {logging_mixin.py:190} INFO - [2025-03-16T19:14:27.414+0000] {dag.py:3239} INFO - Sync 1 DAGs
[2025-03-16T19:14:27.445+0000] {logging_mixin.py:190} INFO - [2025-03-16T19:14:27.445+0000] {dag.py:4180} INFO - Setting next_dagrun for example_branch_labels to 2025-03-15 00:00:00+00:00, run_after=2025-03-16 00:00:00+00:00
[2025-03-16T19:14:27.467+0000] {processor.py:208} INFO - Processing /home/airflow/.local/lib/python3.12/site-packages/airflow/example_dags/example_branch_labels.py took 0.093 seconds
[2025-03-16T19:14:57.747+0000] {processor.py:186} INFO - Started process (PID=89843) to work on /home/airflow/.local/lib/python3.12/site-packages/airflow/example_dags/example_branch_labels.py
[2025-03-16T19:14:57.748+0000] {processor.py:914} INFO - Processing file /home/airflow/.local/lib/python3.12/site-packages/airflow/example_dags/example_branch_labels.py for tasks to queue
[2025-03-16T19:14:57.750+0000] {logging_mixin.py:190} INFO - [2025-03-16T19:14:57.749+0000] {dagbag.py:588} INFO - Filling up the DagBag from /home/airflow/.local/lib/python3.12/site-packages/airflow/example_dags/example_branch_labels.py
[2025-03-16T19:14:57.760+0000] {processor.py:925} INFO - DAG(s) 'example_branch_labels' retrieved from /home/airflow/.local/lib/python3.12/site-packages/airflow/example_dags/example_branch_labels.py
[2025-03-16T19:14:57.784+0000] {logging_mixin.py:190} INFO - [2025-03-16T19:14:57.783+0000] {dag.py:3239} INFO - Sync 1 DAGs
[2025-03-16T19:14:57.811+0000] {logging_mixin.py:190} INFO - [2025-03-16T19:14:57.811+0000] {dag.py:4180} INFO - Setting next_dagrun for example_branch_labels to 2025-03-15 00:00:00+00:00, run_after=2025-03-16 00:00:00+00:00
[2025-03-16T19:14:57.839+0000] {processor.py:208} INFO - Processing /home/airflow/.local/lib/python3.12/site-packages/airflow/example_dags/example_branch_labels.py took 0.097 seconds
[2025-03-16T19:15:28.432+0000] {processor.py:186} INFO - Started process (PID=89907) to work on /home/airflow/.local/lib/python3.12/site-packages/airflow/example_dags/example_branch_labels.py
[2025-03-16T19:15:28.433+0000] {processor.py:914} INFO - Processing file /home/airflow/.local/lib/python3.12/site-packages/airflow/example_dags/example_branch_labels.py for tasks to queue
[2025-03-16T19:15:28.435+0000] {logging_mixin.py:190} INFO - [2025-03-16T19:15:28.435+0000] {dagbag.py:588} INFO - Filling up the DagBag from /home/airflow/.local/lib/python3.12/site-packages/airflow/example_dags/example_branch_labels.py
[2025-03-16T19:15:28.445+0000] {processor.py:925} INFO - DAG(s) 'example_branch_labels' retrieved from /home/airflow/.local/lib/python3.12/site-packages/airflow/example_dags/example_branch_labels.py
[2025-03-16T19:15:28.480+0000] {logging_mixin.py:190} INFO - [2025-03-16T19:15:28.479+0000] {dag.py:3239} INFO - Sync 1 DAGs
[2025-03-16T19:15:28.540+0000] {logging_mixin.py:190} INFO - [2025-03-16T19:15:28.539+0000] {dag.py:4180} INFO - Setting next_dagrun for example_branch_labels to 2025-03-15 00:00:00+00:00, run_after=2025-03-16 00:00:00+00:00
[2025-03-16T19:15:28.580+0000] {processor.py:208} INFO - Processing /home/airflow/.local/lib/python3.12/site-packages/airflow/example_dags/example_branch_labels.py took 0.154 seconds
[2025-03-16T19:15:59.055+0000] {processor.py:186} INFO - Started process (PID=89971) to work on /home/airflow/.local/lib/python3.12/site-packages/airflow/example_dags/example_branch_labels.py
[2025-03-16T19:15:59.057+0000] {processor.py:914} INFO - Processing file /home/airflow/.local/lib/python3.12/site-packages/airflow/example_dags/example_branch_labels.py for tasks to queue
[2025-03-16T19:15:59.058+0000] {logging_mixin.py:190} INFO - [2025-03-16T19:15:59.058+0000] {dagbag.py:588} INFO - Filling up the DagBag from /home/airflow/.local/lib/python3.12/site-packages/airflow/example_dags/example_branch_labels.py
[2025-03-16T19:15:59.071+0000] {processor.py:925} INFO - DAG(s) 'example_branch_labels' retrieved from /home/airflow/.local/lib/python3.12/site-packages/airflow/example_dags/example_branch_labels.py
[2025-03-16T19:15:59.098+0000] {logging_mixin.py:190} INFO - [2025-03-16T19:15:59.097+0000] {dag.py:3239} INFO - Sync 1 DAGs
[2025-03-16T19:15:59.127+0000] {logging_mixin.py:190} INFO - [2025-03-16T19:15:59.127+0000] {dag.py:4180} INFO - Setting next_dagrun for example_branch_labels to 2025-03-15 00:00:00+00:00, run_after=2025-03-16 00:00:00+00:00
[2025-03-16T19:15:59.156+0000] {processor.py:208} INFO - Processing /home/airflow/.local/lib/python3.12/site-packages/airflow/example_dags/example_branch_labels.py took 0.107 seconds
[2025-03-16T19:16:29.300+0000] {processor.py:186} INFO - Started process (PID=90035) to work on /home/airflow/.local/lib/python3.12/site-packages/airflow/example_dags/example_branch_labels.py
[2025-03-16T19:16:29.302+0000] {processor.py:914} INFO - Processing file /home/airflow/.local/lib/python3.12/site-packages/airflow/example_dags/example_branch_labels.py for tasks to queue
[2025-03-16T19:16:29.303+0000] {logging_mixin.py:190} INFO - [2025-03-16T19:16:29.303+0000] {dagbag.py:588} INFO - Filling up the DagBag from /home/airflow/.local/lib/python3.12/site-packages/airflow/example_dags/example_branch_labels.py
[2025-03-16T19:16:29.316+0000] {processor.py:925} INFO - DAG(s) 'example_branch_labels' retrieved from /home/airflow/.local/lib/python3.12/site-packages/airflow/example_dags/example_branch_labels.py
[2025-03-16T19:16:29.348+0000] {logging_mixin.py:190} INFO - [2025-03-16T19:16:29.346+0000] {dag.py:3239} INFO - Sync 1 DAGs
[2025-03-16T19:16:29.377+0000] {logging_mixin.py:190} INFO - [2025-03-16T19:16:29.377+0000] {dag.py:4180} INFO - Setting next_dagrun for example_branch_labels to 2025-03-15 00:00:00+00:00, run_after=2025-03-16 00:00:00+00:00
[2025-03-16T19:16:29.408+0000] {processor.py:208} INFO - Processing /home/airflow/.local/lib/python3.12/site-packages/airflow/example_dags/example_branch_labels.py took 0.116 seconds
[2025-03-16T19:16:59.656+0000] {processor.py:186} INFO - Started process (PID=90099) to work on /home/airflow/.local/lib/python3.12/site-packages/airflow/example_dags/example_branch_labels.py
[2025-03-16T19:16:59.658+0000] {processor.py:914} INFO - Processing file /home/airflow/.local/lib/python3.12/site-packages/airflow/example_dags/example_branch_labels.py for tasks to queue
[2025-03-16T19:16:59.659+0000] {logging_mixin.py:190} INFO - [2025-03-16T19:16:59.659+0000] {dagbag.py:588} INFO - Filling up the DagBag from /home/airflow/.local/lib/python3.12/site-packages/airflow/example_dags/example_branch_labels.py
[2025-03-16T19:16:59.674+0000] {processor.py:925} INFO - DAG(s) 'example_branch_labels' retrieved from /home/airflow/.local/lib/python3.12/site-packages/airflow/example_dags/example_branch_labels.py
[2025-03-16T19:16:59.707+0000] {logging_mixin.py:190} INFO - [2025-03-16T19:16:59.706+0000] {dag.py:3239} INFO - Sync 1 DAGs
[2025-03-16T19:16:59.743+0000] {logging_mixin.py:190} INFO - [2025-03-16T19:16:59.743+0000] {dag.py:4180} INFO - Setting next_dagrun for example_branch_labels to 2025-03-15 00:00:00+00:00, run_after=2025-03-16 00:00:00+00:00
[2025-03-16T19:16:59.773+0000] {processor.py:208} INFO - Processing /home/airflow/.local/lib/python3.12/site-packages/airflow/example_dags/example_branch_labels.py took 0.128 seconds
[2025-03-16T19:17:30.035+0000] {processor.py:186} INFO - Started process (PID=90163) to work on /home/airflow/.local/lib/python3.12/site-packages/airflow/example_dags/example_branch_labels.py
[2025-03-16T19:17:30.036+0000] {processor.py:914} INFO - Processing file /home/airflow/.local/lib/python3.12/site-packages/airflow/example_dags/example_branch_labels.py for tasks to queue
[2025-03-16T19:17:30.038+0000] {logging_mixin.py:190} INFO - [2025-03-16T19:17:30.038+0000] {dagbag.py:588} INFO - Filling up the DagBag from /home/airflow/.local/lib/python3.12/site-packages/airflow/example_dags/example_branch_labels.py
[2025-03-16T19:17:30.052+0000] {processor.py:925} INFO - DAG(s) 'example_branch_labels' retrieved from /home/airflow/.local/lib/python3.12/site-packages/airflow/example_dags/example_branch_labels.py
[2025-03-16T19:17:30.079+0000] {logging_mixin.py:190} INFO - [2025-03-16T19:17:30.078+0000] {dag.py:3239} INFO - Sync 1 DAGs
[2025-03-16T19:17:30.113+0000] {logging_mixin.py:190} INFO - [2025-03-16T19:17:30.113+0000] {dag.py:4180} INFO - Setting next_dagrun for example_branch_labels to 2025-03-15 00:00:00+00:00, run_after=2025-03-16 00:00:00+00:00
[2025-03-16T19:17:30.143+0000] {processor.py:208} INFO - Processing /home/airflow/.local/lib/python3.12/site-packages/airflow/example_dags/example_branch_labels.py took 0.114 seconds
[2025-03-16T19:18:00.505+0000] {processor.py:186} INFO - Started process (PID=90227) to work on /home/airflow/.local/lib/python3.12/site-packages/airflow/example_dags/example_branch_labels.py
[2025-03-16T19:18:00.507+0000] {processor.py:914} INFO - Processing file /home/airflow/.local/lib/python3.12/site-packages/airflow/example_dags/example_branch_labels.py for tasks to queue
[2025-03-16T19:18:00.509+0000] {logging_mixin.py:190} INFO - [2025-03-16T19:18:00.508+0000] {dagbag.py:588} INFO - Filling up the DagBag from /home/airflow/.local/lib/python3.12/site-packages/airflow/example_dags/example_branch_labels.py
[2025-03-16T19:18:00.526+0000] {processor.py:925} INFO - DAG(s) 'example_branch_labels' retrieved from /home/airflow/.local/lib/python3.12/site-packages/airflow/example_dags/example_branch_labels.py
[2025-03-16T19:18:00.562+0000] {logging_mixin.py:190} INFO - [2025-03-16T19:18:00.561+0000] {dag.py:3239} INFO - Sync 1 DAGs
[2025-03-16T19:18:00.603+0000] {logging_mixin.py:190} INFO - [2025-03-16T19:18:00.603+0000] {dag.py:4180} INFO - Setting next_dagrun for example_branch_labels to 2025-03-15 00:00:00+00:00, run_after=2025-03-16 00:00:00+00:00
[2025-03-16T19:18:00.642+0000] {processor.py:208} INFO - Processing /home/airflow/.local/lib/python3.12/site-packages/airflow/example_dags/example_branch_labels.py took 0.142 seconds
[2025-03-16T19:18:30.732+0000] {processor.py:186} INFO - Started process (PID=90291) to work on /home/airflow/.local/lib/python3.12/site-packages/airflow/example_dags/example_branch_labels.py
[2025-03-16T19:18:30.733+0000] {processor.py:914} INFO - Processing file /home/airflow/.local/lib/python3.12/site-packages/airflow/example_dags/example_branch_labels.py for tasks to queue
[2025-03-16T19:18:30.736+0000] {logging_mixin.py:190} INFO - [2025-03-16T19:18:30.735+0000] {dagbag.py:588} INFO - Filling up the DagBag from /home/airflow/.local/lib/python3.12/site-packages/airflow/example_dags/example_branch_labels.py
[2025-03-16T19:18:30.749+0000] {processor.py:925} INFO - DAG(s) 'example_branch_labels' retrieved from /home/airflow/.local/lib/python3.12/site-packages/airflow/example_dags/example_branch_labels.py
[2025-03-16T19:18:30.779+0000] {logging_mixin.py:190} INFO - [2025-03-16T19:18:30.779+0000] {dag.py:3239} INFO - Sync 1 DAGs
[2025-03-16T19:18:30.814+0000] {logging_mixin.py:190} INFO - [2025-03-16T19:18:30.814+0000] {dag.py:4180} INFO - Setting next_dagrun for example_branch_labels to 2025-03-15 00:00:00+00:00, run_after=2025-03-16 00:00:00+00:00
[2025-03-16T19:18:30.847+0000] {processor.py:208} INFO - Processing /home/airflow/.local/lib/python3.12/site-packages/airflow/example_dags/example_branch_labels.py took 0.121 seconds
[2025-03-16T19:19:01.006+0000] {processor.py:186} INFO - Started process (PID=90355) to work on /home/airflow/.local/lib/python3.12/site-packages/airflow/example_dags/example_branch_labels.py
[2025-03-16T19:19:01.007+0000] {processor.py:914} INFO - Processing file /home/airflow/.local/lib/python3.12/site-packages/airflow/example_dags/example_branch_labels.py for tasks to queue
[2025-03-16T19:19:01.010+0000] {logging_mixin.py:190} INFO - [2025-03-16T19:19:01.009+0000] {dagbag.py:588} INFO - Filling up the DagBag from /home/airflow/.local/lib/python3.12/site-packages/airflow/example_dags/example_branch_labels.py
[2025-03-16T19:19:01.025+0000] {processor.py:925} INFO - DAG(s) 'example_branch_labels' retrieved from /home/airflow/.local/lib/python3.12/site-packages/airflow/example_dags/example_branch_labels.py
[2025-03-16T19:19:01.070+0000] {logging_mixin.py:190} INFO - [2025-03-16T19:19:01.069+0000] {dag.py:3239} INFO - Sync 1 DAGs
[2025-03-16T19:19:01.114+0000] {logging_mixin.py:190} INFO - [2025-03-16T19:19:01.113+0000] {dag.py:4180} INFO - Setting next_dagrun for example_branch_labels to 2025-03-15 00:00:00+00:00, run_after=2025-03-16 00:00:00+00:00
[2025-03-16T19:19:01.143+0000] {processor.py:208} INFO - Processing /home/airflow/.local/lib/python3.12/site-packages/airflow/example_dags/example_branch_labels.py took 0.145 seconds
[2025-03-16T19:19:32.019+0000] {processor.py:186} INFO - Started process (PID=90419) to work on /home/airflow/.local/lib/python3.12/site-packages/airflow/example_dags/example_branch_labels.py
[2025-03-16T19:19:32.020+0000] {processor.py:914} INFO - Processing file /home/airflow/.local/lib/python3.12/site-packages/airflow/example_dags/example_branch_labels.py for tasks to queue
[2025-03-16T19:19:32.023+0000] {logging_mixin.py:190} INFO - [2025-03-16T19:19:32.022+0000] {dagbag.py:588} INFO - Filling up the DagBag from /home/airflow/.local/lib/python3.12/site-packages/airflow/example_dags/example_branch_labels.py
[2025-03-16T19:19:32.036+0000] {processor.py:925} INFO - DAG(s) 'example_branch_labels' retrieved from /home/airflow/.local/lib/python3.12/site-packages/airflow/example_dags/example_branch_labels.py
[2025-03-16T19:19:32.065+0000] {logging_mixin.py:190} INFO - [2025-03-16T19:19:32.065+0000] {dag.py:3239} INFO - Sync 1 DAGs
[2025-03-16T19:19:32.094+0000] {logging_mixin.py:190} INFO - [2025-03-16T19:19:32.094+0000] {dag.py:4180} INFO - Setting next_dagrun for example_branch_labels to 2025-03-15 00:00:00+00:00, run_after=2025-03-16 00:00:00+00:00
[2025-03-16T19:19:32.125+0000] {processor.py:208} INFO - Processing /home/airflow/.local/lib/python3.12/site-packages/airflow/example_dags/example_branch_labels.py took 0.114 seconds
[2025-03-16T19:20:02.292+0000] {processor.py:186} INFO - Started process (PID=90483) to work on /home/airflow/.local/lib/python3.12/site-packages/airflow/example_dags/example_branch_labels.py
[2025-03-16T19:20:02.294+0000] {processor.py:914} INFO - Processing file /home/airflow/.local/lib/python3.12/site-packages/airflow/example_dags/example_branch_labels.py for tasks to queue
[2025-03-16T19:20:02.296+0000] {logging_mixin.py:190} INFO - [2025-03-16T19:20:02.295+0000] {dagbag.py:588} INFO - Filling up the DagBag from /home/airflow/.local/lib/python3.12/site-packages/airflow/example_dags/example_branch_labels.py
[2025-03-16T19:20:02.306+0000] {processor.py:925} INFO - DAG(s) 'example_branch_labels' retrieved from /home/airflow/.local/lib/python3.12/site-packages/airflow/example_dags/example_branch_labels.py
[2025-03-16T19:20:02.333+0000] {logging_mixin.py:190} INFO - [2025-03-16T19:20:02.333+0000] {dag.py:3239} INFO - Sync 1 DAGs
[2025-03-16T19:20:02.362+0000] {logging_mixin.py:190} INFO - [2025-03-16T19:20:02.362+0000] {dag.py:4180} INFO - Setting next_dagrun for example_branch_labels to 2025-03-15 00:00:00+00:00, run_after=2025-03-16 00:00:00+00:00
[2025-03-16T19:20:02.389+0000] {processor.py:208} INFO - Processing /home/airflow/.local/lib/python3.12/site-packages/airflow/example_dags/example_branch_labels.py took 0.102 seconds
[2025-03-16T19:20:32.638+0000] {processor.py:186} INFO - Started process (PID=90547) to work on /home/airflow/.local/lib/python3.12/site-packages/airflow/example_dags/example_branch_labels.py
[2025-03-16T19:20:32.639+0000] {processor.py:914} INFO - Processing file /home/airflow/.local/lib/python3.12/site-packages/airflow/example_dags/example_branch_labels.py for tasks to queue
[2025-03-16T19:20:32.640+0000] {logging_mixin.py:190} INFO - [2025-03-16T19:20:32.640+0000] {dagbag.py:588} INFO - Filling up the DagBag from /home/airflow/.local/lib/python3.12/site-packages/airflow/example_dags/example_branch_labels.py
[2025-03-16T19:20:32.638+0000] {processor.py:925} INFO - DAG(s) 'example_branch_labels' retrieved from /home/airflow/.local/lib/python3.12/site-packages/airflow/example_dags/example_branch_labels.py
[2025-03-16T19:20:32.671+0000] {logging_mixin.py:190} INFO - [2025-03-16T19:20:32.671+0000] {dag.py:3239} INFO - Sync 1 DAGs
[2025-03-16T19:20:32.704+0000] {logging_mixin.py:190} INFO - [2025-03-16T19:20:32.704+0000] {dag.py:4180} INFO - Setting next_dagrun for example_branch_labels to 2025-03-15 00:00:00+00:00, run_after=2025-03-16 00:00:00+00:00
[2025-03-16T19:20:32.736+0000] {processor.py:208} INFO - Processing /home/airflow/.local/lib/python3.12/site-packages/airflow/example_dags/example_branch_labels.py took 0.119 seconds
[2025-03-16T19:21:02.938+0000] {processor.py:186} INFO - Started process (PID=90611) to work on /home/airflow/.local/lib/python3.12/site-packages/airflow/example_dags/example_branch_labels.py
[2025-03-16T19:21:02.940+0000] {processor.py:914} INFO - Processing file /home/airflow/.local/lib/python3.12/site-packages/airflow/example_dags/example_branch_labels.py for tasks to queue
[2025-03-16T19:21:02.942+0000] {logging_mixin.py:190} INFO - [2025-03-16T19:21:02.942+0000] {dagbag.py:588} INFO - Filling up the DagBag from /home/airflow/.local/lib/python3.12/site-packages/airflow/example_dags/example_branch_labels.py
[2025-03-16T19:21:02.951+0000] {processor.py:925} INFO - DAG(s) 'example_branch_labels' retrieved from /home/airflow/.local/lib/python3.12/site-packages/airflow/example_dags/example_branch_labels.py
[2025-03-16T19:21:02.981+0000] {logging_mixin.py:190} INFO - [2025-03-16T19:21:02.981+0000] {dag.py:3239} INFO - Sync 1 DAGs
[2025-03-16T19:21:03.013+0000] {logging_mixin.py:190} INFO - [2025-03-16T19:21:03.013+0000] {dag.py:4180} INFO - Setting next_dagrun for example_branch_labels to 2025-03-15 00:00:00+00:00, run_after=2025-03-16 00:00:00+00:00
[2025-03-16T19:21:03.042+0000] {processor.py:208} INFO - Processing /home/airflow/.local/lib/python3.12/site-packages/airflow/example_dags/example_branch_labels.py took 0.112 seconds
[2025-03-16T19:21:33.364+0000] {processor.py:186} INFO - Started process (PID=90675) to work on /home/airflow/.local/lib/python3.12/site-packages/airflow/example_dags/example_branch_labels.py
[2025-03-16T19:21:33.366+0000] {processor.py:914} INFO - Processing file /home/airflow/.local/lib/python3.12/site-packages/airflow/example_dags/example_branch_labels.py for tasks to queue
[2025-03-16T19:21:33.368+0000] {logging_mixin.py:190} INFO - [2025-03-16T19:21:33.368+0000] {dagbag.py:588} INFO - Filling up the DagBag from /home/airflow/.local/lib/python3.12/site-packages/airflow/example_dags/example_branch_labels.py
[2025-03-16T19:21:33.382+0000] {processor.py:925} INFO - DAG(s) 'example_branch_labels' retrieved from /home/airflow/.local/lib/python3.12/site-packages/airflow/example_dags/example_branch_labels.py
[2025-03-16T19:21:33.418+0000] {logging_mixin.py:190} INFO - [2025-03-16T19:21:33.417+0000] {dag.py:3239} INFO - Sync 1 DAGs
[2025-03-16T19:21:33.453+0000] {logging_mixin.py:190} INFO - [2025-03-16T19:21:33.453+0000] {dag.py:4180} INFO - Setting next_dagrun for example_branch_labels to 2025-03-15 00:00:00+00:00, run_after=2025-03-16 00:00:00+00:00
[2025-03-16T19:21:33.485+0000] {processor.py:208} INFO - Processing /home/airflow/.local/lib/python3.12/site-packages/airflow/example_dags/example_branch_labels.py took 0.129 seconds
[2025-03-16T19:22:03.739+0000] {processor.py:186} INFO - Started process (PID=90739) to work on /home/airflow/.local/lib/python3.12/site-packages/airflow/example_dags/example_branch_labels.py
[2025-03-16T19:22:03.740+0000] {processor.py:914} INFO - Processing file /home/airflow/.local/lib/python3.12/site-packages/airflow/example_dags/example_branch_labels.py for tasks to queue
[2025-03-16T19:22:03.744+0000] {logging_mixin.py:190} INFO - [2025-03-16T19:22:03.742+0000] {dagbag.py:588} INFO - Filling up the DagBag from /home/airflow/.local/lib/python3.12/site-packages/airflow/example_dags/example_branch_labels.py
[2025-03-16T19:22:03.755+0000] {processor.py:925} INFO - DAG(s) 'example_branch_labels' retrieved from /home/airflow/.local/lib/python3.12/site-packages/airflow/example_dags/example_branch_labels.py
[2025-03-16T19:22:03.784+0000] {logging_mixin.py:190} INFO - [2025-03-16T19:22:03.784+0000] {dag.py:3239} INFO - Sync 1 DAGs
[2025-03-16T19:22:03.816+0000] {logging_mixin.py:190} INFO - [2025-03-16T19:22:03.815+0000] {dag.py:4180} INFO - Setting next_dagrun for example_branch_labels to 2025-03-15 00:00:00+00:00, run_after=2025-03-16 00:00:00+00:00
[2025-03-16T19:22:03.840+0000] {processor.py:208} INFO - Processing /home/airflow/.local/lib/python3.12/site-packages/airflow/example_dags/example_branch_labels.py took 0.107 seconds
[2025-03-16T19:22:34.207+0000] {processor.py:186} INFO - Started process (PID=90803) to work on /home/airflow/.local/lib/python3.12/site-packages/airflow/example_dags/example_branch_labels.py
[2025-03-16T19:22:34.209+0000] {processor.py:914} INFO - Processing file /home/airflow/.local/lib/python3.12/site-packages/airflow/example_dags/example_branch_labels.py for tasks to queue
[2025-03-16T19:22:34.211+0000] {logging_mixin.py:190} INFO - [2025-03-16T19:22:34.211+0000] {dagbag.py:588} INFO - Filling up the DagBag from /home/airflow/.local/lib/python3.12/site-packages/airflow/example_dags/example_branch_labels.py
[2025-03-16T19:22:34.227+0000] {processor.py:925} INFO - DAG(s) 'example_branch_labels' retrieved from /home/airflow/.local/lib/python3.12/site-packages/airflow/example_dags/example_branch_labels.py
[2025-03-16T19:22:34.263+0000] {logging_mixin.py:190} INFO - [2025-03-16T19:22:34.263+0000] {dag.py:3239} INFO - Sync 1 DAGs
[2025-03-16T19:22:34.309+0000] {logging_mixin.py:190} INFO - [2025-03-16T19:22:34.309+0000] {dag.py:4180} INFO - Setting next_dagrun for example_branch_labels to 2025-03-15 00:00:00+00:00, run_after=2025-03-16 00:00:00+00:00
[2025-03-16T19:22:34.361+0000] {processor.py:208} INFO - Processing /home/airflow/.local/lib/python3.12/site-packages/airflow/example_dags/example_branch_labels.py took 0.165 seconds
[2025-03-16T19:23:04.690+0000] {processor.py:186} INFO - Started process (PID=90867) to work on /home/airflow/.local/lib/python3.12/site-packages/airflow/example_dags/example_branch_labels.py
[2025-03-16T19:23:04.692+0000] {processor.py:914} INFO - Processing file /home/airflow/.local/lib/python3.12/site-packages/airflow/example_dags/example_branch_labels.py for tasks to queue
[2025-03-16T19:23:04.694+0000] {logging_mixin.py:190} INFO - [2025-03-16T19:23:04.693+0000] {dagbag.py:588} INFO - Filling up the DagBag from /home/airflow/.local/lib/python3.12/site-packages/airflow/example_dags/example_branch_labels.py
[2025-03-16T19:23:04.710+0000] {processor.py:925} INFO - DAG(s) 'example_branch_labels' retrieved from /home/airflow/.local/lib/python3.12/site-packages/airflow/example_dags/example_branch_labels.py
[2025-03-16T19:23:04.750+0000] {logging_mixin.py:190} INFO - [2025-03-16T19:23:04.749+0000] {dag.py:3239} INFO - Sync 1 DAGs
[2025-03-16T19:23:04.794+0000] {logging_mixin.py:190} INFO - [2025-03-16T19:23:04.794+0000] {dag.py:4180} INFO - Setting next_dagrun for example_branch_labels to 2025-03-15 00:00:00+00:00, run_after=2025-03-16 00:00:00+00:00
[2025-03-16T19:23:04.830+0000] {processor.py:208} INFO - Processing /home/airflow/.local/lib/python3.12/site-packages/airflow/example_dags/example_branch_labels.py took 0.152 seconds
[2025-03-16T19:23:36.084+0000] {processor.py:186} INFO - Started process (PID=90931) to work on /home/airflow/.local/lib/python3.12/site-packages/airflow/example_dags/example_branch_labels.py
[2025-03-16T19:23:36.085+0000] {processor.py:914} INFO - Processing file /home/airflow/.local/lib/python3.12/site-packages/airflow/example_dags/example_branch_labels.py for tasks to queue
[2025-03-16T19:23:36.087+0000] {logging_mixin.py:190} INFO - [2025-03-16T19:23:36.087+0000] {dagbag.py:588} INFO - Filling up the DagBag from /home/airflow/.local/lib/python3.12/site-packages/airflow/example_dags/example_branch_labels.py
[2025-03-16T19:23:36.107+0000] {processor.py:925} INFO - DAG(s) 'example_branch_labels' retrieved from /home/airflow/.local/lib/python3.12/site-packages/airflow/example_dags/example_branch_labels.py
[2025-03-16T19:23:36.169+0000] {logging_mixin.py:190} INFO - [2025-03-16T19:23:36.169+0000] {dag.py:3239} INFO - Sync 1 DAGs
[2025-03-16T19:23:36.228+0000] {logging_mixin.py:190} INFO - [2025-03-16T19:23:36.227+0000] {dag.py:4180} INFO - Setting next_dagrun for example_branch_labels to 2025-03-15 00:00:00+00:00, run_after=2025-03-16 00:00:00+00:00
[2025-03-16T19:23:36.267+0000] {processor.py:208} INFO - Processing /home/airflow/.local/lib/python3.12/site-packages/airflow/example_dags/example_branch_labels.py took 0.194 seconds
[2025-03-16T19:24:07.674+0000] {processor.py:186} INFO - Started process (PID=90997) to work on /home/airflow/.local/lib/python3.12/site-packages/airflow/example_dags/example_branch_labels.py
[2025-03-16T19:24:07.678+0000] {processor.py:914} INFO - Processing file /home/airflow/.local/lib/python3.12/site-packages/airflow/example_dags/example_branch_labels.py for tasks to queue
[2025-03-16T19:24:07.680+0000] {logging_mixin.py:190} INFO - [2025-03-16T19:24:07.680+0000] {dagbag.py:588} INFO - Filling up the DagBag from /home/airflow/.local/lib/python3.12/site-packages/airflow/example_dags/example_branch_labels.py
[2025-03-16T19:24:07.696+0000] {processor.py:925} INFO - DAG(s) 'example_branch_labels' retrieved from /home/airflow/.local/lib/python3.12/site-packages/airflow/example_dags/example_branch_labels.py
[2025-03-16T19:24:07.733+0000] {logging_mixin.py:190} INFO - [2025-03-16T19:24:07.733+0000] {dag.py:3239} INFO - Sync 1 DAGs
[2025-03-16T19:24:07.779+0000] {logging_mixin.py:190} INFO - [2025-03-16T19:24:07.778+0000] {dag.py:4180} INFO - Setting next_dagrun for example_branch_labels to 2025-03-15 00:00:00+00:00, run_after=2025-03-16 00:00:00+00:00
[2025-03-16T19:24:07.815+0000] {processor.py:208} INFO - Processing /home/airflow/.local/lib/python3.12/site-packages/airflow/example_dags/example_branch_labels.py took 0.150 seconds
[2025-03-16T19:24:40.039+0000] {processor.py:186} INFO - Started process (PID=91066) to work on /home/airflow/.local/lib/python3.12/site-packages/airflow/example_dags/example_branch_labels.py
[2025-03-16T19:24:40.041+0000] {processor.py:914} INFO - Processing file /home/airflow/.local/lib/python3.12/site-packages/airflow/example_dags/example_branch_labels.py for tasks to queue
[2025-03-16T19:24:40.043+0000] {logging_mixin.py:190} INFO - [2025-03-16T19:24:40.043+0000] {dagbag.py:588} INFO - Filling up the DagBag from /home/airflow/.local/lib/python3.12/site-packages/airflow/example_dags/example_branch_labels.py
[2025-03-16T19:24:40.064+0000] {processor.py:925} INFO - DAG(s) 'example_branch_labels' retrieved from /home/airflow/.local/lib/python3.12/site-packages/airflow/example_dags/example_branch_labels.py
[2025-03-16T19:24:40.109+0000] {logging_mixin.py:190} INFO - [2025-03-16T19:24:40.108+0000] {dag.py:3239} INFO - Sync 1 DAGs
[2025-03-16T19:24:40.166+0000] {logging_mixin.py:190} INFO - [2025-03-16T19:24:40.165+0000] {dag.py:4180} INFO - Setting next_dagrun for example_branch_labels to 2025-03-15 00:00:00+00:00, run_after=2025-03-16 00:00:00+00:00
[2025-03-16T19:24:40.209+0000] {processor.py:208} INFO - Processing /home/airflow/.local/lib/python3.12/site-packages/airflow/example_dags/example_branch_labels.py took 0.181 seconds
[2025-03-16T19:25:12.878+0000] {processor.py:186} INFO - Started process (PID=91136) to work on /home/airflow/.local/lib/python3.12/site-packages/airflow/example_dags/example_branch_labels.py
[2025-03-16T19:25:12.880+0000] {processor.py:914} INFO - Processing file /home/airflow/.local/lib/python3.12/site-packages/airflow/example_dags/example_branch_labels.py for tasks to queue
[2025-03-16T19:25:12.882+0000] {logging_mixin.py:190} INFO - [2025-03-16T19:25:12.882+0000] {dagbag.py:588} INFO - Filling up the DagBag from /home/airflow/.local/lib/python3.12/site-packages/airflow/example_dags/example_branch_labels.py
[2025-03-16T19:25:12.902+0000] {processor.py:925} INFO - DAG(s) 'example_branch_labels' retrieved from /home/airflow/.local/lib/python3.12/site-packages/airflow/example_dags/example_branch_labels.py
[2025-03-16T19:25:12.947+0000] {logging_mixin.py:190} INFO - [2025-03-16T19:25:12.946+0000] {dag.py:3239} INFO - Sync 1 DAGs
[2025-03-16T19:25:12.999+0000] {logging_mixin.py:190} INFO - [2025-03-16T19:25:12.999+0000] {dag.py:4180} INFO - Setting next_dagrun for example_branch_labels to 2025-03-15 00:00:00+00:00, run_after=2025-03-16 00:00:00+00:00
[2025-03-16T19:25:13.042+0000] {processor.py:208} INFO - Processing /home/airflow/.local/lib/python3.12/site-packages/airflow/example_dags/example_branch_labels.py took 0.175 seconds
[2025-03-16T19:25:44.109+0000] {processor.py:186} INFO - Started process (PID=91199) to work on /home/airflow/.local/lib/python3.12/site-packages/airflow/example_dags/example_branch_labels.py
[2025-03-16T19:25:44.111+0000] {processor.py:914} INFO - Processing file /home/airflow/.local/lib/python3.12/site-packages/airflow/example_dags/example_branch_labels.py for tasks to queue
[2025-03-16T19:25:44.113+0000] {logging_mixin.py:190} INFO - [2025-03-16T19:25:44.113+0000] {dagbag.py:588} INFO - Filling up the DagBag from /home/airflow/.local/lib/python3.12/site-packages/airflow/example_dags/example_branch_labels.py
[2025-03-16T19:25:44.131+0000] {processor.py:925} INFO - DAG(s) 'example_branch_labels' retrieved from /home/airflow/.local/lib/python3.12/site-packages/airflow/example_dags/example_branch_labels.py
[2025-03-16T19:25:44.170+0000] {logging_mixin.py:190} INFO - [2025-03-16T19:25:44.169+0000] {dag.py:3239} INFO - Sync 1 DAGs
[2025-03-16T19:25:44.218+0000] {logging_mixin.py:190} INFO - [2025-03-16T19:25:44.218+0000] {dag.py:4180} INFO - Setting next_dagrun for example_branch_labels to 2025-03-15 00:00:00+00:00, run_after=2025-03-16 00:00:00+00:00
[2025-03-16T19:25:44.256+0000] {processor.py:208} INFO - Processing /home/airflow/.local/lib/python3.12/site-packages/airflow/example_dags/example_branch_labels.py took 0.158 seconds
[2025-03-16T19:26:15.737+0000] {processor.py:186} INFO - Started process (PID=91266) to work on /home/airflow/.local/lib/python3.12/site-packages/airflow/example_dags/example_branch_labels.py
[2025-03-16T19:26:15.739+0000] {processor.py:914} INFO - Processing file /home/airflow/.local/lib/python3.12/site-packages/airflow/example_dags/example_branch_labels.py for tasks to queue
[2025-03-16T19:26:15.740+0000] {logging_mixin.py:190} INFO - [2025-03-16T19:26:15.740+0000] {dagbag.py:588} INFO - Filling up the DagBag from /home/airflow/.local/lib/python3.12/site-packages/airflow/example_dags/example_branch_labels.py
[2025-03-16T19:26:15.758+0000] {processor.py:925} INFO - DAG(s) 'example_branch_labels' retrieved from /home/airflow/.local/lib/python3.12/site-packages/airflow/example_dags/example_branch_labels.py
[2025-03-16T19:26:15.796+0000] {logging_mixin.py:190} INFO - [2025-03-16T19:26:15.795+0000] {dag.py:3239} INFO - Sync 1 DAGs
[2025-03-16T19:26:15.844+0000] {logging_mixin.py:190} INFO - [2025-03-16T19:26:15.844+0000] {dag.py:4180} INFO - Setting next_dagrun for example_branch_labels to 2025-03-15 00:00:00+00:00, run_after=2025-03-16 00:00:00+00:00
[2025-03-16T19:26:15.877+0000] {processor.py:208} INFO - Processing /home/airflow/.local/lib/python3.12/site-packages/airflow/example_dags/example_branch_labels.py took 0.152 seconds
[2025-03-16T19:26:47.094+0000] {processor.py:186} INFO - Started process (PID=91332) to work on /home/airflow/.local/lib/python3.12/site-packages/airflow/example_dags/example_branch_labels.py
[2025-03-16T19:26:47.096+0000] {processor.py:914} INFO - Processing file /home/airflow/.local/lib/python3.12/site-packages/airflow/example_dags/example_branch_labels.py for tasks to queue
[2025-03-16T19:26:47.099+0000] {logging_mixin.py:190} INFO - [2025-03-16T19:26:47.098+0000] {dagbag.py:588} INFO - Filling up the DagBag from /home/airflow/.local/lib/python3.12/site-packages/airflow/example_dags/example_branch_labels.py
[2025-03-16T19:26:47.116+0000] {processor.py:925} INFO - DAG(s) 'example_branch_labels' retrieved from /home/airflow/.local/lib/python3.12/site-packages/airflow/example_dags/example_branch_labels.py
[2025-03-16T19:26:47.153+0000] {logging_mixin.py:190} INFO - [2025-03-16T19:26:47.153+0000] {dag.py:3239} INFO - Sync 1 DAGs
[2025-03-16T19:26:47.199+0000] {logging_mixin.py:190} INFO - [2025-03-16T19:26:47.198+0000] {dag.py:4180} INFO - Setting next_dagrun for example_branch_labels to 2025-03-15 00:00:00+00:00, run_after=2025-03-16 00:00:00+00:00
[2025-03-16T19:26:47.233+0000] {processor.py:208} INFO - Processing /home/airflow/.local/lib/python3.12/site-packages/airflow/example_dags/example_branch_labels.py took 0.150 seconds
[2025-03-16T19:27:18.456+0000] {processor.py:186} INFO - Started process (PID=91398) to work on /home/airflow/.local/lib/python3.12/site-packages/airflow/example_dags/example_branch_labels.py
[2025-03-16T19:27:18.458+0000] {processor.py:914} INFO - Processing file /home/airflow/.local/lib/python3.12/site-packages/airflow/example_dags/example_branch_labels.py for tasks to queue
[2025-03-16T19:27:18.460+0000] {logging_mixin.py:190} INFO - [2025-03-16T19:27:18.459+0000] {dagbag.py:588} INFO - Filling up the DagBag from /home/airflow/.local/lib/python3.12/site-packages/airflow/example_dags/example_branch_labels.py
[2025-03-16T19:27:18.474+0000] {processor.py:925} INFO - DAG(s) 'example_branch_labels' retrieved from /home/airflow/.local/lib/python3.12/site-packages/airflow/example_dags/example_branch_labels.py
[2025-03-16T19:27:18.515+0000] {logging_mixin.py:190} INFO - [2025-03-16T19:27:18.515+0000] {dag.py:3239} INFO - Sync 1 DAGs
[2025-03-16T19:27:18.555+0000] {logging_mixin.py:190} INFO - [2025-03-16T19:27:18.554+0000] {dag.py:4180} INFO - Setting next_dagrun for example_branch_labels to 2025-03-15 00:00:00+00:00, run_after=2025-03-16 00:00:00+00:00
[2025-03-16T19:27:18.585+0000] {processor.py:208} INFO - Processing /home/airflow/.local/lib/python3.12/site-packages/airflow/example_dags/example_branch_labels.py took 0.138 seconds
[2025-03-16T19:27:50.951+0000] {processor.py:186} INFO - Started process (PID=91464) to work on /home/airflow/.local/lib/python3.12/site-packages/airflow/example_dags/example_branch_labels.py
[2025-03-16T19:27:50.953+0000] {processor.py:914} INFO - Processing file /home/airflow/.local/lib/python3.12/site-packages/airflow/example_dags/example_branch_labels.py for tasks to queue
[2025-03-16T19:27:50.955+0000] {logging_mixin.py:190} INFO - [2025-03-16T19:27:50.954+0000] {dagbag.py:588} INFO - Filling up the DagBag from /home/airflow/.local/lib/python3.12/site-packages/airflow/example_dags/example_branch_labels.py
[2025-03-16T19:27:50.971+0000] {processor.py:925} INFO - DAG(s) 'example_branch_labels' retrieved from /home/airflow/.local/lib/python3.12/site-packages/airflow/example_dags/example_branch_labels.py
[2025-03-16T19:27:51.010+0000] {logging_mixin.py:190} INFO - [2025-03-16T19:27:51.010+0000] {dag.py:3239} INFO - Sync 1 DAGs
[2025-03-16T19:27:51.057+0000] {logging_mixin.py:190} INFO - [2025-03-16T19:27:51.057+0000] {dag.py:4180} INFO - Setting next_dagrun for example_branch_labels to 2025-03-15 00:00:00+00:00, run_after=2025-03-16 00:00:00+00:00
[2025-03-16T19:27:51.094+0000] {processor.py:208} INFO - Processing /home/airflow/.local/lib/python3.12/site-packages/airflow/example_dags/example_branch_labels.py took 0.155 seconds
[2025-03-16T19:28:22.585+0000] {processor.py:186} INFO - Started process (PID=91528) to work on /home/airflow/.local/lib/python3.12/site-packages/airflow/example_dags/example_branch_labels.py
[2025-03-16T19:28:22.589+0000] {processor.py:914} INFO - Processing file /home/airflow/.local/lib/python3.12/site-packages/airflow/example_dags/example_branch_labels.py for tasks to queue
[2025-03-16T19:28:22.592+0000] {logging_mixin.py:190} INFO - [2025-03-16T19:28:22.592+0000] {dagbag.py:588} INFO - Filling up the DagBag from /home/airflow/.local/lib/python3.12/site-packages/airflow/example_dags/example_branch_labels.py
[2025-03-16T19:28:22.611+0000] {processor.py:925} INFO - DAG(s) 'example_branch_labels' retrieved from /home/airflow/.local/lib/python3.12/site-packages/airflow/example_dags/example_branch_labels.py
[2025-03-16T19:28:22.653+0000] {logging_mixin.py:190} INFO - [2025-03-16T19:28:22.653+0000] {dag.py:3239} INFO - Sync 1 DAGs
[2025-03-16T19:28:22.699+0000] {logging_mixin.py:190} INFO - [2025-03-16T19:28:22.699+0000] {dag.py:4180} INFO - Setting next_dagrun for example_branch_labels to 2025-03-15 00:00:00+00:00, run_after=2025-03-16 00:00:00+00:00
[2025-03-16T19:28:23.019+0000] {processor.py:208} INFO - Processing /home/airflow/.local/lib/python3.12/site-packages/airflow/example_dags/example_branch_labels.py took 0.444 seconds
[2025-03-16T19:28:53.209+0000] {processor.py:186} INFO - Started process (PID=91592) to work on /home/airflow/.local/lib/python3.12/site-packages/airflow/example_dags/example_branch_labels.py
[2025-03-16T19:28:53.211+0000] {processor.py:914} INFO - Processing file /home/airflow/.local/lib/python3.12/site-packages/airflow/example_dags/example_branch_labels.py for tasks to queue
[2025-03-16T19:28:53.213+0000] {logging_mixin.py:190} INFO - [2025-03-16T19:28:53.213+0000] {dagbag.py:588} INFO - Filling up the DagBag from /home/airflow/.local/lib/python3.12/site-packages/airflow/example_dags/example_branch_labels.py
[2025-03-16T19:28:53.230+0000] {processor.py:925} INFO - DAG(s) 'example_branch_labels' retrieved from /home/airflow/.local/lib/python3.12/site-packages/airflow/example_dags/example_branch_labels.py
[2025-03-16T19:28:53.271+0000] {logging_mixin.py:190} INFO - [2025-03-16T19:28:53.271+0000] {dag.py:3239} INFO - Sync 1 DAGs
[2025-03-16T19:28:53.316+0000] {logging_mixin.py:190} INFO - [2025-03-16T19:28:53.315+0000] {dag.py:4180} INFO - Setting next_dagrun for example_branch_labels to 2025-03-15 00:00:00+00:00, run_after=2025-03-16 00:00:00+00:00
[2025-03-16T19:28:53.357+0000] {processor.py:208} INFO - Processing /home/airflow/.local/lib/python3.12/site-packages/airflow/example_dags/example_branch_labels.py took 0.158 seconds
[2025-03-16T19:29:24.371+0000] {processor.py:186} INFO - Started process (PID=91656) to work on /home/airflow/.local/lib/python3.12/site-packages/airflow/example_dags/example_branch_labels.py
[2025-03-16T19:29:24.373+0000] {processor.py:914} INFO - Processing file /home/airflow/.local/lib/python3.12/site-packages/airflow/example_dags/example_branch_labels.py for tasks to queue
[2025-03-16T19:29:24.375+0000] {logging_mixin.py:190} INFO - [2025-03-16T19:29:24.374+0000] {dagbag.py:588} INFO - Filling up the DagBag from /home/airflow/.local/lib/python3.12/site-packages/airflow/example_dags/example_branch_labels.py
[2025-03-16T19:29:24.410+0000] {processor.py:925} INFO - DAG(s) 'example_branch_labels' retrieved from /home/airflow/.local/lib/python3.12/site-packages/airflow/example_dags/example_branch_labels.py
[2025-03-16T19:29:24.471+0000] {logging_mixin.py:190} INFO - [2025-03-16T19:29:24.470+0000] {dag.py:3239} INFO - Sync 1 DAGs
[2025-03-16T19:29:24.524+0000] {logging_mixin.py:190} INFO - [2025-03-16T19:29:24.523+0000] {dag.py:4180} INFO - Setting next_dagrun for example_branch_labels to 2025-03-15 00:00:00+00:00, run_after=2025-03-16 00:00:00+00:00
[2025-03-16T19:29:24.563+0000] {processor.py:208} INFO - Processing /home/airflow/.local/lib/python3.12/site-packages/airflow/example_dags/example_branch_labels.py took 0.204 seconds
[2025-03-16T19:29:57.362+0000] {processor.py:186} INFO - Started process (PID=91726) to work on /home/airflow/.local/lib/python3.12/site-packages/airflow/example_dags/example_branch_labels.py
[2025-03-16T19:29:57.365+0000] {processor.py:914} INFO - Processing file /home/airflow/.local/lib/python3.12/site-packages/airflow/example_dags/example_branch_labels.py for tasks to queue
[2025-03-16T19:29:57.367+0000] {logging_mixin.py:190} INFO - [2025-03-16T19:29:57.366+0000] {dagbag.py:588} INFO - Filling up the DagBag from /home/airflow/.local/lib/python3.12/site-packages/airflow/example_dags/example_branch_labels.py
[2025-03-16T19:29:57.384+0000] {processor.py:925} INFO - DAG(s) 'example_branch_labels' retrieved from /home/airflow/.local/lib/python3.12/site-packages/airflow/example_dags/example_branch_labels.py
[2025-03-16T19:29:57.426+0000] {logging_mixin.py:190} INFO - [2025-03-16T19:29:57.426+0000] {dag.py:3239} INFO - Sync 1 DAGs
[2025-03-16T19:29:57.472+0000] {logging_mixin.py:190} INFO - [2025-03-16T19:29:57.472+0000] {dag.py:4180} INFO - Setting next_dagrun for example_branch_labels to 2025-03-15 00:00:00+00:00, run_after=2025-03-16 00:00:00+00:00
[2025-03-16T19:29:57.507+0000] {processor.py:208} INFO - Processing /home/airflow/.local/lib/python3.12/site-packages/airflow/example_dags/example_branch_labels.py took 0.156 seconds
[2025-03-16T19:30:27.698+0000] {processor.py:186} INFO - Started process (PID=91790) to work on /home/airflow/.local/lib/python3.12/site-packages/airflow/example_dags/example_branch_labels.py
[2025-03-16T19:30:27.700+0000] {processor.py:914} INFO - Processing file /home/airflow/.local/lib/python3.12/site-packages/airflow/example_dags/example_branch_labels.py for tasks to queue
[2025-03-16T19:30:27.702+0000] {logging_mixin.py:190} INFO - [2025-03-16T19:30:27.701+0000] {dagbag.py:588} INFO - Filling up the DagBag from /home/airflow/.local/lib/python3.12/site-packages/airflow/example_dags/example_branch_labels.py
[2025-03-16T19:30:27.718+0000] {processor.py:925} INFO - DAG(s) 'example_branch_labels' retrieved from /home/airflow/.local/lib/python3.12/site-packages/airflow/example_dags/example_branch_labels.py
[2025-03-16T19:30:27.753+0000] {logging_mixin.py:190} INFO - [2025-03-16T19:30:27.752+0000] {dag.py:3239} INFO - Sync 1 DAGs
[2025-03-16T19:30:27.801+0000] {logging_mixin.py:190} INFO - [2025-03-16T19:30:27.801+0000] {dag.py:4180} INFO - Setting next_dagrun for example_branch_labels to 2025-03-15 00:00:00+00:00, run_after=2025-03-16 00:00:00+00:00
[2025-03-16T19:30:27.834+0000] {processor.py:208} INFO - Processing /home/airflow/.local/lib/python3.12/site-packages/airflow/example_dags/example_branch_labels.py took 0.147 seconds
[2025-03-16T19:30:57.959+0000] {processor.py:186} INFO - Started process (PID=91853) to work on /home/airflow/.local/lib/python3.12/site-packages/airflow/example_dags/example_branch_labels.py
[2025-03-16T19:30:57.962+0000] {processor.py:914} INFO - Processing file /home/airflow/.local/lib/python3.12/site-packages/airflow/example_dags/example_branch_labels.py for tasks to queue
[2025-03-16T19:30:57.966+0000] {logging_mixin.py:190} INFO - [2025-03-16T19:30:57.965+0000] {dagbag.py:588} INFO - Filling up the DagBag from /home/airflow/.local/lib/python3.12/site-packages/airflow/example_dags/example_branch_labels.py
[2025-03-16T19:30:57.982+0000] {processor.py:925} INFO - DAG(s) 'example_branch_labels' retrieved from /home/airflow/.local/lib/python3.12/site-packages/airflow/example_dags/example_branch_labels.py
[2025-03-16T19:30:58.020+0000] {logging_mixin.py:190} INFO - [2025-03-16T19:30:58.020+0000] {dag.py:3239} INFO - Sync 1 DAGs
[2025-03-16T19:30:58.067+0000] {logging_mixin.py:190} INFO - [2025-03-16T19:30:58.067+0000] {dag.py:4180} INFO - Setting next_dagrun for example_branch_labels to 2025-03-15 00:00:00+00:00, run_after=2025-03-16 00:00:00+00:00
[2025-03-16T19:30:58.103+0000] {processor.py:208} INFO - Processing /home/airflow/.local/lib/python3.12/site-packages/airflow/example_dags/example_branch_labels.py took 0.154 seconds
[2025-03-16T19:31:29.018+0000] {processor.py:186} INFO - Started process (PID=91917) to work on /home/airflow/.local/lib/python3.12/site-packages/airflow/example_dags/example_branch_labels.py
[2025-03-16T19:31:29.020+0000] {processor.py:914} INFO - Processing file /home/airflow/.local/lib/python3.12/site-packages/airflow/example_dags/example_branch_labels.py for tasks to queue
[2025-03-16T19:31:29.022+0000] {logging_mixin.py:190} INFO - [2025-03-16T19:31:29.021+0000] {dagbag.py:588} INFO - Filling up the DagBag from /home/airflow/.local/lib/python3.12/site-packages/airflow/example_dags/example_branch_labels.py
[2025-03-16T19:31:29.040+0000] {processor.py:925} INFO - DAG(s) 'example_branch_labels' retrieved from /home/airflow/.local/lib/python3.12/site-packages/airflow/example_dags/example_branch_labels.py
[2025-03-16T19:31:29.077+0000] {logging_mixin.py:190} INFO - [2025-03-16T19:31:29.076+0000] {dag.py:3239} INFO - Sync 1 DAGs
[2025-03-16T19:31:29.120+0000] {logging_mixin.py:190} INFO - [2025-03-16T19:31:29.120+0000] {dag.py:4180} INFO - Setting next_dagrun for example_branch_labels to 2025-03-15 00:00:00+00:00, run_after=2025-03-16 00:00:00+00:00
[2025-03-16T19:31:29.156+0000] {processor.py:208} INFO - Processing /home/airflow/.local/lib/python3.12/site-packages/airflow/example_dags/example_branch_labels.py took 0.149 seconds
[2025-03-16T19:31:59.621+0000] {processor.py:186} INFO - Started process (PID=91981) to work on /home/airflow/.local/lib/python3.12/site-packages/airflow/example_dags/example_branch_labels.py
[2025-03-16T19:31:59.623+0000] {processor.py:914} INFO - Processing file /home/airflow/.local/lib/python3.12/site-packages/airflow/example_dags/example_branch_labels.py for tasks to queue
[2025-03-16T19:31:59.626+0000] {logging_mixin.py:190} INFO - [2025-03-16T19:31:59.625+0000] {dagbag.py:588} INFO - Filling up the DagBag from /home/airflow/.local/lib/python3.12/site-packages/airflow/example_dags/example_branch_labels.py
[2025-03-16T19:31:59.656+0000] {processor.py:925} INFO - DAG(s) 'example_branch_labels' retrieved from /home/airflow/.local/lib/python3.12/site-packages/airflow/example_dags/example_branch_labels.py
[2025-03-16T19:31:59.700+0000] {logging_mixin.py:190} INFO - [2025-03-16T19:31:59.700+0000] {dag.py:3239} INFO - Sync 1 DAGs
[2025-03-16T19:31:59.745+0000] {logging_mixin.py:190} INFO - [2025-03-16T19:31:59.744+0000] {dag.py:4180} INFO - Setting next_dagrun for example_branch_labels to 2025-03-15 00:00:00+00:00, run_after=2025-03-16 00:00:00+00:00
[2025-03-16T19:31:59.780+0000] {processor.py:208} INFO - Processing /home/airflow/.local/lib/python3.12/site-packages/airflow/example_dags/example_branch_labels.py took 0.171 seconds
[2025-03-16T19:32:29.886+0000] {processor.py:186} INFO - Started process (PID=92045) to work on /home/airflow/.local/lib/python3.12/site-packages/airflow/example_dags/example_branch_labels.py
[2025-03-16T19:32:29.890+0000] {processor.py:914} INFO - Processing file /home/airflow/.local/lib/python3.12/site-packages/airflow/example_dags/example_branch_labels.py for tasks to queue
[2025-03-16T19:32:29.895+0000] {logging_mixin.py:190} INFO - [2025-03-16T19:32:29.894+0000] {dagbag.py:588} INFO - Filling up the DagBag from /home/airflow/.local/lib/python3.12/site-packages/airflow/example_dags/example_branch_labels.py
[2025-03-16T19:32:29.913+0000] {processor.py:925} INFO - DAG(s) 'example_branch_labels' retrieved from /home/airflow/.local/lib/python3.12/site-packages/airflow/example_dags/example_branch_labels.py
[2025-03-16T19:32:29.955+0000] {logging_mixin.py:190} INFO - [2025-03-16T19:32:29.954+0000] {dag.py:3239} INFO - Sync 1 DAGs
[2025-03-16T19:32:30.008+0000] {logging_mixin.py:190} INFO - [2025-03-16T19:32:30.008+0000] {dag.py:4180} INFO - Setting next_dagrun for example_branch_labels to 2025-03-15 00:00:00+00:00, run_after=2025-03-16 00:00:00+00:00
[2025-03-16T19:32:30.047+0000] {processor.py:208} INFO - Processing /home/airflow/.local/lib/python3.12/site-packages/airflow/example_dags/example_branch_labels.py took 0.172 seconds
[2025-03-16T19:33:00.254+0000] {processor.py:186} INFO - Started process (PID=92109) to work on /home/airflow/.local/lib/python3.12/site-packages/airflow/example_dags/example_branch_labels.py
[2025-03-16T19:33:00.255+0000] {processor.py:914} INFO - Processing file /home/airflow/.local/lib/python3.12/site-packages/airflow/example_dags/example_branch_labels.py for tasks to queue
[2025-03-16T19:33:00.257+0000] {logging_mixin.py:190} INFO - [2025-03-16T19:33:00.257+0000] {dagbag.py:588} INFO - Filling up the DagBag from /home/airflow/.local/lib/python3.12/site-packages/airflow/example_dags/example_branch_labels.py
[2025-03-16T19:33:00.273+0000] {processor.py:925} INFO - DAG(s) 'example_branch_labels' retrieved from /home/airflow/.local/lib/python3.12/site-packages/airflow/example_dags/example_branch_labels.py
[2025-03-16T19:33:00.308+0000] {logging_mixin.py:190} INFO - [2025-03-16T19:33:00.308+0000] {dag.py:3239} INFO - Sync 1 DAGs
[2025-03-16T19:33:00.351+0000] {logging_mixin.py:190} INFO - [2025-03-16T19:33:00.350+0000] {dag.py:4180} INFO - Setting next_dagrun for example_branch_labels to 2025-03-15 00:00:00+00:00, run_after=2025-03-16 00:00:00+00:00
[2025-03-16T19:33:00.385+0000] {processor.py:208} INFO - Processing /home/airflow/.local/lib/python3.12/site-packages/airflow/example_dags/example_branch_labels.py took 0.143 seconds
[2025-03-16T19:33:30.558+0000] {processor.py:186} INFO - Started process (PID=92172) to work on /home/airflow/.local/lib/python3.12/site-packages/airflow/example_dags/example_branch_labels.py
[2025-03-16T19:33:30.559+0000] {processor.py:914} INFO - Processing file /home/airflow/.local/lib/python3.12/site-packages/airflow/example_dags/example_branch_labels.py for tasks to queue
[2025-03-16T19:33:30.561+0000] {logging_mixin.py:190} INFO - [2025-03-16T19:33:30.561+0000] {dagbag.py:588} INFO - Filling up the DagBag from /home/airflow/.local/lib/python3.12/site-packages/airflow/example_dags/example_branch_labels.py
[2025-03-16T19:33:30.576+0000] {processor.py:925} INFO - DAG(s) 'example_branch_labels' retrieved from /home/airflow/.local/lib/python3.12/site-packages/airflow/example_dags/example_branch_labels.py
[2025-03-16T19:33:30.609+0000] {logging_mixin.py:190} INFO - [2025-03-16T19:33:30.608+0000] {dag.py:3239} INFO - Sync 1 DAGs
[2025-03-16T19:33:30.647+0000] {logging_mixin.py:190} INFO - [2025-03-16T19:33:30.647+0000] {dag.py:4180} INFO - Setting next_dagrun for example_branch_labels to 2025-03-15 00:00:00+00:00, run_after=2025-03-16 00:00:00+00:00
[2025-03-16T19:33:30.678+0000] {processor.py:208} INFO - Processing /home/airflow/.local/lib/python3.12/site-packages/airflow/example_dags/example_branch_labels.py took 0.130 seconds
[2025-03-16T19:34:01.084+0000] {processor.py:186} INFO - Started process (PID=92236) to work on /home/airflow/.local/lib/python3.12/site-packages/airflow/example_dags/example_branch_labels.py
[2025-03-16T19:34:01.086+0000] {processor.py:914} INFO - Processing file /home/airflow/.local/lib/python3.12/site-packages/airflow/example_dags/example_branch_labels.py for tasks to queue
[2025-03-16T19:34:01.089+0000] {logging_mixin.py:190} INFO - [2025-03-16T19:34:01.088+0000] {dagbag.py:588} INFO - Filling up the DagBag from /home/airflow/.local/lib/python3.12/site-packages/airflow/example_dags/example_branch_labels.py
[2025-03-16T19:34:01.105+0000] {processor.py:925} INFO - DAG(s) 'example_branch_labels' retrieved from /home/airflow/.local/lib/python3.12/site-packages/airflow/example_dags/example_branch_labels.py
[2025-03-16T19:34:01.143+0000] {logging_mixin.py:190} INFO - [2025-03-16T19:34:01.142+0000] {dag.py:3239} INFO - Sync 1 DAGs
[2025-03-16T19:34:01.192+0000] {logging_mixin.py:190} INFO - [2025-03-16T19:34:01.191+0000] {dag.py:4180} INFO - Setting next_dagrun for example_branch_labels to 2025-03-15 00:00:00+00:00, run_after=2025-03-16 00:00:00+00:00
[2025-03-16T19:34:01.229+0000] {processor.py:208} INFO - Processing /home/airflow/.local/lib/python3.12/site-packages/airflow/example_dags/example_branch_labels.py took 0.155 seconds
[2025-03-16T19:34:32.377+0000] {processor.py:186} INFO - Started process (PID=92301) to work on /home/airflow/.local/lib/python3.12/site-packages/airflow/example_dags/example_branch_labels.py
[2025-03-16T19:34:32.378+0000] {processor.py:914} INFO - Processing file /home/airflow/.local/lib/python3.12/site-packages/airflow/example_dags/example_branch_labels.py for tasks to queue
[2025-03-16T19:34:32.380+0000] {logging_mixin.py:190} INFO - [2025-03-16T19:34:32.380+0000] {dagbag.py:588} INFO - Filling up the DagBag from /home/airflow/.local/lib/python3.12/site-packages/airflow/example_dags/example_branch_labels.py
[2025-03-16T19:34:32.394+0000] {processor.py:925} INFO - DAG(s) 'example_branch_labels' retrieved from /home/airflow/.local/lib/python3.12/site-packages/airflow/example_dags/example_branch_labels.py
[2025-03-16T19:34:32.429+0000] {logging_mixin.py:190} INFO - [2025-03-16T19:34:32.429+0000] {dag.py:3239} INFO - Sync 1 DAGs
[2025-03-16T19:34:32.469+0000] {logging_mixin.py:190} INFO - [2025-03-16T19:34:32.468+0000] {dag.py:4180} INFO - Setting next_dagrun for example_branch_labels to 2025-03-15 00:00:00+00:00, run_after=2025-03-16 00:00:00+00:00
[2025-03-16T19:34:32.501+0000] {processor.py:208} INFO - Processing /home/airflow/.local/lib/python3.12/site-packages/airflow/example_dags/example_branch_labels.py took 0.133 seconds
[2025-03-16T19:35:02.909+0000] {processor.py:186} INFO - Started process (PID=92364) to work on /home/airflow/.local/lib/python3.12/site-packages/airflow/example_dags/example_branch_labels.py
[2025-03-16T19:35:02.911+0000] {processor.py:914} INFO - Processing file /home/airflow/.local/lib/python3.12/site-packages/airflow/example_dags/example_branch_labels.py for tasks to queue
[2025-03-16T19:35:02.912+0000] {logging_mixin.py:190} INFO - [2025-03-16T19:35:02.912+0000] {dagbag.py:588} INFO - Filling up the DagBag from /home/airflow/.local/lib/python3.12/site-packages/airflow/example_dags/example_branch_labels.py
[2025-03-16T19:35:02.931+0000] {processor.py:925} INFO - DAG(s) 'example_branch_labels' retrieved from /home/airflow/.local/lib/python3.12/site-packages/airflow/example_dags/example_branch_labels.py
[2025-03-16T19:35:02.963+0000] {logging_mixin.py:190} INFO - [2025-03-16T19:35:02.962+0000] {dag.py:3239} INFO - Sync 1 DAGs
[2025-03-16T19:35:03.003+0000] {logging_mixin.py:190} INFO - [2025-03-16T19:35:03.003+0000] {dag.py:4180} INFO - Setting next_dagrun for example_branch_labels to 2025-03-15 00:00:00+00:00, run_after=2025-03-16 00:00:00+00:00
[2025-03-16T19:35:03.031+0000] {processor.py:208} INFO - Processing /home/airflow/.local/lib/python3.12/site-packages/airflow/example_dags/example_branch_labels.py took 0.130 seconds
[2025-03-16T19:35:33.364+0000] {processor.py:186} INFO - Started process (PID=92428) to work on /home/airflow/.local/lib/python3.12/site-packages/airflow/example_dags/example_branch_labels.py
[2025-03-16T19:35:33.366+0000] {processor.py:914} INFO - Processing file /home/airflow/.local/lib/python3.12/site-packages/airflow/example_dags/example_branch_labels.py for tasks to queue
[2025-03-16T19:35:33.368+0000] {logging_mixin.py:190} INFO - [2025-03-16T19:35:33.368+0000] {dagbag.py:588} INFO - Filling up the DagBag from /home/airflow/.local/lib/python3.12/site-packages/airflow/example_dags/example_branch_labels.py
[2025-03-16T19:35:33.386+0000] {processor.py:925} INFO - DAG(s) 'example_branch_labels' retrieved from /home/airflow/.local/lib/python3.12/site-packages/airflow/example_dags/example_branch_labels.py
[2025-03-16T19:35:33.424+0000] {logging_mixin.py:190} INFO - [2025-03-16T19:35:33.424+0000] {dag.py:3239} INFO - Sync 1 DAGs
[2025-03-16T19:35:33.465+0000] {logging_mixin.py:190} INFO - [2025-03-16T19:35:33.464+0000] {dag.py:4180} INFO - Setting next_dagrun for example_branch_labels to 2025-03-15 00:00:00+00:00, run_after=2025-03-16 00:00:00+00:00
[2025-03-16T19:35:33.495+0000] {processor.py:208} INFO - Processing /home/airflow/.local/lib/python3.12/site-packages/airflow/example_dags/example_branch_labels.py took 0.139 seconds
[2025-03-16T19:36:04.167+0000] {processor.py:186} INFO - Started process (PID=92491) to work on /home/airflow/.local/lib/python3.12/site-packages/airflow/example_dags/example_branch_labels.py
[2025-03-16T19:36:04.169+0000] {processor.py:914} INFO - Processing file /home/airflow/.local/lib/python3.12/site-packages/airflow/example_dags/example_branch_labels.py for tasks to queue
[2025-03-16T19:36:04.171+0000] {logging_mixin.py:190} INFO - [2025-03-16T19:36:04.170+0000] {dagbag.py:588} INFO - Filling up the DagBag from /home/airflow/.local/lib/python3.12/site-packages/airflow/example_dags/example_branch_labels.py
[2025-03-16T19:36:04.187+0000] {processor.py:925} INFO - DAG(s) 'example_branch_labels' retrieved from /home/airflow/.local/lib/python3.12/site-packages/airflow/example_dags/example_branch_labels.py
[2025-03-16T19:36:04.217+0000] {logging_mixin.py:190} INFO - [2025-03-16T19:36:04.217+0000] {dag.py:3239} INFO - Sync 1 DAGs
[2025-03-16T19:36:04.262+0000] {logging_mixin.py:190} INFO - [2025-03-16T19:36:04.261+0000] {dag.py:4180} INFO - Setting next_dagrun for example_branch_labels to 2025-03-15 00:00:00+00:00, run_after=2025-03-16 00:00:00+00:00
[2025-03-16T19:36:04.290+0000] {processor.py:208} INFO - Processing /home/airflow/.local/lib/python3.12/site-packages/airflow/example_dags/example_branch_labels.py took 0.131 seconds
[2025-03-16T19:36:34.543+0000] {processor.py:186} INFO - Started process (PID=92555) to work on /home/airflow/.local/lib/python3.12/site-packages/airflow/example_dags/example_branch_labels.py
[2025-03-16T19:36:34.545+0000] {processor.py:914} INFO - Processing file /home/airflow/.local/lib/python3.12/site-packages/airflow/example_dags/example_branch_labels.py for tasks to queue
[2025-03-16T19:36:34.547+0000] {logging_mixin.py:190} INFO - [2025-03-16T19:36:34.546+0000] {dagbag.py:588} INFO - Filling up the DagBag from /home/airflow/.local/lib/python3.12/site-packages/airflow/example_dags/example_branch_labels.py
[2025-03-16T19:36:34.561+0000] {processor.py:925} INFO - DAG(s) 'example_branch_labels' retrieved from /home/airflow/.local/lib/python3.12/site-packages/airflow/example_dags/example_branch_labels.py
[2025-03-16T19:36:34.592+0000] {logging_mixin.py:190} INFO - [2025-03-16T19:36:34.592+0000] {dag.py:3239} INFO - Sync 1 DAGs
[2025-03-16T19:36:34.637+0000] {logging_mixin.py:190} INFO - [2025-03-16T19:36:34.637+0000] {dag.py:4180} INFO - Setting next_dagrun for example_branch_labels to 2025-03-15 00:00:00+00:00, run_after=2025-03-16 00:00:00+00:00
[2025-03-16T19:36:34.665+0000] {processor.py:208} INFO - Processing /home/airflow/.local/lib/python3.12/site-packages/airflow/example_dags/example_branch_labels.py took 0.133 seconds
[2025-03-16T19:37:04.938+0000] {processor.py:186} INFO - Started process (PID=92619) to work on /home/airflow/.local/lib/python3.12/site-packages/airflow/example_dags/example_branch_labels.py
[2025-03-16T19:37:04.939+0000] {processor.py:914} INFO - Processing file /home/airflow/.local/lib/python3.12/site-packages/airflow/example_dags/example_branch_labels.py for tasks to queue
[2025-03-16T19:37:04.941+0000] {logging_mixin.py:190} INFO - [2025-03-16T19:37:04.941+0000] {dagbag.py:588} INFO - Filling up the DagBag from /home/airflow/.local/lib/python3.12/site-packages/airflow/example_dags/example_branch_labels.py
[2025-03-16T19:37:04.954+0000] {processor.py:925} INFO - DAG(s) 'example_branch_labels' retrieved from /home/airflow/.local/lib/python3.12/site-packages/airflow/example_dags/example_branch_labels.py
[2025-03-16T19:37:04.984+0000] {logging_mixin.py:190} INFO - [2025-03-16T19:37:04.984+0000] {dag.py:3239} INFO - Sync 1 DAGs
[2025-03-16T19:37:05.031+0000] {logging_mixin.py:190} INFO - [2025-03-16T19:37:05.030+0000] {dag.py:4180} INFO - Setting next_dagrun for example_branch_labels to 2025-03-15 00:00:00+00:00, run_after=2025-03-16 00:00:00+00:00
[2025-03-16T19:37:05.060+0000] {processor.py:208} INFO - Processing /home/airflow/.local/lib/python3.12/site-packages/airflow/example_dags/example_branch_labels.py took 0.131 seconds
[2025-03-16T19:37:35.542+0000] {processor.py:186} INFO - Started process (PID=92683) to work on /home/airflow/.local/lib/python3.12/site-packages/airflow/example_dags/example_branch_labels.py
[2025-03-16T19:37:35.544+0000] {processor.py:914} INFO - Processing file /home/airflow/.local/lib/python3.12/site-packages/airflow/example_dags/example_branch_labels.py for tasks to queue
[2025-03-16T19:37:35.546+0000] {logging_mixin.py:190} INFO - [2025-03-16T19:37:35.546+0000] {dagbag.py:588} INFO - Filling up the DagBag from /home/airflow/.local/lib/python3.12/site-packages/airflow/example_dags/example_branch_labels.py
[2025-03-16T19:37:35.562+0000] {processor.py:925} INFO - DAG(s) 'example_branch_labels' retrieved from /home/airflow/.local/lib/python3.12/site-packages/airflow/example_dags/example_branch_labels.py
[2025-03-16T19:37:35.600+0000] {logging_mixin.py:190} INFO - [2025-03-16T19:37:35.599+0000] {dag.py:3239} INFO - Sync 1 DAGs
[2025-03-16T19:37:35.652+0000] {logging_mixin.py:190} INFO - [2025-03-16T19:37:35.651+0000] {dag.py:4180} INFO - Setting next_dagrun for example_branch_labels to 2025-03-15 00:00:00+00:00, run_after=2025-03-16 00:00:00+00:00
[2025-03-16T19:37:35.689+0000] {processor.py:208} INFO - Processing /home/airflow/.local/lib/python3.12/site-packages/airflow/example_dags/example_branch_labels.py took 0.157 seconds
[2025-03-16T19:38:05.907+0000] {processor.py:186} INFO - Started process (PID=92747) to work on /home/airflow/.local/lib/python3.12/site-packages/airflow/example_dags/example_branch_labels.py
[2025-03-16T19:38:05.910+0000] {processor.py:914} INFO - Processing file /home/airflow/.local/lib/python3.12/site-packages/airflow/example_dags/example_branch_labels.py for tasks to queue
[2025-03-16T19:38:05.912+0000] {logging_mixin.py:190} INFO - [2025-03-16T19:38:05.911+0000] {dagbag.py:588} INFO - Filling up the DagBag from /home/airflow/.local/lib/python3.12/site-packages/airflow/example_dags/example_branch_labels.py
[2025-03-16T19:38:05.928+0000] {processor.py:925} INFO - DAG(s) 'example_branch_labels' retrieved from /home/airflow/.local/lib/python3.12/site-packages/airflow/example_dags/example_branch_labels.py
[2025-03-16T19:38:05.965+0000] {logging_mixin.py:190} INFO - [2025-03-16T19:38:05.964+0000] {dag.py:3239} INFO - Sync 1 DAGs
[2025-03-16T19:38:06.010+0000] {logging_mixin.py:190} INFO - [2025-03-16T19:38:06.010+0000] {dag.py:4180} INFO - Setting next_dagrun for example_branch_labels to 2025-03-15 00:00:00+00:00, run_after=2025-03-16 00:00:00+00:00
[2025-03-16T19:38:06.042+0000] {processor.py:208} INFO - Processing /home/airflow/.local/lib/python3.12/site-packages/airflow/example_dags/example_branch_labels.py took 0.144 seconds
[2025-03-16T19:38:36.271+0000] {processor.py:186} INFO - Started process (PID=92812) to work on /home/airflow/.local/lib/python3.12/site-packages/airflow/example_dags/example_branch_labels.py
[2025-03-16T19:38:36.272+0000] {processor.py:914} INFO - Processing file /home/airflow/.local/lib/python3.12/site-packages/airflow/example_dags/example_branch_labels.py for tasks to queue
[2025-03-16T19:38:36.274+0000] {logging_mixin.py:190} INFO - [2025-03-16T19:38:36.274+0000] {dagbag.py:588} INFO - Filling up the DagBag from /home/airflow/.local/lib/python3.12/site-packages/airflow/example_dags/example_branch_labels.py
[2025-03-16T19:38:36.287+0000] {processor.py:925} INFO - DAG(s) 'example_branch_labels' retrieved from /home/airflow/.local/lib/python3.12/site-packages/airflow/example_dags/example_branch_labels.py
[2025-03-16T19:38:36.317+0000] {logging_mixin.py:190} INFO - [2025-03-16T19:38:36.317+0000] {dag.py:3239} INFO - Sync 1 DAGs
[2025-03-16T19:38:36.352+0000] {logging_mixin.py:190} INFO - [2025-03-16T19:38:36.351+0000] {dag.py:4180} INFO - Setting next_dagrun for example_branch_labels to 2025-03-15 00:00:00+00:00, run_after=2025-03-16 00:00:00+00:00
[2025-03-16T19:38:36.379+0000] {processor.py:208} INFO - Processing /home/airflow/.local/lib/python3.12/site-packages/airflow/example_dags/example_branch_labels.py took 0.116 seconds
[2025-03-16T19:39:06.972+0000] {processor.py:186} INFO - Started process (PID=92874) to work on /home/airflow/.local/lib/python3.12/site-packages/airflow/example_dags/example_branch_labels.py
[2025-03-16T19:39:06.974+0000] {processor.py:914} INFO - Processing file /home/airflow/.local/lib/python3.12/site-packages/airflow/example_dags/example_branch_labels.py for tasks to queue
[2025-03-16T19:39:06.975+0000] {logging_mixin.py:190} INFO - [2025-03-16T19:39:06.975+0000] {dagbag.py:588} INFO - Filling up the DagBag from /home/airflow/.local/lib/python3.12/site-packages/airflow/example_dags/example_branch_labels.py
[2025-03-16T19:39:06.989+0000] {processor.py:925} INFO - DAG(s) 'example_branch_labels' retrieved from /home/airflow/.local/lib/python3.12/site-packages/airflow/example_dags/example_branch_labels.py
[2025-03-16T19:39:07.019+0000] {logging_mixin.py:190} INFO - [2025-03-16T19:39:07.018+0000] {dag.py:3239} INFO - Sync 1 DAGs
[2025-03-16T19:39:07.053+0000] {logging_mixin.py:190} INFO - [2025-03-16T19:39:07.053+0000] {dag.py:4180} INFO - Setting next_dagrun for example_branch_labels to 2025-03-15 00:00:00+00:00, run_after=2025-03-16 00:00:00+00:00
[2025-03-16T19:39:07.079+0000] {processor.py:208} INFO - Processing /home/airflow/.local/lib/python3.12/site-packages/airflow/example_dags/example_branch_labels.py took 0.114 seconds
