[2025-03-16T19:07:52.139+0000] {processor.py:186} INFO - Started process (PID=88954) to work on /home/airflow/.local/lib/python3.12/site-packages/airflow/example_dags/example_time_delta_sensor_async.py
[2025-03-16T19:07:52.139+0000] {processor.py:914} INFO - Processing file /home/airflow/.local/lib/python3.12/site-packages/airflow/example_dags/example_time_delta_sensor_async.py for tasks to queue
[2025-03-16T19:07:52.141+0000] {logging_mixin.py:190} INFO - [2025-03-16T19:07:52.141+0000] {dagbag.py:588} INFO - Filling up the DagBag from /home/airflow/.local/lib/python3.12/site-packages/airflow/example_dags/example_time_delta_sensor_async.py
[2025-03-16T19:07:52.148+0000] {processor.py:925} INFO - DAG(s) 'example_time_delta_sensor_async' retrieved from /home/airflow/.local/lib/python3.12/site-packages/airflow/example_dags/example_time_delta_sensor_async.py
[2025-03-16T19:07:52.172+0000] {logging_mixin.py:190} INFO - [2025-03-16T19:07:52.172+0000] {dag.py:3239} INFO - Sync 1 DAGs
[2025-03-16T19:07:52.189+0000] {logging_mixin.py:190} INFO - [2025-03-16T19:07:52.189+0000] {dag.py:4180} INFO - Setting next_dagrun for example_time_delta_sensor_async to None, run_after=None
[2025-03-16T19:07:52.212+0000] {processor.py:208} INFO - Processing /home/airflow/.local/lib/python3.12/site-packages/airflow/example_dags/example_time_delta_sensor_async.py took 0.080 seconds
[2025-03-16T19:08:23.149+0000] {processor.py:186} INFO - Started process (PID=89018) to work on /home/airflow/.local/lib/python3.12/site-packages/airflow/example_dags/example_time_delta_sensor_async.py
[2025-03-16T19:08:23.151+0000] {processor.py:914} INFO - Processing file /home/airflow/.local/lib/python3.12/site-packages/airflow/example_dags/example_time_delta_sensor_async.py for tasks to queue
[2025-03-16T19:08:23.152+0000] {logging_mixin.py:190} INFO - [2025-03-16T19:08:23.151+0000] {dagbag.py:588} INFO - Filling up the DagBag from /home/airflow/.local/lib/python3.12/site-packages/airflow/example_dags/example_time_delta_sensor_async.py
[2025-03-16T19:08:23.158+0000] {processor.py:925} INFO - DAG(s) 'example_time_delta_sensor_async' retrieved from /home/airflow/.local/lib/python3.12/site-packages/airflow/example_dags/example_time_delta_sensor_async.py
[2025-03-16T19:08:23.180+0000] {logging_mixin.py:190} INFO - [2025-03-16T19:08:23.179+0000] {dag.py:3239} INFO - Sync 1 DAGs
[2025-03-16T19:08:23.198+0000] {logging_mixin.py:190} INFO - [2025-03-16T19:08:23.197+0000] {dag.py:4180} INFO - Setting next_dagrun for example_time_delta_sensor_async to None, run_after=None
[2025-03-16T19:08:23.220+0000] {processor.py:208} INFO - Processing /home/airflow/.local/lib/python3.12/site-packages/airflow/example_dags/example_time_delta_sensor_async.py took 0.076 seconds
[2025-03-16T19:08:54.036+0000] {processor.py:186} INFO - Started process (PID=89085) to work on /home/airflow/.local/lib/python3.12/site-packages/airflow/example_dags/example_time_delta_sensor_async.py
[2025-03-16T19:08:54.037+0000] {processor.py:914} INFO - Processing file /home/airflow/.local/lib/python3.12/site-packages/airflow/example_dags/example_time_delta_sensor_async.py for tasks to queue
[2025-03-16T19:08:54.038+0000] {logging_mixin.py:190} INFO - [2025-03-16T19:08:54.038+0000] {dagbag.py:588} INFO - Filling up the DagBag from /home/airflow/.local/lib/python3.12/site-packages/airflow/example_dags/example_time_delta_sensor_async.py
[2025-03-16T19:08:54.044+0000] {processor.py:925} INFO - DAG(s) 'example_time_delta_sensor_async' retrieved from /home/airflow/.local/lib/python3.12/site-packages/airflow/example_dags/example_time_delta_sensor_async.py
[2025-03-16T19:08:54.062+0000] {logging_mixin.py:190} INFO - [2025-03-16T19:08:54.062+0000] {dag.py:3239} INFO - Sync 1 DAGs
[2025-03-16T19:08:54.076+0000] {logging_mixin.py:190} INFO - [2025-03-16T19:08:54.076+0000] {dag.py:4180} INFO - Setting next_dagrun for example_time_delta_sensor_async to None, run_after=None
[2025-03-16T19:08:54.094+0000] {processor.py:208} INFO - Processing /home/airflow/.local/lib/python3.12/site-packages/airflow/example_dags/example_time_delta_sensor_async.py took 0.063 seconds
[2025-03-16T19:09:26.215+0000] {processor.py:186} INFO - Started process (PID=89164) to work on /home/airflow/.local/lib/python3.12/site-packages/airflow/example_dags/example_time_delta_sensor_async.py
[2025-03-16T19:09:26.217+0000] {processor.py:914} INFO - Processing file /home/airflow/.local/lib/python3.12/site-packages/airflow/example_dags/example_time_delta_sensor_async.py for tasks to queue
[2025-03-16T19:09:26.219+0000] {logging_mixin.py:190} INFO - [2025-03-16T19:09:26.218+0000] {dagbag.py:588} INFO - Filling up the DagBag from /home/airflow/.local/lib/python3.12/site-packages/airflow/example_dags/example_time_delta_sensor_async.py
[2025-03-16T19:09:26.225+0000] {processor.py:925} INFO - DAG(s) 'example_time_delta_sensor_async' retrieved from /home/airflow/.local/lib/python3.12/site-packages/airflow/example_dags/example_time_delta_sensor_async.py
[2025-03-16T19:09:26.249+0000] {logging_mixin.py:190} INFO - [2025-03-16T19:09:26.248+0000] {dag.py:3239} INFO - Sync 1 DAGs
[2025-03-16T19:09:26.266+0000] {logging_mixin.py:190} INFO - [2025-03-16T19:09:26.266+0000] {dag.py:4180} INFO - Setting next_dagrun for example_time_delta_sensor_async to None, run_after=None
[2025-03-16T19:09:26.292+0000] {processor.py:208} INFO - Processing /home/airflow/.local/lib/python3.12/site-packages/airflow/example_dags/example_time_delta_sensor_async.py took 0.082 seconds
[2025-03-16T19:09:57.686+0000] {processor.py:186} INFO - Started process (PID=89235) to work on /home/airflow/.local/lib/python3.12/site-packages/airflow/example_dags/example_time_delta_sensor_async.py
[2025-03-16T19:09:57.687+0000] {processor.py:914} INFO - Processing file /home/airflow/.local/lib/python3.12/site-packages/airflow/example_dags/example_time_delta_sensor_async.py for tasks to queue
[2025-03-16T19:09:57.689+0000] {logging_mixin.py:190} INFO - [2025-03-16T19:09:57.688+0000] {dagbag.py:588} INFO - Filling up the DagBag from /home/airflow/.local/lib/python3.12/site-packages/airflow/example_dags/example_time_delta_sensor_async.py
[2025-03-16T19:09:57.696+0000] {processor.py:925} INFO - DAG(s) 'example_time_delta_sensor_async' retrieved from /home/airflow/.local/lib/python3.12/site-packages/airflow/example_dags/example_time_delta_sensor_async.py
[2025-03-16T19:09:57.719+0000] {logging_mixin.py:190} INFO - [2025-03-16T19:09:57.718+0000] {dag.py:3239} INFO - Sync 1 DAGs
[2025-03-16T19:09:57.735+0000] {logging_mixin.py:190} INFO - [2025-03-16T19:09:57.734+0000] {dag.py:4180} INFO - Setting next_dagrun for example_time_delta_sensor_async to None, run_after=None
[2025-03-16T19:09:57.759+0000] {processor.py:208} INFO - Processing /home/airflow/.local/lib/python3.12/site-packages/airflow/example_dags/example_time_delta_sensor_async.py took 0.078 seconds
[2025-03-16T19:10:28.734+0000] {processor.py:186} INFO - Started process (PID=89300) to work on /home/airflow/.local/lib/python3.12/site-packages/airflow/example_dags/example_time_delta_sensor_async.py
[2025-03-16T19:10:28.735+0000] {processor.py:914} INFO - Processing file /home/airflow/.local/lib/python3.12/site-packages/airflow/example_dags/example_time_delta_sensor_async.py for tasks to queue
[2025-03-16T19:10:28.737+0000] {logging_mixin.py:190} INFO - [2025-03-16T19:10:28.737+0000] {dagbag.py:588} INFO - Filling up the DagBag from /home/airflow/.local/lib/python3.12/site-packages/airflow/example_dags/example_time_delta_sensor_async.py
[2025-03-16T19:10:28.745+0000] {processor.py:925} INFO - DAG(s) 'example_time_delta_sensor_async' retrieved from /home/airflow/.local/lib/python3.12/site-packages/airflow/example_dags/example_time_delta_sensor_async.py
[2025-03-16T19:10:28.771+0000] {logging_mixin.py:190} INFO - [2025-03-16T19:10:28.770+0000] {dag.py:3239} INFO - Sync 1 DAGs
[2025-03-16T19:10:28.785+0000] {logging_mixin.py:190} INFO - [2025-03-16T19:10:28.785+0000] {dag.py:4180} INFO - Setting next_dagrun for example_time_delta_sensor_async to None, run_after=None
[2025-03-16T19:10:28.809+0000] {processor.py:208} INFO - Processing /home/airflow/.local/lib/python3.12/site-packages/airflow/example_dags/example_time_delta_sensor_async.py took 0.081 seconds
[2025-03-16T19:10:58.962+0000] {processor.py:186} INFO - Started process (PID=89363) to work on /home/airflow/.local/lib/python3.12/site-packages/airflow/example_dags/example_time_delta_sensor_async.py
[2025-03-16T19:10:58.964+0000] {processor.py:914} INFO - Processing file /home/airflow/.local/lib/python3.12/site-packages/airflow/example_dags/example_time_delta_sensor_async.py for tasks to queue
[2025-03-16T19:10:58.965+0000] {logging_mixin.py:190} INFO - [2025-03-16T19:10:58.965+0000] {dagbag.py:588} INFO - Filling up the DagBag from /home/airflow/.local/lib/python3.12/site-packages/airflow/example_dags/example_time_delta_sensor_async.py
[2025-03-16T19:10:58.971+0000] {processor.py:925} INFO - DAG(s) 'example_time_delta_sensor_async' retrieved from /home/airflow/.local/lib/python3.12/site-packages/airflow/example_dags/example_time_delta_sensor_async.py
[2025-03-16T19:10:58.993+0000] {logging_mixin.py:190} INFO - [2025-03-16T19:10:58.993+0000] {dag.py:3239} INFO - Sync 1 DAGs
[2025-03-16T19:10:59.009+0000] {logging_mixin.py:190} INFO - [2025-03-16T19:10:59.009+0000] {dag.py:4180} INFO - Setting next_dagrun for example_time_delta_sensor_async to None, run_after=None
[2025-03-16T19:10:59.037+0000] {processor.py:208} INFO - Processing /home/airflow/.local/lib/python3.12/site-packages/airflow/example_dags/example_time_delta_sensor_async.py took 0.080 seconds
[2025-03-16T19:11:29.169+0000] {processor.py:186} INFO - Started process (PID=89426) to work on /home/airflow/.local/lib/python3.12/site-packages/airflow/example_dags/example_time_delta_sensor_async.py
[2025-03-16T19:11:29.170+0000] {processor.py:914} INFO - Processing file /home/airflow/.local/lib/python3.12/site-packages/airflow/example_dags/example_time_delta_sensor_async.py for tasks to queue
[2025-03-16T19:11:29.173+0000] {logging_mixin.py:190} INFO - [2025-03-16T19:11:29.172+0000] {dagbag.py:588} INFO - Filling up the DagBag from /home/airflow/.local/lib/python3.12/site-packages/airflow/example_dags/example_time_delta_sensor_async.py
[2025-03-16T19:11:29.179+0000] {processor.py:925} INFO - DAG(s) 'example_time_delta_sensor_async' retrieved from /home/airflow/.local/lib/python3.12/site-packages/airflow/example_dags/example_time_delta_sensor_async.py
[2025-03-16T19:11:29.203+0000] {logging_mixin.py:190} INFO - [2025-03-16T19:11:29.202+0000] {dag.py:3239} INFO - Sync 1 DAGs
[2025-03-16T19:11:29.216+0000] {logging_mixin.py:190} INFO - [2025-03-16T19:11:29.215+0000] {dag.py:4180} INFO - Setting next_dagrun for example_time_delta_sensor_async to None, run_after=None
[2025-03-16T19:11:29.242+0000] {processor.py:208} INFO - Processing /home/airflow/.local/lib/python3.12/site-packages/airflow/example_dags/example_time_delta_sensor_async.py took 0.078 seconds
[2025-03-16T19:11:59.557+0000] {processor.py:186} INFO - Started process (PID=89490) to work on /home/airflow/.local/lib/python3.12/site-packages/airflow/example_dags/example_time_delta_sensor_async.py
[2025-03-16T19:11:59.558+0000] {processor.py:914} INFO - Processing file /home/airflow/.local/lib/python3.12/site-packages/airflow/example_dags/example_time_delta_sensor_async.py for tasks to queue
[2025-03-16T19:11:59.560+0000] {logging_mixin.py:190} INFO - [2025-03-16T19:11:59.559+0000] {dagbag.py:588} INFO - Filling up the DagBag from /home/airflow/.local/lib/python3.12/site-packages/airflow/example_dags/example_time_delta_sensor_async.py
[2025-03-16T19:11:59.565+0000] {processor.py:925} INFO - DAG(s) 'example_time_delta_sensor_async' retrieved from /home/airflow/.local/lib/python3.12/site-packages/airflow/example_dags/example_time_delta_sensor_async.py
[2025-03-16T19:11:59.589+0000] {logging_mixin.py:190} INFO - [2025-03-16T19:11:59.588+0000] {dag.py:3239} INFO - Sync 1 DAGs
[2025-03-16T19:11:59.609+0000] {logging_mixin.py:190} INFO - [2025-03-16T19:11:59.609+0000] {dag.py:4180} INFO - Setting next_dagrun for example_time_delta_sensor_async to None, run_after=None
[2025-03-16T19:11:59.634+0000] {processor.py:208} INFO - Processing /home/airflow/.local/lib/python3.12/site-packages/airflow/example_dags/example_time_delta_sensor_async.py took 0.084 seconds
[2025-03-16T19:12:29.935+0000] {processor.py:186} INFO - Started process (PID=89554) to work on /home/airflow/.local/lib/python3.12/site-packages/airflow/example_dags/example_time_delta_sensor_async.py
[2025-03-16T19:12:29.936+0000] {processor.py:914} INFO - Processing file /home/airflow/.local/lib/python3.12/site-packages/airflow/example_dags/example_time_delta_sensor_async.py for tasks to queue
[2025-03-16T19:12:29.938+0000] {logging_mixin.py:190} INFO - [2025-03-16T19:12:29.938+0000] {dagbag.py:588} INFO - Filling up the DagBag from /home/airflow/.local/lib/python3.12/site-packages/airflow/example_dags/example_time_delta_sensor_async.py
[2025-03-16T19:12:29.947+0000] {processor.py:925} INFO - DAG(s) 'example_time_delta_sensor_async' retrieved from /home/airflow/.local/lib/python3.12/site-packages/airflow/example_dags/example_time_delta_sensor_async.py
[2025-03-16T19:12:29.972+0000] {logging_mixin.py:190} INFO - [2025-03-16T19:12:29.972+0000] {dag.py:3239} INFO - Sync 1 DAGs
[2025-03-16T19:12:29.990+0000] {logging_mixin.py:190} INFO - [2025-03-16T19:12:29.990+0000] {dag.py:4180} INFO - Setting next_dagrun for example_time_delta_sensor_async to None, run_after=None
[2025-03-16T19:12:30.028+0000] {processor.py:208} INFO - Processing /home/airflow/.local/lib/python3.12/site-packages/airflow/example_dags/example_time_delta_sensor_async.py took 0.099 seconds
[2025-03-16T19:13:00.178+0000] {processor.py:186} INFO - Started process (PID=89618) to work on /home/airflow/.local/lib/python3.12/site-packages/airflow/example_dags/example_time_delta_sensor_async.py
[2025-03-16T19:13:00.179+0000] {processor.py:914} INFO - Processing file /home/airflow/.local/lib/python3.12/site-packages/airflow/example_dags/example_time_delta_sensor_async.py for tasks to queue
[2025-03-16T19:13:00.180+0000] {logging_mixin.py:190} INFO - [2025-03-16T19:13:00.180+0000] {dagbag.py:588} INFO - Filling up the DagBag from /home/airflow/.local/lib/python3.12/site-packages/airflow/example_dags/example_time_delta_sensor_async.py
[2025-03-16T19:13:00.189+0000] {processor.py:925} INFO - DAG(s) 'example_time_delta_sensor_async' retrieved from /home/airflow/.local/lib/python3.12/site-packages/airflow/example_dags/example_time_delta_sensor_async.py
[2025-03-16T19:13:00.213+0000] {logging_mixin.py:190} INFO - [2025-03-16T19:13:00.212+0000] {dag.py:3239} INFO - Sync 1 DAGs
[2025-03-16T19:13:00.230+0000] {logging_mixin.py:190} INFO - [2025-03-16T19:13:00.229+0000] {dag.py:4180} INFO - Setting next_dagrun for example_time_delta_sensor_async to None, run_after=None
[2025-03-16T19:13:00.255+0000] {processor.py:208} INFO - Processing /home/airflow/.local/lib/python3.12/site-packages/airflow/example_dags/example_time_delta_sensor_async.py took 0.085 seconds
[2025-03-16T19:13:30.858+0000] {processor.py:186} INFO - Started process (PID=89683) to work on /home/airflow/.local/lib/python3.12/site-packages/airflow/example_dags/example_time_delta_sensor_async.py
[2025-03-16T19:13:30.860+0000] {processor.py:914} INFO - Processing file /home/airflow/.local/lib/python3.12/site-packages/airflow/example_dags/example_time_delta_sensor_async.py for tasks to queue
[2025-03-16T19:13:30.862+0000] {logging_mixin.py:190} INFO - [2025-03-16T19:13:30.861+0000] {dagbag.py:588} INFO - Filling up the DagBag from /home/airflow/.local/lib/python3.12/site-packages/airflow/example_dags/example_time_delta_sensor_async.py
[2025-03-16T19:13:30.868+0000] {processor.py:925} INFO - DAG(s) 'example_time_delta_sensor_async' retrieved from /home/airflow/.local/lib/python3.12/site-packages/airflow/example_dags/example_time_delta_sensor_async.py
[2025-03-16T19:13:30.889+0000] {logging_mixin.py:190} INFO - [2025-03-16T19:13:30.889+0000] {dag.py:3239} INFO - Sync 1 DAGs
[2025-03-16T19:13:30.904+0000] {logging_mixin.py:190} INFO - [2025-03-16T19:13:30.904+0000] {dag.py:4180} INFO - Setting next_dagrun for example_time_delta_sensor_async to None, run_after=None
[2025-03-16T19:13:30.926+0000] {processor.py:208} INFO - Processing /home/airflow/.local/lib/python3.12/site-packages/airflow/example_dags/example_time_delta_sensor_async.py took 0.072 seconds
[2025-03-16T19:14:01.986+0000] {processor.py:186} INFO - Started process (PID=89748) to work on /home/airflow/.local/lib/python3.12/site-packages/airflow/example_dags/example_time_delta_sensor_async.py
[2025-03-16T19:14:01.987+0000] {processor.py:914} INFO - Processing file /home/airflow/.local/lib/python3.12/site-packages/airflow/example_dags/example_time_delta_sensor_async.py for tasks to queue
[2025-03-16T19:14:01.988+0000] {logging_mixin.py:190} INFO - [2025-03-16T19:14:01.988+0000] {dagbag.py:588} INFO - Filling up the DagBag from /home/airflow/.local/lib/python3.12/site-packages/airflow/example_dags/example_time_delta_sensor_async.py
[2025-03-16T19:14:01.994+0000] {processor.py:925} INFO - DAG(s) 'example_time_delta_sensor_async' retrieved from /home/airflow/.local/lib/python3.12/site-packages/airflow/example_dags/example_time_delta_sensor_async.py
[2025-03-16T19:14:02.013+0000] {logging_mixin.py:190} INFO - [2025-03-16T19:14:02.012+0000] {dag.py:3239} INFO - Sync 1 DAGs
[2025-03-16T19:14:02.027+0000] {logging_mixin.py:190} INFO - [2025-03-16T19:14:02.026+0000] {dag.py:4180} INFO - Setting next_dagrun for example_time_delta_sensor_async to None, run_after=None
[2025-03-16T19:14:02.045+0000] {processor.py:208} INFO - Processing /home/airflow/.local/lib/python3.12/site-packages/airflow/example_dags/example_time_delta_sensor_async.py took 0.063 seconds
[2025-03-16T19:14:33.047+0000] {processor.py:186} INFO - Started process (PID=89812) to work on /home/airflow/.local/lib/python3.12/site-packages/airflow/example_dags/example_time_delta_sensor_async.py
[2025-03-16T19:14:33.048+0000] {processor.py:914} INFO - Processing file /home/airflow/.local/lib/python3.12/site-packages/airflow/example_dags/example_time_delta_sensor_async.py for tasks to queue
[2025-03-16T19:14:33.050+0000] {logging_mixin.py:190} INFO - [2025-03-16T19:14:33.050+0000] {dagbag.py:588} INFO - Filling up the DagBag from /home/airflow/.local/lib/python3.12/site-packages/airflow/example_dags/example_time_delta_sensor_async.py
[2025-03-16T19:14:33.057+0000] {processor.py:925} INFO - DAG(s) 'example_time_delta_sensor_async' retrieved from /home/airflow/.local/lib/python3.12/site-packages/airflow/example_dags/example_time_delta_sensor_async.py
[2025-03-16T19:14:33.080+0000] {logging_mixin.py:190} INFO - [2025-03-16T19:14:33.080+0000] {dag.py:3239} INFO - Sync 1 DAGs
[2025-03-16T19:14:33.096+0000] {logging_mixin.py:190} INFO - [2025-03-16T19:14:33.096+0000] {dag.py:4180} INFO - Setting next_dagrun for example_time_delta_sensor_async to None, run_after=None
[2025-03-16T19:14:33.119+0000] {processor.py:208} INFO - Processing /home/airflow/.local/lib/python3.12/site-packages/airflow/example_dags/example_time_delta_sensor_async.py took 0.077 seconds
[2025-03-16T19:15:04.111+0000] {processor.py:186} INFO - Started process (PID=89878) to work on /home/airflow/.local/lib/python3.12/site-packages/airflow/example_dags/example_time_delta_sensor_async.py
[2025-03-16T19:15:04.113+0000] {processor.py:914} INFO - Processing file /home/airflow/.local/lib/python3.12/site-packages/airflow/example_dags/example_time_delta_sensor_async.py for tasks to queue
[2025-03-16T19:15:04.115+0000] {logging_mixin.py:190} INFO - [2025-03-16T19:15:04.115+0000] {dagbag.py:588} INFO - Filling up the DagBag from /home/airflow/.local/lib/python3.12/site-packages/airflow/example_dags/example_time_delta_sensor_async.py
[2025-03-16T19:15:04.124+0000] {processor.py:925} INFO - DAG(s) 'example_time_delta_sensor_async' retrieved from /home/airflow/.local/lib/python3.12/site-packages/airflow/example_dags/example_time_delta_sensor_async.py
[2025-03-16T19:15:04.150+0000] {logging_mixin.py:190} INFO - [2025-03-16T19:15:04.150+0000] {dag.py:3239} INFO - Sync 1 DAGs
[2025-03-16T19:15:04.170+0000] {logging_mixin.py:190} INFO - [2025-03-16T19:15:04.170+0000] {dag.py:4180} INFO - Setting next_dagrun for example_time_delta_sensor_async to None, run_after=None
[2025-03-16T19:15:04.195+0000] {processor.py:208} INFO - Processing /home/airflow/.local/lib/python3.12/site-packages/airflow/example_dags/example_time_delta_sensor_async.py took 0.090 seconds
[2025-03-16T19:15:34.910+0000] {processor.py:186} INFO - Started process (PID=89942) to work on /home/airflow/.local/lib/python3.12/site-packages/airflow/example_dags/example_time_delta_sensor_async.py
[2025-03-16T19:15:34.912+0000] {processor.py:914} INFO - Processing file /home/airflow/.local/lib/python3.12/site-packages/airflow/example_dags/example_time_delta_sensor_async.py for tasks to queue
[2025-03-16T19:15:34.915+0000] {logging_mixin.py:190} INFO - [2025-03-16T19:15:34.914+0000] {dagbag.py:588} INFO - Filling up the DagBag from /home/airflow/.local/lib/python3.12/site-packages/airflow/example_dags/example_time_delta_sensor_async.py
[2025-03-16T19:15:34.925+0000] {processor.py:925} INFO - DAG(s) 'example_time_delta_sensor_async' retrieved from /home/airflow/.local/lib/python3.12/site-packages/airflow/example_dags/example_time_delta_sensor_async.py
[2025-03-16T19:15:34.960+0000] {logging_mixin.py:190} INFO - [2025-03-16T19:15:34.960+0000] {dag.py:3239} INFO - Sync 1 DAGs
[2025-03-16T19:15:34.984+0000] {logging_mixin.py:190} INFO - [2025-03-16T19:15:34.984+0000] {dag.py:4180} INFO - Setting next_dagrun for example_time_delta_sensor_async to None, run_after=None
[2025-03-16T19:15:35.013+0000] {processor.py:208} INFO - Processing /home/airflow/.local/lib/python3.12/site-packages/airflow/example_dags/example_time_delta_sensor_async.py took 0.111 seconds
[2025-03-16T19:16:05.476+0000] {processor.py:186} INFO - Started process (PID=90006) to work on /home/airflow/.local/lib/python3.12/site-packages/airflow/example_dags/example_time_delta_sensor_async.py
[2025-03-16T19:16:05.478+0000] {processor.py:914} INFO - Processing file /home/airflow/.local/lib/python3.12/site-packages/airflow/example_dags/example_time_delta_sensor_async.py for tasks to queue
[2025-03-16T19:16:05.480+0000] {logging_mixin.py:190} INFO - [2025-03-16T19:16:05.479+0000] {dagbag.py:588} INFO - Filling up the DagBag from /home/airflow/.local/lib/python3.12/site-packages/airflow/example_dags/example_time_delta_sensor_async.py
[2025-03-16T19:16:05.488+0000] {processor.py:925} INFO - DAG(s) 'example_time_delta_sensor_async' retrieved from /home/airflow/.local/lib/python3.12/site-packages/airflow/example_dags/example_time_delta_sensor_async.py
[2025-03-16T19:16:05.516+0000] {logging_mixin.py:190} INFO - [2025-03-16T19:16:05.516+0000] {dag.py:3239} INFO - Sync 1 DAGs
[2025-03-16T19:16:05.538+0000] {logging_mixin.py:190} INFO - [2025-03-16T19:16:05.537+0000] {dag.py:4180} INFO - Setting next_dagrun for example_time_delta_sensor_async to None, run_after=None
[2025-03-16T19:16:05.563+0000] {processor.py:208} INFO - Processing /home/airflow/.local/lib/python3.12/site-packages/airflow/example_dags/example_time_delta_sensor_async.py took 0.095 seconds
[2025-03-16T19:16:35.982+0000] {processor.py:186} INFO - Started process (PID=90070) to work on /home/airflow/.local/lib/python3.12/site-packages/airflow/example_dags/example_time_delta_sensor_async.py
[2025-03-16T19:16:35.984+0000] {processor.py:914} INFO - Processing file /home/airflow/.local/lib/python3.12/site-packages/airflow/example_dags/example_time_delta_sensor_async.py for tasks to queue
[2025-03-16T19:16:35.986+0000] {logging_mixin.py:190} INFO - [2025-03-16T19:16:35.985+0000] {dagbag.py:588} INFO - Filling up the DagBag from /home/airflow/.local/lib/python3.12/site-packages/airflow/example_dags/example_time_delta_sensor_async.py
[2025-03-16T19:16:35.996+0000] {processor.py:925} INFO - DAG(s) 'example_time_delta_sensor_async' retrieved from /home/airflow/.local/lib/python3.12/site-packages/airflow/example_dags/example_time_delta_sensor_async.py
[2025-03-16T19:16:36.026+0000] {logging_mixin.py:190} INFO - [2025-03-16T19:16:36.025+0000] {dag.py:3239} INFO - Sync 1 DAGs
[2025-03-16T19:16:36.046+0000] {logging_mixin.py:190} INFO - [2025-03-16T19:16:36.046+0000] {dag.py:4180} INFO - Setting next_dagrun for example_time_delta_sensor_async to None, run_after=None
[2025-03-16T19:16:36.080+0000] {processor.py:208} INFO - Processing /home/airflow/.local/lib/python3.12/site-packages/airflow/example_dags/example_time_delta_sensor_async.py took 0.105 seconds
[2025-03-16T19:17:06.198+0000] {processor.py:186} INFO - Started process (PID=90133) to work on /home/airflow/.local/lib/python3.12/site-packages/airflow/example_dags/example_time_delta_sensor_async.py
[2025-03-16T19:17:06.200+0000] {processor.py:914} INFO - Processing file /home/airflow/.local/lib/python3.12/site-packages/airflow/example_dags/example_time_delta_sensor_async.py for tasks to queue
[2025-03-16T19:17:06.202+0000] {logging_mixin.py:190} INFO - [2025-03-16T19:17:06.201+0000] {dagbag.py:588} INFO - Filling up the DagBag from /home/airflow/.local/lib/python3.12/site-packages/airflow/example_dags/example_time_delta_sensor_async.py
[2025-03-16T19:17:06.214+0000] {processor.py:925} INFO - DAG(s) 'example_time_delta_sensor_async' retrieved from /home/airflow/.local/lib/python3.12/site-packages/airflow/example_dags/example_time_delta_sensor_async.py
[2025-03-16T19:17:06.243+0000] {logging_mixin.py:190} INFO - [2025-03-16T19:17:06.242+0000] {dag.py:3239} INFO - Sync 1 DAGs
[2025-03-16T19:17:06.261+0000] {logging_mixin.py:190} INFO - [2025-03-16T19:17:06.261+0000] {dag.py:4180} INFO - Setting next_dagrun for example_time_delta_sensor_async to None, run_after=None
[2025-03-16T19:17:06.285+0000] {processor.py:208} INFO - Processing /home/airflow/.local/lib/python3.12/site-packages/airflow/example_dags/example_time_delta_sensor_async.py took 0.099 seconds
[2025-03-16T19:17:36.541+0000] {processor.py:186} INFO - Started process (PID=90197) to work on /home/airflow/.local/lib/python3.12/site-packages/airflow/example_dags/example_time_delta_sensor_async.py
[2025-03-16T19:17:36.543+0000] {processor.py:914} INFO - Processing file /home/airflow/.local/lib/python3.12/site-packages/airflow/example_dags/example_time_delta_sensor_async.py for tasks to queue
[2025-03-16T19:17:36.545+0000] {logging_mixin.py:190} INFO - [2025-03-16T19:17:36.544+0000] {dagbag.py:588} INFO - Filling up the DagBag from /home/airflow/.local/lib/python3.12/site-packages/airflow/example_dags/example_time_delta_sensor_async.py
[2025-03-16T19:17:36.556+0000] {processor.py:925} INFO - DAG(s) 'example_time_delta_sensor_async' retrieved from /home/airflow/.local/lib/python3.12/site-packages/airflow/example_dags/example_time_delta_sensor_async.py
[2025-03-16T19:17:36.584+0000] {logging_mixin.py:190} INFO - [2025-03-16T19:17:36.584+0000] {dag.py:3239} INFO - Sync 1 DAGs
[2025-03-16T19:17:36.606+0000] {logging_mixin.py:190} INFO - [2025-03-16T19:17:36.606+0000] {dag.py:4180} INFO - Setting next_dagrun for example_time_delta_sensor_async to None, run_after=None
[2025-03-16T19:17:36.635+0000] {processor.py:208} INFO - Processing /home/airflow/.local/lib/python3.12/site-packages/airflow/example_dags/example_time_delta_sensor_async.py took 0.102 seconds
[2025-03-16T19:18:07.616+0000] {processor.py:186} INFO - Started process (PID=90261) to work on /home/airflow/.local/lib/python3.12/site-packages/airflow/example_dags/example_time_delta_sensor_async.py
[2025-03-16T19:18:07.618+0000] {processor.py:914} INFO - Processing file /home/airflow/.local/lib/python3.12/site-packages/airflow/example_dags/example_time_delta_sensor_async.py for tasks to queue
[2025-03-16T19:18:07.620+0000] {logging_mixin.py:190} INFO - [2025-03-16T19:18:07.619+0000] {dagbag.py:588} INFO - Filling up the DagBag from /home/airflow/.local/lib/python3.12/site-packages/airflow/example_dags/example_time_delta_sensor_async.py
[2025-03-16T19:18:07.631+0000] {processor.py:925} INFO - DAG(s) 'example_time_delta_sensor_async' retrieved from /home/airflow/.local/lib/python3.12/site-packages/airflow/example_dags/example_time_delta_sensor_async.py
[2025-03-16T19:18:07.662+0000] {logging_mixin.py:190} INFO - [2025-03-16T19:18:07.662+0000] {dag.py:3239} INFO - Sync 1 DAGs
[2025-03-16T19:18:07.683+0000] {logging_mixin.py:190} INFO - [2025-03-16T19:18:07.683+0000] {dag.py:4180} INFO - Setting next_dagrun for example_time_delta_sensor_async to None, run_after=None
[2025-03-16T19:18:07.720+0000] {processor.py:208} INFO - Processing /home/airflow/.local/lib/python3.12/site-packages/airflow/example_dags/example_time_delta_sensor_async.py took 0.110 seconds
[2025-03-16T19:18:38.101+0000] {processor.py:186} INFO - Started process (PID=90325) to work on /home/airflow/.local/lib/python3.12/site-packages/airflow/example_dags/example_time_delta_sensor_async.py
[2025-03-16T19:18:38.103+0000] {processor.py:914} INFO - Processing file /home/airflow/.local/lib/python3.12/site-packages/airflow/example_dags/example_time_delta_sensor_async.py for tasks to queue
[2025-03-16T19:18:38.105+0000] {logging_mixin.py:190} INFO - [2025-03-16T19:18:38.104+0000] {dagbag.py:588} INFO - Filling up the DagBag from /home/airflow/.local/lib/python3.12/site-packages/airflow/example_dags/example_time_delta_sensor_async.py
[2025-03-16T19:18:38.115+0000] {processor.py:925} INFO - DAG(s) 'example_time_delta_sensor_async' retrieved from /home/airflow/.local/lib/python3.12/site-packages/airflow/example_dags/example_time_delta_sensor_async.py
[2025-03-16T19:18:38.144+0000] {logging_mixin.py:190} INFO - [2025-03-16T19:18:38.143+0000] {dag.py:3239} INFO - Sync 1 DAGs
[2025-03-16T19:18:38.164+0000] {logging_mixin.py:190} INFO - [2025-03-16T19:18:38.164+0000] {dag.py:4180} INFO - Setting next_dagrun for example_time_delta_sensor_async to None, run_after=None
[2025-03-16T19:18:38.190+0000] {processor.py:208} INFO - Processing /home/airflow/.local/lib/python3.12/site-packages/airflow/example_dags/example_time_delta_sensor_async.py took 0.095 seconds
[2025-03-16T19:19:08.659+0000] {processor.py:186} INFO - Started process (PID=90389) to work on /home/airflow/.local/lib/python3.12/site-packages/airflow/example_dags/example_time_delta_sensor_async.py
[2025-03-16T19:19:08.660+0000] {processor.py:914} INFO - Processing file /home/airflow/.local/lib/python3.12/site-packages/airflow/example_dags/example_time_delta_sensor_async.py for tasks to queue
[2025-03-16T19:19:08.662+0000] {logging_mixin.py:190} INFO - [2025-03-16T19:19:08.662+0000] {dagbag.py:588} INFO - Filling up the DagBag from /home/airflow/.local/lib/python3.12/site-packages/airflow/example_dags/example_time_delta_sensor_async.py
[2025-03-16T19:19:08.670+0000] {processor.py:925} INFO - DAG(s) 'example_time_delta_sensor_async' retrieved from /home/airflow/.local/lib/python3.12/site-packages/airflow/example_dags/example_time_delta_sensor_async.py
[2025-03-16T19:19:08.697+0000] {logging_mixin.py:190} INFO - [2025-03-16T19:19:08.697+0000] {dag.py:3239} INFO - Sync 1 DAGs
[2025-03-16T19:19:08.715+0000] {logging_mixin.py:190} INFO - [2025-03-16T19:19:08.715+0000] {dag.py:4180} INFO - Setting next_dagrun for example_time_delta_sensor_async to None, run_after=None
[2025-03-16T19:19:08.743+0000] {processor.py:208} INFO - Processing /home/airflow/.local/lib/python3.12/site-packages/airflow/example_dags/example_time_delta_sensor_async.py took 0.092 seconds
[2025-03-16T19:19:39.112+0000] {processor.py:186} INFO - Started process (PID=90453) to work on /home/airflow/.local/lib/python3.12/site-packages/airflow/example_dags/example_time_delta_sensor_async.py
[2025-03-16T19:19:39.113+0000] {processor.py:914} INFO - Processing file /home/airflow/.local/lib/python3.12/site-packages/airflow/example_dags/example_time_delta_sensor_async.py for tasks to queue
[2025-03-16T19:19:39.115+0000] {logging_mixin.py:190} INFO - [2025-03-16T19:19:39.114+0000] {dagbag.py:588} INFO - Filling up the DagBag from /home/airflow/.local/lib/python3.12/site-packages/airflow/example_dags/example_time_delta_sensor_async.py
[2025-03-16T19:19:39.124+0000] {processor.py:925} INFO - DAG(s) 'example_time_delta_sensor_async' retrieved from /home/airflow/.local/lib/python3.12/site-packages/airflow/example_dags/example_time_delta_sensor_async.py
[2025-03-16T19:19:39.151+0000] {logging_mixin.py:190} INFO - [2025-03-16T19:19:39.151+0000] {dag.py:3239} INFO - Sync 1 DAGs
[2025-03-16T19:19:39.173+0000] {logging_mixin.py:190} INFO - [2025-03-16T19:19:39.173+0000] {dag.py:4180} INFO - Setting next_dagrun for example_time_delta_sensor_async to None, run_after=None
[2025-03-16T19:19:39.200+0000] {processor.py:208} INFO - Processing /home/airflow/.local/lib/python3.12/site-packages/airflow/example_dags/example_time_delta_sensor_async.py took 0.094 seconds
[2025-03-16T19:20:09.376+0000] {processor.py:186} INFO - Started process (PID=90517) to work on /home/airflow/.local/lib/python3.12/site-packages/airflow/example_dags/example_time_delta_sensor_async.py
[2025-03-16T19:20:09.377+0000] {processor.py:914} INFO - Processing file /home/airflow/.local/lib/python3.12/site-packages/airflow/example_dags/example_time_delta_sensor_async.py for tasks to queue
[2025-03-16T19:20:09.378+0000] {logging_mixin.py:190} INFO - [2025-03-16T19:20:09.378+0000] {dagbag.py:588} INFO - Filling up the DagBag from /home/airflow/.local/lib/python3.12/site-packages/airflow/example_dags/example_time_delta_sensor_async.py
[2025-03-16T19:20:09.386+0000] {processor.py:925} INFO - DAG(s) 'example_time_delta_sensor_async' retrieved from /home/airflow/.local/lib/python3.12/site-packages/airflow/example_dags/example_time_delta_sensor_async.py
[2025-03-16T19:20:09.413+0000] {logging_mixin.py:190} INFO - [2025-03-16T19:20:09.413+0000] {dag.py:3239} INFO - Sync 1 DAGs
[2025-03-16T19:20:09.433+0000] {logging_mixin.py:190} INFO - [2025-03-16T19:20:09.432+0000] {dag.py:4180} INFO - Setting next_dagrun for example_time_delta_sensor_async to None, run_after=None
[2025-03-16T19:20:09.460+0000] {processor.py:208} INFO - Processing /home/airflow/.local/lib/python3.12/site-packages/airflow/example_dags/example_time_delta_sensor_async.py took 0.090 seconds
[2025-03-16T19:20:40.341+0000] {processor.py:186} INFO - Started process (PID=90581) to work on /home/airflow/.local/lib/python3.12/site-packages/airflow/example_dags/example_time_delta_sensor_async.py
[2025-03-16T19:20:40.343+0000] {processor.py:914} INFO - Processing file /home/airflow/.local/lib/python3.12/site-packages/airflow/example_dags/example_time_delta_sensor_async.py for tasks to queue
[2025-03-16T19:20:40.344+0000] {logging_mixin.py:190} INFO - [2025-03-16T19:20:40.344+0000] {dagbag.py:588} INFO - Filling up the DagBag from /home/airflow/.local/lib/python3.12/site-packages/airflow/example_dags/example_time_delta_sensor_async.py
[2025-03-16T19:20:40.351+0000] {processor.py:925} INFO - DAG(s) 'example_time_delta_sensor_async' retrieved from /home/airflow/.local/lib/python3.12/site-packages/airflow/example_dags/example_time_delta_sensor_async.py
[2025-03-16T19:20:40.386+0000] {logging_mixin.py:190} INFO - [2025-03-16T19:20:40.385+0000] {dag.py:3239} INFO - Sync 1 DAGs
[2025-03-16T19:20:40.409+0000] {logging_mixin.py:190} INFO - [2025-03-16T19:20:40.409+0000] {dag.py:4180} INFO - Setting next_dagrun for example_time_delta_sensor_async to None, run_after=None
[2025-03-16T19:20:40.440+0000] {processor.py:208} INFO - Processing /home/airflow/.local/lib/python3.12/site-packages/airflow/example_dags/example_time_delta_sensor_async.py took 0.106 seconds
[2025-03-16T19:21:10.636+0000] {processor.py:186} INFO - Started process (PID=90645) to work on /home/airflow/.local/lib/python3.12/site-packages/airflow/example_dags/example_time_delta_sensor_async.py
[2025-03-16T19:21:10.638+0000] {processor.py:914} INFO - Processing file /home/airflow/.local/lib/python3.12/site-packages/airflow/example_dags/example_time_delta_sensor_async.py for tasks to queue
[2025-03-16T19:21:10.640+0000] {logging_mixin.py:190} INFO - [2025-03-16T19:21:10.640+0000] {dagbag.py:588} INFO - Filling up the DagBag from /home/airflow/.local/lib/python3.12/site-packages/airflow/example_dags/example_time_delta_sensor_async.py
[2025-03-16T19:21:10.648+0000] {processor.py:925} INFO - DAG(s) 'example_time_delta_sensor_async' retrieved from /home/airflow/.local/lib/python3.12/site-packages/airflow/example_dags/example_time_delta_sensor_async.py
[2025-03-16T19:21:10.675+0000] {logging_mixin.py:190} INFO - [2025-03-16T19:21:10.675+0000] {dag.py:3239} INFO - Sync 1 DAGs
[2025-03-16T19:21:10.691+0000] {logging_mixin.py:190} INFO - [2025-03-16T19:21:10.690+0000] {dag.py:4180} INFO - Setting next_dagrun for example_time_delta_sensor_async to None, run_after=None
[2025-03-16T19:21:10.720+0000] {processor.py:208} INFO - Processing /home/airflow/.local/lib/python3.12/site-packages/airflow/example_dags/example_time_delta_sensor_async.py took 0.092 seconds
[2025-03-16T19:21:40.956+0000] {processor.py:186} INFO - Started process (PID=90709) to work on /home/airflow/.local/lib/python3.12/site-packages/airflow/example_dags/example_time_delta_sensor_async.py
[2025-03-16T19:21:40.957+0000] {processor.py:914} INFO - Processing file /home/airflow/.local/lib/python3.12/site-packages/airflow/example_dags/example_time_delta_sensor_async.py for tasks to queue
[2025-03-16T19:21:40.959+0000] {logging_mixin.py:190} INFO - [2025-03-16T19:21:40.958+0000] {dagbag.py:588} INFO - Filling up the DagBag from /home/airflow/.local/lib/python3.12/site-packages/airflow/example_dags/example_time_delta_sensor_async.py
[2025-03-16T19:21:40.970+0000] {processor.py:925} INFO - DAG(s) 'example_time_delta_sensor_async' retrieved from /home/airflow/.local/lib/python3.12/site-packages/airflow/example_dags/example_time_delta_sensor_async.py
[2025-03-16T19:21:41.016+0000] {logging_mixin.py:190} INFO - [2025-03-16T19:21:41.016+0000] {dag.py:3239} INFO - Sync 1 DAGs
[2025-03-16T19:21:41.040+0000] {logging_mixin.py:190} INFO - [2025-03-16T19:21:41.040+0000] {dag.py:4180} INFO - Setting next_dagrun for example_time_delta_sensor_async to None, run_after=None
[2025-03-16T19:21:41.070+0000] {processor.py:208} INFO - Processing /home/airflow/.local/lib/python3.12/site-packages/airflow/example_dags/example_time_delta_sensor_async.py took 0.124 seconds
[2025-03-16T19:22:11.401+0000] {processor.py:186} INFO - Started process (PID=90773) to work on /home/airflow/.local/lib/python3.12/site-packages/airflow/example_dags/example_time_delta_sensor_async.py
[2025-03-16T19:22:11.402+0000] {processor.py:914} INFO - Processing file /home/airflow/.local/lib/python3.12/site-packages/airflow/example_dags/example_time_delta_sensor_async.py for tasks to queue
[2025-03-16T19:22:11.404+0000] {logging_mixin.py:190} INFO - [2025-03-16T19:22:11.404+0000] {dagbag.py:588} INFO - Filling up the DagBag from /home/airflow/.local/lib/python3.12/site-packages/airflow/example_dags/example_time_delta_sensor_async.py
[2025-03-16T19:22:11.414+0000] {processor.py:925} INFO - DAG(s) 'example_time_delta_sensor_async' retrieved from /home/airflow/.local/lib/python3.12/site-packages/airflow/example_dags/example_time_delta_sensor_async.py
[2025-03-16T19:22:11.443+0000] {logging_mixin.py:190} INFO - [2025-03-16T19:22:11.443+0000] {dag.py:3239} INFO - Sync 1 DAGs
[2025-03-16T19:22:11.464+0000] {logging_mixin.py:190} INFO - [2025-03-16T19:22:11.463+0000] {dag.py:4180} INFO - Setting next_dagrun for example_time_delta_sensor_async to None, run_after=None
[2025-03-16T19:22:11.493+0000] {processor.py:208} INFO - Processing /home/airflow/.local/lib/python3.12/site-packages/airflow/example_dags/example_time_delta_sensor_async.py took 0.099 seconds
[2025-03-16T19:22:42.291+0000] {processor.py:186} INFO - Started process (PID=90837) to work on /home/airflow/.local/lib/python3.12/site-packages/airflow/example_dags/example_time_delta_sensor_async.py
[2025-03-16T19:22:42.293+0000] {processor.py:914} INFO - Processing file /home/airflow/.local/lib/python3.12/site-packages/airflow/example_dags/example_time_delta_sensor_async.py for tasks to queue
[2025-03-16T19:22:42.298+0000] {logging_mixin.py:190} INFO - [2025-03-16T19:22:42.297+0000] {dagbag.py:588} INFO - Filling up the DagBag from /home/airflow/.local/lib/python3.12/site-packages/airflow/example_dags/example_time_delta_sensor_async.py
[2025-03-16T19:22:42.307+0000] {processor.py:925} INFO - DAG(s) 'example_time_delta_sensor_async' retrieved from /home/airflow/.local/lib/python3.12/site-packages/airflow/example_dags/example_time_delta_sensor_async.py
[2025-03-16T19:22:42.345+0000] {logging_mixin.py:190} INFO - [2025-03-16T19:22:42.345+0000] {dag.py:3239} INFO - Sync 1 DAGs
[2025-03-16T19:22:42.380+0000] {logging_mixin.py:190} INFO - [2025-03-16T19:22:42.380+0000] {dag.py:4180} INFO - Setting next_dagrun for example_time_delta_sensor_async to None, run_after=None
[2025-03-16T19:22:42.418+0000] {processor.py:208} INFO - Processing /home/airflow/.local/lib/python3.12/site-packages/airflow/example_dags/example_time_delta_sensor_async.py took 0.135 seconds
[2025-03-16T19:23:13.059+0000] {processor.py:186} INFO - Started process (PID=90901) to work on /home/airflow/.local/lib/python3.12/site-packages/airflow/example_dags/example_time_delta_sensor_async.py
[2025-03-16T19:23:13.062+0000] {processor.py:914} INFO - Processing file /home/airflow/.local/lib/python3.12/site-packages/airflow/example_dags/example_time_delta_sensor_async.py for tasks to queue
[2025-03-16T19:23:13.064+0000] {logging_mixin.py:190} INFO - [2025-03-16T19:23:13.064+0000] {dagbag.py:588} INFO - Filling up the DagBag from /home/airflow/.local/lib/python3.12/site-packages/airflow/example_dags/example_time_delta_sensor_async.py
[2025-03-16T19:23:13.076+0000] {processor.py:925} INFO - DAG(s) 'example_time_delta_sensor_async' retrieved from /home/airflow/.local/lib/python3.12/site-packages/airflow/example_dags/example_time_delta_sensor_async.py
[2025-03-16T19:23:13.109+0000] {logging_mixin.py:190} INFO - [2025-03-16T19:23:13.108+0000] {dag.py:3239} INFO - Sync 1 DAGs
[2025-03-16T19:23:13.134+0000] {logging_mixin.py:190} INFO - [2025-03-16T19:23:13.134+0000] {dag.py:4180} INFO - Setting next_dagrun for example_time_delta_sensor_async to None, run_after=None
[2025-03-16T19:23:13.171+0000] {processor.py:208} INFO - Processing /home/airflow/.local/lib/python3.12/site-packages/airflow/example_dags/example_time_delta_sensor_async.py took 0.120 seconds
[2025-03-16T19:23:43.554+0000] {processor.py:186} INFO - Started process (PID=90965) to work on /home/airflow/.local/lib/python3.12/site-packages/airflow/example_dags/example_time_delta_sensor_async.py
[2025-03-16T19:23:43.556+0000] {processor.py:914} INFO - Processing file /home/airflow/.local/lib/python3.12/site-packages/airflow/example_dags/example_time_delta_sensor_async.py for tasks to queue
[2025-03-16T19:23:43.560+0000] {logging_mixin.py:190} INFO - [2025-03-16T19:23:43.559+0000] {dagbag.py:588} INFO - Filling up the DagBag from /home/airflow/.local/lib/python3.12/site-packages/airflow/example_dags/example_time_delta_sensor_async.py
[2025-03-16T19:23:43.571+0000] {processor.py:925} INFO - DAG(s) 'example_time_delta_sensor_async' retrieved from /home/airflow/.local/lib/python3.12/site-packages/airflow/example_dags/example_time_delta_sensor_async.py
[2025-03-16T19:23:43.612+0000] {logging_mixin.py:190} INFO - [2025-03-16T19:23:43.611+0000] {dag.py:3239} INFO - Sync 1 DAGs
[2025-03-16T19:23:43.645+0000] {logging_mixin.py:190} INFO - [2025-03-16T19:23:43.645+0000] {dag.py:4180} INFO - Setting next_dagrun for example_time_delta_sensor_async to None, run_after=None
[2025-03-16T19:23:43.681+0000] {processor.py:208} INFO - Processing /home/airflow/.local/lib/python3.12/site-packages/airflow/example_dags/example_time_delta_sensor_async.py took 0.140 seconds
[2025-03-16T19:24:13.838+0000] {processor.py:186} INFO - Started process (PID=91029) to work on /home/airflow/.local/lib/python3.12/site-packages/airflow/example_dags/example_time_delta_sensor_async.py
[2025-03-16T19:24:13.841+0000] {processor.py:914} INFO - Processing file /home/airflow/.local/lib/python3.12/site-packages/airflow/example_dags/example_time_delta_sensor_async.py for tasks to queue
[2025-03-16T19:24:13.843+0000] {logging_mixin.py:190} INFO - [2025-03-16T19:24:13.843+0000] {dagbag.py:588} INFO - Filling up the DagBag from /home/airflow/.local/lib/python3.12/site-packages/airflow/example_dags/example_time_delta_sensor_async.py
[2025-03-16T19:24:13.875+0000] {processor.py:925} INFO - DAG(s) 'example_time_delta_sensor_async' retrieved from /home/airflow/.local/lib/python3.12/site-packages/airflow/example_dags/example_time_delta_sensor_async.py
[2025-03-16T19:24:13.913+0000] {logging_mixin.py:190} INFO - [2025-03-16T19:24:13.913+0000] {dag.py:3239} INFO - Sync 1 DAGs
[2025-03-16T19:24:13.944+0000] {logging_mixin.py:190} INFO - [2025-03-16T19:24:13.943+0000] {dag.py:4180} INFO - Setting next_dagrun for example_time_delta_sensor_async to None, run_after=None
[2025-03-16T19:24:13.985+0000] {processor.py:208} INFO - Processing /home/airflow/.local/lib/python3.12/site-packages/airflow/example_dags/example_time_delta_sensor_async.py took 0.159 seconds
[2025-03-16T19:24:44.165+0000] {processor.py:186} INFO - Started process (PID=91093) to work on /home/airflow/.local/lib/python3.12/site-packages/airflow/example_dags/example_time_delta_sensor_async.py
[2025-03-16T19:24:44.166+0000] {processor.py:914} INFO - Processing file /home/airflow/.local/lib/python3.12/site-packages/airflow/example_dags/example_time_delta_sensor_async.py for tasks to queue
[2025-03-16T19:24:44.168+0000] {logging_mixin.py:190} INFO - [2025-03-16T19:24:44.167+0000] {dagbag.py:588} INFO - Filling up the DagBag from /home/airflow/.local/lib/python3.12/site-packages/airflow/example_dags/example_time_delta_sensor_async.py
[2025-03-16T19:24:44.182+0000] {processor.py:925} INFO - DAG(s) 'example_time_delta_sensor_async' retrieved from /home/airflow/.local/lib/python3.12/site-packages/airflow/example_dags/example_time_delta_sensor_async.py
[2025-03-16T19:24:44.232+0000] {logging_mixin.py:190} INFO - [2025-03-16T19:24:44.232+0000] {dag.py:3239} INFO - Sync 1 DAGs
[2025-03-16T19:24:44.270+0000] {logging_mixin.py:190} INFO - [2025-03-16T19:24:44.269+0000] {dag.py:4180} INFO - Setting next_dagrun for example_time_delta_sensor_async to None, run_after=None
[2025-03-16T19:24:44.313+0000] {processor.py:208} INFO - Processing /home/airflow/.local/lib/python3.12/site-packages/airflow/example_dags/example_time_delta_sensor_async.py took 0.159 seconds
[2025-03-16T19:25:15.644+0000] {processor.py:186} INFO - Started process (PID=91157) to work on /home/airflow/.local/lib/python3.12/site-packages/airflow/example_dags/example_time_delta_sensor_async.py
[2025-03-16T19:25:15.646+0000] {processor.py:914} INFO - Processing file /home/airflow/.local/lib/python3.12/site-packages/airflow/example_dags/example_time_delta_sensor_async.py for tasks to queue
[2025-03-16T19:25:15.648+0000] {logging_mixin.py:190} INFO - [2025-03-16T19:25:15.648+0000] {dagbag.py:588} INFO - Filling up the DagBag from /home/airflow/.local/lib/python3.12/site-packages/airflow/example_dags/example_time_delta_sensor_async.py
[2025-03-16T19:25:15.661+0000] {processor.py:925} INFO - DAG(s) 'example_time_delta_sensor_async' retrieved from /home/airflow/.local/lib/python3.12/site-packages/airflow/example_dags/example_time_delta_sensor_async.py
[2025-03-16T19:25:15.695+0000] {logging_mixin.py:190} INFO - [2025-03-16T19:25:15.695+0000] {dag.py:3239} INFO - Sync 1 DAGs
[2025-03-16T19:25:15.721+0000] {logging_mixin.py:190} INFO - [2025-03-16T19:25:15.721+0000] {dag.py:4180} INFO - Setting next_dagrun for example_time_delta_sensor_async to None, run_after=None
[2025-03-16T19:25:15.762+0000] {processor.py:208} INFO - Processing /home/airflow/.local/lib/python3.12/site-packages/airflow/example_dags/example_time_delta_sensor_async.py took 0.127 seconds
[2025-03-16T19:25:47.180+0000] {processor.py:186} INFO - Started process (PID=91221) to work on /home/airflow/.local/lib/python3.12/site-packages/airflow/example_dags/example_time_delta_sensor_async.py
[2025-03-16T19:25:47.182+0000] {processor.py:914} INFO - Processing file /home/airflow/.local/lib/python3.12/site-packages/airflow/example_dags/example_time_delta_sensor_async.py for tasks to queue
[2025-03-16T19:25:47.185+0000] {logging_mixin.py:190} INFO - [2025-03-16T19:25:47.184+0000] {dagbag.py:588} INFO - Filling up the DagBag from /home/airflow/.local/lib/python3.12/site-packages/airflow/example_dags/example_time_delta_sensor_async.py
[2025-03-16T19:25:47.196+0000] {processor.py:925} INFO - DAG(s) 'example_time_delta_sensor_async' retrieved from /home/airflow/.local/lib/python3.12/site-packages/airflow/example_dags/example_time_delta_sensor_async.py
[2025-03-16T19:25:47.230+0000] {logging_mixin.py:190} INFO - [2025-03-16T19:25:47.229+0000] {dag.py:3239} INFO - Sync 1 DAGs
[2025-03-16T19:25:47.257+0000] {logging_mixin.py:190} INFO - [2025-03-16T19:25:47.256+0000] {dag.py:4180} INFO - Setting next_dagrun for example_time_delta_sensor_async to None, run_after=None
[2025-03-16T19:25:47.291+0000] {processor.py:208} INFO - Processing /home/airflow/.local/lib/python3.12/site-packages/airflow/example_dags/example_time_delta_sensor_async.py took 0.120 seconds
[2025-03-16T19:26:18.264+0000] {processor.py:186} INFO - Started process (PID=91286) to work on /home/airflow/.local/lib/python3.12/site-packages/airflow/example_dags/example_time_delta_sensor_async.py
[2025-03-16T19:26:18.266+0000] {processor.py:914} INFO - Processing file /home/airflow/.local/lib/python3.12/site-packages/airflow/example_dags/example_time_delta_sensor_async.py for tasks to queue
[2025-03-16T19:26:18.268+0000] {logging_mixin.py:190} INFO - [2025-03-16T19:26:18.267+0000] {dagbag.py:588} INFO - Filling up the DagBag from /home/airflow/.local/lib/python3.12/site-packages/airflow/example_dags/example_time_delta_sensor_async.py
[2025-03-16T19:26:18.278+0000] {processor.py:925} INFO - DAG(s) 'example_time_delta_sensor_async' retrieved from /home/airflow/.local/lib/python3.12/site-packages/airflow/example_dags/example_time_delta_sensor_async.py
[2025-03-16T19:26:18.311+0000] {logging_mixin.py:190} INFO - [2025-03-16T19:26:18.311+0000] {dag.py:3239} INFO - Sync 1 DAGs
[2025-03-16T19:26:18.338+0000] {logging_mixin.py:190} INFO - [2025-03-16T19:26:18.337+0000] {dag.py:4180} INFO - Setting next_dagrun for example_time_delta_sensor_async to None, run_after=None
[2025-03-16T19:26:18.370+0000] {processor.py:208} INFO - Processing /home/airflow/.local/lib/python3.12/site-packages/airflow/example_dags/example_time_delta_sensor_async.py took 0.117 seconds
[2025-03-16T19:26:49.209+0000] {processor.py:186} INFO - Started process (PID=91350) to work on /home/airflow/.local/lib/python3.12/site-packages/airflow/example_dags/example_time_delta_sensor_async.py
[2025-03-16T19:26:49.210+0000] {processor.py:914} INFO - Processing file /home/airflow/.local/lib/python3.12/site-packages/airflow/example_dags/example_time_delta_sensor_async.py for tasks to queue
[2025-03-16T19:26:49.212+0000] {logging_mixin.py:190} INFO - [2025-03-16T19:26:49.212+0000] {dagbag.py:588} INFO - Filling up the DagBag from /home/airflow/.local/lib/python3.12/site-packages/airflow/example_dags/example_time_delta_sensor_async.py
[2025-03-16T19:26:49.222+0000] {processor.py:925} INFO - DAG(s) 'example_time_delta_sensor_async' retrieved from /home/airflow/.local/lib/python3.12/site-packages/airflow/example_dags/example_time_delta_sensor_async.py
[2025-03-16T19:26:49.254+0000] {logging_mixin.py:190} INFO - [2025-03-16T19:26:49.254+0000] {dag.py:3239} INFO - Sync 1 DAGs
[2025-03-16T19:26:49.278+0000] {logging_mixin.py:190} INFO - [2025-03-16T19:26:49.278+0000] {dag.py:4180} INFO - Setting next_dagrun for example_time_delta_sensor_async to None, run_after=None
[2025-03-16T19:26:49.307+0000] {processor.py:208} INFO - Processing /home/airflow/.local/lib/python3.12/site-packages/airflow/example_dags/example_time_delta_sensor_async.py took 0.105 seconds
[2025-03-16T19:27:20.439+0000] {processor.py:186} INFO - Started process (PID=91414) to work on /home/airflow/.local/lib/python3.12/site-packages/airflow/example_dags/example_time_delta_sensor_async.py
[2025-03-16T19:27:20.441+0000] {processor.py:914} INFO - Processing file /home/airflow/.local/lib/python3.12/site-packages/airflow/example_dags/example_time_delta_sensor_async.py for tasks to queue
[2025-03-16T19:27:20.443+0000] {logging_mixin.py:190} INFO - [2025-03-16T19:27:20.442+0000] {dagbag.py:588} INFO - Filling up the DagBag from /home/airflow/.local/lib/python3.12/site-packages/airflow/example_dags/example_time_delta_sensor_async.py
[2025-03-16T19:27:20.455+0000] {processor.py:925} INFO - DAG(s) 'example_time_delta_sensor_async' retrieved from /home/airflow/.local/lib/python3.12/site-packages/airflow/example_dags/example_time_delta_sensor_async.py
[2025-03-16T19:27:20.487+0000] {logging_mixin.py:190} INFO - [2025-03-16T19:27:20.486+0000] {dag.py:3239} INFO - Sync 1 DAGs
[2025-03-16T19:27:20.511+0000] {logging_mixin.py:190} INFO - [2025-03-16T19:27:20.511+0000] {dag.py:4180} INFO - Setting next_dagrun for example_time_delta_sensor_async to None, run_after=None
[2025-03-16T19:27:20.542+0000] {processor.py:208} INFO - Processing /home/airflow/.local/lib/python3.12/site-packages/airflow/example_dags/example_time_delta_sensor_async.py took 0.111 seconds
[2025-03-16T19:27:52.916+0000] {processor.py:186} INFO - Started process (PID=91478) to work on /home/airflow/.local/lib/python3.12/site-packages/airflow/example_dags/example_time_delta_sensor_async.py
[2025-03-16T19:27:52.917+0000] {processor.py:914} INFO - Processing file /home/airflow/.local/lib/python3.12/site-packages/airflow/example_dags/example_time_delta_sensor_async.py for tasks to queue
[2025-03-16T19:27:52.920+0000] {logging_mixin.py:190} INFO - [2025-03-16T19:27:52.919+0000] {dagbag.py:588} INFO - Filling up the DagBag from /home/airflow/.local/lib/python3.12/site-packages/airflow/example_dags/example_time_delta_sensor_async.py
[2025-03-16T19:27:52.933+0000] {processor.py:925} INFO - DAG(s) 'example_time_delta_sensor_async' retrieved from /home/airflow/.local/lib/python3.12/site-packages/airflow/example_dags/example_time_delta_sensor_async.py
[2025-03-16T19:27:52.968+0000] {logging_mixin.py:190} INFO - [2025-03-16T19:27:52.968+0000] {dag.py:3239} INFO - Sync 1 DAGs
[2025-03-16T19:27:52.998+0000] {logging_mixin.py:190} INFO - [2025-03-16T19:27:52.998+0000] {dag.py:4180} INFO - Setting next_dagrun for example_time_delta_sensor_async to None, run_after=None
[2025-03-16T19:27:53.035+0000] {processor.py:208} INFO - Processing /home/airflow/.local/lib/python3.12/site-packages/airflow/example_dags/example_time_delta_sensor_async.py took 0.131 seconds
[2025-03-16T19:28:26.720+0000] {processor.py:186} INFO - Started process (PID=91548) to work on /home/airflow/.local/lib/python3.12/site-packages/airflow/example_dags/example_time_delta_sensor_async.py
[2025-03-16T19:28:26.723+0000] {processor.py:914} INFO - Processing file /home/airflow/.local/lib/python3.12/site-packages/airflow/example_dags/example_time_delta_sensor_async.py for tasks to queue
[2025-03-16T19:28:26.726+0000] {logging_mixin.py:190} INFO - [2025-03-16T19:28:26.725+0000] {dagbag.py:588} INFO - Filling up the DagBag from /home/airflow/.local/lib/python3.12/site-packages/airflow/example_dags/example_time_delta_sensor_async.py
[2025-03-16T19:28:26.738+0000] {processor.py:925} INFO - DAG(s) 'example_time_delta_sensor_async' retrieved from /home/airflow/.local/lib/python3.12/site-packages/airflow/example_dags/example_time_delta_sensor_async.py
[2025-03-16T19:28:26.774+0000] {logging_mixin.py:190} INFO - [2025-03-16T19:28:26.773+0000] {dag.py:3239} INFO - Sync 1 DAGs
[2025-03-16T19:28:26.807+0000] {logging_mixin.py:190} INFO - [2025-03-16T19:28:26.806+0000] {dag.py:4180} INFO - Setting next_dagrun for example_time_delta_sensor_async to None, run_after=None
[2025-03-16T19:28:26.843+0000] {processor.py:208} INFO - Processing /home/airflow/.local/lib/python3.12/site-packages/airflow/example_dags/example_time_delta_sensor_async.py took 0.134 seconds
[2025-03-16T19:28:57.549+0000] {processor.py:186} INFO - Started process (PID=91612) to work on /home/airflow/.local/lib/python3.12/site-packages/airflow/example_dags/example_time_delta_sensor_async.py
[2025-03-16T19:28:57.550+0000] {processor.py:914} INFO - Processing file /home/airflow/.local/lib/python3.12/site-packages/airflow/example_dags/example_time_delta_sensor_async.py for tasks to queue
[2025-03-16T19:28:57.553+0000] {logging_mixin.py:190} INFO - [2025-03-16T19:28:57.552+0000] {dagbag.py:588} INFO - Filling up the DagBag from /home/airflow/.local/lib/python3.12/site-packages/airflow/example_dags/example_time_delta_sensor_async.py
[2025-03-16T19:28:57.569+0000] {processor.py:925} INFO - DAG(s) 'example_time_delta_sensor_async' retrieved from /home/airflow/.local/lib/python3.12/site-packages/airflow/example_dags/example_time_delta_sensor_async.py
[2025-03-16T19:28:57.605+0000] {logging_mixin.py:190} INFO - [2025-03-16T19:28:57.605+0000] {dag.py:3239} INFO - Sync 1 DAGs
[2025-03-16T19:28:57.635+0000] {logging_mixin.py:190} INFO - [2025-03-16T19:28:57.635+0000] {dag.py:4180} INFO - Setting next_dagrun for example_time_delta_sensor_async to None, run_after=None
[2025-03-16T19:28:57.674+0000] {processor.py:208} INFO - Processing /home/airflow/.local/lib/python3.12/site-packages/airflow/example_dags/example_time_delta_sensor_async.py took 0.137 seconds
[2025-03-16T19:29:28.588+0000] {processor.py:186} INFO - Started process (PID=91676) to work on /home/airflow/.local/lib/python3.12/site-packages/airflow/example_dags/example_time_delta_sensor_async.py
[2025-03-16T19:29:28.590+0000] {processor.py:914} INFO - Processing file /home/airflow/.local/lib/python3.12/site-packages/airflow/example_dags/example_time_delta_sensor_async.py for tasks to queue
[2025-03-16T19:29:28.595+0000] {logging_mixin.py:190} INFO - [2025-03-16T19:29:28.593+0000] {dagbag.py:588} INFO - Filling up the DagBag from /home/airflow/.local/lib/python3.12/site-packages/airflow/example_dags/example_time_delta_sensor_async.py
[2025-03-16T19:29:28.611+0000] {processor.py:925} INFO - DAG(s) 'example_time_delta_sensor_async' retrieved from /home/airflow/.local/lib/python3.12/site-packages/airflow/example_dags/example_time_delta_sensor_async.py
[2025-03-16T19:29:28.646+0000] {logging_mixin.py:190} INFO - [2025-03-16T19:29:28.646+0000] {dag.py:3239} INFO - Sync 1 DAGs
[2025-03-16T19:29:28.673+0000] {logging_mixin.py:190} INFO - [2025-03-16T19:29:28.672+0000] {dag.py:4180} INFO - Setting next_dagrun for example_time_delta_sensor_async to None, run_after=None
[2025-03-16T19:29:28.707+0000] {processor.py:208} INFO - Processing /home/airflow/.local/lib/python3.12/site-packages/airflow/example_dags/example_time_delta_sensor_async.py took 0.130 seconds
[2025-03-16T19:30:01.079+0000] {processor.py:186} INFO - Started process (PID=91740) to work on /home/airflow/.local/lib/python3.12/site-packages/airflow/example_dags/example_time_delta_sensor_async.py
[2025-03-16T19:30:01.080+0000] {processor.py:914} INFO - Processing file /home/airflow/.local/lib/python3.12/site-packages/airflow/example_dags/example_time_delta_sensor_async.py for tasks to queue
[2025-03-16T19:30:01.082+0000] {logging_mixin.py:190} INFO - [2025-03-16T19:30:01.082+0000] {dagbag.py:588} INFO - Filling up the DagBag from /home/airflow/.local/lib/python3.12/site-packages/airflow/example_dags/example_time_delta_sensor_async.py
[2025-03-16T19:30:01.092+0000] {processor.py:925} INFO - DAG(s) 'example_time_delta_sensor_async' retrieved from /home/airflow/.local/lib/python3.12/site-packages/airflow/example_dags/example_time_delta_sensor_async.py
[2025-03-16T19:30:01.135+0000] {logging_mixin.py:190} INFO - [2025-03-16T19:30:01.134+0000] {dag.py:3239} INFO - Sync 1 DAGs
[2025-03-16T19:30:01.164+0000] {logging_mixin.py:190} INFO - [2025-03-16T19:30:01.163+0000] {dag.py:4180} INFO - Setting next_dagrun for example_time_delta_sensor_async to None, run_after=None
[2025-03-16T19:30:01.202+0000] {processor.py:208} INFO - Processing /home/airflow/.local/lib/python3.12/site-packages/airflow/example_dags/example_time_delta_sensor_async.py took 0.133 seconds
[2025-03-16T19:30:31.457+0000] {processor.py:186} INFO - Started process (PID=91804) to work on /home/airflow/.local/lib/python3.12/site-packages/airflow/example_dags/example_time_delta_sensor_async.py
[2025-03-16T19:30:31.459+0000] {processor.py:914} INFO - Processing file /home/airflow/.local/lib/python3.12/site-packages/airflow/example_dags/example_time_delta_sensor_async.py for tasks to queue
[2025-03-16T19:30:31.461+0000] {logging_mixin.py:190} INFO - [2025-03-16T19:30:31.460+0000] {dagbag.py:588} INFO - Filling up the DagBag from /home/airflow/.local/lib/python3.12/site-packages/airflow/example_dags/example_time_delta_sensor_async.py
[2025-03-16T19:30:31.475+0000] {processor.py:925} INFO - DAG(s) 'example_time_delta_sensor_async' retrieved from /home/airflow/.local/lib/python3.12/site-packages/airflow/example_dags/example_time_delta_sensor_async.py
[2025-03-16T19:30:31.510+0000] {logging_mixin.py:190} INFO - [2025-03-16T19:30:31.510+0000] {dag.py:3239} INFO - Sync 1 DAGs
[2025-03-16T19:30:31.540+0000] {logging_mixin.py:190} INFO - [2025-03-16T19:30:31.540+0000] {dag.py:4180} INFO - Setting next_dagrun for example_time_delta_sensor_async to None, run_after=None
[2025-03-16T19:30:31.579+0000] {processor.py:208} INFO - Processing /home/airflow/.local/lib/python3.12/site-packages/airflow/example_dags/example_time_delta_sensor_async.py took 0.132 seconds
[2025-03-16T19:31:03.212+0000] {processor.py:186} INFO - Started process (PID=91868) to work on /home/airflow/.local/lib/python3.12/site-packages/airflow/example_dags/example_time_delta_sensor_async.py
[2025-03-16T19:31:03.215+0000] {processor.py:914} INFO - Processing file /home/airflow/.local/lib/python3.12/site-packages/airflow/example_dags/example_time_delta_sensor_async.py for tasks to queue
[2025-03-16T19:31:03.217+0000] {logging_mixin.py:190} INFO - [2025-03-16T19:31:03.216+0000] {dagbag.py:588} INFO - Filling up the DagBag from /home/airflow/.local/lib/python3.12/site-packages/airflow/example_dags/example_time_delta_sensor_async.py
[2025-03-16T19:31:03.229+0000] {processor.py:925} INFO - DAG(s) 'example_time_delta_sensor_async' retrieved from /home/airflow/.local/lib/python3.12/site-packages/airflow/example_dags/example_time_delta_sensor_async.py
[2025-03-16T19:31:03.265+0000] {logging_mixin.py:190} INFO - [2025-03-16T19:31:03.265+0000] {dag.py:3239} INFO - Sync 1 DAGs
[2025-03-16T19:31:03.294+0000] {logging_mixin.py:190} INFO - [2025-03-16T19:31:03.293+0000] {dag.py:4180} INFO - Setting next_dagrun for example_time_delta_sensor_async to None, run_after=None
[2025-03-16T19:31:03.330+0000] {processor.py:208} INFO - Processing /home/airflow/.local/lib/python3.12/site-packages/airflow/example_dags/example_time_delta_sensor_async.py took 0.128 seconds
[2025-03-16T19:31:33.850+0000] {processor.py:186} INFO - Started process (PID=91932) to work on /home/airflow/.local/lib/python3.12/site-packages/airflow/example_dags/example_time_delta_sensor_async.py
[2025-03-16T19:31:33.852+0000] {processor.py:914} INFO - Processing file /home/airflow/.local/lib/python3.12/site-packages/airflow/example_dags/example_time_delta_sensor_async.py for tasks to queue
[2025-03-16T19:31:33.855+0000] {logging_mixin.py:190} INFO - [2025-03-16T19:31:33.854+0000] {dagbag.py:588} INFO - Filling up the DagBag from /home/airflow/.local/lib/python3.12/site-packages/airflow/example_dags/example_time_delta_sensor_async.py
[2025-03-16T19:31:33.869+0000] {processor.py:925} INFO - DAG(s) 'example_time_delta_sensor_async' retrieved from /home/airflow/.local/lib/python3.12/site-packages/airflow/example_dags/example_time_delta_sensor_async.py
[2025-03-16T19:31:33.916+0000] {logging_mixin.py:190} INFO - [2025-03-16T19:31:33.914+0000] {dag.py:3239} INFO - Sync 1 DAGs
[2025-03-16T19:31:33.949+0000] {logging_mixin.py:190} INFO - [2025-03-16T19:31:33.948+0000] {dag.py:4180} INFO - Setting next_dagrun for example_time_delta_sensor_async to None, run_after=None
[2025-03-16T19:31:33.985+0000] {processor.py:208} INFO - Processing /home/airflow/.local/lib/python3.12/site-packages/airflow/example_dags/example_time_delta_sensor_async.py took 0.147 seconds
[2025-03-16T19:32:04.585+0000] {processor.py:186} INFO - Started process (PID=91996) to work on /home/airflow/.local/lib/python3.12/site-packages/airflow/example_dags/example_time_delta_sensor_async.py
[2025-03-16T19:32:04.587+0000] {processor.py:914} INFO - Processing file /home/airflow/.local/lib/python3.12/site-packages/airflow/example_dags/example_time_delta_sensor_async.py for tasks to queue
[2025-03-16T19:32:04.589+0000] {logging_mixin.py:190} INFO - [2025-03-16T19:32:04.589+0000] {dagbag.py:588} INFO - Filling up the DagBag from /home/airflow/.local/lib/python3.12/site-packages/airflow/example_dags/example_time_delta_sensor_async.py
[2025-03-16T19:32:04.604+0000] {processor.py:925} INFO - DAG(s) 'example_time_delta_sensor_async' retrieved from /home/airflow/.local/lib/python3.12/site-packages/airflow/example_dags/example_time_delta_sensor_async.py
[2025-03-16T19:32:04.639+0000] {logging_mixin.py:190} INFO - [2025-03-16T19:32:04.638+0000] {dag.py:3239} INFO - Sync 1 DAGs
[2025-03-16T19:32:04.669+0000] {logging_mixin.py:190} INFO - [2025-03-16T19:32:04.669+0000] {dag.py:4180} INFO - Setting next_dagrun for example_time_delta_sensor_async to None, run_after=None
[2025-03-16T19:32:04.705+0000] {processor.py:208} INFO - Processing /home/airflow/.local/lib/python3.12/site-packages/airflow/example_dags/example_time_delta_sensor_async.py took 0.130 seconds
[2025-03-16T19:32:35.185+0000] {processor.py:186} INFO - Started process (PID=92060) to work on /home/airflow/.local/lib/python3.12/site-packages/airflow/example_dags/example_time_delta_sensor_async.py
[2025-03-16T19:32:35.186+0000] {processor.py:914} INFO - Processing file /home/airflow/.local/lib/python3.12/site-packages/airflow/example_dags/example_time_delta_sensor_async.py for tasks to queue
[2025-03-16T19:32:35.189+0000] {logging_mixin.py:190} INFO - [2025-03-16T19:32:35.189+0000] {dagbag.py:588} INFO - Filling up the DagBag from /home/airflow/.local/lib/python3.12/site-packages/airflow/example_dags/example_time_delta_sensor_async.py
[2025-03-16T19:32:35.203+0000] {processor.py:925} INFO - DAG(s) 'example_time_delta_sensor_async' retrieved from /home/airflow/.local/lib/python3.12/site-packages/airflow/example_dags/example_time_delta_sensor_async.py
[2025-03-16T19:32:35.242+0000] {logging_mixin.py:190} INFO - [2025-03-16T19:32:35.241+0000] {dag.py:3239} INFO - Sync 1 DAGs
[2025-03-16T19:32:35.272+0000] {logging_mixin.py:190} INFO - [2025-03-16T19:32:35.272+0000] {dag.py:4180} INFO - Setting next_dagrun for example_time_delta_sensor_async to None, run_after=None
[2025-03-16T19:32:35.309+0000] {processor.py:208} INFO - Processing /home/airflow/.local/lib/python3.12/site-packages/airflow/example_dags/example_time_delta_sensor_async.py took 0.136 seconds
[2025-03-16T19:33:06.309+0000] {processor.py:186} INFO - Started process (PID=92124) to work on /home/airflow/.local/lib/python3.12/site-packages/airflow/example_dags/example_time_delta_sensor_async.py
[2025-03-16T19:33:06.315+0000] {processor.py:914} INFO - Processing file /home/airflow/.local/lib/python3.12/site-packages/airflow/example_dags/example_time_delta_sensor_async.py for tasks to queue
[2025-03-16T19:33:06.318+0000] {logging_mixin.py:190} INFO - [2025-03-16T19:33:06.318+0000] {dagbag.py:588} INFO - Filling up the DagBag from /home/airflow/.local/lib/python3.12/site-packages/airflow/example_dags/example_time_delta_sensor_async.py
[2025-03-16T19:33:06.334+0000] {processor.py:925} INFO - DAG(s) 'example_time_delta_sensor_async' retrieved from /home/airflow/.local/lib/python3.12/site-packages/airflow/example_dags/example_time_delta_sensor_async.py
[2025-03-16T19:33:06.369+0000] {logging_mixin.py:190} INFO - [2025-03-16T19:33:06.368+0000] {dag.py:3239} INFO - Sync 1 DAGs
[2025-03-16T19:33:06.399+0000] {logging_mixin.py:190} INFO - [2025-03-16T19:33:06.399+0000] {dag.py:4180} INFO - Setting next_dagrun for example_time_delta_sensor_async to None, run_after=None
[2025-03-16T19:33:06.436+0000] {processor.py:208} INFO - Processing /home/airflow/.local/lib/python3.12/site-packages/airflow/example_dags/example_time_delta_sensor_async.py took 0.136 seconds
[2025-03-16T19:33:36.630+0000] {processor.py:186} INFO - Started process (PID=92187) to work on /home/airflow/.local/lib/python3.12/site-packages/airflow/example_dags/example_time_delta_sensor_async.py
[2025-03-16T19:33:36.632+0000] {processor.py:914} INFO - Processing file /home/airflow/.local/lib/python3.12/site-packages/airflow/example_dags/example_time_delta_sensor_async.py for tasks to queue
[2025-03-16T19:33:36.634+0000] {logging_mixin.py:190} INFO - [2025-03-16T19:33:36.634+0000] {dagbag.py:588} INFO - Filling up the DagBag from /home/airflow/.local/lib/python3.12/site-packages/airflow/example_dags/example_time_delta_sensor_async.py
[2025-03-16T19:33:36.645+0000] {processor.py:925} INFO - DAG(s) 'example_time_delta_sensor_async' retrieved from /home/airflow/.local/lib/python3.12/site-packages/airflow/example_dags/example_time_delta_sensor_async.py
[2025-03-16T19:33:36.680+0000] {logging_mixin.py:190} INFO - [2025-03-16T19:33:36.679+0000] {dag.py:3239} INFO - Sync 1 DAGs
[2025-03-16T19:33:36.705+0000] {logging_mixin.py:190} INFO - [2025-03-16T19:33:36.705+0000] {dag.py:4180} INFO - Setting next_dagrun for example_time_delta_sensor_async to None, run_after=None
[2025-03-16T19:33:36.737+0000] {processor.py:208} INFO - Processing /home/airflow/.local/lib/python3.12/site-packages/airflow/example_dags/example_time_delta_sensor_async.py took 0.115 seconds
[2025-03-16T19:34:07.015+0000] {processor.py:186} INFO - Started process (PID=92251) to work on /home/airflow/.local/lib/python3.12/site-packages/airflow/example_dags/example_time_delta_sensor_async.py
[2025-03-16T19:34:07.017+0000] {processor.py:914} INFO - Processing file /home/airflow/.local/lib/python3.12/site-packages/airflow/example_dags/example_time_delta_sensor_async.py for tasks to queue
[2025-03-16T19:34:07.020+0000] {logging_mixin.py:190} INFO - [2025-03-16T19:34:07.019+0000] {dagbag.py:588} INFO - Filling up the DagBag from /home/airflow/.local/lib/python3.12/site-packages/airflow/example_dags/example_time_delta_sensor_async.py
[2025-03-16T19:34:07.033+0000] {processor.py:925} INFO - DAG(s) 'example_time_delta_sensor_async' retrieved from /home/airflow/.local/lib/python3.12/site-packages/airflow/example_dags/example_time_delta_sensor_async.py
[2025-03-16T19:34:07.068+0000] {logging_mixin.py:190} INFO - [2025-03-16T19:34:07.068+0000] {dag.py:3239} INFO - Sync 1 DAGs
[2025-03-16T19:34:07.094+0000] {logging_mixin.py:190} INFO - [2025-03-16T19:34:07.094+0000] {dag.py:4180} INFO - Setting next_dagrun for example_time_delta_sensor_async to None, run_after=None
[2025-03-16T19:34:07.129+0000] {processor.py:208} INFO - Processing /home/airflow/.local/lib/python3.12/site-packages/airflow/example_dags/example_time_delta_sensor_async.py took 0.124 seconds
[2025-03-16T19:34:37.678+0000] {processor.py:186} INFO - Started process (PID=92316) to work on /home/airflow/.local/lib/python3.12/site-packages/airflow/example_dags/example_time_delta_sensor_async.py
[2025-03-16T19:34:37.680+0000] {processor.py:914} INFO - Processing file /home/airflow/.local/lib/python3.12/site-packages/airflow/example_dags/example_time_delta_sensor_async.py for tasks to queue
[2025-03-16T19:34:37.683+0000] {logging_mixin.py:190} INFO - [2025-03-16T19:34:37.682+0000] {dagbag.py:588} INFO - Filling up the DagBag from /home/airflow/.local/lib/python3.12/site-packages/airflow/example_dags/example_time_delta_sensor_async.py
[2025-03-16T19:34:37.694+0000] {processor.py:925} INFO - DAG(s) 'example_time_delta_sensor_async' retrieved from /home/airflow/.local/lib/python3.12/site-packages/airflow/example_dags/example_time_delta_sensor_async.py
[2025-03-16T19:34:37.730+0000] {logging_mixin.py:190} INFO - [2025-03-16T19:34:37.729+0000] {dag.py:3239} INFO - Sync 1 DAGs
[2025-03-16T19:34:37.754+0000] {logging_mixin.py:190} INFO - [2025-03-16T19:34:37.753+0000] {dag.py:4180} INFO - Setting next_dagrun for example_time_delta_sensor_async to None, run_after=None
[2025-03-16T19:34:37.788+0000] {processor.py:208} INFO - Processing /home/airflow/.local/lib/python3.12/site-packages/airflow/example_dags/example_time_delta_sensor_async.py took 0.120 seconds
[2025-03-16T19:35:08.015+0000] {processor.py:186} INFO - Started process (PID=92380) to work on /home/airflow/.local/lib/python3.12/site-packages/airflow/example_dags/example_time_delta_sensor_async.py
[2025-03-16T19:35:08.017+0000] {processor.py:914} INFO - Processing file /home/airflow/.local/lib/python3.12/site-packages/airflow/example_dags/example_time_delta_sensor_async.py for tasks to queue
[2025-03-16T19:35:08.019+0000] {logging_mixin.py:190} INFO - [2025-03-16T19:35:08.019+0000] {dagbag.py:588} INFO - Filling up the DagBag from /home/airflow/.local/lib/python3.12/site-packages/airflow/example_dags/example_time_delta_sensor_async.py
[2025-03-16T19:35:08.030+0000] {processor.py:925} INFO - DAG(s) 'example_time_delta_sensor_async' retrieved from /home/airflow/.local/lib/python3.12/site-packages/airflow/example_dags/example_time_delta_sensor_async.py
[2025-03-16T19:35:08.066+0000] {logging_mixin.py:190} INFO - [2025-03-16T19:35:08.066+0000] {dag.py:3239} INFO - Sync 1 DAGs
[2025-03-16T19:35:08.093+0000] {logging_mixin.py:190} INFO - [2025-03-16T19:35:08.092+0000] {dag.py:4180} INFO - Setting next_dagrun for example_time_delta_sensor_async to None, run_after=None
[2025-03-16T19:35:08.128+0000] {processor.py:208} INFO - Processing /home/airflow/.local/lib/python3.12/site-packages/airflow/example_dags/example_time_delta_sensor_async.py took 0.124 seconds
[2025-03-16T19:35:38.662+0000] {processor.py:186} INFO - Started process (PID=92443) to work on /home/airflow/.local/lib/python3.12/site-packages/airflow/example_dags/example_time_delta_sensor_async.py
[2025-03-16T19:35:38.663+0000] {processor.py:914} INFO - Processing file /home/airflow/.local/lib/python3.12/site-packages/airflow/example_dags/example_time_delta_sensor_async.py for tasks to queue
[2025-03-16T19:35:38.665+0000] {logging_mixin.py:190} INFO - [2025-03-16T19:35:38.665+0000] {dagbag.py:588} INFO - Filling up the DagBag from /home/airflow/.local/lib/python3.12/site-packages/airflow/example_dags/example_time_delta_sensor_async.py
[2025-03-16T19:35:38.675+0000] {processor.py:925} INFO - DAG(s) 'example_time_delta_sensor_async' retrieved from /home/airflow/.local/lib/python3.12/site-packages/airflow/example_dags/example_time_delta_sensor_async.py
[2025-03-16T19:35:38.704+0000] {logging_mixin.py:190} INFO - [2025-03-16T19:35:38.704+0000] {dag.py:3239} INFO - Sync 1 DAGs
[2025-03-16T19:35:38.733+0000] {logging_mixin.py:190} INFO - [2025-03-16T19:35:38.733+0000] {dag.py:4180} INFO - Setting next_dagrun for example_time_delta_sensor_async to None, run_after=None
[2025-03-16T19:35:38.763+0000] {processor.py:208} INFO - Processing /home/airflow/.local/lib/python3.12/site-packages/airflow/example_dags/example_time_delta_sensor_async.py took 0.110 seconds
[2025-03-16T19:36:09.023+0000] {processor.py:186} INFO - Started process (PID=92507) to work on /home/airflow/.local/lib/python3.12/site-packages/airflow/example_dags/example_time_delta_sensor_async.py
[2025-03-16T19:36:09.024+0000] {processor.py:914} INFO - Processing file /home/airflow/.local/lib/python3.12/site-packages/airflow/example_dags/example_time_delta_sensor_async.py for tasks to queue
[2025-03-16T19:36:09.027+0000] {logging_mixin.py:190} INFO - [2025-03-16T19:36:09.027+0000] {dagbag.py:588} INFO - Filling up the DagBag from /home/airflow/.local/lib/python3.12/site-packages/airflow/example_dags/example_time_delta_sensor_async.py
[2025-03-16T19:36:09.038+0000] {processor.py:925} INFO - DAG(s) 'example_time_delta_sensor_async' retrieved from /home/airflow/.local/lib/python3.12/site-packages/airflow/example_dags/example_time_delta_sensor_async.py
[2025-03-16T19:36:09.066+0000] {logging_mixin.py:190} INFO - [2025-03-16T19:36:09.065+0000] {dag.py:3239} INFO - Sync 1 DAGs
[2025-03-16T19:36:09.088+0000] {logging_mixin.py:190} INFO - [2025-03-16T19:36:09.087+0000] {dag.py:4180} INFO - Setting next_dagrun for example_time_delta_sensor_async to None, run_after=None
[2025-03-16T19:36:09.114+0000] {processor.py:208} INFO - Processing /home/airflow/.local/lib/python3.12/site-packages/airflow/example_dags/example_time_delta_sensor_async.py took 0.100 seconds
[2025-03-16T19:36:39.708+0000] {processor.py:186} INFO - Started process (PID=92571) to work on /home/airflow/.local/lib/python3.12/site-packages/airflow/example_dags/example_time_delta_sensor_async.py
[2025-03-16T19:36:39.709+0000] {processor.py:914} INFO - Processing file /home/airflow/.local/lib/python3.12/site-packages/airflow/example_dags/example_time_delta_sensor_async.py for tasks to queue
[2025-03-16T19:36:39.711+0000] {logging_mixin.py:190} INFO - [2025-03-16T19:36:39.711+0000] {dagbag.py:588} INFO - Filling up the DagBag from /home/airflow/.local/lib/python3.12/site-packages/airflow/example_dags/example_time_delta_sensor_async.py
[2025-03-16T19:36:39.720+0000] {processor.py:925} INFO - DAG(s) 'example_time_delta_sensor_async' retrieved from /home/airflow/.local/lib/python3.12/site-packages/airflow/example_dags/example_time_delta_sensor_async.py
[2025-03-16T19:36:39.750+0000] {logging_mixin.py:190} INFO - [2025-03-16T19:36:39.749+0000] {dag.py:3239} INFO - Sync 1 DAGs
[2025-03-16T19:36:39.773+0000] {logging_mixin.py:190} INFO - [2025-03-16T19:36:39.773+0000] {dag.py:4180} INFO - Setting next_dagrun for example_time_delta_sensor_async to None, run_after=None
[2025-03-16T19:36:39.802+0000] {processor.py:208} INFO - Processing /home/airflow/.local/lib/python3.12/site-packages/airflow/example_dags/example_time_delta_sensor_async.py took 0.102 seconds
[2025-03-16T19:37:10.557+0000] {processor.py:186} INFO - Started process (PID=92635) to work on /home/airflow/.local/lib/python3.12/site-packages/airflow/example_dags/example_time_delta_sensor_async.py
[2025-03-16T19:37:10.559+0000] {processor.py:914} INFO - Processing file /home/airflow/.local/lib/python3.12/site-packages/airflow/example_dags/example_time_delta_sensor_async.py for tasks to queue
[2025-03-16T19:37:10.562+0000] {logging_mixin.py:190} INFO - [2025-03-16T19:37:10.561+0000] {dagbag.py:588} INFO - Filling up the DagBag from /home/airflow/.local/lib/python3.12/site-packages/airflow/example_dags/example_time_delta_sensor_async.py
[2025-03-16T19:37:10.574+0000] {processor.py:925} INFO - DAG(s) 'example_time_delta_sensor_async' retrieved from /home/airflow/.local/lib/python3.12/site-packages/airflow/example_dags/example_time_delta_sensor_async.py
[2025-03-16T19:37:10.612+0000] {logging_mixin.py:190} INFO - [2025-03-16T19:37:10.611+0000] {dag.py:3239} INFO - Sync 1 DAGs
[2025-03-16T19:37:10.640+0000] {logging_mixin.py:190} INFO - [2025-03-16T19:37:10.639+0000] {dag.py:4180} INFO - Setting next_dagrun for example_time_delta_sensor_async to None, run_after=None
[2025-03-16T19:37:10.672+0000] {processor.py:208} INFO - Processing /home/airflow/.local/lib/python3.12/site-packages/airflow/example_dags/example_time_delta_sensor_async.py took 0.125 seconds
[2025-03-16T19:37:40.837+0000] {processor.py:186} INFO - Started process (PID=92698) to work on /home/airflow/.local/lib/python3.12/site-packages/airflow/example_dags/example_time_delta_sensor_async.py
[2025-03-16T19:37:40.839+0000] {processor.py:914} INFO - Processing file /home/airflow/.local/lib/python3.12/site-packages/airflow/example_dags/example_time_delta_sensor_async.py for tasks to queue
[2025-03-16T19:37:40.842+0000] {logging_mixin.py:190} INFO - [2025-03-16T19:37:40.841+0000] {dagbag.py:588} INFO - Filling up the DagBag from /home/airflow/.local/lib/python3.12/site-packages/airflow/example_dags/example_time_delta_sensor_async.py
[2025-03-16T19:37:40.854+0000] {processor.py:925} INFO - DAG(s) 'example_time_delta_sensor_async' retrieved from /home/airflow/.local/lib/python3.12/site-packages/airflow/example_dags/example_time_delta_sensor_async.py
[2025-03-16T19:37:40.886+0000] {logging_mixin.py:190} INFO - [2025-03-16T19:37:40.886+0000] {dag.py:3239} INFO - Sync 1 DAGs
[2025-03-16T19:37:40.908+0000] {logging_mixin.py:190} INFO - [2025-03-16T19:37:40.907+0000] {dag.py:4180} INFO - Setting next_dagrun for example_time_delta_sensor_async to None, run_after=None
[2025-03-16T19:37:40.936+0000] {processor.py:208} INFO - Processing /home/airflow/.local/lib/python3.12/site-packages/airflow/example_dags/example_time_delta_sensor_async.py took 0.110 seconds
[2025-03-16T19:38:11.778+0000] {processor.py:186} INFO - Started process (PID=92762) to work on /home/airflow/.local/lib/python3.12/site-packages/airflow/example_dags/example_time_delta_sensor_async.py
[2025-03-16T19:38:11.780+0000] {processor.py:914} INFO - Processing file /home/airflow/.local/lib/python3.12/site-packages/airflow/example_dags/example_time_delta_sensor_async.py for tasks to queue
[2025-03-16T19:38:11.782+0000] {logging_mixin.py:190} INFO - [2025-03-16T19:38:11.781+0000] {dagbag.py:588} INFO - Filling up the DagBag from /home/airflow/.local/lib/python3.12/site-packages/airflow/example_dags/example_time_delta_sensor_async.py
[2025-03-16T19:38:11.793+0000] {processor.py:925} INFO - DAG(s) 'example_time_delta_sensor_async' retrieved from /home/airflow/.local/lib/python3.12/site-packages/airflow/example_dags/example_time_delta_sensor_async.py
[2025-03-16T19:38:11.821+0000] {logging_mixin.py:190} INFO - [2025-03-16T19:38:11.820+0000] {dag.py:3239} INFO - Sync 1 DAGs
[2025-03-16T19:38:11.845+0000] {logging_mixin.py:190} INFO - [2025-03-16T19:38:11.844+0000] {dag.py:4180} INFO - Setting next_dagrun for example_time_delta_sensor_async to None, run_after=None
[2025-03-16T19:38:11.871+0000] {processor.py:208} INFO - Processing /home/airflow/.local/lib/python3.12/site-packages/airflow/example_dags/example_time_delta_sensor_async.py took 0.102 seconds
[2025-03-16T19:38:42.724+0000] {processor.py:186} INFO - Started process (PID=92826) to work on /home/airflow/.local/lib/python3.12/site-packages/airflow/example_dags/example_time_delta_sensor_async.py
[2025-03-16T19:38:42.725+0000] {processor.py:914} INFO - Processing file /home/airflow/.local/lib/python3.12/site-packages/airflow/example_dags/example_time_delta_sensor_async.py for tasks to queue
[2025-03-16T19:38:42.728+0000] {logging_mixin.py:190} INFO - [2025-03-16T19:38:42.727+0000] {dagbag.py:588} INFO - Filling up the DagBag from /home/airflow/.local/lib/python3.12/site-packages/airflow/example_dags/example_time_delta_sensor_async.py
[2025-03-16T19:38:42.737+0000] {processor.py:925} INFO - DAG(s) 'example_time_delta_sensor_async' retrieved from /home/airflow/.local/lib/python3.12/site-packages/airflow/example_dags/example_time_delta_sensor_async.py
[2025-03-16T19:38:42.764+0000] {logging_mixin.py:190} INFO - [2025-03-16T19:38:42.764+0000] {dag.py:3239} INFO - Sync 1 DAGs
[2025-03-16T19:38:42.786+0000] {logging_mixin.py:190} INFO - [2025-03-16T19:38:42.786+0000] {dag.py:4180} INFO - Setting next_dagrun for example_time_delta_sensor_async to None, run_after=None
[2025-03-16T19:38:42.813+0000] {processor.py:208} INFO - Processing /home/airflow/.local/lib/python3.12/site-packages/airflow/example_dags/example_time_delta_sensor_async.py took 0.098 seconds
