[2025-03-16T19:07:51.180+0000] {processor.py:186} INFO - Started process (PID=88945) to work on /home/airflow/.local/lib/python3.12/site-packages/airflow/example_dags/example_branch_python_dop_operator_3.py
[2025-03-16T19:07:51.181+0000] {processor.py:914} INFO - Processing file /home/airflow/.local/lib/python3.12/site-packages/airflow/example_dags/example_branch_python_dop_operator_3.py for tasks to queue
[2025-03-16T19:07:51.183+0000] {logging_mixin.py:190} INFO - [2025-03-16T19:07:51.183+0000] {dagbag.py:588} INFO - Filling up the DagBag from /home/airflow/.local/lib/python3.12/site-packages/airflow/example_dags/example_branch_python_dop_operator_3.py
[2025-03-16T19:07:51.196+0000] {processor.py:925} INFO - DAG(s) 'example_branch_dop_operator_v3' retrieved from /home/airflow/.local/lib/python3.12/site-packages/airflow/example_dags/example_branch_python_dop_operator_3.py
[2025-03-16T19:07:51.226+0000] {logging_mixin.py:190} INFO - [2025-03-16T19:07:51.226+0000] {dag.py:3239} INFO - Sync 1 DAGs
[2025-03-16T19:07:51.270+0000] {logging_mixin.py:190} INFO - [2025-03-16T19:07:51.269+0000] {dag.py:4180} INFO - Setting next_dagrun for example_branch_dop_operator_v3 to 2025-03-16 19:06:00+00:00, run_after=2025-03-16 19:07:00+00:00
[2025-03-16T19:07:51.305+0000] {processor.py:208} INFO - Processing /home/airflow/.local/lib/python3.12/site-packages/airflow/example_dags/example_branch_python_dop_operator_3.py took 0.131 seconds
[2025-03-16T19:08:22.040+0000] {processor.py:186} INFO - Started process (PID=89008) to work on /home/airflow/.local/lib/python3.12/site-packages/airflow/example_dags/example_branch_python_dop_operator_3.py
[2025-03-16T19:08:22.041+0000] {processor.py:914} INFO - Processing file /home/airflow/.local/lib/python3.12/site-packages/airflow/example_dags/example_branch_python_dop_operator_3.py for tasks to queue
[2025-03-16T19:08:22.043+0000] {logging_mixin.py:190} INFO - [2025-03-16T19:08:22.043+0000] {dagbag.py:588} INFO - Filling up the DagBag from /home/airflow/.local/lib/python3.12/site-packages/airflow/example_dags/example_branch_python_dop_operator_3.py
[2025-03-16T19:08:22.058+0000] {processor.py:925} INFO - DAG(s) 'example_branch_dop_operator_v3' retrieved from /home/airflow/.local/lib/python3.12/site-packages/airflow/example_dags/example_branch_python_dop_operator_3.py
[2025-03-16T19:08:22.086+0000] {logging_mixin.py:190} INFO - [2025-03-16T19:08:22.085+0000] {dag.py:3239} INFO - Sync 1 DAGs
[2025-03-16T19:08:22.121+0000] {logging_mixin.py:190} INFO - [2025-03-16T19:08:22.120+0000] {dag.py:4180} INFO - Setting next_dagrun for example_branch_dop_operator_v3 to 2025-03-16 19:07:00+00:00, run_after=2025-03-16 19:08:00+00:00
[2025-03-16T19:08:22.153+0000] {processor.py:208} INFO - Processing /home/airflow/.local/lib/python3.12/site-packages/airflow/example_dags/example_branch_python_dop_operator_3.py took 0.122 seconds
[2025-03-16T19:08:52.751+0000] {processor.py:186} INFO - Started process (PID=89072) to work on /home/airflow/.local/lib/python3.12/site-packages/airflow/example_dags/example_branch_python_dop_operator_3.py
[2025-03-16T19:08:52.752+0000] {processor.py:914} INFO - Processing file /home/airflow/.local/lib/python3.12/site-packages/airflow/example_dags/example_branch_python_dop_operator_3.py for tasks to queue
[2025-03-16T19:08:52.753+0000] {logging_mixin.py:190} INFO - [2025-03-16T19:08:52.753+0000] {dagbag.py:588} INFO - Filling up the DagBag from /home/airflow/.local/lib/python3.12/site-packages/airflow/example_dags/example_branch_python_dop_operator_3.py
[2025-03-16T19:08:52.767+0000] {processor.py:925} INFO - DAG(s) 'example_branch_dop_operator_v3' retrieved from /home/airflow/.local/lib/python3.12/site-packages/airflow/example_dags/example_branch_python_dop_operator_3.py
[2025-03-16T19:08:52.787+0000] {logging_mixin.py:190} INFO - [2025-03-16T19:08:52.786+0000] {dag.py:3239} INFO - Sync 1 DAGs
[2025-03-16T19:08:52.811+0000] {logging_mixin.py:190} INFO - [2025-03-16T19:08:52.810+0000] {dag.py:4180} INFO - Setting next_dagrun for example_branch_dop_operator_v3 to 2025-03-16 19:07:00+00:00, run_after=2025-03-16 19:08:00+00:00
[2025-03-16T19:08:52.828+0000] {processor.py:208} INFO - Processing /home/airflow/.local/lib/python3.12/site-packages/airflow/example_dags/example_branch_python_dop_operator_3.py took 0.083 seconds
[2025-03-16T19:09:23.174+0000] {processor.py:186} INFO - Started process (PID=89136) to work on /home/airflow/.local/lib/python3.12/site-packages/airflow/example_dags/example_branch_python_dop_operator_3.py
[2025-03-16T19:09:23.175+0000] {processor.py:914} INFO - Processing file /home/airflow/.local/lib/python3.12/site-packages/airflow/example_dags/example_branch_python_dop_operator_3.py for tasks to queue
[2025-03-16T19:09:23.177+0000] {logging_mixin.py:190} INFO - [2025-03-16T19:09:23.177+0000] {dagbag.py:588} INFO - Filling up the DagBag from /home/airflow/.local/lib/python3.12/site-packages/airflow/example_dags/example_branch_python_dop_operator_3.py
[2025-03-16T19:09:23.187+0000] {processor.py:925} INFO - DAG(s) 'example_branch_dop_operator_v3' retrieved from /home/airflow/.local/lib/python3.12/site-packages/airflow/example_dags/example_branch_python_dop_operator_3.py
[2025-03-16T19:09:23.211+0000] {logging_mixin.py:190} INFO - [2025-03-16T19:09:23.210+0000] {dag.py:3239} INFO - Sync 1 DAGs
[2025-03-16T19:09:23.238+0000] {logging_mixin.py:190} INFO - [2025-03-16T19:09:23.237+0000] {dag.py:4180} INFO - Setting next_dagrun for example_branch_dop_operator_v3 to 2025-03-16 19:08:00+00:00, run_after=2025-03-16 19:09:00+00:00
[2025-03-16T19:09:23.261+0000] {processor.py:208} INFO - Processing /home/airflow/.local/lib/python3.12/site-packages/airflow/example_dags/example_branch_python_dop_operator_3.py took 0.092 seconds
[2025-03-16T19:09:53.536+0000] {processor.py:186} INFO - Started process (PID=89200) to work on /home/airflow/.local/lib/python3.12/site-packages/airflow/example_dags/example_branch_python_dop_operator_3.py
[2025-03-16T19:09:53.537+0000] {processor.py:914} INFO - Processing file /home/airflow/.local/lib/python3.12/site-packages/airflow/example_dags/example_branch_python_dop_operator_3.py for tasks to queue
[2025-03-16T19:09:53.539+0000] {logging_mixin.py:190} INFO - [2025-03-16T19:09:53.539+0000] {dagbag.py:588} INFO - Filling up the DagBag from /home/airflow/.local/lib/python3.12/site-packages/airflow/example_dags/example_branch_python_dop_operator_3.py
[2025-03-16T19:09:53.549+0000] {processor.py:925} INFO - DAG(s) 'example_branch_dop_operator_v3' retrieved from /home/airflow/.local/lib/python3.12/site-packages/airflow/example_dags/example_branch_python_dop_operator_3.py
[2025-03-16T19:09:53.572+0000] {logging_mixin.py:190} INFO - [2025-03-16T19:09:53.572+0000] {dag.py:3239} INFO - Sync 1 DAGs
[2025-03-16T19:09:53.598+0000] {logging_mixin.py:190} INFO - [2025-03-16T19:09:53.597+0000] {dag.py:4180} INFO - Setting next_dagrun for example_branch_dop_operator_v3 to 2025-03-16 19:08:00+00:00, run_after=2025-03-16 19:09:00+00:00
[2025-03-16T19:09:53.622+0000] {processor.py:208} INFO - Processing /home/airflow/.local/lib/python3.12/site-packages/airflow/example_dags/example_branch_python_dop_operator_3.py took 0.091 seconds
[2025-03-16T19:10:24.565+0000] {processor.py:186} INFO - Started process (PID=89265) to work on /home/airflow/.local/lib/python3.12/site-packages/airflow/example_dags/example_branch_python_dop_operator_3.py
[2025-03-16T19:10:24.567+0000] {processor.py:914} INFO - Processing file /home/airflow/.local/lib/python3.12/site-packages/airflow/example_dags/example_branch_python_dop_operator_3.py for tasks to queue
[2025-03-16T19:10:24.569+0000] {logging_mixin.py:190} INFO - [2025-03-16T19:10:24.568+0000] {dagbag.py:588} INFO - Filling up the DagBag from /home/airflow/.local/lib/python3.12/site-packages/airflow/example_dags/example_branch_python_dop_operator_3.py
[2025-03-16T19:10:24.579+0000] {processor.py:925} INFO - DAG(s) 'example_branch_dop_operator_v3' retrieved from /home/airflow/.local/lib/python3.12/site-packages/airflow/example_dags/example_branch_python_dop_operator_3.py
[2025-03-16T19:10:24.604+0000] {logging_mixin.py:190} INFO - [2025-03-16T19:10:24.603+0000] {dag.py:3239} INFO - Sync 1 DAGs
[2025-03-16T19:10:24.633+0000] {logging_mixin.py:190} INFO - [2025-03-16T19:10:24.633+0000] {dag.py:4180} INFO - Setting next_dagrun for example_branch_dop_operator_v3 to 2025-03-16 19:09:00+00:00, run_after=2025-03-16 19:10:00+00:00
[2025-03-16T19:10:24.656+0000] {processor.py:208} INFO - Processing /home/airflow/.local/lib/python3.12/site-packages/airflow/example_dags/example_branch_python_dop_operator_3.py took 0.096 seconds
[2025-03-16T19:10:54.840+0000] {processor.py:186} INFO - Started process (PID=89335) to work on /home/airflow/.local/lib/python3.12/site-packages/airflow/example_dags/example_branch_python_dop_operator_3.py
[2025-03-16T19:10:54.842+0000] {processor.py:914} INFO - Processing file /home/airflow/.local/lib/python3.12/site-packages/airflow/example_dags/example_branch_python_dop_operator_3.py for tasks to queue
[2025-03-16T19:10:54.843+0000] {logging_mixin.py:190} INFO - [2025-03-16T19:10:54.843+0000] {dagbag.py:588} INFO - Filling up the DagBag from /home/airflow/.local/lib/python3.12/site-packages/airflow/example_dags/example_branch_python_dop_operator_3.py
[2025-03-16T19:10:54.855+0000] {processor.py:925} INFO - DAG(s) 'example_branch_dop_operator_v3' retrieved from /home/airflow/.local/lib/python3.12/site-packages/airflow/example_dags/example_branch_python_dop_operator_3.py
[2025-03-16T19:10:54.879+0000] {logging_mixin.py:190} INFO - [2025-03-16T19:10:54.879+0000] {dag.py:3239} INFO - Sync 1 DAGs
[2025-03-16T19:10:54.907+0000] {logging_mixin.py:190} INFO - [2025-03-16T19:10:54.907+0000] {dag.py:4180} INFO - Setting next_dagrun for example_branch_dop_operator_v3 to 2025-03-16 19:09:00+00:00, run_after=2025-03-16 19:10:00+00:00
[2025-03-16T19:10:54.928+0000] {processor.py:208} INFO - Processing /home/airflow/.local/lib/python3.12/site-packages/airflow/example_dags/example_branch_python_dop_operator_3.py took 0.094 seconds
[2025-03-16T19:11:25.257+0000] {processor.py:186} INFO - Started process (PID=89399) to work on /home/airflow/.local/lib/python3.12/site-packages/airflow/example_dags/example_branch_python_dop_operator_3.py
[2025-03-16T19:11:25.258+0000] {processor.py:914} INFO - Processing file /home/airflow/.local/lib/python3.12/site-packages/airflow/example_dags/example_branch_python_dop_operator_3.py for tasks to queue
[2025-03-16T19:11:25.260+0000] {logging_mixin.py:190} INFO - [2025-03-16T19:11:25.259+0000] {dagbag.py:588} INFO - Filling up the DagBag from /home/airflow/.local/lib/python3.12/site-packages/airflow/example_dags/example_branch_python_dop_operator_3.py
[2025-03-16T19:11:25.269+0000] {processor.py:925} INFO - DAG(s) 'example_branch_dop_operator_v3' retrieved from /home/airflow/.local/lib/python3.12/site-packages/airflow/example_dags/example_branch_python_dop_operator_3.py
[2025-03-16T19:11:25.292+0000] {logging_mixin.py:190} INFO - [2025-03-16T19:11:25.292+0000] {dag.py:3239} INFO - Sync 1 DAGs
[2025-03-16T19:11:25.318+0000] {logging_mixin.py:190} INFO - [2025-03-16T19:11:25.318+0000] {dag.py:4180} INFO - Setting next_dagrun for example_branch_dop_operator_v3 to 2025-03-16 19:10:00+00:00, run_after=2025-03-16 19:11:00+00:00
[2025-03-16T19:11:25.342+0000] {processor.py:208} INFO - Processing /home/airflow/.local/lib/python3.12/site-packages/airflow/example_dags/example_branch_python_dop_operator_3.py took 0.090 seconds
[2025-03-16T19:11:56.090+0000] {processor.py:186} INFO - Started process (PID=89463) to work on /home/airflow/.local/lib/python3.12/site-packages/airflow/example_dags/example_branch_python_dop_operator_3.py
[2025-03-16T19:11:56.091+0000] {processor.py:914} INFO - Processing file /home/airflow/.local/lib/python3.12/site-packages/airflow/example_dags/example_branch_python_dop_operator_3.py for tasks to queue
[2025-03-16T19:11:56.093+0000] {logging_mixin.py:190} INFO - [2025-03-16T19:11:56.093+0000] {dagbag.py:588} INFO - Filling up the DagBag from /home/airflow/.local/lib/python3.12/site-packages/airflow/example_dags/example_branch_python_dop_operator_3.py
[2025-03-16T19:11:56.104+0000] {processor.py:925} INFO - DAG(s) 'example_branch_dop_operator_v3' retrieved from /home/airflow/.local/lib/python3.12/site-packages/airflow/example_dags/example_branch_python_dop_operator_3.py
[2025-03-16T19:11:56.130+0000] {logging_mixin.py:190} INFO - [2025-03-16T19:11:56.129+0000] {dag.py:3239} INFO - Sync 1 DAGs
[2025-03-16T19:11:56.161+0000] {logging_mixin.py:190} INFO - [2025-03-16T19:11:56.160+0000] {dag.py:4180} INFO - Setting next_dagrun for example_branch_dop_operator_v3 to 2025-03-16 19:10:00+00:00, run_after=2025-03-16 19:11:00+00:00
[2025-03-16T19:11:56.183+0000] {processor.py:208} INFO - Processing /home/airflow/.local/lib/python3.12/site-packages/airflow/example_dags/example_branch_python_dop_operator_3.py took 0.099 seconds
[2025-03-16T19:12:26.853+0000] {processor.py:186} INFO - Started process (PID=89527) to work on /home/airflow/.local/lib/python3.12/site-packages/airflow/example_dags/example_branch_python_dop_operator_3.py
[2025-03-16T19:12:26.854+0000] {processor.py:914} INFO - Processing file /home/airflow/.local/lib/python3.12/site-packages/airflow/example_dags/example_branch_python_dop_operator_3.py for tasks to queue
[2025-03-16T19:12:26.856+0000] {logging_mixin.py:190} INFO - [2025-03-16T19:12:26.856+0000] {dagbag.py:588} INFO - Filling up the DagBag from /home/airflow/.local/lib/python3.12/site-packages/airflow/example_dags/example_branch_python_dop_operator_3.py
[2025-03-16T19:12:26.867+0000] {processor.py:925} INFO - DAG(s) 'example_branch_dop_operator_v3' retrieved from /home/airflow/.local/lib/python3.12/site-packages/airflow/example_dags/example_branch_python_dop_operator_3.py
[2025-03-16T19:12:26.886+0000] {logging_mixin.py:190} INFO - [2025-03-16T19:12:26.886+0000] {dag.py:3239} INFO - Sync 1 DAGs
[2025-03-16T19:12:26.912+0000] {logging_mixin.py:190} INFO - [2025-03-16T19:12:26.912+0000] {dag.py:4180} INFO - Setting next_dagrun for example_branch_dop_operator_v3 to 2025-03-16 19:11:00+00:00, run_after=2025-03-16 19:12:00+00:00
[2025-03-16T19:12:26.935+0000] {processor.py:208} INFO - Processing /home/airflow/.local/lib/python3.12/site-packages/airflow/example_dags/example_branch_python_dop_operator_3.py took 0.089 seconds
[2025-03-16T19:12:57.951+0000] {processor.py:186} INFO - Started process (PID=89593) to work on /home/airflow/.local/lib/python3.12/site-packages/airflow/example_dags/example_branch_python_dop_operator_3.py
[2025-03-16T19:12:57.953+0000] {processor.py:914} INFO - Processing file /home/airflow/.local/lib/python3.12/site-packages/airflow/example_dags/example_branch_python_dop_operator_3.py for tasks to queue
[2025-03-16T19:12:57.955+0000] {logging_mixin.py:190} INFO - [2025-03-16T19:12:57.955+0000] {dagbag.py:588} INFO - Filling up the DagBag from /home/airflow/.local/lib/python3.12/site-packages/airflow/example_dags/example_branch_python_dop_operator_3.py
[2025-03-16T19:12:57.965+0000] {processor.py:925} INFO - DAG(s) 'example_branch_dop_operator_v3' retrieved from /home/airflow/.local/lib/python3.12/site-packages/airflow/example_dags/example_branch_python_dop_operator_3.py
[2025-03-16T19:12:57.990+0000] {logging_mixin.py:190} INFO - [2025-03-16T19:12:57.989+0000] {dag.py:3239} INFO - Sync 1 DAGs
[2025-03-16T19:12:58.020+0000] {logging_mixin.py:190} INFO - [2025-03-16T19:12:58.020+0000] {dag.py:4180} INFO - Setting next_dagrun for example_branch_dop_operator_v3 to 2025-03-16 19:11:00+00:00, run_after=2025-03-16 19:12:00+00:00
[2025-03-16T19:12:58.046+0000] {processor.py:208} INFO - Processing /home/airflow/.local/lib/python3.12/site-packages/airflow/example_dags/example_branch_python_dop_operator_3.py took 0.100 seconds
[2025-03-16T19:13:28.454+0000] {processor.py:186} INFO - Started process (PID=89658) to work on /home/airflow/.local/lib/python3.12/site-packages/airflow/example_dags/example_branch_python_dop_operator_3.py
[2025-03-16T19:13:28.455+0000] {processor.py:914} INFO - Processing file /home/airflow/.local/lib/python3.12/site-packages/airflow/example_dags/example_branch_python_dop_operator_3.py for tasks to queue
[2025-03-16T19:13:28.458+0000] {logging_mixin.py:190} INFO - [2025-03-16T19:13:28.457+0000] {dagbag.py:588} INFO - Filling up the DagBag from /home/airflow/.local/lib/python3.12/site-packages/airflow/example_dags/example_branch_python_dop_operator_3.py
[2025-03-16T19:13:28.473+0000] {processor.py:925} INFO - DAG(s) 'example_branch_dop_operator_v3' retrieved from /home/airflow/.local/lib/python3.12/site-packages/airflow/example_dags/example_branch_python_dop_operator_3.py
[2025-03-16T19:13:28.513+0000] {logging_mixin.py:190} INFO - [2025-03-16T19:13:28.513+0000] {dag.py:3239} INFO - Sync 1 DAGs
[2025-03-16T19:13:28.554+0000] {logging_mixin.py:190} INFO - [2025-03-16T19:13:28.553+0000] {dag.py:4180} INFO - Setting next_dagrun for example_branch_dop_operator_v3 to 2025-03-16 19:12:00+00:00, run_after=2025-03-16 19:13:00+00:00
[2025-03-16T19:13:28.582+0000] {processor.py:208} INFO - Processing /home/airflow/.local/lib/python3.12/site-packages/airflow/example_dags/example_branch_python_dop_operator_3.py took 0.141 seconds
[2025-03-16T19:13:58.662+0000] {processor.py:186} INFO - Started process (PID=89722) to work on /home/airflow/.local/lib/python3.12/site-packages/airflow/example_dags/example_branch_python_dop_operator_3.py
[2025-03-16T19:13:58.664+0000] {processor.py:914} INFO - Processing file /home/airflow/.local/lib/python3.12/site-packages/airflow/example_dags/example_branch_python_dop_operator_3.py for tasks to queue
[2025-03-16T19:13:58.665+0000] {logging_mixin.py:190} INFO - [2025-03-16T19:13:58.665+0000] {dagbag.py:588} INFO - Filling up the DagBag from /home/airflow/.local/lib/python3.12/site-packages/airflow/example_dags/example_branch_python_dop_operator_3.py
[2025-03-16T19:13:58.674+0000] {processor.py:925} INFO - DAG(s) 'example_branch_dop_operator_v3' retrieved from /home/airflow/.local/lib/python3.12/site-packages/airflow/example_dags/example_branch_python_dop_operator_3.py
[2025-03-16T19:13:58.693+0000] {logging_mixin.py:190} INFO - [2025-03-16T19:13:58.692+0000] {dag.py:3239} INFO - Sync 1 DAGs
[2025-03-16T19:13:58.718+0000] {logging_mixin.py:190} INFO - [2025-03-16T19:13:58.718+0000] {dag.py:4180} INFO - Setting next_dagrun for example_branch_dop_operator_v3 to 2025-03-16 19:12:00+00:00, run_after=2025-03-16 19:13:00+00:00
[2025-03-16T19:13:58.741+0000] {processor.py:208} INFO - Processing /home/airflow/.local/lib/python3.12/site-packages/airflow/example_dags/example_branch_python_dop_operator_3.py took 0.083 seconds
[2025-03-16T19:14:29.076+0000] {processor.py:186} INFO - Started process (PID=89786) to work on /home/airflow/.local/lib/python3.12/site-packages/airflow/example_dags/example_branch_python_dop_operator_3.py
[2025-03-16T19:14:29.077+0000] {processor.py:914} INFO - Processing file /home/airflow/.local/lib/python3.12/site-packages/airflow/example_dags/example_branch_python_dop_operator_3.py for tasks to queue
[2025-03-16T19:14:29.079+0000] {logging_mixin.py:190} INFO - [2025-03-16T19:14:29.078+0000] {dagbag.py:588} INFO - Filling up the DagBag from /home/airflow/.local/lib/python3.12/site-packages/airflow/example_dags/example_branch_python_dop_operator_3.py
[2025-03-16T19:14:29.089+0000] {processor.py:925} INFO - DAG(s) 'example_branch_dop_operator_v3' retrieved from /home/airflow/.local/lib/python3.12/site-packages/airflow/example_dags/example_branch_python_dop_operator_3.py
[2025-03-16T19:14:29.114+0000] {logging_mixin.py:190} INFO - [2025-03-16T19:14:29.114+0000] {dag.py:3239} INFO - Sync 1 DAGs
[2025-03-16T19:14:29.143+0000] {logging_mixin.py:190} INFO - [2025-03-16T19:14:29.143+0000] {dag.py:4180} INFO - Setting next_dagrun for example_branch_dop_operator_v3 to 2025-03-16 19:13:00+00:00, run_after=2025-03-16 19:14:00+00:00
[2025-03-16T19:14:29.169+0000] {processor.py:208} INFO - Processing /home/airflow/.local/lib/python3.12/site-packages/airflow/example_dags/example_branch_python_dop_operator_3.py took 0.099 seconds
[2025-03-16T19:14:59.331+0000] {processor.py:186} INFO - Started process (PID=89850) to work on /home/airflow/.local/lib/python3.12/site-packages/airflow/example_dags/example_branch_python_dop_operator_3.py
[2025-03-16T19:14:59.333+0000] {processor.py:914} INFO - Processing file /home/airflow/.local/lib/python3.12/site-packages/airflow/example_dags/example_branch_python_dop_operator_3.py for tasks to queue
[2025-03-16T19:14:59.334+0000] {logging_mixin.py:190} INFO - [2025-03-16T19:14:59.334+0000] {dagbag.py:588} INFO - Filling up the DagBag from /home/airflow/.local/lib/python3.12/site-packages/airflow/example_dags/example_branch_python_dop_operator_3.py
[2025-03-16T19:14:59.344+0000] {processor.py:925} INFO - DAG(s) 'example_branch_dop_operator_v3' retrieved from /home/airflow/.local/lib/python3.12/site-packages/airflow/example_dags/example_branch_python_dop_operator_3.py
[2025-03-16T19:14:59.370+0000] {logging_mixin.py:190} INFO - [2025-03-16T19:14:59.369+0000] {dag.py:3239} INFO - Sync 1 DAGs
[2025-03-16T19:14:59.402+0000] {logging_mixin.py:190} INFO - [2025-03-16T19:14:59.401+0000] {dag.py:4180} INFO - Setting next_dagrun for example_branch_dop_operator_v3 to 2025-03-16 19:13:00+00:00, run_after=2025-03-16 19:14:00+00:00
[2025-03-16T19:14:59.437+0000] {processor.py:208} INFO - Processing /home/airflow/.local/lib/python3.12/site-packages/airflow/example_dags/example_branch_python_dop_operator_3.py took 0.111 seconds
[2025-03-16T19:15:30.271+0000] {processor.py:186} INFO - Started process (PID=89914) to work on /home/airflow/.local/lib/python3.12/site-packages/airflow/example_dags/example_branch_python_dop_operator_3.py
[2025-03-16T19:15:30.273+0000] {processor.py:914} INFO - Processing file /home/airflow/.local/lib/python3.12/site-packages/airflow/example_dags/example_branch_python_dop_operator_3.py for tasks to queue
[2025-03-16T19:15:30.276+0000] {logging_mixin.py:190} INFO - [2025-03-16T19:15:30.275+0000] {dagbag.py:588} INFO - Filling up the DagBag from /home/airflow/.local/lib/python3.12/site-packages/airflow/example_dags/example_branch_python_dop_operator_3.py
[2025-03-16T19:15:30.292+0000] {processor.py:925} INFO - DAG(s) 'example_branch_dop_operator_v3' retrieved from /home/airflow/.local/lib/python3.12/site-packages/airflow/example_dags/example_branch_python_dop_operator_3.py
[2025-03-16T19:15:30.319+0000] {logging_mixin.py:190} INFO - [2025-03-16T19:15:30.319+0000] {dag.py:3239} INFO - Sync 1 DAGs
[2025-03-16T19:15:30.354+0000] {logging_mixin.py:190} INFO - [2025-03-16T19:15:30.353+0000] {dag.py:4180} INFO - Setting next_dagrun for example_branch_dop_operator_v3 to 2025-03-16 19:14:00+00:00, run_after=2025-03-16 19:15:00+00:00
[2025-03-16T19:15:30.383+0000] {processor.py:208} INFO - Processing /home/airflow/.local/lib/python3.12/site-packages/airflow/example_dags/example_branch_python_dop_operator_3.py took 0.119 seconds
[2025-03-16T19:16:00.726+0000] {processor.py:186} INFO - Started process (PID=89978) to work on /home/airflow/.local/lib/python3.12/site-packages/airflow/example_dags/example_branch_python_dop_operator_3.py
[2025-03-16T19:16:00.727+0000] {processor.py:914} INFO - Processing file /home/airflow/.local/lib/python3.12/site-packages/airflow/example_dags/example_branch_python_dop_operator_3.py for tasks to queue
[2025-03-16T19:16:00.728+0000] {logging_mixin.py:190} INFO - [2025-03-16T19:16:00.728+0000] {dagbag.py:588} INFO - Filling up the DagBag from /home/airflow/.local/lib/python3.12/site-packages/airflow/example_dags/example_branch_python_dop_operator_3.py
[2025-03-16T19:16:00.741+0000] {processor.py:925} INFO - DAG(s) 'example_branch_dop_operator_v3' retrieved from /home/airflow/.local/lib/python3.12/site-packages/airflow/example_dags/example_branch_python_dop_operator_3.py
[2025-03-16T19:16:00.766+0000] {logging_mixin.py:190} INFO - [2025-03-16T19:16:00.766+0000] {dag.py:3239} INFO - Sync 1 DAGs
[2025-03-16T19:16:00.808+0000] {logging_mixin.py:190} INFO - [2025-03-16T19:16:00.808+0000] {dag.py:4180} INFO - Setting next_dagrun for example_branch_dop_operator_v3 to 2025-03-16 19:15:00+00:00, run_after=2025-03-16 19:16:00+00:00
[2025-03-16T19:16:00.837+0000] {processor.py:208} INFO - Processing /home/airflow/.local/lib/python3.12/site-packages/airflow/example_dags/example_branch_python_dop_operator_3.py took 0.118 seconds
[2025-03-16T19:16:31.004+0000] {processor.py:186} INFO - Started process (PID=90042) to work on /home/airflow/.local/lib/python3.12/site-packages/airflow/example_dags/example_branch_python_dop_operator_3.py
[2025-03-16T19:16:31.005+0000] {processor.py:914} INFO - Processing file /home/airflow/.local/lib/python3.12/site-packages/airflow/example_dags/example_branch_python_dop_operator_3.py for tasks to queue
[2025-03-16T19:16:31.006+0000] {logging_mixin.py:190} INFO - [2025-03-16T19:16:31.006+0000] {dagbag.py:588} INFO - Filling up the DagBag from /home/airflow/.local/lib/python3.12/site-packages/airflow/example_dags/example_branch_python_dop_operator_3.py
[2025-03-16T19:16:31.016+0000] {processor.py:925} INFO - DAG(s) 'example_branch_dop_operator_v3' retrieved from /home/airflow/.local/lib/python3.12/site-packages/airflow/example_dags/example_branch_python_dop_operator_3.py
[2025-03-16T19:16:31.041+0000] {logging_mixin.py:190} INFO - [2025-03-16T19:16:31.041+0000] {dag.py:3239} INFO - Sync 1 DAGs
[2025-03-16T19:16:31.086+0000] {logging_mixin.py:190} INFO - [2025-03-16T19:16:31.085+0000] {dag.py:4180} INFO - Setting next_dagrun for example_branch_dop_operator_v3 to 2025-03-16 19:15:00+00:00, run_after=2025-03-16 19:16:00+00:00
[2025-03-16T19:16:31.110+0000] {processor.py:208} INFO - Processing /home/airflow/.local/lib/python3.12/site-packages/airflow/example_dags/example_branch_python_dop_operator_3.py took 0.114 seconds
[2025-03-16T19:17:01.422+0000] {processor.py:186} INFO - Started process (PID=90106) to work on /home/airflow/.local/lib/python3.12/site-packages/airflow/example_dags/example_branch_python_dop_operator_3.py
[2025-03-16T19:17:01.423+0000] {processor.py:914} INFO - Processing file /home/airflow/.local/lib/python3.12/site-packages/airflow/example_dags/example_branch_python_dop_operator_3.py for tasks to queue
[2025-03-16T19:17:01.426+0000] {logging_mixin.py:190} INFO - [2025-03-16T19:17:01.425+0000] {dagbag.py:588} INFO - Filling up the DagBag from /home/airflow/.local/lib/python3.12/site-packages/airflow/example_dags/example_branch_python_dop_operator_3.py
[2025-03-16T19:17:01.440+0000] {processor.py:925} INFO - DAG(s) 'example_branch_dop_operator_v3' retrieved from /home/airflow/.local/lib/python3.12/site-packages/airflow/example_dags/example_branch_python_dop_operator_3.py
[2025-03-16T19:17:01.469+0000] {logging_mixin.py:190} INFO - [2025-03-16T19:17:01.468+0000] {dag.py:3239} INFO - Sync 1 DAGs
[2025-03-16T19:17:01.500+0000] {logging_mixin.py:190} INFO - [2025-03-16T19:17:01.499+0000] {dag.py:4180} INFO - Setting next_dagrun for example_branch_dop_operator_v3 to 2025-03-16 19:16:00+00:00, run_after=2025-03-16 19:17:00+00:00
[2025-03-16T19:17:01.529+0000] {processor.py:208} INFO - Processing /home/airflow/.local/lib/python3.12/site-packages/airflow/example_dags/example_branch_python_dop_operator_3.py took 0.116 seconds
[2025-03-16T19:17:31.773+0000] {processor.py:186} INFO - Started process (PID=90170) to work on /home/airflow/.local/lib/python3.12/site-packages/airflow/example_dags/example_branch_python_dop_operator_3.py
[2025-03-16T19:17:31.775+0000] {processor.py:914} INFO - Processing file /home/airflow/.local/lib/python3.12/site-packages/airflow/example_dags/example_branch_python_dop_operator_3.py for tasks to queue
[2025-03-16T19:17:31.777+0000] {logging_mixin.py:190} INFO - [2025-03-16T19:17:31.776+0000] {dagbag.py:588} INFO - Filling up the DagBag from /home/airflow/.local/lib/python3.12/site-packages/airflow/example_dags/example_branch_python_dop_operator_3.py
[2025-03-16T19:17:31.791+0000] {processor.py:925} INFO - DAG(s) 'example_branch_dop_operator_v3' retrieved from /home/airflow/.local/lib/python3.12/site-packages/airflow/example_dags/example_branch_python_dop_operator_3.py
[2025-03-16T19:17:31.821+0000] {logging_mixin.py:190} INFO - [2025-03-16T19:17:31.821+0000] {dag.py:3239} INFO - Sync 1 DAGs
[2025-03-16T19:17:31.857+0000] {logging_mixin.py:190} INFO - [2025-03-16T19:17:31.857+0000] {dag.py:4180} INFO - Setting next_dagrun for example_branch_dop_operator_v3 to 2025-03-16 19:16:00+00:00, run_after=2025-03-16 19:17:00+00:00
[2025-03-16T19:17:31.887+0000] {processor.py:208} INFO - Processing /home/airflow/.local/lib/python3.12/site-packages/airflow/example_dags/example_branch_python_dop_operator_3.py took 0.120 seconds
[2025-03-16T19:18:02.362+0000] {processor.py:186} INFO - Started process (PID=90234) to work on /home/airflow/.local/lib/python3.12/site-packages/airflow/example_dags/example_branch_python_dop_operator_3.py
[2025-03-16T19:18:02.364+0000] {processor.py:914} INFO - Processing file /home/airflow/.local/lib/python3.12/site-packages/airflow/example_dags/example_branch_python_dop_operator_3.py for tasks to queue
[2025-03-16T19:18:02.368+0000] {logging_mixin.py:190} INFO - [2025-03-16T19:18:02.366+0000] {dagbag.py:588} INFO - Filling up the DagBag from /home/airflow/.local/lib/python3.12/site-packages/airflow/example_dags/example_branch_python_dop_operator_3.py
[2025-03-16T19:18:02.394+0000] {processor.py:925} INFO - DAG(s) 'example_branch_dop_operator_v3' retrieved from /home/airflow/.local/lib/python3.12/site-packages/airflow/example_dags/example_branch_python_dop_operator_3.py
[2025-03-16T19:18:02.440+0000] {logging_mixin.py:190} INFO - [2025-03-16T19:18:02.440+0000] {dag.py:3239} INFO - Sync 1 DAGs
[2025-03-16T19:18:02.488+0000] {logging_mixin.py:190} INFO - [2025-03-16T19:18:02.488+0000] {dag.py:4180} INFO - Setting next_dagrun for example_branch_dop_operator_v3 to 2025-03-16 19:17:00+00:00, run_after=2025-03-16 19:18:00+00:00
[2025-03-16T19:18:02.515+0000] {processor.py:208} INFO - Processing /home/airflow/.local/lib/python3.12/site-packages/airflow/example_dags/example_branch_python_dop_operator_3.py took 0.164 seconds
[2025-03-16T19:18:32.686+0000] {processor.py:186} INFO - Started process (PID=90298) to work on /home/airflow/.local/lib/python3.12/site-packages/airflow/example_dags/example_branch_python_dop_operator_3.py
[2025-03-16T19:18:32.688+0000] {processor.py:914} INFO - Processing file /home/airflow/.local/lib/python3.12/site-packages/airflow/example_dags/example_branch_python_dop_operator_3.py for tasks to queue
[2025-03-16T19:18:32.691+0000] {logging_mixin.py:190} INFO - [2025-03-16T19:18:32.690+0000] {dagbag.py:588} INFO - Filling up the DagBag from /home/airflow/.local/lib/python3.12/site-packages/airflow/example_dags/example_branch_python_dop_operator_3.py
[2025-03-16T19:18:32.690+0000] {processor.py:925} INFO - DAG(s) 'example_branch_dop_operator_v3' retrieved from /home/airflow/.local/lib/python3.12/site-packages/airflow/example_dags/example_branch_python_dop_operator_3.py
[2025-03-16T19:18:32.720+0000] {logging_mixin.py:190} INFO - [2025-03-16T19:18:32.719+0000] {dag.py:3239} INFO - Sync 1 DAGs
[2025-03-16T19:18:32.757+0000] {logging_mixin.py:190} INFO - [2025-03-16T19:18:32.757+0000] {dag.py:4180} INFO - Setting next_dagrun for example_branch_dop_operator_v3 to 2025-03-16 19:17:00+00:00, run_after=2025-03-16 19:18:00+00:00
[2025-03-16T19:18:32.786+0000] {processor.py:208} INFO - Processing /home/airflow/.local/lib/python3.12/site-packages/airflow/example_dags/example_branch_python_dop_operator_3.py took 0.125 seconds
[2025-03-16T19:19:02.890+0000] {processor.py:186} INFO - Started process (PID=90362) to work on /home/airflow/.local/lib/python3.12/site-packages/airflow/example_dags/example_branch_python_dop_operator_3.py
[2025-03-16T19:19:02.891+0000] {processor.py:914} INFO - Processing file /home/airflow/.local/lib/python3.12/site-packages/airflow/example_dags/example_branch_python_dop_operator_3.py for tasks to queue
[2025-03-16T19:19:02.892+0000] {logging_mixin.py:190} INFO - [2025-03-16T19:19:02.892+0000] {dagbag.py:588} INFO - Filling up the DagBag from /home/airflow/.local/lib/python3.12/site-packages/airflow/example_dags/example_branch_python_dop_operator_3.py
[2025-03-16T19:19:02.909+0000] {processor.py:925} INFO - DAG(s) 'example_branch_dop_operator_v3' retrieved from /home/airflow/.local/lib/python3.12/site-packages/airflow/example_dags/example_branch_python_dop_operator_3.py
[2025-03-16T19:19:02.937+0000] {logging_mixin.py:190} INFO - [2025-03-16T19:19:02.937+0000] {dag.py:3239} INFO - Sync 1 DAGs
[2025-03-16T19:19:02.973+0000] {logging_mixin.py:190} INFO - [2025-03-16T19:19:02.973+0000] {dag.py:4180} INFO - Setting next_dagrun for example_branch_dop_operator_v3 to 2025-03-16 19:18:00+00:00, run_after=2025-03-16 19:19:00+00:00
[2025-03-16T19:19:03.007+0000] {processor.py:208} INFO - Processing /home/airflow/.local/lib/python3.12/site-packages/airflow/example_dags/example_branch_python_dop_operator_3.py took 0.124 seconds
[2025-03-16T19:19:33.901+0000] {processor.py:186} INFO - Started process (PID=90426) to work on /home/airflow/.local/lib/python3.12/site-packages/airflow/example_dags/example_branch_python_dop_operator_3.py
[2025-03-16T19:19:33.903+0000] {processor.py:914} INFO - Processing file /home/airflow/.local/lib/python3.12/site-packages/airflow/example_dags/example_branch_python_dop_operator_3.py for tasks to queue
[2025-03-16T19:19:33.905+0000] {logging_mixin.py:190} INFO - [2025-03-16T19:19:33.905+0000] {dagbag.py:588} INFO - Filling up the DagBag from /home/airflow/.local/lib/python3.12/site-packages/airflow/example_dags/example_branch_python_dop_operator_3.py
[2025-03-16T19:19:33.917+0000] {processor.py:925} INFO - DAG(s) 'example_branch_dop_operator_v3' retrieved from /home/airflow/.local/lib/python3.12/site-packages/airflow/example_dags/example_branch_python_dop_operator_3.py
[2025-03-16T19:19:33.946+0000] {logging_mixin.py:190} INFO - [2025-03-16T19:19:33.946+0000] {dag.py:3239} INFO - Sync 1 DAGs
[2025-03-16T19:19:33.978+0000] {logging_mixin.py:190} INFO - [2025-03-16T19:19:33.978+0000] {dag.py:4180} INFO - Setting next_dagrun for example_branch_dop_operator_v3 to 2025-03-16 19:18:00+00:00, run_after=2025-03-16 19:19:00+00:00
[2025-03-16T19:19:34.008+0000] {processor.py:208} INFO - Processing /home/airflow/.local/lib/python3.12/site-packages/airflow/example_dags/example_branch_python_dop_operator_3.py took 0.114 seconds
[2025-03-16T19:20:04.118+0000] {processor.py:186} INFO - Started process (PID=90490) to work on /home/airflow/.local/lib/python3.12/site-packages/airflow/example_dags/example_branch_python_dop_operator_3.py
[2025-03-16T19:20:04.119+0000] {processor.py:914} INFO - Processing file /home/airflow/.local/lib/python3.12/site-packages/airflow/example_dags/example_branch_python_dop_operator_3.py for tasks to queue
[2025-03-16T19:20:04.121+0000] {logging_mixin.py:190} INFO - [2025-03-16T19:20:04.120+0000] {dagbag.py:588} INFO - Filling up the DagBag from /home/airflow/.local/lib/python3.12/site-packages/airflow/example_dags/example_branch_python_dop_operator_3.py
[2025-03-16T19:20:04.134+0000] {processor.py:925} INFO - DAG(s) 'example_branch_dop_operator_v3' retrieved from /home/airflow/.local/lib/python3.12/site-packages/airflow/example_dags/example_branch_python_dop_operator_3.py
[2025-03-16T19:20:04.164+0000] {logging_mixin.py:190} INFO - [2025-03-16T19:20:04.164+0000] {dag.py:3239} INFO - Sync 1 DAGs
[2025-03-16T19:20:04.212+0000] {logging_mixin.py:190} INFO - [2025-03-16T19:20:04.211+0000] {dag.py:4180} INFO - Setting next_dagrun for example_branch_dop_operator_v3 to 2025-03-16 19:19:00+00:00, run_after=2025-03-16 19:20:00+00:00
[2025-03-16T19:20:04.250+0000] {processor.py:208} INFO - Processing /home/airflow/.local/lib/python3.12/site-packages/airflow/example_dags/example_branch_python_dop_operator_3.py took 0.139 seconds
[2025-03-16T19:20:34.541+0000] {processor.py:186} INFO - Started process (PID=90554) to work on /home/airflow/.local/lib/python3.12/site-packages/airflow/example_dags/example_branch_python_dop_operator_3.py
[2025-03-16T19:20:34.542+0000] {processor.py:914} INFO - Processing file /home/airflow/.local/lib/python3.12/site-packages/airflow/example_dags/example_branch_python_dop_operator_3.py for tasks to queue
[2025-03-16T19:20:34.544+0000] {logging_mixin.py:190} INFO - [2025-03-16T19:20:34.543+0000] {dagbag.py:588} INFO - Filling up the DagBag from /home/airflow/.local/lib/python3.12/site-packages/airflow/example_dags/example_branch_python_dop_operator_3.py
[2025-03-16T19:20:34.557+0000] {processor.py:925} INFO - DAG(s) 'example_branch_dop_operator_v3' retrieved from /home/airflow/.local/lib/python3.12/site-packages/airflow/example_dags/example_branch_python_dop_operator_3.py
[2025-03-16T19:20:34.586+0000] {logging_mixin.py:190} INFO - [2025-03-16T19:20:34.586+0000] {dag.py:3239} INFO - Sync 1 DAGs
[2025-03-16T19:20:34.622+0000] {logging_mixin.py:190} INFO - [2025-03-16T19:20:34.622+0000] {dag.py:4180} INFO - Setting next_dagrun for example_branch_dop_operator_v3 to 2025-03-16 19:19:00+00:00, run_after=2025-03-16 19:20:00+00:00
[2025-03-16T19:20:34.652+0000] {processor.py:208} INFO - Processing /home/airflow/.local/lib/python3.12/site-packages/airflow/example_dags/example_branch_python_dop_operator_3.py took 0.118 seconds
[2025-03-16T19:21:04.793+0000] {processor.py:186} INFO - Started process (PID=90618) to work on /home/airflow/.local/lib/python3.12/site-packages/airflow/example_dags/example_branch_python_dop_operator_3.py
[2025-03-16T19:21:04.795+0000] {processor.py:914} INFO - Processing file /home/airflow/.local/lib/python3.12/site-packages/airflow/example_dags/example_branch_python_dop_operator_3.py for tasks to queue
[2025-03-16T19:21:04.797+0000] {logging_mixin.py:190} INFO - [2025-03-16T19:21:04.797+0000] {dagbag.py:588} INFO - Filling up the DagBag from /home/airflow/.local/lib/python3.12/site-packages/airflow/example_dags/example_branch_python_dop_operator_3.py
[2025-03-16T19:21:04.813+0000] {processor.py:925} INFO - DAG(s) 'example_branch_dop_operator_v3' retrieved from /home/airflow/.local/lib/python3.12/site-packages/airflow/example_dags/example_branch_python_dop_operator_3.py
[2025-03-16T19:21:04.842+0000] {logging_mixin.py:190} INFO - [2025-03-16T19:21:04.841+0000] {dag.py:3239} INFO - Sync 1 DAGs
[2025-03-16T19:21:04.877+0000] {logging_mixin.py:190} INFO - [2025-03-16T19:21:04.877+0000] {dag.py:4180} INFO - Setting next_dagrun for example_branch_dop_operator_v3 to 2025-03-16 19:20:00+00:00, run_after=2025-03-16 19:21:00+00:00
[2025-03-16T19:21:04.906+0000] {processor.py:208} INFO - Processing /home/airflow/.local/lib/python3.12/site-packages/airflow/example_dags/example_branch_python_dop_operator_3.py took 0.121 seconds
[2025-03-16T19:21:35.239+0000] {processor.py:186} INFO - Started process (PID=90683) to work on /home/airflow/.local/lib/python3.12/site-packages/airflow/example_dags/example_branch_python_dop_operator_3.py
[2025-03-16T19:21:35.242+0000] {processor.py:914} INFO - Processing file /home/airflow/.local/lib/python3.12/site-packages/airflow/example_dags/example_branch_python_dop_operator_3.py for tasks to queue
[2025-03-16T19:21:35.243+0000] {logging_mixin.py:190} INFO - [2025-03-16T19:21:35.243+0000] {dagbag.py:588} INFO - Filling up the DagBag from /home/airflow/.local/lib/python3.12/site-packages/airflow/example_dags/example_branch_python_dop_operator_3.py
[2025-03-16T19:21:35.255+0000] {processor.py:925} INFO - DAG(s) 'example_branch_dop_operator_v3' retrieved from /home/airflow/.local/lib/python3.12/site-packages/airflow/example_dags/example_branch_python_dop_operator_3.py
[2025-03-16T19:21:35.283+0000] {logging_mixin.py:190} INFO - [2025-03-16T19:21:35.283+0000] {dag.py:3239} INFO - Sync 1 DAGs
[2025-03-16T19:21:35.318+0000] {logging_mixin.py:190} INFO - [2025-03-16T19:21:35.318+0000] {dag.py:4180} INFO - Setting next_dagrun for example_branch_dop_operator_v3 to 2025-03-16 19:20:00+00:00, run_after=2025-03-16 19:21:00+00:00
[2025-03-16T19:21:35.349+0000] {processor.py:208} INFO - Processing /home/airflow/.local/lib/python3.12/site-packages/airflow/example_dags/example_branch_python_dop_operator_3.py took 0.116 seconds
[2025-03-16T19:22:05.727+0000] {processor.py:186} INFO - Started process (PID=90747) to work on /home/airflow/.local/lib/python3.12/site-packages/airflow/example_dags/example_branch_python_dop_operator_3.py
[2025-03-16T19:22:05.728+0000] {processor.py:914} INFO - Processing file /home/airflow/.local/lib/python3.12/site-packages/airflow/example_dags/example_branch_python_dop_operator_3.py for tasks to queue
[2025-03-16T19:22:05.730+0000] {logging_mixin.py:190} INFO - [2025-03-16T19:22:05.730+0000] {dagbag.py:588} INFO - Filling up the DagBag from /home/airflow/.local/lib/python3.12/site-packages/airflow/example_dags/example_branch_python_dop_operator_3.py
[2025-03-16T19:22:05.746+0000] {processor.py:925} INFO - DAG(s) 'example_branch_dop_operator_v3' retrieved from /home/airflow/.local/lib/python3.12/site-packages/airflow/example_dags/example_branch_python_dop_operator_3.py
[2025-03-16T19:22:05.776+0000] {logging_mixin.py:190} INFO - [2025-03-16T19:22:05.776+0000] {dag.py:3239} INFO - Sync 1 DAGs
[2025-03-16T19:22:05.818+0000] {logging_mixin.py:190} INFO - [2025-03-16T19:22:05.818+0000] {dag.py:4180} INFO - Setting next_dagrun for example_branch_dop_operator_v3 to 2025-03-16 19:21:00+00:00, run_after=2025-03-16 19:22:00+00:00
[2025-03-16T19:22:05.854+0000] {processor.py:208} INFO - Processing /home/airflow/.local/lib/python3.12/site-packages/airflow/example_dags/example_branch_python_dop_operator_3.py took 0.138 seconds
[2025-03-16T19:22:36.316+0000] {processor.py:186} INFO - Started process (PID=90811) to work on /home/airflow/.local/lib/python3.12/site-packages/airflow/example_dags/example_branch_python_dop_operator_3.py
[2025-03-16T19:22:36.318+0000] {processor.py:914} INFO - Processing file /home/airflow/.local/lib/python3.12/site-packages/airflow/example_dags/example_branch_python_dop_operator_3.py for tasks to queue
[2025-03-16T19:22:36.320+0000] {logging_mixin.py:190} INFO - [2025-03-16T19:22:36.319+0000] {dagbag.py:588} INFO - Filling up the DagBag from /home/airflow/.local/lib/python3.12/site-packages/airflow/example_dags/example_branch_python_dop_operator_3.py
[2025-03-16T19:22:36.342+0000] {processor.py:925} INFO - DAG(s) 'example_branch_dop_operator_v3' retrieved from /home/airflow/.local/lib/python3.12/site-packages/airflow/example_dags/example_branch_python_dop_operator_3.py
[2025-03-16T19:22:36.386+0000] {logging_mixin.py:190} INFO - [2025-03-16T19:22:36.385+0000] {dag.py:3239} INFO - Sync 1 DAGs
[2025-03-16T19:22:36.435+0000] {logging_mixin.py:190} INFO - [2025-03-16T19:22:36.435+0000] {dag.py:4180} INFO - Setting next_dagrun for example_branch_dop_operator_v3 to 2025-03-16 19:21:00+00:00, run_after=2025-03-16 19:22:00+00:00
[2025-03-16T19:22:36.473+0000] {processor.py:208} INFO - Processing /home/airflow/.local/lib/python3.12/site-packages/airflow/example_dags/example_branch_python_dop_operator_3.py took 0.166 seconds
[2025-03-16T19:23:06.788+0000] {processor.py:186} INFO - Started process (PID=90875) to work on /home/airflow/.local/lib/python3.12/site-packages/airflow/example_dags/example_branch_python_dop_operator_3.py
[2025-03-16T19:23:06.792+0000] {processor.py:914} INFO - Processing file /home/airflow/.local/lib/python3.12/site-packages/airflow/example_dags/example_branch_python_dop_operator_3.py for tasks to queue
[2025-03-16T19:23:06.795+0000] {logging_mixin.py:190} INFO - [2025-03-16T19:23:06.795+0000] {dagbag.py:588} INFO - Filling up the DagBag from /home/airflow/.local/lib/python3.12/site-packages/airflow/example_dags/example_branch_python_dop_operator_3.py
[2025-03-16T19:23:06.815+0000] {processor.py:925} INFO - DAG(s) 'example_branch_dop_operator_v3' retrieved from /home/airflow/.local/lib/python3.12/site-packages/airflow/example_dags/example_branch_python_dop_operator_3.py
[2025-03-16T19:23:06.856+0000] {logging_mixin.py:190} INFO - [2025-03-16T19:23:06.854+0000] {dag.py:3239} INFO - Sync 1 DAGs
[2025-03-16T19:23:06.909+0000] {logging_mixin.py:190} INFO - [2025-03-16T19:23:06.908+0000] {dag.py:4180} INFO - Setting next_dagrun for example_branch_dop_operator_v3 to 2025-03-16 19:22:00+00:00, run_after=2025-03-16 19:23:00+00:00
[2025-03-16T19:23:06.947+0000] {processor.py:208} INFO - Processing /home/airflow/.local/lib/python3.12/site-packages/airflow/example_dags/example_branch_python_dop_operator_3.py took 0.169 seconds
[2025-03-16T19:23:37.166+0000] {processor.py:186} INFO - Started process (PID=90939) to work on /home/airflow/.local/lib/python3.12/site-packages/airflow/example_dags/example_branch_python_dop_operator_3.py
[2025-03-16T19:23:37.168+0000] {processor.py:914} INFO - Processing file /home/airflow/.local/lib/python3.12/site-packages/airflow/example_dags/example_branch_python_dop_operator_3.py for tasks to queue
[2025-03-16T19:23:37.170+0000] {logging_mixin.py:190} INFO - [2025-03-16T19:23:37.169+0000] {dagbag.py:588} INFO - Filling up the DagBag from /home/airflow/.local/lib/python3.12/site-packages/airflow/example_dags/example_branch_python_dop_operator_3.py
[2025-03-16T19:23:37.188+0000] {processor.py:925} INFO - DAG(s) 'example_branch_dop_operator_v3' retrieved from /home/airflow/.local/lib/python3.12/site-packages/airflow/example_dags/example_branch_python_dop_operator_3.py
[2025-03-16T19:23:37.225+0000] {logging_mixin.py:190} INFO - [2025-03-16T19:23:37.224+0000] {dag.py:3239} INFO - Sync 1 DAGs
[2025-03-16T19:23:37.275+0000] {logging_mixin.py:190} INFO - [2025-03-16T19:23:37.274+0000] {dag.py:4180} INFO - Setting next_dagrun for example_branch_dop_operator_v3 to 2025-03-16 19:22:00+00:00, run_after=2025-03-16 19:23:00+00:00
[2025-03-16T19:23:37.313+0000] {processor.py:208} INFO - Processing /home/airflow/.local/lib/python3.12/site-packages/airflow/example_dags/example_branch_python_dop_operator_3.py took 0.162 seconds
[2025-03-16T19:24:09.253+0000] {processor.py:186} INFO - Started process (PID=91007) to work on /home/airflow/.local/lib/python3.12/site-packages/airflow/example_dags/example_branch_python_dop_operator_3.py
[2025-03-16T19:24:09.255+0000] {processor.py:914} INFO - Processing file /home/airflow/.local/lib/python3.12/site-packages/airflow/example_dags/example_branch_python_dop_operator_3.py for tasks to queue
[2025-03-16T19:24:09.258+0000] {logging_mixin.py:190} INFO - [2025-03-16T19:24:09.257+0000] {dagbag.py:588} INFO - Filling up the DagBag from /home/airflow/.local/lib/python3.12/site-packages/airflow/example_dags/example_branch_python_dop_operator_3.py
[2025-03-16T19:24:09.280+0000] {processor.py:925} INFO - DAG(s) 'example_branch_dop_operator_v3' retrieved from /home/airflow/.local/lib/python3.12/site-packages/airflow/example_dags/example_branch_python_dop_operator_3.py
[2025-03-16T19:24:09.317+0000] {logging_mixin.py:190} INFO - [2025-03-16T19:24:09.317+0000] {dag.py:3239} INFO - Sync 1 DAGs
[2025-03-16T19:24:09.369+0000] {logging_mixin.py:190} INFO - [2025-03-16T19:24:09.369+0000] {dag.py:4180} INFO - Setting next_dagrun for example_branch_dop_operator_v3 to 2025-03-16 19:23:00+00:00, run_after=2025-03-16 19:24:00+00:00
[2025-03-16T19:24:09.408+0000] {processor.py:208} INFO - Processing /home/airflow/.local/lib/python3.12/site-packages/airflow/example_dags/example_branch_python_dop_operator_3.py took 0.166 seconds
[2025-03-16T19:24:41.885+0000] {processor.py:186} INFO - Started process (PID=91077) to work on /home/airflow/.local/lib/python3.12/site-packages/airflow/example_dags/example_branch_python_dop_operator_3.py
[2025-03-16T19:24:41.886+0000] {processor.py:914} INFO - Processing file /home/airflow/.local/lib/python3.12/site-packages/airflow/example_dags/example_branch_python_dop_operator_3.py for tasks to queue
[2025-03-16T19:24:41.889+0000] {logging_mixin.py:190} INFO - [2025-03-16T19:24:41.888+0000] {dagbag.py:588} INFO - Filling up the DagBag from /home/airflow/.local/lib/python3.12/site-packages/airflow/example_dags/example_branch_python_dop_operator_3.py
[2025-03-16T19:24:41.909+0000] {processor.py:925} INFO - DAG(s) 'example_branch_dop_operator_v3' retrieved from /home/airflow/.local/lib/python3.12/site-packages/airflow/example_dags/example_branch_python_dop_operator_3.py
[2025-03-16T19:24:41.944+0000] {logging_mixin.py:190} INFO - [2025-03-16T19:24:41.943+0000] {dag.py:3239} INFO - Sync 1 DAGs
[2025-03-16T19:24:41.999+0000] {logging_mixin.py:190} INFO - [2025-03-16T19:24:41.999+0000] {dag.py:4180} INFO - Setting next_dagrun for example_branch_dop_operator_v3 to 2025-03-16 19:23:00+00:00, run_after=2025-03-16 19:24:00+00:00
[2025-03-16T19:24:42.033+0000] {processor.py:208} INFO - Processing /home/airflow/.local/lib/python3.12/site-packages/airflow/example_dags/example_branch_python_dop_operator_3.py took 0.159 seconds
[2025-03-16T19:25:14.478+0000] {processor.py:186} INFO - Started process (PID=91147) to work on /home/airflow/.local/lib/python3.12/site-packages/airflow/example_dags/example_branch_python_dop_operator_3.py
[2025-03-16T19:25:14.480+0000] {processor.py:914} INFO - Processing file /home/airflow/.local/lib/python3.12/site-packages/airflow/example_dags/example_branch_python_dop_operator_3.py for tasks to queue
[2025-03-16T19:25:14.482+0000] {logging_mixin.py:190} INFO - [2025-03-16T19:25:14.481+0000] {dagbag.py:588} INFO - Filling up the DagBag from /home/airflow/.local/lib/python3.12/site-packages/airflow/example_dags/example_branch_python_dop_operator_3.py
[2025-03-16T19:25:14.501+0000] {processor.py:925} INFO - DAG(s) 'example_branch_dop_operator_v3' retrieved from /home/airflow/.local/lib/python3.12/site-packages/airflow/example_dags/example_branch_python_dop_operator_3.py
[2025-03-16T19:25:14.548+0000] {logging_mixin.py:190} INFO - [2025-03-16T19:25:14.548+0000] {dag.py:3239} INFO - Sync 1 DAGs
[2025-03-16T19:25:14.603+0000] {logging_mixin.py:190} INFO - [2025-03-16T19:25:14.602+0000] {dag.py:4180} INFO - Setting next_dagrun for example_branch_dop_operator_v3 to 2025-03-16 19:24:00+00:00, run_after=2025-03-16 19:25:00+00:00
[2025-03-16T19:25:14.650+0000] {processor.py:208} INFO - Processing /home/airflow/.local/lib/python3.12/site-packages/airflow/example_dags/example_branch_python_dop_operator_3.py took 0.182 seconds
[2025-03-16T19:25:46.246+0000] {processor.py:186} INFO - Started process (PID=91213) to work on /home/airflow/.local/lib/python3.12/site-packages/airflow/example_dags/example_branch_python_dop_operator_3.py
[2025-03-16T19:25:46.247+0000] {processor.py:914} INFO - Processing file /home/airflow/.local/lib/python3.12/site-packages/airflow/example_dags/example_branch_python_dop_operator_3.py for tasks to queue
[2025-03-16T19:25:46.250+0000] {logging_mixin.py:190} INFO - [2025-03-16T19:25:46.250+0000] {dagbag.py:588} INFO - Filling up the DagBag from /home/airflow/.local/lib/python3.12/site-packages/airflow/example_dags/example_branch_python_dop_operator_3.py
[2025-03-16T19:25:46.274+0000] {processor.py:925} INFO - DAG(s) 'example_branch_dop_operator_v3' retrieved from /home/airflow/.local/lib/python3.12/site-packages/airflow/example_dags/example_branch_python_dop_operator_3.py
[2025-03-16T19:25:46.313+0000] {logging_mixin.py:190} INFO - [2025-03-16T19:25:46.313+0000] {dag.py:3239} INFO - Sync 1 DAGs
[2025-03-16T19:25:46.369+0000] {logging_mixin.py:190} INFO - [2025-03-16T19:25:46.369+0000] {dag.py:4180} INFO - Setting next_dagrun for example_branch_dop_operator_v3 to 2025-03-16 19:24:00+00:00, run_after=2025-03-16 19:25:00+00:00
[2025-03-16T19:25:46.416+0000] {processor.py:208} INFO - Processing /home/airflow/.local/lib/python3.12/site-packages/airflow/example_dags/example_branch_python_dop_operator_3.py took 0.183 seconds
[2025-03-16T19:26:17.408+0000] {processor.py:186} INFO - Started process (PID=91278) to work on /home/airflow/.local/lib/python3.12/site-packages/airflow/example_dags/example_branch_python_dop_operator_3.py
[2025-03-16T19:26:17.409+0000] {processor.py:914} INFO - Processing file /home/airflow/.local/lib/python3.12/site-packages/airflow/example_dags/example_branch_python_dop_operator_3.py for tasks to queue
[2025-03-16T19:26:17.412+0000] {logging_mixin.py:190} INFO - [2025-03-16T19:26:17.411+0000] {dagbag.py:588} INFO - Filling up the DagBag from /home/airflow/.local/lib/python3.12/site-packages/airflow/example_dags/example_branch_python_dop_operator_3.py
[2025-03-16T19:26:17.429+0000] {processor.py:925} INFO - DAG(s) 'example_branch_dop_operator_v3' retrieved from /home/airflow/.local/lib/python3.12/site-packages/airflow/example_dags/example_branch_python_dop_operator_3.py
[2025-03-16T19:26:17.466+0000] {logging_mixin.py:190} INFO - [2025-03-16T19:26:17.465+0000] {dag.py:3239} INFO - Sync 1 DAGs
[2025-03-16T19:26:17.517+0000] {logging_mixin.py:190} INFO - [2025-03-16T19:26:17.516+0000] {dag.py:4180} INFO - Setting next_dagrun for example_branch_dop_operator_v3 to 2025-03-16 19:25:00+00:00, run_after=2025-03-16 19:26:00+00:00
[2025-03-16T19:26:17.554+0000] {processor.py:208} INFO - Processing /home/airflow/.local/lib/python3.12/site-packages/airflow/example_dags/example_branch_python_dop_operator_3.py took 0.157 seconds
[2025-03-16T19:26:48.470+0000] {processor.py:186} INFO - Started process (PID=91342) to work on /home/airflow/.local/lib/python3.12/site-packages/airflow/example_dags/example_branch_python_dop_operator_3.py
[2025-03-16T19:26:48.472+0000] {processor.py:914} INFO - Processing file /home/airflow/.local/lib/python3.12/site-packages/airflow/example_dags/example_branch_python_dop_operator_3.py for tasks to queue
[2025-03-16T19:26:48.473+0000] {logging_mixin.py:190} INFO - [2025-03-16T19:26:48.473+0000] {dagbag.py:588} INFO - Filling up the DagBag from /home/airflow/.local/lib/python3.12/site-packages/airflow/example_dags/example_branch_python_dop_operator_3.py
[2025-03-16T19:26:48.488+0000] {processor.py:925} INFO - DAG(s) 'example_branch_dop_operator_v3' retrieved from /home/airflow/.local/lib/python3.12/site-packages/airflow/example_dags/example_branch_python_dop_operator_3.py
[2025-03-16T19:26:48.522+0000] {logging_mixin.py:190} INFO - [2025-03-16T19:26:48.521+0000] {dag.py:3239} INFO - Sync 1 DAGs
[2025-03-16T19:26:48.568+0000] {logging_mixin.py:190} INFO - [2025-03-16T19:26:48.567+0000] {dag.py:4180} INFO - Setting next_dagrun for example_branch_dop_operator_v3 to 2025-03-16 19:25:00+00:00, run_after=2025-03-16 19:26:00+00:00
[2025-03-16T19:26:48.598+0000] {processor.py:208} INFO - Processing /home/airflow/.local/lib/python3.12/site-packages/airflow/example_dags/example_branch_python_dop_operator_3.py took 0.137 seconds
[2025-03-16T19:27:19.499+0000] {processor.py:186} INFO - Started process (PID=91406) to work on /home/airflow/.local/lib/python3.12/site-packages/airflow/example_dags/example_branch_python_dop_operator_3.py
[2025-03-16T19:27:19.501+0000] {processor.py:914} INFO - Processing file /home/airflow/.local/lib/python3.12/site-packages/airflow/example_dags/example_branch_python_dop_operator_3.py for tasks to queue
[2025-03-16T19:27:19.503+0000] {logging_mixin.py:190} INFO - [2025-03-16T19:27:19.503+0000] {dagbag.py:588} INFO - Filling up the DagBag from /home/airflow/.local/lib/python3.12/site-packages/airflow/example_dags/example_branch_python_dop_operator_3.py
[2025-03-16T19:27:19.520+0000] {processor.py:925} INFO - DAG(s) 'example_branch_dop_operator_v3' retrieved from /home/airflow/.local/lib/python3.12/site-packages/airflow/example_dags/example_branch_python_dop_operator_3.py
[2025-03-16T19:27:19.566+0000] {logging_mixin.py:190} INFO - [2025-03-16T19:27:19.565+0000] {dag.py:3239} INFO - Sync 1 DAGs
[2025-03-16T19:27:19.616+0000] {logging_mixin.py:190} INFO - [2025-03-16T19:27:19.615+0000] {dag.py:4180} INFO - Setting next_dagrun for example_branch_dop_operator_v3 to 2025-03-16 19:26:00+00:00, run_after=2025-03-16 19:27:00+00:00
[2025-03-16T19:27:19.650+0000] {processor.py:208} INFO - Processing /home/airflow/.local/lib/python3.12/site-packages/airflow/example_dags/example_branch_python_dop_operator_3.py took 0.160 seconds
[2025-03-16T19:27:51.622+0000] {processor.py:186} INFO - Started process (PID=91470) to work on /home/airflow/.local/lib/python3.12/site-packages/airflow/example_dags/example_branch_python_dop_operator_3.py
[2025-03-16T19:27:51.624+0000] {processor.py:914} INFO - Processing file /home/airflow/.local/lib/python3.12/site-packages/airflow/example_dags/example_branch_python_dop_operator_3.py for tasks to queue
[2025-03-16T19:27:51.627+0000] {logging_mixin.py:190} INFO - [2025-03-16T19:27:51.626+0000] {dagbag.py:588} INFO - Filling up the DagBag from /home/airflow/.local/lib/python3.12/site-packages/airflow/example_dags/example_branch_python_dop_operator_3.py
[2025-03-16T19:27:51.649+0000] {processor.py:925} INFO - DAG(s) 'example_branch_dop_operator_v3' retrieved from /home/airflow/.local/lib/python3.12/site-packages/airflow/example_dags/example_branch_python_dop_operator_3.py
[2025-03-16T19:27:51.690+0000] {logging_mixin.py:190} INFO - [2025-03-16T19:27:51.689+0000] {dag.py:3239} INFO - Sync 1 DAGs
[2025-03-16T19:27:51.743+0000] {logging_mixin.py:190} INFO - [2025-03-16T19:27:51.742+0000] {dag.py:4180} INFO - Setting next_dagrun for example_branch_dop_operator_v3 to 2025-03-16 19:26:00+00:00, run_after=2025-03-16 19:27:00+00:00
[2025-03-16T19:27:51.783+0000] {processor.py:208} INFO - Processing /home/airflow/.local/lib/python3.12/site-packages/airflow/example_dags/example_branch_python_dop_operator_3.py took 0.172 seconds
[2025-03-16T19:28:24.334+0000] {processor.py:186} INFO - Started process (PID=91534) to work on /home/airflow/.local/lib/python3.12/site-packages/airflow/example_dags/example_branch_python_dop_operator_3.py
[2025-03-16T19:28:24.336+0000] {processor.py:914} INFO - Processing file /home/airflow/.local/lib/python3.12/site-packages/airflow/example_dags/example_branch_python_dop_operator_3.py for tasks to queue
[2025-03-16T19:28:24.340+0000] {logging_mixin.py:190} INFO - [2025-03-16T19:28:24.339+0000] {dagbag.py:588} INFO - Filling up the DagBag from /home/airflow/.local/lib/python3.12/site-packages/airflow/example_dags/example_branch_python_dop_operator_3.py
[2025-03-16T19:28:24.359+0000] {processor.py:925} INFO - DAG(s) 'example_branch_dop_operator_v3' retrieved from /home/airflow/.local/lib/python3.12/site-packages/airflow/example_dags/example_branch_python_dop_operator_3.py
[2025-03-16T19:28:24.393+0000] {logging_mixin.py:190} INFO - [2025-03-16T19:28:24.392+0000] {dag.py:3239} INFO - Sync 1 DAGs
[2025-03-16T19:28:24.716+0000] {logging_mixin.py:190} INFO - [2025-03-16T19:28:24.715+0000] {dag.py:4180} INFO - Setting next_dagrun for example_branch_dop_operator_v3 to 2025-03-16 19:27:00+00:00, run_after=2025-03-16 19:28:00+00:00
[2025-03-16T19:28:24.749+0000] {processor.py:208} INFO - Processing /home/airflow/.local/lib/python3.12/site-packages/airflow/example_dags/example_branch_python_dop_operator_3.py took 0.422 seconds
[2025-03-16T19:28:55.612+0000] {processor.py:186} INFO - Started process (PID=91598) to work on /home/airflow/.local/lib/python3.12/site-packages/airflow/example_dags/example_branch_python_dop_operator_3.py
[2025-03-16T19:28:55.614+0000] {processor.py:914} INFO - Processing file /home/airflow/.local/lib/python3.12/site-packages/airflow/example_dags/example_branch_python_dop_operator_3.py for tasks to queue
[2025-03-16T19:28:55.617+0000] {logging_mixin.py:190} INFO - [2025-03-16T19:28:55.616+0000] {dagbag.py:588} INFO - Filling up the DagBag from /home/airflow/.local/lib/python3.12/site-packages/airflow/example_dags/example_branch_python_dop_operator_3.py
[2025-03-16T19:28:55.642+0000] {processor.py:925} INFO - DAG(s) 'example_branch_dop_operator_v3' retrieved from /home/airflow/.local/lib/python3.12/site-packages/airflow/example_dags/example_branch_python_dop_operator_3.py
[2025-03-16T19:28:55.684+0000] {logging_mixin.py:190} INFO - [2025-03-16T19:28:55.683+0000] {dag.py:3239} INFO - Sync 1 DAGs
[2025-03-16T19:28:55.743+0000] {logging_mixin.py:190} INFO - [2025-03-16T19:28:55.743+0000] {dag.py:4180} INFO - Setting next_dagrun for example_branch_dop_operator_v3 to 2025-03-16 19:27:00+00:00, run_after=2025-03-16 19:28:00+00:00
[2025-03-16T19:28:56.162+0000] {processor.py:208} INFO - Processing /home/airflow/.local/lib/python3.12/site-packages/airflow/example_dags/example_branch_python_dop_operator_3.py took 0.567 seconds
[2025-03-16T19:29:26.283+0000] {processor.py:186} INFO - Started process (PID=91662) to work on /home/airflow/.local/lib/python3.12/site-packages/airflow/example_dags/example_branch_python_dop_operator_3.py
[2025-03-16T19:29:26.285+0000] {processor.py:914} INFO - Processing file /home/airflow/.local/lib/python3.12/site-packages/airflow/example_dags/example_branch_python_dop_operator_3.py for tasks to queue
[2025-03-16T19:29:26.289+0000] {logging_mixin.py:190} INFO - [2025-03-16T19:29:26.288+0000] {dagbag.py:588} INFO - Filling up the DagBag from /home/airflow/.local/lib/python3.12/site-packages/airflow/example_dags/example_branch_python_dop_operator_3.py
[2025-03-16T19:29:26.315+0000] {processor.py:925} INFO - DAG(s) 'example_branch_dop_operator_v3' retrieved from /home/airflow/.local/lib/python3.12/site-packages/airflow/example_dags/example_branch_python_dop_operator_3.py
[2025-03-16T19:29:26.365+0000] {logging_mixin.py:190} INFO - [2025-03-16T19:29:26.365+0000] {dag.py:3239} INFO - Sync 1 DAGs
[2025-03-16T19:29:26.443+0000] {logging_mixin.py:190} INFO - [2025-03-16T19:29:26.442+0000] {dag.py:4180} INFO - Setting next_dagrun for example_branch_dop_operator_v3 to 2025-03-16 19:28:00+00:00, run_after=2025-03-16 19:29:00+00:00
[2025-03-16T19:29:26.494+0000] {processor.py:208} INFO - Processing /home/airflow/.local/lib/python3.12/site-packages/airflow/example_dags/example_branch_python_dop_operator_3.py took 0.227 seconds
[2025-03-16T19:29:59.012+0000] {processor.py:186} INFO - Started process (PID=91732) to work on /home/airflow/.local/lib/python3.12/site-packages/airflow/example_dags/example_branch_python_dop_operator_3.py
[2025-03-16T19:29:59.014+0000] {processor.py:914} INFO - Processing file /home/airflow/.local/lib/python3.12/site-packages/airflow/example_dags/example_branch_python_dop_operator_3.py for tasks to queue
[2025-03-16T19:29:59.016+0000] {logging_mixin.py:190} INFO - [2025-03-16T19:29:59.016+0000] {dagbag.py:588} INFO - Filling up the DagBag from /home/airflow/.local/lib/python3.12/site-packages/airflow/example_dags/example_branch_python_dop_operator_3.py
[2025-03-16T19:29:59.348+0000] {processor.py:925} INFO - DAG(s) 'example_branch_dop_operator_v3' retrieved from /home/airflow/.local/lib/python3.12/site-packages/airflow/example_dags/example_branch_python_dop_operator_3.py
[2025-03-16T19:29:59.383+0000] {logging_mixin.py:190} INFO - [2025-03-16T19:29:59.382+0000] {dag.py:3239} INFO - Sync 1 DAGs
[2025-03-16T19:29:59.431+0000] {logging_mixin.py:190} INFO - [2025-03-16T19:29:59.431+0000] {dag.py:4180} INFO - Setting next_dagrun for example_branch_dop_operator_v3 to 2025-03-16 19:28:00+00:00, run_after=2025-03-16 19:29:00+00:00
[2025-03-16T19:29:59.467+0000] {processor.py:208} INFO - Processing /home/airflow/.local/lib/python3.12/site-packages/airflow/example_dags/example_branch_python_dop_operator_3.py took 0.466 seconds
[2025-03-16T19:30:29.861+0000] {processor.py:186} INFO - Started process (PID=91796) to work on /home/airflow/.local/lib/python3.12/site-packages/airflow/example_dags/example_branch_python_dop_operator_3.py
[2025-03-16T19:30:29.864+0000] {processor.py:914} INFO - Processing file /home/airflow/.local/lib/python3.12/site-packages/airflow/example_dags/example_branch_python_dop_operator_3.py for tasks to queue
[2025-03-16T19:30:29.868+0000] {logging_mixin.py:190} INFO - [2025-03-16T19:30:29.868+0000] {dagbag.py:588} INFO - Filling up the DagBag from /home/airflow/.local/lib/python3.12/site-packages/airflow/example_dags/example_branch_python_dop_operator_3.py
[2025-03-16T19:30:29.886+0000] {processor.py:925} INFO - DAG(s) 'example_branch_dop_operator_v3' retrieved from /home/airflow/.local/lib/python3.12/site-packages/airflow/example_dags/example_branch_python_dop_operator_3.py
[2025-03-16T19:30:29.924+0000] {logging_mixin.py:190} INFO - [2025-03-16T19:30:29.923+0000] {dag.py:3239} INFO - Sync 1 DAGs
[2025-03-16T19:30:29.981+0000] {logging_mixin.py:190} INFO - [2025-03-16T19:30:29.981+0000] {dag.py:4180} INFO - Setting next_dagrun for example_branch_dop_operator_v3 to 2025-03-16 19:29:00+00:00, run_after=2025-03-16 19:30:00+00:00
[2025-03-16T19:30:30.023+0000] {processor.py:208} INFO - Processing /home/airflow/.local/lib/python3.12/site-packages/airflow/example_dags/example_branch_python_dop_operator_3.py took 0.171 seconds
[2025-03-16T19:31:01.330+0000] {processor.py:186} INFO - Started process (PID=91859) to work on /home/airflow/.local/lib/python3.12/site-packages/airflow/example_dags/example_branch_python_dop_operator_3.py
[2025-03-16T19:31:01.333+0000] {processor.py:914} INFO - Processing file /home/airflow/.local/lib/python3.12/site-packages/airflow/example_dags/example_branch_python_dop_operator_3.py for tasks to queue
[2025-03-16T19:31:01.335+0000] {logging_mixin.py:190} INFO - [2025-03-16T19:31:01.334+0000] {dagbag.py:588} INFO - Filling up the DagBag from /home/airflow/.local/lib/python3.12/site-packages/airflow/example_dags/example_branch_python_dop_operator_3.py
[2025-03-16T19:31:01.353+0000] {processor.py:925} INFO - DAG(s) 'example_branch_dop_operator_v3' retrieved from /home/airflow/.local/lib/python3.12/site-packages/airflow/example_dags/example_branch_python_dop_operator_3.py
[2025-03-16T19:31:01.389+0000] {logging_mixin.py:190} INFO - [2025-03-16T19:31:01.388+0000] {dag.py:3239} INFO - Sync 1 DAGs
[2025-03-16T19:31:01.441+0000] {logging_mixin.py:190} INFO - [2025-03-16T19:31:01.441+0000] {dag.py:4180} INFO - Setting next_dagrun for example_branch_dop_operator_v3 to 2025-03-16 19:30:00+00:00, run_after=2025-03-16 19:31:00+00:00
[2025-03-16T19:31:01.487+0000] {processor.py:208} INFO - Processing /home/airflow/.local/lib/python3.12/site-packages/airflow/example_dags/example_branch_python_dop_operator_3.py took 0.167 seconds
[2025-03-16T19:31:32.102+0000] {processor.py:186} INFO - Started process (PID=91923) to work on /home/airflow/.local/lib/python3.12/site-packages/airflow/example_dags/example_branch_python_dop_operator_3.py
[2025-03-16T19:31:32.104+0000] {processor.py:914} INFO - Processing file /home/airflow/.local/lib/python3.12/site-packages/airflow/example_dags/example_branch_python_dop_operator_3.py for tasks to queue
[2025-03-16T19:31:32.106+0000] {logging_mixin.py:190} INFO - [2025-03-16T19:31:32.106+0000] {dagbag.py:588} INFO - Filling up the DagBag from /home/airflow/.local/lib/python3.12/site-packages/airflow/example_dags/example_branch_python_dop_operator_3.py
[2025-03-16T19:31:32.124+0000] {processor.py:925} INFO - DAG(s) 'example_branch_dop_operator_v3' retrieved from /home/airflow/.local/lib/python3.12/site-packages/airflow/example_dags/example_branch_python_dop_operator_3.py
[2025-03-16T19:31:32.159+0000] {logging_mixin.py:190} INFO - [2025-03-16T19:31:32.158+0000] {dag.py:3239} INFO - Sync 1 DAGs
[2025-03-16T19:31:32.208+0000] {logging_mixin.py:190} INFO - [2025-03-16T19:31:32.208+0000] {dag.py:4180} INFO - Setting next_dagrun for example_branch_dop_operator_v3 to 2025-03-16 19:30:00+00:00, run_after=2025-03-16 19:31:00+00:00
[2025-03-16T19:31:32.243+0000] {processor.py:208} INFO - Processing /home/airflow/.local/lib/python3.12/site-packages/airflow/example_dags/example_branch_python_dop_operator_3.py took 0.151 seconds
[2025-03-16T19:32:03.164+0000] {processor.py:186} INFO - Started process (PID=91988) to work on /home/airflow/.local/lib/python3.12/site-packages/airflow/example_dags/example_branch_python_dop_operator_3.py
[2025-03-16T19:32:03.165+0000] {processor.py:914} INFO - Processing file /home/airflow/.local/lib/python3.12/site-packages/airflow/example_dags/example_branch_python_dop_operator_3.py for tasks to queue
[2025-03-16T19:32:03.168+0000] {logging_mixin.py:190} INFO - [2025-03-16T19:32:03.167+0000] {dagbag.py:588} INFO - Filling up the DagBag from /home/airflow/.local/lib/python3.12/site-packages/airflow/example_dags/example_branch_python_dop_operator_3.py
[2025-03-16T19:32:03.188+0000] {processor.py:925} INFO - DAG(s) 'example_branch_dop_operator_v3' retrieved from /home/airflow/.local/lib/python3.12/site-packages/airflow/example_dags/example_branch_python_dop_operator_3.py
[2025-03-16T19:32:03.224+0000] {logging_mixin.py:190} INFO - [2025-03-16T19:32:03.223+0000] {dag.py:3239} INFO - Sync 1 DAGs
[2025-03-16T19:32:03.271+0000] {logging_mixin.py:190} INFO - [2025-03-16T19:32:03.270+0000] {dag.py:4180} INFO - Setting next_dagrun for example_branch_dop_operator_v3 to 2025-03-16 19:31:00+00:00, run_after=2025-03-16 19:32:00+00:00
[2025-03-16T19:32:03.307+0000] {processor.py:208} INFO - Processing /home/airflow/.local/lib/python3.12/site-packages/airflow/example_dags/example_branch_python_dop_operator_3.py took 0.151 seconds
[2025-03-16T19:32:33.643+0000] {processor.py:186} INFO - Started process (PID=92051) to work on /home/airflow/.local/lib/python3.12/site-packages/airflow/example_dags/example_branch_python_dop_operator_3.py
[2025-03-16T19:32:33.645+0000] {processor.py:914} INFO - Processing file /home/airflow/.local/lib/python3.12/site-packages/airflow/example_dags/example_branch_python_dop_operator_3.py for tasks to queue
[2025-03-16T19:32:33.647+0000] {logging_mixin.py:190} INFO - [2025-03-16T19:32:33.646+0000] {dagbag.py:588} INFO - Filling up the DagBag from /home/airflow/.local/lib/python3.12/site-packages/airflow/example_dags/example_branch_python_dop_operator_3.py
[2025-03-16T19:32:33.664+0000] {processor.py:925} INFO - DAG(s) 'example_branch_dop_operator_v3' retrieved from /home/airflow/.local/lib/python3.12/site-packages/airflow/example_dags/example_branch_python_dop_operator_3.py
[2025-03-16T19:32:33.699+0000] {logging_mixin.py:190} INFO - [2025-03-16T19:32:33.699+0000] {dag.py:3239} INFO - Sync 1 DAGs
[2025-03-16T19:32:33.763+0000] {logging_mixin.py:190} INFO - [2025-03-16T19:32:33.763+0000] {dag.py:4180} INFO - Setting next_dagrun for example_branch_dop_operator_v3 to 2025-03-16 19:31:00+00:00, run_after=2025-03-16 19:32:00+00:00
[2025-03-16T19:32:33.815+0000] {processor.py:208} INFO - Processing /home/airflow/.local/lib/python3.12/site-packages/airflow/example_dags/example_branch_python_dop_operator_3.py took 0.182 seconds
[2025-03-16T19:33:03.930+0000] {processor.py:186} INFO - Started process (PID=92115) to work on /home/airflow/.local/lib/python3.12/site-packages/airflow/example_dags/example_branch_python_dop_operator_3.py
[2025-03-16T19:33:03.932+0000] {processor.py:914} INFO - Processing file /home/airflow/.local/lib/python3.12/site-packages/airflow/example_dags/example_branch_python_dop_operator_3.py for tasks to queue
[2025-03-16T19:33:03.934+0000] {logging_mixin.py:190} INFO - [2025-03-16T19:33:03.934+0000] {dagbag.py:588} INFO - Filling up the DagBag from /home/airflow/.local/lib/python3.12/site-packages/airflow/example_dags/example_branch_python_dop_operator_3.py
[2025-03-16T19:33:03.951+0000] {processor.py:925} INFO - DAG(s) 'example_branch_dop_operator_v3' retrieved from /home/airflow/.local/lib/python3.12/site-packages/airflow/example_dags/example_branch_python_dop_operator_3.py
[2025-03-16T19:33:03.984+0000] {logging_mixin.py:190} INFO - [2025-03-16T19:33:03.984+0000] {dag.py:3239} INFO - Sync 1 DAGs
[2025-03-16T19:33:04.026+0000] {logging_mixin.py:190} INFO - [2025-03-16T19:33:04.026+0000] {dag.py:4180} INFO - Setting next_dagrun for example_branch_dop_operator_v3 to 2025-03-16 19:32:00+00:00, run_after=2025-03-16 19:33:00+00:00
[2025-03-16T19:33:04.059+0000] {processor.py:208} INFO - Processing /home/airflow/.local/lib/python3.12/site-packages/airflow/example_dags/example_branch_python_dop_operator_3.py took 0.139 seconds
[2025-03-16T19:33:34.220+0000] {processor.py:186} INFO - Started process (PID=92178) to work on /home/airflow/.local/lib/python3.12/site-packages/airflow/example_dags/example_branch_python_dop_operator_3.py
[2025-03-16T19:33:34.221+0000] {processor.py:914} INFO - Processing file /home/airflow/.local/lib/python3.12/site-packages/airflow/example_dags/example_branch_python_dop_operator_3.py for tasks to queue
[2025-03-16T19:33:34.223+0000] {logging_mixin.py:190} INFO - [2025-03-16T19:33:34.223+0000] {dagbag.py:588} INFO - Filling up the DagBag from /home/airflow/.local/lib/python3.12/site-packages/airflow/example_dags/example_branch_python_dop_operator_3.py
[2025-03-16T19:33:34.240+0000] {processor.py:925} INFO - DAG(s) 'example_branch_dop_operator_v3' retrieved from /home/airflow/.local/lib/python3.12/site-packages/airflow/example_dags/example_branch_python_dop_operator_3.py
[2025-03-16T19:33:34.277+0000] {logging_mixin.py:190} INFO - [2025-03-16T19:33:34.277+0000] {dag.py:3239} INFO - Sync 1 DAGs
[2025-03-16T19:33:34.330+0000] {logging_mixin.py:190} INFO - [2025-03-16T19:33:34.330+0000] {dag.py:4180} INFO - Setting next_dagrun for example_branch_dop_operator_v3 to 2025-03-16 19:32:00+00:00, run_after=2025-03-16 19:33:00+00:00
[2025-03-16T19:33:34.361+0000] {processor.py:208} INFO - Processing /home/airflow/.local/lib/python3.12/site-packages/airflow/example_dags/example_branch_python_dop_operator_3.py took 0.152 seconds
[2025-03-16T19:34:04.681+0000] {processor.py:186} INFO - Started process (PID=92242) to work on /home/airflow/.local/lib/python3.12/site-packages/airflow/example_dags/example_branch_python_dop_operator_3.py
[2025-03-16T19:34:04.683+0000] {processor.py:914} INFO - Processing file /home/airflow/.local/lib/python3.12/site-packages/airflow/example_dags/example_branch_python_dop_operator_3.py for tasks to queue
[2025-03-16T19:34:04.685+0000] {logging_mixin.py:190} INFO - [2025-03-16T19:34:04.685+0000] {dagbag.py:588} INFO - Filling up the DagBag from /home/airflow/.local/lib/python3.12/site-packages/airflow/example_dags/example_branch_python_dop_operator_3.py
[2025-03-16T19:34:04.702+0000] {processor.py:925} INFO - DAG(s) 'example_branch_dop_operator_v3' retrieved from /home/airflow/.local/lib/python3.12/site-packages/airflow/example_dags/example_branch_python_dop_operator_3.py
[2025-03-16T19:34:04.738+0000] {logging_mixin.py:190} INFO - [2025-03-16T19:34:04.737+0000] {dag.py:3239} INFO - Sync 1 DAGs
[2025-03-16T19:34:04.788+0000] {logging_mixin.py:190} INFO - [2025-03-16T19:34:04.787+0000] {dag.py:4180} INFO - Setting next_dagrun for example_branch_dop_operator_v3 to 2025-03-16 19:33:00+00:00, run_after=2025-03-16 19:34:00+00:00
[2025-03-16T19:34:04.825+0000] {processor.py:208} INFO - Processing /home/airflow/.local/lib/python3.12/site-packages/airflow/example_dags/example_branch_python_dop_operator_3.py took 0.153 seconds
[2025-03-16T19:34:35.284+0000] {processor.py:186} INFO - Started process (PID=92307) to work on /home/airflow/.local/lib/python3.12/site-packages/airflow/example_dags/example_branch_python_dop_operator_3.py
[2025-03-16T19:34:35.287+0000] {processor.py:914} INFO - Processing file /home/airflow/.local/lib/python3.12/site-packages/airflow/example_dags/example_branch_python_dop_operator_3.py for tasks to queue
[2025-03-16T19:34:35.289+0000] {logging_mixin.py:190} INFO - [2025-03-16T19:34:35.289+0000] {dagbag.py:588} INFO - Filling up the DagBag from /home/airflow/.local/lib/python3.12/site-packages/airflow/example_dags/example_branch_python_dop_operator_3.py
[2025-03-16T19:34:35.311+0000] {processor.py:925} INFO - DAG(s) 'example_branch_dop_operator_v3' retrieved from /home/airflow/.local/lib/python3.12/site-packages/airflow/example_dags/example_branch_python_dop_operator_3.py
[2025-03-16T19:34:35.348+0000] {logging_mixin.py:190} INFO - [2025-03-16T19:34:35.347+0000] {dag.py:3239} INFO - Sync 1 DAGs
[2025-03-16T19:34:35.401+0000] {logging_mixin.py:190} INFO - [2025-03-16T19:34:35.401+0000] {dag.py:4180} INFO - Setting next_dagrun for example_branch_dop_operator_v3 to 2025-03-16 19:33:00+00:00, run_after=2025-03-16 19:34:00+00:00
[2025-03-16T19:34:35.432+0000] {processor.py:208} INFO - Processing /home/airflow/.local/lib/python3.12/site-packages/airflow/example_dags/example_branch_python_dop_operator_3.py took 0.163 seconds
[2025-03-16T19:35:05.613+0000] {processor.py:186} INFO - Started process (PID=92371) to work on /home/airflow/.local/lib/python3.12/site-packages/airflow/example_dags/example_branch_python_dop_operator_3.py
[2025-03-16T19:35:05.615+0000] {processor.py:914} INFO - Processing file /home/airflow/.local/lib/python3.12/site-packages/airflow/example_dags/example_branch_python_dop_operator_3.py for tasks to queue
[2025-03-16T19:35:05.618+0000] {logging_mixin.py:190} INFO - [2025-03-16T19:35:05.618+0000] {dagbag.py:588} INFO - Filling up the DagBag from /home/airflow/.local/lib/python3.12/site-packages/airflow/example_dags/example_branch_python_dop_operator_3.py
[2025-03-16T19:35:05.638+0000] {processor.py:925} INFO - DAG(s) 'example_branch_dop_operator_v3' retrieved from /home/airflow/.local/lib/python3.12/site-packages/airflow/example_dags/example_branch_python_dop_operator_3.py
[2025-03-16T19:35:05.677+0000] {logging_mixin.py:190} INFO - [2025-03-16T19:35:05.677+0000] {dag.py:3239} INFO - Sync 1 DAGs
[2025-03-16T19:35:05.726+0000] {logging_mixin.py:190} INFO - [2025-03-16T19:35:05.726+0000] {dag.py:4180} INFO - Setting next_dagrun for example_branch_dop_operator_v3 to 2025-03-16 19:34:00+00:00, run_after=2025-03-16 19:35:00+00:00
[2025-03-16T19:35:05.761+0000] {processor.py:208} INFO - Processing /home/airflow/.local/lib/python3.12/site-packages/airflow/example_dags/example_branch_python_dop_operator_3.py took 0.159 seconds
[2025-03-16T19:35:35.972+0000] {processor.py:186} INFO - Started process (PID=92434) to work on /home/airflow/.local/lib/python3.12/site-packages/airflow/example_dags/example_branch_python_dop_operator_3.py
[2025-03-16T19:35:35.974+0000] {processor.py:914} INFO - Processing file /home/airflow/.local/lib/python3.12/site-packages/airflow/example_dags/example_branch_python_dop_operator_3.py for tasks to queue
[2025-03-16T19:35:35.977+0000] {logging_mixin.py:190} INFO - [2025-03-16T19:35:35.976+0000] {dagbag.py:588} INFO - Filling up the DagBag from /home/airflow/.local/lib/python3.12/site-packages/airflow/example_dags/example_branch_python_dop_operator_3.py
[2025-03-16T19:35:35.999+0000] {processor.py:925} INFO - DAG(s) 'example_branch_dop_operator_v3' retrieved from /home/airflow/.local/lib/python3.12/site-packages/airflow/example_dags/example_branch_python_dop_operator_3.py
[2025-03-16T19:35:36.043+0000] {logging_mixin.py:190} INFO - [2025-03-16T19:35:36.043+0000] {dag.py:3239} INFO - Sync 1 DAGs
[2025-03-16T19:35:36.092+0000] {logging_mixin.py:190} INFO - [2025-03-16T19:35:36.092+0000] {dag.py:4180} INFO - Setting next_dagrun for example_branch_dop_operator_v3 to 2025-03-16 19:34:00+00:00, run_after=2025-03-16 19:35:00+00:00
[2025-03-16T19:35:36.134+0000] {processor.py:208} INFO - Processing /home/airflow/.local/lib/python3.12/site-packages/airflow/example_dags/example_branch_python_dop_operator_3.py took 0.172 seconds
[2025-03-16T19:36:06.757+0000] {processor.py:186} INFO - Started process (PID=92498) to work on /home/airflow/.local/lib/python3.12/site-packages/airflow/example_dags/example_branch_python_dop_operator_3.py
[2025-03-16T19:36:06.759+0000] {processor.py:914} INFO - Processing file /home/airflow/.local/lib/python3.12/site-packages/airflow/example_dags/example_branch_python_dop_operator_3.py for tasks to queue
[2025-03-16T19:36:06.761+0000] {logging_mixin.py:190} INFO - [2025-03-16T19:36:06.760+0000] {dagbag.py:588} INFO - Filling up the DagBag from /home/airflow/.local/lib/python3.12/site-packages/airflow/example_dags/example_branch_python_dop_operator_3.py
[2025-03-16T19:36:06.782+0000] {processor.py:925} INFO - DAG(s) 'example_branch_dop_operator_v3' retrieved from /home/airflow/.local/lib/python3.12/site-packages/airflow/example_dags/example_branch_python_dop_operator_3.py
[2025-03-16T19:36:06.821+0000] {logging_mixin.py:190} INFO - [2025-03-16T19:36:06.820+0000] {dag.py:3239} INFO - Sync 1 DAGs
[2025-03-16T19:36:06.869+0000] {logging_mixin.py:190} INFO - [2025-03-16T19:36:06.869+0000] {dag.py:4180} INFO - Setting next_dagrun for example_branch_dop_operator_v3 to 2025-03-16 19:35:00+00:00, run_after=2025-03-16 19:36:00+00:00
[2025-03-16T19:36:06.897+0000] {processor.py:208} INFO - Processing /home/airflow/.local/lib/python3.12/site-packages/airflow/example_dags/example_branch_python_dop_operator_3.py took 0.151 seconds
[2025-03-16T19:36:36.993+0000] {processor.py:186} INFO - Started process (PID=92562) to work on /home/airflow/.local/lib/python3.12/site-packages/airflow/example_dags/example_branch_python_dop_operator_3.py
[2025-03-16T19:36:36.995+0000] {processor.py:914} INFO - Processing file /home/airflow/.local/lib/python3.12/site-packages/airflow/example_dags/example_branch_python_dop_operator_3.py for tasks to queue
[2025-03-16T19:36:36.997+0000] {logging_mixin.py:190} INFO - [2025-03-16T19:36:36.996+0000] {dagbag.py:588} INFO - Filling up the DagBag from /home/airflow/.local/lib/python3.12/site-packages/airflow/example_dags/example_branch_python_dop_operator_3.py
[2025-03-16T19:36:37.014+0000] {processor.py:925} INFO - DAG(s) 'example_branch_dop_operator_v3' retrieved from /home/airflow/.local/lib/python3.12/site-packages/airflow/example_dags/example_branch_python_dop_operator_3.py
[2025-03-16T19:36:37.042+0000] {logging_mixin.py:190} INFO - [2025-03-16T19:36:37.042+0000] {dag.py:3239} INFO - Sync 1 DAGs
[2025-03-16T19:36:37.088+0000] {logging_mixin.py:190} INFO - [2025-03-16T19:36:37.087+0000] {dag.py:4180} INFO - Setting next_dagrun for example_branch_dop_operator_v3 to 2025-03-16 19:35:00+00:00, run_after=2025-03-16 19:36:00+00:00
[2025-03-16T19:36:37.115+0000] {processor.py:208} INFO - Processing /home/airflow/.local/lib/python3.12/site-packages/airflow/example_dags/example_branch_python_dop_operator_3.py took 0.130 seconds
[2025-03-16T19:37:07.345+0000] {processor.py:186} INFO - Started process (PID=92626) to work on /home/airflow/.local/lib/python3.12/site-packages/airflow/example_dags/example_branch_python_dop_operator_3.py
[2025-03-16T19:37:07.347+0000] {processor.py:914} INFO - Processing file /home/airflow/.local/lib/python3.12/site-packages/airflow/example_dags/example_branch_python_dop_operator_3.py for tasks to queue
[2025-03-16T19:37:07.349+0000] {logging_mixin.py:190} INFO - [2025-03-16T19:37:07.348+0000] {dagbag.py:588} INFO - Filling up the DagBag from /home/airflow/.local/lib/python3.12/site-packages/airflow/example_dags/example_branch_python_dop_operator_3.py
[2025-03-16T19:37:07.363+0000] {processor.py:925} INFO - DAG(s) 'example_branch_dop_operator_v3' retrieved from /home/airflow/.local/lib/python3.12/site-packages/airflow/example_dags/example_branch_python_dop_operator_3.py
[2025-03-16T19:37:07.391+0000] {logging_mixin.py:190} INFO - [2025-03-16T19:37:07.390+0000] {dag.py:3239} INFO - Sync 1 DAGs
[2025-03-16T19:37:07.432+0000] {logging_mixin.py:190} INFO - [2025-03-16T19:37:07.431+0000] {dag.py:4180} INFO - Setting next_dagrun for example_branch_dop_operator_v3 to 2025-03-16 19:36:00+00:00, run_after=2025-03-16 19:37:00+00:00
[2025-03-16T19:37:07.463+0000] {processor.py:208} INFO - Processing /home/airflow/.local/lib/python3.12/site-packages/airflow/example_dags/example_branch_python_dop_operator_3.py took 0.125 seconds
[2025-03-16T19:37:38.034+0000] {processor.py:186} INFO - Started process (PID=92689) to work on /home/airflow/.local/lib/python3.12/site-packages/airflow/example_dags/example_branch_python_dop_operator_3.py
[2025-03-16T19:37:38.036+0000] {processor.py:914} INFO - Processing file /home/airflow/.local/lib/python3.12/site-packages/airflow/example_dags/example_branch_python_dop_operator_3.py for tasks to queue
[2025-03-16T19:37:38.039+0000] {logging_mixin.py:190} INFO - [2025-03-16T19:37:38.038+0000] {dagbag.py:588} INFO - Filling up the DagBag from /home/airflow/.local/lib/python3.12/site-packages/airflow/example_dags/example_branch_python_dop_operator_3.py
[2025-03-16T19:37:38.058+0000] {processor.py:925} INFO - DAG(s) 'example_branch_dop_operator_v3' retrieved from /home/airflow/.local/lib/python3.12/site-packages/airflow/example_dags/example_branch_python_dop_operator_3.py
[2025-03-16T19:37:38.096+0000] {logging_mixin.py:190} INFO - [2025-03-16T19:37:38.095+0000] {dag.py:3239} INFO - Sync 1 DAGs
[2025-03-16T19:37:38.147+0000] {logging_mixin.py:190} INFO - [2025-03-16T19:37:38.147+0000] {dag.py:4180} INFO - Setting next_dagrun for example_branch_dop_operator_v3 to 2025-03-16 19:36:00+00:00, run_after=2025-03-16 19:37:00+00:00
[2025-03-16T19:37:38.182+0000] {processor.py:208} INFO - Processing /home/airflow/.local/lib/python3.12/site-packages/airflow/example_dags/example_branch_python_dop_operator_3.py took 0.159 seconds
[2025-03-16T19:38:08.392+0000] {processor.py:186} INFO - Started process (PID=92752) to work on /home/airflow/.local/lib/python3.12/site-packages/airflow/example_dags/example_branch_python_dop_operator_3.py
[2025-03-16T19:38:08.395+0000] {processor.py:914} INFO - Processing file /home/airflow/.local/lib/python3.12/site-packages/airflow/example_dags/example_branch_python_dop_operator_3.py for tasks to queue
[2025-03-16T19:38:08.397+0000] {logging_mixin.py:190} INFO - [2025-03-16T19:38:08.396+0000] {dagbag.py:588} INFO - Filling up the DagBag from /home/airflow/.local/lib/python3.12/site-packages/airflow/example_dags/example_branch_python_dop_operator_3.py
[2025-03-16T19:38:08.414+0000] {processor.py:925} INFO - DAG(s) 'example_branch_dop_operator_v3' retrieved from /home/airflow/.local/lib/python3.12/site-packages/airflow/example_dags/example_branch_python_dop_operator_3.py
[2025-03-16T19:38:08.454+0000] {logging_mixin.py:190} INFO - [2025-03-16T19:38:08.453+0000] {dag.py:3239} INFO - Sync 1 DAGs
[2025-03-16T19:38:08.503+0000] {logging_mixin.py:190} INFO - [2025-03-16T19:38:08.502+0000] {dag.py:4180} INFO - Setting next_dagrun for example_branch_dop_operator_v3 to 2025-03-16 19:37:00+00:00, run_after=2025-03-16 19:38:00+00:00
[2025-03-16T19:38:08.536+0000] {processor.py:208} INFO - Processing /home/airflow/.local/lib/python3.12/site-packages/airflow/example_dags/example_branch_python_dop_operator_3.py took 0.154 seconds
[2025-03-16T19:38:38.784+0000] {processor.py:186} INFO - Started process (PID=92816) to work on /home/airflow/.local/lib/python3.12/site-packages/airflow/example_dags/example_branch_python_dop_operator_3.py
[2025-03-16T19:38:38.786+0000] {processor.py:914} INFO - Processing file /home/airflow/.local/lib/python3.12/site-packages/airflow/example_dags/example_branch_python_dop_operator_3.py for tasks to queue
[2025-03-16T19:38:38.789+0000] {logging_mixin.py:190} INFO - [2025-03-16T19:38:38.788+0000] {dagbag.py:588} INFO - Filling up the DagBag from /home/airflow/.local/lib/python3.12/site-packages/airflow/example_dags/example_branch_python_dop_operator_3.py
[2025-03-16T19:38:38.809+0000] {processor.py:925} INFO - DAG(s) 'example_branch_dop_operator_v3' retrieved from /home/airflow/.local/lib/python3.12/site-packages/airflow/example_dags/example_branch_python_dop_operator_3.py
[2025-03-16T19:38:38.849+0000] {logging_mixin.py:190} INFO - [2025-03-16T19:38:38.848+0000] {dag.py:3239} INFO - Sync 1 DAGs
[2025-03-16T19:38:38.906+0000] {logging_mixin.py:190} INFO - [2025-03-16T19:38:38.905+0000] {dag.py:4180} INFO - Setting next_dagrun for example_branch_dop_operator_v3 to 2025-03-16 19:37:00+00:00, run_after=2025-03-16 19:38:00+00:00
[2025-03-16T19:38:38.934+0000] {processor.py:208} INFO - Processing /home/airflow/.local/lib/python3.12/site-packages/airflow/example_dags/example_branch_python_dop_operator_3.py took 0.159 seconds
[2025-03-16T19:39:09.403+0000] {processor.py:186} INFO - Started process (PID=92879) to work on /home/airflow/.local/lib/python3.12/site-packages/airflow/example_dags/example_branch_python_dop_operator_3.py
[2025-03-16T19:39:09.406+0000] {processor.py:914} INFO - Processing file /home/airflow/.local/lib/python3.12/site-packages/airflow/example_dags/example_branch_python_dop_operator_3.py for tasks to queue
[2025-03-16T19:39:09.409+0000] {logging_mixin.py:190} INFO - [2025-03-16T19:39:09.409+0000] {dagbag.py:588} INFO - Filling up the DagBag from /home/airflow/.local/lib/python3.12/site-packages/airflow/example_dags/example_branch_python_dop_operator_3.py
[2025-03-16T19:39:09.426+0000] {processor.py:925} INFO - DAG(s) 'example_branch_dop_operator_v3' retrieved from /home/airflow/.local/lib/python3.12/site-packages/airflow/example_dags/example_branch_python_dop_operator_3.py
[2025-03-16T19:39:09.462+0000] {logging_mixin.py:190} INFO - [2025-03-16T19:39:09.462+0000] {dag.py:3239} INFO - Sync 1 DAGs
[2025-03-16T19:39:09.514+0000] {logging_mixin.py:190} INFO - [2025-03-16T19:39:09.514+0000] {dag.py:4180} INFO - Setting next_dagrun for example_branch_dop_operator_v3 to 2025-03-16 19:38:00+00:00, run_after=2025-03-16 19:39:00+00:00
[2025-03-16T19:39:09.544+0000] {processor.py:208} INFO - Processing /home/airflow/.local/lib/python3.12/site-packages/airflow/example_dags/example_branch_python_dop_operator_3.py took 0.152 seconds
