[2025-03-16T19:07:54.921+0000] {processor.py:186} INFO - Started process (PID=88985) to work on /home/airflow/.local/lib/python3.12/site-packages/airflow/example_dags/example_inlet_event_extra.py
[2025-03-16T19:07:54.922+0000] {processor.py:914} INFO - Processing file /home/airflow/.local/lib/python3.12/site-packages/airflow/example_dags/example_inlet_event_extra.py for tasks to queue
[2025-03-16T19:07:54.924+0000] {logging_mixin.py:190} INFO - [2025-03-16T19:07:54.924+0000] {dagbag.py:588} INFO - Filling up the DagBag from /home/airflow/.local/lib/python3.12/site-packages/airflow/example_dags/example_inlet_event_extra.py
[2025-03-16T19:07:55.415+0000] {processor.py:925} INFO - DAG(s) 'read_dataset_event', 'read_dataset_event_from_classic' retrieved from /home/airflow/.local/lib/python3.12/site-packages/airflow/example_dags/example_inlet_event_extra.py
[2025-03-16T19:07:55.433+0000] {logging_mixin.py:190} INFO - [2025-03-16T19:07:55.433+0000] {dag.py:3239} INFO - Sync 2 DAGs
[2025-03-16T19:07:55.456+0000] {logging_mixin.py:190} INFO - [2025-03-16T19:07:55.456+0000] {dag.py:4180} INFO - Setting next_dagrun for read_dataset_event to 2025-03-15 00:00:00+00:00, run_after=2025-03-16 00:00:00+00:00
[2025-03-16T19:07:55.460+0000] {logging_mixin.py:190} INFO - [2025-03-16T19:07:55.460+0000] {dag.py:4180} INFO - Setting next_dagrun for read_dataset_event_from_classic to 2025-03-15 00:00:00+00:00, run_after=2025-03-16 00:00:00+00:00
[2025-03-16T19:07:55.476+0000] {processor.py:208} INFO - Processing /home/airflow/.local/lib/python3.12/site-packages/airflow/example_dags/example_inlet_event_extra.py took 0.560 seconds
[2025-03-16T19:08:25.584+0000] {processor.py:186} INFO - Started process (PID=89049) to work on /home/airflow/.local/lib/python3.12/site-packages/airflow/example_dags/example_inlet_event_extra.py
[2025-03-16T19:08:25.585+0000] {processor.py:914} INFO - Processing file /home/airflow/.local/lib/python3.12/site-packages/airflow/example_dags/example_inlet_event_extra.py for tasks to queue
[2025-03-16T19:08:25.586+0000] {logging_mixin.py:190} INFO - [2025-03-16T19:08:25.586+0000] {dagbag.py:588} INFO - Filling up the DagBag from /home/airflow/.local/lib/python3.12/site-packages/airflow/example_dags/example_inlet_event_extra.py
[2025-03-16T19:08:26.126+0000] {processor.py:925} INFO - DAG(s) 'read_dataset_event', 'read_dataset_event_from_classic' retrieved from /home/airflow/.local/lib/python3.12/site-packages/airflow/example_dags/example_inlet_event_extra.py
[2025-03-16T19:08:26.145+0000] {logging_mixin.py:190} INFO - [2025-03-16T19:08:26.145+0000] {dag.py:3239} INFO - Sync 2 DAGs
[2025-03-16T19:08:26.170+0000] {logging_mixin.py:190} INFO - [2025-03-16T19:08:26.170+0000] {dag.py:4180} INFO - Setting next_dagrun for read_dataset_event to 2025-03-15 00:00:00+00:00, run_after=2025-03-16 00:00:00+00:00
[2025-03-16T19:08:26.176+0000] {logging_mixin.py:190} INFO - [2025-03-16T19:08:26.176+0000] {dag.py:4180} INFO - Setting next_dagrun for read_dataset_event_from_classic to 2025-03-15 00:00:00+00:00, run_after=2025-03-16 00:00:00+00:00
[2025-03-16T19:08:26.191+0000] {processor.py:208} INFO - Processing /home/airflow/.local/lib/python3.12/site-packages/airflow/example_dags/example_inlet_event_extra.py took 0.614 seconds
[2025-03-16T19:08:57.563+0000] {processor.py:186} INFO - Started process (PID=89119) to work on /home/airflow/.local/lib/python3.12/site-packages/airflow/example_dags/example_inlet_event_extra.py
[2025-03-16T19:08:57.564+0000] {processor.py:914} INFO - Processing file /home/airflow/.local/lib/python3.12/site-packages/airflow/example_dags/example_inlet_event_extra.py for tasks to queue
[2025-03-16T19:08:57.566+0000] {logging_mixin.py:190} INFO - [2025-03-16T19:08:57.565+0000] {dagbag.py:588} INFO - Filling up the DagBag from /home/airflow/.local/lib/python3.12/site-packages/airflow/example_dags/example_inlet_event_extra.py
[2025-03-16T19:08:58.189+0000] {processor.py:925} INFO - DAG(s) 'read_dataset_event', 'read_dataset_event_from_classic' retrieved from /home/airflow/.local/lib/python3.12/site-packages/airflow/example_dags/example_inlet_event_extra.py
[2025-03-16T19:08:58.217+0000] {logging_mixin.py:190} INFO - [2025-03-16T19:08:58.217+0000] {dag.py:3239} INFO - Sync 2 DAGs
[2025-03-16T19:08:58.248+0000] {logging_mixin.py:190} INFO - [2025-03-16T19:08:58.248+0000] {dag.py:4180} INFO - Setting next_dagrun for read_dataset_event to 2025-03-15 00:00:00+00:00, run_after=2025-03-16 00:00:00+00:00
[2025-03-16T19:08:58.261+0000] {logging_mixin.py:190} INFO - [2025-03-16T19:08:58.260+0000] {dag.py:4180} INFO - Setting next_dagrun for read_dataset_event_from_classic to 2025-03-15 00:00:00+00:00, run_after=2025-03-16 00:00:00+00:00
[2025-03-16T19:08:58.317+0000] {processor.py:208} INFO - Processing /home/airflow/.local/lib/python3.12/site-packages/airflow/example_dags/example_inlet_event_extra.py took 0.761 seconds
[2025-03-16T19:09:28.741+0000] {processor.py:186} INFO - Started process (PID=89183) to work on /home/airflow/.local/lib/python3.12/site-packages/airflow/example_dags/example_inlet_event_extra.py
[2025-03-16T19:09:28.743+0000] {processor.py:914} INFO - Processing file /home/airflow/.local/lib/python3.12/site-packages/airflow/example_dags/example_inlet_event_extra.py for tasks to queue
[2025-03-16T19:09:28.745+0000] {logging_mixin.py:190} INFO - [2025-03-16T19:09:28.745+0000] {dagbag.py:588} INFO - Filling up the DagBag from /home/airflow/.local/lib/python3.12/site-packages/airflow/example_dags/example_inlet_event_extra.py
[2025-03-16T19:09:29.344+0000] {processor.py:925} INFO - DAG(s) 'read_dataset_event_from_classic', 'read_dataset_event' retrieved from /home/airflow/.local/lib/python3.12/site-packages/airflow/example_dags/example_inlet_event_extra.py
[2025-03-16T19:09:29.386+0000] {logging_mixin.py:190} INFO - [2025-03-16T19:09:29.386+0000] {dag.py:3239} INFO - Sync 2 DAGs
[2025-03-16T19:09:29.424+0000] {logging_mixin.py:190} INFO - [2025-03-16T19:09:29.424+0000] {dag.py:4180} INFO - Setting next_dagrun for read_dataset_event to 2025-03-15 00:00:00+00:00, run_after=2025-03-16 00:00:00+00:00
[2025-03-16T19:09:29.430+0000] {logging_mixin.py:190} INFO - [2025-03-16T19:09:29.430+0000] {dag.py:4180} INFO - Setting next_dagrun for read_dataset_event_from_classic to 2025-03-15 00:00:00+00:00, run_after=2025-03-16 00:00:00+00:00
[2025-03-16T19:09:29.457+0000] {processor.py:208} INFO - Processing /home/airflow/.local/lib/python3.12/site-packages/airflow/example_dags/example_inlet_event_extra.py took 0.724 seconds
[2025-03-16T19:09:59.754+0000] {processor.py:186} INFO - Started process (PID=89248) to work on /home/airflow/.local/lib/python3.12/site-packages/airflow/example_dags/example_inlet_event_extra.py
[2025-03-16T19:09:59.755+0000] {processor.py:914} INFO - Processing file /home/airflow/.local/lib/python3.12/site-packages/airflow/example_dags/example_inlet_event_extra.py for tasks to queue
[2025-03-16T19:09:59.757+0000] {logging_mixin.py:190} INFO - [2025-03-16T19:09:59.757+0000] {dagbag.py:588} INFO - Filling up the DagBag from /home/airflow/.local/lib/python3.12/site-packages/airflow/example_dags/example_inlet_event_extra.py
[2025-03-16T19:10:00.302+0000] {processor.py:925} INFO - DAG(s) 'read_dataset_event', 'read_dataset_event_from_classic' retrieved from /home/airflow/.local/lib/python3.12/site-packages/airflow/example_dags/example_inlet_event_extra.py
[2025-03-16T19:10:00.331+0000] {logging_mixin.py:190} INFO - [2025-03-16T19:10:00.331+0000] {dag.py:3239} INFO - Sync 2 DAGs
[2025-03-16T19:10:00.368+0000] {logging_mixin.py:190} INFO - [2025-03-16T19:10:00.367+0000] {dag.py:4180} INFO - Setting next_dagrun for read_dataset_event to 2025-03-15 00:00:00+00:00, run_after=2025-03-16 00:00:00+00:00
[2025-03-16T19:10:00.378+0000] {logging_mixin.py:190} INFO - [2025-03-16T19:10:00.378+0000] {dag.py:4180} INFO - Setting next_dagrun for read_dataset_event_from_classic to 2025-03-15 00:00:00+00:00, run_after=2025-03-16 00:00:00+00:00
[2025-03-16T19:10:00.405+0000] {processor.py:208} INFO - Processing /home/airflow/.local/lib/python3.12/site-packages/airflow/example_dags/example_inlet_event_extra.py took 0.656 seconds
[2025-03-16T19:10:31.377+0000] {processor.py:186} INFO - Started process (PID=89312) to work on /home/airflow/.local/lib/python3.12/site-packages/airflow/example_dags/example_inlet_event_extra.py
[2025-03-16T19:10:31.379+0000] {processor.py:914} INFO - Processing file /home/airflow/.local/lib/python3.12/site-packages/airflow/example_dags/example_inlet_event_extra.py for tasks to queue
[2025-03-16T19:10:31.381+0000] {logging_mixin.py:190} INFO - [2025-03-16T19:10:31.381+0000] {dagbag.py:588} INFO - Filling up the DagBag from /home/airflow/.local/lib/python3.12/site-packages/airflow/example_dags/example_inlet_event_extra.py
[2025-03-16T19:10:31.891+0000] {processor.py:925} INFO - DAG(s) 'read_dataset_event_from_classic', 'read_dataset_event' retrieved from /home/airflow/.local/lib/python3.12/site-packages/airflow/example_dags/example_inlet_event_extra.py
[2025-03-16T19:10:31.918+0000] {logging_mixin.py:190} INFO - [2025-03-16T19:10:31.918+0000] {dag.py:3239} INFO - Sync 2 DAGs
[2025-03-16T19:10:31.947+0000] {logging_mixin.py:190} INFO - [2025-03-16T19:10:31.947+0000] {dag.py:4180} INFO - Setting next_dagrun for read_dataset_event to 2025-03-15 00:00:00+00:00, run_after=2025-03-16 00:00:00+00:00
[2025-03-16T19:10:31.952+0000] {logging_mixin.py:190} INFO - [2025-03-16T19:10:31.952+0000] {dag.py:4180} INFO - Setting next_dagrun for read_dataset_event_from_classic to 2025-03-15 00:00:00+00:00, run_after=2025-03-16 00:00:00+00:00
[2025-03-16T19:10:31.976+0000] {processor.py:208} INFO - Processing /home/airflow/.local/lib/python3.12/site-packages/airflow/example_dags/example_inlet_event_extra.py took 0.604 seconds
[2025-03-16T19:11:02.902+0000] {processor.py:186} INFO - Started process (PID=89379) to work on /home/airflow/.local/lib/python3.12/site-packages/airflow/example_dags/example_inlet_event_extra.py
[2025-03-16T19:11:02.904+0000] {processor.py:914} INFO - Processing file /home/airflow/.local/lib/python3.12/site-packages/airflow/example_dags/example_inlet_event_extra.py for tasks to queue
[2025-03-16T19:11:02.906+0000] {logging_mixin.py:190} INFO - [2025-03-16T19:11:02.905+0000] {dagbag.py:588} INFO - Filling up the DagBag from /home/airflow/.local/lib/python3.12/site-packages/airflow/example_dags/example_inlet_event_extra.py
[2025-03-16T19:11:03.340+0000] {processor.py:925} INFO - DAG(s) 'read_dataset_event', 'read_dataset_event_from_classic' retrieved from /home/airflow/.local/lib/python3.12/site-packages/airflow/example_dags/example_inlet_event_extra.py
[2025-03-16T19:11:03.363+0000] {logging_mixin.py:190} INFO - [2025-03-16T19:11:03.363+0000] {dag.py:3239} INFO - Sync 2 DAGs
[2025-03-16T19:11:03.389+0000] {logging_mixin.py:190} INFO - [2025-03-16T19:11:03.389+0000] {dag.py:4180} INFO - Setting next_dagrun for read_dataset_event to 2025-03-15 00:00:00+00:00, run_after=2025-03-16 00:00:00+00:00
[2025-03-16T19:11:03.395+0000] {logging_mixin.py:190} INFO - [2025-03-16T19:11:03.395+0000] {dag.py:4180} INFO - Setting next_dagrun for read_dataset_event_from_classic to 2025-03-15 00:00:00+00:00, run_after=2025-03-16 00:00:00+00:00
[2025-03-16T19:11:03.417+0000] {processor.py:208} INFO - Processing /home/airflow/.local/lib/python3.12/site-packages/airflow/example_dags/example_inlet_event_extra.py took 0.521 seconds
[2025-03-16T19:11:33.536+0000] {processor.py:186} INFO - Started process (PID=89443) to work on /home/airflow/.local/lib/python3.12/site-packages/airflow/example_dags/example_inlet_event_extra.py
[2025-03-16T19:11:33.537+0000] {processor.py:914} INFO - Processing file /home/airflow/.local/lib/python3.12/site-packages/airflow/example_dags/example_inlet_event_extra.py for tasks to queue
[2025-03-16T19:11:33.539+0000] {logging_mixin.py:190} INFO - [2025-03-16T19:11:33.538+0000] {dagbag.py:588} INFO - Filling up the DagBag from /home/airflow/.local/lib/python3.12/site-packages/airflow/example_dags/example_inlet_event_extra.py
[2025-03-16T19:11:33.806+0000] {processor.py:925} INFO - DAG(s) 'read_dataset_event_from_classic', 'read_dataset_event' retrieved from /home/airflow/.local/lib/python3.12/site-packages/airflow/example_dags/example_inlet_event_extra.py
[2025-03-16T19:11:33.835+0000] {logging_mixin.py:190} INFO - [2025-03-16T19:11:33.834+0000] {dag.py:3239} INFO - Sync 2 DAGs
[2025-03-16T19:11:33.860+0000] {logging_mixin.py:190} INFO - [2025-03-16T19:11:33.859+0000] {dag.py:4180} INFO - Setting next_dagrun for read_dataset_event to 2025-03-15 00:00:00+00:00, run_after=2025-03-16 00:00:00+00:00
[2025-03-16T19:11:33.865+0000] {logging_mixin.py:190} INFO - [2025-03-16T19:11:33.865+0000] {dag.py:4180} INFO - Setting next_dagrun for read_dataset_event_from_classic to 2025-03-15 00:00:00+00:00, run_after=2025-03-16 00:00:00+00:00
[2025-03-16T19:11:33.884+0000] {processor.py:208} INFO - Processing /home/airflow/.local/lib/python3.12/site-packages/airflow/example_dags/example_inlet_event_extra.py took 0.540 seconds
[2025-03-16T19:12:04.623+0000] {processor.py:186} INFO - Started process (PID=89508) to work on /home/airflow/.local/lib/python3.12/site-packages/airflow/example_dags/example_inlet_event_extra.py
[2025-03-16T19:12:04.624+0000] {processor.py:914} INFO - Processing file /home/airflow/.local/lib/python3.12/site-packages/airflow/example_dags/example_inlet_event_extra.py for tasks to queue
[2025-03-16T19:12:04.626+0000] {logging_mixin.py:190} INFO - [2025-03-16T19:12:04.625+0000] {dagbag.py:588} INFO - Filling up the DagBag from /home/airflow/.local/lib/python3.12/site-packages/airflow/example_dags/example_inlet_event_extra.py
[2025-03-16T19:12:05.076+0000] {processor.py:925} INFO - DAG(s) 'read_dataset_event', 'read_dataset_event_from_classic' retrieved from /home/airflow/.local/lib/python3.12/site-packages/airflow/example_dags/example_inlet_event_extra.py
[2025-03-16T19:12:05.104+0000] {logging_mixin.py:190} INFO - [2025-03-16T19:12:05.104+0000] {dag.py:3239} INFO - Sync 2 DAGs
[2025-03-16T19:12:05.129+0000] {logging_mixin.py:190} INFO - [2025-03-16T19:12:05.129+0000] {dag.py:4180} INFO - Setting next_dagrun for read_dataset_event to 2025-03-15 00:00:00+00:00, run_after=2025-03-16 00:00:00+00:00
[2025-03-16T19:12:05.134+0000] {logging_mixin.py:190} INFO - [2025-03-16T19:12:05.134+0000] {dag.py:4180} INFO - Setting next_dagrun for read_dataset_event_from_classic to 2025-03-15 00:00:00+00:00, run_after=2025-03-16 00:00:00+00:00
[2025-03-16T19:12:05.169+0000] {processor.py:208} INFO - Processing /home/airflow/.local/lib/python3.12/site-packages/airflow/example_dags/example_inlet_event_extra.py took 0.552 seconds
[2025-03-16T19:12:35.926+0000] {processor.py:186} INFO - Started process (PID=89574) to work on /home/airflow/.local/lib/python3.12/site-packages/airflow/example_dags/example_inlet_event_extra.py
[2025-03-16T19:12:35.927+0000] {processor.py:914} INFO - Processing file /home/airflow/.local/lib/python3.12/site-packages/airflow/example_dags/example_inlet_event_extra.py for tasks to queue
[2025-03-16T19:12:35.931+0000] {logging_mixin.py:190} INFO - [2025-03-16T19:12:35.929+0000] {dagbag.py:588} INFO - Filling up the DagBag from /home/airflow/.local/lib/python3.12/site-packages/airflow/example_dags/example_inlet_event_extra.py
[2025-03-16T19:12:36.660+0000] {processor.py:925} INFO - DAG(s) 'read_dataset_event_from_classic', 'read_dataset_event' retrieved from /home/airflow/.local/lib/python3.12/site-packages/airflow/example_dags/example_inlet_event_extra.py
[2025-03-16T19:12:36.686+0000] {logging_mixin.py:190} INFO - [2025-03-16T19:12:36.686+0000] {dag.py:3239} INFO - Sync 2 DAGs
[2025-03-16T19:12:36.709+0000] {logging_mixin.py:190} INFO - [2025-03-16T19:12:36.709+0000] {dag.py:4180} INFO - Setting next_dagrun for read_dataset_event to 2025-03-15 00:00:00+00:00, run_after=2025-03-16 00:00:00+00:00
[2025-03-16T19:12:36.715+0000] {logging_mixin.py:190} INFO - [2025-03-16T19:12:36.715+0000] {dag.py:4180} INFO - Setting next_dagrun for read_dataset_event_from_classic to 2025-03-15 00:00:00+00:00, run_after=2025-03-16 00:00:00+00:00
[2025-03-16T19:12:36.740+0000] {processor.py:208} INFO - Processing /home/airflow/.local/lib/python3.12/site-packages/airflow/example_dags/example_inlet_event_extra.py took 0.823 seconds
[2025-03-16T19:13:06.919+0000] {processor.py:186} INFO - Started process (PID=89636) to work on /home/airflow/.local/lib/python3.12/site-packages/airflow/example_dags/example_inlet_event_extra.py
[2025-03-16T19:13:06.921+0000] {processor.py:914} INFO - Processing file /home/airflow/.local/lib/python3.12/site-packages/airflow/example_dags/example_inlet_event_extra.py for tasks to queue
[2025-03-16T19:13:06.922+0000] {logging_mixin.py:190} INFO - [2025-03-16T19:13:06.922+0000] {dagbag.py:588} INFO - Filling up the DagBag from /home/airflow/.local/lib/python3.12/site-packages/airflow/example_dags/example_inlet_event_extra.py
[2025-03-16T19:13:07.457+0000] {processor.py:925} INFO - DAG(s) 'read_dataset_event_from_classic', 'read_dataset_event' retrieved from /home/airflow/.local/lib/python3.12/site-packages/airflow/example_dags/example_inlet_event_extra.py
[2025-03-16T19:13:07.484+0000] {logging_mixin.py:190} INFO - [2025-03-16T19:13:07.483+0000] {dag.py:3239} INFO - Sync 2 DAGs
[2025-03-16T19:13:07.509+0000] {logging_mixin.py:190} INFO - [2025-03-16T19:13:07.509+0000] {dag.py:4180} INFO - Setting next_dagrun for read_dataset_event to 2025-03-15 00:00:00+00:00, run_after=2025-03-16 00:00:00+00:00
[2025-03-16T19:13:07.516+0000] {logging_mixin.py:190} INFO - [2025-03-16T19:13:07.516+0000] {dag.py:4180} INFO - Setting next_dagrun for read_dataset_event_from_classic to 2025-03-15 00:00:00+00:00, run_after=2025-03-16 00:00:00+00:00
[2025-03-16T19:13:07.535+0000] {processor.py:208} INFO - Processing /home/airflow/.local/lib/python3.12/site-packages/airflow/example_dags/example_inlet_event_extra.py took 0.621 seconds
[2025-03-16T19:13:37.880+0000] {processor.py:186} INFO - Started process (PID=89700) to work on /home/airflow/.local/lib/python3.12/site-packages/airflow/example_dags/example_inlet_event_extra.py
[2025-03-16T19:13:37.882+0000] {processor.py:914} INFO - Processing file /home/airflow/.local/lib/python3.12/site-packages/airflow/example_dags/example_inlet_event_extra.py for tasks to queue
[2025-03-16T19:13:37.884+0000] {logging_mixin.py:190} INFO - [2025-03-16T19:13:37.883+0000] {dagbag.py:588} INFO - Filling up the DagBag from /home/airflow/.local/lib/python3.12/site-packages/airflow/example_dags/example_inlet_event_extra.py
[2025-03-16T19:13:38.598+0000] {processor.py:925} INFO - DAG(s) 'read_dataset_event', 'read_dataset_event_from_classic' retrieved from /home/airflow/.local/lib/python3.12/site-packages/airflow/example_dags/example_inlet_event_extra.py
[2025-03-16T19:13:38.626+0000] {logging_mixin.py:190} INFO - [2025-03-16T19:13:38.625+0000] {dag.py:3239} INFO - Sync 2 DAGs
[2025-03-16T19:13:38.654+0000] {logging_mixin.py:190} INFO - [2025-03-16T19:13:38.654+0000] {dag.py:4180} INFO - Setting next_dagrun for read_dataset_event to 2025-03-15 00:00:00+00:00, run_after=2025-03-16 00:00:00+00:00
[2025-03-16T19:13:38.661+0000] {logging_mixin.py:190} INFO - [2025-03-16T19:13:38.661+0000] {dag.py:4180} INFO - Setting next_dagrun for read_dataset_event_from_classic to 2025-03-15 00:00:00+00:00, run_after=2025-03-16 00:00:00+00:00
[2025-03-16T19:13:38.686+0000] {processor.py:208} INFO - Processing /home/airflow/.local/lib/python3.12/site-packages/airflow/example_dags/example_inlet_event_extra.py took 0.812 seconds
[2025-03-16T19:14:09.803+0000] {processor.py:186} INFO - Started process (PID=89766) to work on /home/airflow/.local/lib/python3.12/site-packages/airflow/example_dags/example_inlet_event_extra.py
[2025-03-16T19:14:09.804+0000] {processor.py:914} INFO - Processing file /home/airflow/.local/lib/python3.12/site-packages/airflow/example_dags/example_inlet_event_extra.py for tasks to queue
[2025-03-16T19:14:09.806+0000] {logging_mixin.py:190} INFO - [2025-03-16T19:14:09.805+0000] {dagbag.py:588} INFO - Filling up the DagBag from /home/airflow/.local/lib/python3.12/site-packages/airflow/example_dags/example_inlet_event_extra.py
[2025-03-16T19:14:10.205+0000] {processor.py:925} INFO - DAG(s) 'read_dataset_event_from_classic', 'read_dataset_event' retrieved from /home/airflow/.local/lib/python3.12/site-packages/airflow/example_dags/example_inlet_event_extra.py
[2025-03-16T19:14:10.227+0000] {logging_mixin.py:190} INFO - [2025-03-16T19:14:10.227+0000] {dag.py:3239} INFO - Sync 2 DAGs
[2025-03-16T19:14:10.249+0000] {logging_mixin.py:190} INFO - [2025-03-16T19:14:10.249+0000] {dag.py:4180} INFO - Setting next_dagrun for read_dataset_event to 2025-03-15 00:00:00+00:00, run_after=2025-03-16 00:00:00+00:00
[2025-03-16T19:14:10.254+0000] {logging_mixin.py:190} INFO - [2025-03-16T19:14:10.253+0000] {dag.py:4180} INFO - Setting next_dagrun for read_dataset_event_from_classic to 2025-03-15 00:00:00+00:00, run_after=2025-03-16 00:00:00+00:00
[2025-03-16T19:14:10.271+0000] {processor.py:208} INFO - Processing /home/airflow/.local/lib/python3.12/site-packages/airflow/example_dags/example_inlet_event_extra.py took 0.473 seconds
[2025-03-16T19:14:41.271+0000] {processor.py:186} INFO - Started process (PID=89831) to work on /home/airflow/.local/lib/python3.12/site-packages/airflow/example_dags/example_inlet_event_extra.py
[2025-03-16T19:14:41.273+0000] {processor.py:914} INFO - Processing file /home/airflow/.local/lib/python3.12/site-packages/airflow/example_dags/example_inlet_event_extra.py for tasks to queue
[2025-03-16T19:14:41.275+0000] {logging_mixin.py:190} INFO - [2025-03-16T19:14:41.274+0000] {dagbag.py:588} INFO - Filling up the DagBag from /home/airflow/.local/lib/python3.12/site-packages/airflow/example_dags/example_inlet_event_extra.py
[2025-03-16T19:14:41.696+0000] {processor.py:925} INFO - DAG(s) 'read_dataset_event', 'read_dataset_event_from_classic' retrieved from /home/airflow/.local/lib/python3.12/site-packages/airflow/example_dags/example_inlet_event_extra.py
[2025-03-16T19:14:41.719+0000] {logging_mixin.py:190} INFO - [2025-03-16T19:14:41.718+0000] {dag.py:3239} INFO - Sync 2 DAGs
[2025-03-16T19:14:41.741+0000] {logging_mixin.py:190} INFO - [2025-03-16T19:14:41.741+0000] {dag.py:4180} INFO - Setting next_dagrun for read_dataset_event to 2025-03-15 00:00:00+00:00, run_after=2025-03-16 00:00:00+00:00
[2025-03-16T19:14:41.747+0000] {logging_mixin.py:190} INFO - [2025-03-16T19:14:41.747+0000] {dag.py:4180} INFO - Setting next_dagrun for read_dataset_event_from_classic to 2025-03-15 00:00:00+00:00, run_after=2025-03-16 00:00:00+00:00
[2025-03-16T19:14:41.769+0000] {processor.py:208} INFO - Processing /home/airflow/.local/lib/python3.12/site-packages/airflow/example_dags/example_inlet_event_extra.py took 0.504 seconds
[2025-03-16T19:15:12.664+0000] {processor.py:186} INFO - Started process (PID=89895) to work on /home/airflow/.local/lib/python3.12/site-packages/airflow/example_dags/example_inlet_event_extra.py
[2025-03-16T19:15:12.665+0000] {processor.py:914} INFO - Processing file /home/airflow/.local/lib/python3.12/site-packages/airflow/example_dags/example_inlet_event_extra.py for tasks to queue
[2025-03-16T19:15:12.667+0000] {logging_mixin.py:190} INFO - [2025-03-16T19:15:12.667+0000] {dagbag.py:588} INFO - Filling up the DagBag from /home/airflow/.local/lib/python3.12/site-packages/airflow/example_dags/example_inlet_event_extra.py
[2025-03-16T19:15:13.272+0000] {processor.py:925} INFO - DAG(s) 'read_dataset_event_from_classic', 'read_dataset_event' retrieved from /home/airflow/.local/lib/python3.12/site-packages/airflow/example_dags/example_inlet_event_extra.py
[2025-03-16T19:15:13.306+0000] {logging_mixin.py:190} INFO - [2025-03-16T19:15:13.305+0000] {dag.py:3239} INFO - Sync 2 DAGs
[2025-03-16T19:15:13.335+0000] {logging_mixin.py:190} INFO - [2025-03-16T19:15:13.335+0000] {dag.py:4180} INFO - Setting next_dagrun for read_dataset_event to 2025-03-15 00:00:00+00:00, run_after=2025-03-16 00:00:00+00:00
[2025-03-16T19:15:13.343+0000] {logging_mixin.py:190} INFO - [2025-03-16T19:15:13.343+0000] {dag.py:4180} INFO - Setting next_dagrun for read_dataset_event_from_classic to 2025-03-15 00:00:00+00:00, run_after=2025-03-16 00:00:00+00:00
[2025-03-16T19:15:13.369+0000] {processor.py:208} INFO - Processing /home/airflow/.local/lib/python3.12/site-packages/airflow/example_dags/example_inlet_event_extra.py took 0.710 seconds
[2025-03-16T19:15:43.780+0000] {processor.py:186} INFO - Started process (PID=89959) to work on /home/airflow/.local/lib/python3.12/site-packages/airflow/example_dags/example_inlet_event_extra.py
[2025-03-16T19:15:43.781+0000] {processor.py:914} INFO - Processing file /home/airflow/.local/lib/python3.12/site-packages/airflow/example_dags/example_inlet_event_extra.py for tasks to queue
[2025-03-16T19:15:43.783+0000] {logging_mixin.py:190} INFO - [2025-03-16T19:15:43.783+0000] {dagbag.py:588} INFO - Filling up the DagBag from /home/airflow/.local/lib/python3.12/site-packages/airflow/example_dags/example_inlet_event_extra.py
[2025-03-16T19:15:44.390+0000] {processor.py:925} INFO - DAG(s) 'read_dataset_event', 'read_dataset_event_from_classic' retrieved from /home/airflow/.local/lib/python3.12/site-packages/airflow/example_dags/example_inlet_event_extra.py
[2025-03-16T19:15:44.421+0000] {logging_mixin.py:190} INFO - [2025-03-16T19:15:44.421+0000] {dag.py:3239} INFO - Sync 2 DAGs
[2025-03-16T19:15:44.455+0000] {logging_mixin.py:190} INFO - [2025-03-16T19:15:44.455+0000] {dag.py:4180} INFO - Setting next_dagrun for read_dataset_event to 2025-03-15 00:00:00+00:00, run_after=2025-03-16 00:00:00+00:00
[2025-03-16T19:15:44.463+0000] {logging_mixin.py:190} INFO - [2025-03-16T19:15:44.463+0000] {dag.py:4180} INFO - Setting next_dagrun for read_dataset_event_from_classic to 2025-03-15 00:00:00+00:00, run_after=2025-03-16 00:00:00+00:00
[2025-03-16T19:15:44.487+0000] {processor.py:208} INFO - Processing /home/airflow/.local/lib/python3.12/site-packages/airflow/example_dags/example_inlet_event_extra.py took 0.715 seconds
[2025-03-16T19:16:15.631+0000] {processor.py:186} INFO - Started process (PID=90023) to work on /home/airflow/.local/lib/python3.12/site-packages/airflow/example_dags/example_inlet_event_extra.py
[2025-03-16T19:16:15.632+0000] {processor.py:914} INFO - Processing file /home/airflow/.local/lib/python3.12/site-packages/airflow/example_dags/example_inlet_event_extra.py for tasks to queue
[2025-03-16T19:16:15.636+0000] {logging_mixin.py:190} INFO - [2025-03-16T19:16:15.634+0000] {dagbag.py:588} INFO - Filling up the DagBag from /home/airflow/.local/lib/python3.12/site-packages/airflow/example_dags/example_inlet_event_extra.py
[2025-03-16T19:16:16.437+0000] {processor.py:925} INFO - DAG(s) 'read_dataset_event', 'read_dataset_event_from_classic' retrieved from /home/airflow/.local/lib/python3.12/site-packages/airflow/example_dags/example_inlet_event_extra.py
[2025-03-16T19:16:16.471+0000] {logging_mixin.py:190} INFO - [2025-03-16T19:16:16.470+0000] {dag.py:3239} INFO - Sync 2 DAGs
[2025-03-16T19:16:16.507+0000] {logging_mixin.py:190} INFO - [2025-03-16T19:16:16.505+0000] {dag.py:4180} INFO - Setting next_dagrun for read_dataset_event to 2025-03-15 00:00:00+00:00, run_after=2025-03-16 00:00:00+00:00
[2025-03-16T19:16:16.515+0000] {logging_mixin.py:190} INFO - [2025-03-16T19:16:16.513+0000] {dag.py:4180} INFO - Setting next_dagrun for read_dataset_event_from_classic to 2025-03-15 00:00:00+00:00, run_after=2025-03-16 00:00:00+00:00
[2025-03-16T19:16:16.542+0000] {processor.py:208} INFO - Processing /home/airflow/.local/lib/python3.12/site-packages/airflow/example_dags/example_inlet_event_extra.py took 0.920 seconds
[2025-03-16T19:16:47.017+0000] {processor.py:186} INFO - Started process (PID=90087) to work on /home/airflow/.local/lib/python3.12/site-packages/airflow/example_dags/example_inlet_event_extra.py
[2025-03-16T19:16:47.018+0000] {processor.py:914} INFO - Processing file /home/airflow/.local/lib/python3.12/site-packages/airflow/example_dags/example_inlet_event_extra.py for tasks to queue
[2025-03-16T19:16:47.019+0000] {logging_mixin.py:190} INFO - [2025-03-16T19:16:47.019+0000] {dagbag.py:588} INFO - Filling up the DagBag from /home/airflow/.local/lib/python3.12/site-packages/airflow/example_dags/example_inlet_event_extra.py
[2025-03-16T19:16:47.653+0000] {processor.py:925} INFO - DAG(s) 'read_dataset_event_from_classic', 'read_dataset_event' retrieved from /home/airflow/.local/lib/python3.12/site-packages/airflow/example_dags/example_inlet_event_extra.py
[2025-03-16T19:16:47.686+0000] {logging_mixin.py:190} INFO - [2025-03-16T19:16:47.685+0000] {dag.py:3239} INFO - Sync 2 DAGs
[2025-03-16T19:16:47.716+0000] {logging_mixin.py:190} INFO - [2025-03-16T19:16:47.715+0000] {dag.py:4180} INFO - Setting next_dagrun for read_dataset_event to 2025-03-15 00:00:00+00:00, run_after=2025-03-16 00:00:00+00:00
[2025-03-16T19:16:47.724+0000] {logging_mixin.py:190} INFO - [2025-03-16T19:16:47.723+0000] {dag.py:4180} INFO - Setting next_dagrun for read_dataset_event_from_classic to 2025-03-15 00:00:00+00:00, run_after=2025-03-16 00:00:00+00:00
[2025-03-16T19:16:47.752+0000] {processor.py:208} INFO - Processing /home/airflow/.local/lib/python3.12/site-packages/airflow/example_dags/example_inlet_event_extra.py took 0.742 seconds
[2025-03-16T19:17:17.875+0000] {processor.py:186} INFO - Started process (PID=90148) to work on /home/airflow/.local/lib/python3.12/site-packages/airflow/example_dags/example_inlet_event_extra.py
[2025-03-16T19:17:17.876+0000] {processor.py:914} INFO - Processing file /home/airflow/.local/lib/python3.12/site-packages/airflow/example_dags/example_inlet_event_extra.py for tasks to queue
[2025-03-16T19:17:17.878+0000] {logging_mixin.py:190} INFO - [2025-03-16T19:17:17.877+0000] {dagbag.py:588} INFO - Filling up the DagBag from /home/airflow/.local/lib/python3.12/site-packages/airflow/example_dags/example_inlet_event_extra.py
[2025-03-16T19:17:18.525+0000] {processor.py:925} INFO - DAG(s) 'read_dataset_event', 'read_dataset_event_from_classic' retrieved from /home/airflow/.local/lib/python3.12/site-packages/airflow/example_dags/example_inlet_event_extra.py
[2025-03-16T19:17:18.561+0000] {logging_mixin.py:190} INFO - [2025-03-16T19:17:18.560+0000] {dag.py:3239} INFO - Sync 2 DAGs
[2025-03-16T19:17:18.594+0000] {logging_mixin.py:190} INFO - [2025-03-16T19:17:18.594+0000] {dag.py:4180} INFO - Setting next_dagrun for read_dataset_event to 2025-03-15 00:00:00+00:00, run_after=2025-03-16 00:00:00+00:00
[2025-03-16T19:17:18.602+0000] {logging_mixin.py:190} INFO - [2025-03-16T19:17:18.602+0000] {dag.py:4180} INFO - Setting next_dagrun for read_dataset_event_from_classic to 2025-03-15 00:00:00+00:00, run_after=2025-03-16 00:00:00+00:00
[2025-03-16T19:17:18.628+0000] {processor.py:208} INFO - Processing /home/airflow/.local/lib/python3.12/site-packages/airflow/example_dags/example_inlet_event_extra.py took 0.762 seconds
[2025-03-16T19:17:49.555+0000] {processor.py:186} INFO - Started process (PID=90213) to work on /home/airflow/.local/lib/python3.12/site-packages/airflow/example_dags/example_inlet_event_extra.py
[2025-03-16T19:17:49.557+0000] {processor.py:914} INFO - Processing file /home/airflow/.local/lib/python3.12/site-packages/airflow/example_dags/example_inlet_event_extra.py for tasks to queue
[2025-03-16T19:17:49.559+0000] {logging_mixin.py:190} INFO - [2025-03-16T19:17:49.559+0000] {dagbag.py:588} INFO - Filling up the DagBag from /home/airflow/.local/lib/python3.12/site-packages/airflow/example_dags/example_inlet_event_extra.py
[2025-03-16T19:17:50.125+0000] {processor.py:925} INFO - DAG(s) 'read_dataset_event', 'read_dataset_event_from_classic' retrieved from /home/airflow/.local/lib/python3.12/site-packages/airflow/example_dags/example_inlet_event_extra.py
[2025-03-16T19:17:50.154+0000] {logging_mixin.py:190} INFO - [2025-03-16T19:17:50.153+0000] {dag.py:3239} INFO - Sync 2 DAGs
[2025-03-16T19:17:50.191+0000] {logging_mixin.py:190} INFO - [2025-03-16T19:17:50.190+0000] {dag.py:4180} INFO - Setting next_dagrun for read_dataset_event to 2025-03-15 00:00:00+00:00, run_after=2025-03-16 00:00:00+00:00
[2025-03-16T19:17:50.199+0000] {logging_mixin.py:190} INFO - [2025-03-16T19:17:50.198+0000] {dag.py:4180} INFO - Setting next_dagrun for read_dataset_event_from_classic to 2025-03-15 00:00:00+00:00, run_after=2025-03-16 00:00:00+00:00
[2025-03-16T19:17:50.228+0000] {processor.py:208} INFO - Processing /home/airflow/.local/lib/python3.12/site-packages/airflow/example_dags/example_inlet_event_extra.py took 0.679 seconds
[2025-03-16T19:18:20.377+0000] {processor.py:186} INFO - Started process (PID=90274) to work on /home/airflow/.local/lib/python3.12/site-packages/airflow/example_dags/example_inlet_event_extra.py
[2025-03-16T19:18:20.378+0000] {processor.py:914} INFO - Processing file /home/airflow/.local/lib/python3.12/site-packages/airflow/example_dags/example_inlet_event_extra.py for tasks to queue
[2025-03-16T19:18:20.380+0000] {logging_mixin.py:190} INFO - [2025-03-16T19:18:20.379+0000] {dagbag.py:588} INFO - Filling up the DagBag from /home/airflow/.local/lib/python3.12/site-packages/airflow/example_dags/example_inlet_event_extra.py
[2025-03-16T19:18:20.998+0000] {processor.py:925} INFO - DAG(s) 'read_dataset_event', 'read_dataset_event_from_classic' retrieved from /home/airflow/.local/lib/python3.12/site-packages/airflow/example_dags/example_inlet_event_extra.py
[2025-03-16T19:18:21.031+0000] {logging_mixin.py:190} INFO - [2025-03-16T19:18:21.030+0000] {dag.py:3239} INFO - Sync 2 DAGs
[2025-03-16T19:18:21.064+0000] {logging_mixin.py:190} INFO - [2025-03-16T19:18:21.063+0000] {dag.py:4180} INFO - Setting next_dagrun for read_dataset_event to 2025-03-15 00:00:00+00:00, run_after=2025-03-16 00:00:00+00:00
[2025-03-16T19:18:21.072+0000] {logging_mixin.py:190} INFO - [2025-03-16T19:18:21.071+0000] {dag.py:4180} INFO - Setting next_dagrun for read_dataset_event_from_classic to 2025-03-15 00:00:00+00:00, run_after=2025-03-16 00:00:00+00:00
[2025-03-16T19:18:21.100+0000] {processor.py:208} INFO - Processing /home/airflow/.local/lib/python3.12/site-packages/airflow/example_dags/example_inlet_event_extra.py took 0.733 seconds
[2025-03-16T19:18:51.808+0000] {processor.py:186} INFO - Started process (PID=90340) to work on /home/airflow/.local/lib/python3.12/site-packages/airflow/example_dags/example_inlet_event_extra.py
[2025-03-16T19:18:51.813+0000] {processor.py:914} INFO - Processing file /home/airflow/.local/lib/python3.12/site-packages/airflow/example_dags/example_inlet_event_extra.py for tasks to queue
[2025-03-16T19:18:51.816+0000] {logging_mixin.py:190} INFO - [2025-03-16T19:18:51.816+0000] {dagbag.py:588} INFO - Filling up the DagBag from /home/airflow/.local/lib/python3.12/site-packages/airflow/example_dags/example_inlet_event_extra.py
[2025-03-16T19:18:52.498+0000] {processor.py:925} INFO - DAG(s) 'read_dataset_event_from_classic', 'read_dataset_event' retrieved from /home/airflow/.local/lib/python3.12/site-packages/airflow/example_dags/example_inlet_event_extra.py
[2025-03-16T19:18:52.529+0000] {logging_mixin.py:190} INFO - [2025-03-16T19:18:52.528+0000] {dag.py:3239} INFO - Sync 2 DAGs
[2025-03-16T19:18:52.564+0000] {logging_mixin.py:190} INFO - [2025-03-16T19:18:52.563+0000] {dag.py:4180} INFO - Setting next_dagrun for read_dataset_event to 2025-03-15 00:00:00+00:00, run_after=2025-03-16 00:00:00+00:00
[2025-03-16T19:18:52.571+0000] {logging_mixin.py:190} INFO - [2025-03-16T19:18:52.571+0000] {dag.py:4180} INFO - Setting next_dagrun for read_dataset_event_from_classic to 2025-03-15 00:00:00+00:00, run_after=2025-03-16 00:00:00+00:00
[2025-03-16T19:18:52.593+0000] {processor.py:208} INFO - Processing /home/airflow/.local/lib/python3.12/site-packages/airflow/example_dags/example_inlet_event_extra.py took 0.799 seconds
[2025-03-16T19:19:22.813+0000] {processor.py:186} INFO - Started process (PID=90403) to work on /home/airflow/.local/lib/python3.12/site-packages/airflow/example_dags/example_inlet_event_extra.py
[2025-03-16T19:19:22.815+0000] {processor.py:914} INFO - Processing file /home/airflow/.local/lib/python3.12/site-packages/airflow/example_dags/example_inlet_event_extra.py for tasks to queue
[2025-03-16T19:19:22.817+0000] {logging_mixin.py:190} INFO - [2025-03-16T19:19:22.816+0000] {dagbag.py:588} INFO - Filling up the DagBag from /home/airflow/.local/lib/python3.12/site-packages/airflow/example_dags/example_inlet_event_extra.py
[2025-03-16T19:19:23.470+0000] {processor.py:925} INFO - DAG(s) 'read_dataset_event', 'read_dataset_event_from_classic' retrieved from /home/airflow/.local/lib/python3.12/site-packages/airflow/example_dags/example_inlet_event_extra.py
[2025-03-16T19:19:23.503+0000] {logging_mixin.py:190} INFO - [2025-03-16T19:19:23.503+0000] {dag.py:3239} INFO - Sync 2 DAGs
[2025-03-16T19:19:23.536+0000] {logging_mixin.py:190} INFO - [2025-03-16T19:19:23.536+0000] {dag.py:4180} INFO - Setting next_dagrun for read_dataset_event to 2025-03-15 00:00:00+00:00, run_after=2025-03-16 00:00:00+00:00
[2025-03-16T19:19:23.546+0000] {logging_mixin.py:190} INFO - [2025-03-16T19:19:23.546+0000] {dag.py:4180} INFO - Setting next_dagrun for read_dataset_event_from_classic to 2025-03-15 00:00:00+00:00, run_after=2025-03-16 00:00:00+00:00
[2025-03-16T19:19:23.575+0000] {processor.py:208} INFO - Processing /home/airflow/.local/lib/python3.12/site-packages/airflow/example_dags/example_inlet_event_extra.py took 0.769 seconds
[2025-03-16T19:19:54.118+0000] {processor.py:186} INFO - Started process (PID=90467) to work on /home/airflow/.local/lib/python3.12/site-packages/airflow/example_dags/example_inlet_event_extra.py
[2025-03-16T19:19:54.119+0000] {processor.py:914} INFO - Processing file /home/airflow/.local/lib/python3.12/site-packages/airflow/example_dags/example_inlet_event_extra.py for tasks to queue
[2025-03-16T19:19:54.121+0000] {logging_mixin.py:190} INFO - [2025-03-16T19:19:54.121+0000] {dagbag.py:588} INFO - Filling up the DagBag from /home/airflow/.local/lib/python3.12/site-packages/airflow/example_dags/example_inlet_event_extra.py
[2025-03-16T19:19:54.764+0000] {processor.py:925} INFO - DAG(s) 'read_dataset_event_from_classic', 'read_dataset_event' retrieved from /home/airflow/.local/lib/python3.12/site-packages/airflow/example_dags/example_inlet_event_extra.py
[2025-03-16T19:19:54.798+0000] {logging_mixin.py:190} INFO - [2025-03-16T19:19:54.797+0000] {dag.py:3239} INFO - Sync 2 DAGs
[2025-03-16T19:19:54.832+0000] {logging_mixin.py:190} INFO - [2025-03-16T19:19:54.831+0000] {dag.py:4180} INFO - Setting next_dagrun for read_dataset_event to 2025-03-15 00:00:00+00:00, run_after=2025-03-16 00:00:00+00:00
[2025-03-16T19:19:54.840+0000] {logging_mixin.py:190} INFO - [2025-03-16T19:19:54.840+0000] {dag.py:4180} INFO - Setting next_dagrun for read_dataset_event_from_classic to 2025-03-15 00:00:00+00:00, run_after=2025-03-16 00:00:00+00:00
[2025-03-16T19:19:54.870+0000] {processor.py:208} INFO - Processing /home/airflow/.local/lib/python3.12/site-packages/airflow/example_dags/example_inlet_event_extra.py took 0.762 seconds
[2025-03-16T19:20:25.020+0000] {processor.py:186} INFO - Started process (PID=90536) to work on /home/airflow/.local/lib/python3.12/site-packages/airflow/example_dags/example_inlet_event_extra.py
[2025-03-16T19:20:25.022+0000] {processor.py:914} INFO - Processing file /home/airflow/.local/lib/python3.12/site-packages/airflow/example_dags/example_inlet_event_extra.py for tasks to queue
[2025-03-16T19:20:25.023+0000] {logging_mixin.py:190} INFO - [2025-03-16T19:20:25.023+0000] {dagbag.py:588} INFO - Filling up the DagBag from /home/airflow/.local/lib/python3.12/site-packages/airflow/example_dags/example_inlet_event_extra.py
[2025-03-16T19:20:25.721+0000] {processor.py:925} INFO - DAG(s) 'read_dataset_event_from_classic', 'read_dataset_event' retrieved from /home/airflow/.local/lib/python3.12/site-packages/airflow/example_dags/example_inlet_event_extra.py
[2025-03-16T19:20:25.758+0000] {logging_mixin.py:190} INFO - [2025-03-16T19:20:25.757+0000] {dag.py:3239} INFO - Sync 2 DAGs
[2025-03-16T19:20:25.797+0000] {logging_mixin.py:190} INFO - [2025-03-16T19:20:25.797+0000] {dag.py:4180} INFO - Setting next_dagrun for read_dataset_event to 2025-03-15 00:00:00+00:00, run_after=2025-03-16 00:00:00+00:00
[2025-03-16T19:20:25.807+0000] {logging_mixin.py:190} INFO - [2025-03-16T19:20:25.806+0000] {dag.py:4180} INFO - Setting next_dagrun for read_dataset_event_from_classic to 2025-03-15 00:00:00+00:00, run_after=2025-03-16 00:00:00+00:00
[2025-03-16T19:20:25.836+0000] {processor.py:208} INFO - Processing /home/airflow/.local/lib/python3.12/site-packages/airflow/example_dags/example_inlet_event_extra.py took 0.824 seconds
[2025-03-16T19:20:56.590+0000] {processor.py:186} INFO - Started process (PID=90601) to work on /home/airflow/.local/lib/python3.12/site-packages/airflow/example_dags/example_inlet_event_extra.py
[2025-03-16T19:20:56.591+0000] {processor.py:914} INFO - Processing file /home/airflow/.local/lib/python3.12/site-packages/airflow/example_dags/example_inlet_event_extra.py for tasks to queue
[2025-03-16T19:20:56.593+0000] {logging_mixin.py:190} INFO - [2025-03-16T19:20:56.593+0000] {dagbag.py:588} INFO - Filling up the DagBag from /home/airflow/.local/lib/python3.12/site-packages/airflow/example_dags/example_inlet_event_extra.py
[2025-03-16T19:20:57.243+0000] {processor.py:925} INFO - DAG(s) 'read_dataset_event', 'read_dataset_event_from_classic' retrieved from /home/airflow/.local/lib/python3.12/site-packages/airflow/example_dags/example_inlet_event_extra.py
[2025-03-16T19:20:57.274+0000] {logging_mixin.py:190} INFO - [2025-03-16T19:20:57.274+0000] {dag.py:3239} INFO - Sync 2 DAGs
[2025-03-16T19:20:57.308+0000] {logging_mixin.py:190} INFO - [2025-03-16T19:20:57.308+0000] {dag.py:4180} INFO - Setting next_dagrun for read_dataset_event to 2025-03-15 00:00:00+00:00, run_after=2025-03-16 00:00:00+00:00
[2025-03-16T19:20:57.317+0000] {logging_mixin.py:190} INFO - [2025-03-16T19:20:57.316+0000] {dag.py:4180} INFO - Setting next_dagrun for read_dataset_event_from_classic to 2025-03-15 00:00:00+00:00, run_after=2025-03-16 00:00:00+00:00
[2025-03-16T19:20:57.341+0000] {processor.py:208} INFO - Processing /home/airflow/.local/lib/python3.12/site-packages/airflow/example_dags/example_inlet_event_extra.py took 0.758 seconds
[2025-03-16T19:21:28.024+0000] {processor.py:186} INFO - Started process (PID=90666) to work on /home/airflow/.local/lib/python3.12/site-packages/airflow/example_dags/example_inlet_event_extra.py
[2025-03-16T19:21:28.027+0000] {processor.py:914} INFO - Processing file /home/airflow/.local/lib/python3.12/site-packages/airflow/example_dags/example_inlet_event_extra.py for tasks to queue
[2025-03-16T19:21:28.029+0000] {logging_mixin.py:190} INFO - [2025-03-16T19:21:28.029+0000] {dagbag.py:588} INFO - Filling up the DagBag from /home/airflow/.local/lib/python3.12/site-packages/airflow/example_dags/example_inlet_event_extra.py
[2025-03-16T19:21:28.596+0000] {processor.py:925} INFO - DAG(s) 'read_dataset_event', 'read_dataset_event_from_classic' retrieved from /home/airflow/.local/lib/python3.12/site-packages/airflow/example_dags/example_inlet_event_extra.py
[2025-03-16T19:21:28.629+0000] {logging_mixin.py:190} INFO - [2025-03-16T19:21:28.629+0000] {dag.py:3239} INFO - Sync 2 DAGs
[2025-03-16T19:21:28.656+0000] {logging_mixin.py:190} INFO - [2025-03-16T19:21:28.655+0000] {dag.py:4180} INFO - Setting next_dagrun for read_dataset_event to 2025-03-15 00:00:00+00:00, run_after=2025-03-16 00:00:00+00:00
[2025-03-16T19:21:28.663+0000] {logging_mixin.py:190} INFO - [2025-03-16T19:21:28.663+0000] {dag.py:4180} INFO - Setting next_dagrun for read_dataset_event_from_classic to 2025-03-15 00:00:00+00:00, run_after=2025-03-16 00:00:00+00:00
[2025-03-16T19:21:28.689+0000] {processor.py:208} INFO - Processing /home/airflow/.local/lib/python3.12/site-packages/airflow/example_dags/example_inlet_event_extra.py took 0.673 seconds
[2025-03-16T19:21:59.385+0000] {processor.py:186} INFO - Started process (PID=90730) to work on /home/airflow/.local/lib/python3.12/site-packages/airflow/example_dags/example_inlet_event_extra.py
[2025-03-16T19:21:59.386+0000] {processor.py:914} INFO - Processing file /home/airflow/.local/lib/python3.12/site-packages/airflow/example_dags/example_inlet_event_extra.py for tasks to queue
[2025-03-16T19:21:59.388+0000] {logging_mixin.py:190} INFO - [2025-03-16T19:21:59.388+0000] {dagbag.py:588} INFO - Filling up the DagBag from /home/airflow/.local/lib/python3.12/site-packages/airflow/example_dags/example_inlet_event_extra.py
[2025-03-16T19:21:59.952+0000] {processor.py:925} INFO - DAG(s) 'read_dataset_event_from_classic', 'read_dataset_event' retrieved from /home/airflow/.local/lib/python3.12/site-packages/airflow/example_dags/example_inlet_event_extra.py
[2025-03-16T19:21:59.984+0000] {logging_mixin.py:190} INFO - [2025-03-16T19:21:59.983+0000] {dag.py:3239} INFO - Sync 2 DAGs
[2025-03-16T19:22:00.018+0000] {logging_mixin.py:190} INFO - [2025-03-16T19:22:00.017+0000] {dag.py:4180} INFO - Setting next_dagrun for read_dataset_event to 2025-03-15 00:00:00+00:00, run_after=2025-03-16 00:00:00+00:00
[2025-03-16T19:22:00.025+0000] {logging_mixin.py:190} INFO - [2025-03-16T19:22:00.024+0000] {dag.py:4180} INFO - Setting next_dagrun for read_dataset_event_from_classic to 2025-03-15 00:00:00+00:00, run_after=2025-03-16 00:00:00+00:00
[2025-03-16T19:22:00.060+0000] {processor.py:208} INFO - Processing /home/airflow/.local/lib/python3.12/site-packages/airflow/example_dags/example_inlet_event_extra.py took 0.683 seconds
[2025-03-16T19:22:31.576+0000] {processor.py:186} INFO - Started process (PID=90794) to work on /home/airflow/.local/lib/python3.12/site-packages/airflow/example_dags/example_inlet_event_extra.py
[2025-03-16T19:22:31.578+0000] {processor.py:914} INFO - Processing file /home/airflow/.local/lib/python3.12/site-packages/airflow/example_dags/example_inlet_event_extra.py for tasks to queue
[2025-03-16T19:22:31.580+0000] {logging_mixin.py:190} INFO - [2025-03-16T19:22:31.580+0000] {dagbag.py:588} INFO - Filling up the DagBag from /home/airflow/.local/lib/python3.12/site-packages/airflow/example_dags/example_inlet_event_extra.py
[2025-03-16T19:22:32.482+0000] {processor.py:925} INFO - DAG(s) 'read_dataset_event_from_classic', 'read_dataset_event' retrieved from /home/airflow/.local/lib/python3.12/site-packages/airflow/example_dags/example_inlet_event_extra.py
[2025-03-16T19:22:32.521+0000] {logging_mixin.py:190} INFO - [2025-03-16T19:22:32.521+0000] {dag.py:3239} INFO - Sync 2 DAGs
[2025-03-16T19:22:32.567+0000] {logging_mixin.py:190} INFO - [2025-03-16T19:22:32.566+0000] {dag.py:4180} INFO - Setting next_dagrun for read_dataset_event to 2025-03-15 00:00:00+00:00, run_after=2025-03-16 00:00:00+00:00
[2025-03-16T19:22:32.579+0000] {logging_mixin.py:190} INFO - [2025-03-16T19:22:32.579+0000] {dag.py:4180} INFO - Setting next_dagrun for read_dataset_event_from_classic to 2025-03-15 00:00:00+00:00, run_after=2025-03-16 00:00:00+00:00
[2025-03-16T19:22:32.619+0000] {processor.py:208} INFO - Processing /home/airflow/.local/lib/python3.12/site-packages/airflow/example_dags/example_inlet_event_extra.py took 1.046 seconds
[2025-03-16T19:23:03.321+0000] {processor.py:186} INFO - Started process (PID=90861) to work on /home/airflow/.local/lib/python3.12/site-packages/airflow/example_dags/example_inlet_event_extra.py
[2025-03-16T19:23:03.322+0000] {processor.py:914} INFO - Processing file /home/airflow/.local/lib/python3.12/site-packages/airflow/example_dags/example_inlet_event_extra.py for tasks to queue
[2025-03-16T19:23:03.325+0000] {logging_mixin.py:190} INFO - [2025-03-16T19:23:03.325+0000] {dagbag.py:588} INFO - Filling up the DagBag from /home/airflow/.local/lib/python3.12/site-packages/airflow/example_dags/example_inlet_event_extra.py
[2025-03-16T19:23:04.160+0000] {processor.py:925} INFO - DAG(s) 'read_dataset_event', 'read_dataset_event_from_classic' retrieved from /home/airflow/.local/lib/python3.12/site-packages/airflow/example_dags/example_inlet_event_extra.py
[2025-03-16T19:23:04.199+0000] {logging_mixin.py:190} INFO - [2025-03-16T19:23:04.197+0000] {dag.py:3239} INFO - Sync 2 DAGs
[2025-03-16T19:23:04.246+0000] {logging_mixin.py:190} INFO - [2025-03-16T19:23:04.245+0000] {dag.py:4180} INFO - Setting next_dagrun for read_dataset_event to 2025-03-15 00:00:00+00:00, run_after=2025-03-16 00:00:00+00:00
[2025-03-16T19:23:04.258+0000] {logging_mixin.py:190} INFO - [2025-03-16T19:23:04.257+0000] {dag.py:4180} INFO - Setting next_dagrun for read_dataset_event_from_classic to 2025-03-15 00:00:00+00:00, run_after=2025-03-16 00:00:00+00:00
[2025-03-16T19:23:04.290+0000] {processor.py:208} INFO - Processing /home/airflow/.local/lib/python3.12/site-packages/airflow/example_dags/example_inlet_event_extra.py took 0.980 seconds
[2025-03-16T19:23:34.983+0000] {processor.py:186} INFO - Started process (PID=90924) to work on /home/airflow/.local/lib/python3.12/site-packages/airflow/example_dags/example_inlet_event_extra.py
[2025-03-16T19:23:34.985+0000] {processor.py:914} INFO - Processing file /home/airflow/.local/lib/python3.12/site-packages/airflow/example_dags/example_inlet_event_extra.py for tasks to queue
[2025-03-16T19:23:34.987+0000] {logging_mixin.py:190} INFO - [2025-03-16T19:23:34.986+0000] {dagbag.py:588} INFO - Filling up the DagBag from /home/airflow/.local/lib/python3.12/site-packages/airflow/example_dags/example_inlet_event_extra.py
[2025-03-16T19:23:35.808+0000] {processor.py:925} INFO - DAG(s) 'read_dataset_event_from_classic', 'read_dataset_event' retrieved from /home/airflow/.local/lib/python3.12/site-packages/airflow/example_dags/example_inlet_event_extra.py
[2025-03-16T19:23:35.854+0000] {logging_mixin.py:190} INFO - [2025-03-16T19:23:35.854+0000] {dag.py:3239} INFO - Sync 2 DAGs
[2025-03-16T19:23:35.906+0000] {logging_mixin.py:190} INFO - [2025-03-16T19:23:35.905+0000] {dag.py:4180} INFO - Setting next_dagrun for read_dataset_event to 2025-03-15 00:00:00+00:00, run_after=2025-03-16 00:00:00+00:00
[2025-03-16T19:23:35.918+0000] {logging_mixin.py:190} INFO - [2025-03-16T19:23:35.917+0000] {dag.py:4180} INFO - Setting next_dagrun for read_dataset_event_from_classic to 2025-03-15 00:00:00+00:00, run_after=2025-03-16 00:00:00+00:00
[2025-03-16T19:23:35.949+0000] {processor.py:208} INFO - Processing /home/airflow/.local/lib/python3.12/site-packages/airflow/example_dags/example_inlet_event_extra.py took 0.977 seconds
[2025-03-16T19:24:07.152+0000] {processor.py:186} INFO - Started process (PID=90994) to work on /home/airflow/.local/lib/python3.12/site-packages/airflow/example_dags/example_inlet_event_extra.py
[2025-03-16T19:24:07.154+0000] {processor.py:914} INFO - Processing file /home/airflow/.local/lib/python3.12/site-packages/airflow/example_dags/example_inlet_event_extra.py for tasks to queue
[2025-03-16T19:24:07.157+0000] {logging_mixin.py:190} INFO - [2025-03-16T19:24:07.156+0000] {dagbag.py:588} INFO - Filling up the DagBag from /home/airflow/.local/lib/python3.12/site-packages/airflow/example_dags/example_inlet_event_extra.py
[2025-03-16T19:24:08.061+0000] {processor.py:925} INFO - DAG(s) 'read_dataset_event', 'read_dataset_event_from_classic' retrieved from /home/airflow/.local/lib/python3.12/site-packages/airflow/example_dags/example_inlet_event_extra.py
[2025-03-16T19:24:08.102+0000] {logging_mixin.py:190} INFO - [2025-03-16T19:24:08.101+0000] {dag.py:3239} INFO - Sync 2 DAGs
[2025-03-16T19:24:08.151+0000] {logging_mixin.py:190} INFO - [2025-03-16T19:24:08.150+0000] {dag.py:4180} INFO - Setting next_dagrun for read_dataset_event to 2025-03-15 00:00:00+00:00, run_after=2025-03-16 00:00:00+00:00
[2025-03-16T19:24:08.162+0000] {logging_mixin.py:190} INFO - [2025-03-16T19:24:08.161+0000] {dag.py:4180} INFO - Setting next_dagrun for read_dataset_event_from_classic to 2025-03-15 00:00:00+00:00, run_after=2025-03-16 00:00:00+00:00
[2025-03-16T19:24:08.199+0000] {processor.py:208} INFO - Processing /home/airflow/.local/lib/python3.12/site-packages/airflow/example_dags/example_inlet_event_extra.py took 1.057 seconds
[2025-03-16T19:24:39.891+0000] {processor.py:186} INFO - Started process (PID=91065) to work on /home/airflow/.local/lib/python3.12/site-packages/airflow/example_dags/example_inlet_event_extra.py
[2025-03-16T19:24:39.892+0000] {processor.py:914} INFO - Processing file /home/airflow/.local/lib/python3.12/site-packages/airflow/example_dags/example_inlet_event_extra.py for tasks to queue
[2025-03-16T19:24:39.895+0000] {logging_mixin.py:190} INFO - [2025-03-16T19:24:39.894+0000] {dagbag.py:588} INFO - Filling up the DagBag from /home/airflow/.local/lib/python3.12/site-packages/airflow/example_dags/example_inlet_event_extra.py
[2025-03-16T19:24:40.779+0000] {processor.py:925} INFO - DAG(s) 'read_dataset_event_from_classic', 'read_dataset_event' retrieved from /home/airflow/.local/lib/python3.12/site-packages/airflow/example_dags/example_inlet_event_extra.py
[2025-03-16T19:24:40.823+0000] {logging_mixin.py:190} INFO - [2025-03-16T19:24:40.821+0000] {dag.py:3239} INFO - Sync 2 DAGs
[2025-03-16T19:24:40.867+0000] {logging_mixin.py:190} INFO - [2025-03-16T19:24:40.866+0000] {dag.py:4180} INFO - Setting next_dagrun for read_dataset_event to 2025-03-15 00:00:00+00:00, run_after=2025-03-16 00:00:00+00:00
[2025-03-16T19:24:40.878+0000] {logging_mixin.py:190} INFO - [2025-03-16T19:24:40.878+0000] {dag.py:4180} INFO - Setting next_dagrun for read_dataset_event_from_classic to 2025-03-15 00:00:00+00:00, run_after=2025-03-16 00:00:00+00:00
[2025-03-16T19:24:40.911+0000] {processor.py:208} INFO - Processing /home/airflow/.local/lib/python3.12/site-packages/airflow/example_dags/example_inlet_event_extra.py took 1.033 seconds
[2025-03-16T19:25:12.727+0000] {processor.py:186} INFO - Started process (PID=91135) to work on /home/airflow/.local/lib/python3.12/site-packages/airflow/example_dags/example_inlet_event_extra.py
[2025-03-16T19:25:12.728+0000] {processor.py:914} INFO - Processing file /home/airflow/.local/lib/python3.12/site-packages/airflow/example_dags/example_inlet_event_extra.py for tasks to queue
[2025-03-16T19:25:12.730+0000] {logging_mixin.py:190} INFO - [2025-03-16T19:25:12.730+0000] {dagbag.py:588} INFO - Filling up the DagBag from /home/airflow/.local/lib/python3.12/site-packages/airflow/example_dags/example_inlet_event_extra.py
[2025-03-16T19:25:13.623+0000] {processor.py:925} INFO - DAG(s) 'read_dataset_event', 'read_dataset_event_from_classic' retrieved from /home/airflow/.local/lib/python3.12/site-packages/airflow/example_dags/example_inlet_event_extra.py
[2025-03-16T19:25:13.670+0000] {logging_mixin.py:190} INFO - [2025-03-16T19:25:13.669+0000] {dag.py:3239} INFO - Sync 2 DAGs
[2025-03-16T19:25:13.718+0000] {logging_mixin.py:190} INFO - [2025-03-16T19:25:13.718+0000] {dag.py:4180} INFO - Setting next_dagrun for read_dataset_event to 2025-03-15 00:00:00+00:00, run_after=2025-03-16 00:00:00+00:00
[2025-03-16T19:25:13.731+0000] {logging_mixin.py:190} INFO - [2025-03-16T19:25:13.731+0000] {dag.py:4180} INFO - Setting next_dagrun for read_dataset_event_from_classic to 2025-03-15 00:00:00+00:00, run_after=2025-03-16 00:00:00+00:00
[2025-03-16T19:25:13.765+0000] {processor.py:208} INFO - Processing /home/airflow/.local/lib/python3.12/site-packages/airflow/example_dags/example_inlet_event_extra.py took 1.050 seconds
[2025-03-16T19:25:44.430+0000] {processor.py:186} INFO - Started process (PID=91202) to work on /home/airflow/.local/lib/python3.12/site-packages/airflow/example_dags/example_inlet_event_extra.py
[2025-03-16T19:25:44.433+0000] {processor.py:914} INFO - Processing file /home/airflow/.local/lib/python3.12/site-packages/airflow/example_dags/example_inlet_event_extra.py for tasks to queue
[2025-03-16T19:25:44.435+0000] {logging_mixin.py:190} INFO - [2025-03-16T19:25:44.434+0000] {dagbag.py:588} INFO - Filling up the DagBag from /home/airflow/.local/lib/python3.12/site-packages/airflow/example_dags/example_inlet_event_extra.py
[2025-03-16T19:25:45.365+0000] {processor.py:925} INFO - DAG(s) 'read_dataset_event_from_classic', 'read_dataset_event' retrieved from /home/airflow/.local/lib/python3.12/site-packages/airflow/example_dags/example_inlet_event_extra.py
[2025-03-16T19:25:45.407+0000] {logging_mixin.py:190} INFO - [2025-03-16T19:25:45.407+0000] {dag.py:3239} INFO - Sync 2 DAGs
[2025-03-16T19:25:45.458+0000] {logging_mixin.py:190} INFO - [2025-03-16T19:25:45.457+0000] {dag.py:4180} INFO - Setting next_dagrun for read_dataset_event to 2025-03-15 00:00:00+00:00, run_after=2025-03-16 00:00:00+00:00
[2025-03-16T19:25:45.470+0000] {logging_mixin.py:190} INFO - [2025-03-16T19:25:45.469+0000] {dag.py:4180} INFO - Setting next_dagrun for read_dataset_event_from_classic to 2025-03-15 00:00:00+00:00, run_after=2025-03-16 00:00:00+00:00
[2025-03-16T19:25:45.506+0000] {processor.py:208} INFO - Processing /home/airflow/.local/lib/python3.12/site-packages/airflow/example_dags/example_inlet_event_extra.py took 1.088 seconds
[2025-03-16T19:26:16.060+0000] {processor.py:186} INFO - Started process (PID=91269) to work on /home/airflow/.local/lib/python3.12/site-packages/airflow/example_dags/example_inlet_event_extra.py
[2025-03-16T19:26:16.062+0000] {processor.py:914} INFO - Processing file /home/airflow/.local/lib/python3.12/site-packages/airflow/example_dags/example_inlet_event_extra.py for tasks to queue
[2025-03-16T19:26:16.064+0000] {logging_mixin.py:190} INFO - [2025-03-16T19:26:16.063+0000] {dagbag.py:588} INFO - Filling up the DagBag from /home/airflow/.local/lib/python3.12/site-packages/airflow/example_dags/example_inlet_event_extra.py
[2025-03-16T19:26:16.867+0000] {processor.py:925} INFO - DAG(s) 'read_dataset_event_from_classic', 'read_dataset_event' retrieved from /home/airflow/.local/lib/python3.12/site-packages/airflow/example_dags/example_inlet_event_extra.py
[2025-03-16T19:26:16.902+0000] {logging_mixin.py:190} INFO - [2025-03-16T19:26:16.902+0000] {dag.py:3239} INFO - Sync 2 DAGs
[2025-03-16T19:26:16.951+0000] {logging_mixin.py:190} INFO - [2025-03-16T19:26:16.951+0000] {dag.py:4180} INFO - Setting next_dagrun for read_dataset_event to 2025-03-15 00:00:00+00:00, run_after=2025-03-16 00:00:00+00:00
[2025-03-16T19:26:16.960+0000] {logging_mixin.py:190} INFO - [2025-03-16T19:26:16.960+0000] {dag.py:4180} INFO - Setting next_dagrun for read_dataset_event_from_classic to 2025-03-15 00:00:00+00:00, run_after=2025-03-16 00:00:00+00:00
[2025-03-16T19:26:16.990+0000] {processor.py:208} INFO - Processing /home/airflow/.local/lib/python3.12/site-packages/airflow/example_dags/example_inlet_event_extra.py took 0.947 seconds
[2025-03-16T19:26:47.547+0000] {processor.py:186} INFO - Started process (PID=91336) to work on /home/airflow/.local/lib/python3.12/site-packages/airflow/example_dags/example_inlet_event_extra.py
[2025-03-16T19:26:47.549+0000] {processor.py:914} INFO - Processing file /home/airflow/.local/lib/python3.12/site-packages/airflow/example_dags/example_inlet_event_extra.py for tasks to queue
[2025-03-16T19:26:47.553+0000] {logging_mixin.py:190} INFO - [2025-03-16T19:26:47.552+0000] {dagbag.py:588} INFO - Filling up the DagBag from /home/airflow/.local/lib/python3.12/site-packages/airflow/example_dags/example_inlet_event_extra.py
[2025-03-16T19:26:48.288+0000] {processor.py:925} INFO - DAG(s) 'read_dataset_event', 'read_dataset_event_from_classic' retrieved from /home/airflow/.local/lib/python3.12/site-packages/airflow/example_dags/example_inlet_event_extra.py
[2025-03-16T19:26:48.322+0000] {logging_mixin.py:190} INFO - [2025-03-16T19:26:48.321+0000] {dag.py:3239} INFO - Sync 2 DAGs
[2025-03-16T19:26:48.361+0000] {logging_mixin.py:190} INFO - [2025-03-16T19:26:48.360+0000] {dag.py:4180} INFO - Setting next_dagrun for read_dataset_event to 2025-03-15 00:00:00+00:00, run_after=2025-03-16 00:00:00+00:00
[2025-03-16T19:26:48.371+0000] {logging_mixin.py:190} INFO - [2025-03-16T19:26:48.371+0000] {dag.py:4180} INFO - Setting next_dagrun for read_dataset_event_from_classic to 2025-03-15 00:00:00+00:00, run_after=2025-03-16 00:00:00+00:00
[2025-03-16T19:26:48.401+0000] {processor.py:208} INFO - Processing /home/airflow/.local/lib/python3.12/site-packages/airflow/example_dags/example_inlet_event_extra.py took 0.864 seconds
[2025-03-16T19:27:18.862+0000] {processor.py:186} INFO - Started process (PID=91402) to work on /home/airflow/.local/lib/python3.12/site-packages/airflow/example_dags/example_inlet_event_extra.py
[2025-03-16T19:27:18.864+0000] {processor.py:914} INFO - Processing file /home/airflow/.local/lib/python3.12/site-packages/airflow/example_dags/example_inlet_event_extra.py for tasks to queue
[2025-03-16T19:27:18.867+0000] {logging_mixin.py:190} INFO - [2025-03-16T19:27:18.866+0000] {dagbag.py:588} INFO - Filling up the DagBag from /home/airflow/.local/lib/python3.12/site-packages/airflow/example_dags/example_inlet_event_extra.py
[2025-03-16T19:27:19.621+0000] {processor.py:925} INFO - DAG(s) 'read_dataset_event_from_classic', 'read_dataset_event' retrieved from /home/airflow/.local/lib/python3.12/site-packages/airflow/example_dags/example_inlet_event_extra.py
[2025-03-16T19:27:19.661+0000] {logging_mixin.py:190} INFO - [2025-03-16T19:27:19.660+0000] {dag.py:3239} INFO - Sync 2 DAGs
[2025-03-16T19:27:19.706+0000] {logging_mixin.py:190} INFO - [2025-03-16T19:27:19.705+0000] {dag.py:4180} INFO - Setting next_dagrun for read_dataset_event to 2025-03-15 00:00:00+00:00, run_after=2025-03-16 00:00:00+00:00
[2025-03-16T19:27:19.715+0000] {logging_mixin.py:190} INFO - [2025-03-16T19:27:19.714+0000] {dag.py:4180} INFO - Setting next_dagrun for read_dataset_event_from_classic to 2025-03-15 00:00:00+00:00, run_after=2025-03-16 00:00:00+00:00
[2025-03-16T19:27:19.744+0000] {processor.py:208} INFO - Processing /home/airflow/.local/lib/python3.12/site-packages/airflow/example_dags/example_inlet_event_extra.py took 0.889 seconds
[2025-03-16T19:27:51.516+0000] {processor.py:186} INFO - Started process (PID=91469) to work on /home/airflow/.local/lib/python3.12/site-packages/airflow/example_dags/example_inlet_event_extra.py
[2025-03-16T19:27:51.518+0000] {processor.py:914} INFO - Processing file /home/airflow/.local/lib/python3.12/site-packages/airflow/example_dags/example_inlet_event_extra.py for tasks to queue
[2025-03-16T19:27:51.520+0000] {logging_mixin.py:190} INFO - [2025-03-16T19:27:51.520+0000] {dagbag.py:588} INFO - Filling up the DagBag from /home/airflow/.local/lib/python3.12/site-packages/airflow/example_dags/example_inlet_event_extra.py
[2025-03-16T19:27:52.391+0000] {processor.py:925} INFO - DAG(s) 'read_dataset_event_from_classic', 'read_dataset_event' retrieved from /home/airflow/.local/lib/python3.12/site-packages/airflow/example_dags/example_inlet_event_extra.py
[2025-03-16T19:27:52.443+0000] {logging_mixin.py:190} INFO - [2025-03-16T19:27:52.442+0000] {dag.py:3239} INFO - Sync 2 DAGs
[2025-03-16T19:27:52.490+0000] {logging_mixin.py:190} INFO - [2025-03-16T19:27:52.489+0000] {dag.py:4180} INFO - Setting next_dagrun for read_dataset_event to 2025-03-15 00:00:00+00:00, run_after=2025-03-16 00:00:00+00:00
[2025-03-16T19:27:52.500+0000] {logging_mixin.py:190} INFO - [2025-03-16T19:27:52.500+0000] {dag.py:4180} INFO - Setting next_dagrun for read_dataset_event_from_classic to 2025-03-15 00:00:00+00:00, run_after=2025-03-16 00:00:00+00:00
[2025-03-16T19:27:52.534+0000] {processor.py:208} INFO - Processing /home/airflow/.local/lib/python3.12/site-packages/airflow/example_dags/example_inlet_event_extra.py took 1.030 seconds
[2025-03-16T19:28:22.767+0000] {processor.py:186} INFO - Started process (PID=91529) to work on /home/airflow/.local/lib/python3.12/site-packages/airflow/example_dags/example_inlet_event_extra.py
[2025-03-16T19:28:22.770+0000] {processor.py:914} INFO - Processing file /home/airflow/.local/lib/python3.12/site-packages/airflow/example_dags/example_inlet_event_extra.py for tasks to queue
[2025-03-16T19:28:22.773+0000] {logging_mixin.py:190} INFO - [2025-03-16T19:28:22.772+0000] {dagbag.py:588} INFO - Filling up the DagBag from /home/airflow/.local/lib/python3.12/site-packages/airflow/example_dags/example_inlet_event_extra.py
[2025-03-16T19:28:23.650+0000] {processor.py:925} INFO - DAG(s) 'read_dataset_event_from_classic', 'read_dataset_event' retrieved from /home/airflow/.local/lib/python3.12/site-packages/airflow/example_dags/example_inlet_event_extra.py
[2025-03-16T19:28:23.696+0000] {logging_mixin.py:190} INFO - [2025-03-16T19:28:23.696+0000] {dag.py:3239} INFO - Sync 2 DAGs
[2025-03-16T19:28:23.742+0000] {logging_mixin.py:190} INFO - [2025-03-16T19:28:23.741+0000] {dag.py:4180} INFO - Setting next_dagrun for read_dataset_event to 2025-03-15 00:00:00+00:00, run_after=2025-03-16 00:00:00+00:00
[2025-03-16T19:28:23.750+0000] {logging_mixin.py:190} INFO - [2025-03-16T19:28:23.750+0000] {dag.py:4180} INFO - Setting next_dagrun for read_dataset_event_from_classic to 2025-03-15 00:00:00+00:00, run_after=2025-03-16 00:00:00+00:00
[2025-03-16T19:28:23.782+0000] {processor.py:208} INFO - Processing /home/airflow/.local/lib/python3.12/site-packages/airflow/example_dags/example_inlet_event_extra.py took 1.024 seconds
[2025-03-16T19:28:54.460+0000] {processor.py:186} INFO - Started process (PID=91594) to work on /home/airflow/.local/lib/python3.12/site-packages/airflow/example_dags/example_inlet_event_extra.py
[2025-03-16T19:28:54.461+0000] {processor.py:914} INFO - Processing file /home/airflow/.local/lib/python3.12/site-packages/airflow/example_dags/example_inlet_event_extra.py for tasks to queue
[2025-03-16T19:28:54.465+0000] {logging_mixin.py:190} INFO - [2025-03-16T19:28:54.463+0000] {dagbag.py:588} INFO - Filling up the DagBag from /home/airflow/.local/lib/python3.12/site-packages/airflow/example_dags/example_inlet_event_extra.py
[2025-03-16T19:28:55.360+0000] {processor.py:925} INFO - DAG(s) 'read_dataset_event_from_classic', 'read_dataset_event' retrieved from /home/airflow/.local/lib/python3.12/site-packages/airflow/example_dags/example_inlet_event_extra.py
[2025-03-16T19:28:55.410+0000] {logging_mixin.py:190} INFO - [2025-03-16T19:28:55.409+0000] {dag.py:3239} INFO - Sync 2 DAGs
[2025-03-16T19:28:55.466+0000] {logging_mixin.py:190} INFO - [2025-03-16T19:28:55.466+0000] {dag.py:4180} INFO - Setting next_dagrun for read_dataset_event to 2025-03-15 00:00:00+00:00, run_after=2025-03-16 00:00:00+00:00
[2025-03-16T19:28:55.479+0000] {logging_mixin.py:190} INFO - [2025-03-16T19:28:55.478+0000] {dag.py:4180} INFO - Setting next_dagrun for read_dataset_event_from_classic to 2025-03-15 00:00:00+00:00, run_after=2025-03-16 00:00:00+00:00
[2025-03-16T19:28:55.514+0000] {processor.py:208} INFO - Processing /home/airflow/.local/lib/python3.12/site-packages/airflow/example_dags/example_inlet_event_extra.py took 1.064 seconds
[2025-03-16T19:29:25.811+0000] {processor.py:186} INFO - Started process (PID=91659) to work on /home/airflow/.local/lib/python3.12/site-packages/airflow/example_dags/example_inlet_event_extra.py
[2025-03-16T19:29:25.813+0000] {processor.py:914} INFO - Processing file /home/airflow/.local/lib/python3.12/site-packages/airflow/example_dags/example_inlet_event_extra.py for tasks to queue
[2025-03-16T19:29:25.815+0000] {logging_mixin.py:190} INFO - [2025-03-16T19:29:25.815+0000] {dagbag.py:588} INFO - Filling up the DagBag from /home/airflow/.local/lib/python3.12/site-packages/airflow/example_dags/example_inlet_event_extra.py
[2025-03-16T19:29:26.863+0000] {processor.py:925} INFO - DAG(s) 'read_dataset_event', 'read_dataset_event_from_classic' retrieved from /home/airflow/.local/lib/python3.12/site-packages/airflow/example_dags/example_inlet_event_extra.py
[2025-03-16T19:29:26.901+0000] {logging_mixin.py:190} INFO - [2025-03-16T19:29:26.901+0000] {dag.py:3239} INFO - Sync 2 DAGs
[2025-03-16T19:29:26.949+0000] {logging_mixin.py:190} INFO - [2025-03-16T19:29:26.948+0000] {dag.py:4180} INFO - Setting next_dagrun for read_dataset_event to 2025-03-15 00:00:00+00:00, run_after=2025-03-16 00:00:00+00:00
[2025-03-16T19:29:26.962+0000] {logging_mixin.py:190} INFO - [2025-03-16T19:29:26.962+0000] {dag.py:4180} INFO - Setting next_dagrun for read_dataset_event_from_classic to 2025-03-15 00:00:00+00:00, run_after=2025-03-16 00:00:00+00:00
[2025-03-16T19:29:26.996+0000] {processor.py:208} INFO - Processing /home/airflow/.local/lib/python3.12/site-packages/airflow/example_dags/example_inlet_event_extra.py took 1.195 seconds
[2025-03-16T19:29:57.824+0000] {processor.py:186} INFO - Started process (PID=91729) to work on /home/airflow/.local/lib/python3.12/site-packages/airflow/example_dags/example_inlet_event_extra.py
[2025-03-16T19:29:57.826+0000] {processor.py:914} INFO - Processing file /home/airflow/.local/lib/python3.12/site-packages/airflow/example_dags/example_inlet_event_extra.py for tasks to queue
[2025-03-16T19:29:57.830+0000] {logging_mixin.py:190} INFO - [2025-03-16T19:29:57.829+0000] {dagbag.py:588} INFO - Filling up the DagBag from /home/airflow/.local/lib/python3.12/site-packages/airflow/example_dags/example_inlet_event_extra.py
[2025-03-16T19:29:58.798+0000] {processor.py:925} INFO - DAG(s) 'read_dataset_event_from_classic', 'read_dataset_event' retrieved from /home/airflow/.local/lib/python3.12/site-packages/airflow/example_dags/example_inlet_event_extra.py
[2025-03-16T19:29:58.838+0000] {logging_mixin.py:190} INFO - [2025-03-16T19:29:58.837+0000] {dag.py:3239} INFO - Sync 2 DAGs
[2025-03-16T19:29:58.885+0000] {logging_mixin.py:190} INFO - [2025-03-16T19:29:58.884+0000] {dag.py:4180} INFO - Setting next_dagrun for read_dataset_event to 2025-03-15 00:00:00+00:00, run_after=2025-03-16 00:00:00+00:00
[2025-03-16T19:29:58.896+0000] {logging_mixin.py:190} INFO - [2025-03-16T19:29:58.895+0000] {dag.py:4180} INFO - Setting next_dagrun for read_dataset_event_from_classic to 2025-03-15 00:00:00+00:00, run_after=2025-03-16 00:00:00+00:00
[2025-03-16T19:29:58.932+0000] {processor.py:208} INFO - Processing /home/airflow/.local/lib/python3.12/site-packages/airflow/example_dags/example_inlet_event_extra.py took 1.121 seconds
[2025-03-16T19:30:29.429+0000] {processor.py:186} INFO - Started process (PID=91793) to work on /home/airflow/.local/lib/python3.12/site-packages/airflow/example_dags/example_inlet_event_extra.py
[2025-03-16T19:30:29.432+0000] {processor.py:914} INFO - Processing file /home/airflow/.local/lib/python3.12/site-packages/airflow/example_dags/example_inlet_event_extra.py for tasks to queue
[2025-03-16T19:30:29.435+0000] {logging_mixin.py:190} INFO - [2025-03-16T19:30:29.434+0000] {dagbag.py:588} INFO - Filling up the DagBag from /home/airflow/.local/lib/python3.12/site-packages/airflow/example_dags/example_inlet_event_extra.py
[2025-03-16T19:30:30.077+0000] {processor.py:925} INFO - DAG(s) 'read_dataset_event', 'read_dataset_event_from_classic' retrieved from /home/airflow/.local/lib/python3.12/site-packages/airflow/example_dags/example_inlet_event_extra.py
[2025-03-16T19:30:30.124+0000] {logging_mixin.py:190} INFO - [2025-03-16T19:30:30.123+0000] {dag.py:3239} INFO - Sync 2 DAGs
[2025-03-16T19:30:30.184+0000] {logging_mixin.py:190} INFO - [2025-03-16T19:30:30.184+0000] {dag.py:4180} INFO - Setting next_dagrun for read_dataset_event to 2025-03-15 00:00:00+00:00, run_after=2025-03-16 00:00:00+00:00
[2025-03-16T19:30:30.195+0000] {logging_mixin.py:190} INFO - [2025-03-16T19:30:30.195+0000] {dag.py:4180} INFO - Setting next_dagrun for read_dataset_event_from_classic to 2025-03-15 00:00:00+00:00, run_after=2025-03-16 00:00:00+00:00
[2025-03-16T19:30:30.234+0000] {processor.py:208} INFO - Processing /home/airflow/.local/lib/python3.12/site-packages/airflow/example_dags/example_inlet_event_extra.py took 0.816 seconds
[2025-03-16T19:31:01.557+0000] {processor.py:186} INFO - Started process (PID=91860) to work on /home/airflow/.local/lib/python3.12/site-packages/airflow/example_dags/example_inlet_event_extra.py
[2025-03-16T19:31:01.559+0000] {processor.py:914} INFO - Processing file /home/airflow/.local/lib/python3.12/site-packages/airflow/example_dags/example_inlet_event_extra.py for tasks to queue
[2025-03-16T19:31:01.561+0000] {logging_mixin.py:190} INFO - [2025-03-16T19:31:01.560+0000] {dagbag.py:588} INFO - Filling up the DagBag from /home/airflow/.local/lib/python3.12/site-packages/airflow/example_dags/example_inlet_event_extra.py
[2025-03-16T19:31:02.102+0000] {processor.py:925} INFO - DAG(s) 'read_dataset_event', 'read_dataset_event_from_classic' retrieved from /home/airflow/.local/lib/python3.12/site-packages/airflow/example_dags/example_inlet_event_extra.py
[2025-03-16T19:31:02.147+0000] {logging_mixin.py:190} INFO - [2025-03-16T19:31:02.147+0000] {dag.py:3239} INFO - Sync 2 DAGs
[2025-03-16T19:31:02.193+0000] {logging_mixin.py:190} INFO - [2025-03-16T19:31:02.192+0000] {dag.py:4180} INFO - Setting next_dagrun for read_dataset_event to 2025-03-15 00:00:00+00:00, run_after=2025-03-16 00:00:00+00:00
[2025-03-16T19:31:02.205+0000] {logging_mixin.py:190} INFO - [2025-03-16T19:31:02.204+0000] {dag.py:4180} INFO - Setting next_dagrun for read_dataset_event_from_classic to 2025-03-15 00:00:00+00:00, run_after=2025-03-16 00:00:00+00:00
[2025-03-16T19:31:02.240+0000] {processor.py:208} INFO - Processing /home/airflow/.local/lib/python3.12/site-packages/airflow/example_dags/example_inlet_event_extra.py took 0.692 seconds
[2025-03-16T19:31:32.327+0000] {processor.py:186} INFO - Started process (PID=91924) to work on /home/airflow/.local/lib/python3.12/site-packages/airflow/example_dags/example_inlet_event_extra.py
[2025-03-16T19:31:32.329+0000] {processor.py:914} INFO - Processing file /home/airflow/.local/lib/python3.12/site-packages/airflow/example_dags/example_inlet_event_extra.py for tasks to queue
[2025-03-16T19:31:32.331+0000] {logging_mixin.py:190} INFO - [2025-03-16T19:31:32.330+0000] {dagbag.py:588} INFO - Filling up the DagBag from /home/airflow/.local/lib/python3.12/site-packages/airflow/example_dags/example_inlet_event_extra.py
[2025-03-16T19:31:32.893+0000] {processor.py:925} INFO - DAG(s) 'read_dataset_event_from_classic', 'read_dataset_event' retrieved from /home/airflow/.local/lib/python3.12/site-packages/airflow/example_dags/example_inlet_event_extra.py
[2025-03-16T19:31:32.941+0000] {logging_mixin.py:190} INFO - [2025-03-16T19:31:32.941+0000] {dag.py:3239} INFO - Sync 2 DAGs
[2025-03-16T19:31:32.992+0000] {logging_mixin.py:190} INFO - [2025-03-16T19:31:32.992+0000] {dag.py:4180} INFO - Setting next_dagrun for read_dataset_event to 2025-03-15 00:00:00+00:00, run_after=2025-03-16 00:00:00+00:00
[2025-03-16T19:31:33.003+0000] {logging_mixin.py:190} INFO - [2025-03-16T19:31:33.002+0000] {dag.py:4180} INFO - Setting next_dagrun for read_dataset_event_from_classic to 2025-03-15 00:00:00+00:00, run_after=2025-03-16 00:00:00+00:00
[2025-03-16T19:31:33.043+0000] {processor.py:208} INFO - Processing /home/airflow/.local/lib/python3.12/site-packages/airflow/example_dags/example_inlet_event_extra.py took 0.728 seconds
[2025-03-16T19:32:03.160+0000] {processor.py:186} INFO - Started process (PID=91987) to work on /home/airflow/.local/lib/python3.12/site-packages/airflow/example_dags/example_inlet_event_extra.py
[2025-03-16T19:32:03.162+0000] {processor.py:914} INFO - Processing file /home/airflow/.local/lib/python3.12/site-packages/airflow/example_dags/example_inlet_event_extra.py for tasks to queue
[2025-03-16T19:32:03.164+0000] {logging_mixin.py:190} INFO - [2025-03-16T19:32:03.164+0000] {dagbag.py:588} INFO - Filling up the DagBag from /home/airflow/.local/lib/python3.12/site-packages/airflow/example_dags/example_inlet_event_extra.py
[2025-03-16T19:32:03.715+0000] {processor.py:925} INFO - DAG(s) 'read_dataset_event', 'read_dataset_event_from_classic' retrieved from /home/airflow/.local/lib/python3.12/site-packages/airflow/example_dags/example_inlet_event_extra.py
[2025-03-16T19:32:03.759+0000] {logging_mixin.py:190} INFO - [2025-03-16T19:32:03.758+0000] {dag.py:3239} INFO - Sync 2 DAGs
[2025-03-16T19:32:03.812+0000] {logging_mixin.py:190} INFO - [2025-03-16T19:32:03.812+0000] {dag.py:4180} INFO - Setting next_dagrun for read_dataset_event to 2025-03-15 00:00:00+00:00, run_after=2025-03-16 00:00:00+00:00
[2025-03-16T19:32:03.823+0000] {logging_mixin.py:190} INFO - [2025-03-16T19:32:03.823+0000] {dag.py:4180} INFO - Setting next_dagrun for read_dataset_event_from_classic to 2025-03-15 00:00:00+00:00, run_after=2025-03-16 00:00:00+00:00
[2025-03-16T19:32:03.858+0000] {processor.py:208} INFO - Processing /home/airflow/.local/lib/python3.12/site-packages/airflow/example_dags/example_inlet_event_extra.py took 0.725 seconds
[2025-03-16T19:32:34.112+0000] {processor.py:186} INFO - Started process (PID=92054) to work on /home/airflow/.local/lib/python3.12/site-packages/airflow/example_dags/example_inlet_event_extra.py
[2025-03-16T19:32:34.113+0000] {processor.py:914} INFO - Processing file /home/airflow/.local/lib/python3.12/site-packages/airflow/example_dags/example_inlet_event_extra.py for tasks to queue
[2025-03-16T19:32:34.115+0000] {logging_mixin.py:190} INFO - [2025-03-16T19:32:34.115+0000] {dagbag.py:588} INFO - Filling up the DagBag from /home/airflow/.local/lib/python3.12/site-packages/airflow/example_dags/example_inlet_event_extra.py
[2025-03-16T19:32:34.724+0000] {processor.py:925} INFO - DAG(s) 'read_dataset_event', 'read_dataset_event_from_classic' retrieved from /home/airflow/.local/lib/python3.12/site-packages/airflow/example_dags/example_inlet_event_extra.py
[2025-03-16T19:32:34.767+0000] {logging_mixin.py:190} INFO - [2025-03-16T19:32:34.766+0000] {dag.py:3239} INFO - Sync 2 DAGs
[2025-03-16T19:32:34.816+0000] {logging_mixin.py:190} INFO - [2025-03-16T19:32:34.816+0000] {dag.py:4180} INFO - Setting next_dagrun for read_dataset_event to 2025-03-15 00:00:00+00:00, run_after=2025-03-16 00:00:00+00:00
[2025-03-16T19:32:34.825+0000] {logging_mixin.py:190} INFO - [2025-03-16T19:32:34.825+0000] {dag.py:4180} INFO - Setting next_dagrun for read_dataset_event_from_classic to 2025-03-15 00:00:00+00:00, run_after=2025-03-16 00:00:00+00:00
[2025-03-16T19:32:34.857+0000] {processor.py:208} INFO - Processing /home/airflow/.local/lib/python3.12/site-packages/airflow/example_dags/example_inlet_event_extra.py took 0.756 seconds
[2025-03-16T19:33:05.868+0000] {processor.py:186} INFO - Started process (PID=92121) to work on /home/airflow/.local/lib/python3.12/site-packages/airflow/example_dags/example_inlet_event_extra.py
[2025-03-16T19:33:05.870+0000] {processor.py:914} INFO - Processing file /home/airflow/.local/lib/python3.12/site-packages/airflow/example_dags/example_inlet_event_extra.py for tasks to queue
[2025-03-16T19:33:05.871+0000] {logging_mixin.py:190} INFO - [2025-03-16T19:33:05.871+0000] {dagbag.py:588} INFO - Filling up the DagBag from /home/airflow/.local/lib/python3.12/site-packages/airflow/example_dags/example_inlet_event_extra.py
[2025-03-16T19:33:06.451+0000] {processor.py:925} INFO - DAG(s) 'read_dataset_event', 'read_dataset_event_from_classic' retrieved from /home/airflow/.local/lib/python3.12/site-packages/airflow/example_dags/example_inlet_event_extra.py
[2025-03-16T19:33:06.501+0000] {logging_mixin.py:190} INFO - [2025-03-16T19:33:06.501+0000] {dag.py:3239} INFO - Sync 2 DAGs
[2025-03-16T19:33:06.553+0000] {logging_mixin.py:190} INFO - [2025-03-16T19:33:06.552+0000] {dag.py:4180} INFO - Setting next_dagrun for read_dataset_event to 2025-03-15 00:00:00+00:00, run_after=2025-03-16 00:00:00+00:00
[2025-03-16T19:33:06.564+0000] {logging_mixin.py:190} INFO - [2025-03-16T19:33:06.564+0000] {dag.py:4180} INFO - Setting next_dagrun for read_dataset_event_from_classic to 2025-03-15 00:00:00+00:00, run_after=2025-03-16 00:00:00+00:00
[2025-03-16T19:33:06.599+0000] {processor.py:208} INFO - Processing /home/airflow/.local/lib/python3.12/site-packages/airflow/example_dags/example_inlet_event_extra.py took 0.740 seconds
[2025-03-16T19:33:36.808+0000] {processor.py:186} INFO - Started process (PID=92188) to work on /home/airflow/.local/lib/python3.12/site-packages/airflow/example_dags/example_inlet_event_extra.py
[2025-03-16T19:33:36.809+0000] {processor.py:914} INFO - Processing file /home/airflow/.local/lib/python3.12/site-packages/airflow/example_dags/example_inlet_event_extra.py for tasks to queue
[2025-03-16T19:33:36.811+0000] {logging_mixin.py:190} INFO - [2025-03-16T19:33:36.810+0000] {dagbag.py:588} INFO - Filling up the DagBag from /home/airflow/.local/lib/python3.12/site-packages/airflow/example_dags/example_inlet_event_extra.py
[2025-03-16T19:33:37.329+0000] {processor.py:925} INFO - DAG(s) 'read_dataset_event_from_classic', 'read_dataset_event' retrieved from /home/airflow/.local/lib/python3.12/site-packages/airflow/example_dags/example_inlet_event_extra.py
[2025-03-16T19:33:37.364+0000] {logging_mixin.py:190} INFO - [2025-03-16T19:33:37.364+0000] {dag.py:3239} INFO - Sync 2 DAGs
[2025-03-16T19:33:37.412+0000] {logging_mixin.py:190} INFO - [2025-03-16T19:33:37.411+0000] {dag.py:4180} INFO - Setting next_dagrun for read_dataset_event to 2025-03-15 00:00:00+00:00, run_after=2025-03-16 00:00:00+00:00
[2025-03-16T19:33:37.422+0000] {logging_mixin.py:190} INFO - [2025-03-16T19:33:37.421+0000] {dag.py:4180} INFO - Setting next_dagrun for read_dataset_event_from_classic to 2025-03-15 00:00:00+00:00, run_after=2025-03-16 00:00:00+00:00
[2025-03-16T19:33:37.453+0000] {processor.py:208} INFO - Processing /home/airflow/.local/lib/python3.12/site-packages/airflow/example_dags/example_inlet_event_extra.py took 0.653 seconds
[2025-03-16T19:34:07.698+0000] {processor.py:186} INFO - Started process (PID=92258) to work on /home/airflow/.local/lib/python3.12/site-packages/airflow/example_dags/example_inlet_event_extra.py
[2025-03-16T19:34:07.699+0000] {processor.py:914} INFO - Processing file /home/airflow/.local/lib/python3.12/site-packages/airflow/example_dags/example_inlet_event_extra.py for tasks to queue
[2025-03-16T19:34:07.703+0000] {logging_mixin.py:190} INFO - [2025-03-16T19:34:07.701+0000] {dagbag.py:588} INFO - Filling up the DagBag from /home/airflow/.local/lib/python3.12/site-packages/airflow/example_dags/example_inlet_event_extra.py
[2025-03-16T19:34:08.340+0000] {processor.py:925} INFO - DAG(s) 'read_dataset_event_from_classic', 'read_dataset_event' retrieved from /home/airflow/.local/lib/python3.12/site-packages/airflow/example_dags/example_inlet_event_extra.py
[2025-03-16T19:34:08.394+0000] {logging_mixin.py:190} INFO - [2025-03-16T19:34:08.394+0000] {dag.py:3239} INFO - Sync 2 DAGs
[2025-03-16T19:34:08.450+0000] {logging_mixin.py:190} INFO - [2025-03-16T19:34:08.450+0000] {dag.py:4180} INFO - Setting next_dagrun for read_dataset_event to 2025-03-15 00:00:00+00:00, run_after=2025-03-16 00:00:00+00:00
[2025-03-16T19:34:08.460+0000] {logging_mixin.py:190} INFO - [2025-03-16T19:34:08.460+0000] {dag.py:4180} INFO - Setting next_dagrun for read_dataset_event_from_classic to 2025-03-15 00:00:00+00:00, run_after=2025-03-16 00:00:00+00:00
[2025-03-16T19:34:08.496+0000] {processor.py:208} INFO - Processing /home/airflow/.local/lib/python3.12/site-packages/airflow/example_dags/example_inlet_event_extra.py took 0.807 seconds
[2025-03-16T19:34:39.282+0000] {processor.py:186} INFO - Started process (PID=92323) to work on /home/airflow/.local/lib/python3.12/site-packages/airflow/example_dags/example_inlet_event_extra.py
[2025-03-16T19:34:39.284+0000] {processor.py:914} INFO - Processing file /home/airflow/.local/lib/python3.12/site-packages/airflow/example_dags/example_inlet_event_extra.py for tasks to queue
[2025-03-16T19:34:39.286+0000] {logging_mixin.py:190} INFO - [2025-03-16T19:34:39.286+0000] {dagbag.py:588} INFO - Filling up the DagBag from /home/airflow/.local/lib/python3.12/site-packages/airflow/example_dags/example_inlet_event_extra.py
[2025-03-16T19:34:39.811+0000] {processor.py:925} INFO - DAG(s) 'read_dataset_event_from_classic', 'read_dataset_event' retrieved from /home/airflow/.local/lib/python3.12/site-packages/airflow/example_dags/example_inlet_event_extra.py
[2025-03-16T19:34:39.850+0000] {logging_mixin.py:190} INFO - [2025-03-16T19:34:39.850+0000] {dag.py:3239} INFO - Sync 2 DAGs
[2025-03-16T19:34:39.894+0000] {logging_mixin.py:190} INFO - [2025-03-16T19:34:39.894+0000] {dag.py:4180} INFO - Setting next_dagrun for read_dataset_event to 2025-03-15 00:00:00+00:00, run_after=2025-03-16 00:00:00+00:00
[2025-03-16T19:34:39.903+0000] {logging_mixin.py:190} INFO - [2025-03-16T19:34:39.902+0000] {dag.py:4180} INFO - Setting next_dagrun for read_dataset_event_from_classic to 2025-03-15 00:00:00+00:00, run_after=2025-03-16 00:00:00+00:00
[2025-03-16T19:34:39.931+0000] {processor.py:208} INFO - Processing /home/airflow/.local/lib/python3.12/site-packages/airflow/example_dags/example_inlet_event_extra.py took 0.660 seconds
[2025-03-16T19:35:10.840+0000] {processor.py:186} INFO - Started process (PID=92387) to work on /home/airflow/.local/lib/python3.12/site-packages/airflow/example_dags/example_inlet_event_extra.py
[2025-03-16T19:35:10.842+0000] {processor.py:914} INFO - Processing file /home/airflow/.local/lib/python3.12/site-packages/airflow/example_dags/example_inlet_event_extra.py for tasks to queue
[2025-03-16T19:35:10.845+0000] {logging_mixin.py:190} INFO - [2025-03-16T19:35:10.844+0000] {dagbag.py:588} INFO - Filling up the DagBag from /home/airflow/.local/lib/python3.12/site-packages/airflow/example_dags/example_inlet_event_extra.py
[2025-03-16T19:35:11.383+0000] {processor.py:925} INFO - DAG(s) 'read_dataset_event_from_classic', 'read_dataset_event' retrieved from /home/airflow/.local/lib/python3.12/site-packages/airflow/example_dags/example_inlet_event_extra.py
[2025-03-16T19:35:11.427+0000] {logging_mixin.py:190} INFO - [2025-03-16T19:35:11.427+0000] {dag.py:3239} INFO - Sync 2 DAGs
[2025-03-16T19:35:11.468+0000] {logging_mixin.py:190} INFO - [2025-03-16T19:35:11.468+0000] {dag.py:4180} INFO - Setting next_dagrun for read_dataset_event to 2025-03-15 00:00:00+00:00, run_after=2025-03-16 00:00:00+00:00
[2025-03-16T19:35:11.476+0000] {logging_mixin.py:190} INFO - [2025-03-16T19:35:11.476+0000] {dag.py:4180} INFO - Setting next_dagrun for read_dataset_event_from_classic to 2025-03-15 00:00:00+00:00, run_after=2025-03-16 00:00:00+00:00
[2025-03-16T19:35:11.509+0000] {processor.py:208} INFO - Processing /home/airflow/.local/lib/python3.12/site-packages/airflow/example_dags/example_inlet_event_extra.py took 0.680 seconds
[2025-03-16T19:35:42.374+0000] {processor.py:186} INFO - Started process (PID=92451) to work on /home/airflow/.local/lib/python3.12/site-packages/airflow/example_dags/example_inlet_event_extra.py
[2025-03-16T19:35:42.377+0000] {processor.py:914} INFO - Processing file /home/airflow/.local/lib/python3.12/site-packages/airflow/example_dags/example_inlet_event_extra.py for tasks to queue
[2025-03-16T19:35:42.379+0000] {logging_mixin.py:190} INFO - [2025-03-16T19:35:42.378+0000] {dagbag.py:588} INFO - Filling up the DagBag from /home/airflow/.local/lib/python3.12/site-packages/airflow/example_dags/example_inlet_event_extra.py
[2025-03-16T19:35:42.929+0000] {processor.py:925} INFO - DAG(s) 'read_dataset_event', 'read_dataset_event_from_classic' retrieved from /home/airflow/.local/lib/python3.12/site-packages/airflow/example_dags/example_inlet_event_extra.py
[2025-03-16T19:35:42.987+0000] {logging_mixin.py:190} INFO - [2025-03-16T19:35:42.987+0000] {dag.py:3239} INFO - Sync 2 DAGs
[2025-03-16T19:35:43.033+0000] {logging_mixin.py:190} INFO - [2025-03-16T19:35:43.032+0000] {dag.py:4180} INFO - Setting next_dagrun for read_dataset_event to 2025-03-15 00:00:00+00:00, run_after=2025-03-16 00:00:00+00:00
[2025-03-16T19:35:43.043+0000] {logging_mixin.py:190} INFO - [2025-03-16T19:35:43.042+0000] {dag.py:4180} INFO - Setting next_dagrun for read_dataset_event_from_classic to 2025-03-15 00:00:00+00:00, run_after=2025-03-16 00:00:00+00:00
[2025-03-16T19:35:43.072+0000] {processor.py:208} INFO - Processing /home/airflow/.local/lib/python3.12/site-packages/airflow/example_dags/example_inlet_event_extra.py took 0.710 seconds
[2025-03-16T19:36:13.243+0000] {processor.py:186} INFO - Started process (PID=92515) to work on /home/airflow/.local/lib/python3.12/site-packages/airflow/example_dags/example_inlet_event_extra.py
[2025-03-16T19:36:13.245+0000] {processor.py:914} INFO - Processing file /home/airflow/.local/lib/python3.12/site-packages/airflow/example_dags/example_inlet_event_extra.py for tasks to queue
[2025-03-16T19:36:13.248+0000] {logging_mixin.py:190} INFO - [2025-03-16T19:36:13.247+0000] {dagbag.py:588} INFO - Filling up the DagBag from /home/airflow/.local/lib/python3.12/site-packages/airflow/example_dags/example_inlet_event_extra.py
[2025-03-16T19:36:13.854+0000] {processor.py:925} INFO - DAG(s) 'read_dataset_event_from_classic', 'read_dataset_event' retrieved from /home/airflow/.local/lib/python3.12/site-packages/airflow/example_dags/example_inlet_event_extra.py
[2025-03-16T19:36:13.896+0000] {logging_mixin.py:190} INFO - [2025-03-16T19:36:13.896+0000] {dag.py:3239} INFO - Sync 2 DAGs
[2025-03-16T19:36:13.942+0000] {logging_mixin.py:190} INFO - [2025-03-16T19:36:13.942+0000] {dag.py:4180} INFO - Setting next_dagrun for read_dataset_event to 2025-03-15 00:00:00+00:00, run_after=2025-03-16 00:00:00+00:00
[2025-03-16T19:36:13.951+0000] {logging_mixin.py:190} INFO - [2025-03-16T19:36:13.951+0000] {dag.py:4180} INFO - Setting next_dagrun for read_dataset_event_from_classic to 2025-03-15 00:00:00+00:00, run_after=2025-03-16 00:00:00+00:00
[2025-03-16T19:36:13.984+0000] {processor.py:208} INFO - Processing /home/airflow/.local/lib/python3.12/site-packages/airflow/example_dags/example_inlet_event_extra.py took 0.753 seconds
[2025-03-16T19:36:44.261+0000] {processor.py:186} INFO - Started process (PID=92579) to work on /home/airflow/.local/lib/python3.12/site-packages/airflow/example_dags/example_inlet_event_extra.py
[2025-03-16T19:36:44.263+0000] {processor.py:914} INFO - Processing file /home/airflow/.local/lib/python3.12/site-packages/airflow/example_dags/example_inlet_event_extra.py for tasks to queue
[2025-03-16T19:36:44.266+0000] {logging_mixin.py:190} INFO - [2025-03-16T19:36:44.265+0000] {dagbag.py:588} INFO - Filling up the DagBag from /home/airflow/.local/lib/python3.12/site-packages/airflow/example_dags/example_inlet_event_extra.py
[2025-03-16T19:36:44.805+0000] {processor.py:925} INFO - DAG(s) 'read_dataset_event', 'read_dataset_event_from_classic' retrieved from /home/airflow/.local/lib/python3.12/site-packages/airflow/example_dags/example_inlet_event_extra.py
[2025-03-16T19:36:44.848+0000] {logging_mixin.py:190} INFO - [2025-03-16T19:36:44.847+0000] {dag.py:3239} INFO - Sync 2 DAGs
[2025-03-16T19:36:44.891+0000] {logging_mixin.py:190} INFO - [2025-03-16T19:36:44.890+0000] {dag.py:4180} INFO - Setting next_dagrun for read_dataset_event to 2025-03-15 00:00:00+00:00, run_after=2025-03-16 00:00:00+00:00
[2025-03-16T19:36:44.900+0000] {logging_mixin.py:190} INFO - [2025-03-16T19:36:44.900+0000] {dag.py:4180} INFO - Setting next_dagrun for read_dataset_event_from_classic to 2025-03-15 00:00:00+00:00, run_after=2025-03-16 00:00:00+00:00
[2025-03-16T19:36:44.932+0000] {processor.py:208} INFO - Processing /home/airflow/.local/lib/python3.12/site-packages/airflow/example_dags/example_inlet_event_extra.py took 0.695 seconds
[2025-03-16T19:37:15.081+0000] {processor.py:186} INFO - Started process (PID=92643) to work on /home/airflow/.local/lib/python3.12/site-packages/airflow/example_dags/example_inlet_event_extra.py
[2025-03-16T19:37:15.083+0000] {processor.py:914} INFO - Processing file /home/airflow/.local/lib/python3.12/site-packages/airflow/example_dags/example_inlet_event_extra.py for tasks to queue
[2025-03-16T19:37:15.085+0000] {logging_mixin.py:190} INFO - [2025-03-16T19:37:15.085+0000] {dagbag.py:588} INFO - Filling up the DagBag from /home/airflow/.local/lib/python3.12/site-packages/airflow/example_dags/example_inlet_event_extra.py
[2025-03-16T19:37:15.674+0000] {processor.py:925} INFO - DAG(s) 'read_dataset_event', 'read_dataset_event_from_classic' retrieved from /home/airflow/.local/lib/python3.12/site-packages/airflow/example_dags/example_inlet_event_extra.py
[2025-03-16T19:37:15.718+0000] {logging_mixin.py:190} INFO - [2025-03-16T19:37:15.718+0000] {dag.py:3239} INFO - Sync 2 DAGs
[2025-03-16T19:37:15.759+0000] {logging_mixin.py:190} INFO - [2025-03-16T19:37:15.759+0000] {dag.py:4180} INFO - Setting next_dagrun for read_dataset_event to 2025-03-15 00:00:00+00:00, run_after=2025-03-16 00:00:00+00:00
[2025-03-16T19:37:15.769+0000] {logging_mixin.py:190} INFO - [2025-03-16T19:37:15.769+0000] {dag.py:4180} INFO - Setting next_dagrun for read_dataset_event_from_classic to 2025-03-15 00:00:00+00:00, run_after=2025-03-16 00:00:00+00:00
[2025-03-16T19:37:15.803+0000] {processor.py:208} INFO - Processing /home/airflow/.local/lib/python3.12/site-packages/airflow/example_dags/example_inlet_event_extra.py took 0.734 seconds
[2025-03-16T19:37:46.612+0000] {processor.py:186} INFO - Started process (PID=92707) to work on /home/airflow/.local/lib/python3.12/site-packages/airflow/example_dags/example_inlet_event_extra.py
[2025-03-16T19:37:46.613+0000] {processor.py:914} INFO - Processing file /home/airflow/.local/lib/python3.12/site-packages/airflow/example_dags/example_inlet_event_extra.py for tasks to queue
[2025-03-16T19:37:46.615+0000] {logging_mixin.py:190} INFO - [2025-03-16T19:37:46.615+0000] {dagbag.py:588} INFO - Filling up the DagBag from /home/airflow/.local/lib/python3.12/site-packages/airflow/example_dags/example_inlet_event_extra.py
[2025-03-16T19:37:47.172+0000] {processor.py:925} INFO - DAG(s) 'read_dataset_event_from_classic', 'read_dataset_event' retrieved from /home/airflow/.local/lib/python3.12/site-packages/airflow/example_dags/example_inlet_event_extra.py
[2025-03-16T19:37:47.209+0000] {logging_mixin.py:190} INFO - [2025-03-16T19:37:47.208+0000] {dag.py:3239} INFO - Sync 2 DAGs
[2025-03-16T19:37:47.252+0000] {logging_mixin.py:190} INFO - [2025-03-16T19:37:47.251+0000] {dag.py:4180} INFO - Setting next_dagrun for read_dataset_event to 2025-03-15 00:00:00+00:00, run_after=2025-03-16 00:00:00+00:00
[2025-03-16T19:37:47.261+0000] {logging_mixin.py:190} INFO - [2025-03-16T19:37:47.261+0000] {dag.py:4180} INFO - Setting next_dagrun for read_dataset_event_from_classic to 2025-03-15 00:00:00+00:00, run_after=2025-03-16 00:00:00+00:00
[2025-03-16T19:37:47.292+0000] {processor.py:208} INFO - Processing /home/airflow/.local/lib/python3.12/site-packages/airflow/example_dags/example_inlet_event_extra.py took 0.690 seconds
[2025-03-16T19:38:17.754+0000] {processor.py:186} INFO - Started process (PID=92771) to work on /home/airflow/.local/lib/python3.12/site-packages/airflow/example_dags/example_inlet_event_extra.py
[2025-03-16T19:38:17.756+0000] {processor.py:914} INFO - Processing file /home/airflow/.local/lib/python3.12/site-packages/airflow/example_dags/example_inlet_event_extra.py for tasks to queue
[2025-03-16T19:38:17.759+0000] {logging_mixin.py:190} INFO - [2025-03-16T19:38:17.758+0000] {dagbag.py:588} INFO - Filling up the DagBag from /home/airflow/.local/lib/python3.12/site-packages/airflow/example_dags/example_inlet_event_extra.py
[2025-03-16T19:38:18.365+0000] {processor.py:925} INFO - DAG(s) 'read_dataset_event_from_classic', 'read_dataset_event' retrieved from /home/airflow/.local/lib/python3.12/site-packages/airflow/example_dags/example_inlet_event_extra.py
[2025-03-16T19:38:18.404+0000] {logging_mixin.py:190} INFO - [2025-03-16T19:38:18.404+0000] {dag.py:3239} INFO - Sync 2 DAGs
[2025-03-16T19:38:18.453+0000] {logging_mixin.py:190} INFO - [2025-03-16T19:38:18.453+0000] {dag.py:4180} INFO - Setting next_dagrun for read_dataset_event to 2025-03-15 00:00:00+00:00, run_after=2025-03-16 00:00:00+00:00
[2025-03-16T19:38:18.465+0000] {logging_mixin.py:190} INFO - [2025-03-16T19:38:18.465+0000] {dag.py:4180} INFO - Setting next_dagrun for read_dataset_event_from_classic to 2025-03-15 00:00:00+00:00, run_after=2025-03-16 00:00:00+00:00
[2025-03-16T19:38:18.500+0000] {processor.py:208} INFO - Processing /home/airflow/.local/lib/python3.12/site-packages/airflow/example_dags/example_inlet_event_extra.py took 0.759 seconds
[2025-03-16T19:38:48.682+0000] {processor.py:186} INFO - Started process (PID=92835) to work on /home/airflow/.local/lib/python3.12/site-packages/airflow/example_dags/example_inlet_event_extra.py
[2025-03-16T19:38:48.684+0000] {processor.py:914} INFO - Processing file /home/airflow/.local/lib/python3.12/site-packages/airflow/example_dags/example_inlet_event_extra.py for tasks to queue
[2025-03-16T19:38:48.687+0000] {logging_mixin.py:190} INFO - [2025-03-16T19:38:48.686+0000] {dagbag.py:588} INFO - Filling up the DagBag from /home/airflow/.local/lib/python3.12/site-packages/airflow/example_dags/example_inlet_event_extra.py
[2025-03-16T19:38:49.306+0000] {processor.py:925} INFO - DAG(s) 'read_dataset_event', 'read_dataset_event_from_classic' retrieved from /home/airflow/.local/lib/python3.12/site-packages/airflow/example_dags/example_inlet_event_extra.py
[2025-03-16T19:38:49.341+0000] {logging_mixin.py:190} INFO - [2025-03-16T19:38:49.340+0000] {dag.py:3239} INFO - Sync 2 DAGs
[2025-03-16T19:38:49.386+0000] {logging_mixin.py:190} INFO - [2025-03-16T19:38:49.385+0000] {dag.py:4180} INFO - Setting next_dagrun for read_dataset_event to 2025-03-15 00:00:00+00:00, run_after=2025-03-16 00:00:00+00:00
[2025-03-16T19:38:49.396+0000] {logging_mixin.py:190} INFO - [2025-03-16T19:38:49.396+0000] {dag.py:4180} INFO - Setting next_dagrun for read_dataset_event_from_classic to 2025-03-15 00:00:00+00:00, run_after=2025-03-16 00:00:00+00:00
[2025-03-16T19:38:49.423+0000] {processor.py:208} INFO - Processing /home/airflow/.local/lib/python3.12/site-packages/airflow/example_dags/example_inlet_event_extra.py took 0.752 seconds
