[2025-03-16T19:07:48.657+0000] {processor.py:186} INFO - Started process (PID=88936) to work on /home/airflow/.local/lib/python3.12/site-packages/airflow/example_dags/example_short_circuit_decorator.py
[2025-03-16T19:07:48.658+0000] {processor.py:914} INFO - Processing file /home/airflow/.local/lib/python3.12/site-packages/airflow/example_dags/example_short_circuit_decorator.py for tasks to queue
[2025-03-16T19:07:48.660+0000] {logging_mixin.py:190} INFO - [2025-03-16T19:07:48.659+0000] {dagbag.py:588} INFO - Filling up the DagBag from /home/airflow/.local/lib/python3.12/site-packages/airflow/example_dags/example_short_circuit_decorator.py
[2025-03-16T19:07:48.673+0000] {processor.py:925} INFO - DAG(s) 'example_short_circuit_decorator' retrieved from /home/airflow/.local/lib/python3.12/site-packages/airflow/example_dags/example_short_circuit_decorator.py
[2025-03-16T19:07:48.727+0000] {logging_mixin.py:190} INFO - [2025-03-16T19:07:48.726+0000] {dag.py:3239} INFO - Sync 1 DAGs
[2025-03-16T19:07:48.774+0000] {logging_mixin.py:190} INFO - [2025-03-16T19:07:48.773+0000] {dag.py:4180} INFO - Setting next_dagrun for example_short_circuit_decorator to None, run_after=None
[2025-03-16T19:07:48.836+0000] {processor.py:208} INFO - Processing /home/airflow/.local/lib/python3.12/site-packages/airflow/example_dags/example_short_circuit_decorator.py took 0.186 seconds
[2025-03-16T19:08:19.346+0000] {processor.py:186} INFO - Started process (PID=89000) to work on /home/airflow/.local/lib/python3.12/site-packages/airflow/example_dags/example_short_circuit_decorator.py
[2025-03-16T19:08:19.347+0000] {processor.py:914} INFO - Processing file /home/airflow/.local/lib/python3.12/site-packages/airflow/example_dags/example_short_circuit_decorator.py for tasks to queue
[2025-03-16T19:08:19.349+0000] {logging_mixin.py:190} INFO - [2025-03-16T19:08:19.348+0000] {dagbag.py:588} INFO - Filling up the DagBag from /home/airflow/.local/lib/python3.12/site-packages/airflow/example_dags/example_short_circuit_decorator.py
[2025-03-16T19:08:19.360+0000] {processor.py:925} INFO - DAG(s) 'example_short_circuit_decorator' retrieved from /home/airflow/.local/lib/python3.12/site-packages/airflow/example_dags/example_short_circuit_decorator.py
[2025-03-16T19:08:19.385+0000] {logging_mixin.py:190} INFO - [2025-03-16T19:08:19.384+0000] {dag.py:3239} INFO - Sync 1 DAGs
[2025-03-16T19:08:19.405+0000] {logging_mixin.py:190} INFO - [2025-03-16T19:08:19.405+0000] {dag.py:4180} INFO - Setting next_dagrun for example_short_circuit_decorator to None, run_after=None
[2025-03-16T19:08:19.431+0000] {processor.py:208} INFO - Processing /home/airflow/.local/lib/python3.12/site-packages/airflow/example_dags/example_short_circuit_decorator.py took 0.091 seconds
[2025-03-16T19:08:50.147+0000] {processor.py:186} INFO - Started process (PID=89064) to work on /home/airflow/.local/lib/python3.12/site-packages/airflow/example_dags/example_short_circuit_decorator.py
[2025-03-16T19:08:50.148+0000] {processor.py:914} INFO - Processing file /home/airflow/.local/lib/python3.12/site-packages/airflow/example_dags/example_short_circuit_decorator.py for tasks to queue
[2025-03-16T19:08:50.151+0000] {logging_mixin.py:190} INFO - [2025-03-16T19:08:50.150+0000] {dagbag.py:588} INFO - Filling up the DagBag from /home/airflow/.local/lib/python3.12/site-packages/airflow/example_dags/example_short_circuit_decorator.py
[2025-03-16T19:08:50.163+0000] {processor.py:925} INFO - DAG(s) 'example_short_circuit_decorator' retrieved from /home/airflow/.local/lib/python3.12/site-packages/airflow/example_dags/example_short_circuit_decorator.py
[2025-03-16T19:08:50.201+0000] {logging_mixin.py:190} INFO - [2025-03-16T19:08:50.201+0000] {dag.py:3239} INFO - Sync 1 DAGs
[2025-03-16T19:08:50.240+0000] {logging_mixin.py:190} INFO - [2025-03-16T19:08:50.239+0000] {dag.py:4180} INFO - Setting next_dagrun for example_short_circuit_decorator to None, run_after=None
[2025-03-16T19:08:50.273+0000] {processor.py:208} INFO - Processing /home/airflow/.local/lib/python3.12/site-packages/airflow/example_dags/example_short_circuit_decorator.py took 0.134 seconds
[2025-03-16T19:09:20.700+0000] {processor.py:186} INFO - Started process (PID=89128) to work on /home/airflow/.local/lib/python3.12/site-packages/airflow/example_dags/example_short_circuit_decorator.py
[2025-03-16T19:09:20.701+0000] {processor.py:914} INFO - Processing file /home/airflow/.local/lib/python3.12/site-packages/airflow/example_dags/example_short_circuit_decorator.py for tasks to queue
[2025-03-16T19:09:20.702+0000] {logging_mixin.py:190} INFO - [2025-03-16T19:09:20.702+0000] {dagbag.py:588} INFO - Filling up the DagBag from /home/airflow/.local/lib/python3.12/site-packages/airflow/example_dags/example_short_circuit_decorator.py
[2025-03-16T19:09:20.711+0000] {processor.py:925} INFO - DAG(s) 'example_short_circuit_decorator' retrieved from /home/airflow/.local/lib/python3.12/site-packages/airflow/example_dags/example_short_circuit_decorator.py
[2025-03-16T19:09:20.736+0000] {logging_mixin.py:190} INFO - [2025-03-16T19:09:20.736+0000] {dag.py:3239} INFO - Sync 1 DAGs
[2025-03-16T19:09:20.751+0000] {logging_mixin.py:190} INFO - [2025-03-16T19:09:20.750+0000] {dag.py:4180} INFO - Setting next_dagrun for example_short_circuit_decorator to None, run_after=None
[2025-03-16T19:09:20.772+0000] {processor.py:208} INFO - Processing /home/airflow/.local/lib/python3.12/site-packages/airflow/example_dags/example_short_circuit_decorator.py took 0.078 seconds
[2025-03-16T19:09:50.911+0000] {processor.py:186} INFO - Started process (PID=89192) to work on /home/airflow/.local/lib/python3.12/site-packages/airflow/example_dags/example_short_circuit_decorator.py
[2025-03-16T19:09:50.912+0000] {processor.py:914} INFO - Processing file /home/airflow/.local/lib/python3.12/site-packages/airflow/example_dags/example_short_circuit_decorator.py for tasks to queue
[2025-03-16T19:09:50.914+0000] {logging_mixin.py:190} INFO - [2025-03-16T19:09:50.914+0000] {dagbag.py:588} INFO - Filling up the DagBag from /home/airflow/.local/lib/python3.12/site-packages/airflow/example_dags/example_short_circuit_decorator.py
[2025-03-16T19:09:50.925+0000] {processor.py:925} INFO - DAG(s) 'example_short_circuit_decorator' retrieved from /home/airflow/.local/lib/python3.12/site-packages/airflow/example_dags/example_short_circuit_decorator.py
[2025-03-16T19:09:50.950+0000] {logging_mixin.py:190} INFO - [2025-03-16T19:09:50.949+0000] {dag.py:3239} INFO - Sync 1 DAGs
[2025-03-16T19:09:50.964+0000] {logging_mixin.py:190} INFO - [2025-03-16T19:09:50.964+0000] {dag.py:4180} INFO - Setting next_dagrun for example_short_circuit_decorator to None, run_after=None
[2025-03-16T19:09:50.993+0000] {processor.py:208} INFO - Processing /home/airflow/.local/lib/python3.12/site-packages/airflow/example_dags/example_short_circuit_decorator.py took 0.090 seconds
[2025-03-16T19:10:21.931+0000] {processor.py:186} INFO - Started process (PID=89257) to work on /home/airflow/.local/lib/python3.12/site-packages/airflow/example_dags/example_short_circuit_decorator.py
[2025-03-16T19:10:21.933+0000] {processor.py:914} INFO - Processing file /home/airflow/.local/lib/python3.12/site-packages/airflow/example_dags/example_short_circuit_decorator.py for tasks to queue
[2025-03-16T19:10:21.935+0000] {logging_mixin.py:190} INFO - [2025-03-16T19:10:21.935+0000] {dagbag.py:588} INFO - Filling up the DagBag from /home/airflow/.local/lib/python3.12/site-packages/airflow/example_dags/example_short_circuit_decorator.py
[2025-03-16T19:10:21.946+0000] {processor.py:925} INFO - DAG(s) 'example_short_circuit_decorator' retrieved from /home/airflow/.local/lib/python3.12/site-packages/airflow/example_dags/example_short_circuit_decorator.py
[2025-03-16T19:10:21.974+0000] {logging_mixin.py:190} INFO - [2025-03-16T19:10:21.974+0000] {dag.py:3239} INFO - Sync 1 DAGs
[2025-03-16T19:10:21.988+0000] {logging_mixin.py:190} INFO - [2025-03-16T19:10:21.988+0000] {dag.py:4180} INFO - Setting next_dagrun for example_short_circuit_decorator to None, run_after=None
[2025-03-16T19:10:22.016+0000] {processor.py:208} INFO - Processing /home/airflow/.local/lib/python3.12/site-packages/airflow/example_dags/example_short_circuit_decorator.py took 0.091 seconds
[2025-03-16T19:10:52.351+0000] {processor.py:186} INFO - Started process (PID=89321) to work on /home/airflow/.local/lib/python3.12/site-packages/airflow/example_dags/example_short_circuit_decorator.py
[2025-03-16T19:10:52.352+0000] {processor.py:914} INFO - Processing file /home/airflow/.local/lib/python3.12/site-packages/airflow/example_dags/example_short_circuit_decorator.py for tasks to queue
[2025-03-16T19:10:52.353+0000] {logging_mixin.py:190} INFO - [2025-03-16T19:10:52.353+0000] {dagbag.py:588} INFO - Filling up the DagBag from /home/airflow/.local/lib/python3.12/site-packages/airflow/example_dags/example_short_circuit_decorator.py
[2025-03-16T19:10:52.366+0000] {processor.py:925} INFO - DAG(s) 'example_short_circuit_decorator' retrieved from /home/airflow/.local/lib/python3.12/site-packages/airflow/example_dags/example_short_circuit_decorator.py
[2025-03-16T19:10:52.395+0000] {logging_mixin.py:190} INFO - [2025-03-16T19:10:52.395+0000] {dag.py:3239} INFO - Sync 1 DAGs
[2025-03-16T19:10:52.413+0000] {logging_mixin.py:190} INFO - [2025-03-16T19:10:52.412+0000] {dag.py:4180} INFO - Setting next_dagrun for example_short_circuit_decorator to None, run_after=None
[2025-03-16T19:10:52.434+0000] {processor.py:208} INFO - Processing /home/airflow/.local/lib/python3.12/site-packages/airflow/example_dags/example_short_circuit_decorator.py took 0.089 seconds
[2025-03-16T19:11:22.759+0000] {processor.py:186} INFO - Started process (PID=89385) to work on /home/airflow/.local/lib/python3.12/site-packages/airflow/example_dags/example_short_circuit_decorator.py
[2025-03-16T19:11:22.761+0000] {processor.py:914} INFO - Processing file /home/airflow/.local/lib/python3.12/site-packages/airflow/example_dags/example_short_circuit_decorator.py for tasks to queue
[2025-03-16T19:11:22.762+0000] {logging_mixin.py:190} INFO - [2025-03-16T19:11:22.762+0000] {dagbag.py:588} INFO - Filling up the DagBag from /home/airflow/.local/lib/python3.12/site-packages/airflow/example_dags/example_short_circuit_decorator.py
[2025-03-16T19:11:22.771+0000] {processor.py:925} INFO - DAG(s) 'example_short_circuit_decorator' retrieved from /home/airflow/.local/lib/python3.12/site-packages/airflow/example_dags/example_short_circuit_decorator.py
[2025-03-16T19:11:22.799+0000] {logging_mixin.py:190} INFO - [2025-03-16T19:11:22.799+0000] {dag.py:3239} INFO - Sync 1 DAGs
[2025-03-16T19:11:22.816+0000] {logging_mixin.py:190} INFO - [2025-03-16T19:11:22.816+0000] {dag.py:4180} INFO - Setting next_dagrun for example_short_circuit_decorator to None, run_after=None
[2025-03-16T19:11:22.841+0000] {processor.py:208} INFO - Processing /home/airflow/.local/lib/python3.12/site-packages/airflow/example_dags/example_short_circuit_decorator.py took 0.089 seconds
[2025-03-16T19:11:53.484+0000] {processor.py:186} INFO - Started process (PID=89449) to work on /home/airflow/.local/lib/python3.12/site-packages/airflow/example_dags/example_short_circuit_decorator.py
[2025-03-16T19:11:53.486+0000] {processor.py:914} INFO - Processing file /home/airflow/.local/lib/python3.12/site-packages/airflow/example_dags/example_short_circuit_decorator.py for tasks to queue
[2025-03-16T19:11:53.488+0000] {logging_mixin.py:190} INFO - [2025-03-16T19:11:53.487+0000] {dagbag.py:588} INFO - Filling up the DagBag from /home/airflow/.local/lib/python3.12/site-packages/airflow/example_dags/example_short_circuit_decorator.py
[2025-03-16T19:11:53.500+0000] {processor.py:925} INFO - DAG(s) 'example_short_circuit_decorator' retrieved from /home/airflow/.local/lib/python3.12/site-packages/airflow/example_dags/example_short_circuit_decorator.py
[2025-03-16T19:11:53.530+0000] {logging_mixin.py:190} INFO - [2025-03-16T19:11:53.529+0000] {dag.py:3239} INFO - Sync 1 DAGs
[2025-03-16T19:11:53.547+0000] {logging_mixin.py:190} INFO - [2025-03-16T19:11:53.547+0000] {dag.py:4180} INFO - Setting next_dagrun for example_short_circuit_decorator to None, run_after=None
[2025-03-16T19:11:53.569+0000] {processor.py:208} INFO - Processing /home/airflow/.local/lib/python3.12/site-packages/airflow/example_dags/example_short_circuit_decorator.py took 0.093 seconds
[2025-03-16T19:12:24.308+0000] {processor.py:186} INFO - Started process (PID=89513) to work on /home/airflow/.local/lib/python3.12/site-packages/airflow/example_dags/example_short_circuit_decorator.py
[2025-03-16T19:12:24.315+0000] {processor.py:914} INFO - Processing file /home/airflow/.local/lib/python3.12/site-packages/airflow/example_dags/example_short_circuit_decorator.py for tasks to queue
[2025-03-16T19:12:24.318+0000] {logging_mixin.py:190} INFO - [2025-03-16T19:12:24.317+0000] {dagbag.py:588} INFO - Filling up the DagBag from /home/airflow/.local/lib/python3.12/site-packages/airflow/example_dags/example_short_circuit_decorator.py
[2025-03-16T19:12:24.332+0000] {processor.py:925} INFO - DAG(s) 'example_short_circuit_decorator' retrieved from /home/airflow/.local/lib/python3.12/site-packages/airflow/example_dags/example_short_circuit_decorator.py
[2025-03-16T19:12:24.369+0000] {logging_mixin.py:190} INFO - [2025-03-16T19:12:24.369+0000] {dag.py:3239} INFO - Sync 1 DAGs
[2025-03-16T19:12:24.387+0000] {logging_mixin.py:190} INFO - [2025-03-16T19:12:24.386+0000] {dag.py:4180} INFO - Setting next_dagrun for example_short_circuit_decorator to None, run_after=None
[2025-03-16T19:12:24.411+0000] {processor.py:208} INFO - Processing /home/airflow/.local/lib/python3.12/site-packages/airflow/example_dags/example_short_circuit_decorator.py took 0.113 seconds
[2025-03-16T19:12:55.166+0000] {processor.py:186} INFO - Started process (PID=89583) to work on /home/airflow/.local/lib/python3.12/site-packages/airflow/example_dags/example_short_circuit_decorator.py
[2025-03-16T19:12:55.168+0000] {processor.py:914} INFO - Processing file /home/airflow/.local/lib/python3.12/site-packages/airflow/example_dags/example_short_circuit_decorator.py for tasks to queue
[2025-03-16T19:12:55.169+0000] {logging_mixin.py:190} INFO - [2025-03-16T19:12:55.169+0000] {dagbag.py:588} INFO - Filling up the DagBag from /home/airflow/.local/lib/python3.12/site-packages/airflow/example_dags/example_short_circuit_decorator.py
[2025-03-16T19:12:55.178+0000] {processor.py:925} INFO - DAG(s) 'example_short_circuit_decorator' retrieved from /home/airflow/.local/lib/python3.12/site-packages/airflow/example_dags/example_short_circuit_decorator.py
[2025-03-16T19:12:55.204+0000] {logging_mixin.py:190} INFO - [2025-03-16T19:12:55.204+0000] {dag.py:3239} INFO - Sync 1 DAGs
[2025-03-16T19:12:55.220+0000] {logging_mixin.py:190} INFO - [2025-03-16T19:12:55.219+0000] {dag.py:4180} INFO - Setting next_dagrun for example_short_circuit_decorator to None, run_after=None
[2025-03-16T19:12:55.247+0000] {processor.py:208} INFO - Processing /home/airflow/.local/lib/python3.12/site-packages/airflow/example_dags/example_short_circuit_decorator.py took 0.087 seconds
[2025-03-16T19:13:25.580+0000] {processor.py:186} INFO - Started process (PID=89648) to work on /home/airflow/.local/lib/python3.12/site-packages/airflow/example_dags/example_short_circuit_decorator.py
[2025-03-16T19:13:25.581+0000] {processor.py:914} INFO - Processing file /home/airflow/.local/lib/python3.12/site-packages/airflow/example_dags/example_short_circuit_decorator.py for tasks to queue
[2025-03-16T19:13:25.583+0000] {logging_mixin.py:190} INFO - [2025-03-16T19:13:25.582+0000] {dagbag.py:588} INFO - Filling up the DagBag from /home/airflow/.local/lib/python3.12/site-packages/airflow/example_dags/example_short_circuit_decorator.py
[2025-03-16T19:13:25.597+0000] {processor.py:925} INFO - DAG(s) 'example_short_circuit_decorator' retrieved from /home/airflow/.local/lib/python3.12/site-packages/airflow/example_dags/example_short_circuit_decorator.py
[2025-03-16T19:13:25.622+0000] {logging_mixin.py:190} INFO - [2025-03-16T19:13:25.621+0000] {dag.py:3239} INFO - Sync 1 DAGs
[2025-03-16T19:13:25.638+0000] {logging_mixin.py:190} INFO - [2025-03-16T19:13:25.638+0000] {dag.py:4180} INFO - Setting next_dagrun for example_short_circuit_decorator to None, run_after=None
[2025-03-16T19:13:25.673+0000] {processor.py:208} INFO - Processing /home/airflow/.local/lib/python3.12/site-packages/airflow/example_dags/example_short_circuit_decorator.py took 0.098 seconds
[2025-03-16T19:13:55.952+0000] {processor.py:186} INFO - Started process (PID=89712) to work on /home/airflow/.local/lib/python3.12/site-packages/airflow/example_dags/example_short_circuit_decorator.py
[2025-03-16T19:13:55.954+0000] {processor.py:914} INFO - Processing file /home/airflow/.local/lib/python3.12/site-packages/airflow/example_dags/example_short_circuit_decorator.py for tasks to queue
[2025-03-16T19:13:55.956+0000] {logging_mixin.py:190} INFO - [2025-03-16T19:13:55.956+0000] {dagbag.py:588} INFO - Filling up the DagBag from /home/airflow/.local/lib/python3.12/site-packages/airflow/example_dags/example_short_circuit_decorator.py
[2025-03-16T19:13:55.970+0000] {processor.py:925} INFO - DAG(s) 'example_short_circuit_decorator' retrieved from /home/airflow/.local/lib/python3.12/site-packages/airflow/example_dags/example_short_circuit_decorator.py
[2025-03-16T19:13:56.003+0000] {logging_mixin.py:190} INFO - [2025-03-16T19:13:56.002+0000] {dag.py:3239} INFO - Sync 1 DAGs
[2025-03-16T19:13:56.022+0000] {logging_mixin.py:190} INFO - [2025-03-16T19:13:56.022+0000] {dag.py:4180} INFO - Setting next_dagrun for example_short_circuit_decorator to None, run_after=None
[2025-03-16T19:13:56.049+0000] {processor.py:208} INFO - Processing /home/airflow/.local/lib/python3.12/site-packages/airflow/example_dags/example_short_circuit_decorator.py took 0.105 seconds
[2025-03-16T19:14:26.232+0000] {processor.py:186} INFO - Started process (PID=89776) to work on /home/airflow/.local/lib/python3.12/site-packages/airflow/example_dags/example_short_circuit_decorator.py
[2025-03-16T19:14:26.233+0000] {processor.py:914} INFO - Processing file /home/airflow/.local/lib/python3.12/site-packages/airflow/example_dags/example_short_circuit_decorator.py for tasks to queue
[2025-03-16T19:14:26.234+0000] {logging_mixin.py:190} INFO - [2025-03-16T19:14:26.234+0000] {dagbag.py:588} INFO - Filling up the DagBag from /home/airflow/.local/lib/python3.12/site-packages/airflow/example_dags/example_short_circuit_decorator.py
[2025-03-16T19:14:26.246+0000] {processor.py:925} INFO - DAG(s) 'example_short_circuit_decorator' retrieved from /home/airflow/.local/lib/python3.12/site-packages/airflow/example_dags/example_short_circuit_decorator.py
[2025-03-16T19:14:26.273+0000] {logging_mixin.py:190} INFO - [2025-03-16T19:14:26.272+0000] {dag.py:3239} INFO - Sync 1 DAGs
[2025-03-16T19:14:26.288+0000] {logging_mixin.py:190} INFO - [2025-03-16T19:14:26.287+0000] {dag.py:4180} INFO - Setting next_dagrun for example_short_circuit_decorator to None, run_after=None
[2025-03-16T19:14:26.313+0000] {processor.py:208} INFO - Processing /home/airflow/.local/lib/python3.12/site-packages/airflow/example_dags/example_short_circuit_decorator.py took 0.087 seconds
[2025-03-16T19:14:56.596+0000] {processor.py:186} INFO - Started process (PID=89840) to work on /home/airflow/.local/lib/python3.12/site-packages/airflow/example_dags/example_short_circuit_decorator.py
[2025-03-16T19:14:56.597+0000] {processor.py:914} INFO - Processing file /home/airflow/.local/lib/python3.12/site-packages/airflow/example_dags/example_short_circuit_decorator.py for tasks to queue
[2025-03-16T19:14:56.599+0000] {logging_mixin.py:190} INFO - [2025-03-16T19:14:56.598+0000] {dagbag.py:588} INFO - Filling up the DagBag from /home/airflow/.local/lib/python3.12/site-packages/airflow/example_dags/example_short_circuit_decorator.py
[2025-03-16T19:14:56.611+0000] {processor.py:925} INFO - DAG(s) 'example_short_circuit_decorator' retrieved from /home/airflow/.local/lib/python3.12/site-packages/airflow/example_dags/example_short_circuit_decorator.py
[2025-03-16T19:14:56.640+0000] {logging_mixin.py:190} INFO - [2025-03-16T19:14:56.639+0000] {dag.py:3239} INFO - Sync 1 DAGs
[2025-03-16T19:14:56.655+0000] {logging_mixin.py:190} INFO - [2025-03-16T19:14:56.655+0000] {dag.py:4180} INFO - Setting next_dagrun for example_short_circuit_decorator to None, run_after=None
[2025-03-16T19:14:56.681+0000] {processor.py:208} INFO - Processing /home/airflow/.local/lib/python3.12/site-packages/airflow/example_dags/example_short_circuit_decorator.py took 0.091 seconds
[2025-03-16T19:15:27.200+0000] {processor.py:186} INFO - Started process (PID=89904) to work on /home/airflow/.local/lib/python3.12/site-packages/airflow/example_dags/example_short_circuit_decorator.py
[2025-03-16T19:15:27.203+0000] {processor.py:914} INFO - Processing file /home/airflow/.local/lib/python3.12/site-packages/airflow/example_dags/example_short_circuit_decorator.py for tasks to queue
[2025-03-16T19:15:27.206+0000] {logging_mixin.py:190} INFO - [2025-03-16T19:15:27.205+0000] {dagbag.py:588} INFO - Filling up the DagBag from /home/airflow/.local/lib/python3.12/site-packages/airflow/example_dags/example_short_circuit_decorator.py
[2025-03-16T19:15:27.231+0000] {processor.py:925} INFO - DAG(s) 'example_short_circuit_decorator' retrieved from /home/airflow/.local/lib/python3.12/site-packages/airflow/example_dags/example_short_circuit_decorator.py
[2025-03-16T19:15:27.276+0000] {logging_mixin.py:190} INFO - [2025-03-16T19:15:27.275+0000] {dag.py:3239} INFO - Sync 1 DAGs
[2025-03-16T19:15:27.305+0000] {logging_mixin.py:190} INFO - [2025-03-16T19:15:27.305+0000] {dag.py:4180} INFO - Setting next_dagrun for example_short_circuit_decorator to None, run_after=None
[2025-03-16T19:15:27.345+0000] {processor.py:208} INFO - Processing /home/airflow/.local/lib/python3.12/site-packages/airflow/example_dags/example_short_circuit_decorator.py took 0.156 seconds
[2025-03-16T19:15:57.876+0000] {processor.py:186} INFO - Started process (PID=89968) to work on /home/airflow/.local/lib/python3.12/site-packages/airflow/example_dags/example_short_circuit_decorator.py
[2025-03-16T19:15:57.879+0000] {processor.py:914} INFO - Processing file /home/airflow/.local/lib/python3.12/site-packages/airflow/example_dags/example_short_circuit_decorator.py for tasks to queue
[2025-03-16T19:15:57.881+0000] {logging_mixin.py:190} INFO - [2025-03-16T19:15:57.880+0000] {dagbag.py:588} INFO - Filling up the DagBag from /home/airflow/.local/lib/python3.12/site-packages/airflow/example_dags/example_short_circuit_decorator.py
[2025-03-16T19:15:57.895+0000] {processor.py:925} INFO - DAG(s) 'example_short_circuit_decorator' retrieved from /home/airflow/.local/lib/python3.12/site-packages/airflow/example_dags/example_short_circuit_decorator.py
[2025-03-16T19:15:57.928+0000] {logging_mixin.py:190} INFO - [2025-03-16T19:15:57.928+0000] {dag.py:3239} INFO - Sync 1 DAGs
[2025-03-16T19:15:57.949+0000] {logging_mixin.py:190} INFO - [2025-03-16T19:15:57.948+0000] {dag.py:4180} INFO - Setting next_dagrun for example_short_circuit_decorator to None, run_after=None
[2025-03-16T19:15:57.979+0000] {processor.py:208} INFO - Processing /home/airflow/.local/lib/python3.12/site-packages/airflow/example_dags/example_short_circuit_decorator.py took 0.112 seconds
[2025-03-16T19:16:28.120+0000] {processor.py:186} INFO - Started process (PID=90032) to work on /home/airflow/.local/lib/python3.12/site-packages/airflow/example_dags/example_short_circuit_decorator.py
[2025-03-16T19:16:28.121+0000] {processor.py:914} INFO - Processing file /home/airflow/.local/lib/python3.12/site-packages/airflow/example_dags/example_short_circuit_decorator.py for tasks to queue
[2025-03-16T19:16:28.122+0000] {logging_mixin.py:190} INFO - [2025-03-16T19:16:28.122+0000] {dagbag.py:588} INFO - Filling up the DagBag from /home/airflow/.local/lib/python3.12/site-packages/airflow/example_dags/example_short_circuit_decorator.py
[2025-03-16T19:16:28.138+0000] {processor.py:925} INFO - DAG(s) 'example_short_circuit_decorator' retrieved from /home/airflow/.local/lib/python3.12/site-packages/airflow/example_dags/example_short_circuit_decorator.py
[2025-03-16T19:16:28.171+0000] {logging_mixin.py:190} INFO - [2025-03-16T19:16:28.171+0000] {dag.py:3239} INFO - Sync 1 DAGs
[2025-03-16T19:16:28.191+0000] {logging_mixin.py:190} INFO - [2025-03-16T19:16:28.191+0000] {dag.py:4180} INFO - Setting next_dagrun for example_short_circuit_decorator to None, run_after=None
[2025-03-16T19:16:28.220+0000] {processor.py:208} INFO - Processing /home/airflow/.local/lib/python3.12/site-packages/airflow/example_dags/example_short_circuit_decorator.py took 0.107 seconds
[2025-03-16T19:16:58.460+0000] {processor.py:186} INFO - Started process (PID=90096) to work on /home/airflow/.local/lib/python3.12/site-packages/airflow/example_dags/example_short_circuit_decorator.py
[2025-03-16T19:16:58.461+0000] {processor.py:914} INFO - Processing file /home/airflow/.local/lib/python3.12/site-packages/airflow/example_dags/example_short_circuit_decorator.py for tasks to queue
[2025-03-16T19:16:58.463+0000] {logging_mixin.py:190} INFO - [2025-03-16T19:16:58.463+0000] {dagbag.py:588} INFO - Filling up the DagBag from /home/airflow/.local/lib/python3.12/site-packages/airflow/example_dags/example_short_circuit_decorator.py
[2025-03-16T19:16:58.479+0000] {processor.py:925} INFO - DAG(s) 'example_short_circuit_decorator' retrieved from /home/airflow/.local/lib/python3.12/site-packages/airflow/example_dags/example_short_circuit_decorator.py
[2025-03-16T19:16:58.516+0000] {logging_mixin.py:190} INFO - [2025-03-16T19:16:58.516+0000] {dag.py:3239} INFO - Sync 1 DAGs
[2025-03-16T19:16:58.539+0000] {logging_mixin.py:190} INFO - [2025-03-16T19:16:58.539+0000] {dag.py:4180} INFO - Setting next_dagrun for example_short_circuit_decorator to None, run_after=None
[2025-03-16T19:16:58.571+0000] {processor.py:208} INFO - Processing /home/airflow/.local/lib/python3.12/site-packages/airflow/example_dags/example_short_circuit_decorator.py took 0.118 seconds
[2025-03-16T19:17:28.857+0000] {processor.py:186} INFO - Started process (PID=90160) to work on /home/airflow/.local/lib/python3.12/site-packages/airflow/example_dags/example_short_circuit_decorator.py
[2025-03-16T19:17:28.859+0000] {processor.py:914} INFO - Processing file /home/airflow/.local/lib/python3.12/site-packages/airflow/example_dags/example_short_circuit_decorator.py for tasks to queue
[2025-03-16T19:17:28.861+0000] {logging_mixin.py:190} INFO - [2025-03-16T19:17:28.860+0000] {dagbag.py:588} INFO - Filling up the DagBag from /home/airflow/.local/lib/python3.12/site-packages/airflow/example_dags/example_short_circuit_decorator.py
[2025-03-16T19:17:28.873+0000] {processor.py:925} INFO - DAG(s) 'example_short_circuit_decorator' retrieved from /home/airflow/.local/lib/python3.12/site-packages/airflow/example_dags/example_short_circuit_decorator.py
[2025-03-16T19:17:28.906+0000] {logging_mixin.py:190} INFO - [2025-03-16T19:17:28.906+0000] {dag.py:3239} INFO - Sync 1 DAGs
[2025-03-16T19:17:28.926+0000] {logging_mixin.py:190} INFO - [2025-03-16T19:17:28.926+0000] {dag.py:4180} INFO - Setting next_dagrun for example_short_circuit_decorator to None, run_after=None
[2025-03-16T19:17:28.955+0000] {processor.py:208} INFO - Processing /home/airflow/.local/lib/python3.12/site-packages/airflow/example_dags/example_short_circuit_decorator.py took 0.108 seconds
[2025-03-16T19:17:59.305+0000] {processor.py:186} INFO - Started process (PID=90224) to work on /home/airflow/.local/lib/python3.12/site-packages/airflow/example_dags/example_short_circuit_decorator.py
[2025-03-16T19:17:59.306+0000] {processor.py:914} INFO - Processing file /home/airflow/.local/lib/python3.12/site-packages/airflow/example_dags/example_short_circuit_decorator.py for tasks to queue
[2025-03-16T19:17:59.311+0000] {logging_mixin.py:190} INFO - [2025-03-16T19:17:59.309+0000] {dagbag.py:588} INFO - Filling up the DagBag from /home/airflow/.local/lib/python3.12/site-packages/airflow/example_dags/example_short_circuit_decorator.py
[2025-03-16T19:17:59.331+0000] {processor.py:925} INFO - DAG(s) 'example_short_circuit_decorator' retrieved from /home/airflow/.local/lib/python3.12/site-packages/airflow/example_dags/example_short_circuit_decorator.py
[2025-03-16T19:17:59.367+0000] {logging_mixin.py:190} INFO - [2025-03-16T19:17:59.367+0000] {dag.py:3239} INFO - Sync 1 DAGs
[2025-03-16T19:17:59.389+0000] {logging_mixin.py:190} INFO - [2025-03-16T19:17:59.388+0000] {dag.py:4180} INFO - Setting next_dagrun for example_short_circuit_decorator to None, run_after=None
[2025-03-16T19:17:59.421+0000] {processor.py:208} INFO - Processing /home/airflow/.local/lib/python3.12/site-packages/airflow/example_dags/example_short_circuit_decorator.py took 0.124 seconds
[2025-03-16T19:18:29.525+0000] {processor.py:186} INFO - Started process (PID=90288) to work on /home/airflow/.local/lib/python3.12/site-packages/airflow/example_dags/example_short_circuit_decorator.py
[2025-03-16T19:18:29.526+0000] {processor.py:914} INFO - Processing file /home/airflow/.local/lib/python3.12/site-packages/airflow/example_dags/example_short_circuit_decorator.py for tasks to queue
[2025-03-16T19:18:29.529+0000] {logging_mixin.py:190} INFO - [2025-03-16T19:18:29.529+0000] {dagbag.py:588} INFO - Filling up the DagBag from /home/airflow/.local/lib/python3.12/site-packages/airflow/example_dags/example_short_circuit_decorator.py
[2025-03-16T19:18:29.543+0000] {processor.py:925} INFO - DAG(s) 'example_short_circuit_decorator' retrieved from /home/airflow/.local/lib/python3.12/site-packages/airflow/example_dags/example_short_circuit_decorator.py
[2025-03-16T19:18:29.577+0000] {logging_mixin.py:190} INFO - [2025-03-16T19:18:29.577+0000] {dag.py:3239} INFO - Sync 1 DAGs
[2025-03-16T19:18:29.597+0000] {logging_mixin.py:190} INFO - [2025-03-16T19:18:29.597+0000] {dag.py:4180} INFO - Setting next_dagrun for example_short_circuit_decorator to None, run_after=None
[2025-03-16T19:18:29.629+0000] {processor.py:208} INFO - Processing /home/airflow/.local/lib/python3.12/site-packages/airflow/example_dags/example_short_circuit_decorator.py took 0.112 seconds
[2025-03-16T19:18:59.796+0000] {processor.py:186} INFO - Started process (PID=90352) to work on /home/airflow/.local/lib/python3.12/site-packages/airflow/example_dags/example_short_circuit_decorator.py
[2025-03-16T19:18:59.797+0000] {processor.py:914} INFO - Processing file /home/airflow/.local/lib/python3.12/site-packages/airflow/example_dags/example_short_circuit_decorator.py for tasks to queue
[2025-03-16T19:18:59.800+0000] {logging_mixin.py:190} INFO - [2025-03-16T19:18:59.799+0000] {dagbag.py:588} INFO - Filling up the DagBag from /home/airflow/.local/lib/python3.12/site-packages/airflow/example_dags/example_short_circuit_decorator.py
[2025-03-16T19:18:59.825+0000] {processor.py:925} INFO - DAG(s) 'example_short_circuit_decorator' retrieved from /home/airflow/.local/lib/python3.12/site-packages/airflow/example_dags/example_short_circuit_decorator.py
[2025-03-16T19:18:59.868+0000] {logging_mixin.py:190} INFO - [2025-03-16T19:18:59.867+0000] {dag.py:3239} INFO - Sync 1 DAGs
[2025-03-16T19:18:59.891+0000] {logging_mixin.py:190} INFO - [2025-03-16T19:18:59.891+0000] {dag.py:4180} INFO - Setting next_dagrun for example_short_circuit_decorator to None, run_after=None
[2025-03-16T19:18:59.924+0000] {processor.py:208} INFO - Processing /home/airflow/.local/lib/python3.12/site-packages/airflow/example_dags/example_short_circuit_decorator.py took 0.134 seconds
[2025-03-16T19:19:30.839+0000] {processor.py:186} INFO - Started process (PID=90416) to work on /home/airflow/.local/lib/python3.12/site-packages/airflow/example_dags/example_short_circuit_decorator.py
[2025-03-16T19:19:30.841+0000] {processor.py:914} INFO - Processing file /home/airflow/.local/lib/python3.12/site-packages/airflow/example_dags/example_short_circuit_decorator.py for tasks to queue
[2025-03-16T19:19:30.844+0000] {logging_mixin.py:190} INFO - [2025-03-16T19:19:30.843+0000] {dagbag.py:588} INFO - Filling up the DagBag from /home/airflow/.local/lib/python3.12/site-packages/airflow/example_dags/example_short_circuit_decorator.py
[2025-03-16T19:19:30.857+0000] {processor.py:925} INFO - DAG(s) 'example_short_circuit_decorator' retrieved from /home/airflow/.local/lib/python3.12/site-packages/airflow/example_dags/example_short_circuit_decorator.py
[2025-03-16T19:19:30.891+0000] {logging_mixin.py:190} INFO - [2025-03-16T19:19:30.891+0000] {dag.py:3239} INFO - Sync 1 DAGs
[2025-03-16T19:19:30.913+0000] {logging_mixin.py:190} INFO - [2025-03-16T19:19:30.911+0000] {dag.py:4180} INFO - Setting next_dagrun for example_short_circuit_decorator to None, run_after=None
[2025-03-16T19:19:30.937+0000] {processor.py:208} INFO - Processing /home/airflow/.local/lib/python3.12/site-packages/airflow/example_dags/example_short_circuit_decorator.py took 0.104 seconds
[2025-03-16T19:20:01.128+0000] {processor.py:186} INFO - Started process (PID=90480) to work on /home/airflow/.local/lib/python3.12/site-packages/airflow/example_dags/example_short_circuit_decorator.py
[2025-03-16T19:20:01.129+0000] {processor.py:914} INFO - Processing file /home/airflow/.local/lib/python3.12/site-packages/airflow/example_dags/example_short_circuit_decorator.py for tasks to queue
[2025-03-16T19:20:01.133+0000] {logging_mixin.py:190} INFO - [2025-03-16T19:20:01.131+0000] {dagbag.py:588} INFO - Filling up the DagBag from /home/airflow/.local/lib/python3.12/site-packages/airflow/example_dags/example_short_circuit_decorator.py
[2025-03-16T19:20:01.144+0000] {processor.py:925} INFO - DAG(s) 'example_short_circuit_decorator' retrieved from /home/airflow/.local/lib/python3.12/site-packages/airflow/example_dags/example_short_circuit_decorator.py
[2025-03-16T19:20:01.174+0000] {logging_mixin.py:190} INFO - [2025-03-16T19:20:01.174+0000] {dag.py:3239} INFO - Sync 1 DAGs
[2025-03-16T19:20:01.192+0000] {logging_mixin.py:190} INFO - [2025-03-16T19:20:01.192+0000] {dag.py:4180} INFO - Setting next_dagrun for example_short_circuit_decorator to None, run_after=None
[2025-03-16T19:20:01.219+0000] {processor.py:208} INFO - Processing /home/airflow/.local/lib/python3.12/site-packages/airflow/example_dags/example_short_circuit_decorator.py took 0.100 seconds
[2025-03-16T19:20:31.457+0000] {processor.py:186} INFO - Started process (PID=90544) to work on /home/airflow/.local/lib/python3.12/site-packages/airflow/example_dags/example_short_circuit_decorator.py
[2025-03-16T19:20:31.459+0000] {processor.py:914} INFO - Processing file /home/airflow/.local/lib/python3.12/site-packages/airflow/example_dags/example_short_circuit_decorator.py for tasks to queue
[2025-03-16T19:20:31.461+0000] {logging_mixin.py:190} INFO - [2025-03-16T19:20:31.460+0000] {dagbag.py:588} INFO - Filling up the DagBag from /home/airflow/.local/lib/python3.12/site-packages/airflow/example_dags/example_short_circuit_decorator.py
[2025-03-16T19:20:31.471+0000] {processor.py:925} INFO - DAG(s) 'example_short_circuit_decorator' retrieved from /home/airflow/.local/lib/python3.12/site-packages/airflow/example_dags/example_short_circuit_decorator.py
[2025-03-16T19:20:31.502+0000] {logging_mixin.py:190} INFO - [2025-03-16T19:20:31.502+0000] {dag.py:3239} INFO - Sync 1 DAGs
[2025-03-16T19:20:31.525+0000] {logging_mixin.py:190} INFO - [2025-03-16T19:20:31.524+0000] {dag.py:4180} INFO - Setting next_dagrun for example_short_circuit_decorator to None, run_after=None
[2025-03-16T19:20:31.555+0000] {processor.py:208} INFO - Processing /home/airflow/.local/lib/python3.12/site-packages/airflow/example_dags/example_short_circuit_decorator.py took 0.105 seconds
[2025-03-16T19:21:02.606+0000] {processor.py:186} INFO - Started process (PID=90608) to work on /home/airflow/.local/lib/python3.12/site-packages/airflow/example_dags/example_short_circuit_decorator.py
[2025-03-16T19:21:02.607+0000] {processor.py:914} INFO - Processing file /home/airflow/.local/lib/python3.12/site-packages/airflow/example_dags/example_short_circuit_decorator.py for tasks to queue
[2025-03-16T19:21:02.609+0000] {logging_mixin.py:190} INFO - [2025-03-16T19:21:02.609+0000] {dagbag.py:588} INFO - Filling up the DagBag from /home/airflow/.local/lib/python3.12/site-packages/airflow/example_dags/example_short_circuit_decorator.py
[2025-03-16T19:21:02.625+0000] {processor.py:925} INFO - DAG(s) 'example_short_circuit_decorator' retrieved from /home/airflow/.local/lib/python3.12/site-packages/airflow/example_dags/example_short_circuit_decorator.py
[2025-03-16T19:21:02.642+0000] {logging_mixin.py:190} INFO - [2025-03-16T19:21:02.642+0000] {dag.py:3239} INFO - Sync 1 DAGs
[2025-03-16T19:21:02.659+0000] {logging_mixin.py:190} INFO - [2025-03-16T19:21:02.659+0000] {dag.py:4180} INFO - Setting next_dagrun for example_short_circuit_decorator to None, run_after=None
[2025-03-16T19:21:02.685+0000] {processor.py:208} INFO - Processing /home/airflow/.local/lib/python3.12/site-packages/airflow/example_dags/example_short_circuit_decorator.py took 0.099 seconds
[2025-03-16T19:21:33.162+0000] {processor.py:186} INFO - Started process (PID=90672) to work on /home/airflow/.local/lib/python3.12/site-packages/airflow/example_dags/example_short_circuit_decorator.py
[2025-03-16T19:21:33.165+0000] {processor.py:914} INFO - Processing file /home/airflow/.local/lib/python3.12/site-packages/airflow/example_dags/example_short_circuit_decorator.py for tasks to queue
[2025-03-16T19:21:33.167+0000] {logging_mixin.py:190} INFO - [2025-03-16T19:21:33.166+0000] {dagbag.py:588} INFO - Filling up the DagBag from /home/airflow/.local/lib/python3.12/site-packages/airflow/example_dags/example_short_circuit_decorator.py
[2025-03-16T19:21:33.181+0000] {processor.py:925} INFO - DAG(s) 'example_short_circuit_decorator' retrieved from /home/airflow/.local/lib/python3.12/site-packages/airflow/example_dags/example_short_circuit_decorator.py
[2025-03-16T19:21:33.212+0000] {logging_mixin.py:190} INFO - [2025-03-16T19:21:33.212+0000] {dag.py:3239} INFO - Sync 1 DAGs
[2025-03-16T19:21:33.230+0000] {logging_mixin.py:190} INFO - [2025-03-16T19:21:33.230+0000] {dag.py:4180} INFO - Setting next_dagrun for example_short_circuit_decorator to None, run_after=None
[2025-03-16T19:21:33.258+0000] {processor.py:208} INFO - Processing /home/airflow/.local/lib/python3.12/site-packages/airflow/example_dags/example_short_circuit_decorator.py took 0.104 seconds
[2025-03-16T19:22:03.556+0000] {processor.py:186} INFO - Started process (PID=90736) to work on /home/airflow/.local/lib/python3.12/site-packages/airflow/example_dags/example_short_circuit_decorator.py
[2025-03-16T19:22:03.558+0000] {processor.py:914} INFO - Processing file /home/airflow/.local/lib/python3.12/site-packages/airflow/example_dags/example_short_circuit_decorator.py for tasks to queue
[2025-03-16T19:22:03.561+0000] {logging_mixin.py:190} INFO - [2025-03-16T19:22:03.560+0000] {dagbag.py:588} INFO - Filling up the DagBag from /home/airflow/.local/lib/python3.12/site-packages/airflow/example_dags/example_short_circuit_decorator.py
[2025-03-16T19:22:03.573+0000] {processor.py:925} INFO - DAG(s) 'example_short_circuit_decorator' retrieved from /home/airflow/.local/lib/python3.12/site-packages/airflow/example_dags/example_short_circuit_decorator.py
[2025-03-16T19:22:03.606+0000] {logging_mixin.py:190} INFO - [2025-03-16T19:22:03.605+0000] {dag.py:3239} INFO - Sync 1 DAGs
[2025-03-16T19:22:03.625+0000] {logging_mixin.py:190} INFO - [2025-03-16T19:22:03.624+0000] {dag.py:4180} INFO - Setting next_dagrun for example_short_circuit_decorator to None, run_after=None
[2025-03-16T19:22:03.653+0000] {processor.py:208} INFO - Processing /home/airflow/.local/lib/python3.12/site-packages/airflow/example_dags/example_short_circuit_decorator.py took 0.102 seconds
[2025-03-16T19:22:33.937+0000] {processor.py:186} INFO - Started process (PID=90800) to work on /home/airflow/.local/lib/python3.12/site-packages/airflow/example_dags/example_short_circuit_decorator.py
[2025-03-16T19:22:33.939+0000] {processor.py:914} INFO - Processing file /home/airflow/.local/lib/python3.12/site-packages/airflow/example_dags/example_short_circuit_decorator.py for tasks to queue
[2025-03-16T19:22:33.941+0000] {logging_mixin.py:190} INFO - [2025-03-16T19:22:33.941+0000] {dagbag.py:588} INFO - Filling up the DagBag from /home/airflow/.local/lib/python3.12/site-packages/airflow/example_dags/example_short_circuit_decorator.py
[2025-03-16T19:22:33.959+0000] {processor.py:925} INFO - DAG(s) 'example_short_circuit_decorator' retrieved from /home/airflow/.local/lib/python3.12/site-packages/airflow/example_dags/example_short_circuit_decorator.py
[2025-03-16T19:22:34.006+0000] {logging_mixin.py:190} INFO - [2025-03-16T19:22:34.006+0000] {dag.py:3239} INFO - Sync 1 DAGs
[2025-03-16T19:22:34.032+0000] {logging_mixin.py:190} INFO - [2025-03-16T19:22:34.031+0000] {dag.py:4180} INFO - Setting next_dagrun for example_short_circuit_decorator to None, run_after=None
[2025-03-16T19:22:34.070+0000] {processor.py:208} INFO - Processing /home/airflow/.local/lib/python3.12/site-packages/airflow/example_dags/example_short_circuit_decorator.py took 0.145 seconds
[2025-03-16T19:23:04.372+0000] {processor.py:186} INFO - Started process (PID=90864) to work on /home/airflow/.local/lib/python3.12/site-packages/airflow/example_dags/example_short_circuit_decorator.py
[2025-03-16T19:23:04.374+0000] {processor.py:914} INFO - Processing file /home/airflow/.local/lib/python3.12/site-packages/airflow/example_dags/example_short_circuit_decorator.py for tasks to queue
[2025-03-16T19:23:04.376+0000] {logging_mixin.py:190} INFO - [2025-03-16T19:23:04.375+0000] {dagbag.py:588} INFO - Filling up the DagBag from /home/airflow/.local/lib/python3.12/site-packages/airflow/example_dags/example_short_circuit_decorator.py
[2025-03-16T19:23:04.395+0000] {processor.py:925} INFO - DAG(s) 'example_short_circuit_decorator' retrieved from /home/airflow/.local/lib/python3.12/site-packages/airflow/example_dags/example_short_circuit_decorator.py
[2025-03-16T19:23:04.440+0000] {logging_mixin.py:190} INFO - [2025-03-16T19:23:04.440+0000] {dag.py:3239} INFO - Sync 1 DAGs
[2025-03-16T19:23:04.469+0000] {logging_mixin.py:190} INFO - [2025-03-16T19:23:04.468+0000] {dag.py:4180} INFO - Setting next_dagrun for example_short_circuit_decorator to None, run_after=None
[2025-03-16T19:23:04.504+0000] {processor.py:208} INFO - Processing /home/airflow/.local/lib/python3.12/site-packages/airflow/example_dags/example_short_circuit_decorator.py took 0.142 seconds
[2025-03-16T19:23:35.657+0000] {processor.py:186} INFO - Started process (PID=90928) to work on /home/airflow/.local/lib/python3.12/site-packages/airflow/example_dags/example_short_circuit_decorator.py
[2025-03-16T19:23:35.659+0000] {processor.py:914} INFO - Processing file /home/airflow/.local/lib/python3.12/site-packages/airflow/example_dags/example_short_circuit_decorator.py for tasks to queue
[2025-03-16T19:23:35.664+0000] {logging_mixin.py:190} INFO - [2025-03-16T19:23:35.662+0000] {dagbag.py:588} INFO - Filling up the DagBag from /home/airflow/.local/lib/python3.12/site-packages/airflow/example_dags/example_short_circuit_decorator.py
[2025-03-16T19:23:35.680+0000] {processor.py:925} INFO - DAG(s) 'example_short_circuit_decorator' retrieved from /home/airflow/.local/lib/python3.12/site-packages/airflow/example_dags/example_short_circuit_decorator.py
[2025-03-16T19:23:35.722+0000] {logging_mixin.py:190} INFO - [2025-03-16T19:23:35.721+0000] {dag.py:3239} INFO - Sync 1 DAGs
[2025-03-16T19:23:35.749+0000] {logging_mixin.py:190} INFO - [2025-03-16T19:23:35.749+0000] {dag.py:4180} INFO - Setting next_dagrun for example_short_circuit_decorator to None, run_after=None
[2025-03-16T19:23:35.784+0000] {processor.py:208} INFO - Processing /home/airflow/.local/lib/python3.12/site-packages/airflow/example_dags/example_short_circuit_decorator.py took 0.135 seconds
[2025-03-16T19:24:06.694+0000] {processor.py:186} INFO - Started process (PID=90991) to work on /home/airflow/.local/lib/python3.12/site-packages/airflow/example_dags/example_short_circuit_decorator.py
[2025-03-16T19:24:06.696+0000] {processor.py:914} INFO - Processing file /home/airflow/.local/lib/python3.12/site-packages/airflow/example_dags/example_short_circuit_decorator.py for tasks to queue
[2025-03-16T19:24:06.700+0000] {logging_mixin.py:190} INFO - [2025-03-16T19:24:06.700+0000] {dagbag.py:588} INFO - Filling up the DagBag from /home/airflow/.local/lib/python3.12/site-packages/airflow/example_dags/example_short_circuit_decorator.py
[2025-03-16T19:24:06.718+0000] {processor.py:925} INFO - DAG(s) 'example_short_circuit_decorator' retrieved from /home/airflow/.local/lib/python3.12/site-packages/airflow/example_dags/example_short_circuit_decorator.py
[2025-03-16T19:24:06.761+0000] {logging_mixin.py:190} INFO - [2025-03-16T19:24:06.761+0000] {dag.py:3239} INFO - Sync 1 DAGs
[2025-03-16T19:24:06.791+0000] {logging_mixin.py:190} INFO - [2025-03-16T19:24:06.790+0000] {dag.py:4180} INFO - Setting next_dagrun for example_short_circuit_decorator to None, run_after=None
[2025-03-16T19:24:06.830+0000] {processor.py:208} INFO - Processing /home/airflow/.local/lib/python3.12/site-packages/airflow/example_dags/example_short_circuit_decorator.py took 0.146 seconds
[2025-03-16T19:24:38.882+0000] {processor.py:186} INFO - Started process (PID=91057) to work on /home/airflow/.local/lib/python3.12/site-packages/airflow/example_dags/example_short_circuit_decorator.py
[2025-03-16T19:24:38.885+0000] {processor.py:914} INFO - Processing file /home/airflow/.local/lib/python3.12/site-packages/airflow/example_dags/example_short_circuit_decorator.py for tasks to queue
[2025-03-16T19:24:38.888+0000] {logging_mixin.py:190} INFO - [2025-03-16T19:24:38.887+0000] {dagbag.py:588} INFO - Filling up the DagBag from /home/airflow/.local/lib/python3.12/site-packages/airflow/example_dags/example_short_circuit_decorator.py
[2025-03-16T19:24:38.906+0000] {processor.py:925} INFO - DAG(s) 'example_short_circuit_decorator' retrieved from /home/airflow/.local/lib/python3.12/site-packages/airflow/example_dags/example_short_circuit_decorator.py
[2025-03-16T19:24:38.948+0000] {logging_mixin.py:190} INFO - [2025-03-16T19:24:38.948+0000] {dag.py:3239} INFO - Sync 1 DAGs
[2025-03-16T19:24:38.975+0000] {logging_mixin.py:190} INFO - [2025-03-16T19:24:38.975+0000] {dag.py:4180} INFO - Setting next_dagrun for example_short_circuit_decorator to None, run_after=None
[2025-03-16T19:24:39.015+0000] {processor.py:208} INFO - Processing /home/airflow/.local/lib/python3.12/site-packages/airflow/example_dags/example_short_circuit_decorator.py took 0.142 seconds
[2025-03-16T19:25:11.590+0000] {processor.py:186} INFO - Started process (PID=91126) to work on /home/airflow/.local/lib/python3.12/site-packages/airflow/example_dags/example_short_circuit_decorator.py
[2025-03-16T19:25:11.592+0000] {processor.py:914} INFO - Processing file /home/airflow/.local/lib/python3.12/site-packages/airflow/example_dags/example_short_circuit_decorator.py for tasks to queue
[2025-03-16T19:25:11.593+0000] {logging_mixin.py:190} INFO - [2025-03-16T19:25:11.593+0000] {dagbag.py:588} INFO - Filling up the DagBag from /home/airflow/.local/lib/python3.12/site-packages/airflow/example_dags/example_short_circuit_decorator.py
[2025-03-16T19:25:11.611+0000] {processor.py:925} INFO - DAG(s) 'example_short_circuit_decorator' retrieved from /home/airflow/.local/lib/python3.12/site-packages/airflow/example_dags/example_short_circuit_decorator.py
[2025-03-16T19:25:11.656+0000] {logging_mixin.py:190} INFO - [2025-03-16T19:25:11.656+0000] {dag.py:3239} INFO - Sync 1 DAGs
[2025-03-16T19:25:11.683+0000] {logging_mixin.py:190} INFO - [2025-03-16T19:25:11.683+0000] {dag.py:4180} INFO - Setting next_dagrun for example_short_circuit_decorator to None, run_after=None
[2025-03-16T19:25:11.721+0000] {processor.py:208} INFO - Processing /home/airflow/.local/lib/python3.12/site-packages/airflow/example_dags/example_short_circuit_decorator.py took 0.141 seconds
[2025-03-16T19:25:43.024+0000] {processor.py:186} INFO - Started process (PID=91190) to work on /home/airflow/.local/lib/python3.12/site-packages/airflow/example_dags/example_short_circuit_decorator.py
[2025-03-16T19:25:43.026+0000] {processor.py:914} INFO - Processing file /home/airflow/.local/lib/python3.12/site-packages/airflow/example_dags/example_short_circuit_decorator.py for tasks to queue
[2025-03-16T19:25:43.029+0000] {logging_mixin.py:190} INFO - [2025-03-16T19:25:43.028+0000] {dagbag.py:588} INFO - Filling up the DagBag from /home/airflow/.local/lib/python3.12/site-packages/airflow/example_dags/example_short_circuit_decorator.py
[2025-03-16T19:25:43.049+0000] {processor.py:925} INFO - DAG(s) 'example_short_circuit_decorator' retrieved from /home/airflow/.local/lib/python3.12/site-packages/airflow/example_dags/example_short_circuit_decorator.py
[2025-03-16T19:25:43.093+0000] {logging_mixin.py:190} INFO - [2025-03-16T19:25:43.092+0000] {dag.py:3239} INFO - Sync 1 DAGs
[2025-03-16T19:25:43.122+0000] {logging_mixin.py:190} INFO - [2025-03-16T19:25:43.121+0000] {dag.py:4180} INFO - Setting next_dagrun for example_short_circuit_decorator to None, run_after=None
[2025-03-16T19:25:43.157+0000] {processor.py:208} INFO - Processing /home/airflow/.local/lib/python3.12/site-packages/airflow/example_dags/example_short_circuit_decorator.py took 0.142 seconds
[2025-03-16T19:26:14.360+0000] {processor.py:186} INFO - Started process (PID=91255) to work on /home/airflow/.local/lib/python3.12/site-packages/airflow/example_dags/example_short_circuit_decorator.py
[2025-03-16T19:26:14.362+0000] {processor.py:914} INFO - Processing file /home/airflow/.local/lib/python3.12/site-packages/airflow/example_dags/example_short_circuit_decorator.py for tasks to queue
[2025-03-16T19:26:14.364+0000] {logging_mixin.py:190} INFO - [2025-03-16T19:26:14.363+0000] {dagbag.py:588} INFO - Filling up the DagBag from /home/airflow/.local/lib/python3.12/site-packages/airflow/example_dags/example_short_circuit_decorator.py
[2025-03-16T19:26:14.387+0000] {processor.py:925} INFO - DAG(s) 'example_short_circuit_decorator' retrieved from /home/airflow/.local/lib/python3.12/site-packages/airflow/example_dags/example_short_circuit_decorator.py
[2025-03-16T19:26:14.435+0000] {logging_mixin.py:190} INFO - [2025-03-16T19:26:14.434+0000] {dag.py:3239} INFO - Sync 1 DAGs
[2025-03-16T19:26:14.457+0000] {logging_mixin.py:190} INFO - [2025-03-16T19:26:14.457+0000] {dag.py:4180} INFO - Setting next_dagrun for example_short_circuit_decorator to None, run_after=None
[2025-03-16T19:26:14.489+0000] {processor.py:208} INFO - Processing /home/airflow/.local/lib/python3.12/site-packages/airflow/example_dags/example_short_circuit_decorator.py took 0.140 seconds
[2025-03-16T19:26:46.195+0000] {processor.py:186} INFO - Started process (PID=91324) to work on /home/airflow/.local/lib/python3.12/site-packages/airflow/example_dags/example_short_circuit_decorator.py
[2025-03-16T19:26:46.197+0000] {processor.py:914} INFO - Processing file /home/airflow/.local/lib/python3.12/site-packages/airflow/example_dags/example_short_circuit_decorator.py for tasks to queue
[2025-03-16T19:26:46.199+0000] {logging_mixin.py:190} INFO - [2025-03-16T19:26:46.198+0000] {dagbag.py:588} INFO - Filling up the DagBag from /home/airflow/.local/lib/python3.12/site-packages/airflow/example_dags/example_short_circuit_decorator.py
[2025-03-16T19:26:46.216+0000] {processor.py:925} INFO - DAG(s) 'example_short_circuit_decorator' retrieved from /home/airflow/.local/lib/python3.12/site-packages/airflow/example_dags/example_short_circuit_decorator.py
[2025-03-16T19:26:46.259+0000] {logging_mixin.py:190} INFO - [2025-03-16T19:26:46.258+0000] {dag.py:3239} INFO - Sync 1 DAGs
[2025-03-16T19:26:46.289+0000] {logging_mixin.py:190} INFO - [2025-03-16T19:26:46.288+0000] {dag.py:4180} INFO - Setting next_dagrun for example_short_circuit_decorator to None, run_after=None
[2025-03-16T19:26:46.324+0000] {processor.py:208} INFO - Processing /home/airflow/.local/lib/python3.12/site-packages/airflow/example_dags/example_short_circuit_decorator.py took 0.137 seconds
[2025-03-16T19:27:17.310+0000] {processor.py:186} INFO - Started process (PID=91388) to work on /home/airflow/.local/lib/python3.12/site-packages/airflow/example_dags/example_short_circuit_decorator.py
[2025-03-16T19:27:17.312+0000] {processor.py:914} INFO - Processing file /home/airflow/.local/lib/python3.12/site-packages/airflow/example_dags/example_short_circuit_decorator.py for tasks to queue
[2025-03-16T19:27:17.315+0000] {logging_mixin.py:190} INFO - [2025-03-16T19:27:17.314+0000] {dagbag.py:588} INFO - Filling up the DagBag from /home/airflow/.local/lib/python3.12/site-packages/airflow/example_dags/example_short_circuit_decorator.py
[2025-03-16T19:27:17.332+0000] {processor.py:925} INFO - DAG(s) 'example_short_circuit_decorator' retrieved from /home/airflow/.local/lib/python3.12/site-packages/airflow/example_dags/example_short_circuit_decorator.py
[2025-03-16T19:27:17.368+0000] {logging_mixin.py:190} INFO - [2025-03-16T19:27:17.367+0000] {dag.py:3239} INFO - Sync 1 DAGs
[2025-03-16T19:27:17.391+0000] {logging_mixin.py:190} INFO - [2025-03-16T19:27:17.391+0000] {dag.py:4180} INFO - Setting next_dagrun for example_short_circuit_decorator to None, run_after=None
[2025-03-16T19:27:17.423+0000] {processor.py:208} INFO - Processing /home/airflow/.local/lib/python3.12/site-packages/airflow/example_dags/example_short_circuit_decorator.py took 0.120 seconds
[2025-03-16T19:27:49.178+0000] {processor.py:186} INFO - Started process (PID=91453) to work on /home/airflow/.local/lib/python3.12/site-packages/airflow/example_dags/example_short_circuit_decorator.py
[2025-03-16T19:27:49.180+0000] {processor.py:914} INFO - Processing file /home/airflow/.local/lib/python3.12/site-packages/airflow/example_dags/example_short_circuit_decorator.py for tasks to queue
[2025-03-16T19:27:49.182+0000] {logging_mixin.py:190} INFO - [2025-03-16T19:27:49.181+0000] {dagbag.py:588} INFO - Filling up the DagBag from /home/airflow/.local/lib/python3.12/site-packages/airflow/example_dags/example_short_circuit_decorator.py
[2025-03-16T19:27:49.198+0000] {processor.py:925} INFO - DAG(s) 'example_short_circuit_decorator' retrieved from /home/airflow/.local/lib/python3.12/site-packages/airflow/example_dags/example_short_circuit_decorator.py
[2025-03-16T19:27:49.245+0000] {logging_mixin.py:190} INFO - [2025-03-16T19:27:49.245+0000] {dag.py:3239} INFO - Sync 1 DAGs
[2025-03-16T19:27:49.271+0000] {logging_mixin.py:190} INFO - [2025-03-16T19:27:49.271+0000] {dag.py:4180} INFO - Setting next_dagrun for example_short_circuit_decorator to None, run_after=None
[2025-03-16T19:27:49.579+0000] {processor.py:208} INFO - Processing /home/airflow/.local/lib/python3.12/site-packages/airflow/example_dags/example_short_circuit_decorator.py took 0.414 seconds
[2025-03-16T19:28:19.931+0000] {processor.py:186} INFO - Started process (PID=91517) to work on /home/airflow/.local/lib/python3.12/site-packages/airflow/example_dags/example_short_circuit_decorator.py
[2025-03-16T19:28:19.933+0000] {processor.py:914} INFO - Processing file /home/airflow/.local/lib/python3.12/site-packages/airflow/example_dags/example_short_circuit_decorator.py for tasks to queue
[2025-03-16T19:28:19.936+0000] {logging_mixin.py:190} INFO - [2025-03-16T19:28:19.935+0000] {dagbag.py:588} INFO - Filling up the DagBag from /home/airflow/.local/lib/python3.12/site-packages/airflow/example_dags/example_short_circuit_decorator.py
[2025-03-16T19:28:19.953+0000] {processor.py:925} INFO - DAG(s) 'example_short_circuit_decorator' retrieved from /home/airflow/.local/lib/python3.12/site-packages/airflow/example_dags/example_short_circuit_decorator.py
[2025-03-16T19:28:19.998+0000] {logging_mixin.py:190} INFO - [2025-03-16T19:28:19.997+0000] {dag.py:3239} INFO - Sync 1 DAGs
[2025-03-16T19:28:20.029+0000] {logging_mixin.py:190} INFO - [2025-03-16T19:28:20.028+0000] {dag.py:4180} INFO - Setting next_dagrun for example_short_circuit_decorator to None, run_after=None
[2025-03-16T19:28:20.066+0000] {processor.py:208} INFO - Processing /home/airflow/.local/lib/python3.12/site-packages/airflow/example_dags/example_short_circuit_decorator.py took 0.147 seconds
[2025-03-16T19:28:52.171+0000] {processor.py:186} INFO - Started process (PID=91583) to work on /home/airflow/.local/lib/python3.12/site-packages/airflow/example_dags/example_short_circuit_decorator.py
[2025-03-16T19:28:52.172+0000] {processor.py:914} INFO - Processing file /home/airflow/.local/lib/python3.12/site-packages/airflow/example_dags/example_short_circuit_decorator.py for tasks to queue
[2025-03-16T19:28:52.174+0000] {logging_mixin.py:190} INFO - [2025-03-16T19:28:52.174+0000] {dagbag.py:588} INFO - Filling up the DagBag from /home/airflow/.local/lib/python3.12/site-packages/airflow/example_dags/example_short_circuit_decorator.py
[2025-03-16T19:28:52.194+0000] {processor.py:925} INFO - DAG(s) 'example_short_circuit_decorator' retrieved from /home/airflow/.local/lib/python3.12/site-packages/airflow/example_dags/example_short_circuit_decorator.py
[2025-03-16T19:28:52.240+0000] {logging_mixin.py:190} INFO - [2025-03-16T19:28:52.240+0000] {dag.py:3239} INFO - Sync 1 DAGs
[2025-03-16T19:28:52.270+0000] {logging_mixin.py:190} INFO - [2025-03-16T19:28:52.269+0000] {dag.py:4180} INFO - Setting next_dagrun for example_short_circuit_decorator to None, run_after=None
[2025-03-16T19:28:52.307+0000] {processor.py:208} INFO - Processing /home/airflow/.local/lib/python3.12/site-packages/airflow/example_dags/example_short_circuit_decorator.py took 0.148 seconds
[2025-03-16T19:29:23.410+0000] {processor.py:186} INFO - Started process (PID=91649) to work on /home/airflow/.local/lib/python3.12/site-packages/airflow/example_dags/example_short_circuit_decorator.py
[2025-03-16T19:29:23.412+0000] {processor.py:914} INFO - Processing file /home/airflow/.local/lib/python3.12/site-packages/airflow/example_dags/example_short_circuit_decorator.py for tasks to queue
[2025-03-16T19:29:23.416+0000] {logging_mixin.py:190} INFO - [2025-03-16T19:29:23.415+0000] {dagbag.py:588} INFO - Filling up the DagBag from /home/airflow/.local/lib/python3.12/site-packages/airflow/example_dags/example_short_circuit_decorator.py
[2025-03-16T19:29:23.435+0000] {processor.py:925} INFO - DAG(s) 'example_short_circuit_decorator' retrieved from /home/airflow/.local/lib/python3.12/site-packages/airflow/example_dags/example_short_circuit_decorator.py
[2025-03-16T19:29:23.483+0000] {logging_mixin.py:190} INFO - [2025-03-16T19:29:23.482+0000] {dag.py:3239} INFO - Sync 1 DAGs
[2025-03-16T19:29:23.510+0000] {logging_mixin.py:190} INFO - [2025-03-16T19:29:23.509+0000] {dag.py:4180} INFO - Setting next_dagrun for example_short_circuit_decorator to None, run_after=None
[2025-03-16T19:29:23.548+0000] {processor.py:208} INFO - Processing /home/airflow/.local/lib/python3.12/site-packages/airflow/example_dags/example_short_circuit_decorator.py took 0.147 seconds
[2025-03-16T19:29:55.390+0000] {processor.py:186} INFO - Started process (PID=91712) to work on /home/airflow/.local/lib/python3.12/site-packages/airflow/example_dags/example_short_circuit_decorator.py
[2025-03-16T19:29:55.392+0000] {processor.py:914} INFO - Processing file /home/airflow/.local/lib/python3.12/site-packages/airflow/example_dags/example_short_circuit_decorator.py for tasks to queue
[2025-03-16T19:29:55.397+0000] {logging_mixin.py:190} INFO - [2025-03-16T19:29:55.396+0000] {dagbag.py:588} INFO - Filling up the DagBag from /home/airflow/.local/lib/python3.12/site-packages/airflow/example_dags/example_short_circuit_decorator.py
[2025-03-16T19:29:55.420+0000] {processor.py:925} INFO - DAG(s) 'example_short_circuit_decorator' retrieved from /home/airflow/.local/lib/python3.12/site-packages/airflow/example_dags/example_short_circuit_decorator.py
[2025-03-16T19:29:55.726+0000] {logging_mixin.py:190} INFO - [2025-03-16T19:29:55.725+0000] {dag.py:3239} INFO - Sync 1 DAGs
[2025-03-16T19:29:55.751+0000] {logging_mixin.py:190} INFO - [2025-03-16T19:29:55.750+0000] {dag.py:4180} INFO - Setting next_dagrun for example_short_circuit_decorator to None, run_after=None
[2025-03-16T19:29:55.787+0000] {processor.py:208} INFO - Processing /home/airflow/.local/lib/python3.12/site-packages/airflow/example_dags/example_short_circuit_decorator.py took 0.408 seconds
[2025-03-16T19:30:26.071+0000] {processor.py:186} INFO - Started process (PID=91776) to work on /home/airflow/.local/lib/python3.12/site-packages/airflow/example_dags/example_short_circuit_decorator.py
[2025-03-16T19:30:26.075+0000] {processor.py:914} INFO - Processing file /home/airflow/.local/lib/python3.12/site-packages/airflow/example_dags/example_short_circuit_decorator.py for tasks to queue
[2025-03-16T19:30:26.078+0000] {logging_mixin.py:190} INFO - [2025-03-16T19:30:26.078+0000] {dagbag.py:588} INFO - Filling up the DagBag from /home/airflow/.local/lib/python3.12/site-packages/airflow/example_dags/example_short_circuit_decorator.py
[2025-03-16T19:30:26.098+0000] {processor.py:925} INFO - DAG(s) 'example_short_circuit_decorator' retrieved from /home/airflow/.local/lib/python3.12/site-packages/airflow/example_dags/example_short_circuit_decorator.py
[2025-03-16T19:30:26.141+0000] {logging_mixin.py:190} INFO - [2025-03-16T19:30:26.141+0000] {dag.py:3239} INFO - Sync 1 DAGs
[2025-03-16T19:30:26.167+0000] {logging_mixin.py:190} INFO - [2025-03-16T19:30:26.167+0000] {dag.py:4180} INFO - Setting next_dagrun for example_short_circuit_decorator to None, run_after=None
[2025-03-16T19:30:26.204+0000] {processor.py:208} INFO - Processing /home/airflow/.local/lib/python3.12/site-packages/airflow/example_dags/example_short_circuit_decorator.py took 0.144 seconds
[2025-03-16T19:30:56.533+0000] {processor.py:186} INFO - Started process (PID=91840) to work on /home/airflow/.local/lib/python3.12/site-packages/airflow/example_dags/example_short_circuit_decorator.py
[2025-03-16T19:30:56.534+0000] {processor.py:914} INFO - Processing file /home/airflow/.local/lib/python3.12/site-packages/airflow/example_dags/example_short_circuit_decorator.py for tasks to queue
[2025-03-16T19:30:56.536+0000] {logging_mixin.py:190} INFO - [2025-03-16T19:30:56.536+0000] {dagbag.py:588} INFO - Filling up the DagBag from /home/airflow/.local/lib/python3.12/site-packages/airflow/example_dags/example_short_circuit_decorator.py
[2025-03-16T19:30:56.559+0000] {processor.py:925} INFO - DAG(s) 'example_short_circuit_decorator' retrieved from /home/airflow/.local/lib/python3.12/site-packages/airflow/example_dags/example_short_circuit_decorator.py
[2025-03-16T19:30:56.609+0000] {logging_mixin.py:190} INFO - [2025-03-16T19:30:56.609+0000] {dag.py:3239} INFO - Sync 1 DAGs
[2025-03-16T19:30:56.643+0000] {logging_mixin.py:190} INFO - [2025-03-16T19:30:56.643+0000] {dag.py:4180} INFO - Setting next_dagrun for example_short_circuit_decorator to None, run_after=None
[2025-03-16T19:30:56.680+0000] {processor.py:208} INFO - Processing /home/airflow/.local/lib/python3.12/site-packages/airflow/example_dags/example_short_circuit_decorator.py took 0.160 seconds
[2025-03-16T19:31:26.851+0000] {processor.py:186} INFO - Started process (PID=91910) to work on /home/airflow/.local/lib/python3.12/site-packages/airflow/example_dags/example_short_circuit_decorator.py
[2025-03-16T19:31:26.856+0000] {processor.py:914} INFO - Processing file /home/airflow/.local/lib/python3.12/site-packages/airflow/example_dags/example_short_circuit_decorator.py for tasks to queue
[2025-03-16T19:31:26.858+0000] {logging_mixin.py:190} INFO - [2025-03-16T19:31:26.857+0000] {dagbag.py:588} INFO - Filling up the DagBag from /home/airflow/.local/lib/python3.12/site-packages/airflow/example_dags/example_short_circuit_decorator.py
[2025-03-16T19:31:26.877+0000] {processor.py:925} INFO - DAG(s) 'example_short_circuit_decorator' retrieved from /home/airflow/.local/lib/python3.12/site-packages/airflow/example_dags/example_short_circuit_decorator.py
[2025-03-16T19:31:26.921+0000] {logging_mixin.py:190} INFO - [2025-03-16T19:31:26.921+0000] {dag.py:3239} INFO - Sync 1 DAGs
[2025-03-16T19:31:26.951+0000] {logging_mixin.py:190} INFO - [2025-03-16T19:31:26.950+0000] {dag.py:4180} INFO - Setting next_dagrun for example_short_circuit_decorator to None, run_after=None
[2025-03-16T19:31:26.991+0000] {processor.py:208} INFO - Processing /home/airflow/.local/lib/python3.12/site-packages/airflow/example_dags/example_short_circuit_decorator.py took 0.152 seconds
[2025-03-16T19:31:57.188+0000] {processor.py:186} INFO - Started process (PID=91973) to work on /home/airflow/.local/lib/python3.12/site-packages/airflow/example_dags/example_short_circuit_decorator.py
[2025-03-16T19:31:57.189+0000] {processor.py:914} INFO - Processing file /home/airflow/.local/lib/python3.12/site-packages/airflow/example_dags/example_short_circuit_decorator.py for tasks to queue
[2025-03-16T19:31:57.194+0000] {logging_mixin.py:190} INFO - [2025-03-16T19:31:57.192+0000] {dagbag.py:588} INFO - Filling up the DagBag from /home/airflow/.local/lib/python3.12/site-packages/airflow/example_dags/example_short_circuit_decorator.py
[2025-03-16T19:31:57.213+0000] {processor.py:925} INFO - DAG(s) 'example_short_circuit_decorator' retrieved from /home/airflow/.local/lib/python3.12/site-packages/airflow/example_dags/example_short_circuit_decorator.py
[2025-03-16T19:31:57.263+0000] {logging_mixin.py:190} INFO - [2025-03-16T19:31:57.262+0000] {dag.py:3239} INFO - Sync 1 DAGs
[2025-03-16T19:31:57.291+0000] {logging_mixin.py:190} INFO - [2025-03-16T19:31:57.291+0000] {dag.py:4180} INFO - Setting next_dagrun for example_short_circuit_decorator to None, run_after=None
[2025-03-16T19:31:57.331+0000] {processor.py:208} INFO - Processing /home/airflow/.local/lib/python3.12/site-packages/airflow/example_dags/example_short_circuit_decorator.py took 0.153 seconds
[2025-03-16T19:32:27.415+0000] {processor.py:186} INFO - Started process (PID=92037) to work on /home/airflow/.local/lib/python3.12/site-packages/airflow/example_dags/example_short_circuit_decorator.py
[2025-03-16T19:32:27.417+0000] {processor.py:914} INFO - Processing file /home/airflow/.local/lib/python3.12/site-packages/airflow/example_dags/example_short_circuit_decorator.py for tasks to queue
[2025-03-16T19:32:27.421+0000] {logging_mixin.py:190} INFO - [2025-03-16T19:32:27.419+0000] {dagbag.py:588} INFO - Filling up the DagBag from /home/airflow/.local/lib/python3.12/site-packages/airflow/example_dags/example_short_circuit_decorator.py
[2025-03-16T19:32:27.439+0000] {processor.py:925} INFO - DAG(s) 'example_short_circuit_decorator' retrieved from /home/airflow/.local/lib/python3.12/site-packages/airflow/example_dags/example_short_circuit_decorator.py
[2025-03-16T19:32:27.480+0000] {logging_mixin.py:190} INFO - [2025-03-16T19:32:27.480+0000] {dag.py:3239} INFO - Sync 1 DAGs
[2025-03-16T19:32:27.507+0000] {logging_mixin.py:190} INFO - [2025-03-16T19:32:27.507+0000] {dag.py:4180} INFO - Setting next_dagrun for example_short_circuit_decorator to None, run_after=None
[2025-03-16T19:32:27.544+0000] {processor.py:208} INFO - Processing /home/airflow/.local/lib/python3.12/site-packages/airflow/example_dags/example_short_circuit_decorator.py took 0.138 seconds
[2025-03-16T19:32:58.168+0000] {processor.py:186} INFO - Started process (PID=92101) to work on /home/airflow/.local/lib/python3.12/site-packages/airflow/example_dags/example_short_circuit_decorator.py
[2025-03-16T19:32:58.169+0000] {processor.py:914} INFO - Processing file /home/airflow/.local/lib/python3.12/site-packages/airflow/example_dags/example_short_circuit_decorator.py for tasks to queue
[2025-03-16T19:32:58.171+0000] {logging_mixin.py:190} INFO - [2025-03-16T19:32:58.171+0000] {dagbag.py:588} INFO - Filling up the DagBag from /home/airflow/.local/lib/python3.12/site-packages/airflow/example_dags/example_short_circuit_decorator.py
[2025-03-16T19:32:58.190+0000] {processor.py:925} INFO - DAG(s) 'example_short_circuit_decorator' retrieved from /home/airflow/.local/lib/python3.12/site-packages/airflow/example_dags/example_short_circuit_decorator.py
[2025-03-16T19:32:58.246+0000] {logging_mixin.py:190} INFO - [2025-03-16T19:32:58.245+0000] {dag.py:3239} INFO - Sync 1 DAGs
[2025-03-16T19:32:58.275+0000] {logging_mixin.py:190} INFO - [2025-03-16T19:32:58.275+0000] {dag.py:4180} INFO - Setting next_dagrun for example_short_circuit_decorator to None, run_after=None
[2025-03-16T19:32:58.318+0000] {processor.py:208} INFO - Processing /home/airflow/.local/lib/python3.12/site-packages/airflow/example_dags/example_short_circuit_decorator.py took 0.160 seconds
[2025-03-16T19:33:28.555+0000] {processor.py:186} INFO - Started process (PID=92158) to work on /home/airflow/.local/lib/python3.12/site-packages/airflow/example_dags/example_short_circuit_decorator.py
[2025-03-16T19:33:28.557+0000] {processor.py:914} INFO - Processing file /home/airflow/.local/lib/python3.12/site-packages/airflow/example_dags/example_short_circuit_decorator.py for tasks to queue
[2025-03-16T19:33:28.559+0000] {logging_mixin.py:190} INFO - [2025-03-16T19:33:28.558+0000] {dagbag.py:588} INFO - Filling up the DagBag from /home/airflow/.local/lib/python3.12/site-packages/airflow/example_dags/example_short_circuit_decorator.py
[2025-03-16T19:33:28.575+0000] {processor.py:925} INFO - DAG(s) 'example_short_circuit_decorator' retrieved from /home/airflow/.local/lib/python3.12/site-packages/airflow/example_dags/example_short_circuit_decorator.py
[2025-03-16T19:33:28.612+0000] {logging_mixin.py:190} INFO - [2025-03-16T19:33:28.612+0000] {dag.py:3239} INFO - Sync 1 DAGs
[2025-03-16T19:33:28.637+0000] {logging_mixin.py:190} INFO - [2025-03-16T19:33:28.637+0000] {dag.py:4180} INFO - Setting next_dagrun for example_short_circuit_decorator to None, run_after=None
[2025-03-16T19:33:28.667+0000] {processor.py:208} INFO - Processing /home/airflow/.local/lib/python3.12/site-packages/airflow/example_dags/example_short_circuit_decorator.py took 0.121 seconds
[2025-03-16T19:33:59.485+0000] {processor.py:186} INFO - Started process (PID=92227) to work on /home/airflow/.local/lib/python3.12/site-packages/airflow/example_dags/example_short_circuit_decorator.py
[2025-03-16T19:33:59.486+0000] {processor.py:914} INFO - Processing file /home/airflow/.local/lib/python3.12/site-packages/airflow/example_dags/example_short_circuit_decorator.py for tasks to queue
[2025-03-16T19:33:59.488+0000] {logging_mixin.py:190} INFO - [2025-03-16T19:33:59.488+0000] {dagbag.py:588} INFO - Filling up the DagBag from /home/airflow/.local/lib/python3.12/site-packages/airflow/example_dags/example_short_circuit_decorator.py
[2025-03-16T19:33:59.507+0000] {processor.py:925} INFO - DAG(s) 'example_short_circuit_decorator' retrieved from /home/airflow/.local/lib/python3.12/site-packages/airflow/example_dags/example_short_circuit_decorator.py
[2025-03-16T19:33:59.550+0000] {logging_mixin.py:190} INFO - [2025-03-16T19:33:59.549+0000] {dag.py:3239} INFO - Sync 1 DAGs
[2025-03-16T19:33:59.577+0000] {logging_mixin.py:190} INFO - [2025-03-16T19:33:59.576+0000] {dag.py:4180} INFO - Setting next_dagrun for example_short_circuit_decorator to None, run_after=None
[2025-03-16T19:33:59.613+0000] {processor.py:208} INFO - Processing /home/airflow/.local/lib/python3.12/site-packages/airflow/example_dags/example_short_circuit_decorator.py took 0.139 seconds
[2025-03-16T19:34:30.004+0000] {processor.py:186} INFO - Started process (PID=92292) to work on /home/airflow/.local/lib/python3.12/site-packages/airflow/example_dags/example_short_circuit_decorator.py
[2025-03-16T19:34:30.005+0000] {processor.py:914} INFO - Processing file /home/airflow/.local/lib/python3.12/site-packages/airflow/example_dags/example_short_circuit_decorator.py for tasks to queue
[2025-03-16T19:34:30.007+0000] {logging_mixin.py:190} INFO - [2025-03-16T19:34:30.007+0000] {dagbag.py:588} INFO - Filling up the DagBag from /home/airflow/.local/lib/python3.12/site-packages/airflow/example_dags/example_short_circuit_decorator.py
[2025-03-16T19:34:30.022+0000] {processor.py:925} INFO - DAG(s) 'example_short_circuit_decorator' retrieved from /home/airflow/.local/lib/python3.12/site-packages/airflow/example_dags/example_short_circuit_decorator.py
[2025-03-16T19:34:30.062+0000] {logging_mixin.py:190} INFO - [2025-03-16T19:34:30.061+0000] {dag.py:3239} INFO - Sync 1 DAGs
[2025-03-16T19:34:30.086+0000] {logging_mixin.py:190} INFO - [2025-03-16T19:34:30.085+0000] {dag.py:4180} INFO - Setting next_dagrun for example_short_circuit_decorator to None, run_after=None
[2025-03-16T19:34:30.114+0000] {processor.py:208} INFO - Processing /home/airflow/.local/lib/python3.12/site-packages/airflow/example_dags/example_short_circuit_decorator.py took 0.119 seconds
[2025-03-16T19:35:00.601+0000] {processor.py:186} INFO - Started process (PID=92356) to work on /home/airflow/.local/lib/python3.12/site-packages/airflow/example_dags/example_short_circuit_decorator.py
[2025-03-16T19:35:00.602+0000] {processor.py:914} INFO - Processing file /home/airflow/.local/lib/python3.12/site-packages/airflow/example_dags/example_short_circuit_decorator.py for tasks to queue
[2025-03-16T19:35:00.604+0000] {logging_mixin.py:190} INFO - [2025-03-16T19:35:00.604+0000] {dagbag.py:588} INFO - Filling up the DagBag from /home/airflow/.local/lib/python3.12/site-packages/airflow/example_dags/example_short_circuit_decorator.py
[2025-03-16T19:35:00.618+0000] {processor.py:925} INFO - DAG(s) 'example_short_circuit_decorator' retrieved from /home/airflow/.local/lib/python3.12/site-packages/airflow/example_dags/example_short_circuit_decorator.py
[2025-03-16T19:35:00.654+0000] {logging_mixin.py:190} INFO - [2025-03-16T19:35:00.654+0000] {dag.py:3239} INFO - Sync 1 DAGs
[2025-03-16T19:35:00.677+0000] {logging_mixin.py:190} INFO - [2025-03-16T19:35:00.676+0000] {dag.py:4180} INFO - Setting next_dagrun for example_short_circuit_decorator to None, run_after=None
[2025-03-16T19:35:00.705+0000] {processor.py:208} INFO - Processing /home/airflow/.local/lib/python3.12/site-packages/airflow/example_dags/example_short_circuit_decorator.py took 0.113 seconds
[2025-03-16T19:35:31.310+0000] {processor.py:186} INFO - Started process (PID=92420) to work on /home/airflow/.local/lib/python3.12/site-packages/airflow/example_dags/example_short_circuit_decorator.py
[2025-03-16T19:35:31.312+0000] {processor.py:914} INFO - Processing file /home/airflow/.local/lib/python3.12/site-packages/airflow/example_dags/example_short_circuit_decorator.py for tasks to queue
[2025-03-16T19:35:31.314+0000] {logging_mixin.py:190} INFO - [2025-03-16T19:35:31.314+0000] {dagbag.py:588} INFO - Filling up the DagBag from /home/airflow/.local/lib/python3.12/site-packages/airflow/example_dags/example_short_circuit_decorator.py
[2025-03-16T19:35:31.328+0000] {processor.py:925} INFO - DAG(s) 'example_short_circuit_decorator' retrieved from /home/airflow/.local/lib/python3.12/site-packages/airflow/example_dags/example_short_circuit_decorator.py
[2025-03-16T19:35:31.362+0000] {logging_mixin.py:190} INFO - [2025-03-16T19:35:31.362+0000] {dag.py:3239} INFO - Sync 1 DAGs
[2025-03-16T19:35:31.385+0000] {logging_mixin.py:190} INFO - [2025-03-16T19:35:31.385+0000] {dag.py:4180} INFO - Setting next_dagrun for example_short_circuit_decorator to None, run_after=None
[2025-03-16T19:35:31.414+0000] {processor.py:208} INFO - Processing /home/airflow/.local/lib/python3.12/site-packages/airflow/example_dags/example_short_circuit_decorator.py took 0.113 seconds
[2025-03-16T19:36:02.117+0000] {processor.py:186} INFO - Started process (PID=92484) to work on /home/airflow/.local/lib/python3.12/site-packages/airflow/example_dags/example_short_circuit_decorator.py
[2025-03-16T19:36:02.119+0000] {processor.py:914} INFO - Processing file /home/airflow/.local/lib/python3.12/site-packages/airflow/example_dags/example_short_circuit_decorator.py for tasks to queue
[2025-03-16T19:36:02.121+0000] {logging_mixin.py:190} INFO - [2025-03-16T19:36:02.121+0000] {dagbag.py:588} INFO - Filling up the DagBag from /home/airflow/.local/lib/python3.12/site-packages/airflow/example_dags/example_short_circuit_decorator.py
[2025-03-16T19:36:02.137+0000] {processor.py:925} INFO - DAG(s) 'example_short_circuit_decorator' retrieved from /home/airflow/.local/lib/python3.12/site-packages/airflow/example_dags/example_short_circuit_decorator.py
[2025-03-16T19:36:02.173+0000] {logging_mixin.py:190} INFO - [2025-03-16T19:36:02.173+0000] {dag.py:3239} INFO - Sync 1 DAGs
[2025-03-16T19:36:02.196+0000] {logging_mixin.py:190} INFO - [2025-03-16T19:36:02.196+0000] {dag.py:4180} INFO - Setting next_dagrun for example_short_circuit_decorator to None, run_after=None
[2025-03-16T19:36:02.228+0000] {processor.py:208} INFO - Processing /home/airflow/.local/lib/python3.12/site-packages/airflow/example_dags/example_short_circuit_decorator.py took 0.119 seconds
[2025-03-16T19:36:32.635+0000] {processor.py:186} INFO - Started process (PID=92548) to work on /home/airflow/.local/lib/python3.12/site-packages/airflow/example_dags/example_short_circuit_decorator.py
[2025-03-16T19:36:32.636+0000] {processor.py:914} INFO - Processing file /home/airflow/.local/lib/python3.12/site-packages/airflow/example_dags/example_short_circuit_decorator.py for tasks to queue
[2025-03-16T19:36:32.639+0000] {logging_mixin.py:190} INFO - [2025-03-16T19:36:32.638+0000] {dagbag.py:588} INFO - Filling up the DagBag from /home/airflow/.local/lib/python3.12/site-packages/airflow/example_dags/example_short_circuit_decorator.py
[2025-03-16T19:36:32.653+0000] {processor.py:925} INFO - DAG(s) 'example_short_circuit_decorator' retrieved from /home/airflow/.local/lib/python3.12/site-packages/airflow/example_dags/example_short_circuit_decorator.py
[2025-03-16T19:36:32.693+0000] {logging_mixin.py:190} INFO - [2025-03-16T19:36:32.692+0000] {dag.py:3239} INFO - Sync 1 DAGs
[2025-03-16T19:36:32.714+0000] {logging_mixin.py:190} INFO - [2025-03-16T19:36:32.714+0000] {dag.py:4180} INFO - Setting next_dagrun for example_short_circuit_decorator to None, run_after=None
[2025-03-16T19:36:32.744+0000] {processor.py:208} INFO - Processing /home/airflow/.local/lib/python3.12/site-packages/airflow/example_dags/example_short_circuit_decorator.py took 0.119 seconds
[2025-03-16T19:37:02.942+0000] {processor.py:186} INFO - Started process (PID=92612) to work on /home/airflow/.local/lib/python3.12/site-packages/airflow/example_dags/example_short_circuit_decorator.py
[2025-03-16T19:37:02.943+0000] {processor.py:914} INFO - Processing file /home/airflow/.local/lib/python3.12/site-packages/airflow/example_dags/example_short_circuit_decorator.py for tasks to queue
[2025-03-16T19:37:02.945+0000] {logging_mixin.py:190} INFO - [2025-03-16T19:37:02.945+0000] {dagbag.py:588} INFO - Filling up the DagBag from /home/airflow/.local/lib/python3.12/site-packages/airflow/example_dags/example_short_circuit_decorator.py
[2025-03-16T19:37:02.961+0000] {processor.py:925} INFO - DAG(s) 'example_short_circuit_decorator' retrieved from /home/airflow/.local/lib/python3.12/site-packages/airflow/example_dags/example_short_circuit_decorator.py
[2025-03-16T19:37:02.998+0000] {logging_mixin.py:190} INFO - [2025-03-16T19:37:02.997+0000] {dag.py:3239} INFO - Sync 1 DAGs
[2025-03-16T19:37:03.022+0000] {logging_mixin.py:190} INFO - [2025-03-16T19:37:03.022+0000] {dag.py:4180} INFO - Setting next_dagrun for example_short_circuit_decorator to None, run_after=None
[2025-03-16T19:37:03.051+0000] {processor.py:208} INFO - Processing /home/airflow/.local/lib/python3.12/site-packages/airflow/example_dags/example_short_circuit_decorator.py took 0.118 seconds
[2025-03-16T19:37:33.509+0000] {processor.py:186} INFO - Started process (PID=92676) to work on /home/airflow/.local/lib/python3.12/site-packages/airflow/example_dags/example_short_circuit_decorator.py
[2025-03-16T19:37:33.511+0000] {processor.py:914} INFO - Processing file /home/airflow/.local/lib/python3.12/site-packages/airflow/example_dags/example_short_circuit_decorator.py for tasks to queue
[2025-03-16T19:37:33.513+0000] {logging_mixin.py:190} INFO - [2025-03-16T19:37:33.513+0000] {dagbag.py:588} INFO - Filling up the DagBag from /home/airflow/.local/lib/python3.12/site-packages/airflow/example_dags/example_short_circuit_decorator.py
[2025-03-16T19:37:33.532+0000] {processor.py:925} INFO - DAG(s) 'example_short_circuit_decorator' retrieved from /home/airflow/.local/lib/python3.12/site-packages/airflow/example_dags/example_short_circuit_decorator.py
[2025-03-16T19:37:33.573+0000] {logging_mixin.py:190} INFO - [2025-03-16T19:37:33.573+0000] {dag.py:3239} INFO - Sync 1 DAGs
[2025-03-16T19:37:33.599+0000] {logging_mixin.py:190} INFO - [2025-03-16T19:37:33.598+0000] {dag.py:4180} INFO - Setting next_dagrun for example_short_circuit_decorator to None, run_after=None
[2025-03-16T19:37:33.630+0000] {processor.py:208} INFO - Processing /home/airflow/.local/lib/python3.12/site-packages/airflow/example_dags/example_short_circuit_decorator.py took 0.132 seconds
[2025-03-16T19:38:03.906+0000] {processor.py:186} INFO - Started process (PID=92740) to work on /home/airflow/.local/lib/python3.12/site-packages/airflow/example_dags/example_short_circuit_decorator.py
[2025-03-16T19:38:03.908+0000] {processor.py:914} INFO - Processing file /home/airflow/.local/lib/python3.12/site-packages/airflow/example_dags/example_short_circuit_decorator.py for tasks to queue
[2025-03-16T19:38:03.910+0000] {logging_mixin.py:190} INFO - [2025-03-16T19:38:03.909+0000] {dagbag.py:588} INFO - Filling up the DagBag from /home/airflow/.local/lib/python3.12/site-packages/airflow/example_dags/example_short_circuit_decorator.py
[2025-03-16T19:38:03.924+0000] {processor.py:925} INFO - DAG(s) 'example_short_circuit_decorator' retrieved from /home/airflow/.local/lib/python3.12/site-packages/airflow/example_dags/example_short_circuit_decorator.py
[2025-03-16T19:38:03.960+0000] {logging_mixin.py:190} INFO - [2025-03-16T19:38:03.959+0000] {dag.py:3239} INFO - Sync 1 DAGs
[2025-03-16T19:38:03.982+0000] {logging_mixin.py:190} INFO - [2025-03-16T19:38:03.982+0000] {dag.py:4180} INFO - Setting next_dagrun for example_short_circuit_decorator to None, run_after=None
[2025-03-16T19:38:04.010+0000] {processor.py:208} INFO - Processing /home/airflow/.local/lib/python3.12/site-packages/airflow/example_dags/example_short_circuit_decorator.py took 0.112 seconds
[2025-03-16T19:38:34.274+0000] {processor.py:186} INFO - Started process (PID=92804) to work on /home/airflow/.local/lib/python3.12/site-packages/airflow/example_dags/example_short_circuit_decorator.py
[2025-03-16T19:38:34.275+0000] {processor.py:914} INFO - Processing file /home/airflow/.local/lib/python3.12/site-packages/airflow/example_dags/example_short_circuit_decorator.py for tasks to queue
[2025-03-16T19:38:34.278+0000] {logging_mixin.py:190} INFO - [2025-03-16T19:38:34.277+0000] {dagbag.py:588} INFO - Filling up the DagBag from /home/airflow/.local/lib/python3.12/site-packages/airflow/example_dags/example_short_circuit_decorator.py
[2025-03-16T19:38:34.295+0000] {processor.py:925} INFO - DAG(s) 'example_short_circuit_decorator' retrieved from /home/airflow/.local/lib/python3.12/site-packages/airflow/example_dags/example_short_circuit_decorator.py
[2025-03-16T19:38:34.331+0000] {logging_mixin.py:190} INFO - [2025-03-16T19:38:34.331+0000] {dag.py:3239} INFO - Sync 1 DAGs
[2025-03-16T19:38:34.354+0000] {logging_mixin.py:190} INFO - [2025-03-16T19:38:34.354+0000] {dag.py:4180} INFO - Setting next_dagrun for example_short_circuit_decorator to None, run_after=None
[2025-03-16T19:38:34.383+0000] {processor.py:208} INFO - Processing /home/airflow/.local/lib/python3.12/site-packages/airflow/example_dags/example_short_circuit_decorator.py took 0.119 seconds
[2025-03-16T19:39:04.876+0000] {processor.py:186} INFO - Started process (PID=92867) to work on /home/airflow/.local/lib/python3.12/site-packages/airflow/example_dags/example_short_circuit_decorator.py
[2025-03-16T19:39:04.878+0000] {processor.py:914} INFO - Processing file /home/airflow/.local/lib/python3.12/site-packages/airflow/example_dags/example_short_circuit_decorator.py for tasks to queue
[2025-03-16T19:39:04.880+0000] {logging_mixin.py:190} INFO - [2025-03-16T19:39:04.880+0000] {dagbag.py:588} INFO - Filling up the DagBag from /home/airflow/.local/lib/python3.12/site-packages/airflow/example_dags/example_short_circuit_decorator.py
[2025-03-16T19:39:04.898+0000] {processor.py:925} INFO - DAG(s) 'example_short_circuit_decorator' retrieved from /home/airflow/.local/lib/python3.12/site-packages/airflow/example_dags/example_short_circuit_decorator.py
[2025-03-16T19:39:04.940+0000] {logging_mixin.py:190} INFO - [2025-03-16T19:39:04.940+0000] {dag.py:3239} INFO - Sync 1 DAGs
[2025-03-16T19:39:04.965+0000] {logging_mixin.py:190} INFO - [2025-03-16T19:39:04.964+0000] {dag.py:4180} INFO - Setting next_dagrun for example_short_circuit_decorator to None, run_after=None
[2025-03-16T19:39:04.996+0000] {processor.py:208} INFO - Processing /home/airflow/.local/lib/python3.12/site-packages/airflow/example_dags/example_short_circuit_decorator.py took 0.129 seconds
