[2025-03-16T19:07:50.139+0000] {processor.py:186} INFO - Started process (PID=88940) to work on /home/airflow/.local/lib/python3.12/site-packages/airflow/example_dags/example_display_name.py
[2025-03-16T19:07:50.141+0000] {processor.py:914} INFO - Processing file /home/airflow/.local/lib/python3.12/site-packages/airflow/example_dags/example_display_name.py for tasks to queue
[2025-03-16T19:07:50.147+0000] {logging_mixin.py:190} INFO - [2025-03-16T19:07:50.144+0000] {dagbag.py:588} INFO - Filling up the DagBag from /home/airflow/.local/lib/python3.12/site-packages/airflow/example_dags/example_display_name.py
[2025-03-16T19:07:50.174+0000] {processor.py:925} INFO - DAG(s) 'example_display_name' retrieved from /home/airflow/.local/lib/python3.12/site-packages/airflow/example_dags/example_display_name.py
[2025-03-16T19:07:50.224+0000] {logging_mixin.py:190} INFO - [2025-03-16T19:07:50.223+0000] {dag.py:3239} INFO - Sync 1 DAGs
[2025-03-16T19:07:50.277+0000] {logging_mixin.py:190} INFO - [2025-03-16T19:07:50.277+0000] {dag.py:4180} INFO - Setting next_dagrun for example_display_name to None, run_after=None
[2025-03-16T19:07:50.339+0000] {processor.py:208} INFO - Processing /home/airflow/.local/lib/python3.12/site-packages/airflow/example_dags/example_display_name.py took 0.208 seconds
[2025-03-16T19:08:20.609+0000] {processor.py:186} INFO - Started process (PID=89004) to work on /home/airflow/.local/lib/python3.12/site-packages/airflow/example_dags/example_display_name.py
[2025-03-16T19:08:20.610+0000] {processor.py:914} INFO - Processing file /home/airflow/.local/lib/python3.12/site-packages/airflow/example_dags/example_display_name.py for tasks to queue
[2025-03-16T19:08:20.611+0000] {logging_mixin.py:190} INFO - [2025-03-16T19:08:20.611+0000] {dagbag.py:588} INFO - Filling up the DagBag from /home/airflow/.local/lib/python3.12/site-packages/airflow/example_dags/example_display_name.py
[2025-03-16T19:08:20.618+0000] {processor.py:925} INFO - DAG(s) 'example_display_name' retrieved from /home/airflow/.local/lib/python3.12/site-packages/airflow/example_dags/example_display_name.py
[2025-03-16T19:08:20.637+0000] {logging_mixin.py:190} INFO - [2025-03-16T19:08:20.637+0000] {dag.py:3239} INFO - Sync 1 DAGs
[2025-03-16T19:08:20.649+0000] {logging_mixin.py:190} INFO - [2025-03-16T19:08:20.649+0000] {dag.py:4180} INFO - Setting next_dagrun for example_display_name to None, run_after=None
[2025-03-16T19:08:20.664+0000] {processor.py:208} INFO - Processing /home/airflow/.local/lib/python3.12/site-packages/airflow/example_dags/example_display_name.py took 0.061 seconds
[2025-03-16T19:08:51.457+0000] {processor.py:186} INFO - Started process (PID=89068) to work on /home/airflow/.local/lib/python3.12/site-packages/airflow/example_dags/example_display_name.py
[2025-03-16T19:08:51.458+0000] {processor.py:914} INFO - Processing file /home/airflow/.local/lib/python3.12/site-packages/airflow/example_dags/example_display_name.py for tasks to queue
[2025-03-16T19:08:51.459+0000] {logging_mixin.py:190} INFO - [2025-03-16T19:08:51.459+0000] {dagbag.py:588} INFO - Filling up the DagBag from /home/airflow/.local/lib/python3.12/site-packages/airflow/example_dags/example_display_name.py
[2025-03-16T19:08:51.465+0000] {processor.py:925} INFO - DAG(s) 'example_display_name' retrieved from /home/airflow/.local/lib/python3.12/site-packages/airflow/example_dags/example_display_name.py
[2025-03-16T19:08:51.481+0000] {logging_mixin.py:190} INFO - [2025-03-16T19:08:51.481+0000] {dag.py:3239} INFO - Sync 1 DAGs
[2025-03-16T19:08:51.493+0000] {logging_mixin.py:190} INFO - [2025-03-16T19:08:51.493+0000] {dag.py:4180} INFO - Setting next_dagrun for example_display_name to None, run_after=None
[2025-03-16T19:08:51.507+0000] {processor.py:208} INFO - Processing /home/airflow/.local/lib/python3.12/site-packages/airflow/example_dags/example_display_name.py took 0.056 seconds
[2025-03-16T19:09:22.010+0000] {processor.py:186} INFO - Started process (PID=89132) to work on /home/airflow/.local/lib/python3.12/site-packages/airflow/example_dags/example_display_name.py
[2025-03-16T19:09:22.012+0000] {processor.py:914} INFO - Processing file /home/airflow/.local/lib/python3.12/site-packages/airflow/example_dags/example_display_name.py for tasks to queue
[2025-03-16T19:09:22.014+0000] {logging_mixin.py:190} INFO - [2025-03-16T19:09:22.014+0000] {dagbag.py:588} INFO - Filling up the DagBag from /home/airflow/.local/lib/python3.12/site-packages/airflow/example_dags/example_display_name.py
[2025-03-16T19:09:22.021+0000] {processor.py:925} INFO - DAG(s) 'example_display_name' retrieved from /home/airflow/.local/lib/python3.12/site-packages/airflow/example_dags/example_display_name.py
[2025-03-16T19:09:22.042+0000] {logging_mixin.py:190} INFO - [2025-03-16T19:09:22.042+0000] {dag.py:3239} INFO - Sync 1 DAGs
[2025-03-16T19:09:22.055+0000] {logging_mixin.py:190} INFO - [2025-03-16T19:09:22.055+0000] {dag.py:4180} INFO - Setting next_dagrun for example_display_name to None, run_after=None
[2025-03-16T19:09:22.077+0000] {processor.py:208} INFO - Processing /home/airflow/.local/lib/python3.12/site-packages/airflow/example_dags/example_display_name.py took 0.073 seconds
[2025-03-16T19:09:52.229+0000] {processor.py:186} INFO - Started process (PID=89196) to work on /home/airflow/.local/lib/python3.12/site-packages/airflow/example_dags/example_display_name.py
[2025-03-16T19:09:52.231+0000] {processor.py:914} INFO - Processing file /home/airflow/.local/lib/python3.12/site-packages/airflow/example_dags/example_display_name.py for tasks to queue
[2025-03-16T19:09:52.234+0000] {logging_mixin.py:190} INFO - [2025-03-16T19:09:52.233+0000] {dagbag.py:588} INFO - Filling up the DagBag from /home/airflow/.local/lib/python3.12/site-packages/airflow/example_dags/example_display_name.py
[2025-03-16T19:09:52.243+0000] {processor.py:925} INFO - DAG(s) 'example_display_name' retrieved from /home/airflow/.local/lib/python3.12/site-packages/airflow/example_dags/example_display_name.py
[2025-03-16T19:09:52.268+0000] {logging_mixin.py:190} INFO - [2025-03-16T19:09:52.268+0000] {dag.py:3239} INFO - Sync 1 DAGs
[2025-03-16T19:09:52.283+0000] {logging_mixin.py:190} INFO - [2025-03-16T19:09:52.283+0000] {dag.py:4180} INFO - Setting next_dagrun for example_display_name to None, run_after=None
[2025-03-16T19:09:52.310+0000] {processor.py:208} INFO - Processing /home/airflow/.local/lib/python3.12/site-packages/airflow/example_dags/example_display_name.py took 0.086 seconds
[2025-03-16T19:10:23.217+0000] {processor.py:186} INFO - Started process (PID=89261) to work on /home/airflow/.local/lib/python3.12/site-packages/airflow/example_dags/example_display_name.py
[2025-03-16T19:10:23.218+0000] {processor.py:914} INFO - Processing file /home/airflow/.local/lib/python3.12/site-packages/airflow/example_dags/example_display_name.py for tasks to queue
[2025-03-16T19:10:23.220+0000] {logging_mixin.py:190} INFO - [2025-03-16T19:10:23.219+0000] {dagbag.py:588} INFO - Filling up the DagBag from /home/airflow/.local/lib/python3.12/site-packages/airflow/example_dags/example_display_name.py
[2025-03-16T19:10:23.226+0000] {processor.py:925} INFO - DAG(s) 'example_display_name' retrieved from /home/airflow/.local/lib/python3.12/site-packages/airflow/example_dags/example_display_name.py
[2025-03-16T19:10:23.248+0000] {logging_mixin.py:190} INFO - [2025-03-16T19:10:23.248+0000] {dag.py:3239} INFO - Sync 1 DAGs
[2025-03-16T19:10:23.264+0000] {logging_mixin.py:190} INFO - [2025-03-16T19:10:23.263+0000] {dag.py:4180} INFO - Setting next_dagrun for example_display_name to None, run_after=None
[2025-03-16T19:10:23.291+0000] {processor.py:208} INFO - Processing /home/airflow/.local/lib/python3.12/site-packages/airflow/example_dags/example_display_name.py took 0.080 seconds
[2025-03-16T19:10:53.655+0000] {processor.py:186} INFO - Started process (PID=89325) to work on /home/airflow/.local/lib/python3.12/site-packages/airflow/example_dags/example_display_name.py
[2025-03-16T19:10:53.656+0000] {processor.py:914} INFO - Processing file /home/airflow/.local/lib/python3.12/site-packages/airflow/example_dags/example_display_name.py for tasks to queue
[2025-03-16T19:10:53.657+0000] {logging_mixin.py:190} INFO - [2025-03-16T19:10:53.657+0000] {dagbag.py:588} INFO - Filling up the DagBag from /home/airflow/.local/lib/python3.12/site-packages/airflow/example_dags/example_display_name.py
[2025-03-16T19:10:53.666+0000] {processor.py:925} INFO - DAG(s) 'example_display_name' retrieved from /home/airflow/.local/lib/python3.12/site-packages/airflow/example_dags/example_display_name.py
[2025-03-16T19:10:53.690+0000] {logging_mixin.py:190} INFO - [2025-03-16T19:10:53.689+0000] {dag.py:3239} INFO - Sync 1 DAGs
[2025-03-16T19:10:53.706+0000] {logging_mixin.py:190} INFO - [2025-03-16T19:10:53.706+0000] {dag.py:4180} INFO - Setting next_dagrun for example_display_name to None, run_after=None
[2025-03-16T19:10:53.731+0000] {processor.py:208} INFO - Processing /home/airflow/.local/lib/python3.12/site-packages/airflow/example_dags/example_display_name.py took 0.083 seconds
[2025-03-16T19:11:24.073+0000] {processor.py:186} INFO - Started process (PID=89389) to work on /home/airflow/.local/lib/python3.12/site-packages/airflow/example_dags/example_display_name.py
[2025-03-16T19:11:24.076+0000] {processor.py:914} INFO - Processing file /home/airflow/.local/lib/python3.12/site-packages/airflow/example_dags/example_display_name.py for tasks to queue
[2025-03-16T19:11:24.079+0000] {logging_mixin.py:190} INFO - [2025-03-16T19:11:24.078+0000] {dagbag.py:588} INFO - Filling up the DagBag from /home/airflow/.local/lib/python3.12/site-packages/airflow/example_dags/example_display_name.py
[2025-03-16T19:11:24.091+0000] {processor.py:925} INFO - DAG(s) 'example_display_name' retrieved from /home/airflow/.local/lib/python3.12/site-packages/airflow/example_dags/example_display_name.py
[2025-03-16T19:11:24.122+0000] {logging_mixin.py:190} INFO - [2025-03-16T19:11:24.122+0000] {dag.py:3239} INFO - Sync 1 DAGs
[2025-03-16T19:11:24.145+0000] {logging_mixin.py:190} INFO - [2025-03-16T19:11:24.144+0000] {dag.py:4180} INFO - Setting next_dagrun for example_display_name to None, run_after=None
[2025-03-16T19:11:24.171+0000] {processor.py:208} INFO - Processing /home/airflow/.local/lib/python3.12/site-packages/airflow/example_dags/example_display_name.py took 0.106 seconds
[2025-03-16T19:11:54.763+0000] {processor.py:186} INFO - Started process (PID=89459) to work on /home/airflow/.local/lib/python3.12/site-packages/airflow/example_dags/example_display_name.py
[2025-03-16T19:11:54.764+0000] {processor.py:914} INFO - Processing file /home/airflow/.local/lib/python3.12/site-packages/airflow/example_dags/example_display_name.py for tasks to queue
[2025-03-16T19:11:54.767+0000] {logging_mixin.py:190} INFO - [2025-03-16T19:11:54.766+0000] {dagbag.py:588} INFO - Filling up the DagBag from /home/airflow/.local/lib/python3.12/site-packages/airflow/example_dags/example_display_name.py
[2025-03-16T19:11:54.774+0000] {processor.py:925} INFO - DAG(s) 'example_display_name' retrieved from /home/airflow/.local/lib/python3.12/site-packages/airflow/example_dags/example_display_name.py
[2025-03-16T19:11:54.800+0000] {logging_mixin.py:190} INFO - [2025-03-16T19:11:54.800+0000] {dag.py:3239} INFO - Sync 1 DAGs
[2025-03-16T19:11:54.816+0000] {logging_mixin.py:190} INFO - [2025-03-16T19:11:54.815+0000] {dag.py:4180} INFO - Setting next_dagrun for example_display_name to None, run_after=None
[2025-03-16T19:11:54.840+0000] {processor.py:208} INFO - Processing /home/airflow/.local/lib/python3.12/site-packages/airflow/example_dags/example_display_name.py took 0.082 seconds
[2025-03-16T19:12:25.603+0000] {processor.py:186} INFO - Started process (PID=89523) to work on /home/airflow/.local/lib/python3.12/site-packages/airflow/example_dags/example_display_name.py
[2025-03-16T19:12:25.604+0000] {processor.py:914} INFO - Processing file /home/airflow/.local/lib/python3.12/site-packages/airflow/example_dags/example_display_name.py for tasks to queue
[2025-03-16T19:12:25.606+0000] {logging_mixin.py:190} INFO - [2025-03-16T19:12:25.606+0000] {dagbag.py:588} INFO - Filling up the DagBag from /home/airflow/.local/lib/python3.12/site-packages/airflow/example_dags/example_display_name.py
[2025-03-16T19:12:25.615+0000] {processor.py:925} INFO - DAG(s) 'example_display_name' retrieved from /home/airflow/.local/lib/python3.12/site-packages/airflow/example_dags/example_display_name.py
[2025-03-16T19:12:25.637+0000] {logging_mixin.py:190} INFO - [2025-03-16T19:12:25.637+0000] {dag.py:3239} INFO - Sync 1 DAGs
[2025-03-16T19:12:25.653+0000] {logging_mixin.py:190} INFO - [2025-03-16T19:12:25.653+0000] {dag.py:4180} INFO - Setting next_dagrun for example_display_name to None, run_after=None
[2025-03-16T19:12:25.676+0000] {processor.py:208} INFO - Processing /home/airflow/.local/lib/python3.12/site-packages/airflow/example_dags/example_display_name.py took 0.079 seconds
[2025-03-16T19:12:56.456+0000] {processor.py:186} INFO - Started process (PID=89587) to work on /home/airflow/.local/lib/python3.12/site-packages/airflow/example_dags/example_display_name.py
[2025-03-16T19:12:56.458+0000] {processor.py:914} INFO - Processing file /home/airflow/.local/lib/python3.12/site-packages/airflow/example_dags/example_display_name.py for tasks to queue
[2025-03-16T19:12:56.460+0000] {logging_mixin.py:190} INFO - [2025-03-16T19:12:56.459+0000] {dagbag.py:588} INFO - Filling up the DagBag from /home/airflow/.local/lib/python3.12/site-packages/airflow/example_dags/example_display_name.py
[2025-03-16T19:12:56.468+0000] {processor.py:925} INFO - DAG(s) 'example_display_name' retrieved from /home/airflow/.local/lib/python3.12/site-packages/airflow/example_dags/example_display_name.py
[2025-03-16T19:12:56.488+0000] {logging_mixin.py:190} INFO - [2025-03-16T19:12:56.488+0000] {dag.py:3239} INFO - Sync 1 DAGs
[2025-03-16T19:12:56.503+0000] {logging_mixin.py:190} INFO - [2025-03-16T19:12:56.503+0000] {dag.py:4180} INFO - Setting next_dagrun for example_display_name to None, run_after=None
[2025-03-16T19:12:56.521+0000] {processor.py:208} INFO - Processing /home/airflow/.local/lib/python3.12/site-packages/airflow/example_dags/example_display_name.py took 0.076 seconds
[2025-03-16T19:13:26.861+0000] {processor.py:186} INFO - Started process (PID=89652) to work on /home/airflow/.local/lib/python3.12/site-packages/airflow/example_dags/example_display_name.py
[2025-03-16T19:13:26.862+0000] {processor.py:914} INFO - Processing file /home/airflow/.local/lib/python3.12/site-packages/airflow/example_dags/example_display_name.py for tasks to queue
[2025-03-16T19:13:26.864+0000] {logging_mixin.py:190} INFO - [2025-03-16T19:13:26.864+0000] {dagbag.py:588} INFO - Filling up the DagBag from /home/airflow/.local/lib/python3.12/site-packages/airflow/example_dags/example_display_name.py
[2025-03-16T19:13:26.870+0000] {processor.py:925} INFO - DAG(s) 'example_display_name' retrieved from /home/airflow/.local/lib/python3.12/site-packages/airflow/example_dags/example_display_name.py
[2025-03-16T19:13:26.891+0000] {logging_mixin.py:190} INFO - [2025-03-16T19:13:26.890+0000] {dag.py:3239} INFO - Sync 1 DAGs
[2025-03-16T19:13:26.904+0000] {logging_mixin.py:190} INFO - [2025-03-16T19:13:26.904+0000] {dag.py:4180} INFO - Setting next_dagrun for example_display_name to None, run_after=None
[2025-03-16T19:13:26.924+0000] {processor.py:208} INFO - Processing /home/airflow/.local/lib/python3.12/site-packages/airflow/example_dags/example_display_name.py took 0.068 seconds
[2025-03-16T19:13:57.222+0000] {processor.py:186} INFO - Started process (PID=89716) to work on /home/airflow/.local/lib/python3.12/site-packages/airflow/example_dags/example_display_name.py
[2025-03-16T19:13:57.223+0000] {processor.py:914} INFO - Processing file /home/airflow/.local/lib/python3.12/site-packages/airflow/example_dags/example_display_name.py for tasks to queue
[2025-03-16T19:13:57.224+0000] {logging_mixin.py:190} INFO - [2025-03-16T19:13:57.224+0000] {dagbag.py:588} INFO - Filling up the DagBag from /home/airflow/.local/lib/python3.12/site-packages/airflow/example_dags/example_display_name.py
[2025-03-16T19:13:57.232+0000] {processor.py:925} INFO - DAG(s) 'example_display_name' retrieved from /home/airflow/.local/lib/python3.12/site-packages/airflow/example_dags/example_display_name.py
[2025-03-16T19:13:57.250+0000] {logging_mixin.py:190} INFO - [2025-03-16T19:13:57.250+0000] {dag.py:3239} INFO - Sync 1 DAGs
[2025-03-16T19:13:57.263+0000] {logging_mixin.py:190} INFO - [2025-03-16T19:13:57.263+0000] {dag.py:4180} INFO - Setting next_dagrun for example_display_name to None, run_after=None
[2025-03-16T19:13:57.283+0000] {processor.py:208} INFO - Processing /home/airflow/.local/lib/python3.12/site-packages/airflow/example_dags/example_display_name.py took 0.065 seconds
[2025-03-16T19:14:27.519+0000] {processor.py:186} INFO - Started process (PID=89780) to work on /home/airflow/.local/lib/python3.12/site-packages/airflow/example_dags/example_display_name.py
[2025-03-16T19:14:27.520+0000] {processor.py:914} INFO - Processing file /home/airflow/.local/lib/python3.12/site-packages/airflow/example_dags/example_display_name.py for tasks to queue
[2025-03-16T19:14:27.523+0000] {logging_mixin.py:190} INFO - [2025-03-16T19:14:27.522+0000] {dagbag.py:588} INFO - Filling up the DagBag from /home/airflow/.local/lib/python3.12/site-packages/airflow/example_dags/example_display_name.py
[2025-03-16T19:14:27.530+0000] {processor.py:925} INFO - DAG(s) 'example_display_name' retrieved from /home/airflow/.local/lib/python3.12/site-packages/airflow/example_dags/example_display_name.py
[2025-03-16T19:14:27.554+0000] {logging_mixin.py:190} INFO - [2025-03-16T19:14:27.553+0000] {dag.py:3239} INFO - Sync 1 DAGs
[2025-03-16T19:14:27.570+0000] {logging_mixin.py:190} INFO - [2025-03-16T19:14:27.570+0000] {dag.py:4180} INFO - Setting next_dagrun for example_display_name to None, run_after=None
[2025-03-16T19:14:27.595+0000] {processor.py:208} INFO - Processing /home/airflow/.local/lib/python3.12/site-packages/airflow/example_dags/example_display_name.py took 0.081 seconds
[2025-03-16T19:14:57.876+0000] {processor.py:186} INFO - Started process (PID=89844) to work on /home/airflow/.local/lib/python3.12/site-packages/airflow/example_dags/example_display_name.py
[2025-03-16T19:14:57.878+0000] {processor.py:914} INFO - Processing file /home/airflow/.local/lib/python3.12/site-packages/airflow/example_dags/example_display_name.py for tasks to queue
[2025-03-16T19:14:57.880+0000] {logging_mixin.py:190} INFO - [2025-03-16T19:14:57.880+0000] {dagbag.py:588} INFO - Filling up the DagBag from /home/airflow/.local/lib/python3.12/site-packages/airflow/example_dags/example_display_name.py
[2025-03-16T19:14:57.889+0000] {processor.py:925} INFO - DAG(s) 'example_display_name' retrieved from /home/airflow/.local/lib/python3.12/site-packages/airflow/example_dags/example_display_name.py
[2025-03-16T19:14:57.913+0000] {logging_mixin.py:190} INFO - [2025-03-16T19:14:57.912+0000] {dag.py:3239} INFO - Sync 1 DAGs
[2025-03-16T19:14:57.929+0000] {logging_mixin.py:190} INFO - [2025-03-16T19:14:57.928+0000] {dag.py:4180} INFO - Setting next_dagrun for example_display_name to None, run_after=None
[2025-03-16T19:14:57.956+0000] {processor.py:208} INFO - Processing /home/airflow/.local/lib/python3.12/site-packages/airflow/example_dags/example_display_name.py took 0.086 seconds
[2025-03-16T19:15:28.638+0000] {processor.py:186} INFO - Started process (PID=89908) to work on /home/airflow/.local/lib/python3.12/site-packages/airflow/example_dags/example_display_name.py
[2025-03-16T19:15:28.639+0000] {processor.py:914} INFO - Processing file /home/airflow/.local/lib/python3.12/site-packages/airflow/example_dags/example_display_name.py for tasks to queue
[2025-03-16T19:15:28.641+0000] {logging_mixin.py:190} INFO - [2025-03-16T19:15:28.640+0000] {dagbag.py:588} INFO - Filling up the DagBag from /home/airflow/.local/lib/python3.12/site-packages/airflow/example_dags/example_display_name.py
[2025-03-16T19:15:28.653+0000] {processor.py:925} INFO - DAG(s) 'example_display_name' retrieved from /home/airflow/.local/lib/python3.12/site-packages/airflow/example_dags/example_display_name.py
[2025-03-16T19:15:28.681+0000] {logging_mixin.py:190} INFO - [2025-03-16T19:15:28.681+0000] {dag.py:3239} INFO - Sync 1 DAGs
[2025-03-16T19:15:28.702+0000] {logging_mixin.py:190} INFO - [2025-03-16T19:15:28.702+0000] {dag.py:4180} INFO - Setting next_dagrun for example_display_name to None, run_after=None
[2025-03-16T19:15:28.732+0000] {processor.py:208} INFO - Processing /home/airflow/.local/lib/python3.12/site-packages/airflow/example_dags/example_display_name.py took 0.102 seconds
[2025-03-16T19:15:59.207+0000] {processor.py:186} INFO - Started process (PID=89972) to work on /home/airflow/.local/lib/python3.12/site-packages/airflow/example_dags/example_display_name.py
[2025-03-16T19:15:59.208+0000] {processor.py:914} INFO - Processing file /home/airflow/.local/lib/python3.12/site-packages/airflow/example_dags/example_display_name.py for tasks to queue
[2025-03-16T19:15:59.210+0000] {logging_mixin.py:190} INFO - [2025-03-16T19:15:59.210+0000] {dagbag.py:588} INFO - Filling up the DagBag from /home/airflow/.local/lib/python3.12/site-packages/airflow/example_dags/example_display_name.py
[2025-03-16T19:15:59.221+0000] {processor.py:925} INFO - DAG(s) 'example_display_name' retrieved from /home/airflow/.local/lib/python3.12/site-packages/airflow/example_dags/example_display_name.py
[2025-03-16T19:15:59.251+0000] {logging_mixin.py:190} INFO - [2025-03-16T19:15:59.250+0000] {dag.py:3239} INFO - Sync 1 DAGs
[2025-03-16T19:15:59.267+0000] {logging_mixin.py:190} INFO - [2025-03-16T19:15:59.267+0000] {dag.py:4180} INFO - Setting next_dagrun for example_display_name to None, run_after=None
[2025-03-16T19:15:59.298+0000] {processor.py:208} INFO - Processing /home/airflow/.local/lib/python3.12/site-packages/airflow/example_dags/example_display_name.py took 0.100 seconds
[2025-03-16T19:16:29.462+0000] {processor.py:186} INFO - Started process (PID=90036) to work on /home/airflow/.local/lib/python3.12/site-packages/airflow/example_dags/example_display_name.py
[2025-03-16T19:16:29.464+0000] {processor.py:914} INFO - Processing file /home/airflow/.local/lib/python3.12/site-packages/airflow/example_dags/example_display_name.py for tasks to queue
[2025-03-16T19:16:29.468+0000] {logging_mixin.py:190} INFO - [2025-03-16T19:16:29.467+0000] {dagbag.py:588} INFO - Filling up the DagBag from /home/airflow/.local/lib/python3.12/site-packages/airflow/example_dags/example_display_name.py
[2025-03-16T19:16:29.477+0000] {processor.py:925} INFO - DAG(s) 'example_display_name' retrieved from /home/airflow/.local/lib/python3.12/site-packages/airflow/example_dags/example_display_name.py
[2025-03-16T19:16:29.504+0000] {logging_mixin.py:190} INFO - [2025-03-16T19:16:29.503+0000] {dag.py:3239} INFO - Sync 1 DAGs
[2025-03-16T19:16:29.520+0000] {logging_mixin.py:190} INFO - [2025-03-16T19:16:29.520+0000] {dag.py:4180} INFO - Setting next_dagrun for example_display_name to None, run_after=None
[2025-03-16T19:16:29.549+0000] {processor.py:208} INFO - Processing /home/airflow/.local/lib/python3.12/site-packages/airflow/example_dags/example_display_name.py took 0.092 seconds
[2025-03-16T19:16:59.825+0000] {processor.py:186} INFO - Started process (PID=90100) to work on /home/airflow/.local/lib/python3.12/site-packages/airflow/example_dags/example_display_name.py
[2025-03-16T19:16:59.827+0000] {processor.py:914} INFO - Processing file /home/airflow/.local/lib/python3.12/site-packages/airflow/example_dags/example_display_name.py for tasks to queue
[2025-03-16T19:16:59.829+0000] {logging_mixin.py:190} INFO - [2025-03-16T19:16:59.828+0000] {dagbag.py:588} INFO - Filling up the DagBag from /home/airflow/.local/lib/python3.12/site-packages/airflow/example_dags/example_display_name.py
[2025-03-16T19:16:59.838+0000] {processor.py:925} INFO - DAG(s) 'example_display_name' retrieved from /home/airflow/.local/lib/python3.12/site-packages/airflow/example_dags/example_display_name.py
[2025-03-16T19:16:59.865+0000] {logging_mixin.py:190} INFO - [2025-03-16T19:16:59.865+0000] {dag.py:3239} INFO - Sync 1 DAGs
[2025-03-16T19:16:59.883+0000] {logging_mixin.py:190} INFO - [2025-03-16T19:16:59.883+0000] {dag.py:4180} INFO - Setting next_dagrun for example_display_name to None, run_after=None
[2025-03-16T19:16:59.911+0000] {processor.py:208} INFO - Processing /home/airflow/.local/lib/python3.12/site-packages/airflow/example_dags/example_display_name.py took 0.094 seconds
[2025-03-16T19:17:30.201+0000] {processor.py:186} INFO - Started process (PID=90164) to work on /home/airflow/.local/lib/python3.12/site-packages/airflow/example_dags/example_display_name.py
[2025-03-16T19:17:30.203+0000] {processor.py:914} INFO - Processing file /home/airflow/.local/lib/python3.12/site-packages/airflow/example_dags/example_display_name.py for tasks to queue
[2025-03-16T19:17:30.205+0000] {logging_mixin.py:190} INFO - [2025-03-16T19:17:30.205+0000] {dagbag.py:588} INFO - Filling up the DagBag from /home/airflow/.local/lib/python3.12/site-packages/airflow/example_dags/example_display_name.py
[2025-03-16T19:17:30.222+0000] {processor.py:925} INFO - DAG(s) 'example_display_name' retrieved from /home/airflow/.local/lib/python3.12/site-packages/airflow/example_dags/example_display_name.py
[2025-03-16T19:17:30.253+0000] {logging_mixin.py:190} INFO - [2025-03-16T19:17:30.253+0000] {dag.py:3239} INFO - Sync 1 DAGs
[2025-03-16T19:17:30.273+0000] {logging_mixin.py:190} INFO - [2025-03-16T19:17:30.273+0000] {dag.py:4180} INFO - Setting next_dagrun for example_display_name to None, run_after=None
[2025-03-16T19:17:30.304+0000] {processor.py:208} INFO - Processing /home/airflow/.local/lib/python3.12/site-packages/airflow/example_dags/example_display_name.py took 0.109 seconds
[2025-03-16T19:18:00.706+0000] {processor.py:186} INFO - Started process (PID=90228) to work on /home/airflow/.local/lib/python3.12/site-packages/airflow/example_dags/example_display_name.py
[2025-03-16T19:18:00.708+0000] {processor.py:914} INFO - Processing file /home/airflow/.local/lib/python3.12/site-packages/airflow/example_dags/example_display_name.py for tasks to queue
[2025-03-16T19:18:00.711+0000] {logging_mixin.py:190} INFO - [2025-03-16T19:18:00.710+0000] {dagbag.py:588} INFO - Filling up the DagBag from /home/airflow/.local/lib/python3.12/site-packages/airflow/example_dags/example_display_name.py
[2025-03-16T19:18:00.728+0000] {processor.py:925} INFO - DAG(s) 'example_display_name' retrieved from /home/airflow/.local/lib/python3.12/site-packages/airflow/example_dags/example_display_name.py
[2025-03-16T19:18:00.770+0000] {logging_mixin.py:190} INFO - [2025-03-16T19:18:00.770+0000] {dag.py:3239} INFO - Sync 1 DAGs
[2025-03-16T19:18:00.800+0000] {logging_mixin.py:190} INFO - [2025-03-16T19:18:00.800+0000] {dag.py:4180} INFO - Setting next_dagrun for example_display_name to None, run_after=None
[2025-03-16T19:18:00.848+0000] {processor.py:208} INFO - Processing /home/airflow/.local/lib/python3.12/site-packages/airflow/example_dags/example_display_name.py took 0.150 seconds
[2025-03-16T19:18:31.908+0000] {processor.py:186} INFO - Started process (PID=90292) to work on /home/airflow/.local/lib/python3.12/site-packages/airflow/example_dags/example_display_name.py
[2025-03-16T19:18:31.910+0000] {processor.py:914} INFO - Processing file /home/airflow/.local/lib/python3.12/site-packages/airflow/example_dags/example_display_name.py for tasks to queue
[2025-03-16T19:18:31.912+0000] {logging_mixin.py:190} INFO - [2025-03-16T19:18:31.911+0000] {dagbag.py:588} INFO - Filling up the DagBag from /home/airflow/.local/lib/python3.12/site-packages/airflow/example_dags/example_display_name.py
[2025-03-16T19:18:31.924+0000] {processor.py:925} INFO - DAG(s) 'example_display_name' retrieved from /home/airflow/.local/lib/python3.12/site-packages/airflow/example_dags/example_display_name.py
[2025-03-16T19:18:31.951+0000] {logging_mixin.py:190} INFO - [2025-03-16T19:18:31.950+0000] {dag.py:3239} INFO - Sync 1 DAGs
[2025-03-16T19:18:31.971+0000] {logging_mixin.py:190} INFO - [2025-03-16T19:18:31.970+0000] {dag.py:4180} INFO - Setting next_dagrun for example_display_name to None, run_after=None
[2025-03-16T19:18:32.000+0000] {processor.py:208} INFO - Processing /home/airflow/.local/lib/python3.12/site-packages/airflow/example_dags/example_display_name.py took 0.099 seconds
[2025-03-16T19:19:02.203+0000] {processor.py:186} INFO - Started process (PID=90356) to work on /home/airflow/.local/lib/python3.12/site-packages/airflow/example_dags/example_display_name.py
[2025-03-16T19:19:02.204+0000] {processor.py:914} INFO - Processing file /home/airflow/.local/lib/python3.12/site-packages/airflow/example_dags/example_display_name.py for tasks to queue
[2025-03-16T19:19:02.205+0000] {logging_mixin.py:190} INFO - [2025-03-16T19:19:02.205+0000] {dagbag.py:588} INFO - Filling up the DagBag from /home/airflow/.local/lib/python3.12/site-packages/airflow/example_dags/example_display_name.py
[2025-03-16T19:19:02.217+0000] {processor.py:925} INFO - DAG(s) 'example_display_name' retrieved from /home/airflow/.local/lib/python3.12/site-packages/airflow/example_dags/example_display_name.py
[2025-03-16T19:19:02.243+0000] {logging_mixin.py:190} INFO - [2025-03-16T19:19:02.243+0000] {dag.py:3239} INFO - Sync 1 DAGs
[2025-03-16T19:19:02.262+0000] {logging_mixin.py:190} INFO - [2025-03-16T19:19:02.262+0000] {dag.py:4180} INFO - Setting next_dagrun for example_display_name to None, run_after=None
[2025-03-16T19:19:02.290+0000] {processor.py:208} INFO - Processing /home/airflow/.local/lib/python3.12/site-packages/airflow/example_dags/example_display_name.py took 0.092 seconds
[2025-03-16T19:19:33.367+0000] {processor.py:186} INFO - Started process (PID=90422) to work on /home/airflow/.local/lib/python3.12/site-packages/airflow/example_dags/example_display_name.py
[2025-03-16T19:19:33.370+0000] {processor.py:914} INFO - Processing file /home/airflow/.local/lib/python3.12/site-packages/airflow/example_dags/example_display_name.py for tasks to queue
[2025-03-16T19:19:33.371+0000] {logging_mixin.py:190} INFO - [2025-03-16T19:19:33.371+0000] {dagbag.py:588} INFO - Filling up the DagBag from /home/airflow/.local/lib/python3.12/site-packages/airflow/example_dags/example_display_name.py
[2025-03-16T19:19:33.380+0000] {processor.py:925} INFO - DAG(s) 'example_display_name' retrieved from /home/airflow/.local/lib/python3.12/site-packages/airflow/example_dags/example_display_name.py
[2025-03-16T19:19:33.409+0000] {logging_mixin.py:190} INFO - [2025-03-16T19:19:33.409+0000] {dag.py:3239} INFO - Sync 1 DAGs
[2025-03-16T19:19:33.427+0000] {logging_mixin.py:190} INFO - [2025-03-16T19:19:33.426+0000] {dag.py:4180} INFO - Setting next_dagrun for example_display_name to None, run_after=None
[2025-03-16T19:19:33.454+0000] {processor.py:208} INFO - Processing /home/airflow/.local/lib/python3.12/site-packages/airflow/example_dags/example_display_name.py took 0.096 seconds
[2025-03-16T19:20:03.625+0000] {processor.py:186} INFO - Started process (PID=90486) to work on /home/airflow/.local/lib/python3.12/site-packages/airflow/example_dags/example_display_name.py
[2025-03-16T19:20:03.627+0000] {processor.py:914} INFO - Processing file /home/airflow/.local/lib/python3.12/site-packages/airflow/example_dags/example_display_name.py for tasks to queue
[2025-03-16T19:20:03.629+0000] {logging_mixin.py:190} INFO - [2025-03-16T19:20:03.628+0000] {dagbag.py:588} INFO - Filling up the DagBag from /home/airflow/.local/lib/python3.12/site-packages/airflow/example_dags/example_display_name.py
[2025-03-16T19:20:03.637+0000] {processor.py:925} INFO - DAG(s) 'example_display_name' retrieved from /home/airflow/.local/lib/python3.12/site-packages/airflow/example_dags/example_display_name.py
[2025-03-16T19:20:03.665+0000] {logging_mixin.py:190} INFO - [2025-03-16T19:20:03.665+0000] {dag.py:3239} INFO - Sync 1 DAGs
[2025-03-16T19:20:03.684+0000] {logging_mixin.py:190} INFO - [2025-03-16T19:20:03.684+0000] {dag.py:4180} INFO - Setting next_dagrun for example_display_name to None, run_after=None
[2025-03-16T19:20:03.713+0000] {processor.py:208} INFO - Processing /home/airflow/.local/lib/python3.12/site-packages/airflow/example_dags/example_display_name.py took 0.095 seconds
[2025-03-16T19:20:34.009+0000] {processor.py:186} INFO - Started process (PID=90550) to work on /home/airflow/.local/lib/python3.12/site-packages/airflow/example_dags/example_display_name.py
[2025-03-16T19:20:34.011+0000] {processor.py:914} INFO - Processing file /home/airflow/.local/lib/python3.12/site-packages/airflow/example_dags/example_display_name.py for tasks to queue
[2025-03-16T19:20:34.014+0000] {logging_mixin.py:190} INFO - [2025-03-16T19:20:34.013+0000] {dagbag.py:588} INFO - Filling up the DagBag from /home/airflow/.local/lib/python3.12/site-packages/airflow/example_dags/example_display_name.py
[2025-03-16T19:20:34.023+0000] {processor.py:925} INFO - DAG(s) 'example_display_name' retrieved from /home/airflow/.local/lib/python3.12/site-packages/airflow/example_dags/example_display_name.py
[2025-03-16T19:20:34.053+0000] {logging_mixin.py:190} INFO - [2025-03-16T19:20:34.053+0000] {dag.py:3239} INFO - Sync 1 DAGs
[2025-03-16T19:20:34.073+0000] {logging_mixin.py:190} INFO - [2025-03-16T19:20:34.073+0000] {dag.py:4180} INFO - Setting next_dagrun for example_display_name to None, run_after=None
[2025-03-16T19:20:34.104+0000] {processor.py:208} INFO - Processing /home/airflow/.local/lib/python3.12/site-packages/airflow/example_dags/example_display_name.py took 0.101 seconds
[2025-03-16T19:21:04.296+0000] {processor.py:186} INFO - Started process (PID=90614) to work on /home/airflow/.local/lib/python3.12/site-packages/airflow/example_dags/example_display_name.py
[2025-03-16T19:21:04.297+0000] {processor.py:914} INFO - Processing file /home/airflow/.local/lib/python3.12/site-packages/airflow/example_dags/example_display_name.py for tasks to queue
[2025-03-16T19:21:04.299+0000] {logging_mixin.py:190} INFO - [2025-03-16T19:21:04.299+0000] {dagbag.py:588} INFO - Filling up the DagBag from /home/airflow/.local/lib/python3.12/site-packages/airflow/example_dags/example_display_name.py
[2025-03-16T19:21:04.310+0000] {processor.py:925} INFO - DAG(s) 'example_display_name' retrieved from /home/airflow/.local/lib/python3.12/site-packages/airflow/example_dags/example_display_name.py
[2025-03-16T19:21:04.338+0000] {logging_mixin.py:190} INFO - [2025-03-16T19:21:04.337+0000] {dag.py:3239} INFO - Sync 1 DAGs
[2025-03-16T19:21:04.354+0000] {logging_mixin.py:190} INFO - [2025-03-16T19:21:04.354+0000] {dag.py:4180} INFO - Setting next_dagrun for example_display_name to None, run_after=None
[2025-03-16T19:21:04.381+0000] {processor.py:208} INFO - Processing /home/airflow/.local/lib/python3.12/site-packages/airflow/example_dags/example_display_name.py took 0.092 seconds
[2025-03-16T19:21:34.700+0000] {processor.py:186} INFO - Started process (PID=90678) to work on /home/airflow/.local/lib/python3.12/site-packages/airflow/example_dags/example_display_name.py
[2025-03-16T19:21:34.702+0000] {processor.py:914} INFO - Processing file /home/airflow/.local/lib/python3.12/site-packages/airflow/example_dags/example_display_name.py for tasks to queue
[2025-03-16T19:21:34.705+0000] {logging_mixin.py:190} INFO - [2025-03-16T19:21:34.704+0000] {dagbag.py:588} INFO - Filling up the DagBag from /home/airflow/.local/lib/python3.12/site-packages/airflow/example_dags/example_display_name.py
[2025-03-16T19:21:34.716+0000] {processor.py:925} INFO - DAG(s) 'example_display_name' retrieved from /home/airflow/.local/lib/python3.12/site-packages/airflow/example_dags/example_display_name.py
[2025-03-16T19:21:34.746+0000] {logging_mixin.py:190} INFO - [2025-03-16T19:21:34.746+0000] {dag.py:3239} INFO - Sync 1 DAGs
[2025-03-16T19:21:34.767+0000] {logging_mixin.py:190} INFO - [2025-03-16T19:21:34.767+0000] {dag.py:4180} INFO - Setting next_dagrun for example_display_name to None, run_after=None
[2025-03-16T19:21:34.800+0000] {processor.py:208} INFO - Processing /home/airflow/.local/lib/python3.12/site-packages/airflow/example_dags/example_display_name.py took 0.107 seconds
[2025-03-16T19:22:05.101+0000] {processor.py:186} INFO - Started process (PID=90742) to work on /home/airflow/.local/lib/python3.12/site-packages/airflow/example_dags/example_display_name.py
[2025-03-16T19:22:05.102+0000] {processor.py:914} INFO - Processing file /home/airflow/.local/lib/python3.12/site-packages/airflow/example_dags/example_display_name.py for tasks to queue
[2025-03-16T19:22:05.104+0000] {logging_mixin.py:190} INFO - [2025-03-16T19:22:05.104+0000] {dagbag.py:588} INFO - Filling up the DagBag from /home/airflow/.local/lib/python3.12/site-packages/airflow/example_dags/example_display_name.py
[2025-03-16T19:22:05.116+0000] {processor.py:925} INFO - DAG(s) 'example_display_name' retrieved from /home/airflow/.local/lib/python3.12/site-packages/airflow/example_dags/example_display_name.py
[2025-03-16T19:22:05.148+0000] {logging_mixin.py:190} INFO - [2025-03-16T19:22:05.147+0000] {dag.py:3239} INFO - Sync 1 DAGs
[2025-03-16T19:22:05.171+0000] {logging_mixin.py:190} INFO - [2025-03-16T19:22:05.171+0000] {dag.py:4180} INFO - Setting next_dagrun for example_display_name to None, run_after=None
[2025-03-16T19:22:05.207+0000] {processor.py:208} INFO - Processing /home/airflow/.local/lib/python3.12/site-packages/airflow/example_dags/example_display_name.py took 0.116 seconds
[2025-03-16T19:22:35.598+0000] {processor.py:186} INFO - Started process (PID=90806) to work on /home/airflow/.local/lib/python3.12/site-packages/airflow/example_dags/example_display_name.py
[2025-03-16T19:22:35.600+0000] {processor.py:914} INFO - Processing file /home/airflow/.local/lib/python3.12/site-packages/airflow/example_dags/example_display_name.py for tasks to queue
[2025-03-16T19:22:35.602+0000] {logging_mixin.py:190} INFO - [2025-03-16T19:22:35.601+0000] {dagbag.py:588} INFO - Filling up the DagBag from /home/airflow/.local/lib/python3.12/site-packages/airflow/example_dags/example_display_name.py
[2025-03-16T19:22:35.618+0000] {processor.py:925} INFO - DAG(s) 'example_display_name' retrieved from /home/airflow/.local/lib/python3.12/site-packages/airflow/example_dags/example_display_name.py
[2025-03-16T19:22:35.652+0000] {logging_mixin.py:190} INFO - [2025-03-16T19:22:35.652+0000] {dag.py:3239} INFO - Sync 1 DAGs
[2025-03-16T19:22:35.679+0000] {logging_mixin.py:190} INFO - [2025-03-16T19:22:35.679+0000] {dag.py:4180} INFO - Setting next_dagrun for example_display_name to None, run_after=None
[2025-03-16T19:22:35.717+0000] {processor.py:208} INFO - Processing /home/airflow/.local/lib/python3.12/site-packages/airflow/example_dags/example_display_name.py took 0.129 seconds
[2025-03-16T19:23:06.126+0000] {processor.py:186} INFO - Started process (PID=90870) to work on /home/airflow/.local/lib/python3.12/site-packages/airflow/example_dags/example_display_name.py
[2025-03-16T19:23:06.127+0000] {processor.py:914} INFO - Processing file /home/airflow/.local/lib/python3.12/site-packages/airflow/example_dags/example_display_name.py for tasks to queue
[2025-03-16T19:23:06.130+0000] {logging_mixin.py:190} INFO - [2025-03-16T19:23:06.129+0000] {dagbag.py:588} INFO - Filling up the DagBag from /home/airflow/.local/lib/python3.12/site-packages/airflow/example_dags/example_display_name.py
[2025-03-16T19:23:06.145+0000] {processor.py:925} INFO - DAG(s) 'example_display_name' retrieved from /home/airflow/.local/lib/python3.12/site-packages/airflow/example_dags/example_display_name.py
[2025-03-16T19:23:06.182+0000] {logging_mixin.py:190} INFO - [2025-03-16T19:23:06.181+0000] {dag.py:3239} INFO - Sync 1 DAGs
[2025-03-16T19:23:06.212+0000] {logging_mixin.py:190} INFO - [2025-03-16T19:23:06.212+0000] {dag.py:4180} INFO - Setting next_dagrun for example_display_name to None, run_after=None
[2025-03-16T19:23:06.249+0000] {processor.py:208} INFO - Processing /home/airflow/.local/lib/python3.12/site-packages/airflow/example_dags/example_display_name.py took 0.136 seconds
[2025-03-16T19:23:36.535+0000] {processor.py:186} INFO - Started process (PID=90934) to work on /home/airflow/.local/lib/python3.12/site-packages/airflow/example_dags/example_display_name.py
[2025-03-16T19:23:36.537+0000] {processor.py:914} INFO - Processing file /home/airflow/.local/lib/python3.12/site-packages/airflow/example_dags/example_display_name.py for tasks to queue
[2025-03-16T19:23:36.540+0000] {logging_mixin.py:190} INFO - [2025-03-16T19:23:36.539+0000] {dagbag.py:588} INFO - Filling up the DagBag from /home/airflow/.local/lib/python3.12/site-packages/airflow/example_dags/example_display_name.py
[2025-03-16T19:23:36.553+0000] {processor.py:925} INFO - DAG(s) 'example_display_name' retrieved from /home/airflow/.local/lib/python3.12/site-packages/airflow/example_dags/example_display_name.py
[2025-03-16T19:23:36.588+0000] {logging_mixin.py:190} INFO - [2025-03-16T19:23:36.587+0000] {dag.py:3239} INFO - Sync 1 DAGs
[2025-03-16T19:23:36.616+0000] {logging_mixin.py:190} INFO - [2025-03-16T19:23:36.616+0000] {dag.py:4180} INFO - Setting next_dagrun for example_display_name to None, run_after=None
[2025-03-16T19:23:36.652+0000] {processor.py:208} INFO - Processing /home/airflow/.local/lib/python3.12/site-packages/airflow/example_dags/example_display_name.py took 0.128 seconds
[2025-03-16T19:24:07.883+0000] {processor.py:186} INFO - Started process (PID=90998) to work on /home/airflow/.local/lib/python3.12/site-packages/airflow/example_dags/example_display_name.py
[2025-03-16T19:24:07.884+0000] {processor.py:914} INFO - Processing file /home/airflow/.local/lib/python3.12/site-packages/airflow/example_dags/example_display_name.py for tasks to queue
[2025-03-16T19:24:07.887+0000] {logging_mixin.py:190} INFO - [2025-03-16T19:24:07.886+0000] {dagbag.py:588} INFO - Filling up the DagBag from /home/airflow/.local/lib/python3.12/site-packages/airflow/example_dags/example_display_name.py
[2025-03-16T19:24:07.902+0000] {processor.py:925} INFO - DAG(s) 'example_display_name' retrieved from /home/airflow/.local/lib/python3.12/site-packages/airflow/example_dags/example_display_name.py
[2025-03-16T19:24:07.938+0000] {logging_mixin.py:190} INFO - [2025-03-16T19:24:07.937+0000] {dag.py:3239} INFO - Sync 1 DAGs
[2025-03-16T19:24:07.965+0000] {logging_mixin.py:190} INFO - [2025-03-16T19:24:07.964+0000] {dag.py:4180} INFO - Setting next_dagrun for example_display_name to None, run_after=None
[2025-03-16T19:24:08.000+0000] {processor.py:208} INFO - Processing /home/airflow/.local/lib/python3.12/site-packages/airflow/example_dags/example_display_name.py took 0.127 seconds
[2025-03-16T19:24:40.285+0000] {processor.py:186} INFO - Started process (PID=91067) to work on /home/airflow/.local/lib/python3.12/site-packages/airflow/example_dags/example_display_name.py
[2025-03-16T19:24:40.288+0000] {processor.py:914} INFO - Processing file /home/airflow/.local/lib/python3.12/site-packages/airflow/example_dags/example_display_name.py for tasks to queue
[2025-03-16T19:24:40.292+0000] {logging_mixin.py:190} INFO - [2025-03-16T19:24:40.291+0000] {dagbag.py:588} INFO - Filling up the DagBag from /home/airflow/.local/lib/python3.12/site-packages/airflow/example_dags/example_display_name.py
[2025-03-16T19:24:40.308+0000] {processor.py:925} INFO - DAG(s) 'example_display_name' retrieved from /home/airflow/.local/lib/python3.12/site-packages/airflow/example_dags/example_display_name.py
[2025-03-16T19:24:40.343+0000] {logging_mixin.py:190} INFO - [2025-03-16T19:24:40.343+0000] {dag.py:3239} INFO - Sync 1 DAGs
[2025-03-16T19:24:40.370+0000] {logging_mixin.py:190} INFO - [2025-03-16T19:24:40.369+0000] {dag.py:4180} INFO - Setting next_dagrun for example_display_name to None, run_after=None
[2025-03-16T19:24:40.408+0000] {processor.py:208} INFO - Processing /home/airflow/.local/lib/python3.12/site-packages/airflow/example_dags/example_display_name.py took 0.133 seconds
[2025-03-16T19:25:13.110+0000] {processor.py:186} INFO - Started process (PID=91137) to work on /home/airflow/.local/lib/python3.12/site-packages/airflow/example_dags/example_display_name.py
[2025-03-16T19:25:13.111+0000] {processor.py:914} INFO - Processing file /home/airflow/.local/lib/python3.12/site-packages/airflow/example_dags/example_display_name.py for tasks to queue
[2025-03-16T19:25:13.114+0000] {logging_mixin.py:190} INFO - [2025-03-16T19:25:13.113+0000] {dagbag.py:588} INFO - Filling up the DagBag from /home/airflow/.local/lib/python3.12/site-packages/airflow/example_dags/example_display_name.py
[2025-03-16T19:25:13.130+0000] {processor.py:925} INFO - DAG(s) 'example_display_name' retrieved from /home/airflow/.local/lib/python3.12/site-packages/airflow/example_dags/example_display_name.py
[2025-03-16T19:25:13.167+0000] {logging_mixin.py:190} INFO - [2025-03-16T19:25:13.167+0000] {dag.py:3239} INFO - Sync 1 DAGs
[2025-03-16T19:25:13.199+0000] {logging_mixin.py:190} INFO - [2025-03-16T19:25:13.198+0000] {dag.py:4180} INFO - Setting next_dagrun for example_display_name to None, run_after=None
[2025-03-16T19:25:13.237+0000] {processor.py:208} INFO - Processing /home/airflow/.local/lib/python3.12/site-packages/airflow/example_dags/example_display_name.py took 0.138 seconds
[2025-03-16T19:25:44.518+0000] {processor.py:186} INFO - Started process (PID=91203) to work on /home/airflow/.local/lib/python3.12/site-packages/airflow/example_dags/example_display_name.py
[2025-03-16T19:25:44.519+0000] {processor.py:914} INFO - Processing file /home/airflow/.local/lib/python3.12/site-packages/airflow/example_dags/example_display_name.py for tasks to queue
[2025-03-16T19:25:44.522+0000] {logging_mixin.py:190} INFO - [2025-03-16T19:25:44.521+0000] {dagbag.py:588} INFO - Filling up the DagBag from /home/airflow/.local/lib/python3.12/site-packages/airflow/example_dags/example_display_name.py
[2025-03-16T19:25:44.537+0000] {processor.py:925} INFO - DAG(s) 'example_display_name' retrieved from /home/airflow/.local/lib/python3.12/site-packages/airflow/example_dags/example_display_name.py
[2025-03-16T19:25:44.574+0000] {logging_mixin.py:190} INFO - [2025-03-16T19:25:44.573+0000] {dag.py:3239} INFO - Sync 1 DAGs
[2025-03-16T19:25:44.604+0000] {logging_mixin.py:190} INFO - [2025-03-16T19:25:44.604+0000] {dag.py:4180} INFO - Setting next_dagrun for example_display_name to None, run_after=None
[2025-03-16T19:25:44.646+0000] {processor.py:208} INFO - Processing /home/airflow/.local/lib/python3.12/site-packages/airflow/example_dags/example_display_name.py took 0.139 seconds
[2025-03-16T19:26:16.140+0000] {processor.py:186} INFO - Started process (PID=91270) to work on /home/airflow/.local/lib/python3.12/site-packages/airflow/example_dags/example_display_name.py
[2025-03-16T19:26:16.142+0000] {processor.py:914} INFO - Processing file /home/airflow/.local/lib/python3.12/site-packages/airflow/example_dags/example_display_name.py for tasks to queue
[2025-03-16T19:26:16.146+0000] {logging_mixin.py:190} INFO - [2025-03-16T19:26:16.144+0000] {dagbag.py:588} INFO - Filling up the DagBag from /home/airflow/.local/lib/python3.12/site-packages/airflow/example_dags/example_display_name.py
[2025-03-16T19:26:16.159+0000] {processor.py:925} INFO - DAG(s) 'example_display_name' retrieved from /home/airflow/.local/lib/python3.12/site-packages/airflow/example_dags/example_display_name.py
[2025-03-16T19:26:16.196+0000] {logging_mixin.py:190} INFO - [2025-03-16T19:26:16.196+0000] {dag.py:3239} INFO - Sync 1 DAGs
[2025-03-16T19:26:16.223+0000] {logging_mixin.py:190} INFO - [2025-03-16T19:26:16.222+0000] {dag.py:4180} INFO - Setting next_dagrun for example_display_name to None, run_after=None
[2025-03-16T19:26:16.261+0000] {processor.py:208} INFO - Processing /home/airflow/.local/lib/python3.12/site-packages/airflow/example_dags/example_display_name.py took 0.130 seconds
[2025-03-16T19:26:47.159+0000] {processor.py:186} INFO - Started process (PID=91333) to work on /home/airflow/.local/lib/python3.12/site-packages/airflow/example_dags/example_display_name.py
[2025-03-16T19:26:47.162+0000] {processor.py:914} INFO - Processing file /home/airflow/.local/lib/python3.12/site-packages/airflow/example_dags/example_display_name.py for tasks to queue
[2025-03-16T19:26:47.165+0000] {logging_mixin.py:190} INFO - [2025-03-16T19:26:47.164+0000] {dagbag.py:588} INFO - Filling up the DagBag from /home/airflow/.local/lib/python3.12/site-packages/airflow/example_dags/example_display_name.py
[2025-03-16T19:26:47.177+0000] {processor.py:925} INFO - DAG(s) 'example_display_name' retrieved from /home/airflow/.local/lib/python3.12/site-packages/airflow/example_dags/example_display_name.py
[2025-03-16T19:26:47.210+0000] {logging_mixin.py:190} INFO - [2025-03-16T19:26:47.210+0000] {dag.py:3239} INFO - Sync 1 DAGs
[2025-03-16T19:26:47.238+0000] {logging_mixin.py:190} INFO - [2025-03-16T19:26:47.238+0000] {dag.py:4180} INFO - Setting next_dagrun for example_display_name to None, run_after=None
[2025-03-16T19:26:47.272+0000] {processor.py:208} INFO - Processing /home/airflow/.local/lib/python3.12/site-packages/airflow/example_dags/example_display_name.py took 0.124 seconds
[2025-03-16T19:27:18.562+0000] {processor.py:186} INFO - Started process (PID=91399) to work on /home/airflow/.local/lib/python3.12/site-packages/airflow/example_dags/example_display_name.py
[2025-03-16T19:27:18.564+0000] {processor.py:914} INFO - Processing file /home/airflow/.local/lib/python3.12/site-packages/airflow/example_dags/example_display_name.py for tasks to queue
[2025-03-16T19:27:18.566+0000] {logging_mixin.py:190} INFO - [2025-03-16T19:27:18.565+0000] {dagbag.py:588} INFO - Filling up the DagBag from /home/airflow/.local/lib/python3.12/site-packages/airflow/example_dags/example_display_name.py
[2025-03-16T19:27:18.578+0000] {processor.py:925} INFO - DAG(s) 'example_display_name' retrieved from /home/airflow/.local/lib/python3.12/site-packages/airflow/example_dags/example_display_name.py
[2025-03-16T19:27:18.609+0000] {logging_mixin.py:190} INFO - [2025-03-16T19:27:18.609+0000] {dag.py:3239} INFO - Sync 1 DAGs
[2025-03-16T19:27:18.634+0000] {logging_mixin.py:190} INFO - [2025-03-16T19:27:18.633+0000] {dag.py:4180} INFO - Setting next_dagrun for example_display_name to None, run_after=None
[2025-03-16T19:27:18.666+0000] {processor.py:208} INFO - Processing /home/airflow/.local/lib/python3.12/site-packages/airflow/example_dags/example_display_name.py took 0.114 seconds
[2025-03-16T19:27:51.107+0000] {processor.py:186} INFO - Started process (PID=91465) to work on /home/airflow/.local/lib/python3.12/site-packages/airflow/example_dags/example_display_name.py
[2025-03-16T19:27:51.108+0000] {processor.py:914} INFO - Processing file /home/airflow/.local/lib/python3.12/site-packages/airflow/example_dags/example_display_name.py for tasks to queue
[2025-03-16T19:27:51.111+0000] {logging_mixin.py:190} INFO - [2025-03-16T19:27:51.110+0000] {dagbag.py:588} INFO - Filling up the DagBag from /home/airflow/.local/lib/python3.12/site-packages/airflow/example_dags/example_display_name.py
[2025-03-16T19:27:51.125+0000] {processor.py:925} INFO - DAG(s) 'example_display_name' retrieved from /home/airflow/.local/lib/python3.12/site-packages/airflow/example_dags/example_display_name.py
[2025-03-16T19:27:51.160+0000] {logging_mixin.py:190} INFO - [2025-03-16T19:27:51.160+0000] {dag.py:3239} INFO - Sync 1 DAGs
[2025-03-16T19:27:51.190+0000] {logging_mixin.py:190} INFO - [2025-03-16T19:27:51.190+0000] {dag.py:4180} INFO - Setting next_dagrun for example_display_name to None, run_after=None
[2025-03-16T19:27:51.224+0000] {processor.py:208} INFO - Processing /home/airflow/.local/lib/python3.12/site-packages/airflow/example_dags/example_display_name.py took 0.128 seconds
[2025-03-16T19:28:23.106+0000] {processor.py:186} INFO - Started process (PID=91530) to work on /home/airflow/.local/lib/python3.12/site-packages/airflow/example_dags/example_display_name.py
[2025-03-16T19:28:23.108+0000] {processor.py:914} INFO - Processing file /home/airflow/.local/lib/python3.12/site-packages/airflow/example_dags/example_display_name.py for tasks to queue
[2025-03-16T19:28:23.110+0000] {logging_mixin.py:190} INFO - [2025-03-16T19:28:23.110+0000] {dagbag.py:588} INFO - Filling up the DagBag from /home/airflow/.local/lib/python3.12/site-packages/airflow/example_dags/example_display_name.py
[2025-03-16T19:28:23.127+0000] {processor.py:925} INFO - DAG(s) 'example_display_name' retrieved from /home/airflow/.local/lib/python3.12/site-packages/airflow/example_dags/example_display_name.py
[2025-03-16T19:28:23.163+0000] {logging_mixin.py:190} INFO - [2025-03-16T19:28:23.162+0000] {dag.py:3239} INFO - Sync 1 DAGs
[2025-03-16T19:28:23.191+0000] {logging_mixin.py:190} INFO - [2025-03-16T19:28:23.191+0000] {dag.py:4180} INFO - Setting next_dagrun for example_display_name to None, run_after=None
[2025-03-16T19:28:23.228+0000] {processor.py:208} INFO - Processing /home/airflow/.local/lib/python3.12/site-packages/airflow/example_dags/example_display_name.py took 0.133 seconds
[2025-03-16T19:28:53.391+0000] {processor.py:186} INFO - Started process (PID=91593) to work on /home/airflow/.local/lib/python3.12/site-packages/airflow/example_dags/example_display_name.py
[2025-03-16T19:28:53.392+0000] {processor.py:914} INFO - Processing file /home/airflow/.local/lib/python3.12/site-packages/airflow/example_dags/example_display_name.py for tasks to queue
[2025-03-16T19:28:53.394+0000] {logging_mixin.py:190} INFO - [2025-03-16T19:28:53.394+0000] {dagbag.py:588} INFO - Filling up the DagBag from /home/airflow/.local/lib/python3.12/site-packages/airflow/example_dags/example_display_name.py
[2025-03-16T19:28:53.409+0000] {processor.py:925} INFO - DAG(s) 'example_display_name' retrieved from /home/airflow/.local/lib/python3.12/site-packages/airflow/example_dags/example_display_name.py
[2025-03-16T19:28:53.443+0000] {logging_mixin.py:190} INFO - [2025-03-16T19:28:53.443+0000] {dag.py:3239} INFO - Sync 1 DAGs
[2025-03-16T19:28:53.474+0000] {logging_mixin.py:190} INFO - [2025-03-16T19:28:53.473+0000] {dag.py:4180} INFO - Setting next_dagrun for example_display_name to None, run_after=None
[2025-03-16T19:28:53.508+0000] {processor.py:208} INFO - Processing /home/airflow/.local/lib/python3.12/site-packages/airflow/example_dags/example_display_name.py took 0.128 seconds
[2025-03-16T19:29:24.574+0000] {processor.py:186} INFO - Started process (PID=91657) to work on /home/airflow/.local/lib/python3.12/site-packages/airflow/example_dags/example_display_name.py
[2025-03-16T19:29:24.576+0000] {processor.py:914} INFO - Processing file /home/airflow/.local/lib/python3.12/site-packages/airflow/example_dags/example_display_name.py for tasks to queue
[2025-03-16T19:29:24.578+0000] {logging_mixin.py:190} INFO - [2025-03-16T19:29:24.577+0000] {dagbag.py:588} INFO - Filling up the DagBag from /home/airflow/.local/lib/python3.12/site-packages/airflow/example_dags/example_display_name.py
[2025-03-16T19:29:24.594+0000] {processor.py:925} INFO - DAG(s) 'example_display_name' retrieved from /home/airflow/.local/lib/python3.12/site-packages/airflow/example_dags/example_display_name.py
[2025-03-16T19:29:24.629+0000] {logging_mixin.py:190} INFO - [2025-03-16T19:29:24.628+0000] {dag.py:3239} INFO - Sync 1 DAGs
[2025-03-16T19:29:24.658+0000] {logging_mixin.py:190} INFO - [2025-03-16T19:29:24.658+0000] {dag.py:4180} INFO - Setting next_dagrun for example_display_name to None, run_after=None
[2025-03-16T19:29:24.695+0000] {processor.py:208} INFO - Processing /home/airflow/.local/lib/python3.12/site-packages/airflow/example_dags/example_display_name.py took 0.133 seconds
[2025-03-16T19:29:57.601+0000] {processor.py:186} INFO - Started process (PID=91727) to work on /home/airflow/.local/lib/python3.12/site-packages/airflow/example_dags/example_display_name.py
[2025-03-16T19:29:57.605+0000] {processor.py:914} INFO - Processing file /home/airflow/.local/lib/python3.12/site-packages/airflow/example_dags/example_display_name.py for tasks to queue
[2025-03-16T19:29:57.608+0000] {logging_mixin.py:190} INFO - [2025-03-16T19:29:57.608+0000] {dagbag.py:588} INFO - Filling up the DagBag from /home/airflow/.local/lib/python3.12/site-packages/airflow/example_dags/example_display_name.py
[2025-03-16T19:29:57.623+0000] {processor.py:925} INFO - DAG(s) 'example_display_name' retrieved from /home/airflow/.local/lib/python3.12/site-packages/airflow/example_dags/example_display_name.py
[2025-03-16T19:29:57.661+0000] {logging_mixin.py:190} INFO - [2025-03-16T19:29:57.661+0000] {dag.py:3239} INFO - Sync 1 DAGs
[2025-03-16T19:29:57.696+0000] {logging_mixin.py:190} INFO - [2025-03-16T19:29:57.696+0000] {dag.py:4180} INFO - Setting next_dagrun for example_display_name to None, run_after=None
[2025-03-16T19:29:57.741+0000] {processor.py:208} INFO - Processing /home/airflow/.local/lib/python3.12/site-packages/airflow/example_dags/example_display_name.py took 0.152 seconds
[2025-03-16T19:30:27.901+0000] {processor.py:186} INFO - Started process (PID=91791) to work on /home/airflow/.local/lib/python3.12/site-packages/airflow/example_dags/example_display_name.py
[2025-03-16T19:30:27.904+0000] {processor.py:914} INFO - Processing file /home/airflow/.local/lib/python3.12/site-packages/airflow/example_dags/example_display_name.py for tasks to queue
[2025-03-16T19:30:27.907+0000] {logging_mixin.py:190} INFO - [2025-03-16T19:30:27.907+0000] {dagbag.py:588} INFO - Filling up the DagBag from /home/airflow/.local/lib/python3.12/site-packages/airflow/example_dags/example_display_name.py
[2025-03-16T19:30:27.920+0000] {processor.py:925} INFO - DAG(s) 'example_display_name' retrieved from /home/airflow/.local/lib/python3.12/site-packages/airflow/example_dags/example_display_name.py
[2025-03-16T19:30:27.954+0000] {logging_mixin.py:190} INFO - [2025-03-16T19:30:27.953+0000] {dag.py:3239} INFO - Sync 1 DAGs
[2025-03-16T19:30:27.981+0000] {logging_mixin.py:190} INFO - [2025-03-16T19:30:27.980+0000] {dag.py:4180} INFO - Setting next_dagrun for example_display_name to None, run_after=None
[2025-03-16T19:30:28.022+0000] {processor.py:208} INFO - Processing /home/airflow/.local/lib/python3.12/site-packages/airflow/example_dags/example_display_name.py took 0.128 seconds
[2025-03-16T19:30:58.199+0000] {processor.py:186} INFO - Started process (PID=91854) to work on /home/airflow/.local/lib/python3.12/site-packages/airflow/example_dags/example_display_name.py
[2025-03-16T19:30:58.201+0000] {processor.py:914} INFO - Processing file /home/airflow/.local/lib/python3.12/site-packages/airflow/example_dags/example_display_name.py for tasks to queue
[2025-03-16T19:30:58.204+0000] {logging_mixin.py:190} INFO - [2025-03-16T19:30:58.203+0000] {dagbag.py:588} INFO - Filling up the DagBag from /home/airflow/.local/lib/python3.12/site-packages/airflow/example_dags/example_display_name.py
[2025-03-16T19:30:58.217+0000] {processor.py:925} INFO - DAG(s) 'example_display_name' retrieved from /home/airflow/.local/lib/python3.12/site-packages/airflow/example_dags/example_display_name.py
[2025-03-16T19:30:58.252+0000] {logging_mixin.py:190} INFO - [2025-03-16T19:30:58.252+0000] {dag.py:3239} INFO - Sync 1 DAGs
[2025-03-16T19:30:58.283+0000] {logging_mixin.py:190} INFO - [2025-03-16T19:30:58.282+0000] {dag.py:4180} INFO - Setting next_dagrun for example_display_name to None, run_after=None
[2025-03-16T19:30:58.317+0000] {processor.py:208} INFO - Processing /home/airflow/.local/lib/python3.12/site-packages/airflow/example_dags/example_display_name.py took 0.131 seconds
[2025-03-16T19:31:29.020+0000] {processor.py:186} INFO - Started process (PID=91918) to work on /home/airflow/.local/lib/python3.12/site-packages/airflow/example_dags/example_display_name.py
[2025-03-16T19:31:29.022+0000] {processor.py:914} INFO - Processing file /home/airflow/.local/lib/python3.12/site-packages/airflow/example_dags/example_display_name.py for tasks to queue
[2025-03-16T19:31:29.025+0000] {logging_mixin.py:190} INFO - [2025-03-16T19:31:29.024+0000] {dagbag.py:588} INFO - Filling up the DagBag from /home/airflow/.local/lib/python3.12/site-packages/airflow/example_dags/example_display_name.py
[2025-03-16T19:31:29.039+0000] {processor.py:925} INFO - DAG(s) 'example_display_name' retrieved from /home/airflow/.local/lib/python3.12/site-packages/airflow/example_dags/example_display_name.py
[2025-03-16T19:31:29.073+0000] {logging_mixin.py:190} INFO - [2025-03-16T19:31:29.073+0000] {dag.py:3239} INFO - Sync 1 DAGs
[2025-03-16T19:31:29.101+0000] {logging_mixin.py:190} INFO - [2025-03-16T19:31:29.100+0000] {dag.py:4180} INFO - Setting next_dagrun for example_display_name to None, run_after=None
[2025-03-16T19:31:29.137+0000] {processor.py:208} INFO - Processing /home/airflow/.local/lib/python3.12/site-packages/airflow/example_dags/example_display_name.py took 0.126 seconds
[2025-03-16T19:31:59.626+0000] {processor.py:186} INFO - Started process (PID=91982) to work on /home/airflow/.local/lib/python3.12/site-packages/airflow/example_dags/example_display_name.py
[2025-03-16T19:31:59.631+0000] {processor.py:914} INFO - Processing file /home/airflow/.local/lib/python3.12/site-packages/airflow/example_dags/example_display_name.py for tasks to queue
[2025-03-16T19:31:59.637+0000] {logging_mixin.py:190} INFO - [2025-03-16T19:31:59.635+0000] {dagbag.py:588} INFO - Filling up the DagBag from /home/airflow/.local/lib/python3.12/site-packages/airflow/example_dags/example_display_name.py
[2025-03-16T19:31:59.657+0000] {processor.py:925} INFO - DAG(s) 'example_display_name' retrieved from /home/airflow/.local/lib/python3.12/site-packages/airflow/example_dags/example_display_name.py
[2025-03-16T19:31:59.697+0000] {logging_mixin.py:190} INFO - [2025-03-16T19:31:59.696+0000] {dag.py:3239} INFO - Sync 1 DAGs
[2025-03-16T19:31:59.727+0000] {logging_mixin.py:190} INFO - [2025-03-16T19:31:59.726+0000] {dag.py:4180} INFO - Setting next_dagrun for example_display_name to None, run_after=None
[2025-03-16T19:31:59.760+0000] {processor.py:208} INFO - Processing /home/airflow/.local/lib/python3.12/site-packages/airflow/example_dags/example_display_name.py took 0.148 seconds
[2025-03-16T19:32:29.890+0000] {processor.py:186} INFO - Started process (PID=92046) to work on /home/airflow/.local/lib/python3.12/site-packages/airflow/example_dags/example_display_name.py
[2025-03-16T19:32:29.893+0000] {processor.py:914} INFO - Processing file /home/airflow/.local/lib/python3.12/site-packages/airflow/example_dags/example_display_name.py for tasks to queue
[2025-03-16T19:32:29.896+0000] {logging_mixin.py:190} INFO - [2025-03-16T19:32:29.895+0000] {dagbag.py:588} INFO - Filling up the DagBag from /home/airflow/.local/lib/python3.12/site-packages/airflow/example_dags/example_display_name.py
[2025-03-16T19:32:29.909+0000] {processor.py:925} INFO - DAG(s) 'example_display_name' retrieved from /home/airflow/.local/lib/python3.12/site-packages/airflow/example_dags/example_display_name.py
[2025-03-16T19:32:29.945+0000] {logging_mixin.py:190} INFO - [2025-03-16T19:32:29.945+0000] {dag.py:3239} INFO - Sync 1 DAGs
[2025-03-16T19:32:29.975+0000] {logging_mixin.py:190} INFO - [2025-03-16T19:32:29.975+0000] {dag.py:4180} INFO - Setting next_dagrun for example_display_name to None, run_after=None
[2025-03-16T19:32:30.012+0000] {processor.py:208} INFO - Processing /home/airflow/.local/lib/python3.12/site-packages/airflow/example_dags/example_display_name.py took 0.134 seconds
[2025-03-16T19:33:00.447+0000] {processor.py:186} INFO - Started process (PID=92110) to work on /home/airflow/.local/lib/python3.12/site-packages/airflow/example_dags/example_display_name.py
[2025-03-16T19:33:00.449+0000] {processor.py:914} INFO - Processing file /home/airflow/.local/lib/python3.12/site-packages/airflow/example_dags/example_display_name.py for tasks to queue
[2025-03-16T19:33:00.453+0000] {logging_mixin.py:190} INFO - [2025-03-16T19:33:00.452+0000] {dagbag.py:588} INFO - Filling up the DagBag from /home/airflow/.local/lib/python3.12/site-packages/airflow/example_dags/example_display_name.py
[2025-03-16T19:33:00.465+0000] {processor.py:925} INFO - DAG(s) 'example_display_name' retrieved from /home/airflow/.local/lib/python3.12/site-packages/airflow/example_dags/example_display_name.py
[2025-03-16T19:33:00.514+0000] {logging_mixin.py:190} INFO - [2025-03-16T19:33:00.513+0000] {dag.py:3239} INFO - Sync 1 DAGs
[2025-03-16T19:33:00.544+0000] {logging_mixin.py:190} INFO - [2025-03-16T19:33:00.544+0000] {dag.py:4180} INFO - Setting next_dagrun for example_display_name to None, run_after=None
[2025-03-16T19:33:00.576+0000] {processor.py:208} INFO - Processing /home/airflow/.local/lib/python3.12/site-packages/airflow/example_dags/example_display_name.py took 0.137 seconds
[2025-03-16T19:33:30.746+0000] {processor.py:186} INFO - Started process (PID=92174) to work on /home/airflow/.local/lib/python3.12/site-packages/airflow/example_dags/example_display_name.py
[2025-03-16T19:33:30.747+0000] {processor.py:914} INFO - Processing file /home/airflow/.local/lib/python3.12/site-packages/airflow/example_dags/example_display_name.py for tasks to queue
[2025-03-16T19:33:30.748+0000] {logging_mixin.py:190} INFO - [2025-03-16T19:33:30.748+0000] {dagbag.py:588} INFO - Filling up the DagBag from /home/airflow/.local/lib/python3.12/site-packages/airflow/example_dags/example_display_name.py
[2025-03-16T19:33:30.759+0000] {processor.py:925} INFO - DAG(s) 'example_display_name' retrieved from /home/airflow/.local/lib/python3.12/site-packages/airflow/example_dags/example_display_name.py
[2025-03-16T19:33:30.788+0000] {logging_mixin.py:190} INFO - [2025-03-16T19:33:30.788+0000] {dag.py:3239} INFO - Sync 1 DAGs
[2025-03-16T19:33:30.811+0000] {logging_mixin.py:190} INFO - [2025-03-16T19:33:30.811+0000] {dag.py:4180} INFO - Setting next_dagrun for example_display_name to None, run_after=None
[2025-03-16T19:33:30.840+0000] {processor.py:208} INFO - Processing /home/airflow/.local/lib/python3.12/site-packages/airflow/example_dags/example_display_name.py took 0.102 seconds
[2025-03-16T19:34:01.204+0000] {processor.py:186} INFO - Started process (PID=92237) to work on /home/airflow/.local/lib/python3.12/site-packages/airflow/example_dags/example_display_name.py
[2025-03-16T19:34:01.206+0000] {processor.py:914} INFO - Processing file /home/airflow/.local/lib/python3.12/site-packages/airflow/example_dags/example_display_name.py for tasks to queue
[2025-03-16T19:34:01.208+0000] {logging_mixin.py:190} INFO - [2025-03-16T19:34:01.208+0000] {dagbag.py:588} INFO - Filling up the DagBag from /home/airflow/.local/lib/python3.12/site-packages/airflow/example_dags/example_display_name.py
[2025-03-16T19:34:01.223+0000] {processor.py:925} INFO - DAG(s) 'example_display_name' retrieved from /home/airflow/.local/lib/python3.12/site-packages/airflow/example_dags/example_display_name.py
[2025-03-16T19:34:01.259+0000] {logging_mixin.py:190} INFO - [2025-03-16T19:34:01.258+0000] {dag.py:3239} INFO - Sync 1 DAGs
[2025-03-16T19:34:01.286+0000] {logging_mixin.py:190} INFO - [2025-03-16T19:34:01.286+0000] {dag.py:4180} INFO - Setting next_dagrun for example_display_name to None, run_after=None
[2025-03-16T19:34:01.322+0000] {processor.py:208} INFO - Processing /home/airflow/.local/lib/python3.12/site-packages/airflow/example_dags/example_display_name.py took 0.129 seconds
[2025-03-16T19:34:32.586+0000] {processor.py:186} INFO - Started process (PID=92302) to work on /home/airflow/.local/lib/python3.12/site-packages/airflow/example_dags/example_display_name.py
[2025-03-16T19:34:32.588+0000] {processor.py:914} INFO - Processing file /home/airflow/.local/lib/python3.12/site-packages/airflow/example_dags/example_display_name.py for tasks to queue
[2025-03-16T19:34:32.590+0000] {logging_mixin.py:190} INFO - [2025-03-16T19:34:32.590+0000] {dagbag.py:588} INFO - Filling up the DagBag from /home/airflow/.local/lib/python3.12/site-packages/airflow/example_dags/example_display_name.py
[2025-03-16T19:34:32.602+0000] {processor.py:925} INFO - DAG(s) 'example_display_name' retrieved from /home/airflow/.local/lib/python3.12/site-packages/airflow/example_dags/example_display_name.py
[2025-03-16T19:34:32.630+0000] {logging_mixin.py:190} INFO - [2025-03-16T19:34:32.629+0000] {dag.py:3239} INFO - Sync 1 DAGs
[2025-03-16T19:34:32.651+0000] {logging_mixin.py:190} INFO - [2025-03-16T19:34:32.651+0000] {dag.py:4180} INFO - Setting next_dagrun for example_display_name to None, run_after=None
[2025-03-16T19:34:32.679+0000] {processor.py:208} INFO - Processing /home/airflow/.local/lib/python3.12/site-packages/airflow/example_dags/example_display_name.py took 0.104 seconds
[2025-03-16T19:35:03.086+0000] {processor.py:186} INFO - Started process (PID=92365) to work on /home/airflow/.local/lib/python3.12/site-packages/airflow/example_dags/example_display_name.py
[2025-03-16T19:35:03.088+0000] {processor.py:914} INFO - Processing file /home/airflow/.local/lib/python3.12/site-packages/airflow/example_dags/example_display_name.py for tasks to queue
[2025-03-16T19:35:03.090+0000] {logging_mixin.py:190} INFO - [2025-03-16T19:35:03.090+0000] {dagbag.py:588} INFO - Filling up the DagBag from /home/airflow/.local/lib/python3.12/site-packages/airflow/example_dags/example_display_name.py
[2025-03-16T19:35:03.102+0000] {processor.py:925} INFO - DAG(s) 'example_display_name' retrieved from /home/airflow/.local/lib/python3.12/site-packages/airflow/example_dags/example_display_name.py
[2025-03-16T19:35:03.130+0000] {logging_mixin.py:190} INFO - [2025-03-16T19:35:03.130+0000] {dag.py:3239} INFO - Sync 1 DAGs
[2025-03-16T19:35:03.152+0000] {logging_mixin.py:190} INFO - [2025-03-16T19:35:03.151+0000] {dag.py:4180} INFO - Setting next_dagrun for example_display_name to None, run_after=None
[2025-03-16T19:35:03.178+0000] {processor.py:208} INFO - Processing /home/airflow/.local/lib/python3.12/site-packages/airflow/example_dags/example_display_name.py took 0.100 seconds
[2025-03-16T19:35:33.564+0000] {processor.py:186} INFO - Started process (PID=92429) to work on /home/airflow/.local/lib/python3.12/site-packages/airflow/example_dags/example_display_name.py
[2025-03-16T19:35:33.566+0000] {processor.py:914} INFO - Processing file /home/airflow/.local/lib/python3.12/site-packages/airflow/example_dags/example_display_name.py for tasks to queue
[2025-03-16T19:35:33.568+0000] {logging_mixin.py:190} INFO - [2025-03-16T19:35:33.567+0000] {dagbag.py:588} INFO - Filling up the DagBag from /home/airflow/.local/lib/python3.12/site-packages/airflow/example_dags/example_display_name.py
[2025-03-16T19:35:33.581+0000] {processor.py:925} INFO - DAG(s) 'example_display_name' retrieved from /home/airflow/.local/lib/python3.12/site-packages/airflow/example_dags/example_display_name.py
[2025-03-16T19:35:33.618+0000] {logging_mixin.py:190} INFO - [2025-03-16T19:35:33.618+0000] {dag.py:3239} INFO - Sync 1 DAGs
[2025-03-16T19:35:33.647+0000] {logging_mixin.py:190} INFO - [2025-03-16T19:35:33.646+0000] {dag.py:4180} INFO - Setting next_dagrun for example_display_name to None, run_after=None
[2025-03-16T19:35:33.680+0000] {processor.py:208} INFO - Processing /home/airflow/.local/lib/python3.12/site-packages/airflow/example_dags/example_display_name.py took 0.126 seconds
[2025-03-16T19:36:04.168+0000] {processor.py:186} INFO - Started process (PID=92492) to work on /home/airflow/.local/lib/python3.12/site-packages/airflow/example_dags/example_display_name.py
[2025-03-16T19:36:04.170+0000] {processor.py:914} INFO - Processing file /home/airflow/.local/lib/python3.12/site-packages/airflow/example_dags/example_display_name.py for tasks to queue
[2025-03-16T19:36:04.172+0000] {logging_mixin.py:190} INFO - [2025-03-16T19:36:04.172+0000] {dagbag.py:588} INFO - Filling up the DagBag from /home/airflow/.local/lib/python3.12/site-packages/airflow/example_dags/example_display_name.py
[2025-03-16T19:36:04.185+0000] {processor.py:925} INFO - DAG(s) 'example_display_name' retrieved from /home/airflow/.local/lib/python3.12/site-packages/airflow/example_dags/example_display_name.py
[2025-03-16T19:36:04.215+0000] {logging_mixin.py:190} INFO - [2025-03-16T19:36:04.215+0000] {dag.py:3239} INFO - Sync 1 DAGs
[2025-03-16T19:36:04.242+0000] {logging_mixin.py:190} INFO - [2025-03-16T19:36:04.241+0000] {dag.py:4180} INFO - Setting next_dagrun for example_display_name to None, run_after=None
[2025-03-16T19:36:04.274+0000] {processor.py:208} INFO - Processing /home/airflow/.local/lib/python3.12/site-packages/airflow/example_dags/example_display_name.py took 0.114 seconds
[2025-03-16T19:36:34.544+0000] {processor.py:186} INFO - Started process (PID=92556) to work on /home/airflow/.local/lib/python3.12/site-packages/airflow/example_dags/example_display_name.py
[2025-03-16T19:36:34.546+0000] {processor.py:914} INFO - Processing file /home/airflow/.local/lib/python3.12/site-packages/airflow/example_dags/example_display_name.py for tasks to queue
[2025-03-16T19:36:34.548+0000] {logging_mixin.py:190} INFO - [2025-03-16T19:36:34.547+0000] {dagbag.py:588} INFO - Filling up the DagBag from /home/airflow/.local/lib/python3.12/site-packages/airflow/example_dags/example_display_name.py
[2025-03-16T19:36:34.558+0000] {processor.py:925} INFO - DAG(s) 'example_display_name' retrieved from /home/airflow/.local/lib/python3.12/site-packages/airflow/example_dags/example_display_name.py
[2025-03-16T19:36:34.587+0000] {logging_mixin.py:190} INFO - [2025-03-16T19:36:34.586+0000] {dag.py:3239} INFO - Sync 1 DAGs
[2025-03-16T19:36:34.612+0000] {logging_mixin.py:190} INFO - [2025-03-16T19:36:34.612+0000] {dag.py:4180} INFO - Setting next_dagrun for example_display_name to None, run_after=None
[2025-03-16T19:36:34.650+0000] {processor.py:208} INFO - Processing /home/airflow/.local/lib/python3.12/site-packages/airflow/example_dags/example_display_name.py took 0.115 seconds
[2025-03-16T19:37:04.938+0000] {processor.py:186} INFO - Started process (PID=92620) to work on /home/airflow/.local/lib/python3.12/site-packages/airflow/example_dags/example_display_name.py
[2025-03-16T19:37:04.939+0000] {processor.py:914} INFO - Processing file /home/airflow/.local/lib/python3.12/site-packages/airflow/example_dags/example_display_name.py for tasks to queue
[2025-03-16T19:37:04.941+0000] {logging_mixin.py:190} INFO - [2025-03-16T19:37:04.941+0000] {dagbag.py:588} INFO - Filling up the DagBag from /home/airflow/.local/lib/python3.12/site-packages/airflow/example_dags/example_display_name.py
[2025-03-16T19:37:04.952+0000] {processor.py:925} INFO - DAG(s) 'example_display_name' retrieved from /home/airflow/.local/lib/python3.12/site-packages/airflow/example_dags/example_display_name.py
[2025-03-16T19:37:04.983+0000] {logging_mixin.py:190} INFO - [2025-03-16T19:37:04.982+0000] {dag.py:3239} INFO - Sync 1 DAGs
[2025-03-16T19:37:05.011+0000] {logging_mixin.py:190} INFO - [2025-03-16T19:37:05.010+0000] {dag.py:4180} INFO - Setting next_dagrun for example_display_name to None, run_after=None
[2025-03-16T19:37:05.046+0000] {processor.py:208} INFO - Processing /home/airflow/.local/lib/python3.12/site-packages/airflow/example_dags/example_display_name.py took 0.115 seconds
[2025-03-16T19:37:35.548+0000] {processor.py:186} INFO - Started process (PID=92684) to work on /home/airflow/.local/lib/python3.12/site-packages/airflow/example_dags/example_display_name.py
[2025-03-16T19:37:35.549+0000] {processor.py:914} INFO - Processing file /home/airflow/.local/lib/python3.12/site-packages/airflow/example_dags/example_display_name.py for tasks to queue
[2025-03-16T19:37:35.551+0000] {logging_mixin.py:190} INFO - [2025-03-16T19:37:35.551+0000] {dagbag.py:588} INFO - Filling up the DagBag from /home/airflow/.local/lib/python3.12/site-packages/airflow/example_dags/example_display_name.py
[2025-03-16T19:37:35.564+0000] {processor.py:925} INFO - DAG(s) 'example_display_name' retrieved from /home/airflow/.local/lib/python3.12/site-packages/airflow/example_dags/example_display_name.py
[2025-03-16T19:37:35.600+0000] {logging_mixin.py:190} INFO - [2025-03-16T19:37:35.599+0000] {dag.py:3239} INFO - Sync 1 DAGs
[2025-03-16T19:37:35.635+0000] {logging_mixin.py:190} INFO - [2025-03-16T19:37:35.634+0000] {dag.py:4180} INFO - Setting next_dagrun for example_display_name to None, run_after=None
[2025-03-16T19:37:35.673+0000] {processor.py:208} INFO - Processing /home/airflow/.local/lib/python3.12/site-packages/airflow/example_dags/example_display_name.py took 0.135 seconds
[2025-03-16T19:38:05.909+0000] {processor.py:186} INFO - Started process (PID=92748) to work on /home/airflow/.local/lib/python3.12/site-packages/airflow/example_dags/example_display_name.py
[2025-03-16T19:38:05.910+0000] {processor.py:914} INFO - Processing file /home/airflow/.local/lib/python3.12/site-packages/airflow/example_dags/example_display_name.py for tasks to queue
[2025-03-16T19:38:05.912+0000] {logging_mixin.py:190} INFO - [2025-03-16T19:38:05.912+0000] {dagbag.py:588} INFO - Filling up the DagBag from /home/airflow/.local/lib/python3.12/site-packages/airflow/example_dags/example_display_name.py
[2025-03-16T19:38:05.926+0000] {processor.py:925} INFO - DAG(s) 'example_display_name' retrieved from /home/airflow/.local/lib/python3.12/site-packages/airflow/example_dags/example_display_name.py
[2025-03-16T19:38:05.961+0000] {logging_mixin.py:190} INFO - [2025-03-16T19:38:05.960+0000] {dag.py:3239} INFO - Sync 1 DAGs
[2025-03-16T19:38:05.988+0000] {logging_mixin.py:190} INFO - [2025-03-16T19:38:05.987+0000] {dag.py:4180} INFO - Setting next_dagrun for example_display_name to None, run_after=None
[2025-03-16T19:38:06.022+0000] {processor.py:208} INFO - Processing /home/airflow/.local/lib/python3.12/site-packages/airflow/example_dags/example_display_name.py took 0.123 seconds
[2025-03-16T19:38:36.115+0000] {processor.py:186} INFO - Started process (PID=92811) to work on /home/airflow/.local/lib/python3.12/site-packages/airflow/example_dags/example_display_name.py
[2025-03-16T19:38:36.116+0000] {processor.py:914} INFO - Processing file /home/airflow/.local/lib/python3.12/site-packages/airflow/example_dags/example_display_name.py for tasks to queue
[2025-03-16T19:38:36.118+0000] {logging_mixin.py:190} INFO - [2025-03-16T19:38:36.118+0000] {dagbag.py:588} INFO - Filling up the DagBag from /home/airflow/.local/lib/python3.12/site-packages/airflow/example_dags/example_display_name.py
[2025-03-16T19:38:36.129+0000] {processor.py:925} INFO - DAG(s) 'example_display_name' retrieved from /home/airflow/.local/lib/python3.12/site-packages/airflow/example_dags/example_display_name.py
[2025-03-16T19:38:36.158+0000] {logging_mixin.py:190} INFO - [2025-03-16T19:38:36.158+0000] {dag.py:3239} INFO - Sync 1 DAGs
[2025-03-16T19:38:36.181+0000] {logging_mixin.py:190} INFO - [2025-03-16T19:38:36.181+0000] {dag.py:4180} INFO - Setting next_dagrun for example_display_name to None, run_after=None
[2025-03-16T19:38:36.212+0000] {processor.py:208} INFO - Processing /home/airflow/.local/lib/python3.12/site-packages/airflow/example_dags/example_display_name.py took 0.106 seconds
[2025-03-16T19:39:06.974+0000] {processor.py:186} INFO - Started process (PID=92875) to work on /home/airflow/.local/lib/python3.12/site-packages/airflow/example_dags/example_display_name.py
[2025-03-16T19:39:06.975+0000] {processor.py:914} INFO - Processing file /home/airflow/.local/lib/python3.12/site-packages/airflow/example_dags/example_display_name.py for tasks to queue
[2025-03-16T19:39:06.978+0000] {logging_mixin.py:190} INFO - [2025-03-16T19:39:06.977+0000] {dagbag.py:588} INFO - Filling up the DagBag from /home/airflow/.local/lib/python3.12/site-packages/airflow/example_dags/example_display_name.py
[2025-03-16T19:39:06.989+0000] {processor.py:925} INFO - DAG(s) 'example_display_name' retrieved from /home/airflow/.local/lib/python3.12/site-packages/airflow/example_dags/example_display_name.py
[2025-03-16T19:39:07.016+0000] {logging_mixin.py:190} INFO - [2025-03-16T19:39:07.016+0000] {dag.py:3239} INFO - Sync 1 DAGs
[2025-03-16T19:39:07.037+0000] {logging_mixin.py:190} INFO - [2025-03-16T19:39:07.037+0000] {dag.py:4180} INFO - Setting next_dagrun for example_display_name to None, run_after=None
[2025-03-16T19:39:07.064+0000] {processor.py:208} INFO - Processing /home/airflow/.local/lib/python3.12/site-packages/airflow/example_dags/example_display_name.py took 0.098 seconds
