[2025-03-16T19:07:53.192+0000] {processor.py:186} INFO - Started process (PID=88972) to work on /home/airflow/.local/lib/python3.12/site-packages/airflow/example_dags/example_workday_timetable.py
[2025-03-16T19:07:53.193+0000] {processor.py:914} INFO - Processing file /home/airflow/.local/lib/python3.12/site-packages/airflow/example_dags/example_workday_timetable.py for tasks to queue
[2025-03-16T19:07:53.195+0000] {logging_mixin.py:190} INFO - [2025-03-16T19:07:53.194+0000] {dagbag.py:588} INFO - Filling up the DagBag from /home/airflow/.local/lib/python3.12/site-packages/airflow/example_dags/example_workday_timetable.py
[2025-03-16T19:07:53.201+0000] {processor.py:925} INFO - DAG(s) 'example_workday_timetable' retrieved from /home/airflow/.local/lib/python3.12/site-packages/airflow/example_dags/example_workday_timetable.py
[2025-03-16T19:07:53.222+0000] {logging_mixin.py:190} INFO - [2025-03-16T19:07:53.222+0000] {dag.py:3239} INFO - Sync 1 DAGs
[2025-03-16T19:07:53.293+0000] {logging_mixin.py:190} INFO - [2025-03-16T19:07:53.293+0000] {dag.py:4180} INFO - Setting next_dagrun for example_workday_timetable to 2021-01-04 00:00:00+00:00, run_after=2021-01-05 00:00:00+00:00
[2025-03-16T19:07:53.314+0000] {processor.py:208} INFO - Processing /home/airflow/.local/lib/python3.12/site-packages/airflow/example_dags/example_workday_timetable.py took 0.128 seconds
[2025-03-16T19:08:24.096+0000] {processor.py:186} INFO - Started process (PID=89031) to work on /home/airflow/.local/lib/python3.12/site-packages/airflow/example_dags/example_workday_timetable.py
[2025-03-16T19:08:24.097+0000] {processor.py:914} INFO - Processing file /home/airflow/.local/lib/python3.12/site-packages/airflow/example_dags/example_workday_timetable.py for tasks to queue
[2025-03-16T19:08:24.099+0000] {logging_mixin.py:190} INFO - [2025-03-16T19:08:24.099+0000] {dagbag.py:588} INFO - Filling up the DagBag from /home/airflow/.local/lib/python3.12/site-packages/airflow/example_dags/example_workday_timetable.py
[2025-03-16T19:08:24.105+0000] {processor.py:925} INFO - DAG(s) 'example_workday_timetable' retrieved from /home/airflow/.local/lib/python3.12/site-packages/airflow/example_dags/example_workday_timetable.py
[2025-03-16T19:08:24.125+0000] {logging_mixin.py:190} INFO - [2025-03-16T19:08:24.124+0000] {dag.py:3239} INFO - Sync 1 DAGs
[2025-03-16T19:08:24.185+0000] {logging_mixin.py:190} INFO - [2025-03-16T19:08:24.185+0000] {dag.py:4180} INFO - Setting next_dagrun for example_workday_timetable to 2021-01-04 00:00:00+00:00, run_after=2021-01-05 00:00:00+00:00
[2025-03-16T19:08:24.204+0000] {processor.py:208} INFO - Processing /home/airflow/.local/lib/python3.12/site-packages/airflow/example_dags/example_workday_timetable.py took 0.115 seconds
[2025-03-16T19:08:54.855+0000] {processor.py:186} INFO - Started process (PID=89095) to work on /home/airflow/.local/lib/python3.12/site-packages/airflow/example_dags/example_workday_timetable.py
[2025-03-16T19:08:54.856+0000] {processor.py:914} INFO - Processing file /home/airflow/.local/lib/python3.12/site-packages/airflow/example_dags/example_workday_timetable.py for tasks to queue
[2025-03-16T19:08:54.858+0000] {logging_mixin.py:190} INFO - [2025-03-16T19:08:54.858+0000] {dagbag.py:588} INFO - Filling up the DagBag from /home/airflow/.local/lib/python3.12/site-packages/airflow/example_dags/example_workday_timetable.py
[2025-03-16T19:08:54.864+0000] {processor.py:925} INFO - DAG(s) 'example_workday_timetable' retrieved from /home/airflow/.local/lib/python3.12/site-packages/airflow/example_dags/example_workday_timetable.py
[2025-03-16T19:08:54.884+0000] {logging_mixin.py:190} INFO - [2025-03-16T19:08:54.883+0000] {dag.py:3239} INFO - Sync 1 DAGs
[2025-03-16T19:08:54.943+0000] {logging_mixin.py:190} INFO - [2025-03-16T19:08:54.943+0000] {dag.py:4180} INFO - Setting next_dagrun for example_workday_timetable to 2021-01-04 00:00:00+00:00, run_after=2021-01-05 00:00:00+00:00
[2025-03-16T19:08:54.961+0000] {processor.py:208} INFO - Processing /home/airflow/.local/lib/python3.12/site-packages/airflow/example_dags/example_workday_timetable.py took 0.111 seconds
[2025-03-16T19:09:25.897+0000] {processor.py:186} INFO - Started process (PID=89161) to work on /home/airflow/.local/lib/python3.12/site-packages/airflow/example_dags/example_workday_timetable.py
[2025-03-16T19:09:25.899+0000] {processor.py:914} INFO - Processing file /home/airflow/.local/lib/python3.12/site-packages/airflow/example_dags/example_workday_timetable.py for tasks to queue
[2025-03-16T19:09:25.900+0000] {logging_mixin.py:190} INFO - [2025-03-16T19:09:25.900+0000] {dagbag.py:588} INFO - Filling up the DagBag from /home/airflow/.local/lib/python3.12/site-packages/airflow/example_dags/example_workday_timetable.py
[2025-03-16T19:09:25.906+0000] {processor.py:925} INFO - DAG(s) 'example_workday_timetable' retrieved from /home/airflow/.local/lib/python3.12/site-packages/airflow/example_dags/example_workday_timetable.py
[2025-03-16T19:09:25.931+0000] {logging_mixin.py:190} INFO - [2025-03-16T19:09:25.930+0000] {dag.py:3239} INFO - Sync 1 DAGs
[2025-03-16T19:09:25.998+0000] {logging_mixin.py:190} INFO - [2025-03-16T19:09:25.998+0000] {dag.py:4180} INFO - Setting next_dagrun for example_workday_timetable to 2021-01-04 00:00:00+00:00, run_after=2021-01-05 00:00:00+00:00
[2025-03-16T19:09:26.023+0000] {processor.py:208} INFO - Processing /home/airflow/.local/lib/python3.12/site-packages/airflow/example_dags/example_workday_timetable.py took 0.133 seconds
[2025-03-16T19:09:57.128+0000] {processor.py:186} INFO - Started process (PID=89226) to work on /home/airflow/.local/lib/python3.12/site-packages/airflow/example_dags/example_workday_timetable.py
[2025-03-16T19:09:57.130+0000] {processor.py:914} INFO - Processing file /home/airflow/.local/lib/python3.12/site-packages/airflow/example_dags/example_workday_timetable.py for tasks to queue
[2025-03-16T19:09:57.131+0000] {logging_mixin.py:190} INFO - [2025-03-16T19:09:57.131+0000] {dagbag.py:588} INFO - Filling up the DagBag from /home/airflow/.local/lib/python3.12/site-packages/airflow/example_dags/example_workday_timetable.py
[2025-03-16T19:09:57.137+0000] {processor.py:925} INFO - DAG(s) 'example_workday_timetable' retrieved from /home/airflow/.local/lib/python3.12/site-packages/airflow/example_dags/example_workday_timetable.py
[2025-03-16T19:09:57.160+0000] {logging_mixin.py:190} INFO - [2025-03-16T19:09:57.160+0000] {dag.py:3239} INFO - Sync 1 DAGs
[2025-03-16T19:09:57.215+0000] {logging_mixin.py:190} INFO - [2025-03-16T19:09:57.215+0000] {dag.py:4180} INFO - Setting next_dagrun for example_workday_timetable to 2021-01-04 00:00:00+00:00, run_after=2021-01-05 00:00:00+00:00
[2025-03-16T19:09:57.241+0000] {processor.py:208} INFO - Processing /home/airflow/.local/lib/python3.12/site-packages/airflow/example_dags/example_workday_timetable.py took 0.117 seconds
[2025-03-16T19:10:27.606+0000] {processor.py:186} INFO - Started process (PID=89289) to work on /home/airflow/.local/lib/python3.12/site-packages/airflow/example_dags/example_workday_timetable.py
[2025-03-16T19:10:27.607+0000] {processor.py:914} INFO - Processing file /home/airflow/.local/lib/python3.12/site-packages/airflow/example_dags/example_workday_timetable.py for tasks to queue
[2025-03-16T19:10:27.609+0000] {logging_mixin.py:190} INFO - [2025-03-16T19:10:27.608+0000] {dagbag.py:588} INFO - Filling up the DagBag from /home/airflow/.local/lib/python3.12/site-packages/airflow/example_dags/example_workday_timetable.py
[2025-03-16T19:10:27.616+0000] {processor.py:925} INFO - DAG(s) 'example_workday_timetable' retrieved from /home/airflow/.local/lib/python3.12/site-packages/airflow/example_dags/example_workday_timetable.py
[2025-03-16T19:10:27.641+0000] {logging_mixin.py:190} INFO - [2025-03-16T19:10:27.641+0000] {dag.py:3239} INFO - Sync 1 DAGs
[2025-03-16T19:10:27.699+0000] {logging_mixin.py:190} INFO - [2025-03-16T19:10:27.699+0000] {dag.py:4180} INFO - Setting next_dagrun for example_workday_timetable to 2021-01-04 00:00:00+00:00, run_after=2021-01-05 00:00:00+00:00
[2025-03-16T19:10:27.725+0000] {processor.py:208} INFO - Processing /home/airflow/.local/lib/python3.12/site-packages/airflow/example_dags/example_workday_timetable.py took 0.125 seconds
[2025-03-16T19:10:57.977+0000] {processor.py:186} INFO - Started process (PID=89353) to work on /home/airflow/.local/lib/python3.12/site-packages/airflow/example_dags/example_workday_timetable.py
[2025-03-16T19:10:57.978+0000] {processor.py:914} INFO - Processing file /home/airflow/.local/lib/python3.12/site-packages/airflow/example_dags/example_workday_timetable.py for tasks to queue
[2025-03-16T19:10:57.980+0000] {logging_mixin.py:190} INFO - [2025-03-16T19:10:57.980+0000] {dagbag.py:588} INFO - Filling up the DagBag from /home/airflow/.local/lib/python3.12/site-packages/airflow/example_dags/example_workday_timetable.py
[2025-03-16T19:10:57.987+0000] {processor.py:925} INFO - DAG(s) 'example_workday_timetable' retrieved from /home/airflow/.local/lib/python3.12/site-packages/airflow/example_dags/example_workday_timetable.py
[2025-03-16T19:10:58.012+0000] {logging_mixin.py:190} INFO - [2025-03-16T19:10:58.012+0000] {dag.py:3239} INFO - Sync 1 DAGs
[2025-03-16T19:10:58.076+0000] {logging_mixin.py:190} INFO - [2025-03-16T19:10:58.076+0000] {dag.py:4180} INFO - Setting next_dagrun for example_workday_timetable to 2021-01-04 00:00:00+00:00, run_after=2021-01-05 00:00:00+00:00
[2025-03-16T19:10:58.102+0000] {processor.py:208} INFO - Processing /home/airflow/.local/lib/python3.12/site-packages/airflow/example_dags/example_workday_timetable.py took 0.131 seconds
[2025-03-16T19:11:28.336+0000] {processor.py:186} INFO - Started process (PID=89417) to work on /home/airflow/.local/lib/python3.12/site-packages/airflow/example_dags/example_workday_timetable.py
[2025-03-16T19:11:28.337+0000] {processor.py:914} INFO - Processing file /home/airflow/.local/lib/python3.12/site-packages/airflow/example_dags/example_workday_timetable.py for tasks to queue
[2025-03-16T19:11:28.339+0000] {logging_mixin.py:190} INFO - [2025-03-16T19:11:28.339+0000] {dagbag.py:588} INFO - Filling up the DagBag from /home/airflow/.local/lib/python3.12/site-packages/airflow/example_dags/example_workday_timetable.py
[2025-03-16T19:11:28.345+0000] {processor.py:925} INFO - DAG(s) 'example_workday_timetable' retrieved from /home/airflow/.local/lib/python3.12/site-packages/airflow/example_dags/example_workday_timetable.py
[2025-03-16T19:11:28.371+0000] {logging_mixin.py:190} INFO - [2025-03-16T19:11:28.371+0000] {dag.py:3239} INFO - Sync 1 DAGs
[2025-03-16T19:11:28.426+0000] {logging_mixin.py:190} INFO - [2025-03-16T19:11:28.426+0000] {dag.py:4180} INFO - Setting next_dagrun for example_workday_timetable to 2021-01-04 00:00:00+00:00, run_after=2021-01-05 00:00:00+00:00
[2025-03-16T19:11:28.454+0000] {processor.py:208} INFO - Processing /home/airflow/.local/lib/python3.12/site-packages/airflow/example_dags/example_workday_timetable.py took 0.124 seconds
[2025-03-16T19:11:58.902+0000] {processor.py:186} INFO - Started process (PID=89481) to work on /home/airflow/.local/lib/python3.12/site-packages/airflow/example_dags/example_workday_timetable.py
[2025-03-16T19:11:58.904+0000] {processor.py:914} INFO - Processing file /home/airflow/.local/lib/python3.12/site-packages/airflow/example_dags/example_workday_timetable.py for tasks to queue
[2025-03-16T19:11:58.906+0000] {logging_mixin.py:190} INFO - [2025-03-16T19:11:58.906+0000] {dagbag.py:588} INFO - Filling up the DagBag from /home/airflow/.local/lib/python3.12/site-packages/airflow/example_dags/example_workday_timetable.py
[2025-03-16T19:11:58.913+0000] {processor.py:925} INFO - DAG(s) 'example_workday_timetable' retrieved from /home/airflow/.local/lib/python3.12/site-packages/airflow/example_dags/example_workday_timetable.py
[2025-03-16T19:11:58.940+0000] {logging_mixin.py:190} INFO - [2025-03-16T19:11:58.940+0000] {dag.py:3239} INFO - Sync 1 DAGs
[2025-03-16T19:11:59.017+0000] {logging_mixin.py:190} INFO - [2025-03-16T19:11:59.017+0000] {dag.py:4180} INFO - Setting next_dagrun for example_workday_timetable to 2021-01-04 00:00:00+00:00, run_after=2021-01-05 00:00:00+00:00
[2025-03-16T19:11:59.049+0000] {processor.py:208} INFO - Processing /home/airflow/.local/lib/python3.12/site-packages/airflow/example_dags/example_workday_timetable.py took 0.152 seconds
[2025-03-16T19:12:29.338+0000] {processor.py:186} INFO - Started process (PID=89545) to work on /home/airflow/.local/lib/python3.12/site-packages/airflow/example_dags/example_workday_timetable.py
[2025-03-16T19:12:29.339+0000] {processor.py:914} INFO - Processing file /home/airflow/.local/lib/python3.12/site-packages/airflow/example_dags/example_workday_timetable.py for tasks to queue
[2025-03-16T19:12:29.340+0000] {logging_mixin.py:190} INFO - [2025-03-16T19:12:29.340+0000] {dagbag.py:588} INFO - Filling up the DagBag from /home/airflow/.local/lib/python3.12/site-packages/airflow/example_dags/example_workday_timetable.py
[2025-03-16T19:12:29.345+0000] {processor.py:925} INFO - DAG(s) 'example_workday_timetable' retrieved from /home/airflow/.local/lib/python3.12/site-packages/airflow/example_dags/example_workday_timetable.py
[2025-03-16T19:12:29.369+0000] {logging_mixin.py:190} INFO - [2025-03-16T19:12:29.369+0000] {dag.py:3239} INFO - Sync 1 DAGs
[2025-03-16T19:12:29.431+0000] {logging_mixin.py:190} INFO - [2025-03-16T19:12:29.430+0000] {dag.py:4180} INFO - Setting next_dagrun for example_workday_timetable to 2021-01-04 00:00:00+00:00, run_after=2021-01-05 00:00:00+00:00
[2025-03-16T19:12:29.457+0000] {processor.py:208} INFO - Processing /home/airflow/.local/lib/python3.12/site-packages/airflow/example_dags/example_workday_timetable.py took 0.124 seconds
[2025-03-16T19:12:59.571+0000] {processor.py:186} INFO - Started process (PID=89609) to work on /home/airflow/.local/lib/python3.12/site-packages/airflow/example_dags/example_workday_timetable.py
[2025-03-16T19:12:59.572+0000] {processor.py:914} INFO - Processing file /home/airflow/.local/lib/python3.12/site-packages/airflow/example_dags/example_workday_timetable.py for tasks to queue
[2025-03-16T19:12:59.574+0000] {logging_mixin.py:190} INFO - [2025-03-16T19:12:59.573+0000] {dagbag.py:588} INFO - Filling up the DagBag from /home/airflow/.local/lib/python3.12/site-packages/airflow/example_dags/example_workday_timetable.py
[2025-03-16T19:12:59.581+0000] {processor.py:925} INFO - DAG(s) 'example_workday_timetable' retrieved from /home/airflow/.local/lib/python3.12/site-packages/airflow/example_dags/example_workday_timetable.py
[2025-03-16T19:12:59.608+0000] {logging_mixin.py:190} INFO - [2025-03-16T19:12:59.607+0000] {dag.py:3239} INFO - Sync 1 DAGs
[2025-03-16T19:12:59.666+0000] {logging_mixin.py:190} INFO - [2025-03-16T19:12:59.665+0000] {dag.py:4180} INFO - Setting next_dagrun for example_workday_timetable to 2021-01-04 00:00:00+00:00, run_after=2021-01-05 00:00:00+00:00
[2025-03-16T19:12:59.689+0000] {processor.py:208} INFO - Processing /home/airflow/.local/lib/python3.12/site-packages/airflow/example_dags/example_workday_timetable.py took 0.123 seconds
[2025-03-16T19:13:30.364+0000] {processor.py:186} INFO - Started process (PID=89674) to work on /home/airflow/.local/lib/python3.12/site-packages/airflow/example_dags/example_workday_timetable.py
[2025-03-16T19:13:30.365+0000] {processor.py:914} INFO - Processing file /home/airflow/.local/lib/python3.12/site-packages/airflow/example_dags/example_workday_timetable.py for tasks to queue
[2025-03-16T19:13:30.367+0000] {logging_mixin.py:190} INFO - [2025-03-16T19:13:30.366+0000] {dagbag.py:588} INFO - Filling up the DagBag from /home/airflow/.local/lib/python3.12/site-packages/airflow/example_dags/example_workday_timetable.py
[2025-03-16T19:13:30.371+0000] {processor.py:925} INFO - DAG(s) 'example_workday_timetable' retrieved from /home/airflow/.local/lib/python3.12/site-packages/airflow/example_dags/example_workday_timetable.py
[2025-03-16T19:13:30.390+0000] {logging_mixin.py:190} INFO - [2025-03-16T19:13:30.390+0000] {dag.py:3239} INFO - Sync 1 DAGs
[2025-03-16T19:13:30.438+0000] {logging_mixin.py:190} INFO - [2025-03-16T19:13:30.438+0000] {dag.py:4180} INFO - Setting next_dagrun for example_workday_timetable to 2021-01-04 00:00:00+00:00, run_after=2021-01-05 00:00:00+00:00
[2025-03-16T19:13:30.460+0000] {processor.py:208} INFO - Processing /home/airflow/.local/lib/python3.12/site-packages/airflow/example_dags/example_workday_timetable.py took 0.100 seconds
[2025-03-16T19:14:00.704+0000] {processor.py:186} INFO - Started process (PID=89735) to work on /home/airflow/.local/lib/python3.12/site-packages/airflow/example_dags/example_workday_timetable.py
[2025-03-16T19:14:00.705+0000] {processor.py:914} INFO - Processing file /home/airflow/.local/lib/python3.12/site-packages/airflow/example_dags/example_workday_timetable.py for tasks to queue
[2025-03-16T19:14:00.707+0000] {logging_mixin.py:190} INFO - [2025-03-16T19:14:00.706+0000] {dagbag.py:588} INFO - Filling up the DagBag from /home/airflow/.local/lib/python3.12/site-packages/airflow/example_dags/example_workday_timetable.py
[2025-03-16T19:14:00.712+0000] {processor.py:925} INFO - DAG(s) 'example_workday_timetable' retrieved from /home/airflow/.local/lib/python3.12/site-packages/airflow/example_dags/example_workday_timetable.py
[2025-03-16T19:14:00.734+0000] {logging_mixin.py:190} INFO - [2025-03-16T19:14:00.734+0000] {dag.py:3239} INFO - Sync 1 DAGs
[2025-03-16T19:14:00.785+0000] {logging_mixin.py:190} INFO - [2025-03-16T19:14:00.785+0000] {dag.py:4180} INFO - Setting next_dagrun for example_workday_timetable to 2021-01-04 00:00:00+00:00, run_after=2021-01-05 00:00:00+00:00
[2025-03-16T19:14:00.806+0000] {processor.py:208} INFO - Processing /home/airflow/.local/lib/python3.12/site-packages/airflow/example_dags/example_workday_timetable.py took 0.107 seconds
[2025-03-16T19:14:30.979+0000] {processor.py:186} INFO - Started process (PID=89799) to work on /home/airflow/.local/lib/python3.12/site-packages/airflow/example_dags/example_workday_timetable.py
[2025-03-16T19:14:30.981+0000] {processor.py:914} INFO - Processing file /home/airflow/.local/lib/python3.12/site-packages/airflow/example_dags/example_workday_timetable.py for tasks to queue
[2025-03-16T19:14:30.983+0000] {logging_mixin.py:190} INFO - [2025-03-16T19:14:30.982+0000] {dagbag.py:588} INFO - Filling up the DagBag from /home/airflow/.local/lib/python3.12/site-packages/airflow/example_dags/example_workday_timetable.py
[2025-03-16T19:14:30.989+0000] {processor.py:925} INFO - DAG(s) 'example_workday_timetable' retrieved from /home/airflow/.local/lib/python3.12/site-packages/airflow/example_dags/example_workday_timetable.py
[2025-03-16T19:14:31.012+0000] {logging_mixin.py:190} INFO - [2025-03-16T19:14:31.011+0000] {dag.py:3239} INFO - Sync 1 DAGs
[2025-03-16T19:14:31.088+0000] {logging_mixin.py:190} INFO - [2025-03-16T19:14:31.088+0000] {dag.py:4180} INFO - Setting next_dagrun for example_workday_timetable to 2021-01-04 00:00:00+00:00, run_after=2021-01-05 00:00:00+00:00
[2025-03-16T19:14:31.115+0000] {processor.py:208} INFO - Processing /home/airflow/.local/lib/python3.12/site-packages/airflow/example_dags/example_workday_timetable.py took 0.142 seconds
[2025-03-16T19:15:01.565+0000] {processor.py:186} INFO - Started process (PID=89862) to work on /home/airflow/.local/lib/python3.12/site-packages/airflow/example_dags/example_workday_timetable.py
[2025-03-16T19:15:01.566+0000] {processor.py:914} INFO - Processing file /home/airflow/.local/lib/python3.12/site-packages/airflow/example_dags/example_workday_timetable.py for tasks to queue
[2025-03-16T19:15:01.568+0000] {logging_mixin.py:190} INFO - [2025-03-16T19:15:01.568+0000] {dagbag.py:588} INFO - Filling up the DagBag from /home/airflow/.local/lib/python3.12/site-packages/airflow/example_dags/example_workday_timetable.py
[2025-03-16T19:15:01.573+0000] {processor.py:925} INFO - DAG(s) 'example_workday_timetable' retrieved from /home/airflow/.local/lib/python3.12/site-packages/airflow/example_dags/example_workday_timetable.py
[2025-03-16T19:15:01.596+0000] {logging_mixin.py:190} INFO - [2025-03-16T19:15:01.596+0000] {dag.py:3239} INFO - Sync 1 DAGs
[2025-03-16T19:15:01.655+0000] {logging_mixin.py:190} INFO - [2025-03-16T19:15:01.655+0000] {dag.py:4180} INFO - Setting next_dagrun for example_workday_timetable to 2021-01-04 00:00:00+00:00, run_after=2021-01-05 00:00:00+00:00
[2025-03-16T19:15:01.681+0000] {processor.py:208} INFO - Processing /home/airflow/.local/lib/python3.12/site-packages/airflow/example_dags/example_workday_timetable.py took 0.123 seconds
[2025-03-16T19:15:32.276+0000] {processor.py:186} INFO - Started process (PID=89926) to work on /home/airflow/.local/lib/python3.12/site-packages/airflow/example_dags/example_workday_timetable.py
[2025-03-16T19:15:32.277+0000] {processor.py:914} INFO - Processing file /home/airflow/.local/lib/python3.12/site-packages/airflow/example_dags/example_workday_timetable.py for tasks to queue
[2025-03-16T19:15:32.279+0000] {logging_mixin.py:190} INFO - [2025-03-16T19:15:32.279+0000] {dagbag.py:588} INFO - Filling up the DagBag from /home/airflow/.local/lib/python3.12/site-packages/airflow/example_dags/example_workday_timetable.py
[2025-03-16T19:15:32.288+0000] {processor.py:925} INFO - DAG(s) 'example_workday_timetable' retrieved from /home/airflow/.local/lib/python3.12/site-packages/airflow/example_dags/example_workday_timetable.py
[2025-03-16T19:15:32.317+0000] {logging_mixin.py:190} INFO - [2025-03-16T19:15:32.316+0000] {dag.py:3239} INFO - Sync 1 DAGs
[2025-03-16T19:15:32.401+0000] {logging_mixin.py:190} INFO - [2025-03-16T19:15:32.401+0000] {dag.py:4180} INFO - Setting next_dagrun for example_workday_timetable to 2021-01-04 00:00:00+00:00, run_after=2021-01-05 00:00:00+00:00
[2025-03-16T19:15:32.429+0000] {processor.py:208} INFO - Processing /home/airflow/.local/lib/python3.12/site-packages/airflow/example_dags/example_workday_timetable.py took 0.160 seconds
[2025-03-16T19:16:02.775+0000] {processor.py:186} INFO - Started process (PID=89989) to work on /home/airflow/.local/lib/python3.12/site-packages/airflow/example_dags/example_workday_timetable.py
[2025-03-16T19:16:02.776+0000] {processor.py:914} INFO - Processing file /home/airflow/.local/lib/python3.12/site-packages/airflow/example_dags/example_workday_timetable.py for tasks to queue
[2025-03-16T19:16:02.778+0000] {logging_mixin.py:190} INFO - [2025-03-16T19:16:02.778+0000] {dagbag.py:588} INFO - Filling up the DagBag from /home/airflow/.local/lib/python3.12/site-packages/airflow/example_dags/example_workday_timetable.py
[2025-03-16T19:16:02.785+0000] {processor.py:925} INFO - DAG(s) 'example_workday_timetable' retrieved from /home/airflow/.local/lib/python3.12/site-packages/airflow/example_dags/example_workday_timetable.py
[2025-03-16T19:16:02.804+0000] {logging_mixin.py:190} INFO - [2025-03-16T19:16:02.804+0000] {dag.py:3239} INFO - Sync 1 DAGs
[2025-03-16T19:16:02.893+0000] {logging_mixin.py:190} INFO - [2025-03-16T19:16:02.892+0000] {dag.py:4180} INFO - Setting next_dagrun for example_workday_timetable to 2021-01-04 00:00:00+00:00, run_after=2021-01-05 00:00:00+00:00
[2025-03-16T19:16:02.928+0000] {processor.py:208} INFO - Processing /home/airflow/.local/lib/python3.12/site-packages/airflow/example_dags/example_workday_timetable.py took 0.172 seconds
[2025-03-16T19:16:32.999+0000] {processor.py:186} INFO - Started process (PID=90053) to work on /home/airflow/.local/lib/python3.12/site-packages/airflow/example_dags/example_workday_timetable.py
[2025-03-16T19:16:33.000+0000] {processor.py:914} INFO - Processing file /home/airflow/.local/lib/python3.12/site-packages/airflow/example_dags/example_workday_timetable.py for tasks to queue
[2025-03-16T19:16:33.002+0000] {logging_mixin.py:190} INFO - [2025-03-16T19:16:33.001+0000] {dagbag.py:588} INFO - Filling up the DagBag from /home/airflow/.local/lib/python3.12/site-packages/airflow/example_dags/example_workday_timetable.py
[2025-03-16T19:16:33.010+0000] {processor.py:925} INFO - DAG(s) 'example_workday_timetable' retrieved from /home/airflow/.local/lib/python3.12/site-packages/airflow/example_dags/example_workday_timetable.py
[2025-03-16T19:16:33.039+0000] {logging_mixin.py:190} INFO - [2025-03-16T19:16:33.038+0000] {dag.py:3239} INFO - Sync 1 DAGs
[2025-03-16T19:16:33.113+0000] {logging_mixin.py:190} INFO - [2025-03-16T19:16:33.113+0000] {dag.py:4180} INFO - Setting next_dagrun for example_workday_timetable to 2021-01-04 00:00:00+00:00, run_after=2021-01-05 00:00:00+00:00
[2025-03-16T19:16:33.143+0000] {processor.py:208} INFO - Processing /home/airflow/.local/lib/python3.12/site-packages/airflow/example_dags/example_workday_timetable.py took 0.152 seconds
[2025-03-16T19:17:03.569+0000] {processor.py:186} INFO - Started process (PID=90117) to work on /home/airflow/.local/lib/python3.12/site-packages/airflow/example_dags/example_workday_timetable.py
[2025-03-16T19:17:03.571+0000] {processor.py:914} INFO - Processing file /home/airflow/.local/lib/python3.12/site-packages/airflow/example_dags/example_workday_timetable.py for tasks to queue
[2025-03-16T19:17:03.574+0000] {logging_mixin.py:190} INFO - [2025-03-16T19:17:03.573+0000] {dagbag.py:588} INFO - Filling up the DagBag from /home/airflow/.local/lib/python3.12/site-packages/airflow/example_dags/example_workday_timetable.py
[2025-03-16T19:17:03.580+0000] {processor.py:925} INFO - DAG(s) 'example_workday_timetable' retrieved from /home/airflow/.local/lib/python3.12/site-packages/airflow/example_dags/example_workday_timetable.py
[2025-03-16T19:17:03.611+0000] {logging_mixin.py:190} INFO - [2025-03-16T19:17:03.611+0000] {dag.py:3239} INFO - Sync 1 DAGs
[2025-03-16T19:17:03.684+0000] {logging_mixin.py:190} INFO - [2025-03-16T19:17:03.684+0000] {dag.py:4180} INFO - Setting next_dagrun for example_workday_timetable to 2021-01-04 00:00:00+00:00, run_after=2021-01-05 00:00:00+00:00
[2025-03-16T19:17:03.714+0000] {processor.py:208} INFO - Processing /home/airflow/.local/lib/python3.12/site-packages/airflow/example_dags/example_workday_timetable.py took 0.151 seconds
[2025-03-16T19:17:33.807+0000] {processor.py:186} INFO - Started process (PID=90181) to work on /home/airflow/.local/lib/python3.12/site-packages/airflow/example_dags/example_workday_timetable.py
[2025-03-16T19:17:33.808+0000] {processor.py:914} INFO - Processing file /home/airflow/.local/lib/python3.12/site-packages/airflow/example_dags/example_workday_timetable.py for tasks to queue
[2025-03-16T19:17:33.809+0000] {logging_mixin.py:190} INFO - [2025-03-16T19:17:33.809+0000] {dagbag.py:588} INFO - Filling up the DagBag from /home/airflow/.local/lib/python3.12/site-packages/airflow/example_dags/example_workday_timetable.py
[2025-03-16T19:17:33.817+0000] {processor.py:925} INFO - DAG(s) 'example_workday_timetable' retrieved from /home/airflow/.local/lib/python3.12/site-packages/airflow/example_dags/example_workday_timetable.py
[2025-03-16T19:17:33.848+0000] {logging_mixin.py:190} INFO - [2025-03-16T19:17:33.847+0000] {dag.py:3239} INFO - Sync 1 DAGs
[2025-03-16T19:17:33.924+0000] {logging_mixin.py:190} INFO - [2025-03-16T19:17:33.924+0000] {dag.py:4180} INFO - Setting next_dagrun for example_workday_timetable to 2021-01-04 00:00:00+00:00, run_after=2021-01-05 00:00:00+00:00
[2025-03-16T19:17:33.955+0000] {processor.py:208} INFO - Processing /home/airflow/.local/lib/python3.12/site-packages/airflow/example_dags/example_workday_timetable.py took 0.155 seconds
[2025-03-16T19:18:04.769+0000] {processor.py:186} INFO - Started process (PID=90245) to work on /home/airflow/.local/lib/python3.12/site-packages/airflow/example_dags/example_workday_timetable.py
[2025-03-16T19:18:04.772+0000] {processor.py:914} INFO - Processing file /home/airflow/.local/lib/python3.12/site-packages/airflow/example_dags/example_workday_timetable.py for tasks to queue
[2025-03-16T19:18:04.774+0000] {logging_mixin.py:190} INFO - [2025-03-16T19:18:04.774+0000] {dagbag.py:588} INFO - Filling up the DagBag from /home/airflow/.local/lib/python3.12/site-packages/airflow/example_dags/example_workday_timetable.py
[2025-03-16T19:18:04.782+0000] {processor.py:925} INFO - DAG(s) 'example_workday_timetable' retrieved from /home/airflow/.local/lib/python3.12/site-packages/airflow/example_dags/example_workday_timetable.py
[2025-03-16T19:18:04.818+0000] {logging_mixin.py:190} INFO - [2025-03-16T19:18:04.818+0000] {dag.py:3239} INFO - Sync 1 DAGs
[2025-03-16T19:18:04.918+0000] {logging_mixin.py:190} INFO - [2025-03-16T19:18:04.918+0000] {dag.py:4180} INFO - Setting next_dagrun for example_workday_timetable to 2021-01-04 00:00:00+00:00, run_after=2021-01-05 00:00:00+00:00
[2025-03-16T19:18:04.955+0000] {processor.py:208} INFO - Processing /home/airflow/.local/lib/python3.12/site-packages/airflow/example_dags/example_workday_timetable.py took 0.195 seconds
[2025-03-16T19:18:35.142+0000] {processor.py:186} INFO - Started process (PID=90309) to work on /home/airflow/.local/lib/python3.12/site-packages/airflow/example_dags/example_workday_timetable.py
[2025-03-16T19:18:35.144+0000] {processor.py:914} INFO - Processing file /home/airflow/.local/lib/python3.12/site-packages/airflow/example_dags/example_workday_timetable.py for tasks to queue
[2025-03-16T19:18:35.145+0000] {logging_mixin.py:190} INFO - [2025-03-16T19:18:35.145+0000] {dagbag.py:588} INFO - Filling up the DagBag from /home/airflow/.local/lib/python3.12/site-packages/airflow/example_dags/example_workday_timetable.py
[2025-03-16T19:18:35.152+0000] {processor.py:925} INFO - DAG(s) 'example_workday_timetable' retrieved from /home/airflow/.local/lib/python3.12/site-packages/airflow/example_dags/example_workday_timetable.py
[2025-03-16T19:18:35.180+0000] {logging_mixin.py:190} INFO - [2025-03-16T19:18:35.180+0000] {dag.py:3239} INFO - Sync 1 DAGs
[2025-03-16T19:18:35.267+0000] {logging_mixin.py:190} INFO - [2025-03-16T19:18:35.267+0000] {dag.py:4180} INFO - Setting next_dagrun for example_workday_timetable to 2021-01-04 00:00:00+00:00, run_after=2021-01-05 00:00:00+00:00
[2025-03-16T19:18:35.298+0000] {processor.py:208} INFO - Processing /home/airflow/.local/lib/python3.12/site-packages/airflow/example_dags/example_workday_timetable.py took 0.164 seconds
[2025-03-16T19:19:06.090+0000] {processor.py:186} INFO - Started process (PID=90373) to work on /home/airflow/.local/lib/python3.12/site-packages/airflow/example_dags/example_workday_timetable.py
[2025-03-16T19:19:06.092+0000] {processor.py:914} INFO - Processing file /home/airflow/.local/lib/python3.12/site-packages/airflow/example_dags/example_workday_timetable.py for tasks to queue
[2025-03-16T19:19:06.096+0000] {logging_mixin.py:190} INFO - [2025-03-16T19:19:06.095+0000] {dagbag.py:588} INFO - Filling up the DagBag from /home/airflow/.local/lib/python3.12/site-packages/airflow/example_dags/example_workday_timetable.py
[2025-03-16T19:19:06.106+0000] {processor.py:925} INFO - DAG(s) 'example_workday_timetable' retrieved from /home/airflow/.local/lib/python3.12/site-packages/airflow/example_dags/example_workday_timetable.py
[2025-03-16T19:19:06.136+0000] {logging_mixin.py:190} INFO - [2025-03-16T19:19:06.136+0000] {dag.py:3239} INFO - Sync 1 DAGs
[2025-03-16T19:19:06.219+0000] {logging_mixin.py:190} INFO - [2025-03-16T19:19:06.218+0000] {dag.py:4180} INFO - Setting next_dagrun for example_workday_timetable to 2021-01-04 00:00:00+00:00, run_after=2021-01-05 00:00:00+00:00
[2025-03-16T19:19:06.252+0000] {processor.py:208} INFO - Processing /home/airflow/.local/lib/python3.12/site-packages/airflow/example_dags/example_workday_timetable.py took 0.169 seconds
[2025-03-16T19:19:36.471+0000] {processor.py:186} INFO - Started process (PID=90438) to work on /home/airflow/.local/lib/python3.12/site-packages/airflow/example_dags/example_workday_timetable.py
[2025-03-16T19:19:36.472+0000] {processor.py:914} INFO - Processing file /home/airflow/.local/lib/python3.12/site-packages/airflow/example_dags/example_workday_timetable.py for tasks to queue
[2025-03-16T19:19:36.474+0000] {logging_mixin.py:190} INFO - [2025-03-16T19:19:36.474+0000] {dagbag.py:588} INFO - Filling up the DagBag from /home/airflow/.local/lib/python3.12/site-packages/airflow/example_dags/example_workday_timetable.py
[2025-03-16T19:19:36.481+0000] {processor.py:925} INFO - DAG(s) 'example_workday_timetable' retrieved from /home/airflow/.local/lib/python3.12/site-packages/airflow/example_dags/example_workday_timetable.py
[2025-03-16T19:19:36.514+0000] {logging_mixin.py:190} INFO - [2025-03-16T19:19:36.514+0000] {dag.py:3239} INFO - Sync 1 DAGs
[2025-03-16T19:19:36.599+0000] {logging_mixin.py:190} INFO - [2025-03-16T19:19:36.599+0000] {dag.py:4180} INFO - Setting next_dagrun for example_workday_timetable to 2021-01-04 00:00:00+00:00, run_after=2021-01-05 00:00:00+00:00
[2025-03-16T19:19:36.631+0000] {processor.py:208} INFO - Processing /home/airflow/.local/lib/python3.12/site-packages/airflow/example_dags/example_workday_timetable.py took 0.168 seconds
[2025-03-16T19:20:06.973+0000] {processor.py:186} INFO - Started process (PID=90503) to work on /home/airflow/.local/lib/python3.12/site-packages/airflow/example_dags/example_workday_timetable.py
[2025-03-16T19:20:06.975+0000] {processor.py:914} INFO - Processing file /home/airflow/.local/lib/python3.12/site-packages/airflow/example_dags/example_workday_timetable.py for tasks to queue
[2025-03-16T19:20:06.978+0000] {logging_mixin.py:190} INFO - [2025-03-16T19:20:06.977+0000] {dagbag.py:588} INFO - Filling up the DagBag from /home/airflow/.local/lib/python3.12/site-packages/airflow/example_dags/example_workday_timetable.py
[2025-03-16T19:20:06.985+0000] {processor.py:925} INFO - DAG(s) 'example_workday_timetable' retrieved from /home/airflow/.local/lib/python3.12/site-packages/airflow/example_dags/example_workday_timetable.py
[2025-03-16T19:20:07.023+0000] {logging_mixin.py:190} INFO - [2025-03-16T19:20:07.023+0000] {dag.py:3239} INFO - Sync 1 DAGs
[2025-03-16T19:20:07.118+0000] {logging_mixin.py:190} INFO - [2025-03-16T19:20:07.117+0000] {dag.py:4180} INFO - Setting next_dagrun for example_workday_timetable to 2021-01-04 00:00:00+00:00, run_after=2021-01-05 00:00:00+00:00
[2025-03-16T19:20:07.146+0000] {processor.py:208} INFO - Processing /home/airflow/.local/lib/python3.12/site-packages/airflow/example_dags/example_workday_timetable.py took 0.179 seconds
[2025-03-16T19:20:38.004+0000] {processor.py:186} INFO - Started process (PID=90567) to work on /home/airflow/.local/lib/python3.12/site-packages/airflow/example_dags/example_workday_timetable.py
[2025-03-16T19:20:38.006+0000] {processor.py:914} INFO - Processing file /home/airflow/.local/lib/python3.12/site-packages/airflow/example_dags/example_workday_timetable.py for tasks to queue
[2025-03-16T19:20:38.007+0000] {logging_mixin.py:190} INFO - [2025-03-16T19:20:38.007+0000] {dagbag.py:588} INFO - Filling up the DagBag from /home/airflow/.local/lib/python3.12/site-packages/airflow/example_dags/example_workday_timetable.py
[2025-03-16T19:20:38.013+0000] {processor.py:925} INFO - DAG(s) 'example_workday_timetable' retrieved from /home/airflow/.local/lib/python3.12/site-packages/airflow/example_dags/example_workday_timetable.py
[2025-03-16T19:20:38.044+0000] {logging_mixin.py:190} INFO - [2025-03-16T19:20:38.044+0000] {dag.py:3239} INFO - Sync 1 DAGs
[2025-03-16T19:20:38.126+0000] {logging_mixin.py:190} INFO - [2025-03-16T19:20:38.126+0000] {dag.py:4180} INFO - Setting next_dagrun for example_workday_timetable to 2021-01-04 00:00:00+00:00, run_after=2021-01-05 00:00:00+00:00
[2025-03-16T19:20:38.153+0000] {processor.py:208} INFO - Processing /home/airflow/.local/lib/python3.12/site-packages/airflow/example_dags/example_workday_timetable.py took 0.157 seconds
[2025-03-16T19:21:08.238+0000] {processor.py:186} INFO - Started process (PID=90631) to work on /home/airflow/.local/lib/python3.12/site-packages/airflow/example_dags/example_workday_timetable.py
[2025-03-16T19:21:08.241+0000] {processor.py:914} INFO - Processing file /home/airflow/.local/lib/python3.12/site-packages/airflow/example_dags/example_workday_timetable.py for tasks to queue
[2025-03-16T19:21:08.243+0000] {logging_mixin.py:190} INFO - [2025-03-16T19:21:08.243+0000] {dagbag.py:588} INFO - Filling up the DagBag from /home/airflow/.local/lib/python3.12/site-packages/airflow/example_dags/example_workday_timetable.py
[2025-03-16T19:21:08.251+0000] {processor.py:925} INFO - DAG(s) 'example_workday_timetable' retrieved from /home/airflow/.local/lib/python3.12/site-packages/airflow/example_dags/example_workday_timetable.py
[2025-03-16T19:21:08.280+0000] {logging_mixin.py:190} INFO - [2025-03-16T19:21:08.279+0000] {dag.py:3239} INFO - Sync 1 DAGs
[2025-03-16T19:21:08.359+0000] {logging_mixin.py:190} INFO - [2025-03-16T19:21:08.359+0000] {dag.py:4180} INFO - Setting next_dagrun for example_workday_timetable to 2021-01-04 00:00:00+00:00, run_after=2021-01-05 00:00:00+00:00
[2025-03-16T19:21:08.387+0000] {processor.py:208} INFO - Processing /home/airflow/.local/lib/python3.12/site-packages/airflow/example_dags/example_workday_timetable.py took 0.154 seconds
[2025-03-16T19:21:38.564+0000] {processor.py:186} INFO - Started process (PID=90695) to work on /home/airflow/.local/lib/python3.12/site-packages/airflow/example_dags/example_workday_timetable.py
[2025-03-16T19:21:38.565+0000] {processor.py:914} INFO - Processing file /home/airflow/.local/lib/python3.12/site-packages/airflow/example_dags/example_workday_timetable.py for tasks to queue
[2025-03-16T19:21:38.567+0000] {logging_mixin.py:190} INFO - [2025-03-16T19:21:38.566+0000] {dagbag.py:588} INFO - Filling up the DagBag from /home/airflow/.local/lib/python3.12/site-packages/airflow/example_dags/example_workday_timetable.py
[2025-03-16T19:21:38.572+0000] {processor.py:925} INFO - DAG(s) 'example_workday_timetable' retrieved from /home/airflow/.local/lib/python3.12/site-packages/airflow/example_dags/example_workday_timetable.py
[2025-03-16T19:21:38.603+0000] {logging_mixin.py:190} INFO - [2025-03-16T19:21:38.603+0000] {dag.py:3239} INFO - Sync 1 DAGs
[2025-03-16T19:21:38.705+0000] {logging_mixin.py:190} INFO - [2025-03-16T19:21:38.705+0000] {dag.py:4180} INFO - Setting next_dagrun for example_workday_timetable to 2021-01-04 00:00:00+00:00, run_after=2021-01-05 00:00:00+00:00
[2025-03-16T19:21:38.735+0000] {processor.py:208} INFO - Processing /home/airflow/.local/lib/python3.12/site-packages/airflow/example_dags/example_workday_timetable.py took 0.180 seconds
[2025-03-16T19:22:08.979+0000] {processor.py:186} INFO - Started process (PID=90759) to work on /home/airflow/.local/lib/python3.12/site-packages/airflow/example_dags/example_workday_timetable.py
[2025-03-16T19:22:08.982+0000] {processor.py:914} INFO - Processing file /home/airflow/.local/lib/python3.12/site-packages/airflow/example_dags/example_workday_timetable.py for tasks to queue
[2025-03-16T19:22:08.983+0000] {logging_mixin.py:190} INFO - [2025-03-16T19:22:08.983+0000] {dagbag.py:588} INFO - Filling up the DagBag from /home/airflow/.local/lib/python3.12/site-packages/airflow/example_dags/example_workday_timetable.py
[2025-03-16T19:22:08.992+0000] {processor.py:925} INFO - DAG(s) 'example_workday_timetable' retrieved from /home/airflow/.local/lib/python3.12/site-packages/airflow/example_dags/example_workday_timetable.py
[2025-03-16T19:22:09.019+0000] {logging_mixin.py:190} INFO - [2025-03-16T19:22:09.018+0000] {dag.py:3239} INFO - Sync 1 DAGs
[2025-03-16T19:22:09.121+0000] {logging_mixin.py:190} INFO - [2025-03-16T19:22:09.120+0000] {dag.py:4180} INFO - Setting next_dagrun for example_workday_timetable to 2021-01-04 00:00:00+00:00, run_after=2021-01-05 00:00:00+00:00
[2025-03-16T19:22:09.155+0000] {processor.py:208} INFO - Processing /home/airflow/.local/lib/python3.12/site-packages/airflow/example_dags/example_workday_timetable.py took 0.186 seconds
[2025-03-16T19:22:39.265+0000] {processor.py:186} INFO - Started process (PID=90823) to work on /home/airflow/.local/lib/python3.12/site-packages/airflow/example_dags/example_workday_timetable.py
[2025-03-16T19:22:39.267+0000] {processor.py:914} INFO - Processing file /home/airflow/.local/lib/python3.12/site-packages/airflow/example_dags/example_workday_timetable.py for tasks to queue
[2025-03-16T19:22:39.271+0000] {logging_mixin.py:190} INFO - [2025-03-16T19:22:39.270+0000] {dagbag.py:588} INFO - Filling up the DagBag from /home/airflow/.local/lib/python3.12/site-packages/airflow/example_dags/example_workday_timetable.py
[2025-03-16T19:22:39.281+0000] {processor.py:925} INFO - DAG(s) 'example_workday_timetable' retrieved from /home/airflow/.local/lib/python3.12/site-packages/airflow/example_dags/example_workday_timetable.py
[2025-03-16T19:22:39.320+0000] {logging_mixin.py:190} INFO - [2025-03-16T19:22:39.319+0000] {dag.py:3239} INFO - Sync 1 DAGs
[2025-03-16T19:22:39.452+0000] {logging_mixin.py:190} INFO - [2025-03-16T19:22:39.451+0000] {dag.py:4180} INFO - Setting next_dagrun for example_workday_timetable to 2021-01-04 00:00:00+00:00, run_after=2021-01-05 00:00:00+00:00
[2025-03-16T19:22:39.488+0000] {processor.py:208} INFO - Processing /home/airflow/.local/lib/python3.12/site-packages/airflow/example_dags/example_workday_timetable.py took 0.232 seconds
[2025-03-16T19:23:09.682+0000] {processor.py:186} INFO - Started process (PID=90888) to work on /home/airflow/.local/lib/python3.12/site-packages/airflow/example_dags/example_workday_timetable.py
[2025-03-16T19:23:09.684+0000] {processor.py:914} INFO - Processing file /home/airflow/.local/lib/python3.12/site-packages/airflow/example_dags/example_workday_timetable.py for tasks to queue
[2025-03-16T19:23:09.687+0000] {logging_mixin.py:190} INFO - [2025-03-16T19:23:09.686+0000] {dagbag.py:588} INFO - Filling up the DagBag from /home/airflow/.local/lib/python3.12/site-packages/airflow/example_dags/example_workday_timetable.py
[2025-03-16T19:23:09.698+0000] {processor.py:925} INFO - DAG(s) 'example_workday_timetable' retrieved from /home/airflow/.local/lib/python3.12/site-packages/airflow/example_dags/example_workday_timetable.py
[2025-03-16T19:23:09.732+0000] {logging_mixin.py:190} INFO - [2025-03-16T19:23:09.731+0000] {dag.py:3239} INFO - Sync 1 DAGs
[2025-03-16T19:23:09.847+0000] {logging_mixin.py:190} INFO - [2025-03-16T19:23:09.847+0000] {dag.py:4180} INFO - Setting next_dagrun for example_workday_timetable to 2021-01-04 00:00:00+00:00, run_after=2021-01-05 00:00:00+00:00
[2025-03-16T19:23:09.883+0000] {processor.py:208} INFO - Processing /home/airflow/.local/lib/python3.12/site-packages/airflow/example_dags/example_workday_timetable.py took 0.211 seconds
[2025-03-16T19:23:39.997+0000] {processor.py:186} INFO - Started process (PID=90952) to work on /home/airflow/.local/lib/python3.12/site-packages/airflow/example_dags/example_workday_timetable.py
[2025-03-16T19:23:39.999+0000] {processor.py:914} INFO - Processing file /home/airflow/.local/lib/python3.12/site-packages/airflow/example_dags/example_workday_timetable.py for tasks to queue
[2025-03-16T19:23:40.004+0000] {logging_mixin.py:190} INFO - [2025-03-16T19:23:40.004+0000] {dagbag.py:588} INFO - Filling up the DagBag from /home/airflow/.local/lib/python3.12/site-packages/airflow/example_dags/example_workday_timetable.py
[2025-03-16T19:23:40.013+0000] {processor.py:925} INFO - DAG(s) 'example_workday_timetable' retrieved from /home/airflow/.local/lib/python3.12/site-packages/airflow/example_dags/example_workday_timetable.py
[2025-03-16T19:23:40.052+0000] {logging_mixin.py:190} INFO - [2025-03-16T19:23:40.051+0000] {dag.py:3239} INFO - Sync 1 DAGs
[2025-03-16T19:23:40.168+0000] {logging_mixin.py:190} INFO - [2025-03-16T19:23:40.167+0000] {dag.py:4180} INFO - Setting next_dagrun for example_workday_timetable to 2021-01-04 00:00:00+00:00, run_after=2021-01-05 00:00:00+00:00
[2025-03-16T19:23:40.203+0000] {processor.py:208} INFO - Processing /home/airflow/.local/lib/python3.12/site-packages/airflow/example_dags/example_workday_timetable.py took 0.215 seconds
[2025-03-16T19:24:10.304+0000] {processor.py:186} INFO - Started process (PID=91016) to work on /home/airflow/.local/lib/python3.12/site-packages/airflow/example_dags/example_workday_timetable.py
[2025-03-16T19:24:10.306+0000] {processor.py:914} INFO - Processing file /home/airflow/.local/lib/python3.12/site-packages/airflow/example_dags/example_workday_timetable.py for tasks to queue
[2025-03-16T19:24:10.308+0000] {logging_mixin.py:190} INFO - [2025-03-16T19:24:10.308+0000] {dagbag.py:588} INFO - Filling up the DagBag from /home/airflow/.local/lib/python3.12/site-packages/airflow/example_dags/example_workday_timetable.py
[2025-03-16T19:24:10.323+0000] {processor.py:925} INFO - DAG(s) 'example_workday_timetable' retrieved from /home/airflow/.local/lib/python3.12/site-packages/airflow/example_dags/example_workday_timetable.py
[2025-03-16T19:24:10.361+0000] {logging_mixin.py:190} INFO - [2025-03-16T19:24:10.361+0000] {dag.py:3239} INFO - Sync 1 DAGs
[2025-03-16T19:24:10.488+0000] {logging_mixin.py:190} INFO - [2025-03-16T19:24:10.488+0000] {dag.py:4180} INFO - Setting next_dagrun for example_workday_timetable to 2021-01-04 00:00:00+00:00, run_after=2021-01-05 00:00:00+00:00
[2025-03-16T19:24:10.524+0000] {processor.py:208} INFO - Processing /home/airflow/.local/lib/python3.12/site-packages/airflow/example_dags/example_workday_timetable.py took 0.232 seconds
[2025-03-16T19:24:41.367+0000] {processor.py:186} INFO - Started process (PID=91074) to work on /home/airflow/.local/lib/python3.12/site-packages/airflow/example_dags/example_workday_timetable.py
[2025-03-16T19:24:41.369+0000] {processor.py:914} INFO - Processing file /home/airflow/.local/lib/python3.12/site-packages/airflow/example_dags/example_workday_timetable.py for tasks to queue
[2025-03-16T19:24:41.372+0000] {logging_mixin.py:190} INFO - [2025-03-16T19:24:41.371+0000] {dagbag.py:588} INFO - Filling up the DagBag from /home/airflow/.local/lib/python3.12/site-packages/airflow/example_dags/example_workday_timetable.py
[2025-03-16T19:24:41.383+0000] {processor.py:925} INFO - DAG(s) 'example_workday_timetable' retrieved from /home/airflow/.local/lib/python3.12/site-packages/airflow/example_dags/example_workday_timetable.py
[2025-03-16T19:24:41.418+0000] {logging_mixin.py:190} INFO - [2025-03-16T19:24:41.418+0000] {dag.py:3239} INFO - Sync 1 DAGs
[2025-03-16T19:24:41.532+0000] {logging_mixin.py:190} INFO - [2025-03-16T19:24:41.532+0000] {dag.py:4180} INFO - Setting next_dagrun for example_workday_timetable to 2021-01-04 00:00:00+00:00, run_after=2021-01-05 00:00:00+00:00
[2025-03-16T19:24:41.567+0000] {processor.py:208} INFO - Processing /home/airflow/.local/lib/python3.12/site-packages/airflow/example_dags/example_workday_timetable.py took 0.208 seconds
[2025-03-16T19:25:12.450+0000] {processor.py:186} INFO - Started process (PID=91133) to work on /home/airflow/.local/lib/python3.12/site-packages/airflow/example_dags/example_workday_timetable.py
[2025-03-16T19:25:12.452+0000] {processor.py:914} INFO - Processing file /home/airflow/.local/lib/python3.12/site-packages/airflow/example_dags/example_workday_timetable.py for tasks to queue
[2025-03-16T19:25:12.456+0000] {logging_mixin.py:190} INFO - [2025-03-16T19:25:12.454+0000] {dagbag.py:588} INFO - Filling up the DagBag from /home/airflow/.local/lib/python3.12/site-packages/airflow/example_dags/example_workday_timetable.py
[2025-03-16T19:25:12.465+0000] {processor.py:925} INFO - DAG(s) 'example_workday_timetable' retrieved from /home/airflow/.local/lib/python3.12/site-packages/airflow/example_dags/example_workday_timetable.py
[2025-03-16T19:25:12.499+0000] {logging_mixin.py:190} INFO - [2025-03-16T19:25:12.498+0000] {dag.py:3239} INFO - Sync 1 DAGs
[2025-03-16T19:25:12.613+0000] {logging_mixin.py:190} INFO - [2025-03-16T19:25:12.613+0000] {dag.py:4180} INFO - Setting next_dagrun for example_workday_timetable to 2021-01-04 00:00:00+00:00, run_after=2021-01-05 00:00:00+00:00
[2025-03-16T19:25:12.650+0000] {processor.py:208} INFO - Processing /home/airflow/.local/lib/python3.12/site-packages/airflow/example_dags/example_workday_timetable.py took 0.212 seconds
[2025-03-16T19:25:43.830+0000] {processor.py:186} INFO - Started process (PID=91197) to work on /home/airflow/.local/lib/python3.12/site-packages/airflow/example_dags/example_workday_timetable.py
[2025-03-16T19:25:43.831+0000] {processor.py:914} INFO - Processing file /home/airflow/.local/lib/python3.12/site-packages/airflow/example_dags/example_workday_timetable.py for tasks to queue
[2025-03-16T19:25:43.834+0000] {logging_mixin.py:190} INFO - [2025-03-16T19:25:43.833+0000] {dagbag.py:588} INFO - Filling up the DagBag from /home/airflow/.local/lib/python3.12/site-packages/airflow/example_dags/example_workday_timetable.py
[2025-03-16T19:25:43.845+0000] {processor.py:925} INFO - DAG(s) 'example_workday_timetable' retrieved from /home/airflow/.local/lib/python3.12/site-packages/airflow/example_dags/example_workday_timetable.py
[2025-03-16T19:25:43.884+0000] {logging_mixin.py:190} INFO - [2025-03-16T19:25:43.883+0000] {dag.py:3239} INFO - Sync 1 DAGs
[2025-03-16T19:25:44.000+0000] {logging_mixin.py:190} INFO - [2025-03-16T19:25:43.999+0000] {dag.py:4180} INFO - Setting next_dagrun for example_workday_timetable to 2021-01-04 00:00:00+00:00, run_after=2021-01-05 00:00:00+00:00
[2025-03-16T19:25:44.036+0000] {processor.py:208} INFO - Processing /home/airflow/.local/lib/python3.12/site-packages/airflow/example_dags/example_workday_timetable.py took 0.223 seconds
[2025-03-16T19:26:15.246+0000] {processor.py:186} INFO - Started process (PID=91261) to work on /home/airflow/.local/lib/python3.12/site-packages/airflow/example_dags/example_workday_timetable.py
[2025-03-16T19:26:15.248+0000] {processor.py:914} INFO - Processing file /home/airflow/.local/lib/python3.12/site-packages/airflow/example_dags/example_workday_timetable.py for tasks to queue
[2025-03-16T19:26:15.250+0000] {logging_mixin.py:190} INFO - [2025-03-16T19:26:15.249+0000] {dagbag.py:588} INFO - Filling up the DagBag from /home/airflow/.local/lib/python3.12/site-packages/airflow/example_dags/example_workday_timetable.py
[2025-03-16T19:26:15.263+0000] {processor.py:925} INFO - DAG(s) 'example_workday_timetable' retrieved from /home/airflow/.local/lib/python3.12/site-packages/airflow/example_dags/example_workday_timetable.py
[2025-03-16T19:26:15.300+0000] {logging_mixin.py:190} INFO - [2025-03-16T19:26:15.299+0000] {dag.py:3239} INFO - Sync 1 DAGs
[2025-03-16T19:26:15.445+0000] {logging_mixin.py:190} INFO - [2025-03-16T19:26:15.445+0000] {dag.py:4180} INFO - Setting next_dagrun for example_workday_timetable to 2021-01-04 00:00:00+00:00, run_after=2021-01-05 00:00:00+00:00
[2025-03-16T19:26:15.484+0000] {processor.py:208} INFO - Processing /home/airflow/.local/lib/python3.12/site-packages/airflow/example_dags/example_workday_timetable.py took 0.250 seconds
[2025-03-16T19:26:46.394+0000] {processor.py:186} INFO - Started process (PID=91326) to work on /home/airflow/.local/lib/python3.12/site-packages/airflow/example_dags/example_workday_timetable.py
[2025-03-16T19:26:46.396+0000] {processor.py:914} INFO - Processing file /home/airflow/.local/lib/python3.12/site-packages/airflow/example_dags/example_workday_timetable.py for tasks to queue
[2025-03-16T19:26:46.398+0000] {logging_mixin.py:190} INFO - [2025-03-16T19:26:46.398+0000] {dagbag.py:588} INFO - Filling up the DagBag from /home/airflow/.local/lib/python3.12/site-packages/airflow/example_dags/example_workday_timetable.py
[2025-03-16T19:26:46.409+0000] {processor.py:925} INFO - DAG(s) 'example_workday_timetable' retrieved from /home/airflow/.local/lib/python3.12/site-packages/airflow/example_dags/example_workday_timetable.py
[2025-03-16T19:26:46.445+0000] {logging_mixin.py:190} INFO - [2025-03-16T19:26:46.444+0000] {dag.py:3239} INFO - Sync 1 DAGs
[2025-03-16T19:26:46.571+0000] {logging_mixin.py:190} INFO - [2025-03-16T19:26:46.571+0000] {dag.py:4180} INFO - Setting next_dagrun for example_workday_timetable to 2021-01-04 00:00:00+00:00, run_after=2021-01-05 00:00:00+00:00
[2025-03-16T19:26:46.610+0000] {processor.py:208} INFO - Processing /home/airflow/.local/lib/python3.12/site-packages/airflow/example_dags/example_workday_timetable.py took 0.226 seconds
[2025-03-16T19:27:17.708+0000] {processor.py:186} INFO - Started process (PID=91390) to work on /home/airflow/.local/lib/python3.12/site-packages/airflow/example_dags/example_workday_timetable.py
[2025-03-16T19:27:17.710+0000] {processor.py:914} INFO - Processing file /home/airflow/.local/lib/python3.12/site-packages/airflow/example_dags/example_workday_timetable.py for tasks to queue
[2025-03-16T19:27:17.712+0000] {logging_mixin.py:190} INFO - [2025-03-16T19:27:17.712+0000] {dagbag.py:588} INFO - Filling up the DagBag from /home/airflow/.local/lib/python3.12/site-packages/airflow/example_dags/example_workday_timetable.py
[2025-03-16T19:27:17.722+0000] {processor.py:925} INFO - DAG(s) 'example_workday_timetable' retrieved from /home/airflow/.local/lib/python3.12/site-packages/airflow/example_dags/example_workday_timetable.py
[2025-03-16T19:27:17.756+0000] {logging_mixin.py:190} INFO - [2025-03-16T19:27:17.756+0000] {dag.py:3239} INFO - Sync 1 DAGs
[2025-03-16T19:27:17.883+0000] {logging_mixin.py:190} INFO - [2025-03-16T19:27:17.883+0000] {dag.py:4180} INFO - Setting next_dagrun for example_workday_timetable to 2021-01-04 00:00:00+00:00, run_after=2021-01-05 00:00:00+00:00
[2025-03-16T19:27:17.918+0000] {processor.py:208} INFO - Processing /home/airflow/.local/lib/python3.12/site-packages/airflow/example_dags/example_workday_timetable.py took 0.220 seconds
[2025-03-16T19:27:49.657+0000] {processor.py:186} INFO - Started process (PID=91455) to work on /home/airflow/.local/lib/python3.12/site-packages/airflow/example_dags/example_workday_timetable.py
[2025-03-16T19:27:49.659+0000] {processor.py:914} INFO - Processing file /home/airflow/.local/lib/python3.12/site-packages/airflow/example_dags/example_workday_timetable.py for tasks to queue
[2025-03-16T19:27:49.662+0000] {logging_mixin.py:190} INFO - [2025-03-16T19:27:49.662+0000] {dagbag.py:588} INFO - Filling up the DagBag from /home/airflow/.local/lib/python3.12/site-packages/airflow/example_dags/example_workday_timetable.py
[2025-03-16T19:27:49.674+0000] {processor.py:925} INFO - DAG(s) 'example_workday_timetable' retrieved from /home/airflow/.local/lib/python3.12/site-packages/airflow/example_dags/example_workday_timetable.py
[2025-03-16T19:27:49.716+0000] {logging_mixin.py:190} INFO - [2025-03-16T19:27:49.716+0000] {dag.py:3239} INFO - Sync 1 DAGs
[2025-03-16T19:27:50.119+0000] {logging_mixin.py:190} INFO - [2025-03-16T19:27:50.118+0000] {dag.py:4180} INFO - Setting next_dagrun for example_workday_timetable to 2021-01-04 00:00:00+00:00, run_after=2021-01-05 00:00:00+00:00
[2025-03-16T19:27:50.153+0000] {processor.py:208} INFO - Processing /home/airflow/.local/lib/python3.12/site-packages/airflow/example_dags/example_workday_timetable.py took 0.505 seconds
[2025-03-16T19:28:20.597+0000] {processor.py:186} INFO - Started process (PID=91519) to work on /home/airflow/.local/lib/python3.12/site-packages/airflow/example_dags/example_workday_timetable.py
[2025-03-16T19:28:20.600+0000] {processor.py:914} INFO - Processing file /home/airflow/.local/lib/python3.12/site-packages/airflow/example_dags/example_workday_timetable.py for tasks to queue
[2025-03-16T19:28:20.604+0000] {logging_mixin.py:190} INFO - [2025-03-16T19:28:20.602+0000] {dagbag.py:588} INFO - Filling up the DagBag from /home/airflow/.local/lib/python3.12/site-packages/airflow/example_dags/example_workday_timetable.py
[2025-03-16T19:28:20.614+0000] {processor.py:925} INFO - DAG(s) 'example_workday_timetable' retrieved from /home/airflow/.local/lib/python3.12/site-packages/airflow/example_dags/example_workday_timetable.py
[2025-03-16T19:28:20.650+0000] {logging_mixin.py:190} INFO - [2025-03-16T19:28:20.649+0000] {dag.py:3239} INFO - Sync 1 DAGs
[2025-03-16T19:28:20.780+0000] {logging_mixin.py:190} INFO - [2025-03-16T19:28:20.779+0000] {dag.py:4180} INFO - Setting next_dagrun for example_workday_timetable to 2021-01-04 00:00:00+00:00, run_after=2021-01-05 00:00:00+00:00
[2025-03-16T19:28:21.095+0000] {processor.py:208} INFO - Processing /home/airflow/.local/lib/python3.12/site-packages/airflow/example_dags/example_workday_timetable.py took 0.508 seconds
[2025-03-16T19:28:52.397+0000] {processor.py:186} INFO - Started process (PID=91585) to work on /home/airflow/.local/lib/python3.12/site-packages/airflow/example_dags/example_workday_timetable.py
[2025-03-16T19:28:52.401+0000] {processor.py:914} INFO - Processing file /home/airflow/.local/lib/python3.12/site-packages/airflow/example_dags/example_workday_timetable.py for tasks to queue
[2025-03-16T19:28:52.406+0000] {logging_mixin.py:190} INFO - [2025-03-16T19:28:52.406+0000] {dagbag.py:588} INFO - Filling up the DagBag from /home/airflow/.local/lib/python3.12/site-packages/airflow/example_dags/example_workday_timetable.py
[2025-03-16T19:28:52.419+0000] {processor.py:925} INFO - DAG(s) 'example_workday_timetable' retrieved from /home/airflow/.local/lib/python3.12/site-packages/airflow/example_dags/example_workday_timetable.py
[2025-03-16T19:28:52.461+0000] {logging_mixin.py:190} INFO - [2025-03-16T19:28:52.460+0000] {dag.py:3239} INFO - Sync 1 DAGs
[2025-03-16T19:28:52.590+0000] {logging_mixin.py:190} INFO - [2025-03-16T19:28:52.590+0000] {dag.py:4180} INFO - Setting next_dagrun for example_workday_timetable to 2021-01-04 00:00:00+00:00, run_after=2021-01-05 00:00:00+00:00
[2025-03-16T19:28:52.627+0000] {processor.py:208} INFO - Processing /home/airflow/.local/lib/python3.12/site-packages/airflow/example_dags/example_workday_timetable.py took 0.244 seconds
[2025-03-16T19:29:22.911+0000] {processor.py:186} INFO - Started process (PID=91647) to work on /home/airflow/.local/lib/python3.12/site-packages/airflow/example_dags/example_workday_timetable.py
[2025-03-16T19:29:22.913+0000] {processor.py:914} INFO - Processing file /home/airflow/.local/lib/python3.12/site-packages/airflow/example_dags/example_workday_timetable.py for tasks to queue
[2025-03-16T19:29:22.916+0000] {logging_mixin.py:190} INFO - [2025-03-16T19:29:22.915+0000] {dagbag.py:588} INFO - Filling up the DagBag from /home/airflow/.local/lib/python3.12/site-packages/airflow/example_dags/example_workday_timetable.py
[2025-03-16T19:29:22.926+0000] {processor.py:925} INFO - DAG(s) 'example_workday_timetable' retrieved from /home/airflow/.local/lib/python3.12/site-packages/airflow/example_dags/example_workday_timetable.py
[2025-03-16T19:29:22.966+0000] {logging_mixin.py:190} INFO - [2025-03-16T19:29:22.965+0000] {dag.py:3239} INFO - Sync 1 DAGs
[2025-03-16T19:29:23.090+0000] {logging_mixin.py:190} INFO - [2025-03-16T19:29:23.089+0000] {dag.py:4180} INFO - Setting next_dagrun for example_workday_timetable to 2021-01-04 00:00:00+00:00, run_after=2021-01-05 00:00:00+00:00
[2025-03-16T19:29:23.132+0000] {processor.py:208} INFO - Processing /home/airflow/.local/lib/python3.12/site-packages/airflow/example_dags/example_workday_timetable.py took 0.231 seconds
[2025-03-16T19:29:53.758+0000] {processor.py:186} INFO - Started process (PID=91707) to work on /home/airflow/.local/lib/python3.12/site-packages/airflow/example_dags/example_workday_timetable.py
[2025-03-16T19:29:53.761+0000] {processor.py:914} INFO - Processing file /home/airflow/.local/lib/python3.12/site-packages/airflow/example_dags/example_workday_timetable.py for tasks to queue
[2025-03-16T19:29:53.763+0000] {logging_mixin.py:190} INFO - [2025-03-16T19:29:53.763+0000] {dagbag.py:588} INFO - Filling up the DagBag from /home/airflow/.local/lib/python3.12/site-packages/airflow/example_dags/example_workday_timetable.py
[2025-03-16T19:29:53.774+0000] {processor.py:925} INFO - DAG(s) 'example_workday_timetable' retrieved from /home/airflow/.local/lib/python3.12/site-packages/airflow/example_dags/example_workday_timetable.py
[2025-03-16T19:29:53.812+0000] {logging_mixin.py:190} INFO - [2025-03-16T19:29:53.812+0000] {dag.py:3239} INFO - Sync 1 DAGs
[2025-03-16T19:29:54.269+0000] {logging_mixin.py:190} INFO - [2025-03-16T19:29:54.268+0000] {dag.py:4180} INFO - Setting next_dagrun for example_workday_timetable to 2021-01-04 00:00:00+00:00, run_after=2021-01-05 00:00:00+00:00
[2025-03-16T19:29:54.304+0000] {processor.py:208} INFO - Processing /home/airflow/.local/lib/python3.12/site-packages/airflow/example_dags/example_workday_timetable.py took 0.556 seconds
[2025-03-16T19:30:24.611+0000] {processor.py:186} INFO - Started process (PID=91770) to work on /home/airflow/.local/lib/python3.12/site-packages/airflow/example_dags/example_workday_timetable.py
[2025-03-16T19:30:24.613+0000] {processor.py:914} INFO - Processing file /home/airflow/.local/lib/python3.12/site-packages/airflow/example_dags/example_workday_timetable.py for tasks to queue
[2025-03-16T19:30:24.616+0000] {logging_mixin.py:190} INFO - [2025-03-16T19:30:24.615+0000] {dagbag.py:588} INFO - Filling up the DagBag from /home/airflow/.local/lib/python3.12/site-packages/airflow/example_dags/example_workday_timetable.py
[2025-03-16T19:30:24.627+0000] {processor.py:925} INFO - DAG(s) 'example_workday_timetable' retrieved from /home/airflow/.local/lib/python3.12/site-packages/airflow/example_dags/example_workday_timetable.py
[2025-03-16T19:30:24.664+0000] {logging_mixin.py:190} INFO - [2025-03-16T19:30:24.664+0000] {dag.py:3239} INFO - Sync 1 DAGs
[2025-03-16T19:30:24.789+0000] {logging_mixin.py:190} INFO - [2025-03-16T19:30:24.789+0000] {dag.py:4180} INFO - Setting next_dagrun for example_workday_timetable to 2021-01-04 00:00:00+00:00, run_after=2021-01-05 00:00:00+00:00
[2025-03-16T19:30:24.825+0000] {processor.py:208} INFO - Processing /home/airflow/.local/lib/python3.12/site-packages/airflow/example_dags/example_workday_timetable.py took 0.224 seconds
[2025-03-16T19:30:55.543+0000] {processor.py:186} INFO - Started process (PID=91834) to work on /home/airflow/.local/lib/python3.12/site-packages/airflow/example_dags/example_workday_timetable.py
[2025-03-16T19:30:55.545+0000] {processor.py:914} INFO - Processing file /home/airflow/.local/lib/python3.12/site-packages/airflow/example_dags/example_workday_timetable.py for tasks to queue
[2025-03-16T19:30:55.548+0000] {logging_mixin.py:190} INFO - [2025-03-16T19:30:55.547+0000] {dagbag.py:588} INFO - Filling up the DagBag from /home/airflow/.local/lib/python3.12/site-packages/airflow/example_dags/example_workday_timetable.py
[2025-03-16T19:30:55.560+0000] {processor.py:925} INFO - DAG(s) 'example_workday_timetable' retrieved from /home/airflow/.local/lib/python3.12/site-packages/airflow/example_dags/example_workday_timetable.py
[2025-03-16T19:30:55.595+0000] {logging_mixin.py:190} INFO - [2025-03-16T19:30:55.594+0000] {dag.py:3239} INFO - Sync 1 DAGs
[2025-03-16T19:30:55.726+0000] {logging_mixin.py:190} INFO - [2025-03-16T19:30:55.725+0000] {dag.py:4180} INFO - Setting next_dagrun for example_workday_timetable to 2021-01-04 00:00:00+00:00, run_after=2021-01-05 00:00:00+00:00
[2025-03-16T19:30:55.763+0000] {processor.py:208} INFO - Processing /home/airflow/.local/lib/python3.12/site-packages/airflow/example_dags/example_workday_timetable.py took 0.231 seconds
[2025-03-16T19:31:25.983+0000] {processor.py:186} INFO - Started process (PID=91899) to work on /home/airflow/.local/lib/python3.12/site-packages/airflow/example_dags/example_workday_timetable.py
[2025-03-16T19:31:25.985+0000] {processor.py:914} INFO - Processing file /home/airflow/.local/lib/python3.12/site-packages/airflow/example_dags/example_workday_timetable.py for tasks to queue
[2025-03-16T19:31:25.987+0000] {logging_mixin.py:190} INFO - [2025-03-16T19:31:25.987+0000] {dagbag.py:588} INFO - Filling up the DagBag from /home/airflow/.local/lib/python3.12/site-packages/airflow/example_dags/example_workday_timetable.py
[2025-03-16T19:31:25.998+0000] {processor.py:925} INFO - DAG(s) 'example_workday_timetable' retrieved from /home/airflow/.local/lib/python3.12/site-packages/airflow/example_dags/example_workday_timetable.py
[2025-03-16T19:31:26.036+0000] {logging_mixin.py:190} INFO - [2025-03-16T19:31:26.035+0000] {dag.py:3239} INFO - Sync 1 DAGs
[2025-03-16T19:31:26.169+0000] {logging_mixin.py:190} INFO - [2025-03-16T19:31:26.169+0000] {dag.py:4180} INFO - Setting next_dagrun for example_workday_timetable to 2021-01-04 00:00:00+00:00, run_after=2021-01-05 00:00:00+00:00
[2025-03-16T19:31:26.208+0000] {processor.py:208} INFO - Processing /home/airflow/.local/lib/python3.12/site-packages/airflow/example_dags/example_workday_timetable.py took 0.235 seconds
[2025-03-16T19:31:56.502+0000] {processor.py:186} INFO - Started process (PID=91962) to work on /home/airflow/.local/lib/python3.12/site-packages/airflow/example_dags/example_workday_timetable.py
[2025-03-16T19:31:56.504+0000] {processor.py:914} INFO - Processing file /home/airflow/.local/lib/python3.12/site-packages/airflow/example_dags/example_workday_timetable.py for tasks to queue
[2025-03-16T19:31:56.508+0000] {logging_mixin.py:190} INFO - [2025-03-16T19:31:56.507+0000] {dagbag.py:588} INFO - Filling up the DagBag from /home/airflow/.local/lib/python3.12/site-packages/airflow/example_dags/example_workday_timetable.py
[2025-03-16T19:31:56.521+0000] {processor.py:925} INFO - DAG(s) 'example_workday_timetable' retrieved from /home/airflow/.local/lib/python3.12/site-packages/airflow/example_dags/example_workday_timetable.py
[2025-03-16T19:31:56.565+0000] {logging_mixin.py:190} INFO - [2025-03-16T19:31:56.565+0000] {dag.py:3239} INFO - Sync 1 DAGs
[2025-03-16T19:31:56.706+0000] {logging_mixin.py:190} INFO - [2025-03-16T19:31:56.706+0000] {dag.py:4180} INFO - Setting next_dagrun for example_workday_timetable to 2021-01-04 00:00:00+00:00, run_after=2021-01-05 00:00:00+00:00
[2025-03-16T19:31:56.739+0000] {processor.py:208} INFO - Processing /home/airflow/.local/lib/python3.12/site-packages/airflow/example_dags/example_workday_timetable.py took 0.251 seconds
[2025-03-16T19:32:27.031+0000] {processor.py:186} INFO - Started process (PID=92033) to work on /home/airflow/.local/lib/python3.12/site-packages/airflow/example_dags/example_workday_timetable.py
[2025-03-16T19:32:27.033+0000] {processor.py:914} INFO - Processing file /home/airflow/.local/lib/python3.12/site-packages/airflow/example_dags/example_workday_timetable.py for tasks to queue
[2025-03-16T19:32:27.038+0000] {logging_mixin.py:190} INFO - [2025-03-16T19:32:27.036+0000] {dagbag.py:588} INFO - Filling up the DagBag from /home/airflow/.local/lib/python3.12/site-packages/airflow/example_dags/example_workday_timetable.py
[2025-03-16T19:32:27.046+0000] {processor.py:925} INFO - DAG(s) 'example_workday_timetable' retrieved from /home/airflow/.local/lib/python3.12/site-packages/airflow/example_dags/example_workday_timetable.py
[2025-03-16T19:32:27.082+0000] {logging_mixin.py:190} INFO - [2025-03-16T19:32:27.082+0000] {dag.py:3239} INFO - Sync 1 DAGs
[2025-03-16T19:32:27.210+0000] {logging_mixin.py:190} INFO - [2025-03-16T19:32:27.210+0000] {dag.py:4180} INFO - Setting next_dagrun for example_workday_timetable to 2021-01-04 00:00:00+00:00, run_after=2021-01-05 00:00:00+00:00
[2025-03-16T19:32:27.247+0000] {processor.py:208} INFO - Processing /home/airflow/.local/lib/python3.12/site-packages/airflow/example_dags/example_workday_timetable.py took 0.224 seconds
[2025-03-16T19:32:57.399+0000] {processor.py:186} INFO - Started process (PID=92095) to work on /home/airflow/.local/lib/python3.12/site-packages/airflow/example_dags/example_workday_timetable.py
[2025-03-16T19:32:57.401+0000] {processor.py:914} INFO - Processing file /home/airflow/.local/lib/python3.12/site-packages/airflow/example_dags/example_workday_timetable.py for tasks to queue
[2025-03-16T19:32:57.403+0000] {logging_mixin.py:190} INFO - [2025-03-16T19:32:57.403+0000] {dagbag.py:588} INFO - Filling up the DagBag from /home/airflow/.local/lib/python3.12/site-packages/airflow/example_dags/example_workday_timetable.py
[2025-03-16T19:32:57.414+0000] {processor.py:925} INFO - DAG(s) 'example_workday_timetable' retrieved from /home/airflow/.local/lib/python3.12/site-packages/airflow/example_dags/example_workday_timetable.py
[2025-03-16T19:32:57.450+0000] {logging_mixin.py:190} INFO - [2025-03-16T19:32:57.449+0000] {dag.py:3239} INFO - Sync 1 DAGs
[2025-03-16T19:32:57.570+0000] {logging_mixin.py:190} INFO - [2025-03-16T19:32:57.570+0000] {dag.py:4180} INFO - Setting next_dagrun for example_workday_timetable to 2021-01-04 00:00:00+00:00, run_after=2021-01-05 00:00:00+00:00
[2025-03-16T19:32:57.605+0000] {processor.py:208} INFO - Processing /home/airflow/.local/lib/python3.12/site-packages/airflow/example_dags/example_workday_timetable.py took 0.215 seconds
[2025-03-16T19:33:28.125+0000] {processor.py:186} INFO - Started process (PID=92153) to work on /home/airflow/.local/lib/python3.12/site-packages/airflow/example_dags/example_workday_timetable.py
[2025-03-16T19:33:28.127+0000] {processor.py:914} INFO - Processing file /home/airflow/.local/lib/python3.12/site-packages/airflow/example_dags/example_workday_timetable.py for tasks to queue
[2025-03-16T19:33:28.129+0000] {logging_mixin.py:190} INFO - [2025-03-16T19:33:28.128+0000] {dagbag.py:588} INFO - Filling up the DagBag from /home/airflow/.local/lib/python3.12/site-packages/airflow/example_dags/example_workday_timetable.py
[2025-03-16T19:33:28.139+0000] {processor.py:925} INFO - DAG(s) 'example_workday_timetable' retrieved from /home/airflow/.local/lib/python3.12/site-packages/airflow/example_dags/example_workday_timetable.py
[2025-03-16T19:33:28.170+0000] {logging_mixin.py:190} INFO - [2025-03-16T19:33:28.170+0000] {dag.py:3239} INFO - Sync 1 DAGs
[2025-03-16T19:33:28.278+0000] {logging_mixin.py:190} INFO - [2025-03-16T19:33:28.277+0000] {dag.py:4180} INFO - Setting next_dagrun for example_workday_timetable to 2021-01-04 00:00:00+00:00, run_after=2021-01-05 00:00:00+00:00
[2025-03-16T19:33:28.311+0000] {processor.py:208} INFO - Processing /home/airflow/.local/lib/python3.12/site-packages/airflow/example_dags/example_workday_timetable.py took 0.195 seconds
[2025-03-16T19:33:58.895+0000] {processor.py:186} INFO - Started process (PID=92216) to work on /home/airflow/.local/lib/python3.12/site-packages/airflow/example_dags/example_workday_timetable.py
[2025-03-16T19:33:58.896+0000] {processor.py:914} INFO - Processing file /home/airflow/.local/lib/python3.12/site-packages/airflow/example_dags/example_workday_timetable.py for tasks to queue
[2025-03-16T19:33:58.899+0000] {logging_mixin.py:190} INFO - [2025-03-16T19:33:58.898+0000] {dagbag.py:588} INFO - Filling up the DagBag from /home/airflow/.local/lib/python3.12/site-packages/airflow/example_dags/example_workday_timetable.py
[2025-03-16T19:33:58.910+0000] {processor.py:925} INFO - DAG(s) 'example_workday_timetable' retrieved from /home/airflow/.local/lib/python3.12/site-packages/airflow/example_dags/example_workday_timetable.py
[2025-03-16T19:33:58.969+0000] {logging_mixin.py:190} INFO - [2025-03-16T19:33:58.969+0000] {dag.py:3239} INFO - Sync 1 DAGs
[2025-03-16T19:33:59.127+0000] {logging_mixin.py:190} INFO - [2025-03-16T19:33:59.126+0000] {dag.py:4180} INFO - Setting next_dagrun for example_workday_timetable to 2021-01-04 00:00:00+00:00, run_after=2021-01-05 00:00:00+00:00
[2025-03-16T19:33:59.164+0000] {processor.py:208} INFO - Processing /home/airflow/.local/lib/python3.12/site-packages/airflow/example_dags/example_workday_timetable.py took 0.280 seconds
[2025-03-16T19:34:29.558+0000] {processor.py:186} INFO - Started process (PID=92287) to work on /home/airflow/.local/lib/python3.12/site-packages/airflow/example_dags/example_workday_timetable.py
[2025-03-16T19:34:29.560+0000] {processor.py:914} INFO - Processing file /home/airflow/.local/lib/python3.12/site-packages/airflow/example_dags/example_workday_timetable.py for tasks to queue
[2025-03-16T19:34:29.563+0000] {logging_mixin.py:190} INFO - [2025-03-16T19:34:29.562+0000] {dagbag.py:588} INFO - Filling up the DagBag from /home/airflow/.local/lib/python3.12/site-packages/airflow/example_dags/example_workday_timetable.py
[2025-03-16T19:34:29.574+0000] {processor.py:925} INFO - DAG(s) 'example_workday_timetable' retrieved from /home/airflow/.local/lib/python3.12/site-packages/airflow/example_dags/example_workday_timetable.py
[2025-03-16T19:34:29.609+0000] {logging_mixin.py:190} INFO - [2025-03-16T19:34:29.609+0000] {dag.py:3239} INFO - Sync 1 DAGs
[2025-03-16T19:34:29.717+0000] {logging_mixin.py:190} INFO - [2025-03-16T19:34:29.717+0000] {dag.py:4180} INFO - Setting next_dagrun for example_workday_timetable to 2021-01-04 00:00:00+00:00, run_after=2021-01-05 00:00:00+00:00
[2025-03-16T19:34:29.752+0000] {processor.py:208} INFO - Processing /home/airflow/.local/lib/python3.12/site-packages/airflow/example_dags/example_workday_timetable.py took 0.205 seconds
[2025-03-16T19:35:00.202+0000] {processor.py:186} INFO - Started process (PID=92351) to work on /home/airflow/.local/lib/python3.12/site-packages/airflow/example_dags/example_workday_timetable.py
[2025-03-16T19:35:00.205+0000] {processor.py:914} INFO - Processing file /home/airflow/.local/lib/python3.12/site-packages/airflow/example_dags/example_workday_timetable.py for tasks to queue
[2025-03-16T19:35:00.207+0000] {logging_mixin.py:190} INFO - [2025-03-16T19:35:00.207+0000] {dagbag.py:588} INFO - Filling up the DagBag from /home/airflow/.local/lib/python3.12/site-packages/airflow/example_dags/example_workday_timetable.py
[2025-03-16T19:35:00.219+0000] {processor.py:925} INFO - DAG(s) 'example_workday_timetable' retrieved from /home/airflow/.local/lib/python3.12/site-packages/airflow/example_dags/example_workday_timetable.py
[2025-03-16T19:35:00.256+0000] {logging_mixin.py:190} INFO - [2025-03-16T19:35:00.256+0000] {dag.py:3239} INFO - Sync 1 DAGs
[2025-03-16T19:35:00.354+0000] {logging_mixin.py:190} INFO - [2025-03-16T19:35:00.353+0000] {dag.py:4180} INFO - Setting next_dagrun for example_workday_timetable to 2021-01-04 00:00:00+00:00, run_after=2021-01-05 00:00:00+00:00
[2025-03-16T19:35:00.382+0000] {processor.py:208} INFO - Processing /home/airflow/.local/lib/python3.12/site-packages/airflow/example_dags/example_workday_timetable.py took 0.197 seconds
[2025-03-16T19:35:30.881+0000] {processor.py:186} INFO - Started process (PID=92415) to work on /home/airflow/.local/lib/python3.12/site-packages/airflow/example_dags/example_workday_timetable.py
[2025-03-16T19:35:30.884+0000] {processor.py:914} INFO - Processing file /home/airflow/.local/lib/python3.12/site-packages/airflow/example_dags/example_workday_timetable.py for tasks to queue
[2025-03-16T19:35:30.886+0000] {logging_mixin.py:190} INFO - [2025-03-16T19:35:30.885+0000] {dagbag.py:588} INFO - Filling up the DagBag from /home/airflow/.local/lib/python3.12/site-packages/airflow/example_dags/example_workday_timetable.py
[2025-03-16T19:35:30.897+0000] {processor.py:925} INFO - DAG(s) 'example_workday_timetable' retrieved from /home/airflow/.local/lib/python3.12/site-packages/airflow/example_dags/example_workday_timetable.py
[2025-03-16T19:35:30.933+0000] {logging_mixin.py:190} INFO - [2025-03-16T19:35:30.933+0000] {dag.py:3239} INFO - Sync 1 DAGs
[2025-03-16T19:35:31.052+0000] {logging_mixin.py:190} INFO - [2025-03-16T19:35:31.052+0000] {dag.py:4180} INFO - Setting next_dagrun for example_workday_timetable to 2021-01-04 00:00:00+00:00, run_after=2021-01-05 00:00:00+00:00
[2025-03-16T19:35:31.081+0000] {processor.py:208} INFO - Processing /home/airflow/.local/lib/python3.12/site-packages/airflow/example_dags/example_workday_timetable.py took 0.210 seconds
[2025-03-16T19:36:01.744+0000] {processor.py:186} INFO - Started process (PID=92479) to work on /home/airflow/.local/lib/python3.12/site-packages/airflow/example_dags/example_workday_timetable.py
[2025-03-16T19:36:01.746+0000] {processor.py:914} INFO - Processing file /home/airflow/.local/lib/python3.12/site-packages/airflow/example_dags/example_workday_timetable.py for tasks to queue
[2025-03-16T19:36:01.748+0000] {logging_mixin.py:190} INFO - [2025-03-16T19:36:01.748+0000] {dagbag.py:588} INFO - Filling up the DagBag from /home/airflow/.local/lib/python3.12/site-packages/airflow/example_dags/example_workday_timetable.py
[2025-03-16T19:36:01.756+0000] {processor.py:925} INFO - DAG(s) 'example_workday_timetable' retrieved from /home/airflow/.local/lib/python3.12/site-packages/airflow/example_dags/example_workday_timetable.py
[2025-03-16T19:36:01.784+0000] {logging_mixin.py:190} INFO - [2025-03-16T19:36:01.783+0000] {dag.py:3239} INFO - Sync 1 DAGs
[2025-03-16T19:36:01.877+0000] {logging_mixin.py:190} INFO - [2025-03-16T19:36:01.876+0000] {dag.py:4180} INFO - Setting next_dagrun for example_workday_timetable to 2021-01-04 00:00:00+00:00, run_after=2021-01-05 00:00:00+00:00
[2025-03-16T19:36:01.904+0000] {processor.py:208} INFO - Processing /home/airflow/.local/lib/python3.12/site-packages/airflow/example_dags/example_workday_timetable.py took 0.167 seconds
[2025-03-16T19:36:32.201+0000] {processor.py:186} INFO - Started process (PID=92543) to work on /home/airflow/.local/lib/python3.12/site-packages/airflow/example_dags/example_workday_timetable.py
[2025-03-16T19:36:32.203+0000] {processor.py:914} INFO - Processing file /home/airflow/.local/lib/python3.12/site-packages/airflow/example_dags/example_workday_timetable.py for tasks to queue
[2025-03-16T19:36:32.206+0000] {logging_mixin.py:190} INFO - [2025-03-16T19:36:32.205+0000] {dagbag.py:588} INFO - Filling up the DagBag from /home/airflow/.local/lib/python3.12/site-packages/airflow/example_dags/example_workday_timetable.py
[2025-03-16T19:36:32.219+0000] {processor.py:925} INFO - DAG(s) 'example_workday_timetable' retrieved from /home/airflow/.local/lib/python3.12/site-packages/airflow/example_dags/example_workday_timetable.py
[2025-03-16T19:36:32.258+0000] {logging_mixin.py:190} INFO - [2025-03-16T19:36:32.258+0000] {dag.py:3239} INFO - Sync 1 DAGs
[2025-03-16T19:36:32.385+0000] {logging_mixin.py:190} INFO - [2025-03-16T19:36:32.385+0000] {dag.py:4180} INFO - Setting next_dagrun for example_workday_timetable to 2021-01-04 00:00:00+00:00, run_after=2021-01-05 00:00:00+00:00
[2025-03-16T19:36:32.415+0000] {processor.py:208} INFO - Processing /home/airflow/.local/lib/python3.12/site-packages/airflow/example_dags/example_workday_timetable.py took 0.226 seconds
[2025-03-16T19:37:02.576+0000] {processor.py:186} INFO - Started process (PID=92607) to work on /home/airflow/.local/lib/python3.12/site-packages/airflow/example_dags/example_workday_timetable.py
[2025-03-16T19:37:02.578+0000] {processor.py:914} INFO - Processing file /home/airflow/.local/lib/python3.12/site-packages/airflow/example_dags/example_workday_timetable.py for tasks to queue
[2025-03-16T19:37:02.580+0000] {logging_mixin.py:190} INFO - [2025-03-16T19:37:02.580+0000] {dagbag.py:588} INFO - Filling up the DagBag from /home/airflow/.local/lib/python3.12/site-packages/airflow/example_dags/example_workday_timetable.py
[2025-03-16T19:37:02.588+0000] {processor.py:925} INFO - DAG(s) 'example_workday_timetable' retrieved from /home/airflow/.local/lib/python3.12/site-packages/airflow/example_dags/example_workday_timetable.py
[2025-03-16T19:37:02.617+0000] {logging_mixin.py:190} INFO - [2025-03-16T19:37:02.616+0000] {dag.py:3239} INFO - Sync 1 DAGs
[2025-03-16T19:37:02.702+0000] {logging_mixin.py:190} INFO - [2025-03-16T19:37:02.702+0000] {dag.py:4180} INFO - Setting next_dagrun for example_workday_timetable to 2021-01-04 00:00:00+00:00, run_after=2021-01-05 00:00:00+00:00
[2025-03-16T19:37:02.730+0000] {processor.py:208} INFO - Processing /home/airflow/.local/lib/python3.12/site-packages/airflow/example_dags/example_workday_timetable.py took 0.162 seconds
[2025-03-16T19:37:33.008+0000] {processor.py:186} INFO - Started process (PID=92671) to work on /home/airflow/.local/lib/python3.12/site-packages/airflow/example_dags/example_workday_timetable.py
[2025-03-16T19:37:33.010+0000] {processor.py:914} INFO - Processing file /home/airflow/.local/lib/python3.12/site-packages/airflow/example_dags/example_workday_timetable.py for tasks to queue
[2025-03-16T19:37:33.012+0000] {logging_mixin.py:190} INFO - [2025-03-16T19:37:33.012+0000] {dagbag.py:588} INFO - Filling up the DagBag from /home/airflow/.local/lib/python3.12/site-packages/airflow/example_dags/example_workday_timetable.py
[2025-03-16T19:37:33.023+0000] {processor.py:925} INFO - DAG(s) 'example_workday_timetable' retrieved from /home/airflow/.local/lib/python3.12/site-packages/airflow/example_dags/example_workday_timetable.py
[2025-03-16T19:37:33.062+0000] {logging_mixin.py:190} INFO - [2025-03-16T19:37:33.061+0000] {dag.py:3239} INFO - Sync 1 DAGs
[2025-03-16T19:37:33.177+0000] {logging_mixin.py:190} INFO - [2025-03-16T19:37:33.176+0000] {dag.py:4180} INFO - Setting next_dagrun for example_workday_timetable to 2021-01-04 00:00:00+00:00, run_after=2021-01-05 00:00:00+00:00
[2025-03-16T19:37:33.215+0000] {processor.py:208} INFO - Processing /home/airflow/.local/lib/python3.12/site-packages/airflow/example_dags/example_workday_timetable.py took 0.218 seconds
[2025-03-16T19:38:03.467+0000] {processor.py:186} INFO - Started process (PID=92736) to work on /home/airflow/.local/lib/python3.12/site-packages/airflow/example_dags/example_workday_timetable.py
[2025-03-16T19:38:03.469+0000] {processor.py:914} INFO - Processing file /home/airflow/.local/lib/python3.12/site-packages/airflow/example_dags/example_workday_timetable.py for tasks to queue
[2025-03-16T19:38:03.471+0000] {logging_mixin.py:190} INFO - [2025-03-16T19:38:03.471+0000] {dagbag.py:588} INFO - Filling up the DagBag from /home/airflow/.local/lib/python3.12/site-packages/airflow/example_dags/example_workday_timetable.py
[2025-03-16T19:38:03.482+0000] {processor.py:925} INFO - DAG(s) 'example_workday_timetable' retrieved from /home/airflow/.local/lib/python3.12/site-packages/airflow/example_dags/example_workday_timetable.py
[2025-03-16T19:38:03.521+0000] {logging_mixin.py:190} INFO - [2025-03-16T19:38:03.521+0000] {dag.py:3239} INFO - Sync 1 DAGs
[2025-03-16T19:38:03.638+0000] {logging_mixin.py:190} INFO - [2025-03-16T19:38:03.637+0000] {dag.py:4180} INFO - Setting next_dagrun for example_workday_timetable to 2021-01-04 00:00:00+00:00, run_after=2021-01-05 00:00:00+00:00
[2025-03-16T19:38:03.680+0000] {processor.py:208} INFO - Processing /home/airflow/.local/lib/python3.12/site-packages/airflow/example_dags/example_workday_timetable.py took 0.224 seconds
[2025-03-16T19:38:33.930+0000] {processor.py:186} INFO - Started process (PID=92801) to work on /home/airflow/.local/lib/python3.12/site-packages/airflow/example_dags/example_workday_timetable.py
[2025-03-16T19:38:33.933+0000] {processor.py:914} INFO - Processing file /home/airflow/.local/lib/python3.12/site-packages/airflow/example_dags/example_workday_timetable.py for tasks to queue
[2025-03-16T19:38:33.935+0000] {logging_mixin.py:190} INFO - [2025-03-16T19:38:33.935+0000] {dagbag.py:588} INFO - Filling up the DagBag from /home/airflow/.local/lib/python3.12/site-packages/airflow/example_dags/example_workday_timetable.py
[2025-03-16T19:38:33.945+0000] {processor.py:925} INFO - DAG(s) 'example_workday_timetable' retrieved from /home/airflow/.local/lib/python3.12/site-packages/airflow/example_dags/example_workday_timetable.py
[2025-03-16T19:38:33.983+0000] {logging_mixin.py:190} INFO - [2025-03-16T19:38:33.982+0000] {dag.py:3239} INFO - Sync 1 DAGs
[2025-03-16T19:38:34.159+0000] {logging_mixin.py:190} INFO - [2025-03-16T19:38:34.158+0000] {dag.py:4180} INFO - Setting next_dagrun for example_workday_timetable to 2021-01-04 00:00:00+00:00, run_after=2021-01-05 00:00:00+00:00
[2025-03-16T19:38:34.194+0000] {processor.py:208} INFO - Processing /home/airflow/.local/lib/python3.12/site-packages/airflow/example_dags/example_workday_timetable.py took 0.274 seconds
[2025-03-16T19:39:04.693+0000] {processor.py:186} INFO - Started process (PID=92865) to work on /home/airflow/.local/lib/python3.12/site-packages/airflow/example_dags/example_workday_timetable.py
[2025-03-16T19:39:04.695+0000] {processor.py:914} INFO - Processing file /home/airflow/.local/lib/python3.12/site-packages/airflow/example_dags/example_workday_timetable.py for tasks to queue
[2025-03-16T19:39:04.697+0000] {logging_mixin.py:190} INFO - [2025-03-16T19:39:04.697+0000] {dagbag.py:588} INFO - Filling up the DagBag from /home/airflow/.local/lib/python3.12/site-packages/airflow/example_dags/example_workday_timetable.py
[2025-03-16T19:39:04.707+0000] {processor.py:925} INFO - DAG(s) 'example_workday_timetable' retrieved from /home/airflow/.local/lib/python3.12/site-packages/airflow/example_dags/example_workday_timetable.py
[2025-03-16T19:39:04.742+0000] {logging_mixin.py:190} INFO - [2025-03-16T19:39:04.742+0000] {dag.py:3239} INFO - Sync 1 DAGs
[2025-03-16T19:39:04.844+0000] {logging_mixin.py:190} INFO - [2025-03-16T19:39:04.844+0000] {dag.py:4180} INFO - Setting next_dagrun for example_workday_timetable to 2021-01-04 00:00:00+00:00, run_after=2021-01-05 00:00:00+00:00
[2025-03-16T19:39:04.879+0000] {processor.py:208} INFO - Processing /home/airflow/.local/lib/python3.12/site-packages/airflow/example_dags/example_workday_timetable.py took 0.196 seconds
