[2025-03-16T19:07:55.500+0000] {processor.py:186} INFO - Started process (PID=88988) to work on /home/airflow/.local/lib/python3.12/site-packages/airflow/example_dags/example_task_group_decorator.py
[2025-03-16T19:07:55.501+0000] {processor.py:914} INFO - Processing file /home/airflow/.local/lib/python3.12/site-packages/airflow/example_dags/example_task_group_decorator.py for tasks to queue
[2025-03-16T19:07:55.502+0000] {logging_mixin.py:190} INFO - [2025-03-16T19:07:55.502+0000] {dagbag.py:588} INFO - Filling up the DagBag from /home/airflow/.local/lib/python3.12/site-packages/airflow/example_dags/example_task_group_decorator.py
[2025-03-16T19:07:55.517+0000] {processor.py:925} INFO - DAG(s) 'example_task_group_decorator' retrieved from /home/airflow/.local/lib/python3.12/site-packages/airflow/example_dags/example_task_group_decorator.py
[2025-03-16T19:07:55.539+0000] {logging_mixin.py:190} INFO - [2025-03-16T19:07:55.539+0000] {dag.py:3239} INFO - Sync 1 DAGs
[2025-03-16T19:07:55.552+0000] {logging_mixin.py:190} INFO - [2025-03-16T19:07:55.552+0000] {dag.py:4180} INFO - Setting next_dagrun for example_task_group_decorator to None, run_after=None
[2025-03-16T19:07:55.570+0000] {processor.py:208} INFO - Processing /home/airflow/.local/lib/python3.12/site-packages/airflow/example_dags/example_task_group_decorator.py took 0.076 seconds
[2025-03-16T19:08:26.186+0000] {processor.py:186} INFO - Started process (PID=89052) to work on /home/airflow/.local/lib/python3.12/site-packages/airflow/example_dags/example_task_group_decorator.py
[2025-03-16T19:08:26.187+0000] {processor.py:914} INFO - Processing file /home/airflow/.local/lib/python3.12/site-packages/airflow/example_dags/example_task_group_decorator.py for tasks to queue
[2025-03-16T19:08:26.189+0000] {logging_mixin.py:190} INFO - [2025-03-16T19:08:26.188+0000] {dagbag.py:588} INFO - Filling up the DagBag from /home/airflow/.local/lib/python3.12/site-packages/airflow/example_dags/example_task_group_decorator.py
[2025-03-16T19:08:26.203+0000] {processor.py:925} INFO - DAG(s) 'example_task_group_decorator' retrieved from /home/airflow/.local/lib/python3.12/site-packages/airflow/example_dags/example_task_group_decorator.py
[2025-03-16T19:08:26.228+0000] {logging_mixin.py:190} INFO - [2025-03-16T19:08:26.228+0000] {dag.py:3239} INFO - Sync 1 DAGs
[2025-03-16T19:08:26.241+0000] {logging_mixin.py:190} INFO - [2025-03-16T19:08:26.241+0000] {dag.py:4180} INFO - Setting next_dagrun for example_task_group_decorator to None, run_after=None
[2025-03-16T19:08:26.260+0000] {processor.py:208} INFO - Processing /home/airflow/.local/lib/python3.12/site-packages/airflow/example_dags/example_task_group_decorator.py took 0.079 seconds
[2025-03-16T19:08:58.223+0000] {processor.py:186} INFO - Started process (PID=89122) to work on /home/airflow/.local/lib/python3.12/site-packages/airflow/example_dags/example_task_group_decorator.py
[2025-03-16T19:08:58.224+0000] {processor.py:914} INFO - Processing file /home/airflow/.local/lib/python3.12/site-packages/airflow/example_dags/example_task_group_decorator.py for tasks to queue
[2025-03-16T19:08:58.225+0000] {logging_mixin.py:190} INFO - [2025-03-16T19:08:58.225+0000] {dagbag.py:588} INFO - Filling up the DagBag from /home/airflow/.local/lib/python3.12/site-packages/airflow/example_dags/example_task_group_decorator.py
[2025-03-16T19:08:58.247+0000] {processor.py:925} INFO - DAG(s) 'example_task_group_decorator' retrieved from /home/airflow/.local/lib/python3.12/site-packages/airflow/example_dags/example_task_group_decorator.py
[2025-03-16T19:08:58.317+0000] {logging_mixin.py:190} INFO - [2025-03-16T19:08:58.317+0000] {dag.py:3239} INFO - Sync 1 DAGs
[2025-03-16T19:08:58.382+0000] {logging_mixin.py:190} INFO - [2025-03-16T19:08:58.382+0000] {dag.py:4180} INFO - Setting next_dagrun for example_task_group_decorator to None, run_after=None
[2025-03-16T19:08:58.435+0000] {processor.py:208} INFO - Processing /home/airflow/.local/lib/python3.12/site-packages/airflow/example_dags/example_task_group_decorator.py took 0.218 seconds
[2025-03-16T19:09:29.424+0000] {processor.py:186} INFO - Started process (PID=89186) to work on /home/airflow/.local/lib/python3.12/site-packages/airflow/example_dags/example_task_group_decorator.py
[2025-03-16T19:09:29.426+0000] {processor.py:914} INFO - Processing file /home/airflow/.local/lib/python3.12/site-packages/airflow/example_dags/example_task_group_decorator.py for tasks to queue
[2025-03-16T19:09:29.427+0000] {logging_mixin.py:190} INFO - [2025-03-16T19:09:29.427+0000] {dagbag.py:588} INFO - Filling up the DagBag from /home/airflow/.local/lib/python3.12/site-packages/airflow/example_dags/example_task_group_decorator.py
[2025-03-16T19:09:29.454+0000] {processor.py:925} INFO - DAG(s) 'example_task_group_decorator' retrieved from /home/airflow/.local/lib/python3.12/site-packages/airflow/example_dags/example_task_group_decorator.py
[2025-03-16T19:09:29.489+0000] {logging_mixin.py:190} INFO - [2025-03-16T19:09:29.489+0000] {dag.py:3239} INFO - Sync 1 DAGs
[2025-03-16T19:09:29.511+0000] {logging_mixin.py:190} INFO - [2025-03-16T19:09:29.511+0000] {dag.py:4180} INFO - Setting next_dagrun for example_task_group_decorator to None, run_after=None
[2025-03-16T19:09:29.536+0000] {processor.py:208} INFO - Processing /home/airflow/.local/lib/python3.12/site-packages/airflow/example_dags/example_task_group_decorator.py took 0.119 seconds
[2025-03-16T19:10:00.590+0000] {processor.py:186} INFO - Started process (PID=89251) to work on /home/airflow/.local/lib/python3.12/site-packages/airflow/example_dags/example_task_group_decorator.py
[2025-03-16T19:10:00.592+0000] {processor.py:914} INFO - Processing file /home/airflow/.local/lib/python3.12/site-packages/airflow/example_dags/example_task_group_decorator.py for tasks to queue
[2025-03-16T19:10:00.593+0000] {logging_mixin.py:190} INFO - [2025-03-16T19:10:00.593+0000] {dagbag.py:588} INFO - Filling up the DagBag from /home/airflow/.local/lib/python3.12/site-packages/airflow/example_dags/example_task_group_decorator.py
[2025-03-16T19:10:00.610+0000] {processor.py:925} INFO - DAG(s) 'example_task_group_decorator' retrieved from /home/airflow/.local/lib/python3.12/site-packages/airflow/example_dags/example_task_group_decorator.py
[2025-03-16T19:10:00.640+0000] {logging_mixin.py:190} INFO - [2025-03-16T19:10:00.639+0000] {dag.py:3239} INFO - Sync 1 DAGs
[2025-03-16T19:10:00.657+0000] {logging_mixin.py:190} INFO - [2025-03-16T19:10:00.656+0000] {dag.py:4180} INFO - Setting next_dagrun for example_task_group_decorator to None, run_after=None
[2025-03-16T19:10:00.678+0000] {processor.py:208} INFO - Processing /home/airflow/.local/lib/python3.12/site-packages/airflow/example_dags/example_task_group_decorator.py took 0.095 seconds
[2025-03-16T19:10:31.657+0000] {processor.py:186} INFO - Started process (PID=89315) to work on /home/airflow/.local/lib/python3.12/site-packages/airflow/example_dags/example_task_group_decorator.py
[2025-03-16T19:10:31.659+0000] {processor.py:914} INFO - Processing file /home/airflow/.local/lib/python3.12/site-packages/airflow/example_dags/example_task_group_decorator.py for tasks to queue
[2025-03-16T19:10:31.661+0000] {logging_mixin.py:190} INFO - [2025-03-16T19:10:31.660+0000] {dagbag.py:588} INFO - Filling up the DagBag from /home/airflow/.local/lib/python3.12/site-packages/airflow/example_dags/example_task_group_decorator.py
[2025-03-16T19:10:31.679+0000] {processor.py:925} INFO - DAG(s) 'example_task_group_decorator' retrieved from /home/airflow/.local/lib/python3.12/site-packages/airflow/example_dags/example_task_group_decorator.py
[2025-03-16T19:10:31.708+0000] {logging_mixin.py:190} INFO - [2025-03-16T19:10:31.708+0000] {dag.py:3239} INFO - Sync 1 DAGs
[2025-03-16T19:10:31.725+0000] {logging_mixin.py:190} INFO - [2025-03-16T19:10:31.725+0000] {dag.py:4180} INFO - Setting next_dagrun for example_task_group_decorator to None, run_after=None
[2025-03-16T19:10:31.751+0000] {processor.py:208} INFO - Processing /home/airflow/.local/lib/python3.12/site-packages/airflow/example_dags/example_task_group_decorator.py took 0.099 seconds
[2025-03-16T19:11:02.775+0000] {processor.py:186} INFO - Started process (PID=89378) to work on /home/airflow/.local/lib/python3.12/site-packages/airflow/example_dags/example_task_group_decorator.py
[2025-03-16T19:11:02.776+0000] {processor.py:914} INFO - Processing file /home/airflow/.local/lib/python3.12/site-packages/airflow/example_dags/example_task_group_decorator.py for tasks to queue
[2025-03-16T19:11:02.778+0000] {logging_mixin.py:190} INFO - [2025-03-16T19:11:02.777+0000] {dagbag.py:588} INFO - Filling up the DagBag from /home/airflow/.local/lib/python3.12/site-packages/airflow/example_dags/example_task_group_decorator.py
[2025-03-16T19:11:02.793+0000] {processor.py:925} INFO - DAG(s) 'example_task_group_decorator' retrieved from /home/airflow/.local/lib/python3.12/site-packages/airflow/example_dags/example_task_group_decorator.py
[2025-03-16T19:11:02.819+0000] {logging_mixin.py:190} INFO - [2025-03-16T19:11:02.819+0000] {dag.py:3239} INFO - Sync 1 DAGs
[2025-03-16T19:11:02.834+0000] {logging_mixin.py:190} INFO - [2025-03-16T19:11:02.833+0000] {dag.py:4180} INFO - Setting next_dagrun for example_task_group_decorator to None, run_after=None
[2025-03-16T19:11:02.856+0000] {processor.py:208} INFO - Processing /home/airflow/.local/lib/python3.12/site-packages/airflow/example_dags/example_task_group_decorator.py took 0.085 seconds
[2025-03-16T19:11:33.495+0000] {processor.py:186} INFO - Started process (PID=89442) to work on /home/airflow/.local/lib/python3.12/site-packages/airflow/example_dags/example_task_group_decorator.py
[2025-03-16T19:11:33.496+0000] {processor.py:914} INFO - Processing file /home/airflow/.local/lib/python3.12/site-packages/airflow/example_dags/example_task_group_decorator.py for tasks to queue
[2025-03-16T19:11:33.498+0000] {logging_mixin.py:190} INFO - [2025-03-16T19:11:33.497+0000] {dagbag.py:588} INFO - Filling up the DagBag from /home/airflow/.local/lib/python3.12/site-packages/airflow/example_dags/example_task_group_decorator.py
[2025-03-16T19:11:33.515+0000] {processor.py:925} INFO - DAG(s) 'example_task_group_decorator' retrieved from /home/airflow/.local/lib/python3.12/site-packages/airflow/example_dags/example_task_group_decorator.py
[2025-03-16T19:11:33.543+0000] {logging_mixin.py:190} INFO - [2025-03-16T19:11:33.543+0000] {dag.py:3239} INFO - Sync 1 DAGs
[2025-03-16T19:11:33.557+0000] {logging_mixin.py:190} INFO - [2025-03-16T19:11:33.557+0000] {dag.py:4180} INFO - Setting next_dagrun for example_task_group_decorator to None, run_after=None
[2025-03-16T19:11:33.578+0000] {processor.py:208} INFO - Processing /home/airflow/.local/lib/python3.12/site-packages/airflow/example_dags/example_task_group_decorator.py took 0.088 seconds
[2025-03-16T19:12:04.362+0000] {processor.py:186} INFO - Started process (PID=89506) to work on /home/airflow/.local/lib/python3.12/site-packages/airflow/example_dags/example_task_group_decorator.py
[2025-03-16T19:12:04.363+0000] {processor.py:914} INFO - Processing file /home/airflow/.local/lib/python3.12/site-packages/airflow/example_dags/example_task_group_decorator.py for tasks to queue
[2025-03-16T19:12:04.365+0000] {logging_mixin.py:190} INFO - [2025-03-16T19:12:04.364+0000] {dagbag.py:588} INFO - Filling up the DagBag from /home/airflow/.local/lib/python3.12/site-packages/airflow/example_dags/example_task_group_decorator.py
[2025-03-16T19:12:04.381+0000] {processor.py:925} INFO - DAG(s) 'example_task_group_decorator' retrieved from /home/airflow/.local/lib/python3.12/site-packages/airflow/example_dags/example_task_group_decorator.py
[2025-03-16T19:12:04.408+0000] {logging_mixin.py:190} INFO - [2025-03-16T19:12:04.407+0000] {dag.py:3239} INFO - Sync 1 DAGs
[2025-03-16T19:12:04.422+0000] {logging_mixin.py:190} INFO - [2025-03-16T19:12:04.422+0000] {dag.py:4180} INFO - Setting next_dagrun for example_task_group_decorator to None, run_after=None
[2025-03-16T19:12:04.444+0000] {processor.py:208} INFO - Processing /home/airflow/.local/lib/python3.12/site-packages/airflow/example_dags/example_task_group_decorator.py took 0.087 seconds
[2025-03-16T19:12:35.386+0000] {processor.py:186} INFO - Started process (PID=89570) to work on /home/airflow/.local/lib/python3.12/site-packages/airflow/example_dags/example_task_group_decorator.py
[2025-03-16T19:12:35.388+0000] {processor.py:914} INFO - Processing file /home/airflow/.local/lib/python3.12/site-packages/airflow/example_dags/example_task_group_decorator.py for tasks to queue
[2025-03-16T19:12:35.390+0000] {logging_mixin.py:190} INFO - [2025-03-16T19:12:35.390+0000] {dagbag.py:588} INFO - Filling up the DagBag from /home/airflow/.local/lib/python3.12/site-packages/airflow/example_dags/example_task_group_decorator.py
[2025-03-16T19:12:35.413+0000] {processor.py:925} INFO - DAG(s) 'example_task_group_decorator' retrieved from /home/airflow/.local/lib/python3.12/site-packages/airflow/example_dags/example_task_group_decorator.py
[2025-03-16T19:12:35.451+0000] {logging_mixin.py:190} INFO - [2025-03-16T19:12:35.450+0000] {dag.py:3239} INFO - Sync 1 DAGs
[2025-03-16T19:12:35.470+0000] {logging_mixin.py:190} INFO - [2025-03-16T19:12:35.470+0000] {dag.py:4180} INFO - Setting next_dagrun for example_task_group_decorator to None, run_after=None
[2025-03-16T19:12:35.504+0000] {processor.py:208} INFO - Processing /home/airflow/.local/lib/python3.12/site-packages/airflow/example_dags/example_task_group_decorator.py took 0.126 seconds
[2025-03-16T19:13:06.652+0000] {processor.py:186} INFO - Started process (PID=89634) to work on /home/airflow/.local/lib/python3.12/site-packages/airflow/example_dags/example_task_group_decorator.py
[2025-03-16T19:13:06.654+0000] {processor.py:914} INFO - Processing file /home/airflow/.local/lib/python3.12/site-packages/airflow/example_dags/example_task_group_decorator.py for tasks to queue
[2025-03-16T19:13:06.655+0000] {logging_mixin.py:190} INFO - [2025-03-16T19:13:06.655+0000] {dagbag.py:588} INFO - Filling up the DagBag from /home/airflow/.local/lib/python3.12/site-packages/airflow/example_dags/example_task_group_decorator.py
[2025-03-16T19:13:06.672+0000] {processor.py:925} INFO - DAG(s) 'example_task_group_decorator' retrieved from /home/airflow/.local/lib/python3.12/site-packages/airflow/example_dags/example_task_group_decorator.py
[2025-03-16T19:13:06.698+0000] {logging_mixin.py:190} INFO - [2025-03-16T19:13:06.698+0000] {dag.py:3239} INFO - Sync 1 DAGs
[2025-03-16T19:13:06.715+0000] {logging_mixin.py:190} INFO - [2025-03-16T19:13:06.715+0000] {dag.py:4180} INFO - Setting next_dagrun for example_task_group_decorator to None, run_after=None
[2025-03-16T19:13:06.741+0000] {processor.py:208} INFO - Processing /home/airflow/.local/lib/python3.12/site-packages/airflow/example_dags/example_task_group_decorator.py took 0.096 seconds
[2025-03-16T19:13:37.858+0000] {processor.py:186} INFO - Started process (PID=89699) to work on /home/airflow/.local/lib/python3.12/site-packages/airflow/example_dags/example_task_group_decorator.py
[2025-03-16T19:13:37.860+0000] {processor.py:914} INFO - Processing file /home/airflow/.local/lib/python3.12/site-packages/airflow/example_dags/example_task_group_decorator.py for tasks to queue
[2025-03-16T19:13:37.863+0000] {logging_mixin.py:190} INFO - [2025-03-16T19:13:37.862+0000] {dagbag.py:588} INFO - Filling up the DagBag from /home/airflow/.local/lib/python3.12/site-packages/airflow/example_dags/example_task_group_decorator.py
[2025-03-16T19:13:37.879+0000] {processor.py:925} INFO - DAG(s) 'example_task_group_decorator' retrieved from /home/airflow/.local/lib/python3.12/site-packages/airflow/example_dags/example_task_group_decorator.py
[2025-03-16T19:13:37.911+0000] {logging_mixin.py:190} INFO - [2025-03-16T19:13:37.910+0000] {dag.py:3239} INFO - Sync 1 DAGs
[2025-03-16T19:13:37.943+0000] {logging_mixin.py:190} INFO - [2025-03-16T19:13:37.943+0000] {dag.py:4180} INFO - Setting next_dagrun for example_task_group_decorator to None, run_after=None
[2025-03-16T19:13:37.971+0000] {processor.py:208} INFO - Processing /home/airflow/.local/lib/python3.12/site-packages/airflow/example_dags/example_task_group_decorator.py took 0.118 seconds
[2025-03-16T19:14:09.518+0000] {processor.py:186} INFO - Started process (PID=89763) to work on /home/airflow/.local/lib/python3.12/site-packages/airflow/example_dags/example_task_group_decorator.py
[2025-03-16T19:14:09.520+0000] {processor.py:914} INFO - Processing file /home/airflow/.local/lib/python3.12/site-packages/airflow/example_dags/example_task_group_decorator.py for tasks to queue
[2025-03-16T19:14:09.523+0000] {logging_mixin.py:190} INFO - [2025-03-16T19:14:09.522+0000] {dagbag.py:588} INFO - Filling up the DagBag from /home/airflow/.local/lib/python3.12/site-packages/airflow/example_dags/example_task_group_decorator.py
[2025-03-16T19:14:09.540+0000] {processor.py:925} INFO - DAG(s) 'example_task_group_decorator' retrieved from /home/airflow/.local/lib/python3.12/site-packages/airflow/example_dags/example_task_group_decorator.py
[2025-03-16T19:14:09.569+0000] {logging_mixin.py:190} INFO - [2025-03-16T19:14:09.569+0000] {dag.py:3239} INFO - Sync 1 DAGs
[2025-03-16T19:14:09.582+0000] {logging_mixin.py:190} INFO - [2025-03-16T19:14:09.582+0000] {dag.py:4180} INFO - Setting next_dagrun for example_task_group_decorator to None, run_after=None
[2025-03-16T19:14:09.601+0000] {processor.py:208} INFO - Processing /home/airflow/.local/lib/python3.12/site-packages/airflow/example_dags/example_task_group_decorator.py took 0.089 seconds
[2025-03-16T19:14:40.988+0000] {processor.py:186} INFO - Started process (PID=89827) to work on /home/airflow/.local/lib/python3.12/site-packages/airflow/example_dags/example_task_group_decorator.py
[2025-03-16T19:14:40.989+0000] {processor.py:914} INFO - Processing file /home/airflow/.local/lib/python3.12/site-packages/airflow/example_dags/example_task_group_decorator.py for tasks to queue
[2025-03-16T19:14:40.991+0000] {logging_mixin.py:190} INFO - [2025-03-16T19:14:40.991+0000] {dagbag.py:588} INFO - Filling up the DagBag from /home/airflow/.local/lib/python3.12/site-packages/airflow/example_dags/example_task_group_decorator.py
[2025-03-16T19:14:41.007+0000] {processor.py:925} INFO - DAG(s) 'example_task_group_decorator' retrieved from /home/airflow/.local/lib/python3.12/site-packages/airflow/example_dags/example_task_group_decorator.py
[2025-03-16T19:14:41.037+0000] {logging_mixin.py:190} INFO - [2025-03-16T19:14:41.037+0000] {dag.py:3239} INFO - Sync 1 DAGs
[2025-03-16T19:14:41.054+0000] {logging_mixin.py:190} INFO - [2025-03-16T19:14:41.053+0000] {dag.py:4180} INFO - Setting next_dagrun for example_task_group_decorator to None, run_after=None
[2025-03-16T19:14:41.078+0000] {processor.py:208} INFO - Processing /home/airflow/.local/lib/python3.12/site-packages/airflow/example_dags/example_task_group_decorator.py took 0.096 seconds
[2025-03-16T19:15:12.352+0000] {processor.py:186} INFO - Started process (PID=89891) to work on /home/airflow/.local/lib/python3.12/site-packages/airflow/example_dags/example_task_group_decorator.py
[2025-03-16T19:15:12.354+0000] {processor.py:914} INFO - Processing file /home/airflow/.local/lib/python3.12/site-packages/airflow/example_dags/example_task_group_decorator.py for tasks to queue
[2025-03-16T19:15:12.356+0000] {logging_mixin.py:190} INFO - [2025-03-16T19:15:12.356+0000] {dagbag.py:588} INFO - Filling up the DagBag from /home/airflow/.local/lib/python3.12/site-packages/airflow/example_dags/example_task_group_decorator.py
[2025-03-16T19:15:12.377+0000] {processor.py:925} INFO - DAG(s) 'example_task_group_decorator' retrieved from /home/airflow/.local/lib/python3.12/site-packages/airflow/example_dags/example_task_group_decorator.py
[2025-03-16T19:15:12.421+0000] {logging_mixin.py:190} INFO - [2025-03-16T19:15:12.420+0000] {dag.py:3239} INFO - Sync 1 DAGs
[2025-03-16T19:15:12.440+0000] {logging_mixin.py:190} INFO - [2025-03-16T19:15:12.440+0000] {dag.py:4180} INFO - Setting next_dagrun for example_task_group_decorator to None, run_after=None
[2025-03-16T19:15:12.464+0000] {processor.py:208} INFO - Processing /home/airflow/.local/lib/python3.12/site-packages/airflow/example_dags/example_task_group_decorator.py took 0.119 seconds
[2025-03-16T19:15:43.437+0000] {processor.py:186} INFO - Started process (PID=89955) to work on /home/airflow/.local/lib/python3.12/site-packages/airflow/example_dags/example_task_group_decorator.py
[2025-03-16T19:15:43.441+0000] {processor.py:914} INFO - Processing file /home/airflow/.local/lib/python3.12/site-packages/airflow/example_dags/example_task_group_decorator.py for tasks to queue
[2025-03-16T19:15:43.443+0000] {logging_mixin.py:190} INFO - [2025-03-16T19:15:43.443+0000] {dagbag.py:588} INFO - Filling up the DagBag from /home/airflow/.local/lib/python3.12/site-packages/airflow/example_dags/example_task_group_decorator.py
[2025-03-16T19:15:43.466+0000] {processor.py:925} INFO - DAG(s) 'example_task_group_decorator' retrieved from /home/airflow/.local/lib/python3.12/site-packages/airflow/example_dags/example_task_group_decorator.py
[2025-03-16T19:15:43.502+0000] {logging_mixin.py:190} INFO - [2025-03-16T19:15:43.501+0000] {dag.py:3239} INFO - Sync 1 DAGs
[2025-03-16T19:15:43.518+0000] {logging_mixin.py:190} INFO - [2025-03-16T19:15:43.518+0000] {dag.py:4180} INFO - Setting next_dagrun for example_task_group_decorator to None, run_after=None
[2025-03-16T19:15:43.546+0000] {processor.py:208} INFO - Processing /home/airflow/.local/lib/python3.12/site-packages/airflow/example_dags/example_task_group_decorator.py took 0.118 seconds
[2025-03-16T19:16:15.194+0000] {processor.py:186} INFO - Started process (PID=90019) to work on /home/airflow/.local/lib/python3.12/site-packages/airflow/example_dags/example_task_group_decorator.py
[2025-03-16T19:16:15.195+0000] {processor.py:914} INFO - Processing file /home/airflow/.local/lib/python3.12/site-packages/airflow/example_dags/example_task_group_decorator.py for tasks to queue
[2025-03-16T19:16:15.197+0000] {logging_mixin.py:190} INFO - [2025-03-16T19:16:15.197+0000] {dagbag.py:588} INFO - Filling up the DagBag from /home/airflow/.local/lib/python3.12/site-packages/airflow/example_dags/example_task_group_decorator.py
[2025-03-16T19:16:15.228+0000] {processor.py:925} INFO - DAG(s) 'example_task_group_decorator' retrieved from /home/airflow/.local/lib/python3.12/site-packages/airflow/example_dags/example_task_group_decorator.py
[2025-03-16T19:16:15.271+0000] {logging_mixin.py:190} INFO - [2025-03-16T19:16:15.271+0000] {dag.py:3239} INFO - Sync 1 DAGs
[2025-03-16T19:16:15.295+0000] {logging_mixin.py:190} INFO - [2025-03-16T19:16:15.295+0000] {dag.py:4180} INFO - Setting next_dagrun for example_task_group_decorator to None, run_after=None
[2025-03-16T19:16:15.329+0000] {processor.py:208} INFO - Processing /home/airflow/.local/lib/python3.12/site-packages/airflow/example_dags/example_task_group_decorator.py took 0.142 seconds
[2025-03-16T19:16:46.613+0000] {processor.py:186} INFO - Started process (PID=90083) to work on /home/airflow/.local/lib/python3.12/site-packages/airflow/example_dags/example_task_group_decorator.py
[2025-03-16T19:16:46.615+0000] {processor.py:914} INFO - Processing file /home/airflow/.local/lib/python3.12/site-packages/airflow/example_dags/example_task_group_decorator.py for tasks to queue
[2025-03-16T19:16:46.617+0000] {logging_mixin.py:190} INFO - [2025-03-16T19:16:46.616+0000] {dagbag.py:588} INFO - Filling up the DagBag from /home/airflow/.local/lib/python3.12/site-packages/airflow/example_dags/example_task_group_decorator.py
[2025-03-16T19:16:46.635+0000] {processor.py:925} INFO - DAG(s) 'example_task_group_decorator' retrieved from /home/airflow/.local/lib/python3.12/site-packages/airflow/example_dags/example_task_group_decorator.py
[2025-03-16T19:16:46.674+0000] {logging_mixin.py:190} INFO - [2025-03-16T19:16:46.673+0000] {dag.py:3239} INFO - Sync 1 DAGs
[2025-03-16T19:16:46.693+0000] {logging_mixin.py:190} INFO - [2025-03-16T19:16:46.693+0000] {dag.py:4180} INFO - Setting next_dagrun for example_task_group_decorator to None, run_after=None
[2025-03-16T19:16:46.727+0000] {processor.py:208} INFO - Processing /home/airflow/.local/lib/python3.12/site-packages/airflow/example_dags/example_task_group_decorator.py took 0.121 seconds
[2025-03-16T19:17:17.844+0000] {processor.py:186} INFO - Started process (PID=90147) to work on /home/airflow/.local/lib/python3.12/site-packages/airflow/example_dags/example_task_group_decorator.py
[2025-03-16T19:17:17.845+0000] {processor.py:914} INFO - Processing file /home/airflow/.local/lib/python3.12/site-packages/airflow/example_dags/example_task_group_decorator.py for tasks to queue
[2025-03-16T19:17:17.847+0000] {logging_mixin.py:190} INFO - [2025-03-16T19:17:17.847+0000] {dagbag.py:588} INFO - Filling up the DagBag from /home/airflow/.local/lib/python3.12/site-packages/airflow/example_dags/example_task_group_decorator.py
[2025-03-16T19:17:17.869+0000] {processor.py:925} INFO - DAG(s) 'example_task_group_decorator' retrieved from /home/airflow/.local/lib/python3.12/site-packages/airflow/example_dags/example_task_group_decorator.py
[2025-03-16T19:17:17.911+0000] {logging_mixin.py:190} INFO - [2025-03-16T19:17:17.911+0000] {dag.py:3239} INFO - Sync 1 DAGs
[2025-03-16T19:17:17.937+0000] {logging_mixin.py:190} INFO - [2025-03-16T19:17:17.936+0000] {dag.py:4180} INFO - Setting next_dagrun for example_task_group_decorator to None, run_after=None
[2025-03-16T19:17:17.966+0000] {processor.py:208} INFO - Processing /home/airflow/.local/lib/python3.12/site-packages/airflow/example_dags/example_task_group_decorator.py took 0.129 seconds
[2025-03-16T19:17:49.403+0000] {processor.py:186} INFO - Started process (PID=90211) to work on /home/airflow/.local/lib/python3.12/site-packages/airflow/example_dags/example_task_group_decorator.py
[2025-03-16T19:17:49.404+0000] {processor.py:914} INFO - Processing file /home/airflow/.local/lib/python3.12/site-packages/airflow/example_dags/example_task_group_decorator.py for tasks to queue
[2025-03-16T19:17:49.406+0000] {logging_mixin.py:190} INFO - [2025-03-16T19:17:49.405+0000] {dagbag.py:588} INFO - Filling up the DagBag from /home/airflow/.local/lib/python3.12/site-packages/airflow/example_dags/example_task_group_decorator.py
[2025-03-16T19:17:49.424+0000] {processor.py:925} INFO - DAG(s) 'example_task_group_decorator' retrieved from /home/airflow/.local/lib/python3.12/site-packages/airflow/example_dags/example_task_group_decorator.py
[2025-03-16T19:17:49.456+0000] {logging_mixin.py:190} INFO - [2025-03-16T19:17:49.456+0000] {dag.py:3239} INFO - Sync 1 DAGs
[2025-03-16T19:17:49.474+0000] {logging_mixin.py:190} INFO - [2025-03-16T19:17:49.473+0000] {dag.py:4180} INFO - Setting next_dagrun for example_task_group_decorator to None, run_after=None
[2025-03-16T19:17:49.501+0000] {processor.py:208} INFO - Processing /home/airflow/.local/lib/python3.12/site-packages/airflow/example_dags/example_task_group_decorator.py took 0.107 seconds
[2025-03-16T19:18:20.523+0000] {processor.py:186} INFO - Started process (PID=90276) to work on /home/airflow/.local/lib/python3.12/site-packages/airflow/example_dags/example_task_group_decorator.py
[2025-03-16T19:18:20.525+0000] {processor.py:914} INFO - Processing file /home/airflow/.local/lib/python3.12/site-packages/airflow/example_dags/example_task_group_decorator.py for tasks to queue
[2025-03-16T19:18:20.526+0000] {logging_mixin.py:190} INFO - [2025-03-16T19:18:20.526+0000] {dagbag.py:588} INFO - Filling up the DagBag from /home/airflow/.local/lib/python3.12/site-packages/airflow/example_dags/example_task_group_decorator.py
[2025-03-16T19:18:20.548+0000] {processor.py:925} INFO - DAG(s) 'example_task_group_decorator' retrieved from /home/airflow/.local/lib/python3.12/site-packages/airflow/example_dags/example_task_group_decorator.py
[2025-03-16T19:18:20.584+0000] {logging_mixin.py:190} INFO - [2025-03-16T19:18:20.584+0000] {dag.py:3239} INFO - Sync 1 DAGs
[2025-03-16T19:18:20.603+0000] {logging_mixin.py:190} INFO - [2025-03-16T19:18:20.602+0000] {dag.py:4180} INFO - Setting next_dagrun for example_task_group_decorator to None, run_after=None
[2025-03-16T19:18:20.633+0000] {processor.py:208} INFO - Processing /home/airflow/.local/lib/python3.12/site-packages/airflow/example_dags/example_task_group_decorator.py took 0.116 seconds
[2025-03-16T19:18:51.755+0000] {processor.py:186} INFO - Started process (PID=90339) to work on /home/airflow/.local/lib/python3.12/site-packages/airflow/example_dags/example_task_group_decorator.py
[2025-03-16T19:18:51.756+0000] {processor.py:914} INFO - Processing file /home/airflow/.local/lib/python3.12/site-packages/airflow/example_dags/example_task_group_decorator.py for tasks to queue
[2025-03-16T19:18:51.758+0000] {logging_mixin.py:190} INFO - [2025-03-16T19:18:51.757+0000] {dagbag.py:588} INFO - Filling up the DagBag from /home/airflow/.local/lib/python3.12/site-packages/airflow/example_dags/example_task_group_decorator.py
[2025-03-16T19:18:51.804+0000] {processor.py:925} INFO - DAG(s) 'example_task_group_decorator' retrieved from /home/airflow/.local/lib/python3.12/site-packages/airflow/example_dags/example_task_group_decorator.py
[2025-03-16T19:18:51.854+0000] {logging_mixin.py:190} INFO - [2025-03-16T19:18:51.854+0000] {dag.py:3239} INFO - Sync 1 DAGs
[2025-03-16T19:18:51.875+0000] {logging_mixin.py:190} INFO - [2025-03-16T19:18:51.875+0000] {dag.py:4180} INFO - Setting next_dagrun for example_task_group_decorator to None, run_after=None
[2025-03-16T19:18:51.907+0000] {processor.py:208} INFO - Processing /home/airflow/.local/lib/python3.12/site-packages/airflow/example_dags/example_task_group_decorator.py took 0.165 seconds
[2025-03-16T19:19:22.862+0000] {processor.py:186} INFO - Started process (PID=90404) to work on /home/airflow/.local/lib/python3.12/site-packages/airflow/example_dags/example_task_group_decorator.py
[2025-03-16T19:19:22.864+0000] {processor.py:914} INFO - Processing file /home/airflow/.local/lib/python3.12/site-packages/airflow/example_dags/example_task_group_decorator.py for tasks to queue
[2025-03-16T19:19:22.866+0000] {logging_mixin.py:190} INFO - [2025-03-16T19:19:22.865+0000] {dagbag.py:588} INFO - Filling up the DagBag from /home/airflow/.local/lib/python3.12/site-packages/airflow/example_dags/example_task_group_decorator.py
[2025-03-16T19:19:22.889+0000] {processor.py:925} INFO - DAG(s) 'example_task_group_decorator' retrieved from /home/airflow/.local/lib/python3.12/site-packages/airflow/example_dags/example_task_group_decorator.py
[2025-03-16T19:19:22.924+0000] {logging_mixin.py:190} INFO - [2025-03-16T19:19:22.924+0000] {dag.py:3239} INFO - Sync 1 DAGs
[2025-03-16T19:19:22.945+0000] {logging_mixin.py:190} INFO - [2025-03-16T19:19:22.944+0000] {dag.py:4180} INFO - Setting next_dagrun for example_task_group_decorator to None, run_after=None
[2025-03-16T19:19:22.976+0000] {processor.py:208} INFO - Processing /home/airflow/.local/lib/python3.12/site-packages/airflow/example_dags/example_task_group_decorator.py took 0.121 seconds
[2025-03-16T19:19:54.118+0000] {processor.py:186} INFO - Started process (PID=90468) to work on /home/airflow/.local/lib/python3.12/site-packages/airflow/example_dags/example_task_group_decorator.py
[2025-03-16T19:19:54.119+0000] {processor.py:914} INFO - Processing file /home/airflow/.local/lib/python3.12/site-packages/airflow/example_dags/example_task_group_decorator.py for tasks to queue
[2025-03-16T19:19:54.121+0000] {logging_mixin.py:190} INFO - [2025-03-16T19:19:54.121+0000] {dagbag.py:588} INFO - Filling up the DagBag from /home/airflow/.local/lib/python3.12/site-packages/airflow/example_dags/example_task_group_decorator.py
[2025-03-16T19:19:54.143+0000] {processor.py:925} INFO - DAG(s) 'example_task_group_decorator' retrieved from /home/airflow/.local/lib/python3.12/site-packages/airflow/example_dags/example_task_group_decorator.py
[2025-03-16T19:19:54.185+0000] {logging_mixin.py:190} INFO - [2025-03-16T19:19:54.184+0000] {dag.py:3239} INFO - Sync 1 DAGs
[2025-03-16T19:19:54.204+0000] {logging_mixin.py:190} INFO - [2025-03-16T19:19:54.204+0000] {dag.py:4180} INFO - Setting next_dagrun for example_task_group_decorator to None, run_after=None
[2025-03-16T19:19:54.236+0000] {processor.py:208} INFO - Processing /home/airflow/.local/lib/python3.12/site-packages/airflow/example_dags/example_task_group_decorator.py took 0.126 seconds
[2025-03-16T19:20:25.342+0000] {processor.py:186} INFO - Started process (PID=90538) to work on /home/airflow/.local/lib/python3.12/site-packages/airflow/example_dags/example_task_group_decorator.py
[2025-03-16T19:20:25.343+0000] {processor.py:914} INFO - Processing file /home/airflow/.local/lib/python3.12/site-packages/airflow/example_dags/example_task_group_decorator.py for tasks to queue
[2025-03-16T19:20:25.345+0000] {logging_mixin.py:190} INFO - [2025-03-16T19:20:25.345+0000] {dagbag.py:588} INFO - Filling up the DagBag from /home/airflow/.local/lib/python3.12/site-packages/airflow/example_dags/example_task_group_decorator.py
[2025-03-16T19:20:25.370+0000] {processor.py:925} INFO - DAG(s) 'example_task_group_decorator' retrieved from /home/airflow/.local/lib/python3.12/site-packages/airflow/example_dags/example_task_group_decorator.py
[2025-03-16T19:20:25.414+0000] {logging_mixin.py:190} INFO - [2025-03-16T19:20:25.413+0000] {dag.py:3239} INFO - Sync 1 DAGs
[2025-03-16T19:20:25.437+0000] {logging_mixin.py:190} INFO - [2025-03-16T19:20:25.436+0000] {dag.py:4180} INFO - Setting next_dagrun for example_task_group_decorator to None, run_after=None
[2025-03-16T19:20:25.467+0000] {processor.py:208} INFO - Processing /home/airflow/.local/lib/python3.12/site-packages/airflow/example_dags/example_task_group_decorator.py took 0.136 seconds
[2025-03-16T19:20:56.634+0000] {processor.py:186} INFO - Started process (PID=90602) to work on /home/airflow/.local/lib/python3.12/site-packages/airflow/example_dags/example_task_group_decorator.py
[2025-03-16T19:20:56.636+0000] {processor.py:914} INFO - Processing file /home/airflow/.local/lib/python3.12/site-packages/airflow/example_dags/example_task_group_decorator.py for tasks to queue
[2025-03-16T19:20:56.638+0000] {logging_mixin.py:190} INFO - [2025-03-16T19:20:56.638+0000] {dagbag.py:588} INFO - Filling up the DagBag from /home/airflow/.local/lib/python3.12/site-packages/airflow/example_dags/example_task_group_decorator.py
[2025-03-16T19:20:56.657+0000] {processor.py:925} INFO - DAG(s) 'example_task_group_decorator' retrieved from /home/airflow/.local/lib/python3.12/site-packages/airflow/example_dags/example_task_group_decorator.py
[2025-03-16T19:20:56.691+0000] {logging_mixin.py:190} INFO - [2025-03-16T19:20:56.691+0000] {dag.py:3239} INFO - Sync 1 DAGs
[2025-03-16T19:20:56.713+0000] {logging_mixin.py:190} INFO - [2025-03-16T19:20:56.712+0000] {dag.py:4180} INFO - Setting next_dagrun for example_task_group_decorator to None, run_after=None
[2025-03-16T19:20:56.751+0000] {processor.py:208} INFO - Processing /home/airflow/.local/lib/python3.12/site-packages/airflow/example_dags/example_task_group_decorator.py took 0.125 seconds
[2025-03-16T19:21:27.856+0000] {processor.py:186} INFO - Started process (PID=90665) to work on /home/airflow/.local/lib/python3.12/site-packages/airflow/example_dags/example_task_group_decorator.py
[2025-03-16T19:21:27.859+0000] {processor.py:914} INFO - Processing file /home/airflow/.local/lib/python3.12/site-packages/airflow/example_dags/example_task_group_decorator.py for tasks to queue
[2025-03-16T19:21:27.861+0000] {logging_mixin.py:190} INFO - [2025-03-16T19:21:27.861+0000] {dagbag.py:588} INFO - Filling up the DagBag from /home/airflow/.local/lib/python3.12/site-packages/airflow/example_dags/example_task_group_decorator.py
[2025-03-16T19:21:27.879+0000] {processor.py:925} INFO - DAG(s) 'example_task_group_decorator' retrieved from /home/airflow/.local/lib/python3.12/site-packages/airflow/example_dags/example_task_group_decorator.py
[2025-03-16T19:21:27.914+0000] {logging_mixin.py:190} INFO - [2025-03-16T19:21:27.913+0000] {dag.py:3239} INFO - Sync 1 DAGs
[2025-03-16T19:21:27.935+0000] {logging_mixin.py:190} INFO - [2025-03-16T19:21:27.935+0000] {dag.py:4180} INFO - Setting next_dagrun for example_task_group_decorator to None, run_after=None
[2025-03-16T19:21:27.966+0000] {processor.py:208} INFO - Processing /home/airflow/.local/lib/python3.12/site-packages/airflow/example_dags/example_task_group_decorator.py took 0.115 seconds
[2025-03-16T19:21:59.238+0000] {processor.py:186} INFO - Started process (PID=90729) to work on /home/airflow/.local/lib/python3.12/site-packages/airflow/example_dags/example_task_group_decorator.py
[2025-03-16T19:21:59.240+0000] {processor.py:914} INFO - Processing file /home/airflow/.local/lib/python3.12/site-packages/airflow/example_dags/example_task_group_decorator.py for tasks to queue
[2025-03-16T19:21:59.241+0000] {logging_mixin.py:190} INFO - [2025-03-16T19:21:59.241+0000] {dagbag.py:588} INFO - Filling up the DagBag from /home/airflow/.local/lib/python3.12/site-packages/airflow/example_dags/example_task_group_decorator.py
[2025-03-16T19:21:59.259+0000] {processor.py:925} INFO - DAG(s) 'example_task_group_decorator' retrieved from /home/airflow/.local/lib/python3.12/site-packages/airflow/example_dags/example_task_group_decorator.py
[2025-03-16T19:21:59.293+0000] {logging_mixin.py:190} INFO - [2025-03-16T19:21:59.292+0000] {dag.py:3239} INFO - Sync 1 DAGs
[2025-03-16T19:21:59.310+0000] {logging_mixin.py:190} INFO - [2025-03-16T19:21:59.310+0000] {dag.py:4180} INFO - Setting next_dagrun for example_task_group_decorator to None, run_after=None
[2025-03-16T19:21:59.339+0000] {processor.py:208} INFO - Processing /home/airflow/.local/lib/python3.12/site-packages/airflow/example_dags/example_task_group_decorator.py took 0.108 seconds
[2025-03-16T19:22:31.378+0000] {processor.py:186} INFO - Started process (PID=90793) to work on /home/airflow/.local/lib/python3.12/site-packages/airflow/example_dags/example_task_group_decorator.py
[2025-03-16T19:22:31.380+0000] {processor.py:914} INFO - Processing file /home/airflow/.local/lib/python3.12/site-packages/airflow/example_dags/example_task_group_decorator.py for tasks to queue
[2025-03-16T19:22:31.382+0000] {logging_mixin.py:190} INFO - [2025-03-16T19:22:31.382+0000] {dagbag.py:588} INFO - Filling up the DagBag from /home/airflow/.local/lib/python3.12/site-packages/airflow/example_dags/example_task_group_decorator.py
[2025-03-16T19:22:31.431+0000] {processor.py:925} INFO - DAG(s) 'example_task_group_decorator' retrieved from /home/airflow/.local/lib/python3.12/site-packages/airflow/example_dags/example_task_group_decorator.py
[2025-03-16T19:22:31.480+0000] {logging_mixin.py:190} INFO - [2025-03-16T19:22:31.480+0000] {dag.py:3239} INFO - Sync 1 DAGs
[2025-03-16T19:22:31.509+0000] {logging_mixin.py:190} INFO - [2025-03-16T19:22:31.509+0000] {dag.py:4180} INFO - Setting next_dagrun for example_task_group_decorator to None, run_after=None
[2025-03-16T19:22:31.547+0000] {processor.py:208} INFO - Processing /home/airflow/.local/lib/python3.12/site-packages/airflow/example_dags/example_task_group_decorator.py took 0.182 seconds
[2025-03-16T19:23:02.567+0000] {processor.py:186} INFO - Started process (PID=90857) to work on /home/airflow/.local/lib/python3.12/site-packages/airflow/example_dags/example_task_group_decorator.py
[2025-03-16T19:23:02.569+0000] {processor.py:914} INFO - Processing file /home/airflow/.local/lib/python3.12/site-packages/airflow/example_dags/example_task_group_decorator.py for tasks to queue
[2025-03-16T19:23:02.571+0000] {logging_mixin.py:190} INFO - [2025-03-16T19:23:02.570+0000] {dagbag.py:588} INFO - Filling up the DagBag from /home/airflow/.local/lib/python3.12/site-packages/airflow/example_dags/example_task_group_decorator.py
[2025-03-16T19:23:02.599+0000] {processor.py:925} INFO - DAG(s) 'example_task_group_decorator' retrieved from /home/airflow/.local/lib/python3.12/site-packages/airflow/example_dags/example_task_group_decorator.py
[2025-03-16T19:23:02.626+0000] {logging_mixin.py:190} INFO - [2025-03-16T19:23:02.626+0000] {dag.py:3239} INFO - Sync 1 DAGs
[2025-03-16T19:23:02.651+0000] {logging_mixin.py:190} INFO - [2025-03-16T19:23:02.650+0000] {dag.py:4180} INFO - Setting next_dagrun for example_task_group_decorator to None, run_after=None
[2025-03-16T19:23:02.683+0000] {processor.py:208} INFO - Processing /home/airflow/.local/lib/python3.12/site-packages/airflow/example_dags/example_task_group_decorator.py took 0.145 seconds
[2025-03-16T19:23:34.474+0000] {processor.py:186} INFO - Started process (PID=90921) to work on /home/airflow/.local/lib/python3.12/site-packages/airflow/example_dags/example_task_group_decorator.py
[2025-03-16T19:23:34.476+0000] {processor.py:914} INFO - Processing file /home/airflow/.local/lib/python3.12/site-packages/airflow/example_dags/example_task_group_decorator.py for tasks to queue
[2025-03-16T19:23:34.479+0000] {logging_mixin.py:190} INFO - [2025-03-16T19:23:34.478+0000] {dagbag.py:588} INFO - Filling up the DagBag from /home/airflow/.local/lib/python3.12/site-packages/airflow/example_dags/example_task_group_decorator.py
[2025-03-16T19:23:34.511+0000] {processor.py:925} INFO - DAG(s) 'example_task_group_decorator' retrieved from /home/airflow/.local/lib/python3.12/site-packages/airflow/example_dags/example_task_group_decorator.py
[2025-03-16T19:23:34.561+0000] {logging_mixin.py:190} INFO - [2025-03-16T19:23:34.560+0000] {dag.py:3239} INFO - Sync 1 DAGs
[2025-03-16T19:23:34.590+0000] {logging_mixin.py:190} INFO - [2025-03-16T19:23:34.590+0000] {dag.py:4180} INFO - Setting next_dagrun for example_task_group_decorator to None, run_after=None
[2025-03-16T19:23:34.625+0000] {processor.py:208} INFO - Processing /home/airflow/.local/lib/python3.12/site-packages/airflow/example_dags/example_task_group_decorator.py took 0.160 seconds
[2025-03-16T19:24:05.946+0000] {processor.py:186} INFO - Started process (PID=90985) to work on /home/airflow/.local/lib/python3.12/site-packages/airflow/example_dags/example_task_group_decorator.py
[2025-03-16T19:24:05.948+0000] {processor.py:914} INFO - Processing file /home/airflow/.local/lib/python3.12/site-packages/airflow/example_dags/example_task_group_decorator.py for tasks to queue
[2025-03-16T19:24:05.950+0000] {logging_mixin.py:190} INFO - [2025-03-16T19:24:05.950+0000] {dagbag.py:588} INFO - Filling up the DagBag from /home/airflow/.local/lib/python3.12/site-packages/airflow/example_dags/example_task_group_decorator.py
[2025-03-16T19:24:05.984+0000] {processor.py:925} INFO - DAG(s) 'example_task_group_decorator' retrieved from /home/airflow/.local/lib/python3.12/site-packages/airflow/example_dags/example_task_group_decorator.py
[2025-03-16T19:24:06.040+0000] {logging_mixin.py:190} INFO - [2025-03-16T19:24:06.039+0000] {dag.py:3239} INFO - Sync 1 DAGs
[2025-03-16T19:24:06.071+0000] {logging_mixin.py:190} INFO - [2025-03-16T19:24:06.070+0000] {dag.py:4180} INFO - Setting next_dagrun for example_task_group_decorator to None, run_after=None
[2025-03-16T19:24:06.108+0000] {processor.py:208} INFO - Processing /home/airflow/.local/lib/python3.12/site-packages/airflow/example_dags/example_task_group_decorator.py took 0.175 seconds
[2025-03-16T19:24:37.937+0000] {processor.py:186} INFO - Started process (PID=91051) to work on /home/airflow/.local/lib/python3.12/site-packages/airflow/example_dags/example_task_group_decorator.py
[2025-03-16T19:24:37.938+0000] {processor.py:914} INFO - Processing file /home/airflow/.local/lib/python3.12/site-packages/airflow/example_dags/example_task_group_decorator.py for tasks to queue
[2025-03-16T19:24:37.940+0000] {logging_mixin.py:190} INFO - [2025-03-16T19:24:37.940+0000] {dagbag.py:588} INFO - Filling up the DagBag from /home/airflow/.local/lib/python3.12/site-packages/airflow/example_dags/example_task_group_decorator.py
[2025-03-16T19:24:37.969+0000] {processor.py:925} INFO - DAG(s) 'example_task_group_decorator' retrieved from /home/airflow/.local/lib/python3.12/site-packages/airflow/example_dags/example_task_group_decorator.py
[2025-03-16T19:24:38.013+0000] {logging_mixin.py:190} INFO - [2025-03-16T19:24:38.013+0000] {dag.py:3239} INFO - Sync 1 DAGs
[2025-03-16T19:24:38.041+0000] {logging_mixin.py:190} INFO - [2025-03-16T19:24:38.040+0000] {dag.py:4180} INFO - Setting next_dagrun for example_task_group_decorator to None, run_after=None
[2025-03-16T19:24:38.075+0000] {processor.py:208} INFO - Processing /home/airflow/.local/lib/python3.12/site-packages/airflow/example_dags/example_task_group_decorator.py took 0.149 seconds
[2025-03-16T19:25:10.888+0000] {processor.py:186} INFO - Started process (PID=91121) to work on /home/airflow/.local/lib/python3.12/site-packages/airflow/example_dags/example_task_group_decorator.py
[2025-03-16T19:25:10.889+0000] {processor.py:914} INFO - Processing file /home/airflow/.local/lib/python3.12/site-packages/airflow/example_dags/example_task_group_decorator.py for tasks to queue
[2025-03-16T19:25:10.891+0000] {logging_mixin.py:190} INFO - [2025-03-16T19:25:10.891+0000] {dagbag.py:588} INFO - Filling up the DagBag from /home/airflow/.local/lib/python3.12/site-packages/airflow/example_dags/example_task_group_decorator.py
[2025-03-16T19:25:10.922+0000] {processor.py:925} INFO - DAG(s) 'example_task_group_decorator' retrieved from /home/airflow/.local/lib/python3.12/site-packages/airflow/example_dags/example_task_group_decorator.py
[2025-03-16T19:25:10.969+0000] {logging_mixin.py:190} INFO - [2025-03-16T19:25:10.968+0000] {dag.py:3239} INFO - Sync 1 DAGs
[2025-03-16T19:25:10.994+0000] {logging_mixin.py:190} INFO - [2025-03-16T19:25:10.994+0000] {dag.py:4180} INFO - Setting next_dagrun for example_task_group_decorator to None, run_after=None
[2025-03-16T19:25:11.032+0000] {processor.py:208} INFO - Processing /home/airflow/.local/lib/python3.12/site-packages/airflow/example_dags/example_task_group_decorator.py took 0.156 seconds
[2025-03-16T19:25:42.391+0000] {processor.py:186} INFO - Started process (PID=91185) to work on /home/airflow/.local/lib/python3.12/site-packages/airflow/example_dags/example_task_group_decorator.py
[2025-03-16T19:25:42.392+0000] {processor.py:914} INFO - Processing file /home/airflow/.local/lib/python3.12/site-packages/airflow/example_dags/example_task_group_decorator.py for tasks to queue
[2025-03-16T19:25:42.397+0000] {logging_mixin.py:190} INFO - [2025-03-16T19:25:42.395+0000] {dagbag.py:588} INFO - Filling up the DagBag from /home/airflow/.local/lib/python3.12/site-packages/airflow/example_dags/example_task_group_decorator.py
[2025-03-16T19:25:42.437+0000] {processor.py:925} INFO - DAG(s) 'example_task_group_decorator' retrieved from /home/airflow/.local/lib/python3.12/site-packages/airflow/example_dags/example_task_group_decorator.py
[2025-03-16T19:25:42.492+0000] {logging_mixin.py:190} INFO - [2025-03-16T19:25:42.491+0000] {dag.py:3239} INFO - Sync 1 DAGs
[2025-03-16T19:25:42.525+0000] {logging_mixin.py:190} INFO - [2025-03-16T19:25:42.525+0000] {dag.py:4180} INFO - Setting next_dagrun for example_task_group_decorator to None, run_after=None
[2025-03-16T19:25:42.571+0000] {processor.py:208} INFO - Processing /home/airflow/.local/lib/python3.12/site-packages/airflow/example_dags/example_task_group_decorator.py took 0.191 seconds
[2025-03-16T19:26:13.088+0000] {processor.py:186} INFO - Started process (PID=91250) to work on /home/airflow/.local/lib/python3.12/site-packages/airflow/example_dags/example_task_group_decorator.py
[2025-03-16T19:26:13.090+0000] {processor.py:914} INFO - Processing file /home/airflow/.local/lib/python3.12/site-packages/airflow/example_dags/example_task_group_decorator.py for tasks to queue
[2025-03-16T19:26:13.092+0000] {logging_mixin.py:190} INFO - [2025-03-16T19:26:13.091+0000] {dagbag.py:588} INFO - Filling up the DagBag from /home/airflow/.local/lib/python3.12/site-packages/airflow/example_dags/example_task_group_decorator.py
[2025-03-16T19:26:13.127+0000] {processor.py:925} INFO - DAG(s) 'example_task_group_decorator' retrieved from /home/airflow/.local/lib/python3.12/site-packages/airflow/example_dags/example_task_group_decorator.py
[2025-03-16T19:26:13.186+0000] {logging_mixin.py:190} INFO - [2025-03-16T19:26:13.185+0000] {dag.py:3239} INFO - Sync 1 DAGs
[2025-03-16T19:26:13.216+0000] {logging_mixin.py:190} INFO - [2025-03-16T19:26:13.216+0000] {dag.py:4180} INFO - Setting next_dagrun for example_task_group_decorator to None, run_after=None
[2025-03-16T19:26:13.258+0000] {processor.py:208} INFO - Processing /home/airflow/.local/lib/python3.12/site-packages/airflow/example_dags/example_task_group_decorator.py took 0.183 seconds
[2025-03-16T19:26:44.108+0000] {processor.py:186} INFO - Started process (PID=91312) to work on /home/airflow/.local/lib/python3.12/site-packages/airflow/example_dags/example_task_group_decorator.py
[2025-03-16T19:26:44.109+0000] {processor.py:914} INFO - Processing file /home/airflow/.local/lib/python3.12/site-packages/airflow/example_dags/example_task_group_decorator.py for tasks to queue
[2025-03-16T19:26:44.111+0000] {logging_mixin.py:190} INFO - [2025-03-16T19:26:44.111+0000] {dagbag.py:588} INFO - Filling up the DagBag from /home/airflow/.local/lib/python3.12/site-packages/airflow/example_dags/example_task_group_decorator.py
[2025-03-16T19:26:44.138+0000] {processor.py:925} INFO - DAG(s) 'example_task_group_decorator' retrieved from /home/airflow/.local/lib/python3.12/site-packages/airflow/example_dags/example_task_group_decorator.py
[2025-03-16T19:26:44.184+0000] {logging_mixin.py:190} INFO - [2025-03-16T19:26:44.184+0000] {dag.py:3239} INFO - Sync 1 DAGs
[2025-03-16T19:26:44.213+0000] {logging_mixin.py:190} INFO - [2025-03-16T19:26:44.213+0000] {dag.py:4180} INFO - Setting next_dagrun for example_task_group_decorator to None, run_after=None
[2025-03-16T19:26:44.252+0000] {processor.py:208} INFO - Processing /home/airflow/.local/lib/python3.12/site-packages/airflow/example_dags/example_task_group_decorator.py took 0.157 seconds
[2025-03-16T19:27:14.745+0000] {processor.py:186} INFO - Started process (PID=91375) to work on /home/airflow/.local/lib/python3.12/site-packages/airflow/example_dags/example_task_group_decorator.py
[2025-03-16T19:27:14.746+0000] {processor.py:914} INFO - Processing file /home/airflow/.local/lib/python3.12/site-packages/airflow/example_dags/example_task_group_decorator.py for tasks to queue
[2025-03-16T19:27:14.748+0000] {logging_mixin.py:190} INFO - [2025-03-16T19:27:14.748+0000] {dagbag.py:588} INFO - Filling up the DagBag from /home/airflow/.local/lib/python3.12/site-packages/airflow/example_dags/example_task_group_decorator.py
[2025-03-16T19:27:14.774+0000] {processor.py:925} INFO - DAG(s) 'example_task_group_decorator' retrieved from /home/airflow/.local/lib/python3.12/site-packages/airflow/example_dags/example_task_group_decorator.py
[2025-03-16T19:27:14.816+0000] {logging_mixin.py:190} INFO - [2025-03-16T19:27:14.815+0000] {dag.py:3239} INFO - Sync 1 DAGs
[2025-03-16T19:27:14.841+0000] {logging_mixin.py:190} INFO - [2025-03-16T19:27:14.840+0000] {dag.py:4180} INFO - Setting next_dagrun for example_task_group_decorator to None, run_after=None
[2025-03-16T19:27:14.869+0000] {processor.py:208} INFO - Processing /home/airflow/.local/lib/python3.12/site-packages/airflow/example_dags/example_task_group_decorator.py took 0.134 seconds
[2025-03-16T19:27:45.412+0000] {processor.py:186} INFO - Started process (PID=91439) to work on /home/airflow/.local/lib/python3.12/site-packages/airflow/example_dags/example_task_group_decorator.py
[2025-03-16T19:27:45.413+0000] {processor.py:914} INFO - Processing file /home/airflow/.local/lib/python3.12/site-packages/airflow/example_dags/example_task_group_decorator.py for tasks to queue
[2025-03-16T19:27:45.416+0000] {logging_mixin.py:190} INFO - [2025-03-16T19:27:45.416+0000] {dagbag.py:588} INFO - Filling up the DagBag from /home/airflow/.local/lib/python3.12/site-packages/airflow/example_dags/example_task_group_decorator.py
[2025-03-16T19:27:45.477+0000] {processor.py:925} INFO - DAG(s) 'example_task_group_decorator' retrieved from /home/airflow/.local/lib/python3.12/site-packages/airflow/example_dags/example_task_group_decorator.py
[2025-03-16T19:27:45.562+0000] {logging_mixin.py:190} INFO - [2025-03-16T19:27:45.561+0000] {dag.py:3239} INFO - Sync 1 DAGs
[2025-03-16T19:27:45.616+0000] {logging_mixin.py:190} INFO - [2025-03-16T19:27:45.615+0000] {dag.py:4180} INFO - Setting next_dagrun for example_task_group_decorator to None, run_after=None
[2025-03-16T19:27:45.665+0000] {processor.py:208} INFO - Processing /home/airflow/.local/lib/python3.12/site-packages/airflow/example_dags/example_task_group_decorator.py took 0.270 seconds
[2025-03-16T19:28:16.516+0000] {processor.py:186} INFO - Started process (PID=91503) to work on /home/airflow/.local/lib/python3.12/site-packages/airflow/example_dags/example_task_group_decorator.py
[2025-03-16T19:28:16.518+0000] {processor.py:914} INFO - Processing file /home/airflow/.local/lib/python3.12/site-packages/airflow/example_dags/example_task_group_decorator.py for tasks to queue
[2025-03-16T19:28:16.521+0000] {logging_mixin.py:190} INFO - [2025-03-16T19:28:16.520+0000] {dagbag.py:588} INFO - Filling up the DagBag from /home/airflow/.local/lib/python3.12/site-packages/airflow/example_dags/example_task_group_decorator.py
[2025-03-16T19:28:16.553+0000] {processor.py:925} INFO - DAG(s) 'example_task_group_decorator' retrieved from /home/airflow/.local/lib/python3.12/site-packages/airflow/example_dags/example_task_group_decorator.py
[2025-03-16T19:28:16.603+0000] {logging_mixin.py:190} INFO - [2025-03-16T19:28:16.603+0000] {dag.py:3239} INFO - Sync 1 DAGs
[2025-03-16T19:28:16.639+0000] {logging_mixin.py:190} INFO - [2025-03-16T19:28:16.638+0000] {dag.py:4180} INFO - Setting next_dagrun for example_task_group_decorator to None, run_after=None
[2025-03-16T19:28:16.675+0000] {processor.py:208} INFO - Processing /home/airflow/.local/lib/python3.12/site-packages/airflow/example_dags/example_task_group_decorator.py took 0.168 seconds
[2025-03-16T19:28:46.876+0000] {processor.py:186} INFO - Started process (PID=91567) to work on /home/airflow/.local/lib/python3.12/site-packages/airflow/example_dags/example_task_group_decorator.py
[2025-03-16T19:28:46.879+0000] {processor.py:914} INFO - Processing file /home/airflow/.local/lib/python3.12/site-packages/airflow/example_dags/example_task_group_decorator.py for tasks to queue
[2025-03-16T19:28:46.881+0000] {logging_mixin.py:190} INFO - [2025-03-16T19:28:46.881+0000] {dagbag.py:588} INFO - Filling up the DagBag from /home/airflow/.local/lib/python3.12/site-packages/airflow/example_dags/example_task_group_decorator.py
[2025-03-16T19:28:46.915+0000] {processor.py:925} INFO - DAG(s) 'example_task_group_decorator' retrieved from /home/airflow/.local/lib/python3.12/site-packages/airflow/example_dags/example_task_group_decorator.py
[2025-03-16T19:28:46.966+0000] {logging_mixin.py:190} INFO - [2025-03-16T19:28:46.966+0000] {dag.py:3239} INFO - Sync 1 DAGs
[2025-03-16T19:28:46.991+0000] {logging_mixin.py:190} INFO - [2025-03-16T19:28:46.991+0000] {dag.py:4180} INFO - Setting next_dagrun for example_task_group_decorator to None, run_after=None
[2025-03-16T19:28:47.030+0000] {processor.py:208} INFO - Processing /home/airflow/.local/lib/python3.12/site-packages/airflow/example_dags/example_task_group_decorator.py took 0.164 seconds
[2025-03-16T19:29:18.029+0000] {processor.py:186} INFO - Started process (PID=91631) to work on /home/airflow/.local/lib/python3.12/site-packages/airflow/example_dags/example_task_group_decorator.py
[2025-03-16T19:29:18.032+0000] {processor.py:914} INFO - Processing file /home/airflow/.local/lib/python3.12/site-packages/airflow/example_dags/example_task_group_decorator.py for tasks to queue
[2025-03-16T19:29:18.035+0000] {logging_mixin.py:190} INFO - [2025-03-16T19:29:18.034+0000] {dagbag.py:588} INFO - Filling up the DagBag from /home/airflow/.local/lib/python3.12/site-packages/airflow/example_dags/example_task_group_decorator.py
[2025-03-16T19:29:18.061+0000] {processor.py:925} INFO - DAG(s) 'example_task_group_decorator' retrieved from /home/airflow/.local/lib/python3.12/site-packages/airflow/example_dags/example_task_group_decorator.py
[2025-03-16T19:29:18.127+0000] {logging_mixin.py:190} INFO - [2025-03-16T19:29:18.127+0000] {dag.py:3239} INFO - Sync 1 DAGs
[2025-03-16T19:29:18.162+0000] {logging_mixin.py:190} INFO - [2025-03-16T19:29:18.162+0000] {dag.py:4180} INFO - Setting next_dagrun for example_task_group_decorator to None, run_after=None
[2025-03-16T19:29:18.211+0000] {processor.py:208} INFO - Processing /home/airflow/.local/lib/python3.12/site-packages/airflow/example_dags/example_task_group_decorator.py took 0.191 seconds
[2025-03-16T19:29:49.118+0000] {processor.py:186} INFO - Started process (PID=91695) to work on /home/airflow/.local/lib/python3.12/site-packages/airflow/example_dags/example_task_group_decorator.py
[2025-03-16T19:29:49.120+0000] {processor.py:914} INFO - Processing file /home/airflow/.local/lib/python3.12/site-packages/airflow/example_dags/example_task_group_decorator.py for tasks to queue
[2025-03-16T19:29:49.123+0000] {logging_mixin.py:190} INFO - [2025-03-16T19:29:49.122+0000] {dagbag.py:588} INFO - Filling up the DagBag from /home/airflow/.local/lib/python3.12/site-packages/airflow/example_dags/example_task_group_decorator.py
[2025-03-16T19:29:49.151+0000] {processor.py:925} INFO - DAG(s) 'example_task_group_decorator' retrieved from /home/airflow/.local/lib/python3.12/site-packages/airflow/example_dags/example_task_group_decorator.py
[2025-03-16T19:29:49.200+0000] {logging_mixin.py:190} INFO - [2025-03-16T19:29:49.199+0000] {dag.py:3239} INFO - Sync 1 DAGs
[2025-03-16T19:29:49.546+0000] {logging_mixin.py:190} INFO - [2025-03-16T19:29:49.545+0000] {dag.py:4180} INFO - Setting next_dagrun for example_task_group_decorator to None, run_after=None
[2025-03-16T19:29:49.582+0000] {processor.py:208} INFO - Processing /home/airflow/.local/lib/python3.12/site-packages/airflow/example_dags/example_task_group_decorator.py took 0.474 seconds
[2025-03-16T19:30:19.724+0000] {processor.py:186} INFO - Started process (PID=91758) to work on /home/airflow/.local/lib/python3.12/site-packages/airflow/example_dags/example_task_group_decorator.py
[2025-03-16T19:30:19.726+0000] {processor.py:914} INFO - Processing file /home/airflow/.local/lib/python3.12/site-packages/airflow/example_dags/example_task_group_decorator.py for tasks to queue
[2025-03-16T19:30:19.728+0000] {logging_mixin.py:190} INFO - [2025-03-16T19:30:19.728+0000] {dagbag.py:588} INFO - Filling up the DagBag from /home/airflow/.local/lib/python3.12/site-packages/airflow/example_dags/example_task_group_decorator.py
[2025-03-16T19:30:19.757+0000] {processor.py:925} INFO - DAG(s) 'example_task_group_decorator' retrieved from /home/airflow/.local/lib/python3.12/site-packages/airflow/example_dags/example_task_group_decorator.py
[2025-03-16T19:30:19.806+0000] {logging_mixin.py:190} INFO - [2025-03-16T19:30:19.806+0000] {dag.py:3239} INFO - Sync 1 DAGs
[2025-03-16T19:30:19.836+0000] {logging_mixin.py:190} INFO - [2025-03-16T19:30:19.836+0000] {dag.py:4180} INFO - Setting next_dagrun for example_task_group_decorator to None, run_after=None
[2025-03-16T19:30:19.872+0000] {processor.py:208} INFO - Processing /home/airflow/.local/lib/python3.12/site-packages/airflow/example_dags/example_task_group_decorator.py took 0.159 seconds
[2025-03-16T19:30:50.872+0000] {processor.py:186} INFO - Started process (PID=91821) to work on /home/airflow/.local/lib/python3.12/site-packages/airflow/example_dags/example_task_group_decorator.py
[2025-03-16T19:30:50.874+0000] {processor.py:914} INFO - Processing file /home/airflow/.local/lib/python3.12/site-packages/airflow/example_dags/example_task_group_decorator.py for tasks to queue
[2025-03-16T19:30:50.878+0000] {logging_mixin.py:190} INFO - [2025-03-16T19:30:50.876+0000] {dagbag.py:588} INFO - Filling up the DagBag from /home/airflow/.local/lib/python3.12/site-packages/airflow/example_dags/example_task_group_decorator.py
[2025-03-16T19:30:50.907+0000] {processor.py:925} INFO - DAG(s) 'example_task_group_decorator' retrieved from /home/airflow/.local/lib/python3.12/site-packages/airflow/example_dags/example_task_group_decorator.py
[2025-03-16T19:30:50.956+0000] {logging_mixin.py:190} INFO - [2025-03-16T19:30:50.955+0000] {dag.py:3239} INFO - Sync 1 DAGs
[2025-03-16T19:30:50.983+0000] {logging_mixin.py:190} INFO - [2025-03-16T19:30:50.983+0000] {dag.py:4180} INFO - Setting next_dagrun for example_task_group_decorator to None, run_after=None
[2025-03-16T19:30:51.022+0000] {processor.py:208} INFO - Processing /home/airflow/.local/lib/python3.12/site-packages/airflow/example_dags/example_task_group_decorator.py took 0.159 seconds
[2025-03-16T19:31:21.237+0000] {processor.py:186} INFO - Started process (PID=91885) to work on /home/airflow/.local/lib/python3.12/site-packages/airflow/example_dags/example_task_group_decorator.py
[2025-03-16T19:31:21.238+0000] {processor.py:914} INFO - Processing file /home/airflow/.local/lib/python3.12/site-packages/airflow/example_dags/example_task_group_decorator.py for tasks to queue
[2025-03-16T19:31:21.240+0000] {logging_mixin.py:190} INFO - [2025-03-16T19:31:21.240+0000] {dagbag.py:588} INFO - Filling up the DagBag from /home/airflow/.local/lib/python3.12/site-packages/airflow/example_dags/example_task_group_decorator.py
[2025-03-16T19:31:21.271+0000] {processor.py:925} INFO - DAG(s) 'example_task_group_decorator' retrieved from /home/airflow/.local/lib/python3.12/site-packages/airflow/example_dags/example_task_group_decorator.py
[2025-03-16T19:31:21.317+0000] {logging_mixin.py:190} INFO - [2025-03-16T19:31:21.316+0000] {dag.py:3239} INFO - Sync 1 DAGs
[2025-03-16T19:31:21.346+0000] {logging_mixin.py:190} INFO - [2025-03-16T19:31:21.346+0000] {dag.py:4180} INFO - Setting next_dagrun for example_task_group_decorator to None, run_after=None
[2025-03-16T19:31:21.385+0000] {processor.py:208} INFO - Processing /home/airflow/.local/lib/python3.12/site-packages/airflow/example_dags/example_task_group_decorator.py took 0.159 seconds
[2025-03-16T19:31:51.631+0000] {processor.py:186} INFO - Started process (PID=91949) to work on /home/airflow/.local/lib/python3.12/site-packages/airflow/example_dags/example_task_group_decorator.py
[2025-03-16T19:31:51.634+0000] {processor.py:914} INFO - Processing file /home/airflow/.local/lib/python3.12/site-packages/airflow/example_dags/example_task_group_decorator.py for tasks to queue
[2025-03-16T19:31:51.637+0000] {logging_mixin.py:190} INFO - [2025-03-16T19:31:51.636+0000] {dagbag.py:588} INFO - Filling up the DagBag from /home/airflow/.local/lib/python3.12/site-packages/airflow/example_dags/example_task_group_decorator.py
[2025-03-16T19:31:51.665+0000] {processor.py:925} INFO - DAG(s) 'example_task_group_decorator' retrieved from /home/airflow/.local/lib/python3.12/site-packages/airflow/example_dags/example_task_group_decorator.py
[2025-03-16T19:31:51.710+0000] {logging_mixin.py:190} INFO - [2025-03-16T19:31:51.710+0000] {dag.py:3239} INFO - Sync 1 DAGs
[2025-03-16T19:31:51.737+0000] {logging_mixin.py:190} INFO - [2025-03-16T19:31:51.736+0000] {dag.py:4180} INFO - Setting next_dagrun for example_task_group_decorator to None, run_after=None
[2025-03-16T19:31:51.777+0000] {processor.py:208} INFO - Processing /home/airflow/.local/lib/python3.12/site-packages/airflow/example_dags/example_task_group_decorator.py took 0.154 seconds
[2025-03-16T19:32:22.442+0000] {processor.py:186} INFO - Started process (PID=92013) to work on /home/airflow/.local/lib/python3.12/site-packages/airflow/example_dags/example_task_group_decorator.py
[2025-03-16T19:32:22.444+0000] {processor.py:914} INFO - Processing file /home/airflow/.local/lib/python3.12/site-packages/airflow/example_dags/example_task_group_decorator.py for tasks to queue
[2025-03-16T19:32:22.448+0000] {logging_mixin.py:190} INFO - [2025-03-16T19:32:22.447+0000] {dagbag.py:588} INFO - Filling up the DagBag from /home/airflow/.local/lib/python3.12/site-packages/airflow/example_dags/example_task_group_decorator.py
[2025-03-16T19:32:22.484+0000] {processor.py:925} INFO - DAG(s) 'example_task_group_decorator' retrieved from /home/airflow/.local/lib/python3.12/site-packages/airflow/example_dags/example_task_group_decorator.py
[2025-03-16T19:32:22.533+0000] {logging_mixin.py:190} INFO - [2025-03-16T19:32:22.532+0000] {dag.py:3239} INFO - Sync 1 DAGs
[2025-03-16T19:32:22.565+0000] {logging_mixin.py:190} INFO - [2025-03-16T19:32:22.564+0000] {dag.py:4180} INFO - Setting next_dagrun for example_task_group_decorator to None, run_after=None
[2025-03-16T19:32:22.600+0000] {processor.py:208} INFO - Processing /home/airflow/.local/lib/python3.12/site-packages/airflow/example_dags/example_task_group_decorator.py took 0.170 seconds
[2025-03-16T19:32:52.990+0000] {processor.py:186} INFO - Started process (PID=92077) to work on /home/airflow/.local/lib/python3.12/site-packages/airflow/example_dags/example_task_group_decorator.py
[2025-03-16T19:32:52.992+0000] {processor.py:914} INFO - Processing file /home/airflow/.local/lib/python3.12/site-packages/airflow/example_dags/example_task_group_decorator.py for tasks to queue
[2025-03-16T19:32:52.994+0000] {logging_mixin.py:190} INFO - [2025-03-16T19:32:52.994+0000] {dagbag.py:588} INFO - Filling up the DagBag from /home/airflow/.local/lib/python3.12/site-packages/airflow/example_dags/example_task_group_decorator.py
[2025-03-16T19:32:53.024+0000] {processor.py:925} INFO - DAG(s) 'example_task_group_decorator' retrieved from /home/airflow/.local/lib/python3.12/site-packages/airflow/example_dags/example_task_group_decorator.py
[2025-03-16T19:32:53.066+0000] {logging_mixin.py:190} INFO - [2025-03-16T19:32:53.066+0000] {dag.py:3239} INFO - Sync 1 DAGs
[2025-03-16T19:32:53.097+0000] {logging_mixin.py:190} INFO - [2025-03-16T19:32:53.096+0000] {dag.py:4180} INFO - Setting next_dagrun for example_task_group_decorator to None, run_after=None
[2025-03-16T19:32:53.130+0000] {processor.py:208} INFO - Processing /home/airflow/.local/lib/python3.12/site-packages/airflow/example_dags/example_task_group_decorator.py took 0.148 seconds
[2025-03-16T19:33:23.258+0000] {processor.py:186} INFO - Started process (PID=92141) to work on /home/airflow/.local/lib/python3.12/site-packages/airflow/example_dags/example_task_group_decorator.py
[2025-03-16T19:33:23.259+0000] {processor.py:914} INFO - Processing file /home/airflow/.local/lib/python3.12/site-packages/airflow/example_dags/example_task_group_decorator.py for tasks to queue
[2025-03-16T19:33:23.261+0000] {logging_mixin.py:190} INFO - [2025-03-16T19:33:23.261+0000] {dagbag.py:588} INFO - Filling up the DagBag from /home/airflow/.local/lib/python3.12/site-packages/airflow/example_dags/example_task_group_decorator.py
[2025-03-16T19:33:23.286+0000] {processor.py:925} INFO - DAG(s) 'example_task_group_decorator' retrieved from /home/airflow/.local/lib/python3.12/site-packages/airflow/example_dags/example_task_group_decorator.py
[2025-03-16T19:33:23.326+0000] {logging_mixin.py:190} INFO - [2025-03-16T19:33:23.325+0000] {dag.py:3239} INFO - Sync 1 DAGs
[2025-03-16T19:33:23.347+0000] {logging_mixin.py:190} INFO - [2025-03-16T19:33:23.347+0000] {dag.py:4180} INFO - Setting next_dagrun for example_task_group_decorator to None, run_after=None
[2025-03-16T19:33:23.374+0000] {processor.py:208} INFO - Processing /home/airflow/.local/lib/python3.12/site-packages/airflow/example_dags/example_task_group_decorator.py took 0.127 seconds
[2025-03-16T19:33:53.762+0000] {processor.py:186} INFO - Started process (PID=92205) to work on /home/airflow/.local/lib/python3.12/site-packages/airflow/example_dags/example_task_group_decorator.py
[2025-03-16T19:33:53.763+0000] {processor.py:914} INFO - Processing file /home/airflow/.local/lib/python3.12/site-packages/airflow/example_dags/example_task_group_decorator.py for tasks to queue
[2025-03-16T19:33:53.766+0000] {logging_mixin.py:190} INFO - [2025-03-16T19:33:53.766+0000] {dagbag.py:588} INFO - Filling up the DagBag from /home/airflow/.local/lib/python3.12/site-packages/airflow/example_dags/example_task_group_decorator.py
[2025-03-16T19:33:53.793+0000] {processor.py:925} INFO - DAG(s) 'example_task_group_decorator' retrieved from /home/airflow/.local/lib/python3.12/site-packages/airflow/example_dags/example_task_group_decorator.py
[2025-03-16T19:33:53.837+0000] {logging_mixin.py:190} INFO - [2025-03-16T19:33:53.836+0000] {dag.py:3239} INFO - Sync 1 DAGs
[2025-03-16T19:33:53.862+0000] {logging_mixin.py:190} INFO - [2025-03-16T19:33:53.861+0000] {dag.py:4180} INFO - Setting next_dagrun for example_task_group_decorator to None, run_after=None
[2025-03-16T19:33:53.896+0000] {processor.py:208} INFO - Processing /home/airflow/.local/lib/python3.12/site-packages/airflow/example_dags/example_task_group_decorator.py took 0.143 seconds
[2025-03-16T19:34:24.349+0000] {processor.py:186} INFO - Started process (PID=92269) to work on /home/airflow/.local/lib/python3.12/site-packages/airflow/example_dags/example_task_group_decorator.py
[2025-03-16T19:34:24.351+0000] {processor.py:914} INFO - Processing file /home/airflow/.local/lib/python3.12/site-packages/airflow/example_dags/example_task_group_decorator.py for tasks to queue
[2025-03-16T19:34:24.353+0000] {logging_mixin.py:190} INFO - [2025-03-16T19:34:24.353+0000] {dagbag.py:588} INFO - Filling up the DagBag from /home/airflow/.local/lib/python3.12/site-packages/airflow/example_dags/example_task_group_decorator.py
[2025-03-16T19:34:24.376+0000] {processor.py:925} INFO - DAG(s) 'example_task_group_decorator' retrieved from /home/airflow/.local/lib/python3.12/site-packages/airflow/example_dags/example_task_group_decorator.py
[2025-03-16T19:34:24.415+0000] {logging_mixin.py:190} INFO - [2025-03-16T19:34:24.415+0000] {dag.py:3239} INFO - Sync 1 DAGs
[2025-03-16T19:34:24.437+0000] {logging_mixin.py:190} INFO - [2025-03-16T19:34:24.437+0000] {dag.py:4180} INFO - Setting next_dagrun for example_task_group_decorator to None, run_after=None
[2025-03-16T19:34:24.468+0000] {processor.py:208} INFO - Processing /home/airflow/.local/lib/python3.12/site-packages/airflow/example_dags/example_task_group_decorator.py took 0.128 seconds
[2025-03-16T19:34:55.045+0000] {processor.py:186} INFO - Started process (PID=92334) to work on /home/airflow/.local/lib/python3.12/site-packages/airflow/example_dags/example_task_group_decorator.py
[2025-03-16T19:34:55.047+0000] {processor.py:914} INFO - Processing file /home/airflow/.local/lib/python3.12/site-packages/airflow/example_dags/example_task_group_decorator.py for tasks to queue
[2025-03-16T19:34:55.050+0000] {logging_mixin.py:190} INFO - [2025-03-16T19:34:55.049+0000] {dagbag.py:588} INFO - Filling up the DagBag from /home/airflow/.local/lib/python3.12/site-packages/airflow/example_dags/example_task_group_decorator.py
[2025-03-16T19:34:55.077+0000] {processor.py:925} INFO - DAG(s) 'example_task_group_decorator' retrieved from /home/airflow/.local/lib/python3.12/site-packages/airflow/example_dags/example_task_group_decorator.py
[2025-03-16T19:34:55.126+0000] {logging_mixin.py:190} INFO - [2025-03-16T19:34:55.126+0000] {dag.py:3239} INFO - Sync 1 DAGs
[2025-03-16T19:34:55.157+0000] {logging_mixin.py:190} INFO - [2025-03-16T19:34:55.157+0000] {dag.py:4180} INFO - Setting next_dagrun for example_task_group_decorator to None, run_after=None
[2025-03-16T19:34:55.195+0000] {processor.py:208} INFO - Processing /home/airflow/.local/lib/python3.12/site-packages/airflow/example_dags/example_task_group_decorator.py took 0.159 seconds
[2025-03-16T19:35:25.940+0000] {processor.py:186} INFO - Started process (PID=92398) to work on /home/airflow/.local/lib/python3.12/site-packages/airflow/example_dags/example_task_group_decorator.py
[2025-03-16T19:35:25.942+0000] {processor.py:914} INFO - Processing file /home/airflow/.local/lib/python3.12/site-packages/airflow/example_dags/example_task_group_decorator.py for tasks to queue
[2025-03-16T19:35:25.944+0000] {logging_mixin.py:190} INFO - [2025-03-16T19:35:25.944+0000] {dagbag.py:588} INFO - Filling up the DagBag from /home/airflow/.local/lib/python3.12/site-packages/airflow/example_dags/example_task_group_decorator.py
[2025-03-16T19:35:25.970+0000] {processor.py:925} INFO - DAG(s) 'example_task_group_decorator' retrieved from /home/airflow/.local/lib/python3.12/site-packages/airflow/example_dags/example_task_group_decorator.py
[2025-03-16T19:35:26.016+0000] {logging_mixin.py:190} INFO - [2025-03-16T19:35:26.015+0000] {dag.py:3239} INFO - Sync 1 DAGs
[2025-03-16T19:35:26.041+0000] {logging_mixin.py:190} INFO - [2025-03-16T19:35:26.041+0000] {dag.py:4180} INFO - Setting next_dagrun for example_task_group_decorator to None, run_after=None
[2025-03-16T19:35:26.072+0000] {processor.py:208} INFO - Processing /home/airflow/.local/lib/python3.12/site-packages/airflow/example_dags/example_task_group_decorator.py took 0.145 seconds
[2025-03-16T19:35:56.578+0000] {processor.py:186} INFO - Started process (PID=92462) to work on /home/airflow/.local/lib/python3.12/site-packages/airflow/example_dags/example_task_group_decorator.py
[2025-03-16T19:35:56.581+0000] {processor.py:914} INFO - Processing file /home/airflow/.local/lib/python3.12/site-packages/airflow/example_dags/example_task_group_decorator.py for tasks to queue
[2025-03-16T19:35:56.583+0000] {logging_mixin.py:190} INFO - [2025-03-16T19:35:56.582+0000] {dagbag.py:588} INFO - Filling up the DagBag from /home/airflow/.local/lib/python3.12/site-packages/airflow/example_dags/example_task_group_decorator.py
[2025-03-16T19:35:56.609+0000] {processor.py:925} INFO - DAG(s) 'example_task_group_decorator' retrieved from /home/airflow/.local/lib/python3.12/site-packages/airflow/example_dags/example_task_group_decorator.py
[2025-03-16T19:35:56.653+0000] {logging_mixin.py:190} INFO - [2025-03-16T19:35:56.653+0000] {dag.py:3239} INFO - Sync 1 DAGs
[2025-03-16T19:35:56.677+0000] {logging_mixin.py:190} INFO - [2025-03-16T19:35:56.676+0000] {dag.py:4180} INFO - Setting next_dagrun for example_task_group_decorator to None, run_after=None
[2025-03-16T19:35:56.709+0000] {processor.py:208} INFO - Processing /home/airflow/.local/lib/python3.12/site-packages/airflow/example_dags/example_task_group_decorator.py took 0.139 seconds
[2025-03-16T19:36:26.932+0000] {processor.py:186} INFO - Started process (PID=92526) to work on /home/airflow/.local/lib/python3.12/site-packages/airflow/example_dags/example_task_group_decorator.py
[2025-03-16T19:36:26.934+0000] {processor.py:914} INFO - Processing file /home/airflow/.local/lib/python3.12/site-packages/airflow/example_dags/example_task_group_decorator.py for tasks to queue
[2025-03-16T19:36:26.936+0000] {logging_mixin.py:190} INFO - [2025-03-16T19:36:26.935+0000] {dagbag.py:588} INFO - Filling up the DagBag from /home/airflow/.local/lib/python3.12/site-packages/airflow/example_dags/example_task_group_decorator.py
[2025-03-16T19:36:26.959+0000] {processor.py:925} INFO - DAG(s) 'example_task_group_decorator' retrieved from /home/airflow/.local/lib/python3.12/site-packages/airflow/example_dags/example_task_group_decorator.py
[2025-03-16T19:36:26.999+0000] {logging_mixin.py:190} INFO - [2025-03-16T19:36:26.999+0000] {dag.py:3239} INFO - Sync 1 DAGs
[2025-03-16T19:36:27.022+0000] {logging_mixin.py:190} INFO - [2025-03-16T19:36:27.022+0000] {dag.py:4180} INFO - Setting next_dagrun for example_task_group_decorator to None, run_after=None
[2025-03-16T19:36:27.052+0000] {processor.py:208} INFO - Processing /home/airflow/.local/lib/python3.12/site-packages/airflow/example_dags/example_task_group_decorator.py took 0.128 seconds
[2025-03-16T19:36:57.201+0000] {processor.py:186} INFO - Started process (PID=92590) to work on /home/airflow/.local/lib/python3.12/site-packages/airflow/example_dags/example_task_group_decorator.py
[2025-03-16T19:36:57.202+0000] {processor.py:914} INFO - Processing file /home/airflow/.local/lib/python3.12/site-packages/airflow/example_dags/example_task_group_decorator.py for tasks to queue
[2025-03-16T19:36:57.204+0000] {logging_mixin.py:190} INFO - [2025-03-16T19:36:57.204+0000] {dagbag.py:588} INFO - Filling up the DagBag from /home/airflow/.local/lib/python3.12/site-packages/airflow/example_dags/example_task_group_decorator.py
[2025-03-16T19:36:57.232+0000] {processor.py:925} INFO - DAG(s) 'example_task_group_decorator' retrieved from /home/airflow/.local/lib/python3.12/site-packages/airflow/example_dags/example_task_group_decorator.py
[2025-03-16T19:36:57.278+0000] {logging_mixin.py:190} INFO - [2025-03-16T19:36:57.278+0000] {dag.py:3239} INFO - Sync 1 DAGs
[2025-03-16T19:36:57.303+0000] {logging_mixin.py:190} INFO - [2025-03-16T19:36:57.303+0000] {dag.py:4180} INFO - Setting next_dagrun for example_task_group_decorator to None, run_after=None
[2025-03-16T19:36:57.333+0000] {processor.py:208} INFO - Processing /home/airflow/.local/lib/python3.12/site-packages/airflow/example_dags/example_task_group_decorator.py took 0.140 seconds
[2025-03-16T19:37:27.576+0000] {processor.py:186} INFO - Started process (PID=92654) to work on /home/airflow/.local/lib/python3.12/site-packages/airflow/example_dags/example_task_group_decorator.py
[2025-03-16T19:37:27.578+0000] {processor.py:914} INFO - Processing file /home/airflow/.local/lib/python3.12/site-packages/airflow/example_dags/example_task_group_decorator.py for tasks to queue
[2025-03-16T19:37:27.580+0000] {logging_mixin.py:190} INFO - [2025-03-16T19:37:27.580+0000] {dagbag.py:588} INFO - Filling up the DagBag from /home/airflow/.local/lib/python3.12/site-packages/airflow/example_dags/example_task_group_decorator.py
[2025-03-16T19:37:27.602+0000] {processor.py:925} INFO - DAG(s) 'example_task_group_decorator' retrieved from /home/airflow/.local/lib/python3.12/site-packages/airflow/example_dags/example_task_group_decorator.py
[2025-03-16T19:37:27.643+0000] {logging_mixin.py:190} INFO - [2025-03-16T19:37:27.643+0000] {dag.py:3239} INFO - Sync 1 DAGs
[2025-03-16T19:37:27.670+0000] {logging_mixin.py:190} INFO - [2025-03-16T19:37:27.669+0000] {dag.py:4180} INFO - Setting next_dagrun for example_task_group_decorator to None, run_after=None
[2025-03-16T19:37:27.702+0000] {processor.py:208} INFO - Processing /home/airflow/.local/lib/python3.12/site-packages/airflow/example_dags/example_task_group_decorator.py took 0.134 seconds
[2025-03-16T19:37:57.855+0000] {processor.py:186} INFO - Started process (PID=92718) to work on /home/airflow/.local/lib/python3.12/site-packages/airflow/example_dags/example_task_group_decorator.py
[2025-03-16T19:37:57.857+0000] {processor.py:914} INFO - Processing file /home/airflow/.local/lib/python3.12/site-packages/airflow/example_dags/example_task_group_decorator.py for tasks to queue
[2025-03-16T19:37:57.859+0000] {logging_mixin.py:190} INFO - [2025-03-16T19:37:57.859+0000] {dagbag.py:588} INFO - Filling up the DagBag from /home/airflow/.local/lib/python3.12/site-packages/airflow/example_dags/example_task_group_decorator.py
[2025-03-16T19:37:57.884+0000] {processor.py:925} INFO - DAG(s) 'example_task_group_decorator' retrieved from /home/airflow/.local/lib/python3.12/site-packages/airflow/example_dags/example_task_group_decorator.py
[2025-03-16T19:37:57.929+0000] {logging_mixin.py:190} INFO - [2025-03-16T19:37:57.928+0000] {dag.py:3239} INFO - Sync 1 DAGs
[2025-03-16T19:37:57.955+0000] {logging_mixin.py:190} INFO - [2025-03-16T19:37:57.955+0000] {dag.py:4180} INFO - Setting next_dagrun for example_task_group_decorator to None, run_after=None
[2025-03-16T19:37:57.992+0000] {processor.py:208} INFO - Processing /home/airflow/.local/lib/python3.12/site-packages/airflow/example_dags/example_task_group_decorator.py took 0.146 seconds
[2025-03-16T19:38:28.335+0000] {processor.py:186} INFO - Started process (PID=92782) to work on /home/airflow/.local/lib/python3.12/site-packages/airflow/example_dags/example_task_group_decorator.py
[2025-03-16T19:38:28.336+0000] {processor.py:914} INFO - Processing file /home/airflow/.local/lib/python3.12/site-packages/airflow/example_dags/example_task_group_decorator.py for tasks to queue
[2025-03-16T19:38:28.338+0000] {logging_mixin.py:190} INFO - [2025-03-16T19:38:28.338+0000] {dagbag.py:588} INFO - Filling up the DagBag from /home/airflow/.local/lib/python3.12/site-packages/airflow/example_dags/example_task_group_decorator.py
[2025-03-16T19:38:28.361+0000] {processor.py:925} INFO - DAG(s) 'example_task_group_decorator' retrieved from /home/airflow/.local/lib/python3.12/site-packages/airflow/example_dags/example_task_group_decorator.py
[2025-03-16T19:38:28.406+0000] {logging_mixin.py:190} INFO - [2025-03-16T19:38:28.405+0000] {dag.py:3239} INFO - Sync 1 DAGs
[2025-03-16T19:38:28.432+0000] {logging_mixin.py:190} INFO - [2025-03-16T19:38:28.431+0000] {dag.py:4180} INFO - Setting next_dagrun for example_task_group_decorator to None, run_after=None
[2025-03-16T19:38:28.465+0000] {processor.py:208} INFO - Processing /home/airflow/.local/lib/python3.12/site-packages/airflow/example_dags/example_task_group_decorator.py took 0.139 seconds
[2025-03-16T19:38:59.433+0000] {processor.py:186} INFO - Started process (PID=92846) to work on /home/airflow/.local/lib/python3.12/site-packages/airflow/example_dags/example_task_group_decorator.py
[2025-03-16T19:38:59.435+0000] {processor.py:914} INFO - Processing file /home/airflow/.local/lib/python3.12/site-packages/airflow/example_dags/example_task_group_decorator.py for tasks to queue
[2025-03-16T19:38:59.437+0000] {logging_mixin.py:190} INFO - [2025-03-16T19:38:59.436+0000] {dagbag.py:588} INFO - Filling up the DagBag from /home/airflow/.local/lib/python3.12/site-packages/airflow/example_dags/example_task_group_decorator.py
[2025-03-16T19:38:59.463+0000] {processor.py:925} INFO - DAG(s) 'example_task_group_decorator' retrieved from /home/airflow/.local/lib/python3.12/site-packages/airflow/example_dags/example_task_group_decorator.py
[2025-03-16T19:38:59.507+0000] {logging_mixin.py:190} INFO - [2025-03-16T19:38:59.507+0000] {dag.py:3239} INFO - Sync 1 DAGs
[2025-03-16T19:38:59.531+0000] {logging_mixin.py:190} INFO - [2025-03-16T19:38:59.531+0000] {dag.py:4180} INFO - Setting next_dagrun for example_task_group_decorator to None, run_after=None
[2025-03-16T19:38:59.559+0000] {processor.py:208} INFO - Processing /home/airflow/.local/lib/python3.12/site-packages/airflow/example_dags/example_task_group_decorator.py took 0.135 seconds
