[2025-03-16T19:08:19.340+0000] {processor.py:186} INFO - Started process (PID=88999) to work on /home/airflow/.local/lib/python3.12/site-packages/airflow/example_dags/example_short_circuit_operator.py
[2025-03-16T19:08:19.341+0000] {processor.py:914} INFO - Processing file /home/airflow/.local/lib/python3.12/site-packages/airflow/example_dags/example_short_circuit_operator.py for tasks to queue
[2025-03-16T19:08:19.343+0000] {logging_mixin.py:190} INFO - [2025-03-16T19:08:19.342+0000] {dagbag.py:588} INFO - Filling up the DagBag from /home/airflow/.local/lib/python3.12/site-packages/airflow/example_dags/example_short_circuit_operator.py
[2025-03-16T19:08:19.353+0000] {processor.py:925} INFO - DAG(s) 'example_short_circuit_operator' retrieved from /home/airflow/.local/lib/python3.12/site-packages/airflow/example_dags/example_short_circuit_operator.py
[2025-03-16T19:08:19.379+0000] {logging_mixin.py:190} INFO - [2025-03-16T19:08:19.378+0000] {dag.py:3239} INFO - Sync 1 DAGs
[2025-03-16T19:08:19.397+0000] {logging_mixin.py:190} INFO - [2025-03-16T19:08:19.396+0000] {dag.py:4180} INFO - Setting next_dagrun for example_short_circuit_operator to None, run_after=None
[2025-03-16T19:08:19.422+0000] {processor.py:208} INFO - Processing /home/airflow/.local/lib/python3.12/site-packages/airflow/example_dags/example_short_circuit_operator.py took 0.089 seconds
[2025-03-16T19:08:50.143+0000] {processor.py:186} INFO - Started process (PID=89063) to work on /home/airflow/.local/lib/python3.12/site-packages/airflow/example_dags/example_short_circuit_operator.py
[2025-03-16T19:08:50.145+0000] {processor.py:914} INFO - Processing file /home/airflow/.local/lib/python3.12/site-packages/airflow/example_dags/example_short_circuit_operator.py for tasks to queue
[2025-03-16T19:08:50.148+0000] {logging_mixin.py:190} INFO - [2025-03-16T19:08:50.147+0000] {dagbag.py:588} INFO - Filling up the DagBag from /home/airflow/.local/lib/python3.12/site-packages/airflow/example_dags/example_short_circuit_operator.py
[2025-03-16T19:08:50.160+0000] {processor.py:925} INFO - DAG(s) 'example_short_circuit_operator' retrieved from /home/airflow/.local/lib/python3.12/site-packages/airflow/example_dags/example_short_circuit_operator.py
[2025-03-16T19:08:50.195+0000] {logging_mixin.py:190} INFO - [2025-03-16T19:08:50.194+0000] {dag.py:3239} INFO - Sync 1 DAGs
[2025-03-16T19:08:50.231+0000] {logging_mixin.py:190} INFO - [2025-03-16T19:08:50.231+0000] {dag.py:4180} INFO - Setting next_dagrun for example_short_circuit_operator to None, run_after=None
[2025-03-16T19:08:50.267+0000] {processor.py:208} INFO - Processing /home/airflow/.local/lib/python3.12/site-packages/airflow/example_dags/example_short_circuit_operator.py took 0.131 seconds
[2025-03-16T19:09:20.698+0000] {processor.py:186} INFO - Started process (PID=89127) to work on /home/airflow/.local/lib/python3.12/site-packages/airflow/example_dags/example_short_circuit_operator.py
[2025-03-16T19:09:20.700+0000] {processor.py:914} INFO - Processing file /home/airflow/.local/lib/python3.12/site-packages/airflow/example_dags/example_short_circuit_operator.py for tasks to queue
[2025-03-16T19:09:20.702+0000] {logging_mixin.py:190} INFO - [2025-03-16T19:09:20.702+0000] {dagbag.py:588} INFO - Filling up the DagBag from /home/airflow/.local/lib/python3.12/site-packages/airflow/example_dags/example_short_circuit_operator.py
[2025-03-16T19:09:20.711+0000] {processor.py:925} INFO - DAG(s) 'example_short_circuit_operator' retrieved from /home/airflow/.local/lib/python3.12/site-packages/airflow/example_dags/example_short_circuit_operator.py
[2025-03-16T19:09:20.736+0000] {logging_mixin.py:190} INFO - [2025-03-16T19:09:20.736+0000] {dag.py:3239} INFO - Sync 1 DAGs
[2025-03-16T19:09:20.750+0000] {logging_mixin.py:190} INFO - [2025-03-16T19:09:20.750+0000] {dag.py:4180} INFO - Setting next_dagrun for example_short_circuit_operator to None, run_after=None
[2025-03-16T19:09:20.772+0000] {processor.py:208} INFO - Processing /home/airflow/.local/lib/python3.12/site-packages/airflow/example_dags/example_short_circuit_operator.py took 0.080 seconds
[2025-03-16T19:09:50.906+0000] {processor.py:186} INFO - Started process (PID=89191) to work on /home/airflow/.local/lib/python3.12/site-packages/airflow/example_dags/example_short_circuit_operator.py
[2025-03-16T19:09:50.908+0000] {processor.py:914} INFO - Processing file /home/airflow/.local/lib/python3.12/site-packages/airflow/example_dags/example_short_circuit_operator.py for tasks to queue
[2025-03-16T19:09:50.910+0000] {logging_mixin.py:190} INFO - [2025-03-16T19:09:50.910+0000] {dagbag.py:588} INFO - Filling up the DagBag from /home/airflow/.local/lib/python3.12/site-packages/airflow/example_dags/example_short_circuit_operator.py
[2025-03-16T19:09:50.921+0000] {processor.py:925} INFO - DAG(s) 'example_short_circuit_operator' retrieved from /home/airflow/.local/lib/python3.12/site-packages/airflow/example_dags/example_short_circuit_operator.py
[2025-03-16T19:09:50.949+0000] {logging_mixin.py:190} INFO - [2025-03-16T19:09:50.949+0000] {dag.py:3239} INFO - Sync 1 DAGs
[2025-03-16T19:09:50.965+0000] {logging_mixin.py:190} INFO - [2025-03-16T19:09:50.964+0000] {dag.py:4180} INFO - Setting next_dagrun for example_short_circuit_operator to None, run_after=None
[2025-03-16T19:09:50.989+0000] {processor.py:208} INFO - Processing /home/airflow/.local/lib/python3.12/site-packages/airflow/example_dags/example_short_circuit_operator.py took 0.090 seconds
[2025-03-16T19:10:21.796+0000] {processor.py:186} INFO - Started process (PID=89256) to work on /home/airflow/.local/lib/python3.12/site-packages/airflow/example_dags/example_short_circuit_operator.py
[2025-03-16T19:10:21.798+0000] {processor.py:914} INFO - Processing file /home/airflow/.local/lib/python3.12/site-packages/airflow/example_dags/example_short_circuit_operator.py for tasks to queue
[2025-03-16T19:10:21.800+0000] {logging_mixin.py:190} INFO - [2025-03-16T19:10:21.800+0000] {dagbag.py:588} INFO - Filling up the DagBag from /home/airflow/.local/lib/python3.12/site-packages/airflow/example_dags/example_short_circuit_operator.py
[2025-03-16T19:10:21.809+0000] {processor.py:925} INFO - DAG(s) 'example_short_circuit_operator' retrieved from /home/airflow/.local/lib/python3.12/site-packages/airflow/example_dags/example_short_circuit_operator.py
[2025-03-16T19:10:21.839+0000] {logging_mixin.py:190} INFO - [2025-03-16T19:10:21.839+0000] {dag.py:3239} INFO - Sync 1 DAGs
[2025-03-16T19:10:21.856+0000] {logging_mixin.py:190} INFO - [2025-03-16T19:10:21.856+0000] {dag.py:4180} INFO - Setting next_dagrun for example_short_circuit_operator to None, run_after=None
[2025-03-16T19:10:21.882+0000] {processor.py:208} INFO - Processing /home/airflow/.local/lib/python3.12/site-packages/airflow/example_dags/example_short_circuit_operator.py took 0.091 seconds
[2025-03-16T19:10:52.211+0000] {processor.py:186} INFO - Started process (PID=89320) to work on /home/airflow/.local/lib/python3.12/site-packages/airflow/example_dags/example_short_circuit_operator.py
[2025-03-16T19:10:52.212+0000] {processor.py:914} INFO - Processing file /home/airflow/.local/lib/python3.12/site-packages/airflow/example_dags/example_short_circuit_operator.py for tasks to queue
[2025-03-16T19:10:52.214+0000] {logging_mixin.py:190} INFO - [2025-03-16T19:10:52.213+0000] {dagbag.py:588} INFO - Filling up the DagBag from /home/airflow/.local/lib/python3.12/site-packages/airflow/example_dags/example_short_circuit_operator.py
[2025-03-16T19:10:52.226+0000] {processor.py:925} INFO - DAG(s) 'example_short_circuit_operator' retrieved from /home/airflow/.local/lib/python3.12/site-packages/airflow/example_dags/example_short_circuit_operator.py
[2025-03-16T19:10:52.254+0000] {logging_mixin.py:190} INFO - [2025-03-16T19:10:52.254+0000] {dag.py:3239} INFO - Sync 1 DAGs
[2025-03-16T19:10:52.276+0000] {logging_mixin.py:190} INFO - [2025-03-16T19:10:52.276+0000] {dag.py:4180} INFO - Setting next_dagrun for example_short_circuit_operator to None, run_after=None
[2025-03-16T19:10:52.305+0000] {processor.py:208} INFO - Processing /home/airflow/.local/lib/python3.12/site-packages/airflow/example_dags/example_short_circuit_operator.py took 0.101 seconds
[2025-03-16T19:11:22.632+0000] {processor.py:186} INFO - Started process (PID=89384) to work on /home/airflow/.local/lib/python3.12/site-packages/airflow/example_dags/example_short_circuit_operator.py
[2025-03-16T19:11:22.633+0000] {processor.py:914} INFO - Processing file /home/airflow/.local/lib/python3.12/site-packages/airflow/example_dags/example_short_circuit_operator.py for tasks to queue
[2025-03-16T19:11:22.634+0000] {logging_mixin.py:190} INFO - [2025-03-16T19:11:22.634+0000] {dagbag.py:588} INFO - Filling up the DagBag from /home/airflow/.local/lib/python3.12/site-packages/airflow/example_dags/example_short_circuit_operator.py
[2025-03-16T19:11:22.643+0000] {processor.py:925} INFO - DAG(s) 'example_short_circuit_operator' retrieved from /home/airflow/.local/lib/python3.12/site-packages/airflow/example_dags/example_short_circuit_operator.py
[2025-03-16T19:11:22.671+0000] {logging_mixin.py:190} INFO - [2025-03-16T19:11:22.671+0000] {dag.py:3239} INFO - Sync 1 DAGs
[2025-03-16T19:11:22.689+0000] {logging_mixin.py:190} INFO - [2025-03-16T19:11:22.688+0000] {dag.py:4180} INFO - Setting next_dagrun for example_short_circuit_operator to None, run_after=None
[2025-03-16T19:11:22.715+0000] {processor.py:208} INFO - Processing /home/airflow/.local/lib/python3.12/site-packages/airflow/example_dags/example_short_circuit_operator.py took 0.087 seconds
[2025-03-16T19:11:53.348+0000] {processor.py:186} INFO - Started process (PID=89448) to work on /home/airflow/.local/lib/python3.12/site-packages/airflow/example_dags/example_short_circuit_operator.py
[2025-03-16T19:11:53.349+0000] {processor.py:914} INFO - Processing file /home/airflow/.local/lib/python3.12/site-packages/airflow/example_dags/example_short_circuit_operator.py for tasks to queue
[2025-03-16T19:11:53.351+0000] {logging_mixin.py:190} INFO - [2025-03-16T19:11:53.350+0000] {dagbag.py:588} INFO - Filling up the DagBag from /home/airflow/.local/lib/python3.12/site-packages/airflow/example_dags/example_short_circuit_operator.py
[2025-03-16T19:11:53.361+0000] {processor.py:925} INFO - DAG(s) 'example_short_circuit_operator' retrieved from /home/airflow/.local/lib/python3.12/site-packages/airflow/example_dags/example_short_circuit_operator.py
[2025-03-16T19:11:53.393+0000] {logging_mixin.py:190} INFO - [2025-03-16T19:11:53.393+0000] {dag.py:3239} INFO - Sync 1 DAGs
[2025-03-16T19:11:53.409+0000] {logging_mixin.py:190} INFO - [2025-03-16T19:11:53.409+0000] {dag.py:4180} INFO - Setting next_dagrun for example_short_circuit_operator to None, run_after=None
[2025-03-16T19:11:53.432+0000] {processor.py:208} INFO - Processing /home/airflow/.local/lib/python3.12/site-packages/airflow/example_dags/example_short_circuit_operator.py took 0.090 seconds
[2025-03-16T19:12:24.167+0000] {processor.py:186} INFO - Started process (PID=89512) to work on /home/airflow/.local/lib/python3.12/site-packages/airflow/example_dags/example_short_circuit_operator.py
[2025-03-16T19:12:24.168+0000] {processor.py:914} INFO - Processing file /home/airflow/.local/lib/python3.12/site-packages/airflow/example_dags/example_short_circuit_operator.py for tasks to queue
[2025-03-16T19:12:24.172+0000] {logging_mixin.py:190} INFO - [2025-03-16T19:12:24.170+0000] {dagbag.py:588} INFO - Filling up the DagBag from /home/airflow/.local/lib/python3.12/site-packages/airflow/example_dags/example_short_circuit_operator.py
[2025-03-16T19:12:24.182+0000] {processor.py:925} INFO - DAG(s) 'example_short_circuit_operator' retrieved from /home/airflow/.local/lib/python3.12/site-packages/airflow/example_dags/example_short_circuit_operator.py
[2025-03-16T19:12:24.211+0000] {logging_mixin.py:190} INFO - [2025-03-16T19:12:24.210+0000] {dag.py:3239} INFO - Sync 1 DAGs
[2025-03-16T19:12:24.226+0000] {logging_mixin.py:190} INFO - [2025-03-16T19:12:24.226+0000] {dag.py:4180} INFO - Setting next_dagrun for example_short_circuit_operator to None, run_after=None
[2025-03-16T19:12:24.252+0000] {processor.py:208} INFO - Processing /home/airflow/.local/lib/python3.12/site-packages/airflow/example_dags/example_short_circuit_operator.py took 0.092 seconds
[2025-03-16T19:12:55.045+0000] {processor.py:186} INFO - Started process (PID=89582) to work on /home/airflow/.local/lib/python3.12/site-packages/airflow/example_dags/example_short_circuit_operator.py
[2025-03-16T19:12:55.046+0000] {processor.py:914} INFO - Processing file /home/airflow/.local/lib/python3.12/site-packages/airflow/example_dags/example_short_circuit_operator.py for tasks to queue
[2025-03-16T19:12:55.047+0000] {logging_mixin.py:190} INFO - [2025-03-16T19:12:55.047+0000] {dagbag.py:588} INFO - Filling up the DagBag from /home/airflow/.local/lib/python3.12/site-packages/airflow/example_dags/example_short_circuit_operator.py
[2025-03-16T19:12:55.055+0000] {processor.py:925} INFO - DAG(s) 'example_short_circuit_operator' retrieved from /home/airflow/.local/lib/python3.12/site-packages/airflow/example_dags/example_short_circuit_operator.py
[2025-03-16T19:12:55.082+0000] {logging_mixin.py:190} INFO - [2025-03-16T19:12:55.081+0000] {dag.py:3239} INFO - Sync 1 DAGs
[2025-03-16T19:12:55.099+0000] {logging_mixin.py:190} INFO - [2025-03-16T19:12:55.099+0000] {dag.py:4180} INFO - Setting next_dagrun for example_short_circuit_operator to None, run_after=None
[2025-03-16T19:12:55.122+0000] {processor.py:208} INFO - Processing /home/airflow/.local/lib/python3.12/site-packages/airflow/example_dags/example_short_circuit_operator.py took 0.081 seconds
[2025-03-16T19:13:25.448+0000] {processor.py:186} INFO - Started process (PID=89647) to work on /home/airflow/.local/lib/python3.12/site-packages/airflow/example_dags/example_short_circuit_operator.py
[2025-03-16T19:13:25.449+0000] {processor.py:914} INFO - Processing file /home/airflow/.local/lib/python3.12/site-packages/airflow/example_dags/example_short_circuit_operator.py for tasks to queue
[2025-03-16T19:13:25.450+0000] {logging_mixin.py:190} INFO - [2025-03-16T19:13:25.450+0000] {dagbag.py:588} INFO - Filling up the DagBag from /home/airflow/.local/lib/python3.12/site-packages/airflow/example_dags/example_short_circuit_operator.py
[2025-03-16T19:13:25.460+0000] {processor.py:925} INFO - DAG(s) 'example_short_circuit_operator' retrieved from /home/airflow/.local/lib/python3.12/site-packages/airflow/example_dags/example_short_circuit_operator.py
[2025-03-16T19:13:25.488+0000] {logging_mixin.py:190} INFO - [2025-03-16T19:13:25.487+0000] {dag.py:3239} INFO - Sync 1 DAGs
[2025-03-16T19:13:25.507+0000] {logging_mixin.py:190} INFO - [2025-03-16T19:13:25.507+0000] {dag.py:4180} INFO - Setting next_dagrun for example_short_circuit_operator to None, run_after=None
[2025-03-16T19:13:25.532+0000] {processor.py:208} INFO - Processing /home/airflow/.local/lib/python3.12/site-packages/airflow/example_dags/example_short_circuit_operator.py took 0.090 seconds
[2025-03-16T19:13:55.784+0000] {processor.py:186} INFO - Started process (PID=89711) to work on /home/airflow/.local/lib/python3.12/site-packages/airflow/example_dags/example_short_circuit_operator.py
[2025-03-16T19:13:55.786+0000] {processor.py:914} INFO - Processing file /home/airflow/.local/lib/python3.12/site-packages/airflow/example_dags/example_short_circuit_operator.py for tasks to queue
[2025-03-16T19:13:55.787+0000] {logging_mixin.py:190} INFO - [2025-03-16T19:13:55.787+0000] {dagbag.py:588} INFO - Filling up the DagBag from /home/airflow/.local/lib/python3.12/site-packages/airflow/example_dags/example_short_circuit_operator.py
[2025-03-16T19:13:55.798+0000] {processor.py:925} INFO - DAG(s) 'example_short_circuit_operator' retrieved from /home/airflow/.local/lib/python3.12/site-packages/airflow/example_dags/example_short_circuit_operator.py
[2025-03-16T19:13:55.833+0000] {logging_mixin.py:190} INFO - [2025-03-16T19:13:55.832+0000] {dag.py:3239} INFO - Sync 1 DAGs
[2025-03-16T19:13:55.855+0000] {logging_mixin.py:190} INFO - [2025-03-16T19:13:55.855+0000] {dag.py:4180} INFO - Setting next_dagrun for example_short_circuit_operator to None, run_after=None
[2025-03-16T19:13:55.886+0000] {processor.py:208} INFO - Processing /home/airflow/.local/lib/python3.12/site-packages/airflow/example_dags/example_short_circuit_operator.py took 0.111 seconds
[2025-03-16T19:14:26.114+0000] {processor.py:186} INFO - Started process (PID=89775) to work on /home/airflow/.local/lib/python3.12/site-packages/airflow/example_dags/example_short_circuit_operator.py
[2025-03-16T19:14:26.115+0000] {processor.py:914} INFO - Processing file /home/airflow/.local/lib/python3.12/site-packages/airflow/example_dags/example_short_circuit_operator.py for tasks to queue
[2025-03-16T19:14:26.118+0000] {logging_mixin.py:190} INFO - [2025-03-16T19:14:26.117+0000] {dagbag.py:588} INFO - Filling up the DagBag from /home/airflow/.local/lib/python3.12/site-packages/airflow/example_dags/example_short_circuit_operator.py
[2025-03-16T19:14:26.126+0000] {processor.py:925} INFO - DAG(s) 'example_short_circuit_operator' retrieved from /home/airflow/.local/lib/python3.12/site-packages/airflow/example_dags/example_short_circuit_operator.py
[2025-03-16T19:14:26.151+0000] {logging_mixin.py:190} INFO - [2025-03-16T19:14:26.151+0000] {dag.py:3239} INFO - Sync 1 DAGs
[2025-03-16T19:14:26.164+0000] {logging_mixin.py:190} INFO - [2025-03-16T19:14:26.164+0000] {dag.py:4180} INFO - Setting next_dagrun for example_short_circuit_operator to None, run_after=None
[2025-03-16T19:14:26.187+0000] {processor.py:208} INFO - Processing /home/airflow/.local/lib/python3.12/site-packages/airflow/example_dags/example_short_circuit_operator.py took 0.078 seconds
[2025-03-16T19:14:56.465+0000] {processor.py:186} INFO - Started process (PID=89839) to work on /home/airflow/.local/lib/python3.12/site-packages/airflow/example_dags/example_short_circuit_operator.py
[2025-03-16T19:14:56.466+0000] {processor.py:914} INFO - Processing file /home/airflow/.local/lib/python3.12/site-packages/airflow/example_dags/example_short_circuit_operator.py for tasks to queue
[2025-03-16T19:14:56.469+0000] {logging_mixin.py:190} INFO - [2025-03-16T19:14:56.468+0000] {dagbag.py:588} INFO - Filling up the DagBag from /home/airflow/.local/lib/python3.12/site-packages/airflow/example_dags/example_short_circuit_operator.py
[2025-03-16T19:14:56.478+0000] {processor.py:925} INFO - DAG(s) 'example_short_circuit_operator' retrieved from /home/airflow/.local/lib/python3.12/site-packages/airflow/example_dags/example_short_circuit_operator.py
[2025-03-16T19:14:56.506+0000] {logging_mixin.py:190} INFO - [2025-03-16T19:14:56.505+0000] {dag.py:3239} INFO - Sync 1 DAGs
[2025-03-16T19:14:56.522+0000] {logging_mixin.py:190} INFO - [2025-03-16T19:14:56.522+0000] {dag.py:4180} INFO - Setting next_dagrun for example_short_circuit_operator to None, run_after=None
[2025-03-16T19:14:56.548+0000] {processor.py:208} INFO - Processing /home/airflow/.local/lib/python3.12/site-packages/airflow/example_dags/example_short_circuit_operator.py took 0.089 seconds
[2025-03-16T19:15:26.943+0000] {processor.py:186} INFO - Started process (PID=89903) to work on /home/airflow/.local/lib/python3.12/site-packages/airflow/example_dags/example_short_circuit_operator.py
[2025-03-16T19:15:26.945+0000] {processor.py:914} INFO - Processing file /home/airflow/.local/lib/python3.12/site-packages/airflow/example_dags/example_short_circuit_operator.py for tasks to queue
[2025-03-16T19:15:26.949+0000] {logging_mixin.py:190} INFO - [2025-03-16T19:15:26.948+0000] {dagbag.py:588} INFO - Filling up the DagBag from /home/airflow/.local/lib/python3.12/site-packages/airflow/example_dags/example_short_circuit_operator.py
[2025-03-16T19:15:26.976+0000] {processor.py:925} INFO - DAG(s) 'example_short_circuit_operator' retrieved from /home/airflow/.local/lib/python3.12/site-packages/airflow/example_dags/example_short_circuit_operator.py
[2025-03-16T19:15:27.044+0000] {logging_mixin.py:190} INFO - [2025-03-16T19:15:27.044+0000] {dag.py:3239} INFO - Sync 1 DAGs
[2025-03-16T19:15:27.080+0000] {logging_mixin.py:190} INFO - [2025-03-16T19:15:27.079+0000] {dag.py:4180} INFO - Setting next_dagrun for example_short_circuit_operator to None, run_after=None
[2025-03-16T19:15:27.123+0000] {processor.py:208} INFO - Processing /home/airflow/.local/lib/python3.12/site-packages/airflow/example_dags/example_short_circuit_operator.py took 0.197 seconds
[2025-03-16T19:15:57.704+0000] {processor.py:186} INFO - Started process (PID=89967) to work on /home/airflow/.local/lib/python3.12/site-packages/airflow/example_dags/example_short_circuit_operator.py
[2025-03-16T19:15:57.705+0000] {processor.py:914} INFO - Processing file /home/airflow/.local/lib/python3.12/site-packages/airflow/example_dags/example_short_circuit_operator.py for tasks to queue
[2025-03-16T19:15:57.706+0000] {logging_mixin.py:190} INFO - [2025-03-16T19:15:57.706+0000] {dagbag.py:588} INFO - Filling up the DagBag from /home/airflow/.local/lib/python3.12/site-packages/airflow/example_dags/example_short_circuit_operator.py
[2025-03-16T19:15:57.723+0000] {processor.py:925} INFO - DAG(s) 'example_short_circuit_operator' retrieved from /home/airflow/.local/lib/python3.12/site-packages/airflow/example_dags/example_short_circuit_operator.py
[2025-03-16T19:15:57.761+0000] {logging_mixin.py:190} INFO - [2025-03-16T19:15:57.761+0000] {dag.py:3239} INFO - Sync 1 DAGs
[2025-03-16T19:15:57.783+0000] {logging_mixin.py:190} INFO - [2025-03-16T19:15:57.783+0000] {dag.py:4180} INFO - Setting next_dagrun for example_short_circuit_operator to None, run_after=None
[2025-03-16T19:15:57.815+0000] {processor.py:208} INFO - Processing /home/airflow/.local/lib/python3.12/site-packages/airflow/example_dags/example_short_circuit_operator.py took 0.121 seconds
[2025-03-16T19:16:27.944+0000] {processor.py:186} INFO - Started process (PID=90031) to work on /home/airflow/.local/lib/python3.12/site-packages/airflow/example_dags/example_short_circuit_operator.py
[2025-03-16T19:16:27.945+0000] {processor.py:914} INFO - Processing file /home/airflow/.local/lib/python3.12/site-packages/airflow/example_dags/example_short_circuit_operator.py for tasks to queue
[2025-03-16T19:16:27.947+0000] {logging_mixin.py:190} INFO - [2025-03-16T19:16:27.946+0000] {dagbag.py:588} INFO - Filling up the DagBag from /home/airflow/.local/lib/python3.12/site-packages/airflow/example_dags/example_short_circuit_operator.py
[2025-03-16T19:16:27.963+0000] {processor.py:925} INFO - DAG(s) 'example_short_circuit_operator' retrieved from /home/airflow/.local/lib/python3.12/site-packages/airflow/example_dags/example_short_circuit_operator.py
[2025-03-16T19:16:28.003+0000] {logging_mixin.py:190} INFO - [2025-03-16T19:16:28.002+0000] {dag.py:3239} INFO - Sync 1 DAGs
[2025-03-16T19:16:28.026+0000] {logging_mixin.py:190} INFO - [2025-03-16T19:16:28.026+0000] {dag.py:4180} INFO - Setting next_dagrun for example_short_circuit_operator to None, run_after=None
[2025-03-16T19:16:28.060+0000] {processor.py:208} INFO - Processing /home/airflow/.local/lib/python3.12/site-packages/airflow/example_dags/example_short_circuit_operator.py took 0.129 seconds
[2025-03-16T19:16:58.295+0000] {processor.py:186} INFO - Started process (PID=90095) to work on /home/airflow/.local/lib/python3.12/site-packages/airflow/example_dags/example_short_circuit_operator.py
[2025-03-16T19:16:58.296+0000] {processor.py:914} INFO - Processing file /home/airflow/.local/lib/python3.12/site-packages/airflow/example_dags/example_short_circuit_operator.py for tasks to queue
[2025-03-16T19:16:58.299+0000] {logging_mixin.py:190} INFO - [2025-03-16T19:16:58.299+0000] {dagbag.py:588} INFO - Filling up the DagBag from /home/airflow/.local/lib/python3.12/site-packages/airflow/example_dags/example_short_circuit_operator.py
[2025-03-16T19:16:58.309+0000] {processor.py:925} INFO - DAG(s) 'example_short_circuit_operator' retrieved from /home/airflow/.local/lib/python3.12/site-packages/airflow/example_dags/example_short_circuit_operator.py
[2025-03-16T19:16:58.347+0000] {logging_mixin.py:190} INFO - [2025-03-16T19:16:58.346+0000] {dag.py:3239} INFO - Sync 1 DAGs
[2025-03-16T19:16:58.371+0000] {logging_mixin.py:190} INFO - [2025-03-16T19:16:58.371+0000] {dag.py:4180} INFO - Setting next_dagrun for example_short_circuit_operator to None, run_after=None
[2025-03-16T19:16:58.403+0000] {processor.py:208} INFO - Processing /home/airflow/.local/lib/python3.12/site-packages/airflow/example_dags/example_short_circuit_operator.py took 0.116 seconds
[2025-03-16T19:17:28.700+0000] {processor.py:186} INFO - Started process (PID=90159) to work on /home/airflow/.local/lib/python3.12/site-packages/airflow/example_dags/example_short_circuit_operator.py
[2025-03-16T19:17:28.701+0000] {processor.py:914} INFO - Processing file /home/airflow/.local/lib/python3.12/site-packages/airflow/example_dags/example_short_circuit_operator.py for tasks to queue
[2025-03-16T19:17:28.704+0000] {logging_mixin.py:190} INFO - [2025-03-16T19:17:28.704+0000] {dagbag.py:588} INFO - Filling up the DagBag from /home/airflow/.local/lib/python3.12/site-packages/airflow/example_dags/example_short_circuit_operator.py
[2025-03-16T19:17:28.716+0000] {processor.py:925} INFO - DAG(s) 'example_short_circuit_operator' retrieved from /home/airflow/.local/lib/python3.12/site-packages/airflow/example_dags/example_short_circuit_operator.py
[2025-03-16T19:17:28.753+0000] {logging_mixin.py:190} INFO - [2025-03-16T19:17:28.752+0000] {dag.py:3239} INFO - Sync 1 DAGs
[2025-03-16T19:17:28.773+0000] {logging_mixin.py:190} INFO - [2025-03-16T19:17:28.773+0000] {dag.py:4180} INFO - Setting next_dagrun for example_short_circuit_operator to None, run_after=None
[2025-03-16T19:17:28.803+0000] {processor.py:208} INFO - Processing /home/airflow/.local/lib/python3.12/site-packages/airflow/example_dags/example_short_circuit_operator.py took 0.109 seconds
[2025-03-16T19:17:59.107+0000] {processor.py:186} INFO - Started process (PID=90223) to work on /home/airflow/.local/lib/python3.12/site-packages/airflow/example_dags/example_short_circuit_operator.py
[2025-03-16T19:17:59.108+0000] {processor.py:914} INFO - Processing file /home/airflow/.local/lib/python3.12/site-packages/airflow/example_dags/example_short_circuit_operator.py for tasks to queue
[2025-03-16T19:17:59.113+0000] {logging_mixin.py:190} INFO - [2025-03-16T19:17:59.112+0000] {dagbag.py:588} INFO - Filling up the DagBag from /home/airflow/.local/lib/python3.12/site-packages/airflow/example_dags/example_short_circuit_operator.py
[2025-03-16T19:17:59.125+0000] {processor.py:925} INFO - DAG(s) 'example_short_circuit_operator' retrieved from /home/airflow/.local/lib/python3.12/site-packages/airflow/example_dags/example_short_circuit_operator.py
[2025-03-16T19:17:59.170+0000] {logging_mixin.py:190} INFO - [2025-03-16T19:17:59.170+0000] {dag.py:3239} INFO - Sync 1 DAGs
[2025-03-16T19:17:59.200+0000] {logging_mixin.py:190} INFO - [2025-03-16T19:17:59.200+0000] {dag.py:4180} INFO - Setting next_dagrun for example_short_circuit_operator to None, run_after=None
[2025-03-16T19:17:59.240+0000] {processor.py:208} INFO - Processing /home/airflow/.local/lib/python3.12/site-packages/airflow/example_dags/example_short_circuit_operator.py took 0.142 seconds
[2025-03-16T19:18:29.328+0000] {processor.py:186} INFO - Started process (PID=90286) to work on /home/airflow/.local/lib/python3.12/site-packages/airflow/example_dags/example_short_circuit_operator.py
[2025-03-16T19:18:29.330+0000] {processor.py:914} INFO - Processing file /home/airflow/.local/lib/python3.12/site-packages/airflow/example_dags/example_short_circuit_operator.py for tasks to queue
[2025-03-16T19:18:29.332+0000] {logging_mixin.py:190} INFO - [2025-03-16T19:18:29.332+0000] {dagbag.py:588} INFO - Filling up the DagBag from /home/airflow/.local/lib/python3.12/site-packages/airflow/example_dags/example_short_circuit_operator.py
[2025-03-16T19:18:29.342+0000] {processor.py:925} INFO - DAG(s) 'example_short_circuit_operator' retrieved from /home/airflow/.local/lib/python3.12/site-packages/airflow/example_dags/example_short_circuit_operator.py
[2025-03-16T19:18:29.375+0000] {logging_mixin.py:190} INFO - [2025-03-16T19:18:29.375+0000] {dag.py:3239} INFO - Sync 1 DAGs
[2025-03-16T19:18:29.395+0000] {logging_mixin.py:190} INFO - [2025-03-16T19:18:29.395+0000] {dag.py:4180} INFO - Setting next_dagrun for example_short_circuit_operator to None, run_after=None
[2025-03-16T19:18:29.428+0000] {processor.py:208} INFO - Processing /home/airflow/.local/lib/python3.12/site-packages/airflow/example_dags/example_short_circuit_operator.py took 0.106 seconds
[2025-03-16T19:18:59.632+0000] {processor.py:186} INFO - Started process (PID=90350) to work on /home/airflow/.local/lib/python3.12/site-packages/airflow/example_dags/example_short_circuit_operator.py
[2025-03-16T19:18:59.634+0000] {processor.py:914} INFO - Processing file /home/airflow/.local/lib/python3.12/site-packages/airflow/example_dags/example_short_circuit_operator.py for tasks to queue
[2025-03-16T19:18:59.636+0000] {logging_mixin.py:190} INFO - [2025-03-16T19:18:59.636+0000] {dagbag.py:588} INFO - Filling up the DagBag from /home/airflow/.local/lib/python3.12/site-packages/airflow/example_dags/example_short_circuit_operator.py
[2025-03-16T19:18:59.647+0000] {processor.py:925} INFO - DAG(s) 'example_short_circuit_operator' retrieved from /home/airflow/.local/lib/python3.12/site-packages/airflow/example_dags/example_short_circuit_operator.py
[2025-03-16T19:18:59.680+0000] {logging_mixin.py:190} INFO - [2025-03-16T19:18:59.680+0000] {dag.py:3239} INFO - Sync 1 DAGs
[2025-03-16T19:18:59.703+0000] {logging_mixin.py:190} INFO - [2025-03-16T19:18:59.702+0000] {dag.py:4180} INFO - Setting next_dagrun for example_short_circuit_operator to None, run_after=None
[2025-03-16T19:18:59.737+0000] {processor.py:208} INFO - Processing /home/airflow/.local/lib/python3.12/site-packages/airflow/example_dags/example_short_circuit_operator.py took 0.110 seconds
[2025-03-16T19:19:30.696+0000] {processor.py:186} INFO - Started process (PID=90415) to work on /home/airflow/.local/lib/python3.12/site-packages/airflow/example_dags/example_short_circuit_operator.py
[2025-03-16T19:19:30.697+0000] {processor.py:914} INFO - Processing file /home/airflow/.local/lib/python3.12/site-packages/airflow/example_dags/example_short_circuit_operator.py for tasks to queue
[2025-03-16T19:19:30.699+0000] {logging_mixin.py:190} INFO - [2025-03-16T19:19:30.698+0000] {dagbag.py:588} INFO - Filling up the DagBag from /home/airflow/.local/lib/python3.12/site-packages/airflow/example_dags/example_short_circuit_operator.py
[2025-03-16T19:19:30.707+0000] {processor.py:925} INFO - DAG(s) 'example_short_circuit_operator' retrieved from /home/airflow/.local/lib/python3.12/site-packages/airflow/example_dags/example_short_circuit_operator.py
[2025-03-16T19:19:30.744+0000] {logging_mixin.py:190} INFO - [2025-03-16T19:19:30.743+0000] {dag.py:3239} INFO - Sync 1 DAGs
[2025-03-16T19:19:30.762+0000] {logging_mixin.py:190} INFO - [2025-03-16T19:19:30.761+0000] {dag.py:4180} INFO - Setting next_dagrun for example_short_circuit_operator to None, run_after=None
[2025-03-16T19:19:30.788+0000] {processor.py:208} INFO - Processing /home/airflow/.local/lib/python3.12/site-packages/airflow/example_dags/example_short_circuit_operator.py took 0.099 seconds
[2025-03-16T19:20:00.944+0000] {processor.py:186} INFO - Started process (PID=90479) to work on /home/airflow/.local/lib/python3.12/site-packages/airflow/example_dags/example_short_circuit_operator.py
[2025-03-16T19:20:00.945+0000] {processor.py:914} INFO - Processing file /home/airflow/.local/lib/python3.12/site-packages/airflow/example_dags/example_short_circuit_operator.py for tasks to queue
[2025-03-16T19:20:00.946+0000] {logging_mixin.py:190} INFO - [2025-03-16T19:20:00.946+0000] {dagbag.py:588} INFO - Filling up the DagBag from /home/airflow/.local/lib/python3.12/site-packages/airflow/example_dags/example_short_circuit_operator.py
[2025-03-16T19:20:00.959+0000] {processor.py:925} INFO - DAG(s) 'example_short_circuit_operator' retrieved from /home/airflow/.local/lib/python3.12/site-packages/airflow/example_dags/example_short_circuit_operator.py
[2025-03-16T19:20:00.995+0000] {logging_mixin.py:190} INFO - [2025-03-16T19:20:00.995+0000] {dag.py:3239} INFO - Sync 1 DAGs
[2025-03-16T19:20:01.020+0000] {logging_mixin.py:190} INFO - [2025-03-16T19:20:01.019+0000] {dag.py:4180} INFO - Setting next_dagrun for example_short_circuit_operator to None, run_after=None
[2025-03-16T19:20:01.054+0000] {processor.py:208} INFO - Processing /home/airflow/.local/lib/python3.12/site-packages/airflow/example_dags/example_short_circuit_operator.py took 0.119 seconds
[2025-03-16T19:20:31.313+0000] {processor.py:186} INFO - Started process (PID=90543) to work on /home/airflow/.local/lib/python3.12/site-packages/airflow/example_dags/example_short_circuit_operator.py
[2025-03-16T19:20:31.314+0000] {processor.py:914} INFO - Processing file /home/airflow/.local/lib/python3.12/site-packages/airflow/example_dags/example_short_circuit_operator.py for tasks to queue
[2025-03-16T19:20:31.317+0000] {logging_mixin.py:190} INFO - [2025-03-16T19:20:31.316+0000] {dagbag.py:588} INFO - Filling up the DagBag from /home/airflow/.local/lib/python3.12/site-packages/airflow/example_dags/example_short_circuit_operator.py
[2025-03-16T19:20:31.327+0000] {processor.py:925} INFO - DAG(s) 'example_short_circuit_operator' retrieved from /home/airflow/.local/lib/python3.12/site-packages/airflow/example_dags/example_short_circuit_operator.py
[2025-03-16T19:20:31.361+0000] {logging_mixin.py:190} INFO - [2025-03-16T19:20:31.361+0000] {dag.py:3239} INFO - Sync 1 DAGs
[2025-03-16T19:20:31.379+0000] {logging_mixin.py:190} INFO - [2025-03-16T19:20:31.378+0000] {dag.py:4180} INFO - Setting next_dagrun for example_short_circuit_operator to None, run_after=None
[2025-03-16T19:20:31.405+0000] {processor.py:208} INFO - Processing /home/airflow/.local/lib/python3.12/site-packages/airflow/example_dags/example_short_circuit_operator.py took 0.099 seconds
[2025-03-16T19:21:02.457+0000] {processor.py:186} INFO - Started process (PID=90607) to work on /home/airflow/.local/lib/python3.12/site-packages/airflow/example_dags/example_short_circuit_operator.py
[2025-03-16T19:21:02.458+0000] {processor.py:914} INFO - Processing file /home/airflow/.local/lib/python3.12/site-packages/airflow/example_dags/example_short_circuit_operator.py for tasks to queue
[2025-03-16T19:21:02.460+0000] {logging_mixin.py:190} INFO - [2025-03-16T19:21:02.460+0000] {dagbag.py:588} INFO - Filling up the DagBag from /home/airflow/.local/lib/python3.12/site-packages/airflow/example_dags/example_short_circuit_operator.py
[2025-03-16T19:21:02.470+0000] {processor.py:925} INFO - DAG(s) 'example_short_circuit_operator' retrieved from /home/airflow/.local/lib/python3.12/site-packages/airflow/example_dags/example_short_circuit_operator.py
[2025-03-16T19:21:02.501+0000] {logging_mixin.py:190} INFO - [2025-03-16T19:21:02.501+0000] {dag.py:3239} INFO - Sync 1 DAGs
[2025-03-16T19:21:02.522+0000] {logging_mixin.py:190} INFO - [2025-03-16T19:21:02.522+0000] {dag.py:4180} INFO - Setting next_dagrun for example_short_circuit_operator to None, run_after=None
[2025-03-16T19:21:02.553+0000] {processor.py:208} INFO - Processing /home/airflow/.local/lib/python3.12/site-packages/airflow/example_dags/example_short_circuit_operator.py took 0.102 seconds
[2025-03-16T19:21:33.001+0000] {processor.py:186} INFO - Started process (PID=90671) to work on /home/airflow/.local/lib/python3.12/site-packages/airflow/example_dags/example_short_circuit_operator.py
[2025-03-16T19:21:33.002+0000] {processor.py:914} INFO - Processing file /home/airflow/.local/lib/python3.12/site-packages/airflow/example_dags/example_short_circuit_operator.py for tasks to queue
[2025-03-16T19:21:33.003+0000] {logging_mixin.py:190} INFO - [2025-03-16T19:21:33.003+0000] {dagbag.py:588} INFO - Filling up the DagBag from /home/airflow/.local/lib/python3.12/site-packages/airflow/example_dags/example_short_circuit_operator.py
[2025-03-16T19:21:33.017+0000] {processor.py:925} INFO - DAG(s) 'example_short_circuit_operator' retrieved from /home/airflow/.local/lib/python3.12/site-packages/airflow/example_dags/example_short_circuit_operator.py
[2025-03-16T19:21:33.053+0000] {logging_mixin.py:190} INFO - [2025-03-16T19:21:33.053+0000] {dag.py:3239} INFO - Sync 1 DAGs
[2025-03-16T19:21:33.078+0000] {logging_mixin.py:190} INFO - [2025-03-16T19:21:33.077+0000] {dag.py:4180} INFO - Setting next_dagrun for example_short_circuit_operator to None, run_after=None
[2025-03-16T19:21:33.110+0000] {processor.py:208} INFO - Processing /home/airflow/.local/lib/python3.12/site-packages/airflow/example_dags/example_short_circuit_operator.py took 0.117 seconds
[2025-03-16T19:22:03.400+0000] {processor.py:186} INFO - Started process (PID=90735) to work on /home/airflow/.local/lib/python3.12/site-packages/airflow/example_dags/example_short_circuit_operator.py
[2025-03-16T19:22:03.401+0000] {processor.py:914} INFO - Processing file /home/airflow/.local/lib/python3.12/site-packages/airflow/example_dags/example_short_circuit_operator.py for tasks to queue
[2025-03-16T19:22:03.402+0000] {logging_mixin.py:190} INFO - [2025-03-16T19:22:03.402+0000] {dagbag.py:588} INFO - Filling up the DagBag from /home/airflow/.local/lib/python3.12/site-packages/airflow/example_dags/example_short_circuit_operator.py
[2025-03-16T19:22:03.413+0000] {processor.py:925} INFO - DAG(s) 'example_short_circuit_operator' retrieved from /home/airflow/.local/lib/python3.12/site-packages/airflow/example_dags/example_short_circuit_operator.py
[2025-03-16T19:22:03.448+0000] {logging_mixin.py:190} INFO - [2025-03-16T19:22:03.447+0000] {dag.py:3239} INFO - Sync 1 DAGs
[2025-03-16T19:22:03.472+0000] {logging_mixin.py:190} INFO - [2025-03-16T19:22:03.471+0000] {dag.py:4180} INFO - Setting next_dagrun for example_short_circuit_operator to None, run_after=None
[2025-03-16T19:22:03.505+0000] {processor.py:208} INFO - Processing /home/airflow/.local/lib/python3.12/site-packages/airflow/example_dags/example_short_circuit_operator.py took 0.113 seconds
[2025-03-16T19:22:33.745+0000] {processor.py:186} INFO - Started process (PID=90799) to work on /home/airflow/.local/lib/python3.12/site-packages/airflow/example_dags/example_short_circuit_operator.py
[2025-03-16T19:22:33.747+0000] {processor.py:914} INFO - Processing file /home/airflow/.local/lib/python3.12/site-packages/airflow/example_dags/example_short_circuit_operator.py for tasks to queue
[2025-03-16T19:22:33.749+0000] {logging_mixin.py:190} INFO - [2025-03-16T19:22:33.748+0000] {dagbag.py:588} INFO - Filling up the DagBag from /home/airflow/.local/lib/python3.12/site-packages/airflow/example_dags/example_short_circuit_operator.py
[2025-03-16T19:22:33.762+0000] {processor.py:925} INFO - DAG(s) 'example_short_circuit_operator' retrieved from /home/airflow/.local/lib/python3.12/site-packages/airflow/example_dags/example_short_circuit_operator.py
[2025-03-16T19:22:33.806+0000] {logging_mixin.py:190} INFO - [2025-03-16T19:22:33.805+0000] {dag.py:3239} INFO - Sync 1 DAGs
[2025-03-16T19:22:33.832+0000] {logging_mixin.py:190} INFO - [2025-03-16T19:22:33.831+0000] {dag.py:4180} INFO - Setting next_dagrun for example_short_circuit_operator to None, run_after=None
[2025-03-16T19:22:33.867+0000] {processor.py:208} INFO - Processing /home/airflow/.local/lib/python3.12/site-packages/airflow/example_dags/example_short_circuit_operator.py took 0.131 seconds
[2025-03-16T19:23:04.285+0000] {processor.py:186} INFO - Started process (PID=90863) to work on /home/airflow/.local/lib/python3.12/site-packages/airflow/example_dags/example_short_circuit_operator.py
[2025-03-16T19:23:04.288+0000] {processor.py:914} INFO - Processing file /home/airflow/.local/lib/python3.12/site-packages/airflow/example_dags/example_short_circuit_operator.py for tasks to queue
[2025-03-16T19:23:04.291+0000] {logging_mixin.py:190} INFO - [2025-03-16T19:23:04.291+0000] {dagbag.py:588} INFO - Filling up the DagBag from /home/airflow/.local/lib/python3.12/site-packages/airflow/example_dags/example_short_circuit_operator.py
[2025-03-16T19:23:04.307+0000] {processor.py:925} INFO - DAG(s) 'example_short_circuit_operator' retrieved from /home/airflow/.local/lib/python3.12/site-packages/airflow/example_dags/example_short_circuit_operator.py
[2025-03-16T19:23:04.350+0000] {logging_mixin.py:190} INFO - [2025-03-16T19:23:04.350+0000] {dag.py:3239} INFO - Sync 1 DAGs
[2025-03-16T19:23:04.378+0000] {logging_mixin.py:190} INFO - [2025-03-16T19:23:04.377+0000] {dag.py:4180} INFO - Setting next_dagrun for example_short_circuit_operator to None, run_after=None
[2025-03-16T19:23:04.413+0000] {processor.py:208} INFO - Processing /home/airflow/.local/lib/python3.12/site-packages/airflow/example_dags/example_short_circuit_operator.py took 0.137 seconds
[2025-03-16T19:23:35.473+0000] {processor.py:186} INFO - Started process (PID=90927) to work on /home/airflow/.local/lib/python3.12/site-packages/airflow/example_dags/example_short_circuit_operator.py
[2025-03-16T19:23:35.475+0000] {processor.py:914} INFO - Processing file /home/airflow/.local/lib/python3.12/site-packages/airflow/example_dags/example_short_circuit_operator.py for tasks to queue
[2025-03-16T19:23:35.477+0000] {logging_mixin.py:190} INFO - [2025-03-16T19:23:35.477+0000] {dagbag.py:588} INFO - Filling up the DagBag from /home/airflow/.local/lib/python3.12/site-packages/airflow/example_dags/example_short_circuit_operator.py
[2025-03-16T19:23:35.491+0000] {processor.py:925} INFO - DAG(s) 'example_short_circuit_operator' retrieved from /home/airflow/.local/lib/python3.12/site-packages/airflow/example_dags/example_short_circuit_operator.py
[2025-03-16T19:23:35.533+0000] {logging_mixin.py:190} INFO - [2025-03-16T19:23:35.533+0000] {dag.py:3239} INFO - Sync 1 DAGs
[2025-03-16T19:23:35.557+0000] {logging_mixin.py:190} INFO - [2025-03-16T19:23:35.556+0000] {dag.py:4180} INFO - Setting next_dagrun for example_short_circuit_operator to None, run_after=None
[2025-03-16T19:23:35.590+0000] {processor.py:208} INFO - Processing /home/airflow/.local/lib/python3.12/site-packages/airflow/example_dags/example_short_circuit_operator.py took 0.124 seconds
[2025-03-16T19:24:06.490+0000] {processor.py:186} INFO - Started process (PID=90990) to work on /home/airflow/.local/lib/python3.12/site-packages/airflow/example_dags/example_short_circuit_operator.py
[2025-03-16T19:24:06.492+0000] {processor.py:914} INFO - Processing file /home/airflow/.local/lib/python3.12/site-packages/airflow/example_dags/example_short_circuit_operator.py for tasks to queue
[2025-03-16T19:24:06.494+0000] {logging_mixin.py:190} INFO - [2025-03-16T19:24:06.494+0000] {dagbag.py:588} INFO - Filling up the DagBag from /home/airflow/.local/lib/python3.12/site-packages/airflow/example_dags/example_short_circuit_operator.py
[2025-03-16T19:24:06.513+0000] {processor.py:925} INFO - DAG(s) 'example_short_circuit_operator' retrieved from /home/airflow/.local/lib/python3.12/site-packages/airflow/example_dags/example_short_circuit_operator.py
[2025-03-16T19:24:06.554+0000] {logging_mixin.py:190} INFO - [2025-03-16T19:24:06.554+0000] {dag.py:3239} INFO - Sync 1 DAGs
[2025-03-16T19:24:06.581+0000] {logging_mixin.py:190} INFO - [2025-03-16T19:24:06.581+0000] {dag.py:4180} INFO - Setting next_dagrun for example_short_circuit_operator to None, run_after=None
[2025-03-16T19:24:06.613+0000] {processor.py:208} INFO - Processing /home/airflow/.local/lib/python3.12/site-packages/airflow/example_dags/example_short_circuit_operator.py took 0.133 seconds
[2025-03-16T19:24:38.673+0000] {processor.py:186} INFO - Started process (PID=91056) to work on /home/airflow/.local/lib/python3.12/site-packages/airflow/example_dags/example_short_circuit_operator.py
[2025-03-16T19:24:38.675+0000] {processor.py:914} INFO - Processing file /home/airflow/.local/lib/python3.12/site-packages/airflow/example_dags/example_short_circuit_operator.py for tasks to queue
[2025-03-16T19:24:38.678+0000] {logging_mixin.py:190} INFO - [2025-03-16T19:24:38.677+0000] {dagbag.py:588} INFO - Filling up the DagBag from /home/airflow/.local/lib/python3.12/site-packages/airflow/example_dags/example_short_circuit_operator.py
[2025-03-16T19:24:38.694+0000] {processor.py:925} INFO - DAG(s) 'example_short_circuit_operator' retrieved from /home/airflow/.local/lib/python3.12/site-packages/airflow/example_dags/example_short_circuit_operator.py
[2025-03-16T19:24:38.738+0000] {logging_mixin.py:190} INFO - [2025-03-16T19:24:38.738+0000] {dag.py:3239} INFO - Sync 1 DAGs
[2025-03-16T19:24:38.765+0000] {logging_mixin.py:190} INFO - [2025-03-16T19:24:38.765+0000] {dag.py:4180} INFO - Setting next_dagrun for example_short_circuit_operator to None, run_after=None
[2025-03-16T19:24:38.801+0000] {processor.py:208} INFO - Processing /home/airflow/.local/lib/python3.12/site-packages/airflow/example_dags/example_short_circuit_operator.py took 0.138 seconds
[2025-03-16T19:25:11.375+0000] {processor.py:186} INFO - Started process (PID=91125) to work on /home/airflow/.local/lib/python3.12/site-packages/airflow/example_dags/example_short_circuit_operator.py
[2025-03-16T19:25:11.377+0000] {processor.py:914} INFO - Processing file /home/airflow/.local/lib/python3.12/site-packages/airflow/example_dags/example_short_circuit_operator.py for tasks to queue
[2025-03-16T19:25:11.379+0000] {logging_mixin.py:190} INFO - [2025-03-16T19:25:11.379+0000] {dagbag.py:588} INFO - Filling up the DagBag from /home/airflow/.local/lib/python3.12/site-packages/airflow/example_dags/example_short_circuit_operator.py
[2025-03-16T19:25:11.395+0000] {processor.py:925} INFO - DAG(s) 'example_short_circuit_operator' retrieved from /home/airflow/.local/lib/python3.12/site-packages/airflow/example_dags/example_short_circuit_operator.py
[2025-03-16T19:25:11.444+0000] {logging_mixin.py:190} INFO - [2025-03-16T19:25:11.444+0000] {dag.py:3239} INFO - Sync 1 DAGs
[2025-03-16T19:25:11.478+0000] {logging_mixin.py:190} INFO - [2025-03-16T19:25:11.478+0000] {dag.py:4180} INFO - Setting next_dagrun for example_short_circuit_operator to None, run_after=None
[2025-03-16T19:25:11.517+0000] {processor.py:208} INFO - Processing /home/airflow/.local/lib/python3.12/site-packages/airflow/example_dags/example_short_circuit_operator.py took 0.154 seconds
[2025-03-16T19:25:42.894+0000] {processor.py:186} INFO - Started process (PID=91189) to work on /home/airflow/.local/lib/python3.12/site-packages/airflow/example_dags/example_short_circuit_operator.py
[2025-03-16T19:25:42.896+0000] {processor.py:914} INFO - Processing file /home/airflow/.local/lib/python3.12/site-packages/airflow/example_dags/example_short_circuit_operator.py for tasks to queue
[2025-03-16T19:25:42.898+0000] {logging_mixin.py:190} INFO - [2025-03-16T19:25:42.897+0000] {dagbag.py:588} INFO - Filling up the DagBag from /home/airflow/.local/lib/python3.12/site-packages/airflow/example_dags/example_short_circuit_operator.py
[2025-03-16T19:25:42.915+0000] {processor.py:925} INFO - DAG(s) 'example_short_circuit_operator' retrieved from /home/airflow/.local/lib/python3.12/site-packages/airflow/example_dags/example_short_circuit_operator.py
[2025-03-16T19:25:42.959+0000] {logging_mixin.py:190} INFO - [2025-03-16T19:25:42.958+0000] {dag.py:3239} INFO - Sync 1 DAGs
[2025-03-16T19:25:42.984+0000] {logging_mixin.py:190} INFO - [2025-03-16T19:25:42.984+0000] {dag.py:4180} INFO - Setting next_dagrun for example_short_circuit_operator to None, run_after=None
[2025-03-16T19:25:43.021+0000] {processor.py:208} INFO - Processing /home/airflow/.local/lib/python3.12/site-packages/airflow/example_dags/example_short_circuit_operator.py took 0.138 seconds
[2025-03-16T19:26:14.116+0000] {processor.py:186} INFO - Started process (PID=91254) to work on /home/airflow/.local/lib/python3.12/site-packages/airflow/example_dags/example_short_circuit_operator.py
[2025-03-16T19:26:14.118+0000] {processor.py:914} INFO - Processing file /home/airflow/.local/lib/python3.12/site-packages/airflow/example_dags/example_short_circuit_operator.py for tasks to queue
[2025-03-16T19:26:14.121+0000] {logging_mixin.py:190} INFO - [2025-03-16T19:26:14.120+0000] {dagbag.py:588} INFO - Filling up the DagBag from /home/airflow/.local/lib/python3.12/site-packages/airflow/example_dags/example_short_circuit_operator.py
[2025-03-16T19:26:14.137+0000] {processor.py:925} INFO - DAG(s) 'example_short_circuit_operator' retrieved from /home/airflow/.local/lib/python3.12/site-packages/airflow/example_dags/example_short_circuit_operator.py
[2025-03-16T19:26:14.181+0000] {logging_mixin.py:190} INFO - [2025-03-16T19:26:14.180+0000] {dag.py:3239} INFO - Sync 1 DAGs
[2025-03-16T19:26:14.210+0000] {logging_mixin.py:190} INFO - [2025-03-16T19:26:14.209+0000] {dag.py:4180} INFO - Setting next_dagrun for example_short_circuit_operator to None, run_after=None
[2025-03-16T19:26:14.253+0000] {processor.py:208} INFO - Processing /home/airflow/.local/lib/python3.12/site-packages/airflow/example_dags/example_short_circuit_operator.py took 0.148 seconds
[2025-03-16T19:26:45.342+0000] {processor.py:186} INFO - Started process (PID=91318) to work on /home/airflow/.local/lib/python3.12/site-packages/airflow/example_dags/example_short_circuit_operator.py
[2025-03-16T19:26:45.343+0000] {processor.py:914} INFO - Processing file /home/airflow/.local/lib/python3.12/site-packages/airflow/example_dags/example_short_circuit_operator.py for tasks to queue
[2025-03-16T19:26:45.345+0000] {logging_mixin.py:190} INFO - [2025-03-16T19:26:45.345+0000] {dagbag.py:588} INFO - Filling up the DagBag from /home/airflow/.local/lib/python3.12/site-packages/airflow/example_dags/example_short_circuit_operator.py
[2025-03-16T19:26:45.363+0000] {processor.py:925} INFO - DAG(s) 'example_short_circuit_operator' retrieved from /home/airflow/.local/lib/python3.12/site-packages/airflow/example_dags/example_short_circuit_operator.py
[2025-03-16T19:26:45.410+0000] {logging_mixin.py:190} INFO - [2025-03-16T19:26:45.409+0000] {dag.py:3239} INFO - Sync 1 DAGs
[2025-03-16T19:26:45.444+0000] {logging_mixin.py:190} INFO - [2025-03-16T19:26:45.443+0000] {dag.py:4180} INFO - Setting next_dagrun for example_short_circuit_operator to None, run_after=None
[2025-03-16T19:26:45.476+0000] {processor.py:208} INFO - Processing /home/airflow/.local/lib/python3.12/site-packages/airflow/example_dags/example_short_circuit_operator.py took 0.144 seconds
[2025-03-16T19:27:16.475+0000] {processor.py:186} INFO - Started process (PID=91382) to work on /home/airflow/.local/lib/python3.12/site-packages/airflow/example_dags/example_short_circuit_operator.py
[2025-03-16T19:27:16.477+0000] {processor.py:914} INFO - Processing file /home/airflow/.local/lib/python3.12/site-packages/airflow/example_dags/example_short_circuit_operator.py for tasks to queue
[2025-03-16T19:27:16.481+0000] {logging_mixin.py:190} INFO - [2025-03-16T19:27:16.480+0000] {dagbag.py:588} INFO - Filling up the DagBag from /home/airflow/.local/lib/python3.12/site-packages/airflow/example_dags/example_short_circuit_operator.py
[2025-03-16T19:27:16.496+0000] {processor.py:925} INFO - DAG(s) 'example_short_circuit_operator' retrieved from /home/airflow/.local/lib/python3.12/site-packages/airflow/example_dags/example_short_circuit_operator.py
[2025-03-16T19:27:16.535+0000] {logging_mixin.py:190} INFO - [2025-03-16T19:27:16.535+0000] {dag.py:3239} INFO - Sync 1 DAGs
[2025-03-16T19:27:16.560+0000] {logging_mixin.py:190} INFO - [2025-03-16T19:27:16.560+0000] {dag.py:4180} INFO - Setting next_dagrun for example_short_circuit_operator to None, run_after=None
[2025-03-16T19:27:16.590+0000] {processor.py:208} INFO - Processing /home/airflow/.local/lib/python3.12/site-packages/airflow/example_dags/example_short_circuit_operator.py took 0.125 seconds
[2025-03-16T19:27:47.719+0000] {processor.py:186} INFO - Started process (PID=91447) to work on /home/airflow/.local/lib/python3.12/site-packages/airflow/example_dags/example_short_circuit_operator.py
[2025-03-16T19:27:47.721+0000] {processor.py:914} INFO - Processing file /home/airflow/.local/lib/python3.12/site-packages/airflow/example_dags/example_short_circuit_operator.py for tasks to queue
[2025-03-16T19:27:47.725+0000] {logging_mixin.py:190} INFO - [2025-03-16T19:27:47.724+0000] {dagbag.py:588} INFO - Filling up the DagBag from /home/airflow/.local/lib/python3.12/site-packages/airflow/example_dags/example_short_circuit_operator.py
[2025-03-16T19:27:47.739+0000] {processor.py:925} INFO - DAG(s) 'example_short_circuit_operator' retrieved from /home/airflow/.local/lib/python3.12/site-packages/airflow/example_dags/example_short_circuit_operator.py
[2025-03-16T19:27:47.783+0000] {logging_mixin.py:190} INFO - [2025-03-16T19:27:47.782+0000] {dag.py:3239} INFO - Sync 1 DAGs
[2025-03-16T19:27:47.810+0000] {logging_mixin.py:190} INFO - [2025-03-16T19:27:47.809+0000] {dag.py:4180} INFO - Setting next_dagrun for example_short_circuit_operator to None, run_after=None
[2025-03-16T19:27:47.846+0000] {processor.py:208} INFO - Processing /home/airflow/.local/lib/python3.12/site-packages/airflow/example_dags/example_short_circuit_operator.py took 0.136 seconds
[2025-03-16T19:28:18.032+0000] {processor.py:186} INFO - Started process (PID=91510) to work on /home/airflow/.local/lib/python3.12/site-packages/airflow/example_dags/example_short_circuit_operator.py
[2025-03-16T19:28:18.035+0000] {processor.py:914} INFO - Processing file /home/airflow/.local/lib/python3.12/site-packages/airflow/example_dags/example_short_circuit_operator.py for tasks to queue
[2025-03-16T19:28:18.039+0000] {logging_mixin.py:190} INFO - [2025-03-16T19:28:18.038+0000] {dagbag.py:588} INFO - Filling up the DagBag from /home/airflow/.local/lib/python3.12/site-packages/airflow/example_dags/example_short_circuit_operator.py
[2025-03-16T19:28:18.062+0000] {processor.py:925} INFO - DAG(s) 'example_short_circuit_operator' retrieved from /home/airflow/.local/lib/python3.12/site-packages/airflow/example_dags/example_short_circuit_operator.py
[2025-03-16T19:28:18.120+0000] {logging_mixin.py:190} INFO - [2025-03-16T19:28:18.119+0000] {dag.py:3239} INFO - Sync 1 DAGs
[2025-03-16T19:28:18.156+0000] {logging_mixin.py:190} INFO - [2025-03-16T19:28:18.156+0000] {dag.py:4180} INFO - Setting next_dagrun for example_short_circuit_operator to None, run_after=None
[2025-03-16T19:28:18.199+0000] {processor.py:208} INFO - Processing /home/airflow/.local/lib/python3.12/site-packages/airflow/example_dags/example_short_circuit_operator.py took 0.188 seconds
[2025-03-16T19:28:48.641+0000] {processor.py:186} INFO - Started process (PID=91573) to work on /home/airflow/.local/lib/python3.12/site-packages/airflow/example_dags/example_short_circuit_operator.py
[2025-03-16T19:28:48.642+0000] {processor.py:914} INFO - Processing file /home/airflow/.local/lib/python3.12/site-packages/airflow/example_dags/example_short_circuit_operator.py for tasks to queue
[2025-03-16T19:28:48.645+0000] {logging_mixin.py:190} INFO - [2025-03-16T19:28:48.644+0000] {dagbag.py:588} INFO - Filling up the DagBag from /home/airflow/.local/lib/python3.12/site-packages/airflow/example_dags/example_short_circuit_operator.py
[2025-03-16T19:28:48.674+0000] {processor.py:925} INFO - DAG(s) 'example_short_circuit_operator' retrieved from /home/airflow/.local/lib/python3.12/site-packages/airflow/example_dags/example_short_circuit_operator.py
[2025-03-16T19:28:48.731+0000] {logging_mixin.py:190} INFO - [2025-03-16T19:28:48.730+0000] {dag.py:3239} INFO - Sync 1 DAGs
[2025-03-16T19:28:48.758+0000] {logging_mixin.py:190} INFO - [2025-03-16T19:28:48.758+0000] {dag.py:4180} INFO - Setting next_dagrun for example_short_circuit_operator to None, run_after=None
[2025-03-16T19:28:48.799+0000] {processor.py:208} INFO - Processing /home/airflow/.local/lib/python3.12/site-packages/airflow/example_dags/example_short_circuit_operator.py took 0.171 seconds
[2025-03-16T19:29:19.115+0000] {processor.py:186} INFO - Started process (PID=91638) to work on /home/airflow/.local/lib/python3.12/site-packages/airflow/example_dags/example_short_circuit_operator.py
[2025-03-16T19:29:19.117+0000] {processor.py:914} INFO - Processing file /home/airflow/.local/lib/python3.12/site-packages/airflow/example_dags/example_short_circuit_operator.py for tasks to queue
[2025-03-16T19:29:19.121+0000] {logging_mixin.py:190} INFO - [2025-03-16T19:29:19.120+0000] {dagbag.py:588} INFO - Filling up the DagBag from /home/airflow/.local/lib/python3.12/site-packages/airflow/example_dags/example_short_circuit_operator.py
[2025-03-16T19:29:19.137+0000] {processor.py:925} INFO - DAG(s) 'example_short_circuit_operator' retrieved from /home/airflow/.local/lib/python3.12/site-packages/airflow/example_dags/example_short_circuit_operator.py
[2025-03-16T19:29:19.179+0000] {logging_mixin.py:190} INFO - [2025-03-16T19:29:19.179+0000] {dag.py:3239} INFO - Sync 1 DAGs
[2025-03-16T19:29:19.210+0000] {logging_mixin.py:190} INFO - [2025-03-16T19:29:19.209+0000] {dag.py:4180} INFO - Setting next_dagrun for example_short_circuit_operator to None, run_after=None
[2025-03-16T19:29:19.247+0000] {processor.py:208} INFO - Processing /home/airflow/.local/lib/python3.12/site-packages/airflow/example_dags/example_short_circuit_operator.py took 0.142 seconds
[2025-03-16T19:29:51.678+0000] {processor.py:186} INFO - Started process (PID=91702) to work on /home/airflow/.local/lib/python3.12/site-packages/airflow/example_dags/example_short_circuit_operator.py
[2025-03-16T19:29:51.679+0000] {processor.py:914} INFO - Processing file /home/airflow/.local/lib/python3.12/site-packages/airflow/example_dags/example_short_circuit_operator.py for tasks to queue
[2025-03-16T19:29:51.682+0000] {logging_mixin.py:190} INFO - [2025-03-16T19:29:51.681+0000] {dagbag.py:588} INFO - Filling up the DagBag from /home/airflow/.local/lib/python3.12/site-packages/airflow/example_dags/example_short_circuit_operator.py
[2025-03-16T19:29:51.698+0000] {processor.py:925} INFO - DAG(s) 'example_short_circuit_operator' retrieved from /home/airflow/.local/lib/python3.12/site-packages/airflow/example_dags/example_short_circuit_operator.py
[2025-03-16T19:29:51.742+0000] {logging_mixin.py:190} INFO - [2025-03-16T19:29:51.741+0000] {dag.py:3239} INFO - Sync 1 DAGs
[2025-03-16T19:29:52.060+0000] {logging_mixin.py:190} INFO - [2025-03-16T19:29:52.059+0000] {dag.py:4180} INFO - Setting next_dagrun for example_short_circuit_operator to None, run_after=None
[2025-03-16T19:29:52.095+0000] {processor.py:208} INFO - Processing /home/airflow/.local/lib/python3.12/site-packages/airflow/example_dags/example_short_circuit_operator.py took 0.428 seconds
[2025-03-16T19:30:23.330+0000] {processor.py:186} INFO - Started process (PID=91768) to work on /home/airflow/.local/lib/python3.12/site-packages/airflow/example_dags/example_short_circuit_operator.py
[2025-03-16T19:30:23.332+0000] {processor.py:914} INFO - Processing file /home/airflow/.local/lib/python3.12/site-packages/airflow/example_dags/example_short_circuit_operator.py for tasks to queue
[2025-03-16T19:30:23.334+0000] {logging_mixin.py:190} INFO - [2025-03-16T19:30:23.334+0000] {dagbag.py:588} INFO - Filling up the DagBag from /home/airflow/.local/lib/python3.12/site-packages/airflow/example_dags/example_short_circuit_operator.py
[2025-03-16T19:30:23.351+0000] {processor.py:925} INFO - DAG(s) 'example_short_circuit_operator' retrieved from /home/airflow/.local/lib/python3.12/site-packages/airflow/example_dags/example_short_circuit_operator.py
[2025-03-16T19:30:23.410+0000] {logging_mixin.py:190} INFO - [2025-03-16T19:30:23.410+0000] {dag.py:3239} INFO - Sync 1 DAGs
[2025-03-16T19:30:23.448+0000] {logging_mixin.py:190} INFO - [2025-03-16T19:30:23.447+0000] {dag.py:4180} INFO - Setting next_dagrun for example_short_circuit_operator to None, run_after=None
[2025-03-16T19:30:23.499+0000] {processor.py:208} INFO - Processing /home/airflow/.local/lib/python3.12/site-packages/airflow/example_dags/example_short_circuit_operator.py took 0.179 seconds
[2025-03-16T19:30:54.519+0000] {processor.py:186} INFO - Started process (PID=91833) to work on /home/airflow/.local/lib/python3.12/site-packages/airflow/example_dags/example_short_circuit_operator.py
[2025-03-16T19:30:54.521+0000] {processor.py:914} INFO - Processing file /home/airflow/.local/lib/python3.12/site-packages/airflow/example_dags/example_short_circuit_operator.py for tasks to queue
[2025-03-16T19:30:54.523+0000] {logging_mixin.py:190} INFO - [2025-03-16T19:30:54.523+0000] {dagbag.py:588} INFO - Filling up the DagBag from /home/airflow/.local/lib/python3.12/site-packages/airflow/example_dags/example_short_circuit_operator.py
[2025-03-16T19:30:54.539+0000] {processor.py:925} INFO - DAG(s) 'example_short_circuit_operator' retrieved from /home/airflow/.local/lib/python3.12/site-packages/airflow/example_dags/example_short_circuit_operator.py
[2025-03-16T19:30:54.580+0000] {logging_mixin.py:190} INFO - [2025-03-16T19:30:54.580+0000] {dag.py:3239} INFO - Sync 1 DAGs
[2025-03-16T19:30:54.612+0000] {logging_mixin.py:190} INFO - [2025-03-16T19:30:54.612+0000] {dag.py:4180} INFO - Setting next_dagrun for example_short_circuit_operator to None, run_after=None
[2025-03-16T19:30:54.650+0000] {processor.py:208} INFO - Processing /home/airflow/.local/lib/python3.12/site-packages/airflow/example_dags/example_short_circuit_operator.py took 0.142 seconds
[2025-03-16T19:31:24.757+0000] {processor.py:186} INFO - Started process (PID=91897) to work on /home/airflow/.local/lib/python3.12/site-packages/airflow/example_dags/example_short_circuit_operator.py
[2025-03-16T19:31:24.759+0000] {processor.py:914} INFO - Processing file /home/airflow/.local/lib/python3.12/site-packages/airflow/example_dags/example_short_circuit_operator.py for tasks to queue
[2025-03-16T19:31:24.765+0000] {logging_mixin.py:190} INFO - [2025-03-16T19:31:24.764+0000] {dagbag.py:588} INFO - Filling up the DagBag from /home/airflow/.local/lib/python3.12/site-packages/airflow/example_dags/example_short_circuit_operator.py
[2025-03-16T19:31:24.780+0000] {processor.py:925} INFO - DAG(s) 'example_short_circuit_operator' retrieved from /home/airflow/.local/lib/python3.12/site-packages/airflow/example_dags/example_short_circuit_operator.py
[2025-03-16T19:31:24.823+0000] {logging_mixin.py:190} INFO - [2025-03-16T19:31:24.822+0000] {dag.py:3239} INFO - Sync 1 DAGs
[2025-03-16T19:31:24.849+0000] {logging_mixin.py:190} INFO - [2025-03-16T19:31:24.849+0000] {dag.py:4180} INFO - Setting next_dagrun for example_short_circuit_operator to None, run_after=None
[2025-03-16T19:31:24.885+0000] {processor.py:208} INFO - Processing /home/airflow/.local/lib/python3.12/site-packages/airflow/example_dags/example_short_circuit_operator.py took 0.137 seconds
[2025-03-16T19:31:55.335+0000] {processor.py:186} INFO - Started process (PID=91961) to work on /home/airflow/.local/lib/python3.12/site-packages/airflow/example_dags/example_short_circuit_operator.py
[2025-03-16T19:31:55.337+0000] {processor.py:914} INFO - Processing file /home/airflow/.local/lib/python3.12/site-packages/airflow/example_dags/example_short_circuit_operator.py for tasks to queue
[2025-03-16T19:31:55.340+0000] {logging_mixin.py:190} INFO - [2025-03-16T19:31:55.340+0000] {dagbag.py:588} INFO - Filling up the DagBag from /home/airflow/.local/lib/python3.12/site-packages/airflow/example_dags/example_short_circuit_operator.py
[2025-03-16T19:31:55.358+0000] {processor.py:925} INFO - DAG(s) 'example_short_circuit_operator' retrieved from /home/airflow/.local/lib/python3.12/site-packages/airflow/example_dags/example_short_circuit_operator.py
[2025-03-16T19:31:55.400+0000] {logging_mixin.py:190} INFO - [2025-03-16T19:31:55.400+0000] {dag.py:3239} INFO - Sync 1 DAGs
[2025-03-16T19:31:55.431+0000] {logging_mixin.py:190} INFO - [2025-03-16T19:31:55.430+0000] {dag.py:4180} INFO - Setting next_dagrun for example_short_circuit_operator to None, run_after=None
[2025-03-16T19:31:55.465+0000] {processor.py:208} INFO - Processing /home/airflow/.local/lib/python3.12/site-packages/airflow/example_dags/example_short_circuit_operator.py took 0.139 seconds
[2025-03-16T19:32:25.858+0000] {processor.py:186} INFO - Started process (PID=92025) to work on /home/airflow/.local/lib/python3.12/site-packages/airflow/example_dags/example_short_circuit_operator.py
[2025-03-16T19:32:25.860+0000] {processor.py:914} INFO - Processing file /home/airflow/.local/lib/python3.12/site-packages/airflow/example_dags/example_short_circuit_operator.py for tasks to queue
[2025-03-16T19:32:25.862+0000] {logging_mixin.py:190} INFO - [2025-03-16T19:32:25.862+0000] {dagbag.py:588} INFO - Filling up the DagBag from /home/airflow/.local/lib/python3.12/site-packages/airflow/example_dags/example_short_circuit_operator.py
[2025-03-16T19:32:25.879+0000] {processor.py:925} INFO - DAG(s) 'example_short_circuit_operator' retrieved from /home/airflow/.local/lib/python3.12/site-packages/airflow/example_dags/example_short_circuit_operator.py
[2025-03-16T19:32:25.924+0000] {logging_mixin.py:190} INFO - [2025-03-16T19:32:25.923+0000] {dag.py:3239} INFO - Sync 1 DAGs
[2025-03-16T19:32:25.954+0000] {logging_mixin.py:190} INFO - [2025-03-16T19:32:25.952+0000] {dag.py:4180} INFO - Setting next_dagrun for example_short_circuit_operator to None, run_after=None
[2025-03-16T19:32:25.992+0000] {processor.py:208} INFO - Processing /home/airflow/.local/lib/python3.12/site-packages/airflow/example_dags/example_short_circuit_operator.py took 0.147 seconds
[2025-03-16T19:32:56.160+0000] {processor.py:186} INFO - Started process (PID=92088) to work on /home/airflow/.local/lib/python3.12/site-packages/airflow/example_dags/example_short_circuit_operator.py
[2025-03-16T19:32:56.162+0000] {processor.py:914} INFO - Processing file /home/airflow/.local/lib/python3.12/site-packages/airflow/example_dags/example_short_circuit_operator.py for tasks to queue
[2025-03-16T19:32:56.164+0000] {logging_mixin.py:190} INFO - [2025-03-16T19:32:56.164+0000] {dagbag.py:588} INFO - Filling up the DagBag from /home/airflow/.local/lib/python3.12/site-packages/airflow/example_dags/example_short_circuit_operator.py
[2025-03-16T19:32:56.179+0000] {processor.py:925} INFO - DAG(s) 'example_short_circuit_operator' retrieved from /home/airflow/.local/lib/python3.12/site-packages/airflow/example_dags/example_short_circuit_operator.py
[2025-03-16T19:32:56.229+0000] {logging_mixin.py:190} INFO - [2025-03-16T19:32:56.228+0000] {dag.py:3239} INFO - Sync 1 DAGs
[2025-03-16T19:32:56.262+0000] {logging_mixin.py:190} INFO - [2025-03-16T19:32:56.261+0000] {dag.py:4180} INFO - Setting next_dagrun for example_short_circuit_operator to None, run_after=None
[2025-03-16T19:32:56.298+0000] {processor.py:208} INFO - Processing /home/airflow/.local/lib/python3.12/site-packages/airflow/example_dags/example_short_circuit_operator.py took 0.148 seconds
[2025-03-16T19:33:26.393+0000] {processor.py:186} INFO - Started process (PID=92151) to work on /home/airflow/.local/lib/python3.12/site-packages/airflow/example_dags/example_short_circuit_operator.py
[2025-03-16T19:33:26.396+0000] {processor.py:914} INFO - Processing file /home/airflow/.local/lib/python3.12/site-packages/airflow/example_dags/example_short_circuit_operator.py for tasks to queue
[2025-03-16T19:33:26.398+0000] {logging_mixin.py:190} INFO - [2025-03-16T19:33:26.397+0000] {dagbag.py:588} INFO - Filling up the DagBag from /home/airflow/.local/lib/python3.12/site-packages/airflow/example_dags/example_short_circuit_operator.py
[2025-03-16T19:33:26.412+0000] {processor.py:925} INFO - DAG(s) 'example_short_circuit_operator' retrieved from /home/airflow/.local/lib/python3.12/site-packages/airflow/example_dags/example_short_circuit_operator.py
[2025-03-16T19:33:26.455+0000] {logging_mixin.py:190} INFO - [2025-03-16T19:33:26.455+0000] {dag.py:3239} INFO - Sync 1 DAGs
[2025-03-16T19:33:26.476+0000] {logging_mixin.py:190} INFO - [2025-03-16T19:33:26.476+0000] {dag.py:4180} INFO - Setting next_dagrun for example_short_circuit_operator to None, run_after=None
[2025-03-16T19:33:26.510+0000] {processor.py:208} INFO - Processing /home/airflow/.local/lib/python3.12/site-packages/airflow/example_dags/example_short_circuit_operator.py took 0.128 seconds
[2025-03-16T19:33:56.798+0000] {processor.py:186} INFO - Started process (PID=92215) to work on /home/airflow/.local/lib/python3.12/site-packages/airflow/example_dags/example_short_circuit_operator.py
[2025-03-16T19:33:56.801+0000] {processor.py:914} INFO - Processing file /home/airflow/.local/lib/python3.12/site-packages/airflow/example_dags/example_short_circuit_operator.py for tasks to queue
[2025-03-16T19:33:56.805+0000] {logging_mixin.py:190} INFO - [2025-03-16T19:33:56.804+0000] {dagbag.py:588} INFO - Filling up the DagBag from /home/airflow/.local/lib/python3.12/site-packages/airflow/example_dags/example_short_circuit_operator.py
[2025-03-16T19:33:56.819+0000] {processor.py:925} INFO - DAG(s) 'example_short_circuit_operator' retrieved from /home/airflow/.local/lib/python3.12/site-packages/airflow/example_dags/example_short_circuit_operator.py
[2025-03-16T19:33:56.869+0000] {logging_mixin.py:190} INFO - [2025-03-16T19:33:56.868+0000] {dag.py:3239} INFO - Sync 1 DAGs
[2025-03-16T19:33:56.897+0000] {logging_mixin.py:190} INFO - [2025-03-16T19:33:56.897+0000] {dag.py:4180} INFO - Setting next_dagrun for example_short_circuit_operator to None, run_after=None
[2025-03-16T19:33:56.934+0000] {processor.py:208} INFO - Processing /home/airflow/.local/lib/python3.12/site-packages/airflow/example_dags/example_short_circuit_operator.py took 0.145 seconds
[2025-03-16T19:34:27.505+0000] {processor.py:186} INFO - Started process (PID=92279) to work on /home/airflow/.local/lib/python3.12/site-packages/airflow/example_dags/example_short_circuit_operator.py
[2025-03-16T19:34:27.507+0000] {processor.py:914} INFO - Processing file /home/airflow/.local/lib/python3.12/site-packages/airflow/example_dags/example_short_circuit_operator.py for tasks to queue
[2025-03-16T19:34:27.509+0000] {logging_mixin.py:190} INFO - [2025-03-16T19:34:27.508+0000] {dagbag.py:588} INFO - Filling up the DagBag from /home/airflow/.local/lib/python3.12/site-packages/airflow/example_dags/example_short_circuit_operator.py
[2025-03-16T19:34:27.522+0000] {processor.py:925} INFO - DAG(s) 'example_short_circuit_operator' retrieved from /home/airflow/.local/lib/python3.12/site-packages/airflow/example_dags/example_short_circuit_operator.py
[2025-03-16T19:34:27.562+0000] {logging_mixin.py:190} INFO - [2025-03-16T19:34:27.561+0000] {dag.py:3239} INFO - Sync 1 DAGs
[2025-03-16T19:34:27.585+0000] {logging_mixin.py:190} INFO - [2025-03-16T19:34:27.584+0000] {dag.py:4180} INFO - Setting next_dagrun for example_short_circuit_operator to None, run_after=None
[2025-03-16T19:34:27.617+0000] {processor.py:208} INFO - Processing /home/airflow/.local/lib/python3.12/site-packages/airflow/example_dags/example_short_circuit_operator.py took 0.122 seconds
[2025-03-16T19:34:58.154+0000] {processor.py:186} INFO - Started process (PID=92344) to work on /home/airflow/.local/lib/python3.12/site-packages/airflow/example_dags/example_short_circuit_operator.py
[2025-03-16T19:34:58.156+0000] {processor.py:914} INFO - Processing file /home/airflow/.local/lib/python3.12/site-packages/airflow/example_dags/example_short_circuit_operator.py for tasks to queue
[2025-03-16T19:34:58.158+0000] {logging_mixin.py:190} INFO - [2025-03-16T19:34:58.158+0000] {dagbag.py:588} INFO - Filling up the DagBag from /home/airflow/.local/lib/python3.12/site-packages/airflow/example_dags/example_short_circuit_operator.py
[2025-03-16T19:34:58.172+0000] {processor.py:925} INFO - DAG(s) 'example_short_circuit_operator' retrieved from /home/airflow/.local/lib/python3.12/site-packages/airflow/example_dags/example_short_circuit_operator.py
[2025-03-16T19:34:58.215+0000] {logging_mixin.py:190} INFO - [2025-03-16T19:34:58.214+0000] {dag.py:3239} INFO - Sync 1 DAGs
[2025-03-16T19:34:58.240+0000] {logging_mixin.py:190} INFO - [2025-03-16T19:34:58.239+0000] {dag.py:4180} INFO - Setting next_dagrun for example_short_circuit_operator to None, run_after=None
[2025-03-16T19:34:58.271+0000] {processor.py:208} INFO - Processing /home/airflow/.local/lib/python3.12/site-packages/airflow/example_dags/example_short_circuit_operator.py took 0.127 seconds
[2025-03-16T19:35:28.675+0000] {processor.py:186} INFO - Started process (PID=92408) to work on /home/airflow/.local/lib/python3.12/site-packages/airflow/example_dags/example_short_circuit_operator.py
[2025-03-16T19:35:28.677+0000] {processor.py:914} INFO - Processing file /home/airflow/.local/lib/python3.12/site-packages/airflow/example_dags/example_short_circuit_operator.py for tasks to queue
[2025-03-16T19:35:28.679+0000] {logging_mixin.py:190} INFO - [2025-03-16T19:35:28.679+0000] {dagbag.py:588} INFO - Filling up the DagBag from /home/airflow/.local/lib/python3.12/site-packages/airflow/example_dags/example_short_circuit_operator.py
[2025-03-16T19:35:28.697+0000] {processor.py:925} INFO - DAG(s) 'example_short_circuit_operator' retrieved from /home/airflow/.local/lib/python3.12/site-packages/airflow/example_dags/example_short_circuit_operator.py
[2025-03-16T19:35:28.737+0000] {logging_mixin.py:190} INFO - [2025-03-16T19:35:28.736+0000] {dag.py:3239} INFO - Sync 1 DAGs
[2025-03-16T19:35:28.764+0000] {logging_mixin.py:190} INFO - [2025-03-16T19:35:28.764+0000] {dag.py:4180} INFO - Setting next_dagrun for example_short_circuit_operator to None, run_after=None
[2025-03-16T19:35:28.793+0000] {processor.py:208} INFO - Processing /home/airflow/.local/lib/python3.12/site-packages/airflow/example_dags/example_short_circuit_operator.py took 0.126 seconds
[2025-03-16T19:35:59.425+0000] {processor.py:186} INFO - Started process (PID=92472) to work on /home/airflow/.local/lib/python3.12/site-packages/airflow/example_dags/example_short_circuit_operator.py
[2025-03-16T19:35:59.426+0000] {processor.py:914} INFO - Processing file /home/airflow/.local/lib/python3.12/site-packages/airflow/example_dags/example_short_circuit_operator.py for tasks to queue
[2025-03-16T19:35:59.428+0000] {logging_mixin.py:190} INFO - [2025-03-16T19:35:59.428+0000] {dagbag.py:588} INFO - Filling up the DagBag from /home/airflow/.local/lib/python3.12/site-packages/airflow/example_dags/example_short_circuit_operator.py
[2025-03-16T19:35:59.442+0000] {processor.py:925} INFO - DAG(s) 'example_short_circuit_operator' retrieved from /home/airflow/.local/lib/python3.12/site-packages/airflow/example_dags/example_short_circuit_operator.py
[2025-03-16T19:35:59.477+0000] {logging_mixin.py:190} INFO - [2025-03-16T19:35:59.477+0000] {dag.py:3239} INFO - Sync 1 DAGs
[2025-03-16T19:35:59.499+0000] {logging_mixin.py:190} INFO - [2025-03-16T19:35:59.499+0000] {dag.py:4180} INFO - Setting next_dagrun for example_short_circuit_operator to None, run_after=None
[2025-03-16T19:35:59.528+0000] {processor.py:208} INFO - Processing /home/airflow/.local/lib/python3.12/site-packages/airflow/example_dags/example_short_circuit_operator.py took 0.112 seconds
[2025-03-16T19:36:30.152+0000] {processor.py:186} INFO - Started process (PID=92542) to work on /home/airflow/.local/lib/python3.12/site-packages/airflow/example_dags/example_short_circuit_operator.py
[2025-03-16T19:36:30.153+0000] {processor.py:914} INFO - Processing file /home/airflow/.local/lib/python3.12/site-packages/airflow/example_dags/example_short_circuit_operator.py for tasks to queue
[2025-03-16T19:36:30.155+0000] {logging_mixin.py:190} INFO - [2025-03-16T19:36:30.155+0000] {dagbag.py:588} INFO - Filling up the DagBag from /home/airflow/.local/lib/python3.12/site-packages/airflow/example_dags/example_short_circuit_operator.py
[2025-03-16T19:36:30.167+0000] {processor.py:925} INFO - DAG(s) 'example_short_circuit_operator' retrieved from /home/airflow/.local/lib/python3.12/site-packages/airflow/example_dags/example_short_circuit_operator.py
[2025-03-16T19:36:30.204+0000] {logging_mixin.py:190} INFO - [2025-03-16T19:36:30.204+0000] {dag.py:3239} INFO - Sync 1 DAGs
[2025-03-16T19:36:30.235+0000] {logging_mixin.py:190} INFO - [2025-03-16T19:36:30.235+0000] {dag.py:4180} INFO - Setting next_dagrun for example_short_circuit_operator to None, run_after=None
[2025-03-16T19:36:30.265+0000] {processor.py:208} INFO - Processing /home/airflow/.local/lib/python3.12/site-packages/airflow/example_dags/example_short_circuit_operator.py took 0.121 seconds
[2025-03-16T19:37:00.471+0000] {processor.py:186} INFO - Started process (PID=92606) to work on /home/airflow/.local/lib/python3.12/site-packages/airflow/example_dags/example_short_circuit_operator.py
[2025-03-16T19:37:00.473+0000] {processor.py:914} INFO - Processing file /home/airflow/.local/lib/python3.12/site-packages/airflow/example_dags/example_short_circuit_operator.py for tasks to queue
[2025-03-16T19:37:00.476+0000] {logging_mixin.py:190} INFO - [2025-03-16T19:37:00.475+0000] {dagbag.py:588} INFO - Filling up the DagBag from /home/airflow/.local/lib/python3.12/site-packages/airflow/example_dags/example_short_circuit_operator.py
[2025-03-16T19:37:00.492+0000] {processor.py:925} INFO - DAG(s) 'example_short_circuit_operator' retrieved from /home/airflow/.local/lib/python3.12/site-packages/airflow/example_dags/example_short_circuit_operator.py
[2025-03-16T19:37:00.535+0000] {logging_mixin.py:190} INFO - [2025-03-16T19:37:00.535+0000] {dag.py:3239} INFO - Sync 1 DAGs
[2025-03-16T19:37:00.562+0000] {logging_mixin.py:190} INFO - [2025-03-16T19:37:00.562+0000] {dag.py:4180} INFO - Setting next_dagrun for example_short_circuit_operator to None, run_after=None
[2025-03-16T19:37:00.590+0000] {processor.py:208} INFO - Processing /home/airflow/.local/lib/python3.12/site-packages/airflow/example_dags/example_short_circuit_operator.py took 0.128 seconds
[2025-03-16T19:37:30.781+0000] {processor.py:186} INFO - Started process (PID=92670) to work on /home/airflow/.local/lib/python3.12/site-packages/airflow/example_dags/example_short_circuit_operator.py
[2025-03-16T19:37:30.783+0000] {processor.py:914} INFO - Processing file /home/airflow/.local/lib/python3.12/site-packages/airflow/example_dags/example_short_circuit_operator.py for tasks to queue
[2025-03-16T19:37:30.786+0000] {logging_mixin.py:190} INFO - [2025-03-16T19:37:30.785+0000] {dagbag.py:588} INFO - Filling up the DagBag from /home/airflow/.local/lib/python3.12/site-packages/airflow/example_dags/example_short_circuit_operator.py
[2025-03-16T19:37:30.800+0000] {processor.py:925} INFO - DAG(s) 'example_short_circuit_operator' retrieved from /home/airflow/.local/lib/python3.12/site-packages/airflow/example_dags/example_short_circuit_operator.py
[2025-03-16T19:37:30.841+0000] {logging_mixin.py:190} INFO - [2025-03-16T19:37:30.841+0000] {dag.py:3239} INFO - Sync 1 DAGs
[2025-03-16T19:37:30.869+0000] {logging_mixin.py:190} INFO - [2025-03-16T19:37:30.868+0000] {dag.py:4180} INFO - Setting next_dagrun for example_short_circuit_operator to None, run_after=None
[2025-03-16T19:37:30.900+0000] {processor.py:208} INFO - Processing /home/airflow/.local/lib/python3.12/site-packages/airflow/example_dags/example_short_circuit_operator.py took 0.130 seconds
[2025-03-16T19:38:01.036+0000] {processor.py:186} INFO - Started process (PID=92734) to work on /home/airflow/.local/lib/python3.12/site-packages/airflow/example_dags/example_short_circuit_operator.py
[2025-03-16T19:38:01.037+0000] {processor.py:914} INFO - Processing file /home/airflow/.local/lib/python3.12/site-packages/airflow/example_dags/example_short_circuit_operator.py for tasks to queue
[2025-03-16T19:38:01.039+0000] {logging_mixin.py:190} INFO - [2025-03-16T19:38:01.039+0000] {dagbag.py:588} INFO - Filling up the DagBag from /home/airflow/.local/lib/python3.12/site-packages/airflow/example_dags/example_short_circuit_operator.py
[2025-03-16T19:38:01.054+0000] {processor.py:925} INFO - DAG(s) 'example_short_circuit_operator' retrieved from /home/airflow/.local/lib/python3.12/site-packages/airflow/example_dags/example_short_circuit_operator.py
[2025-03-16T19:38:01.089+0000] {logging_mixin.py:190} INFO - [2025-03-16T19:38:01.089+0000] {dag.py:3239} INFO - Sync 1 DAGs
[2025-03-16T19:38:01.112+0000] {logging_mixin.py:190} INFO - [2025-03-16T19:38:01.111+0000] {dag.py:4180} INFO - Setting next_dagrun for example_short_circuit_operator to None, run_after=None
[2025-03-16T19:38:01.142+0000] {processor.py:208} INFO - Processing /home/airflow/.local/lib/python3.12/site-packages/airflow/example_dags/example_short_circuit_operator.py took 0.115 seconds
[2025-03-16T19:38:31.274+0000] {processor.py:186} INFO - Started process (PID=92798) to work on /home/airflow/.local/lib/python3.12/site-packages/airflow/example_dags/example_short_circuit_operator.py
[2025-03-16T19:38:31.276+0000] {processor.py:914} INFO - Processing file /home/airflow/.local/lib/python3.12/site-packages/airflow/example_dags/example_short_circuit_operator.py for tasks to queue
[2025-03-16T19:38:31.278+0000] {logging_mixin.py:190} INFO - [2025-03-16T19:38:31.277+0000] {dagbag.py:588} INFO - Filling up the DagBag from /home/airflow/.local/lib/python3.12/site-packages/airflow/example_dags/example_short_circuit_operator.py
[2025-03-16T19:38:31.295+0000] {processor.py:925} INFO - DAG(s) 'example_short_circuit_operator' retrieved from /home/airflow/.local/lib/python3.12/site-packages/airflow/example_dags/example_short_circuit_operator.py
[2025-03-16T19:38:31.338+0000] {logging_mixin.py:190} INFO - [2025-03-16T19:38:31.337+0000] {dag.py:3239} INFO - Sync 1 DAGs
[2025-03-16T19:38:31.367+0000] {logging_mixin.py:190} INFO - [2025-03-16T19:38:31.366+0000] {dag.py:4180} INFO - Setting next_dagrun for example_short_circuit_operator to None, run_after=None
[2025-03-16T19:38:31.399+0000] {processor.py:208} INFO - Processing /home/airflow/.local/lib/python3.12/site-packages/airflow/example_dags/example_short_circuit_operator.py took 0.134 seconds
[2025-03-16T19:39:02.068+0000] {processor.py:186} INFO - Started process (PID=92860) to work on /home/airflow/.local/lib/python3.12/site-packages/airflow/example_dags/example_short_circuit_operator.py
[2025-03-16T19:39:02.070+0000] {processor.py:914} INFO - Processing file /home/airflow/.local/lib/python3.12/site-packages/airflow/example_dags/example_short_circuit_operator.py for tasks to queue
[2025-03-16T19:39:02.072+0000] {logging_mixin.py:190} INFO - [2025-03-16T19:39:02.071+0000] {dagbag.py:588} INFO - Filling up the DagBag from /home/airflow/.local/lib/python3.12/site-packages/airflow/example_dags/example_short_circuit_operator.py
[2025-03-16T19:39:02.085+0000] {processor.py:925} INFO - DAG(s) 'example_short_circuit_operator' retrieved from /home/airflow/.local/lib/python3.12/site-packages/airflow/example_dags/example_short_circuit_operator.py
[2025-03-16T19:39:02.120+0000] {logging_mixin.py:190} INFO - [2025-03-16T19:39:02.120+0000] {dag.py:3239} INFO - Sync 1 DAGs
[2025-03-16T19:39:02.142+0000] {logging_mixin.py:190} INFO - [2025-03-16T19:39:02.142+0000] {dag.py:4180} INFO - Setting next_dagrun for example_short_circuit_operator to None, run_after=None
[2025-03-16T19:39:02.170+0000] {processor.py:208} INFO - Processing /home/airflow/.local/lib/python3.12/site-packages/airflow/example_dags/example_short_circuit_operator.py took 0.111 seconds
