[2025-03-16T19:07:54.694+0000] {processor.py:186} INFO - Started process (PID=88983) to work on /home/airflow/.local/lib/python3.12/site-packages/airflow/example_dags/example_params_trigger_ui.py
[2025-03-16T19:07:54.695+0000] {processor.py:914} INFO - Processing file /home/airflow/.local/lib/python3.12/site-packages/airflow/example_dags/example_params_trigger_ui.py for tasks to queue
[2025-03-16T19:07:54.696+0000] {logging_mixin.py:190} INFO - [2025-03-16T19:07:54.696+0000] {dagbag.py:588} INFO - Filling up the DagBag from /home/airflow/.local/lib/python3.12/site-packages/airflow/example_dags/example_params_trigger_ui.py
[2025-03-16T19:07:54.706+0000] {processor.py:925} INFO - DAG(s) 'example_params_trigger_ui' retrieved from /home/airflow/.local/lib/python3.12/site-packages/airflow/example_dags/example_params_trigger_ui.py
[2025-03-16T19:07:54.747+0000] {logging_mixin.py:190} INFO - [2025-03-16T19:07:54.747+0000] {dag.py:3239} INFO - Sync 1 DAGs
[2025-03-16T19:07:54.760+0000] {logging_mixin.py:190} INFO - [2025-03-16T19:07:54.759+0000] {dag.py:4180} INFO - Setting next_dagrun for example_params_trigger_ui to None, run_after=None
[2025-03-16T19:07:54.779+0000] {processor.py:208} INFO - Processing /home/airflow/.local/lib/python3.12/site-packages/airflow/example_dags/example_params_trigger_ui.py took 0.090 seconds
[2025-03-16T19:08:25.363+0000] {processor.py:186} INFO - Started process (PID=89047) to work on /home/airflow/.local/lib/python3.12/site-packages/airflow/example_dags/example_params_trigger_ui.py
[2025-03-16T19:08:25.364+0000] {processor.py:914} INFO - Processing file /home/airflow/.local/lib/python3.12/site-packages/airflow/example_dags/example_params_trigger_ui.py for tasks to queue
[2025-03-16T19:08:25.366+0000] {logging_mixin.py:190} INFO - [2025-03-16T19:08:25.365+0000] {dagbag.py:588} INFO - Filling up the DagBag from /home/airflow/.local/lib/python3.12/site-packages/airflow/example_dags/example_params_trigger_ui.py
[2025-03-16T19:08:25.375+0000] {processor.py:925} INFO - DAG(s) 'example_params_trigger_ui' retrieved from /home/airflow/.local/lib/python3.12/site-packages/airflow/example_dags/example_params_trigger_ui.py
[2025-03-16T19:08:25.412+0000] {logging_mixin.py:190} INFO - [2025-03-16T19:08:25.412+0000] {dag.py:3239} INFO - Sync 1 DAGs
[2025-03-16T19:08:25.424+0000] {logging_mixin.py:190} INFO - [2025-03-16T19:08:25.424+0000] {dag.py:4180} INFO - Setting next_dagrun for example_params_trigger_ui to None, run_after=None
[2025-03-16T19:08:25.440+0000] {processor.py:208} INFO - Processing /home/airflow/.local/lib/python3.12/site-packages/airflow/example_dags/example_params_trigger_ui.py took 0.083 seconds
[2025-03-16T19:08:56.797+0000] {processor.py:186} INFO - Started process (PID=89116) to work on /home/airflow/.local/lib/python3.12/site-packages/airflow/example_dags/example_params_trigger_ui.py
[2025-03-16T19:08:56.800+0000] {processor.py:914} INFO - Processing file /home/airflow/.local/lib/python3.12/site-packages/airflow/example_dags/example_params_trigger_ui.py for tasks to queue
[2025-03-16T19:08:56.805+0000] {logging_mixin.py:190} INFO - [2025-03-16T19:08:56.804+0000] {dagbag.py:588} INFO - Filling up the DagBag from /home/airflow/.local/lib/python3.12/site-packages/airflow/example_dags/example_params_trigger_ui.py
[2025-03-16T19:08:56.830+0000] {processor.py:925} INFO - DAG(s) 'example_params_trigger_ui' retrieved from /home/airflow/.local/lib/python3.12/site-packages/airflow/example_dags/example_params_trigger_ui.py
[2025-03-16T19:08:56.940+0000] {logging_mixin.py:190} INFO - [2025-03-16T19:08:56.940+0000] {dag.py:3239} INFO - Sync 1 DAGs
[2025-03-16T19:08:56.985+0000] {logging_mixin.py:190} INFO - [2025-03-16T19:08:56.985+0000] {dag.py:4180} INFO - Setting next_dagrun for example_params_trigger_ui to None, run_after=None
[2025-03-16T19:08:57.015+0000] {processor.py:208} INFO - Processing /home/airflow/.local/lib/python3.12/site-packages/airflow/example_dags/example_params_trigger_ui.py took 0.228 seconds
[2025-03-16T19:09:27.112+0000] {processor.py:186} INFO - Started process (PID=89179) to work on /home/airflow/.local/lib/python3.12/site-packages/airflow/example_dags/example_params_trigger_ui.py
[2025-03-16T19:09:27.114+0000] {processor.py:914} INFO - Processing file /home/airflow/.local/lib/python3.12/site-packages/airflow/example_dags/example_params_trigger_ui.py for tasks to queue
[2025-03-16T19:09:27.115+0000] {logging_mixin.py:190} INFO - [2025-03-16T19:09:27.115+0000] {dagbag.py:588} INFO - Filling up the DagBag from /home/airflow/.local/lib/python3.12/site-packages/airflow/example_dags/example_params_trigger_ui.py
[2025-03-16T19:09:27.129+0000] {processor.py:925} INFO - DAG(s) 'example_params_trigger_ui' retrieved from /home/airflow/.local/lib/python3.12/site-packages/airflow/example_dags/example_params_trigger_ui.py
[2025-03-16T19:09:27.173+0000] {logging_mixin.py:190} INFO - [2025-03-16T19:09:27.173+0000] {dag.py:3239} INFO - Sync 1 DAGs
[2025-03-16T19:09:27.189+0000] {logging_mixin.py:190} INFO - [2025-03-16T19:09:27.189+0000] {dag.py:4180} INFO - Setting next_dagrun for example_params_trigger_ui to None, run_after=None
[2025-03-16T19:09:27.211+0000] {processor.py:208} INFO - Processing /home/airflow/.local/lib/python3.12/site-packages/airflow/example_dags/example_params_trigger_ui.py took 0.105 seconds
[2025-03-16T19:09:58.639+0000] {processor.py:186} INFO - Started process (PID=89240) to work on /home/airflow/.local/lib/python3.12/site-packages/airflow/example_dags/example_params_trigger_ui.py
[2025-03-16T19:09:58.641+0000] {processor.py:914} INFO - Processing file /home/airflow/.local/lib/python3.12/site-packages/airflow/example_dags/example_params_trigger_ui.py for tasks to queue
[2025-03-16T19:09:58.643+0000] {logging_mixin.py:190} INFO - [2025-03-16T19:09:58.642+0000] {dagbag.py:588} INFO - Filling up the DagBag from /home/airflow/.local/lib/python3.12/site-packages/airflow/example_dags/example_params_trigger_ui.py
[2025-03-16T19:09:58.654+0000] {processor.py:925} INFO - DAG(s) 'example_params_trigger_ui' retrieved from /home/airflow/.local/lib/python3.12/site-packages/airflow/example_dags/example_params_trigger_ui.py
[2025-03-16T19:09:58.696+0000] {logging_mixin.py:190} INFO - [2025-03-16T19:09:58.696+0000] {dag.py:3239} INFO - Sync 1 DAGs
[2025-03-16T19:09:58.714+0000] {logging_mixin.py:190} INFO - [2025-03-16T19:09:58.713+0000] {dag.py:4180} INFO - Setting next_dagrun for example_params_trigger_ui to None, run_after=None
[2025-03-16T19:09:58.738+0000] {processor.py:208} INFO - Processing /home/airflow/.local/lib/python3.12/site-packages/airflow/example_dags/example_params_trigger_ui.py took 0.104 seconds
[2025-03-16T19:10:29.218+0000] {processor.py:186} INFO - Started process (PID=89304) to work on /home/airflow/.local/lib/python3.12/site-packages/airflow/example_dags/example_params_trigger_ui.py
[2025-03-16T19:10:29.219+0000] {processor.py:914} INFO - Processing file /home/airflow/.local/lib/python3.12/site-packages/airflow/example_dags/example_params_trigger_ui.py for tasks to queue
[2025-03-16T19:10:29.221+0000] {logging_mixin.py:190} INFO - [2025-03-16T19:10:29.221+0000] {dagbag.py:588} INFO - Filling up the DagBag from /home/airflow/.local/lib/python3.12/site-packages/airflow/example_dags/example_params_trigger_ui.py
[2025-03-16T19:10:29.233+0000] {processor.py:925} INFO - DAG(s) 'example_params_trigger_ui' retrieved from /home/airflow/.local/lib/python3.12/site-packages/airflow/example_dags/example_params_trigger_ui.py
[2025-03-16T19:10:29.276+0000] {logging_mixin.py:190} INFO - [2025-03-16T19:10:29.276+0000] {dag.py:3239} INFO - Sync 1 DAGs
[2025-03-16T19:10:29.293+0000] {logging_mixin.py:190} INFO - [2025-03-16T19:10:29.292+0000] {dag.py:4180} INFO - Setting next_dagrun for example_params_trigger_ui to None, run_after=None
[2025-03-16T19:10:29.320+0000] {processor.py:208} INFO - Processing /home/airflow/.local/lib/python3.12/site-packages/airflow/example_dags/example_params_trigger_ui.py took 0.110 seconds
[2025-03-16T19:11:00.305+0000] {processor.py:186} INFO - Started process (PID=89368) to work on /home/airflow/.local/lib/python3.12/site-packages/airflow/example_dags/example_params_trigger_ui.py
[2025-03-16T19:11:00.306+0000] {processor.py:914} INFO - Processing file /home/airflow/.local/lib/python3.12/site-packages/airflow/example_dags/example_params_trigger_ui.py for tasks to queue
[2025-03-16T19:11:00.307+0000] {logging_mixin.py:190} INFO - [2025-03-16T19:11:00.307+0000] {dagbag.py:588} INFO - Filling up the DagBag from /home/airflow/.local/lib/python3.12/site-packages/airflow/example_dags/example_params_trigger_ui.py
[2025-03-16T19:11:00.320+0000] {processor.py:925} INFO - DAG(s) 'example_params_trigger_ui' retrieved from /home/airflow/.local/lib/python3.12/site-packages/airflow/example_dags/example_params_trigger_ui.py
[2025-03-16T19:11:00.369+0000] {logging_mixin.py:190} INFO - [2025-03-16T19:11:00.369+0000] {dag.py:3239} INFO - Sync 1 DAGs
[2025-03-16T19:11:00.383+0000] {logging_mixin.py:190} INFO - [2025-03-16T19:11:00.383+0000] {dag.py:4180} INFO - Setting next_dagrun for example_params_trigger_ui to None, run_after=None
[2025-03-16T19:11:00.409+0000] {processor.py:208} INFO - Processing /home/airflow/.local/lib/python3.12/site-packages/airflow/example_dags/example_params_trigger_ui.py took 0.108 seconds
[2025-03-16T19:11:30.657+0000] {processor.py:186} INFO - Started process (PID=89431) to work on /home/airflow/.local/lib/python3.12/site-packages/airflow/example_dags/example_params_trigger_ui.py
[2025-03-16T19:11:30.658+0000] {processor.py:914} INFO - Processing file /home/airflow/.local/lib/python3.12/site-packages/airflow/example_dags/example_params_trigger_ui.py for tasks to queue
[2025-03-16T19:11:30.660+0000] {logging_mixin.py:190} INFO - [2025-03-16T19:11:30.660+0000] {dagbag.py:588} INFO - Filling up the DagBag from /home/airflow/.local/lib/python3.12/site-packages/airflow/example_dags/example_params_trigger_ui.py
[2025-03-16T19:11:30.672+0000] {processor.py:925} INFO - DAG(s) 'example_params_trigger_ui' retrieved from /home/airflow/.local/lib/python3.12/site-packages/airflow/example_dags/example_params_trigger_ui.py
[2025-03-16T19:11:30.715+0000] {logging_mixin.py:190} INFO - [2025-03-16T19:11:30.715+0000] {dag.py:3239} INFO - Sync 1 DAGs
[2025-03-16T19:11:30.730+0000] {logging_mixin.py:190} INFO - [2025-03-16T19:11:30.729+0000] {dag.py:4180} INFO - Setting next_dagrun for example_params_trigger_ui to None, run_after=None
[2025-03-16T19:11:30.753+0000] {processor.py:208} INFO - Processing /home/airflow/.local/lib/python3.12/site-packages/airflow/example_dags/example_params_trigger_ui.py took 0.101 seconds
[2025-03-16T19:12:00.805+0000] {processor.py:186} INFO - Started process (PID=89494) to work on /home/airflow/.local/lib/python3.12/site-packages/airflow/example_dags/example_params_trigger_ui.py
[2025-03-16T19:12:00.806+0000] {processor.py:914} INFO - Processing file /home/airflow/.local/lib/python3.12/site-packages/airflow/example_dags/example_params_trigger_ui.py for tasks to queue
[2025-03-16T19:12:00.808+0000] {logging_mixin.py:190} INFO - [2025-03-16T19:12:00.808+0000] {dagbag.py:588} INFO - Filling up the DagBag from /home/airflow/.local/lib/python3.12/site-packages/airflow/example_dags/example_params_trigger_ui.py
[2025-03-16T19:12:00.824+0000] {processor.py:925} INFO - DAG(s) 'example_params_trigger_ui' retrieved from /home/airflow/.local/lib/python3.12/site-packages/airflow/example_dags/example_params_trigger_ui.py
[2025-03-16T19:12:00.868+0000] {logging_mixin.py:190} INFO - [2025-03-16T19:12:00.868+0000] {dag.py:3239} INFO - Sync 1 DAGs
[2025-03-16T19:12:00.884+0000] {logging_mixin.py:190} INFO - [2025-03-16T19:12:00.883+0000] {dag.py:4180} INFO - Setting next_dagrun for example_params_trigger_ui to None, run_after=None
[2025-03-16T19:12:00.910+0000] {processor.py:208} INFO - Processing /home/airflow/.local/lib/python3.12/site-packages/airflow/example_dags/example_params_trigger_ui.py took 0.111 seconds
[2025-03-16T19:12:31.216+0000] {processor.py:186} INFO - Started process (PID=89558) to work on /home/airflow/.local/lib/python3.12/site-packages/airflow/example_dags/example_params_trigger_ui.py
[2025-03-16T19:12:31.218+0000] {processor.py:914} INFO - Processing file /home/airflow/.local/lib/python3.12/site-packages/airflow/example_dags/example_params_trigger_ui.py for tasks to queue
[2025-03-16T19:12:31.225+0000] {logging_mixin.py:190} INFO - [2025-03-16T19:12:31.222+0000] {dagbag.py:588} INFO - Filling up the DagBag from /home/airflow/.local/lib/python3.12/site-packages/airflow/example_dags/example_params_trigger_ui.py
[2025-03-16T19:12:31.250+0000] {processor.py:925} INFO - DAG(s) 'example_params_trigger_ui' retrieved from /home/airflow/.local/lib/python3.12/site-packages/airflow/example_dags/example_params_trigger_ui.py
[2025-03-16T19:12:31.320+0000] {logging_mixin.py:190} INFO - [2025-03-16T19:12:31.319+0000] {dag.py:3239} INFO - Sync 1 DAGs
[2025-03-16T19:12:31.342+0000] {logging_mixin.py:190} INFO - [2025-03-16T19:12:31.342+0000] {dag.py:4180} INFO - Setting next_dagrun for example_params_trigger_ui to None, run_after=None
[2025-03-16T19:12:31.371+0000] {processor.py:208} INFO - Processing /home/airflow/.local/lib/python3.12/site-packages/airflow/example_dags/example_params_trigger_ui.py took 0.164 seconds
[2025-03-16T19:13:01.438+0000] {processor.py:186} INFO - Started process (PID=89622) to work on /home/airflow/.local/lib/python3.12/site-packages/airflow/example_dags/example_params_trigger_ui.py
[2025-03-16T19:13:01.441+0000] {processor.py:914} INFO - Processing file /home/airflow/.local/lib/python3.12/site-packages/airflow/example_dags/example_params_trigger_ui.py for tasks to queue
[2025-03-16T19:13:01.446+0000] {logging_mixin.py:190} INFO - [2025-03-16T19:13:01.445+0000] {dagbag.py:588} INFO - Filling up the DagBag from /home/airflow/.local/lib/python3.12/site-packages/airflow/example_dags/example_params_trigger_ui.py
[2025-03-16T19:13:01.463+0000] {processor.py:925} INFO - DAG(s) 'example_params_trigger_ui' retrieved from /home/airflow/.local/lib/python3.12/site-packages/airflow/example_dags/example_params_trigger_ui.py
[2025-03-16T19:13:01.502+0000] {logging_mixin.py:190} INFO - [2025-03-16T19:13:01.502+0000] {dag.py:3239} INFO - Sync 1 DAGs
[2025-03-16T19:13:01.514+0000] {logging_mixin.py:190} INFO - [2025-03-16T19:13:01.513+0000] {dag.py:4180} INFO - Setting next_dagrun for example_params_trigger_ui to None, run_after=None
[2025-03-16T19:13:01.536+0000] {processor.py:208} INFO - Processing /home/airflow/.local/lib/python3.12/site-packages/airflow/example_dags/example_params_trigger_ui.py took 0.105 seconds
[2025-03-16T19:13:32.111+0000] {processor.py:186} INFO - Started process (PID=89687) to work on /home/airflow/.local/lib/python3.12/site-packages/airflow/example_dags/example_params_trigger_ui.py
[2025-03-16T19:13:32.113+0000] {processor.py:914} INFO - Processing file /home/airflow/.local/lib/python3.12/site-packages/airflow/example_dags/example_params_trigger_ui.py for tasks to queue
[2025-03-16T19:13:32.114+0000] {logging_mixin.py:190} INFO - [2025-03-16T19:13:32.114+0000] {dagbag.py:588} INFO - Filling up the DagBag from /home/airflow/.local/lib/python3.12/site-packages/airflow/example_dags/example_params_trigger_ui.py
[2025-03-16T19:13:32.131+0000] {processor.py:925} INFO - DAG(s) 'example_params_trigger_ui' retrieved from /home/airflow/.local/lib/python3.12/site-packages/airflow/example_dags/example_params_trigger_ui.py
[2025-03-16T19:13:32.173+0000] {logging_mixin.py:190} INFO - [2025-03-16T19:13:32.173+0000] {dag.py:3239} INFO - Sync 1 DAGs
[2025-03-16T19:13:32.189+0000] {logging_mixin.py:190} INFO - [2025-03-16T19:13:32.189+0000] {dag.py:4180} INFO - Setting next_dagrun for example_params_trigger_ui to None, run_after=None
[2025-03-16T19:13:32.211+0000] {processor.py:208} INFO - Processing /home/airflow/.local/lib/python3.12/site-packages/airflow/example_dags/example_params_trigger_ui.py took 0.106 seconds
[2025-03-16T19:14:03.022+0000] {processor.py:186} INFO - Started process (PID=89751) to work on /home/airflow/.local/lib/python3.12/site-packages/airflow/example_dags/example_params_trigger_ui.py
[2025-03-16T19:14:03.024+0000] {processor.py:914} INFO - Processing file /home/airflow/.local/lib/python3.12/site-packages/airflow/example_dags/example_params_trigger_ui.py for tasks to queue
[2025-03-16T19:14:03.026+0000] {logging_mixin.py:190} INFO - [2025-03-16T19:14:03.025+0000] {dagbag.py:588} INFO - Filling up the DagBag from /home/airflow/.local/lib/python3.12/site-packages/airflow/example_dags/example_params_trigger_ui.py
[2025-03-16T19:14:03.041+0000] {processor.py:925} INFO - DAG(s) 'example_params_trigger_ui' retrieved from /home/airflow/.local/lib/python3.12/site-packages/airflow/example_dags/example_params_trigger_ui.py
[2025-03-16T19:14:03.087+0000] {logging_mixin.py:190} INFO - [2025-03-16T19:14:03.087+0000] {dag.py:3239} INFO - Sync 1 DAGs
[2025-03-16T19:14:03.103+0000] {logging_mixin.py:190} INFO - [2025-03-16T19:14:03.103+0000] {dag.py:4180} INFO - Setting next_dagrun for example_params_trigger_ui to None, run_after=None
[2025-03-16T19:14:03.127+0000] {processor.py:208} INFO - Processing /home/airflow/.local/lib/python3.12/site-packages/airflow/example_dags/example_params_trigger_ui.py took 0.111 seconds
[2025-03-16T19:14:33.206+0000] {processor.py:186} INFO - Started process (PID=89815) to work on /home/airflow/.local/lib/python3.12/site-packages/airflow/example_dags/example_params_trigger_ui.py
[2025-03-16T19:14:33.207+0000] {processor.py:914} INFO - Processing file /home/airflow/.local/lib/python3.12/site-packages/airflow/example_dags/example_params_trigger_ui.py for tasks to queue
[2025-03-16T19:14:33.209+0000] {logging_mixin.py:190} INFO - [2025-03-16T19:14:33.208+0000] {dagbag.py:588} INFO - Filling up the DagBag from /home/airflow/.local/lib/python3.12/site-packages/airflow/example_dags/example_params_trigger_ui.py
[2025-03-16T19:14:33.220+0000] {processor.py:925} INFO - DAG(s) 'example_params_trigger_ui' retrieved from /home/airflow/.local/lib/python3.12/site-packages/airflow/example_dags/example_params_trigger_ui.py
[2025-03-16T19:14:33.263+0000] {logging_mixin.py:190} INFO - [2025-03-16T19:14:33.263+0000] {dag.py:3239} INFO - Sync 1 DAGs
[2025-03-16T19:14:33.277+0000] {logging_mixin.py:190} INFO - [2025-03-16T19:14:33.277+0000] {dag.py:4180} INFO - Setting next_dagrun for example_params_trigger_ui to None, run_after=None
[2025-03-16T19:14:33.301+0000] {processor.py:208} INFO - Processing /home/airflow/.local/lib/python3.12/site-packages/airflow/example_dags/example_params_trigger_ui.py took 0.101 seconds
[2025-03-16T19:15:03.524+0000] {processor.py:186} INFO - Started process (PID=89873) to work on /home/airflow/.local/lib/python3.12/site-packages/airflow/example_dags/example_params_trigger_ui.py
[2025-03-16T19:15:03.525+0000] {processor.py:914} INFO - Processing file /home/airflow/.local/lib/python3.12/site-packages/airflow/example_dags/example_params_trigger_ui.py for tasks to queue
[2025-03-16T19:15:03.526+0000] {logging_mixin.py:190} INFO - [2025-03-16T19:15:03.526+0000] {dagbag.py:588} INFO - Filling up the DagBag from /home/airflow/.local/lib/python3.12/site-packages/airflow/example_dags/example_params_trigger_ui.py
[2025-03-16T19:15:03.546+0000] {processor.py:925} INFO - DAG(s) 'example_params_trigger_ui' retrieved from /home/airflow/.local/lib/python3.12/site-packages/airflow/example_dags/example_params_trigger_ui.py
[2025-03-16T19:15:03.604+0000] {logging_mixin.py:190} INFO - [2025-03-16T19:15:03.603+0000] {dag.py:3239} INFO - Sync 1 DAGs
[2025-03-16T19:15:03.626+0000] {logging_mixin.py:190} INFO - [2025-03-16T19:15:03.626+0000] {dag.py:4180} INFO - Setting next_dagrun for example_params_trigger_ui to None, run_after=None
[2025-03-16T19:15:03.657+0000] {processor.py:208} INFO - Processing /home/airflow/.local/lib/python3.12/site-packages/airflow/example_dags/example_params_trigger_ui.py took 0.139 seconds
[2025-03-16T19:15:34.346+0000] {processor.py:186} INFO - Started process (PID=89937) to work on /home/airflow/.local/lib/python3.12/site-packages/airflow/example_dags/example_params_trigger_ui.py
[2025-03-16T19:15:34.348+0000] {processor.py:914} INFO - Processing file /home/airflow/.local/lib/python3.12/site-packages/airflow/example_dags/example_params_trigger_ui.py for tasks to queue
[2025-03-16T19:15:34.350+0000] {logging_mixin.py:190} INFO - [2025-03-16T19:15:34.350+0000] {dagbag.py:588} INFO - Filling up the DagBag from /home/airflow/.local/lib/python3.12/site-packages/airflow/example_dags/example_params_trigger_ui.py
[2025-03-16T19:15:34.365+0000] {processor.py:925} INFO - DAG(s) 'example_params_trigger_ui' retrieved from /home/airflow/.local/lib/python3.12/site-packages/airflow/example_dags/example_params_trigger_ui.py
[2025-03-16T19:15:34.422+0000] {logging_mixin.py:190} INFO - [2025-03-16T19:15:34.421+0000] {dag.py:3239} INFO - Sync 1 DAGs
[2025-03-16T19:15:34.439+0000] {logging_mixin.py:190} INFO - [2025-03-16T19:15:34.439+0000] {dag.py:4180} INFO - Setting next_dagrun for example_params_trigger_ui to None, run_after=None
[2025-03-16T19:15:34.468+0000] {processor.py:208} INFO - Processing /home/airflow/.local/lib/python3.12/site-packages/airflow/example_dags/example_params_trigger_ui.py took 0.129 seconds
[2025-03-16T19:16:04.960+0000] {processor.py:186} INFO - Started process (PID=90001) to work on /home/airflow/.local/lib/python3.12/site-packages/airflow/example_dags/example_params_trigger_ui.py
[2025-03-16T19:16:04.962+0000] {processor.py:914} INFO - Processing file /home/airflow/.local/lib/python3.12/site-packages/airflow/example_dags/example_params_trigger_ui.py for tasks to queue
[2025-03-16T19:16:04.964+0000] {logging_mixin.py:190} INFO - [2025-03-16T19:16:04.964+0000] {dagbag.py:588} INFO - Filling up the DagBag from /home/airflow/.local/lib/python3.12/site-packages/airflow/example_dags/example_params_trigger_ui.py
[2025-03-16T19:16:04.982+0000] {processor.py:925} INFO - DAG(s) 'example_params_trigger_ui' retrieved from /home/airflow/.local/lib/python3.12/site-packages/airflow/example_dags/example_params_trigger_ui.py
[2025-03-16T19:16:05.038+0000] {logging_mixin.py:190} INFO - [2025-03-16T19:16:05.037+0000] {dag.py:3239} INFO - Sync 1 DAGs
[2025-03-16T19:16:05.054+0000] {logging_mixin.py:190} INFO - [2025-03-16T19:16:05.053+0000] {dag.py:4180} INFO - Setting next_dagrun for example_params_trigger_ui to None, run_after=None
[2025-03-16T19:16:05.082+0000] {processor.py:208} INFO - Processing /home/airflow/.local/lib/python3.12/site-packages/airflow/example_dags/example_params_trigger_ui.py took 0.127 seconds
[2025-03-16T19:16:35.356+0000] {processor.py:186} INFO - Started process (PID=90065) to work on /home/airflow/.local/lib/python3.12/site-packages/airflow/example_dags/example_params_trigger_ui.py
[2025-03-16T19:16:35.357+0000] {processor.py:914} INFO - Processing file /home/airflow/.local/lib/python3.12/site-packages/airflow/example_dags/example_params_trigger_ui.py for tasks to queue
[2025-03-16T19:16:35.359+0000] {logging_mixin.py:190} INFO - [2025-03-16T19:16:35.359+0000] {dagbag.py:588} INFO - Filling up the DagBag from /home/airflow/.local/lib/python3.12/site-packages/airflow/example_dags/example_params_trigger_ui.py
[2025-03-16T19:16:35.374+0000] {processor.py:925} INFO - DAG(s) 'example_params_trigger_ui' retrieved from /home/airflow/.local/lib/python3.12/site-packages/airflow/example_dags/example_params_trigger_ui.py
[2025-03-16T19:16:35.431+0000] {logging_mixin.py:190} INFO - [2025-03-16T19:16:35.430+0000] {dag.py:3239} INFO - Sync 1 DAGs
[2025-03-16T19:16:35.449+0000] {logging_mixin.py:190} INFO - [2025-03-16T19:16:35.448+0000] {dag.py:4180} INFO - Setting next_dagrun for example_params_trigger_ui to None, run_after=None
[2025-03-16T19:16:35.476+0000] {processor.py:208} INFO - Processing /home/airflow/.local/lib/python3.12/site-packages/airflow/example_dags/example_params_trigger_ui.py took 0.127 seconds
[2025-03-16T19:17:05.796+0000] {processor.py:186} INFO - Started process (PID=90129) to work on /home/airflow/.local/lib/python3.12/site-packages/airflow/example_dags/example_params_trigger_ui.py
[2025-03-16T19:17:05.798+0000] {processor.py:914} INFO - Processing file /home/airflow/.local/lib/python3.12/site-packages/airflow/example_dags/example_params_trigger_ui.py for tasks to queue
[2025-03-16T19:17:05.800+0000] {logging_mixin.py:190} INFO - [2025-03-16T19:17:05.799+0000] {dagbag.py:588} INFO - Filling up the DagBag from /home/airflow/.local/lib/python3.12/site-packages/airflow/example_dags/example_params_trigger_ui.py
[2025-03-16T19:17:05.816+0000] {processor.py:925} INFO - DAG(s) 'example_params_trigger_ui' retrieved from /home/airflow/.local/lib/python3.12/site-packages/airflow/example_dags/example_params_trigger_ui.py
[2025-03-16T19:17:05.879+0000] {logging_mixin.py:190} INFO - [2025-03-16T19:17:05.878+0000] {dag.py:3239} INFO - Sync 1 DAGs
[2025-03-16T19:17:05.897+0000] {logging_mixin.py:190} INFO - [2025-03-16T19:17:05.897+0000] {dag.py:4180} INFO - Setting next_dagrun for example_params_trigger_ui to None, run_after=None
[2025-03-16T19:17:05.931+0000] {processor.py:208} INFO - Processing /home/airflow/.local/lib/python3.12/site-packages/airflow/example_dags/example_params_trigger_ui.py took 0.141 seconds
[2025-03-16T19:17:36.181+0000] {processor.py:186} INFO - Started process (PID=90193) to work on /home/airflow/.local/lib/python3.12/site-packages/airflow/example_dags/example_params_trigger_ui.py
[2025-03-16T19:17:36.182+0000] {processor.py:914} INFO - Processing file /home/airflow/.local/lib/python3.12/site-packages/airflow/example_dags/example_params_trigger_ui.py for tasks to queue
[2025-03-16T19:17:36.184+0000] {logging_mixin.py:190} INFO - [2025-03-16T19:17:36.183+0000] {dagbag.py:588} INFO - Filling up the DagBag from /home/airflow/.local/lib/python3.12/site-packages/airflow/example_dags/example_params_trigger_ui.py
[2025-03-16T19:17:36.200+0000] {processor.py:925} INFO - DAG(s) 'example_params_trigger_ui' retrieved from /home/airflow/.local/lib/python3.12/site-packages/airflow/example_dags/example_params_trigger_ui.py
[2025-03-16T19:17:36.252+0000] {logging_mixin.py:190} INFO - [2025-03-16T19:17:36.251+0000] {dag.py:3239} INFO - Sync 1 DAGs
[2025-03-16T19:17:36.269+0000] {logging_mixin.py:190} INFO - [2025-03-16T19:17:36.269+0000] {dag.py:4180} INFO - Setting next_dagrun for example_params_trigger_ui to None, run_after=None
[2025-03-16T19:17:36.299+0000] {processor.py:208} INFO - Processing /home/airflow/.local/lib/python3.12/site-packages/airflow/example_dags/example_params_trigger_ui.py took 0.125 seconds
[2025-03-16T19:18:07.356+0000] {processor.py:186} INFO - Started process (PID=90258) to work on /home/airflow/.local/lib/python3.12/site-packages/airflow/example_dags/example_params_trigger_ui.py
[2025-03-16T19:18:07.358+0000] {processor.py:914} INFO - Processing file /home/airflow/.local/lib/python3.12/site-packages/airflow/example_dags/example_params_trigger_ui.py for tasks to queue
[2025-03-16T19:18:07.361+0000] {logging_mixin.py:190} INFO - [2025-03-16T19:18:07.361+0000] {dagbag.py:588} INFO - Filling up the DagBag from /home/airflow/.local/lib/python3.12/site-packages/airflow/example_dags/example_params_trigger_ui.py
[2025-03-16T19:18:07.379+0000] {processor.py:925} INFO - DAG(s) 'example_params_trigger_ui' retrieved from /home/airflow/.local/lib/python3.12/site-packages/airflow/example_dags/example_params_trigger_ui.py
[2025-03-16T19:18:07.458+0000] {logging_mixin.py:190} INFO - [2025-03-16T19:18:07.458+0000] {dag.py:3239} INFO - Sync 1 DAGs
[2025-03-16T19:18:07.491+0000] {logging_mixin.py:190} INFO - [2025-03-16T19:18:07.490+0000] {dag.py:4180} INFO - Setting next_dagrun for example_params_trigger_ui to None, run_after=None
[2025-03-16T19:18:07.529+0000] {processor.py:208} INFO - Processing /home/airflow/.local/lib/python3.12/site-packages/airflow/example_dags/example_params_trigger_ui.py took 0.181 seconds
[2025-03-16T19:18:37.724+0000] {processor.py:186} INFO - Started process (PID=90322) to work on /home/airflow/.local/lib/python3.12/site-packages/airflow/example_dags/example_params_trigger_ui.py
[2025-03-16T19:18:37.727+0000] {processor.py:914} INFO - Processing file /home/airflow/.local/lib/python3.12/site-packages/airflow/example_dags/example_params_trigger_ui.py for tasks to queue
[2025-03-16T19:18:37.729+0000] {logging_mixin.py:190} INFO - [2025-03-16T19:18:37.729+0000] {dagbag.py:588} INFO - Filling up the DagBag from /home/airflow/.local/lib/python3.12/site-packages/airflow/example_dags/example_params_trigger_ui.py
[2025-03-16T19:18:37.745+0000] {processor.py:925} INFO - DAG(s) 'example_params_trigger_ui' retrieved from /home/airflow/.local/lib/python3.12/site-packages/airflow/example_dags/example_params_trigger_ui.py
[2025-03-16T19:18:37.809+0000] {logging_mixin.py:190} INFO - [2025-03-16T19:18:37.808+0000] {dag.py:3239} INFO - Sync 1 DAGs
[2025-03-16T19:18:37.830+0000] {logging_mixin.py:190} INFO - [2025-03-16T19:18:37.829+0000] {dag.py:4180} INFO - Setting next_dagrun for example_params_trigger_ui to None, run_after=None
[2025-03-16T19:18:37.861+0000] {processor.py:208} INFO - Processing /home/airflow/.local/lib/python3.12/site-packages/airflow/example_dags/example_params_trigger_ui.py took 0.146 seconds
[2025-03-16T19:19:08.295+0000] {processor.py:186} INFO - Started process (PID=90385) to work on /home/airflow/.local/lib/python3.12/site-packages/airflow/example_dags/example_params_trigger_ui.py
[2025-03-16T19:19:08.297+0000] {processor.py:914} INFO - Processing file /home/airflow/.local/lib/python3.12/site-packages/airflow/example_dags/example_params_trigger_ui.py for tasks to queue
[2025-03-16T19:19:08.298+0000] {logging_mixin.py:190} INFO - [2025-03-16T19:19:08.298+0000] {dagbag.py:588} INFO - Filling up the DagBag from /home/airflow/.local/lib/python3.12/site-packages/airflow/example_dags/example_params_trigger_ui.py
[2025-03-16T19:19:08.312+0000] {processor.py:925} INFO - DAG(s) 'example_params_trigger_ui' retrieved from /home/airflow/.local/lib/python3.12/site-packages/airflow/example_dags/example_params_trigger_ui.py
[2025-03-16T19:19:08.381+0000] {logging_mixin.py:190} INFO - [2025-03-16T19:19:08.381+0000] {dag.py:3239} INFO - Sync 1 DAGs
[2025-03-16T19:19:08.408+0000] {logging_mixin.py:190} INFO - [2025-03-16T19:19:08.408+0000] {dag.py:4180} INFO - Setting next_dagrun for example_params_trigger_ui to None, run_after=None
[2025-03-16T19:19:08.436+0000] {processor.py:208} INFO - Processing /home/airflow/.local/lib/python3.12/site-packages/airflow/example_dags/example_params_trigger_ui.py took 0.148 seconds
[2025-03-16T19:19:38.582+0000] {processor.py:186} INFO - Started process (PID=90449) to work on /home/airflow/.local/lib/python3.12/site-packages/airflow/example_dags/example_params_trigger_ui.py
[2025-03-16T19:19:38.584+0000] {processor.py:914} INFO - Processing file /home/airflow/.local/lib/python3.12/site-packages/airflow/example_dags/example_params_trigger_ui.py for tasks to queue
[2025-03-16T19:19:38.586+0000] {logging_mixin.py:190} INFO - [2025-03-16T19:19:38.585+0000] {dagbag.py:588} INFO - Filling up the DagBag from /home/airflow/.local/lib/python3.12/site-packages/airflow/example_dags/example_params_trigger_ui.py
[2025-03-16T19:19:38.603+0000] {processor.py:925} INFO - DAG(s) 'example_params_trigger_ui' retrieved from /home/airflow/.local/lib/python3.12/site-packages/airflow/example_dags/example_params_trigger_ui.py
[2025-03-16T19:19:38.660+0000] {logging_mixin.py:190} INFO - [2025-03-16T19:19:38.660+0000] {dag.py:3239} INFO - Sync 1 DAGs
[2025-03-16T19:19:38.678+0000] {logging_mixin.py:190} INFO - [2025-03-16T19:19:38.678+0000] {dag.py:4180} INFO - Setting next_dagrun for example_params_trigger_ui to None, run_after=None
[2025-03-16T19:19:38.707+0000] {processor.py:208} INFO - Processing /home/airflow/.local/lib/python3.12/site-packages/airflow/example_dags/example_params_trigger_ui.py took 0.131 seconds
[2025-03-16T19:20:09.008+0000] {processor.py:186} INFO - Started process (PID=90513) to work on /home/airflow/.local/lib/python3.12/site-packages/airflow/example_dags/example_params_trigger_ui.py
[2025-03-16T19:20:09.009+0000] {processor.py:914} INFO - Processing file /home/airflow/.local/lib/python3.12/site-packages/airflow/example_dags/example_params_trigger_ui.py for tasks to queue
[2025-03-16T19:20:09.011+0000] {logging_mixin.py:190} INFO - [2025-03-16T19:20:09.011+0000] {dagbag.py:588} INFO - Filling up the DagBag from /home/airflow/.local/lib/python3.12/site-packages/airflow/example_dags/example_params_trigger_ui.py
[2025-03-16T19:20:09.029+0000] {processor.py:925} INFO - DAG(s) 'example_params_trigger_ui' retrieved from /home/airflow/.local/lib/python3.12/site-packages/airflow/example_dags/example_params_trigger_ui.py
[2025-03-16T19:20:09.090+0000] {logging_mixin.py:190} INFO - [2025-03-16T19:20:09.090+0000] {dag.py:3239} INFO - Sync 1 DAGs
[2025-03-16T19:20:09.108+0000] {logging_mixin.py:190} INFO - [2025-03-16T19:20:09.107+0000] {dag.py:4180} INFO - Setting next_dagrun for example_params_trigger_ui to None, run_after=None
[2025-03-16T19:20:09.136+0000] {processor.py:208} INFO - Processing /home/airflow/.local/lib/python3.12/site-packages/airflow/example_dags/example_params_trigger_ui.py took 0.135 seconds
[2025-03-16T19:20:39.977+0000] {processor.py:186} INFO - Started process (PID=90577) to work on /home/airflow/.local/lib/python3.12/site-packages/airflow/example_dags/example_params_trigger_ui.py
[2025-03-16T19:20:39.978+0000] {processor.py:914} INFO - Processing file /home/airflow/.local/lib/python3.12/site-packages/airflow/example_dags/example_params_trigger_ui.py for tasks to queue
[2025-03-16T19:20:39.980+0000] {logging_mixin.py:190} INFO - [2025-03-16T19:20:39.980+0000] {dagbag.py:588} INFO - Filling up the DagBag from /home/airflow/.local/lib/python3.12/site-packages/airflow/example_dags/example_params_trigger_ui.py
[2025-03-16T19:20:39.998+0000] {processor.py:925} INFO - DAG(s) 'example_params_trigger_ui' retrieved from /home/airflow/.local/lib/python3.12/site-packages/airflow/example_dags/example_params_trigger_ui.py
[2025-03-16T19:20:40.056+0000] {logging_mixin.py:190} INFO - [2025-03-16T19:20:40.056+0000] {dag.py:3239} INFO - Sync 1 DAGs
[2025-03-16T19:20:40.075+0000] {logging_mixin.py:190} INFO - [2025-03-16T19:20:40.075+0000] {dag.py:4180} INFO - Setting next_dagrun for example_params_trigger_ui to None, run_after=None
[2025-03-16T19:20:40.103+0000] {processor.py:208} INFO - Processing /home/airflow/.local/lib/python3.12/site-packages/airflow/example_dags/example_params_trigger_ui.py took 0.135 seconds
[2025-03-16T19:21:10.270+0000] {processor.py:186} INFO - Started process (PID=90641) to work on /home/airflow/.local/lib/python3.12/site-packages/airflow/example_dags/example_params_trigger_ui.py
[2025-03-16T19:21:10.272+0000] {processor.py:914} INFO - Processing file /home/airflow/.local/lib/python3.12/site-packages/airflow/example_dags/example_params_trigger_ui.py for tasks to queue
[2025-03-16T19:21:10.273+0000] {logging_mixin.py:190} INFO - [2025-03-16T19:21:10.273+0000] {dagbag.py:588} INFO - Filling up the DagBag from /home/airflow/.local/lib/python3.12/site-packages/airflow/example_dags/example_params_trigger_ui.py
[2025-03-16T19:21:10.288+0000] {processor.py:925} INFO - DAG(s) 'example_params_trigger_ui' retrieved from /home/airflow/.local/lib/python3.12/site-packages/airflow/example_dags/example_params_trigger_ui.py
[2025-03-16T19:21:10.345+0000] {logging_mixin.py:190} INFO - [2025-03-16T19:21:10.344+0000] {dag.py:3239} INFO - Sync 1 DAGs
[2025-03-16T19:21:10.368+0000] {logging_mixin.py:190} INFO - [2025-03-16T19:21:10.368+0000] {dag.py:4180} INFO - Setting next_dagrun for example_params_trigger_ui to None, run_after=None
[2025-03-16T19:21:10.398+0000] {processor.py:208} INFO - Processing /home/airflow/.local/lib/python3.12/site-packages/airflow/example_dags/example_params_trigger_ui.py took 0.134 seconds
[2025-03-16T19:21:40.555+0000] {processor.py:186} INFO - Started process (PID=90705) to work on /home/airflow/.local/lib/python3.12/site-packages/airflow/example_dags/example_params_trigger_ui.py
[2025-03-16T19:21:40.556+0000] {processor.py:914} INFO - Processing file /home/airflow/.local/lib/python3.12/site-packages/airflow/example_dags/example_params_trigger_ui.py for tasks to queue
[2025-03-16T19:21:40.558+0000] {logging_mixin.py:190} INFO - [2025-03-16T19:21:40.557+0000] {dagbag.py:588} INFO - Filling up the DagBag from /home/airflow/.local/lib/python3.12/site-packages/airflow/example_dags/example_params_trigger_ui.py
[2025-03-16T19:21:40.572+0000] {processor.py:925} INFO - DAG(s) 'example_params_trigger_ui' retrieved from /home/airflow/.local/lib/python3.12/site-packages/airflow/example_dags/example_params_trigger_ui.py
[2025-03-16T19:21:40.629+0000] {logging_mixin.py:190} INFO - [2025-03-16T19:21:40.629+0000] {dag.py:3239} INFO - Sync 1 DAGs
[2025-03-16T19:21:40.647+0000] {logging_mixin.py:190} INFO - [2025-03-16T19:21:40.646+0000] {dag.py:4180} INFO - Setting next_dagrun for example_params_trigger_ui to None, run_after=None
[2025-03-16T19:21:40.676+0000] {processor.py:208} INFO - Processing /home/airflow/.local/lib/python3.12/site-packages/airflow/example_dags/example_params_trigger_ui.py took 0.128 seconds
[2025-03-16T19:22:10.954+0000] {processor.py:186} INFO - Started process (PID=90769) to work on /home/airflow/.local/lib/python3.12/site-packages/airflow/example_dags/example_params_trigger_ui.py
[2025-03-16T19:22:10.956+0000] {processor.py:914} INFO - Processing file /home/airflow/.local/lib/python3.12/site-packages/airflow/example_dags/example_params_trigger_ui.py for tasks to queue
[2025-03-16T19:22:10.960+0000] {logging_mixin.py:190} INFO - [2025-03-16T19:22:10.959+0000] {dagbag.py:588} INFO - Filling up the DagBag from /home/airflow/.local/lib/python3.12/site-packages/airflow/example_dags/example_params_trigger_ui.py
[2025-03-16T19:22:10.982+0000] {processor.py:925} INFO - DAG(s) 'example_params_trigger_ui' retrieved from /home/airflow/.local/lib/python3.12/site-packages/airflow/example_dags/example_params_trigger_ui.py
[2025-03-16T19:22:11.053+0000] {logging_mixin.py:190} INFO - [2025-03-16T19:22:11.053+0000] {dag.py:3239} INFO - Sync 1 DAGs
[2025-03-16T19:22:11.080+0000] {logging_mixin.py:190} INFO - [2025-03-16T19:22:11.079+0000] {dag.py:4180} INFO - Setting next_dagrun for example_params_trigger_ui to None, run_after=None
[2025-03-16T19:22:11.109+0000] {processor.py:208} INFO - Processing /home/airflow/.local/lib/python3.12/site-packages/airflow/example_dags/example_params_trigger_ui.py took 0.165 seconds
[2025-03-16T19:22:41.749+0000] {processor.py:186} INFO - Started process (PID=90833) to work on /home/airflow/.local/lib/python3.12/site-packages/airflow/example_dags/example_params_trigger_ui.py
[2025-03-16T19:22:41.750+0000] {processor.py:914} INFO - Processing file /home/airflow/.local/lib/python3.12/site-packages/airflow/example_dags/example_params_trigger_ui.py for tasks to queue
[2025-03-16T19:22:41.753+0000] {logging_mixin.py:190} INFO - [2025-03-16T19:22:41.752+0000] {dagbag.py:588} INFO - Filling up the DagBag from /home/airflow/.local/lib/python3.12/site-packages/airflow/example_dags/example_params_trigger_ui.py
[2025-03-16T19:22:41.779+0000] {processor.py:925} INFO - DAG(s) 'example_params_trigger_ui' retrieved from /home/airflow/.local/lib/python3.12/site-packages/airflow/example_dags/example_params_trigger_ui.py
[2025-03-16T19:22:41.880+0000] {logging_mixin.py:190} INFO - [2025-03-16T19:22:41.879+0000] {dag.py:3239} INFO - Sync 1 DAGs
[2025-03-16T19:22:41.914+0000] {logging_mixin.py:190} INFO - [2025-03-16T19:22:41.914+0000] {dag.py:4180} INFO - Setting next_dagrun for example_params_trigger_ui to None, run_after=None
[2025-03-16T19:22:41.951+0000] {processor.py:208} INFO - Processing /home/airflow/.local/lib/python3.12/site-packages/airflow/example_dags/example_params_trigger_ui.py took 0.211 seconds
[2025-03-16T19:23:12.532+0000] {processor.py:186} INFO - Started process (PID=90897) to work on /home/airflow/.local/lib/python3.12/site-packages/airflow/example_dags/example_params_trigger_ui.py
[2025-03-16T19:23:12.534+0000] {processor.py:914} INFO - Processing file /home/airflow/.local/lib/python3.12/site-packages/airflow/example_dags/example_params_trigger_ui.py for tasks to queue
[2025-03-16T19:23:12.537+0000] {logging_mixin.py:190} INFO - [2025-03-16T19:23:12.536+0000] {dagbag.py:588} INFO - Filling up the DagBag from /home/airflow/.local/lib/python3.12/site-packages/airflow/example_dags/example_params_trigger_ui.py
[2025-03-16T19:23:12.559+0000] {processor.py:925} INFO - DAG(s) 'example_params_trigger_ui' retrieved from /home/airflow/.local/lib/python3.12/site-packages/airflow/example_dags/example_params_trigger_ui.py
[2025-03-16T19:23:12.640+0000] {logging_mixin.py:190} INFO - [2025-03-16T19:23:12.639+0000] {dag.py:3239} INFO - Sync 1 DAGs
[2025-03-16T19:23:12.665+0000] {logging_mixin.py:190} INFO - [2025-03-16T19:23:12.664+0000] {dag.py:4180} INFO - Setting next_dagrun for example_params_trigger_ui to None, run_after=None
[2025-03-16T19:23:12.702+0000] {processor.py:208} INFO - Processing /home/airflow/.local/lib/python3.12/site-packages/airflow/example_dags/example_params_trigger_ui.py took 0.180 seconds
[2025-03-16T19:23:43.056+0000] {processor.py:186} INFO - Started process (PID=90961) to work on /home/airflow/.local/lib/python3.12/site-packages/airflow/example_dags/example_params_trigger_ui.py
[2025-03-16T19:23:43.059+0000] {processor.py:914} INFO - Processing file /home/airflow/.local/lib/python3.12/site-packages/airflow/example_dags/example_params_trigger_ui.py for tasks to queue
[2025-03-16T19:23:43.063+0000] {logging_mixin.py:190} INFO - [2025-03-16T19:23:43.062+0000] {dagbag.py:588} INFO - Filling up the DagBag from /home/airflow/.local/lib/python3.12/site-packages/airflow/example_dags/example_params_trigger_ui.py
[2025-03-16T19:23:43.083+0000] {processor.py:925} INFO - DAG(s) 'example_params_trigger_ui' retrieved from /home/airflow/.local/lib/python3.12/site-packages/airflow/example_dags/example_params_trigger_ui.py
[2025-03-16T19:23:43.169+0000] {logging_mixin.py:190} INFO - [2025-03-16T19:23:43.169+0000] {dag.py:3239} INFO - Sync 1 DAGs
[2025-03-16T19:23:43.200+0000] {logging_mixin.py:190} INFO - [2025-03-16T19:23:43.200+0000] {dag.py:4180} INFO - Setting next_dagrun for example_params_trigger_ui to None, run_after=None
[2025-03-16T19:23:43.241+0000] {processor.py:208} INFO - Processing /home/airflow/.local/lib/python3.12/site-packages/airflow/example_dags/example_params_trigger_ui.py took 0.195 seconds
[2025-03-16T19:24:13.353+0000] {processor.py:186} INFO - Started process (PID=91025) to work on /home/airflow/.local/lib/python3.12/site-packages/airflow/example_dags/example_params_trigger_ui.py
[2025-03-16T19:24:13.355+0000] {processor.py:914} INFO - Processing file /home/airflow/.local/lib/python3.12/site-packages/airflow/example_dags/example_params_trigger_ui.py for tasks to queue
[2025-03-16T19:24:13.358+0000] {logging_mixin.py:190} INFO - [2025-03-16T19:24:13.357+0000] {dagbag.py:588} INFO - Filling up the DagBag from /home/airflow/.local/lib/python3.12/site-packages/airflow/example_dags/example_params_trigger_ui.py
[2025-03-16T19:24:13.381+0000] {processor.py:925} INFO - DAG(s) 'example_params_trigger_ui' retrieved from /home/airflow/.local/lib/python3.12/site-packages/airflow/example_dags/example_params_trigger_ui.py
[2025-03-16T19:24:13.467+0000] {logging_mixin.py:190} INFO - [2025-03-16T19:24:13.466+0000] {dag.py:3239} INFO - Sync 1 DAGs
[2025-03-16T19:24:13.496+0000] {logging_mixin.py:190} INFO - [2025-03-16T19:24:13.495+0000] {dag.py:4180} INFO - Setting next_dagrun for example_params_trigger_ui to None, run_after=None
[2025-03-16T19:24:13.536+0000] {processor.py:208} INFO - Processing /home/airflow/.local/lib/python3.12/site-packages/airflow/example_dags/example_params_trigger_ui.py took 0.193 seconds
[2025-03-16T19:24:43.665+0000] {processor.py:186} INFO - Started process (PID=91089) to work on /home/airflow/.local/lib/python3.12/site-packages/airflow/example_dags/example_params_trigger_ui.py
[2025-03-16T19:24:43.667+0000] {processor.py:914} INFO - Processing file /home/airflow/.local/lib/python3.12/site-packages/airflow/example_dags/example_params_trigger_ui.py for tasks to queue
[2025-03-16T19:24:43.669+0000] {logging_mixin.py:190} INFO - [2025-03-16T19:24:43.669+0000] {dagbag.py:588} INFO - Filling up the DagBag from /home/airflow/.local/lib/python3.12/site-packages/airflow/example_dags/example_params_trigger_ui.py
[2025-03-16T19:24:43.689+0000] {processor.py:925} INFO - DAG(s) 'example_params_trigger_ui' retrieved from /home/airflow/.local/lib/python3.12/site-packages/airflow/example_dags/example_params_trigger_ui.py
[2025-03-16T19:24:43.770+0000] {logging_mixin.py:190} INFO - [2025-03-16T19:24:43.770+0000] {dag.py:3239} INFO - Sync 1 DAGs
[2025-03-16T19:24:43.802+0000] {logging_mixin.py:190} INFO - [2025-03-16T19:24:43.801+0000] {dag.py:4180} INFO - Setting next_dagrun for example_params_trigger_ui to None, run_after=None
[2025-03-16T19:24:43.852+0000] {processor.py:208} INFO - Processing /home/airflow/.local/lib/python3.12/site-packages/airflow/example_dags/example_params_trigger_ui.py took 0.198 seconds
[2025-03-16T19:25:15.127+0000] {processor.py:186} INFO - Started process (PID=91153) to work on /home/airflow/.local/lib/python3.12/site-packages/airflow/example_dags/example_params_trigger_ui.py
[2025-03-16T19:25:15.130+0000] {processor.py:914} INFO - Processing file /home/airflow/.local/lib/python3.12/site-packages/airflow/example_dags/example_params_trigger_ui.py for tasks to queue
[2025-03-16T19:25:15.132+0000] {logging_mixin.py:190} INFO - [2025-03-16T19:25:15.132+0000] {dagbag.py:588} INFO - Filling up the DagBag from /home/airflow/.local/lib/python3.12/site-packages/airflow/example_dags/example_params_trigger_ui.py
[2025-03-16T19:25:15.151+0000] {processor.py:925} INFO - DAG(s) 'example_params_trigger_ui' retrieved from /home/airflow/.local/lib/python3.12/site-packages/airflow/example_dags/example_params_trigger_ui.py
[2025-03-16T19:25:15.237+0000] {logging_mixin.py:190} INFO - [2025-03-16T19:25:15.237+0000] {dag.py:3239} INFO - Sync 1 DAGs
[2025-03-16T19:25:15.269+0000] {logging_mixin.py:190} INFO - [2025-03-16T19:25:15.268+0000] {dag.py:4180} INFO - Setting next_dagrun for example_params_trigger_ui to None, run_after=None
[2025-03-16T19:25:15.307+0000] {processor.py:208} INFO - Processing /home/airflow/.local/lib/python3.12/site-packages/airflow/example_dags/example_params_trigger_ui.py took 0.191 seconds
[2025-03-16T19:25:45.994+0000] {processor.py:186} INFO - Started process (PID=91211) to work on /home/airflow/.local/lib/python3.12/site-packages/airflow/example_dags/example_params_trigger_ui.py
[2025-03-16T19:25:45.996+0000] {processor.py:914} INFO - Processing file /home/airflow/.local/lib/python3.12/site-packages/airflow/example_dags/example_params_trigger_ui.py for tasks to queue
[2025-03-16T19:25:46.000+0000] {logging_mixin.py:190} INFO - [2025-03-16T19:25:45.998+0000] {dagbag.py:588} INFO - Filling up the DagBag from /home/airflow/.local/lib/python3.12/site-packages/airflow/example_dags/example_params_trigger_ui.py
[2025-03-16T19:25:46.025+0000] {processor.py:925} INFO - DAG(s) 'example_params_trigger_ui' retrieved from /home/airflow/.local/lib/python3.12/site-packages/airflow/example_dags/example_params_trigger_ui.py
[2025-03-16T19:25:46.111+0000] {logging_mixin.py:190} INFO - [2025-03-16T19:25:46.111+0000] {dag.py:3239} INFO - Sync 1 DAGs
[2025-03-16T19:25:46.137+0000] {logging_mixin.py:190} INFO - [2025-03-16T19:25:46.137+0000] {dag.py:4180} INFO - Setting next_dagrun for example_params_trigger_ui to None, run_after=None
[2025-03-16T19:25:46.175+0000] {processor.py:208} INFO - Processing /home/airflow/.local/lib/python3.12/site-packages/airflow/example_dags/example_params_trigger_ui.py took 0.193 seconds
[2025-03-16T19:26:17.178+0000] {processor.py:186} INFO - Started process (PID=91276) to work on /home/airflow/.local/lib/python3.12/site-packages/airflow/example_dags/example_params_trigger_ui.py
[2025-03-16T19:26:17.180+0000] {processor.py:914} INFO - Processing file /home/airflow/.local/lib/python3.12/site-packages/airflow/example_dags/example_params_trigger_ui.py for tasks to queue
[2025-03-16T19:26:17.182+0000] {logging_mixin.py:190} INFO - [2025-03-16T19:26:17.181+0000] {dagbag.py:588} INFO - Filling up the DagBag from /home/airflow/.local/lib/python3.12/site-packages/airflow/example_dags/example_params_trigger_ui.py
[2025-03-16T19:26:17.205+0000] {processor.py:925} INFO - DAG(s) 'example_params_trigger_ui' retrieved from /home/airflow/.local/lib/python3.12/site-packages/airflow/example_dags/example_params_trigger_ui.py
[2025-03-16T19:26:17.287+0000] {logging_mixin.py:190} INFO - [2025-03-16T19:26:17.287+0000] {dag.py:3239} INFO - Sync 1 DAGs
[2025-03-16T19:26:17.313+0000] {logging_mixin.py:190} INFO - [2025-03-16T19:26:17.313+0000] {dag.py:4180} INFO - Setting next_dagrun for example_params_trigger_ui to None, run_after=None
[2025-03-16T19:26:17.345+0000] {processor.py:208} INFO - Processing /home/airflow/.local/lib/python3.12/site-packages/airflow/example_dags/example_params_trigger_ui.py took 0.177 seconds
[2025-03-16T19:26:48.189+0000] {processor.py:186} INFO - Started process (PID=91340) to work on /home/airflow/.local/lib/python3.12/site-packages/airflow/example_dags/example_params_trigger_ui.py
[2025-03-16T19:26:48.191+0000] {processor.py:914} INFO - Processing file /home/airflow/.local/lib/python3.12/site-packages/airflow/example_dags/example_params_trigger_ui.py for tasks to queue
[2025-03-16T19:26:48.193+0000] {logging_mixin.py:190} INFO - [2025-03-16T19:26:48.193+0000] {dagbag.py:588} INFO - Filling up the DagBag from /home/airflow/.local/lib/python3.12/site-packages/airflow/example_dags/example_params_trigger_ui.py
[2025-03-16T19:26:48.210+0000] {processor.py:925} INFO - DAG(s) 'example_params_trigger_ui' retrieved from /home/airflow/.local/lib/python3.12/site-packages/airflow/example_dags/example_params_trigger_ui.py
[2025-03-16T19:26:48.284+0000] {logging_mixin.py:190} INFO - [2025-03-16T19:26:48.283+0000] {dag.py:3239} INFO - Sync 1 DAGs
[2025-03-16T19:26:48.309+0000] {logging_mixin.py:190} INFO - [2025-03-16T19:26:48.308+0000] {dag.py:4180} INFO - Setting next_dagrun for example_params_trigger_ui to None, run_after=None
[2025-03-16T19:26:48.340+0000] {processor.py:208} INFO - Processing /home/airflow/.local/lib/python3.12/site-packages/airflow/example_dags/example_params_trigger_ui.py took 0.162 seconds
[2025-03-16T19:27:18.650+0000] {processor.py:186} INFO - Started process (PID=91400) to work on /home/airflow/.local/lib/python3.12/site-packages/airflow/example_dags/example_params_trigger_ui.py
[2025-03-16T19:27:18.652+0000] {processor.py:914} INFO - Processing file /home/airflow/.local/lib/python3.12/site-packages/airflow/example_dags/example_params_trigger_ui.py for tasks to queue
[2025-03-16T19:27:18.655+0000] {logging_mixin.py:190} INFO - [2025-03-16T19:27:18.654+0000] {dagbag.py:588} INFO - Filling up the DagBag from /home/airflow/.local/lib/python3.12/site-packages/airflow/example_dags/example_params_trigger_ui.py
[2025-03-16T19:27:18.677+0000] {processor.py:925} INFO - DAG(s) 'example_params_trigger_ui' retrieved from /home/airflow/.local/lib/python3.12/site-packages/airflow/example_dags/example_params_trigger_ui.py
[2025-03-16T19:27:18.749+0000] {logging_mixin.py:190} INFO - [2025-03-16T19:27:18.748+0000] {dag.py:3239} INFO - Sync 1 DAGs
[2025-03-16T19:27:18.773+0000] {logging_mixin.py:190} INFO - [2025-03-16T19:27:18.772+0000] {dag.py:4180} INFO - Setting next_dagrun for example_params_trigger_ui to None, run_after=None
[2025-03-16T19:27:18.805+0000] {processor.py:208} INFO - Processing /home/airflow/.local/lib/python3.12/site-packages/airflow/example_dags/example_params_trigger_ui.py took 0.165 seconds
[2025-03-16T19:27:50.652+0000] {processor.py:186} INFO - Started process (PID=91461) to work on /home/airflow/.local/lib/python3.12/site-packages/airflow/example_dags/example_params_trigger_ui.py
[2025-03-16T19:27:50.653+0000] {processor.py:914} INFO - Processing file /home/airflow/.local/lib/python3.12/site-packages/airflow/example_dags/example_params_trigger_ui.py for tasks to queue
[2025-03-16T19:27:50.655+0000] {logging_mixin.py:190} INFO - [2025-03-16T19:27:50.655+0000] {dagbag.py:588} INFO - Filling up the DagBag from /home/airflow/.local/lib/python3.12/site-packages/airflow/example_dags/example_params_trigger_ui.py
[2025-03-16T19:27:50.680+0000] {processor.py:925} INFO - DAG(s) 'example_params_trigger_ui' retrieved from /home/airflow/.local/lib/python3.12/site-packages/airflow/example_dags/example_params_trigger_ui.py
[2025-03-16T19:27:50.767+0000] {logging_mixin.py:190} INFO - [2025-03-16T19:27:50.767+0000] {dag.py:3239} INFO - Sync 1 DAGs
[2025-03-16T19:27:50.797+0000] {logging_mixin.py:190} INFO - [2025-03-16T19:27:50.796+0000] {dag.py:4180} INFO - Setting next_dagrun for example_params_trigger_ui to None, run_after=None
[2025-03-16T19:27:50.833+0000] {processor.py:208} INFO - Processing /home/airflow/.local/lib/python3.12/site-packages/airflow/example_dags/example_params_trigger_ui.py took 0.193 seconds
[2025-03-16T19:28:21.717+0000] {processor.py:186} INFO - Started process (PID=91525) to work on /home/airflow/.local/lib/python3.12/site-packages/airflow/example_dags/example_params_trigger_ui.py
[2025-03-16T19:28:21.719+0000] {processor.py:914} INFO - Processing file /home/airflow/.local/lib/python3.12/site-packages/airflow/example_dags/example_params_trigger_ui.py for tasks to queue
[2025-03-16T19:28:21.722+0000] {logging_mixin.py:190} INFO - [2025-03-16T19:28:21.722+0000] {dagbag.py:588} INFO - Filling up the DagBag from /home/airflow/.local/lib/python3.12/site-packages/airflow/example_dags/example_params_trigger_ui.py
[2025-03-16T19:28:21.745+0000] {processor.py:925} INFO - DAG(s) 'example_params_trigger_ui' retrieved from /home/airflow/.local/lib/python3.12/site-packages/airflow/example_dags/example_params_trigger_ui.py
[2025-03-16T19:28:21.845+0000] {logging_mixin.py:190} INFO - [2025-03-16T19:28:21.845+0000] {dag.py:3239} INFO - Sync 1 DAGs
[2025-03-16T19:28:21.873+0000] {logging_mixin.py:190} INFO - [2025-03-16T19:28:21.873+0000] {dag.py:4180} INFO - Setting next_dagrun for example_params_trigger_ui to None, run_after=None
[2025-03-16T19:28:22.184+0000] {processor.py:208} INFO - Processing /home/airflow/.local/lib/python3.12/site-packages/airflow/example_dags/example_params_trigger_ui.py took 0.477 seconds
[2025-03-16T19:28:52.927+0000] {processor.py:186} INFO - Started process (PID=91589) to work on /home/airflow/.local/lib/python3.12/site-packages/airflow/example_dags/example_params_trigger_ui.py
[2025-03-16T19:28:52.929+0000] {processor.py:914} INFO - Processing file /home/airflow/.local/lib/python3.12/site-packages/airflow/example_dags/example_params_trigger_ui.py for tasks to queue
[2025-03-16T19:28:52.934+0000] {logging_mixin.py:190} INFO - [2025-03-16T19:28:52.932+0000] {dagbag.py:588} INFO - Filling up the DagBag from /home/airflow/.local/lib/python3.12/site-packages/airflow/example_dags/example_params_trigger_ui.py
[2025-03-16T19:28:52.958+0000] {processor.py:925} INFO - DAG(s) 'example_params_trigger_ui' retrieved from /home/airflow/.local/lib/python3.12/site-packages/airflow/example_dags/example_params_trigger_ui.py
[2025-03-16T19:28:53.042+0000] {logging_mixin.py:190} INFO - [2025-03-16T19:28:53.042+0000] {dag.py:3239} INFO - Sync 1 DAGs
[2025-03-16T19:28:53.072+0000] {logging_mixin.py:190} INFO - [2025-03-16T19:28:53.071+0000] {dag.py:4180} INFO - Setting next_dagrun for example_params_trigger_ui to None, run_after=None
[2025-03-16T19:28:53.110+0000] {processor.py:208} INFO - Processing /home/airflow/.local/lib/python3.12/site-packages/airflow/example_dags/example_params_trigger_ui.py took 0.193 seconds
[2025-03-16T19:29:24.072+0000] {processor.py:186} INFO - Started process (PID=91653) to work on /home/airflow/.local/lib/python3.12/site-packages/airflow/example_dags/example_params_trigger_ui.py
[2025-03-16T19:29:24.074+0000] {processor.py:914} INFO - Processing file /home/airflow/.local/lib/python3.12/site-packages/airflow/example_dags/example_params_trigger_ui.py for tasks to queue
[2025-03-16T19:29:24.076+0000] {logging_mixin.py:190} INFO - [2025-03-16T19:29:24.076+0000] {dagbag.py:588} INFO - Filling up the DagBag from /home/airflow/.local/lib/python3.12/site-packages/airflow/example_dags/example_params_trigger_ui.py
[2025-03-16T19:29:24.100+0000] {processor.py:925} INFO - DAG(s) 'example_params_trigger_ui' retrieved from /home/airflow/.local/lib/python3.12/site-packages/airflow/example_dags/example_params_trigger_ui.py
[2025-03-16T19:29:24.186+0000] {logging_mixin.py:190} INFO - [2025-03-16T19:29:24.185+0000] {dag.py:3239} INFO - Sync 1 DAGs
[2025-03-16T19:29:24.216+0000] {logging_mixin.py:190} INFO - [2025-03-16T19:29:24.215+0000] {dag.py:4180} INFO - Setting next_dagrun for example_params_trigger_ui to None, run_after=None
[2025-03-16T19:29:24.254+0000] {processor.py:208} INFO - Processing /home/airflow/.local/lib/python3.12/site-packages/airflow/example_dags/example_params_trigger_ui.py took 0.193 seconds
[2025-03-16T19:29:56.443+0000] {processor.py:186} INFO - Started process (PID=91716) to work on /home/airflow/.local/lib/python3.12/site-packages/airflow/example_dags/example_params_trigger_ui.py
[2025-03-16T19:29:56.444+0000] {processor.py:914} INFO - Processing file /home/airflow/.local/lib/python3.12/site-packages/airflow/example_dags/example_params_trigger_ui.py for tasks to queue
[2025-03-16T19:29:56.447+0000] {logging_mixin.py:190} INFO - [2025-03-16T19:29:56.446+0000] {dagbag.py:588} INFO - Filling up the DagBag from /home/airflow/.local/lib/python3.12/site-packages/airflow/example_dags/example_params_trigger_ui.py
[2025-03-16T19:29:56.476+0000] {processor.py:925} INFO - DAG(s) 'example_params_trigger_ui' retrieved from /home/airflow/.local/lib/python3.12/site-packages/airflow/example_dags/example_params_trigger_ui.py
[2025-03-16T19:29:56.570+0000] {logging_mixin.py:190} INFO - [2025-03-16T19:29:56.570+0000] {dag.py:3239} INFO - Sync 1 DAGs
[2025-03-16T19:29:56.598+0000] {logging_mixin.py:190} INFO - [2025-03-16T19:29:56.597+0000] {dag.py:4180} INFO - Setting next_dagrun for example_params_trigger_ui to None, run_after=None
[2025-03-16T19:29:56.634+0000] {processor.py:208} INFO - Processing /home/airflow/.local/lib/python3.12/site-packages/airflow/example_dags/example_params_trigger_ui.py took 0.205 seconds
[2025-03-16T19:30:26.819+0000] {processor.py:186} INFO - Started process (PID=91779) to work on /home/airflow/.local/lib/python3.12/site-packages/airflow/example_dags/example_params_trigger_ui.py
[2025-03-16T19:30:26.821+0000] {processor.py:914} INFO - Processing file /home/airflow/.local/lib/python3.12/site-packages/airflow/example_dags/example_params_trigger_ui.py for tasks to queue
[2025-03-16T19:30:26.823+0000] {logging_mixin.py:190} INFO - [2025-03-16T19:30:26.822+0000] {dagbag.py:588} INFO - Filling up the DagBag from /home/airflow/.local/lib/python3.12/site-packages/airflow/example_dags/example_params_trigger_ui.py
[2025-03-16T19:30:26.849+0000] {processor.py:925} INFO - DAG(s) 'example_params_trigger_ui' retrieved from /home/airflow/.local/lib/python3.12/site-packages/airflow/example_dags/example_params_trigger_ui.py
[2025-03-16T19:30:26.931+0000] {logging_mixin.py:190} INFO - [2025-03-16T19:30:26.931+0000] {dag.py:3239} INFO - Sync 1 DAGs
[2025-03-16T19:30:26.954+0000] {logging_mixin.py:190} INFO - [2025-03-16T19:30:26.954+0000] {dag.py:4180} INFO - Setting next_dagrun for example_params_trigger_ui to None, run_after=None
[2025-03-16T19:30:26.992+0000] {processor.py:208} INFO - Processing /home/airflow/.local/lib/python3.12/site-packages/airflow/example_dags/example_params_trigger_ui.py took 0.183 seconds
[2025-03-16T19:30:57.257+0000] {processor.py:186} INFO - Started process (PID=91849) to work on /home/airflow/.local/lib/python3.12/site-packages/airflow/example_dags/example_params_trigger_ui.py
[2025-03-16T19:30:57.262+0000] {processor.py:914} INFO - Processing file /home/airflow/.local/lib/python3.12/site-packages/airflow/example_dags/example_params_trigger_ui.py for tasks to queue
[2025-03-16T19:30:57.264+0000] {logging_mixin.py:190} INFO - [2025-03-16T19:30:57.264+0000] {dagbag.py:588} INFO - Filling up the DagBag from /home/airflow/.local/lib/python3.12/site-packages/airflow/example_dags/example_params_trigger_ui.py
[2025-03-16T19:30:57.284+0000] {processor.py:925} INFO - DAG(s) 'example_params_trigger_ui' retrieved from /home/airflow/.local/lib/python3.12/site-packages/airflow/example_dags/example_params_trigger_ui.py
[2025-03-16T19:30:57.367+0000] {logging_mixin.py:190} INFO - [2025-03-16T19:30:57.367+0000] {dag.py:3239} INFO - Sync 1 DAGs
[2025-03-16T19:30:57.395+0000] {logging_mixin.py:190} INFO - [2025-03-16T19:30:57.394+0000] {dag.py:4180} INFO - Setting next_dagrun for example_params_trigger_ui to None, run_after=None
[2025-03-16T19:30:57.433+0000] {processor.py:208} INFO - Processing /home/airflow/.local/lib/python3.12/site-packages/airflow/example_dags/example_params_trigger_ui.py took 0.184 seconds
[2025-03-16T19:31:27.506+0000] {processor.py:186} INFO - Started process (PID=91913) to work on /home/airflow/.local/lib/python3.12/site-packages/airflow/example_dags/example_params_trigger_ui.py
[2025-03-16T19:31:27.508+0000] {processor.py:914} INFO - Processing file /home/airflow/.local/lib/python3.12/site-packages/airflow/example_dags/example_params_trigger_ui.py for tasks to queue
[2025-03-16T19:31:27.510+0000] {logging_mixin.py:190} INFO - [2025-03-16T19:31:27.509+0000] {dagbag.py:588} INFO - Filling up the DagBag from /home/airflow/.local/lib/python3.12/site-packages/airflow/example_dags/example_params_trigger_ui.py
[2025-03-16T19:31:27.530+0000] {processor.py:925} INFO - DAG(s) 'example_params_trigger_ui' retrieved from /home/airflow/.local/lib/python3.12/site-packages/airflow/example_dags/example_params_trigger_ui.py
[2025-03-16T19:31:27.623+0000] {logging_mixin.py:190} INFO - [2025-03-16T19:31:27.622+0000] {dag.py:3239} INFO - Sync 1 DAGs
[2025-03-16T19:31:27.658+0000] {logging_mixin.py:190} INFO - [2025-03-16T19:31:27.658+0000] {dag.py:4180} INFO - Setting next_dagrun for example_params_trigger_ui to None, run_after=None
[2025-03-16T19:31:27.701+0000] {processor.py:208} INFO - Processing /home/airflow/.local/lib/python3.12/site-packages/airflow/example_dags/example_params_trigger_ui.py took 0.206 seconds
[2025-03-16T19:31:57.906+0000] {processor.py:186} INFO - Started process (PID=91977) to work on /home/airflow/.local/lib/python3.12/site-packages/airflow/example_dags/example_params_trigger_ui.py
[2025-03-16T19:31:57.908+0000] {processor.py:914} INFO - Processing file /home/airflow/.local/lib/python3.12/site-packages/airflow/example_dags/example_params_trigger_ui.py for tasks to queue
[2025-03-16T19:31:57.912+0000] {logging_mixin.py:190} INFO - [2025-03-16T19:31:57.911+0000] {dagbag.py:588} INFO - Filling up the DagBag from /home/airflow/.local/lib/python3.12/site-packages/airflow/example_dags/example_params_trigger_ui.py
[2025-03-16T19:31:57.936+0000] {processor.py:925} INFO - DAG(s) 'example_params_trigger_ui' retrieved from /home/airflow/.local/lib/python3.12/site-packages/airflow/example_dags/example_params_trigger_ui.py
[2025-03-16T19:31:58.017+0000] {logging_mixin.py:190} INFO - [2025-03-16T19:31:58.017+0000] {dag.py:3239} INFO - Sync 1 DAGs
[2025-03-16T19:31:58.045+0000] {logging_mixin.py:190} INFO - [2025-03-16T19:31:58.045+0000] {dag.py:4180} INFO - Setting next_dagrun for example_params_trigger_ui to None, run_after=None
[2025-03-16T19:31:58.081+0000] {processor.py:208} INFO - Processing /home/airflow/.local/lib/python3.12/site-packages/airflow/example_dags/example_params_trigger_ui.py took 0.184 seconds
[2025-03-16T19:32:28.787+0000] {processor.py:186} INFO - Started process (PID=92040) to work on /home/airflow/.local/lib/python3.12/site-packages/airflow/example_dags/example_params_trigger_ui.py
[2025-03-16T19:32:28.790+0000] {processor.py:914} INFO - Processing file /home/airflow/.local/lib/python3.12/site-packages/airflow/example_dags/example_params_trigger_ui.py for tasks to queue
[2025-03-16T19:32:28.793+0000] {logging_mixin.py:190} INFO - [2025-03-16T19:32:28.793+0000] {dagbag.py:588} INFO - Filling up the DagBag from /home/airflow/.local/lib/python3.12/site-packages/airflow/example_dags/example_params_trigger_ui.py
[2025-03-16T19:32:28.812+0000] {processor.py:925} INFO - DAG(s) 'example_params_trigger_ui' retrieved from /home/airflow/.local/lib/python3.12/site-packages/airflow/example_dags/example_params_trigger_ui.py
[2025-03-16T19:32:28.894+0000] {logging_mixin.py:190} INFO - [2025-03-16T19:32:28.894+0000] {dag.py:3239} INFO - Sync 1 DAGs
[2025-03-16T19:32:28.918+0000] {logging_mixin.py:190} INFO - [2025-03-16T19:32:28.917+0000] {dag.py:4180} INFO - Setting next_dagrun for example_params_trigger_ui to None, run_after=None
[2025-03-16T19:32:28.956+0000] {processor.py:208} INFO - Processing /home/airflow/.local/lib/python3.12/site-packages/airflow/example_dags/example_params_trigger_ui.py took 0.178 seconds
[2025-03-16T19:32:59.630+0000] {processor.py:186} INFO - Started process (PID=92104) to work on /home/airflow/.local/lib/python3.12/site-packages/airflow/example_dags/example_params_trigger_ui.py
[2025-03-16T19:32:59.632+0000] {processor.py:914} INFO - Processing file /home/airflow/.local/lib/python3.12/site-packages/airflow/example_dags/example_params_trigger_ui.py for tasks to queue
[2025-03-16T19:32:59.634+0000] {logging_mixin.py:190} INFO - [2025-03-16T19:32:59.633+0000] {dagbag.py:588} INFO - Filling up the DagBag from /home/airflow/.local/lib/python3.12/site-packages/airflow/example_dags/example_params_trigger_ui.py
[2025-03-16T19:32:59.656+0000] {processor.py:925} INFO - DAG(s) 'example_params_trigger_ui' retrieved from /home/airflow/.local/lib/python3.12/site-packages/airflow/example_dags/example_params_trigger_ui.py
[2025-03-16T19:32:59.738+0000] {logging_mixin.py:190} INFO - [2025-03-16T19:32:59.737+0000] {dag.py:3239} INFO - Sync 1 DAGs
[2025-03-16T19:32:59.767+0000] {logging_mixin.py:190} INFO - [2025-03-16T19:32:59.766+0000] {dag.py:4180} INFO - Setting next_dagrun for example_params_trigger_ui to None, run_after=None
[2025-03-16T19:32:59.801+0000] {processor.py:208} INFO - Processing /home/airflow/.local/lib/python3.12/site-packages/airflow/example_dags/example_params_trigger_ui.py took 0.179 seconds
[2025-03-16T19:33:29.953+0000] {processor.py:186} INFO - Started process (PID=92168) to work on /home/airflow/.local/lib/python3.12/site-packages/airflow/example_dags/example_params_trigger_ui.py
[2025-03-16T19:33:29.955+0000] {processor.py:914} INFO - Processing file /home/airflow/.local/lib/python3.12/site-packages/airflow/example_dags/example_params_trigger_ui.py for tasks to queue
[2025-03-16T19:33:29.956+0000] {logging_mixin.py:190} INFO - [2025-03-16T19:33:29.956+0000] {dagbag.py:588} INFO - Filling up the DagBag from /home/airflow/.local/lib/python3.12/site-packages/airflow/example_dags/example_params_trigger_ui.py
[2025-03-16T19:33:29.977+0000] {processor.py:925} INFO - DAG(s) 'example_params_trigger_ui' retrieved from /home/airflow/.local/lib/python3.12/site-packages/airflow/example_dags/example_params_trigger_ui.py
[2025-03-16T19:33:30.044+0000] {logging_mixin.py:190} INFO - [2025-03-16T19:33:30.043+0000] {dag.py:3239} INFO - Sync 1 DAGs
[2025-03-16T19:33:30.068+0000] {logging_mixin.py:190} INFO - [2025-03-16T19:33:30.068+0000] {dag.py:4180} INFO - Setting next_dagrun for example_params_trigger_ui to None, run_after=None
[2025-03-16T19:33:30.100+0000] {processor.py:208} INFO - Processing /home/airflow/.local/lib/python3.12/site-packages/airflow/example_dags/example_params_trigger_ui.py took 0.155 seconds
[2025-03-16T19:34:00.630+0000] {processor.py:186} INFO - Started process (PID=92232) to work on /home/airflow/.local/lib/python3.12/site-packages/airflow/example_dags/example_params_trigger_ui.py
[2025-03-16T19:34:00.632+0000] {processor.py:914} INFO - Processing file /home/airflow/.local/lib/python3.12/site-packages/airflow/example_dags/example_params_trigger_ui.py for tasks to queue
[2025-03-16T19:34:00.634+0000] {logging_mixin.py:190} INFO - [2025-03-16T19:34:00.634+0000] {dagbag.py:588} INFO - Filling up the DagBag from /home/airflow/.local/lib/python3.12/site-packages/airflow/example_dags/example_params_trigger_ui.py
[2025-03-16T19:34:00.655+0000] {processor.py:925} INFO - DAG(s) 'example_params_trigger_ui' retrieved from /home/airflow/.local/lib/python3.12/site-packages/airflow/example_dags/example_params_trigger_ui.py
[2025-03-16T19:34:00.738+0000] {logging_mixin.py:190} INFO - [2025-03-16T19:34:00.737+0000] {dag.py:3239} INFO - Sync 1 DAGs
[2025-03-16T19:34:00.769+0000] {logging_mixin.py:190} INFO - [2025-03-16T19:34:00.768+0000] {dag.py:4180} INFO - Setting next_dagrun for example_params_trigger_ui to None, run_after=None
[2025-03-16T19:34:00.806+0000] {processor.py:208} INFO - Processing /home/airflow/.local/lib/python3.12/site-packages/airflow/example_dags/example_params_trigger_ui.py took 0.188 seconds
[2025-03-16T19:34:31.597+0000] {processor.py:186} INFO - Started process (PID=92296) to work on /home/airflow/.local/lib/python3.12/site-packages/airflow/example_dags/example_params_trigger_ui.py
[2025-03-16T19:34:31.599+0000] {processor.py:914} INFO - Processing file /home/airflow/.local/lib/python3.12/site-packages/airflow/example_dags/example_params_trigger_ui.py for tasks to queue
[2025-03-16T19:34:31.601+0000] {logging_mixin.py:190} INFO - [2025-03-16T19:34:31.601+0000] {dagbag.py:588} INFO - Filling up the DagBag from /home/airflow/.local/lib/python3.12/site-packages/airflow/example_dags/example_params_trigger_ui.py
[2025-03-16T19:34:31.622+0000] {processor.py:925} INFO - DAG(s) 'example_params_trigger_ui' retrieved from /home/airflow/.local/lib/python3.12/site-packages/airflow/example_dags/example_params_trigger_ui.py
[2025-03-16T19:34:31.697+0000] {logging_mixin.py:190} INFO - [2025-03-16T19:34:31.697+0000] {dag.py:3239} INFO - Sync 1 DAGs
[2025-03-16T19:34:31.722+0000] {logging_mixin.py:190} INFO - [2025-03-16T19:34:31.721+0000] {dag.py:4180} INFO - Setting next_dagrun for example_params_trigger_ui to None, run_after=None
[2025-03-16T19:34:31.753+0000] {processor.py:208} INFO - Processing /home/airflow/.local/lib/python3.12/site-packages/airflow/example_dags/example_params_trigger_ui.py took 0.166 seconds
[2025-03-16T19:35:02.001+0000] {processor.py:186} INFO - Started process (PID=92359) to work on /home/airflow/.local/lib/python3.12/site-packages/airflow/example_dags/example_params_trigger_ui.py
[2025-03-16T19:35:02.002+0000] {processor.py:914} INFO - Processing file /home/airflow/.local/lib/python3.12/site-packages/airflow/example_dags/example_params_trigger_ui.py for tasks to queue
[2025-03-16T19:35:02.004+0000] {logging_mixin.py:190} INFO - [2025-03-16T19:35:02.004+0000] {dagbag.py:588} INFO - Filling up the DagBag from /home/airflow/.local/lib/python3.12/site-packages/airflow/example_dags/example_params_trigger_ui.py
[2025-03-16T19:35:02.025+0000] {processor.py:925} INFO - DAG(s) 'example_params_trigger_ui' retrieved from /home/airflow/.local/lib/python3.12/site-packages/airflow/example_dags/example_params_trigger_ui.py
[2025-03-16T19:35:02.098+0000] {logging_mixin.py:190} INFO - [2025-03-16T19:35:02.097+0000] {dag.py:3239} INFO - Sync 1 DAGs
[2025-03-16T19:35:02.123+0000] {logging_mixin.py:190} INFO - [2025-03-16T19:35:02.123+0000] {dag.py:4180} INFO - Setting next_dagrun for example_params_trigger_ui to None, run_after=None
[2025-03-16T19:35:02.158+0000] {processor.py:208} INFO - Processing /home/airflow/.local/lib/python3.12/site-packages/airflow/example_dags/example_params_trigger_ui.py took 0.167 seconds
[2025-03-16T19:35:32.742+0000] {processor.py:186} INFO - Started process (PID=92423) to work on /home/airflow/.local/lib/python3.12/site-packages/airflow/example_dags/example_params_trigger_ui.py
[2025-03-16T19:35:32.744+0000] {processor.py:914} INFO - Processing file /home/airflow/.local/lib/python3.12/site-packages/airflow/example_dags/example_params_trigger_ui.py for tasks to queue
[2025-03-16T19:35:32.746+0000] {logging_mixin.py:190} INFO - [2025-03-16T19:35:32.745+0000] {dagbag.py:588} INFO - Filling up the DagBag from /home/airflow/.local/lib/python3.12/site-packages/airflow/example_dags/example_params_trigger_ui.py
[2025-03-16T19:35:32.763+0000] {processor.py:925} INFO - DAG(s) 'example_params_trigger_ui' retrieved from /home/airflow/.local/lib/python3.12/site-packages/airflow/example_dags/example_params_trigger_ui.py
[2025-03-16T19:35:32.830+0000] {logging_mixin.py:190} INFO - [2025-03-16T19:35:32.830+0000] {dag.py:3239} INFO - Sync 1 DAGs
[2025-03-16T19:35:32.851+0000] {logging_mixin.py:190} INFO - [2025-03-16T19:35:32.851+0000] {dag.py:4180} INFO - Setting next_dagrun for example_params_trigger_ui to None, run_after=None
[2025-03-16T19:35:32.885+0000] {processor.py:208} INFO - Processing /home/airflow/.local/lib/python3.12/site-packages/airflow/example_dags/example_params_trigger_ui.py took 0.151 seconds
[2025-03-16T19:36:03.496+0000] {processor.py:186} INFO - Started process (PID=92487) to work on /home/airflow/.local/lib/python3.12/site-packages/airflow/example_dags/example_params_trigger_ui.py
[2025-03-16T19:36:03.498+0000] {processor.py:914} INFO - Processing file /home/airflow/.local/lib/python3.12/site-packages/airflow/example_dags/example_params_trigger_ui.py for tasks to queue
[2025-03-16T19:36:03.502+0000] {logging_mixin.py:190} INFO - [2025-03-16T19:36:03.500+0000] {dagbag.py:588} INFO - Filling up the DagBag from /home/airflow/.local/lib/python3.12/site-packages/airflow/example_dags/example_params_trigger_ui.py
[2025-03-16T19:36:03.522+0000] {processor.py:925} INFO - DAG(s) 'example_params_trigger_ui' retrieved from /home/airflow/.local/lib/python3.12/site-packages/airflow/example_dags/example_params_trigger_ui.py
[2025-03-16T19:36:03.597+0000] {logging_mixin.py:190} INFO - [2025-03-16T19:36:03.597+0000] {dag.py:3239} INFO - Sync 1 DAGs
[2025-03-16T19:36:03.623+0000] {logging_mixin.py:190} INFO - [2025-03-16T19:36:03.622+0000] {dag.py:4180} INFO - Setting next_dagrun for example_params_trigger_ui to None, run_after=None
[2025-03-16T19:36:03.654+0000] {processor.py:208} INFO - Processing /home/airflow/.local/lib/python3.12/site-packages/airflow/example_dags/example_params_trigger_ui.py took 0.169 seconds
[2025-03-16T19:36:33.950+0000] {processor.py:186} INFO - Started process (PID=92551) to work on /home/airflow/.local/lib/python3.12/site-packages/airflow/example_dags/example_params_trigger_ui.py
[2025-03-16T19:36:33.952+0000] {processor.py:914} INFO - Processing file /home/airflow/.local/lib/python3.12/site-packages/airflow/example_dags/example_params_trigger_ui.py for tasks to queue
[2025-03-16T19:36:33.955+0000] {logging_mixin.py:190} INFO - [2025-03-16T19:36:33.954+0000] {dagbag.py:588} INFO - Filling up the DagBag from /home/airflow/.local/lib/python3.12/site-packages/airflow/example_dags/example_params_trigger_ui.py
[2025-03-16T19:36:33.977+0000] {processor.py:925} INFO - DAG(s) 'example_params_trigger_ui' retrieved from /home/airflow/.local/lib/python3.12/site-packages/airflow/example_dags/example_params_trigger_ui.py
[2025-03-16T19:36:34.054+0000] {logging_mixin.py:190} INFO - [2025-03-16T19:36:34.053+0000] {dag.py:3239} INFO - Sync 1 DAGs
[2025-03-16T19:36:34.077+0000] {logging_mixin.py:190} INFO - [2025-03-16T19:36:34.076+0000] {dag.py:4180} INFO - Setting next_dagrun for example_params_trigger_ui to None, run_after=None
[2025-03-16T19:36:34.110+0000] {processor.py:208} INFO - Processing /home/airflow/.local/lib/python3.12/site-packages/airflow/example_dags/example_params_trigger_ui.py took 0.173 seconds
[2025-03-16T19:37:04.320+0000] {processor.py:186} INFO - Started process (PID=92615) to work on /home/airflow/.local/lib/python3.12/site-packages/airflow/example_dags/example_params_trigger_ui.py
[2025-03-16T19:37:04.321+0000] {processor.py:914} INFO - Processing file /home/airflow/.local/lib/python3.12/site-packages/airflow/example_dags/example_params_trigger_ui.py for tasks to queue
[2025-03-16T19:37:04.323+0000] {logging_mixin.py:190} INFO - [2025-03-16T19:37:04.323+0000] {dagbag.py:588} INFO - Filling up the DagBag from /home/airflow/.local/lib/python3.12/site-packages/airflow/example_dags/example_params_trigger_ui.py
[2025-03-16T19:37:04.343+0000] {processor.py:925} INFO - DAG(s) 'example_params_trigger_ui' retrieved from /home/airflow/.local/lib/python3.12/site-packages/airflow/example_dags/example_params_trigger_ui.py
[2025-03-16T19:37:04.419+0000] {logging_mixin.py:190} INFO - [2025-03-16T19:37:04.419+0000] {dag.py:3239} INFO - Sync 1 DAGs
[2025-03-16T19:37:04.444+0000] {logging_mixin.py:190} INFO - [2025-03-16T19:37:04.443+0000] {dag.py:4180} INFO - Setting next_dagrun for example_params_trigger_ui to None, run_after=None
[2025-03-16T19:37:04.473+0000] {processor.py:208} INFO - Processing /home/airflow/.local/lib/python3.12/site-packages/airflow/example_dags/example_params_trigger_ui.py took 0.162 seconds
[2025-03-16T19:37:34.902+0000] {processor.py:186} INFO - Started process (PID=92679) to work on /home/airflow/.local/lib/python3.12/site-packages/airflow/example_dags/example_params_trigger_ui.py
[2025-03-16T19:37:34.904+0000] {processor.py:914} INFO - Processing file /home/airflow/.local/lib/python3.12/site-packages/airflow/example_dags/example_params_trigger_ui.py for tasks to queue
[2025-03-16T19:37:34.906+0000] {logging_mixin.py:190} INFO - [2025-03-16T19:37:34.906+0000] {dagbag.py:588} INFO - Filling up the DagBag from /home/airflow/.local/lib/python3.12/site-packages/airflow/example_dags/example_params_trigger_ui.py
[2025-03-16T19:37:34.929+0000] {processor.py:925} INFO - DAG(s) 'example_params_trigger_ui' retrieved from /home/airflow/.local/lib/python3.12/site-packages/airflow/example_dags/example_params_trigger_ui.py
[2025-03-16T19:37:35.002+0000] {logging_mixin.py:190} INFO - [2025-03-16T19:37:35.002+0000] {dag.py:3239} INFO - Sync 1 DAGs
[2025-03-16T19:37:35.027+0000] {logging_mixin.py:190} INFO - [2025-03-16T19:37:35.026+0000] {dag.py:4180} INFO - Setting next_dagrun for example_params_trigger_ui to None, run_after=None
[2025-03-16T19:37:35.059+0000] {processor.py:208} INFO - Processing /home/airflow/.local/lib/python3.12/site-packages/airflow/example_dags/example_params_trigger_ui.py took 0.167 seconds
[2025-03-16T19:38:05.266+0000] {processor.py:186} INFO - Started process (PID=92743) to work on /home/airflow/.local/lib/python3.12/site-packages/airflow/example_dags/example_params_trigger_ui.py
[2025-03-16T19:38:05.268+0000] {processor.py:914} INFO - Processing file /home/airflow/.local/lib/python3.12/site-packages/airflow/example_dags/example_params_trigger_ui.py for tasks to queue
[2025-03-16T19:38:05.270+0000] {logging_mixin.py:190} INFO - [2025-03-16T19:38:05.269+0000] {dagbag.py:588} INFO - Filling up the DagBag from /home/airflow/.local/lib/python3.12/site-packages/airflow/example_dags/example_params_trigger_ui.py
[2025-03-16T19:38:05.287+0000] {processor.py:925} INFO - DAG(s) 'example_params_trigger_ui' retrieved from /home/airflow/.local/lib/python3.12/site-packages/airflow/example_dags/example_params_trigger_ui.py
[2025-03-16T19:38:05.352+0000] {logging_mixin.py:190} INFO - [2025-03-16T19:38:05.352+0000] {dag.py:3239} INFO - Sync 1 DAGs
[2025-03-16T19:38:05.377+0000] {logging_mixin.py:190} INFO - [2025-03-16T19:38:05.376+0000] {dag.py:4180} INFO - Setting next_dagrun for example_params_trigger_ui to None, run_after=None
[2025-03-16T19:38:05.411+0000] {processor.py:208} INFO - Processing /home/airflow/.local/lib/python3.12/site-packages/airflow/example_dags/example_params_trigger_ui.py took 0.153 seconds
[2025-03-16T19:38:35.635+0000] {processor.py:186} INFO - Started process (PID=92807) to work on /home/airflow/.local/lib/python3.12/site-packages/airflow/example_dags/example_params_trigger_ui.py
[2025-03-16T19:38:35.637+0000] {processor.py:914} INFO - Processing file /home/airflow/.local/lib/python3.12/site-packages/airflow/example_dags/example_params_trigger_ui.py for tasks to queue
[2025-03-16T19:38:35.640+0000] {logging_mixin.py:190} INFO - [2025-03-16T19:38:35.639+0000] {dagbag.py:588} INFO - Filling up the DagBag from /home/airflow/.local/lib/python3.12/site-packages/airflow/example_dags/example_params_trigger_ui.py
[2025-03-16T19:38:35.663+0000] {processor.py:925} INFO - DAG(s) 'example_params_trigger_ui' retrieved from /home/airflow/.local/lib/python3.12/site-packages/airflow/example_dags/example_params_trigger_ui.py
[2025-03-16T19:38:35.738+0000] {logging_mixin.py:190} INFO - [2025-03-16T19:38:35.738+0000] {dag.py:3239} INFO - Sync 1 DAGs
[2025-03-16T19:38:35.762+0000] {logging_mixin.py:190} INFO - [2025-03-16T19:38:35.761+0000] {dag.py:4180} INFO - Setting next_dagrun for example_params_trigger_ui to None, run_after=None
[2025-03-16T19:38:35.796+0000] {processor.py:208} INFO - Processing /home/airflow/.local/lib/python3.12/site-packages/airflow/example_dags/example_params_trigger_ui.py took 0.171 seconds
[2025-03-16T19:39:06.221+0000] {processor.py:186} INFO - Started process (PID=92870) to work on /home/airflow/.local/lib/python3.12/site-packages/airflow/example_dags/example_params_trigger_ui.py
[2025-03-16T19:39:06.224+0000] {processor.py:914} INFO - Processing file /home/airflow/.local/lib/python3.12/site-packages/airflow/example_dags/example_params_trigger_ui.py for tasks to queue
[2025-03-16T19:39:06.226+0000] {logging_mixin.py:190} INFO - [2025-03-16T19:39:06.225+0000] {dagbag.py:588} INFO - Filling up the DagBag from /home/airflow/.local/lib/python3.12/site-packages/airflow/example_dags/example_params_trigger_ui.py
[2025-03-16T19:39:06.247+0000] {processor.py:925} INFO - DAG(s) 'example_params_trigger_ui' retrieved from /home/airflow/.local/lib/python3.12/site-packages/airflow/example_dags/example_params_trigger_ui.py
[2025-03-16T19:39:06.319+0000] {logging_mixin.py:190} INFO - [2025-03-16T19:39:06.318+0000] {dag.py:3239} INFO - Sync 1 DAGs
[2025-03-16T19:39:06.343+0000] {logging_mixin.py:190} INFO - [2025-03-16T19:39:06.342+0000] {dag.py:4180} INFO - Setting next_dagrun for example_params_trigger_ui to None, run_after=None
[2025-03-16T19:39:06.373+0000] {processor.py:208} INFO - Processing /home/airflow/.local/lib/python3.12/site-packages/airflow/example_dags/example_params_trigger_ui.py took 0.161 seconds
