[2025-03-16T19:07:52.654+0000] {processor.py:186} INFO - Started process (PID=88964) to work on /home/airflow/.local/lib/python3.12/site-packages/airflow/example_dags/example_nested_branch_dag.py
[2025-03-16T19:07:52.655+0000] {processor.py:914} INFO - Processing file /home/airflow/.local/lib/python3.12/site-packages/airflow/example_dags/example_nested_branch_dag.py for tasks to queue
[2025-03-16T19:07:52.657+0000] {logging_mixin.py:190} INFO - [2025-03-16T19:07:52.656+0000] {dagbag.py:588} INFO - Filling up the DagBag from /home/airflow/.local/lib/python3.12/site-packages/airflow/example_dags/example_nested_branch_dag.py
[2025-03-16T19:07:52.670+0000] {processor.py:925} INFO - DAG(s) 'example_nested_branch_dag' retrieved from /home/airflow/.local/lib/python3.12/site-packages/airflow/example_dags/example_nested_branch_dag.py
[2025-03-16T19:07:52.696+0000] {logging_mixin.py:190} INFO - [2025-03-16T19:07:52.695+0000] {dag.py:3239} INFO - Sync 1 DAGs
[2025-03-16T19:07:52.722+0000] {logging_mixin.py:190} INFO - [2025-03-16T19:07:52.722+0000] {dag.py:4180} INFO - Setting next_dagrun for example_nested_branch_dag to 2025-03-15 00:00:00+00:00, run_after=2025-03-16 00:00:00+00:00
[2025-03-16T19:07:52.751+0000] {processor.py:208} INFO - Processing /home/airflow/.local/lib/python3.12/site-packages/airflow/example_dags/example_nested_branch_dag.py took 0.102 seconds
[2025-03-16T19:08:23.642+0000] {processor.py:186} INFO - Started process (PID=89023) to work on /home/airflow/.local/lib/python3.12/site-packages/airflow/example_dags/example_nested_branch_dag.py
[2025-03-16T19:08:23.644+0000] {processor.py:914} INFO - Processing file /home/airflow/.local/lib/python3.12/site-packages/airflow/example_dags/example_nested_branch_dag.py for tasks to queue
[2025-03-16T19:08:23.646+0000] {logging_mixin.py:190} INFO - [2025-03-16T19:08:23.646+0000] {dagbag.py:588} INFO - Filling up the DagBag from /home/airflow/.local/lib/python3.12/site-packages/airflow/example_dags/example_nested_branch_dag.py
[2025-03-16T19:08:23.658+0000] {processor.py:925} INFO - DAG(s) 'example_nested_branch_dag' retrieved from /home/airflow/.local/lib/python3.12/site-packages/airflow/example_dags/example_nested_branch_dag.py
[2025-03-16T19:08:23.678+0000] {logging_mixin.py:190} INFO - [2025-03-16T19:08:23.678+0000] {dag.py:3239} INFO - Sync 1 DAGs
[2025-03-16T19:08:23.698+0000] {logging_mixin.py:190} INFO - [2025-03-16T19:08:23.698+0000] {dag.py:4180} INFO - Setting next_dagrun for example_nested_branch_dag to 2025-03-15 00:00:00+00:00, run_after=2025-03-16 00:00:00+00:00
[2025-03-16T19:08:23.716+0000] {processor.py:208} INFO - Processing /home/airflow/.local/lib/python3.12/site-packages/airflow/example_dags/example_nested_branch_dag.py took 0.080 seconds
[2025-03-16T19:08:54.253+0000] {processor.py:186} INFO - Started process (PID=89087) to work on /home/airflow/.local/lib/python3.12/site-packages/airflow/example_dags/example_nested_branch_dag.py
[2025-03-16T19:08:54.254+0000] {processor.py:914} INFO - Processing file /home/airflow/.local/lib/python3.12/site-packages/airflow/example_dags/example_nested_branch_dag.py for tasks to queue
[2025-03-16T19:08:54.255+0000] {logging_mixin.py:190} INFO - [2025-03-16T19:08:54.255+0000] {dagbag.py:588} INFO - Filling up the DagBag from /home/airflow/.local/lib/python3.12/site-packages/airflow/example_dags/example_nested_branch_dag.py
[2025-03-16T19:08:54.267+0000] {processor.py:925} INFO - DAG(s) 'example_nested_branch_dag' retrieved from /home/airflow/.local/lib/python3.12/site-packages/airflow/example_dags/example_nested_branch_dag.py
[2025-03-16T19:08:54.288+0000] {logging_mixin.py:190} INFO - [2025-03-16T19:08:54.288+0000] {dag.py:3239} INFO - Sync 1 DAGs
[2025-03-16T19:08:54.309+0000] {logging_mixin.py:190} INFO - [2025-03-16T19:08:54.309+0000] {dag.py:4180} INFO - Setting next_dagrun for example_nested_branch_dag to 2025-03-15 00:00:00+00:00, run_after=2025-03-16 00:00:00+00:00
[2025-03-16T19:08:54.326+0000] {processor.py:208} INFO - Processing /home/airflow/.local/lib/python3.12/site-packages/airflow/example_dags/example_nested_branch_dag.py took 0.079 seconds
[2025-03-16T19:09:25.080+0000] {processor.py:186} INFO - Started process (PID=89147) to work on /home/airflow/.local/lib/python3.12/site-packages/airflow/example_dags/example_nested_branch_dag.py
[2025-03-16T19:09:25.082+0000] {processor.py:914} INFO - Processing file /home/airflow/.local/lib/python3.12/site-packages/airflow/example_dags/example_nested_branch_dag.py for tasks to queue
[2025-03-16T19:09:25.084+0000] {logging_mixin.py:190} INFO - [2025-03-16T19:09:25.083+0000] {dagbag.py:588} INFO - Filling up the DagBag from /home/airflow/.local/lib/python3.12/site-packages/airflow/example_dags/example_nested_branch_dag.py
[2025-03-16T19:09:25.098+0000] {processor.py:925} INFO - DAG(s) 'example_nested_branch_dag' retrieved from /home/airflow/.local/lib/python3.12/site-packages/airflow/example_dags/example_nested_branch_dag.py
[2025-03-16T19:09:25.124+0000] {logging_mixin.py:190} INFO - [2025-03-16T19:09:25.124+0000] {dag.py:3239} INFO - Sync 1 DAGs
[2025-03-16T19:09:25.151+0000] {logging_mixin.py:190} INFO - [2025-03-16T19:09:25.151+0000] {dag.py:4180} INFO - Setting next_dagrun for example_nested_branch_dag to 2025-03-15 00:00:00+00:00, run_after=2025-03-16 00:00:00+00:00
[2025-03-16T19:09:25.177+0000] {processor.py:208} INFO - Processing /home/airflow/.local/lib/python3.12/site-packages/airflow/example_dags/example_nested_branch_dag.py took 0.103 seconds
[2025-03-16T19:09:55.616+0000] {processor.py:186} INFO - Started process (PID=89217) to work on /home/airflow/.local/lib/python3.12/site-packages/airflow/example_dags/example_nested_branch_dag.py
[2025-03-16T19:09:55.618+0000] {processor.py:914} INFO - Processing file /home/airflow/.local/lib/python3.12/site-packages/airflow/example_dags/example_nested_branch_dag.py for tasks to queue
[2025-03-16T19:09:55.620+0000] {logging_mixin.py:190} INFO - [2025-03-16T19:09:55.619+0000] {dagbag.py:588} INFO - Filling up the DagBag from /home/airflow/.local/lib/python3.12/site-packages/airflow/example_dags/example_nested_branch_dag.py
[2025-03-16T19:09:55.632+0000] {processor.py:925} INFO - DAG(s) 'example_nested_branch_dag' retrieved from /home/airflow/.local/lib/python3.12/site-packages/airflow/example_dags/example_nested_branch_dag.py
[2025-03-16T19:09:55.656+0000] {logging_mixin.py:190} INFO - [2025-03-16T19:09:55.656+0000] {dag.py:3239} INFO - Sync 1 DAGs
[2025-03-16T19:09:55.683+0000] {logging_mixin.py:190} INFO - [2025-03-16T19:09:55.682+0000] {dag.py:4180} INFO - Setting next_dagrun for example_nested_branch_dag to 2025-03-15 00:00:00+00:00, run_after=2025-03-16 00:00:00+00:00
[2025-03-16T19:09:55.710+0000] {processor.py:208} INFO - Processing /home/airflow/.local/lib/python3.12/site-packages/airflow/example_dags/example_nested_branch_dag.py took 0.100 seconds
[2025-03-16T19:10:25.844+0000] {processor.py:186} INFO - Started process (PID=89281) to work on /home/airflow/.local/lib/python3.12/site-packages/airflow/example_dags/example_nested_branch_dag.py
[2025-03-16T19:10:25.846+0000] {processor.py:914} INFO - Processing file /home/airflow/.local/lib/python3.12/site-packages/airflow/example_dags/example_nested_branch_dag.py for tasks to queue
[2025-03-16T19:10:25.848+0000] {logging_mixin.py:190} INFO - [2025-03-16T19:10:25.847+0000] {dagbag.py:588} INFO - Filling up the DagBag from /home/airflow/.local/lib/python3.12/site-packages/airflow/example_dags/example_nested_branch_dag.py
[2025-03-16T19:10:25.861+0000] {processor.py:925} INFO - DAG(s) 'example_nested_branch_dag' retrieved from /home/airflow/.local/lib/python3.12/site-packages/airflow/example_dags/example_nested_branch_dag.py
[2025-03-16T19:10:25.888+0000] {logging_mixin.py:190} INFO - [2025-03-16T19:10:25.888+0000] {dag.py:3239} INFO - Sync 1 DAGs
[2025-03-16T19:10:25.918+0000] {logging_mixin.py:190} INFO - [2025-03-16T19:10:25.917+0000] {dag.py:4180} INFO - Setting next_dagrun for example_nested_branch_dag to 2025-03-15 00:00:00+00:00, run_after=2025-03-16 00:00:00+00:00
[2025-03-16T19:10:25.943+0000] {processor.py:208} INFO - Processing /home/airflow/.local/lib/python3.12/site-packages/airflow/example_dags/example_nested_branch_dag.py took 0.104 seconds
[2025-03-16T19:10:56.238+0000] {processor.py:186} INFO - Started process (PID=89345) to work on /home/airflow/.local/lib/python3.12/site-packages/airflow/example_dags/example_nested_branch_dag.py
[2025-03-16T19:10:56.239+0000] {processor.py:914} INFO - Processing file /home/airflow/.local/lib/python3.12/site-packages/airflow/example_dags/example_nested_branch_dag.py for tasks to queue
[2025-03-16T19:10:56.241+0000] {logging_mixin.py:190} INFO - [2025-03-16T19:10:56.241+0000] {dagbag.py:588} INFO - Filling up the DagBag from /home/airflow/.local/lib/python3.12/site-packages/airflow/example_dags/example_nested_branch_dag.py
[2025-03-16T19:10:56.255+0000] {processor.py:925} INFO - DAG(s) 'example_nested_branch_dag' retrieved from /home/airflow/.local/lib/python3.12/site-packages/airflow/example_dags/example_nested_branch_dag.py
[2025-03-16T19:10:56.281+0000] {logging_mixin.py:190} INFO - [2025-03-16T19:10:56.281+0000] {dag.py:3239} INFO - Sync 1 DAGs
[2025-03-16T19:10:56.310+0000] {logging_mixin.py:190} INFO - [2025-03-16T19:10:56.310+0000] {dag.py:4180} INFO - Setting next_dagrun for example_nested_branch_dag to 2025-03-15 00:00:00+00:00, run_after=2025-03-16 00:00:00+00:00
[2025-03-16T19:10:56.336+0000] {processor.py:208} INFO - Processing /home/airflow/.local/lib/python3.12/site-packages/airflow/example_dags/example_nested_branch_dag.py took 0.105 seconds
[2025-03-16T19:11:26.595+0000] {processor.py:186} INFO - Started process (PID=89409) to work on /home/airflow/.local/lib/python3.12/site-packages/airflow/example_dags/example_nested_branch_dag.py
[2025-03-16T19:11:26.597+0000] {processor.py:914} INFO - Processing file /home/airflow/.local/lib/python3.12/site-packages/airflow/example_dags/example_nested_branch_dag.py for tasks to queue
[2025-03-16T19:11:26.599+0000] {logging_mixin.py:190} INFO - [2025-03-16T19:11:26.599+0000] {dagbag.py:588} INFO - Filling up the DagBag from /home/airflow/.local/lib/python3.12/site-packages/airflow/example_dags/example_nested_branch_dag.py
[2025-03-16T19:11:26.610+0000] {processor.py:925} INFO - DAG(s) 'example_nested_branch_dag' retrieved from /home/airflow/.local/lib/python3.12/site-packages/airflow/example_dags/example_nested_branch_dag.py
[2025-03-16T19:11:26.638+0000] {logging_mixin.py:190} INFO - [2025-03-16T19:11:26.637+0000] {dag.py:3239} INFO - Sync 1 DAGs
[2025-03-16T19:11:26.671+0000] {logging_mixin.py:190} INFO - [2025-03-16T19:11:26.670+0000] {dag.py:4180} INFO - Setting next_dagrun for example_nested_branch_dag to 2025-03-15 00:00:00+00:00, run_after=2025-03-16 00:00:00+00:00
[2025-03-16T19:11:26.701+0000] {processor.py:208} INFO - Processing /home/airflow/.local/lib/python3.12/site-packages/airflow/example_dags/example_nested_branch_dag.py took 0.112 seconds
[2025-03-16T19:11:56.933+0000] {processor.py:186} INFO - Started process (PID=89472) to work on /home/airflow/.local/lib/python3.12/site-packages/airflow/example_dags/example_nested_branch_dag.py
[2025-03-16T19:11:56.935+0000] {processor.py:914} INFO - Processing file /home/airflow/.local/lib/python3.12/site-packages/airflow/example_dags/example_nested_branch_dag.py for tasks to queue
[2025-03-16T19:11:56.936+0000] {logging_mixin.py:190} INFO - [2025-03-16T19:11:56.936+0000] {dagbag.py:588} INFO - Filling up the DagBag from /home/airflow/.local/lib/python3.12/site-packages/airflow/example_dags/example_nested_branch_dag.py
[2025-03-16T19:11:56.949+0000] {processor.py:925} INFO - DAG(s) 'example_nested_branch_dag' retrieved from /home/airflow/.local/lib/python3.12/site-packages/airflow/example_dags/example_nested_branch_dag.py
[2025-03-16T19:11:56.976+0000] {logging_mixin.py:190} INFO - [2025-03-16T19:11:56.975+0000] {dag.py:3239} INFO - Sync 1 DAGs
[2025-03-16T19:11:57.012+0000] {logging_mixin.py:190} INFO - [2025-03-16T19:11:57.012+0000] {dag.py:4180} INFO - Setting next_dagrun for example_nested_branch_dag to 2025-03-15 00:00:00+00:00, run_after=2025-03-16 00:00:00+00:00
[2025-03-16T19:11:57.039+0000] {processor.py:208} INFO - Processing /home/airflow/.local/lib/python3.12/site-packages/airflow/example_dags/example_nested_branch_dag.py took 0.111 seconds
[2025-03-16T19:12:27.430+0000] {processor.py:186} INFO - Started process (PID=89534) to work on /home/airflow/.local/lib/python3.12/site-packages/airflow/example_dags/example_nested_branch_dag.py
[2025-03-16T19:12:27.431+0000] {processor.py:914} INFO - Processing file /home/airflow/.local/lib/python3.12/site-packages/airflow/example_dags/example_nested_branch_dag.py for tasks to queue
[2025-03-16T19:12:27.432+0000] {logging_mixin.py:190} INFO - [2025-03-16T19:12:27.432+0000] {dagbag.py:588} INFO - Filling up the DagBag from /home/airflow/.local/lib/python3.12/site-packages/airflow/example_dags/example_nested_branch_dag.py
[2025-03-16T19:12:27.445+0000] {processor.py:925} INFO - DAG(s) 'example_nested_branch_dag' retrieved from /home/airflow/.local/lib/python3.12/site-packages/airflow/example_dags/example_nested_branch_dag.py
[2025-03-16T19:12:27.473+0000] {logging_mixin.py:190} INFO - [2025-03-16T19:12:27.472+0000] {dag.py:3239} INFO - Sync 1 DAGs
[2025-03-16T19:12:27.503+0000] {logging_mixin.py:190} INFO - [2025-03-16T19:12:27.503+0000] {dag.py:4180} INFO - Setting next_dagrun for example_nested_branch_dag to 2025-03-15 00:00:00+00:00, run_after=2025-03-16 00:00:00+00:00
[2025-03-16T19:12:27.530+0000] {processor.py:208} INFO - Processing /home/airflow/.local/lib/python3.12/site-packages/airflow/example_dags/example_nested_branch_dag.py took 0.105 seconds
[2025-03-16T19:12:58.384+0000] {processor.py:186} INFO - Started process (PID=89598) to work on /home/airflow/.local/lib/python3.12/site-packages/airflow/example_dags/example_nested_branch_dag.py
[2025-03-16T19:12:58.385+0000] {processor.py:914} INFO - Processing file /home/airflow/.local/lib/python3.12/site-packages/airflow/example_dags/example_nested_branch_dag.py for tasks to queue
[2025-03-16T19:12:58.387+0000] {logging_mixin.py:190} INFO - [2025-03-16T19:12:58.386+0000] {dagbag.py:588} INFO - Filling up the DagBag from /home/airflow/.local/lib/python3.12/site-packages/airflow/example_dags/example_nested_branch_dag.py
[2025-03-16T19:12:58.403+0000] {processor.py:925} INFO - DAG(s) 'example_nested_branch_dag' retrieved from /home/airflow/.local/lib/python3.12/site-packages/airflow/example_dags/example_nested_branch_dag.py
[2025-03-16T19:12:58.425+0000] {logging_mixin.py:190} INFO - [2025-03-16T19:12:58.425+0000] {dag.py:3239} INFO - Sync 1 DAGs
[2025-03-16T19:12:58.451+0000] {logging_mixin.py:190} INFO - [2025-03-16T19:12:58.451+0000] {dag.py:4180} INFO - Setting next_dagrun for example_nested_branch_dag to 2025-03-15 00:00:00+00:00, run_after=2025-03-16 00:00:00+00:00
[2025-03-16T19:12:58.479+0000] {processor.py:208} INFO - Processing /home/airflow/.local/lib/python3.12/site-packages/airflow/example_dags/example_nested_branch_dag.py took 0.100 seconds
[2025-03-16T19:13:28.808+0000] {processor.py:186} INFO - Started process (PID=89661) to work on /home/airflow/.local/lib/python3.12/site-packages/airflow/example_dags/example_nested_branch_dag.py
[2025-03-16T19:13:28.810+0000] {processor.py:914} INFO - Processing file /home/airflow/.local/lib/python3.12/site-packages/airflow/example_dags/example_nested_branch_dag.py for tasks to queue
[2025-03-16T19:13:28.812+0000] {logging_mixin.py:190} INFO - [2025-03-16T19:13:28.811+0000] {dagbag.py:588} INFO - Filling up the DagBag from /home/airflow/.local/lib/python3.12/site-packages/airflow/example_dags/example_nested_branch_dag.py
[2025-03-16T19:13:28.824+0000] {processor.py:925} INFO - DAG(s) 'example_nested_branch_dag' retrieved from /home/airflow/.local/lib/python3.12/site-packages/airflow/example_dags/example_nested_branch_dag.py
[2025-03-16T19:13:28.849+0000] {logging_mixin.py:190} INFO - [2025-03-16T19:13:28.848+0000] {dag.py:3239} INFO - Sync 1 DAGs
[2025-03-16T19:13:28.877+0000] {logging_mixin.py:190} INFO - [2025-03-16T19:13:28.876+0000] {dag.py:4180} INFO - Setting next_dagrun for example_nested_branch_dag to 2025-03-15 00:00:00+00:00, run_after=2025-03-16 00:00:00+00:00
[2025-03-16T19:13:28.901+0000] {processor.py:208} INFO - Processing /home/airflow/.local/lib/python3.12/site-packages/airflow/example_dags/example_nested_branch_dag.py took 0.098 seconds
[2025-03-16T19:13:59.823+0000] {processor.py:186} INFO - Started process (PID=89725) to work on /home/airflow/.local/lib/python3.12/site-packages/airflow/example_dags/example_nested_branch_dag.py
[2025-03-16T19:13:59.825+0000] {processor.py:914} INFO - Processing file /home/airflow/.local/lib/python3.12/site-packages/airflow/example_dags/example_nested_branch_dag.py for tasks to queue
[2025-03-16T19:13:59.827+0000] {logging_mixin.py:190} INFO - [2025-03-16T19:13:59.826+0000] {dagbag.py:588} INFO - Filling up the DagBag from /home/airflow/.local/lib/python3.12/site-packages/airflow/example_dags/example_nested_branch_dag.py
[2025-03-16T19:13:59.839+0000] {processor.py:925} INFO - DAG(s) 'example_nested_branch_dag' retrieved from /home/airflow/.local/lib/python3.12/site-packages/airflow/example_dags/example_nested_branch_dag.py
[2025-03-16T19:13:59.864+0000] {logging_mixin.py:190} INFO - [2025-03-16T19:13:59.864+0000] {dag.py:3239} INFO - Sync 1 DAGs
[2025-03-16T19:13:59.892+0000] {logging_mixin.py:190} INFO - [2025-03-16T19:13:59.891+0000] {dag.py:4180} INFO - Setting next_dagrun for example_nested_branch_dag to 2025-03-15 00:00:00+00:00, run_after=2025-03-16 00:00:00+00:00
[2025-03-16T19:13:59.917+0000] {processor.py:208} INFO - Processing /home/airflow/.local/lib/python3.12/site-packages/airflow/example_dags/example_nested_branch_dag.py took 0.100 seconds
[2025-03-16T19:14:30.249+0000] {processor.py:186} INFO - Started process (PID=89789) to work on /home/airflow/.local/lib/python3.12/site-packages/airflow/example_dags/example_nested_branch_dag.py
[2025-03-16T19:14:30.251+0000] {processor.py:914} INFO - Processing file /home/airflow/.local/lib/python3.12/site-packages/airflow/example_dags/example_nested_branch_dag.py for tasks to queue
[2025-03-16T19:14:30.252+0000] {logging_mixin.py:190} INFO - [2025-03-16T19:14:30.252+0000] {dagbag.py:588} INFO - Filling up the DagBag from /home/airflow/.local/lib/python3.12/site-packages/airflow/example_dags/example_nested_branch_dag.py
[2025-03-16T19:14:30.269+0000] {processor.py:925} INFO - DAG(s) 'example_nested_branch_dag' retrieved from /home/airflow/.local/lib/python3.12/site-packages/airflow/example_dags/example_nested_branch_dag.py
[2025-03-16T19:14:30.305+0000] {logging_mixin.py:190} INFO - [2025-03-16T19:14:30.304+0000] {dag.py:3239} INFO - Sync 1 DAGs
[2025-03-16T19:14:30.335+0000] {logging_mixin.py:190} INFO - [2025-03-16T19:14:30.335+0000] {dag.py:4180} INFO - Setting next_dagrun for example_nested_branch_dag to 2025-03-15 00:00:00+00:00, run_after=2025-03-16 00:00:00+00:00
[2025-03-16T19:14:30.363+0000] {processor.py:208} INFO - Processing /home/airflow/.local/lib/python3.12/site-packages/airflow/example_dags/example_nested_branch_dag.py took 0.121 seconds
[2025-03-16T19:15:00.522+0000] {processor.py:186} INFO - Started process (PID=89853) to work on /home/airflow/.local/lib/python3.12/site-packages/airflow/example_dags/example_nested_branch_dag.py
[2025-03-16T19:15:00.523+0000] {processor.py:914} INFO - Processing file /home/airflow/.local/lib/python3.12/site-packages/airflow/example_dags/example_nested_branch_dag.py for tasks to queue
[2025-03-16T19:15:00.524+0000] {logging_mixin.py:190} INFO - [2025-03-16T19:15:00.524+0000] {dagbag.py:588} INFO - Filling up the DagBag from /home/airflow/.local/lib/python3.12/site-packages/airflow/example_dags/example_nested_branch_dag.py
[2025-03-16T19:15:00.535+0000] {processor.py:925} INFO - DAG(s) 'example_nested_branch_dag' retrieved from /home/airflow/.local/lib/python3.12/site-packages/airflow/example_dags/example_nested_branch_dag.py
[2025-03-16T19:15:00.558+0000] {logging_mixin.py:190} INFO - [2025-03-16T19:15:00.558+0000] {dag.py:3239} INFO - Sync 1 DAGs
[2025-03-16T19:15:00.584+0000] {logging_mixin.py:190} INFO - [2025-03-16T19:15:00.583+0000] {dag.py:4180} INFO - Setting next_dagrun for example_nested_branch_dag to 2025-03-15 00:00:00+00:00, run_after=2025-03-16 00:00:00+00:00
[2025-03-16T19:15:00.608+0000] {processor.py:208} INFO - Processing /home/airflow/.local/lib/python3.12/site-packages/airflow/example_dags/example_nested_branch_dag.py took 0.092 seconds
[2025-03-16T19:15:31.480+0000] {processor.py:186} INFO - Started process (PID=89917) to work on /home/airflow/.local/lib/python3.12/site-packages/airflow/example_dags/example_nested_branch_dag.py
[2025-03-16T19:15:31.481+0000] {processor.py:914} INFO - Processing file /home/airflow/.local/lib/python3.12/site-packages/airflow/example_dags/example_nested_branch_dag.py for tasks to queue
[2025-03-16T19:15:31.483+0000] {logging_mixin.py:190} INFO - [2025-03-16T19:15:31.482+0000] {dagbag.py:588} INFO - Filling up the DagBag from /home/airflow/.local/lib/python3.12/site-packages/airflow/example_dags/example_nested_branch_dag.py
[2025-03-16T19:15:31.499+0000] {processor.py:925} INFO - DAG(s) 'example_nested_branch_dag' retrieved from /home/airflow/.local/lib/python3.12/site-packages/airflow/example_dags/example_nested_branch_dag.py
[2025-03-16T19:15:31.530+0000] {logging_mixin.py:190} INFO - [2025-03-16T19:15:31.529+0000] {dag.py:3239} INFO - Sync 1 DAGs
[2025-03-16T19:15:31.562+0000] {logging_mixin.py:190} INFO - [2025-03-16T19:15:31.562+0000] {dag.py:4180} INFO - Setting next_dagrun for example_nested_branch_dag to 2025-03-15 00:00:00+00:00, run_after=2025-03-16 00:00:00+00:00
[2025-03-16T19:15:31.590+0000] {processor.py:208} INFO - Processing /home/airflow/.local/lib/python3.12/site-packages/airflow/example_dags/example_nested_branch_dag.py took 0.118 seconds
[2025-03-16T19:16:01.763+0000] {processor.py:186} INFO - Started process (PID=89981) to work on /home/airflow/.local/lib/python3.12/site-packages/airflow/example_dags/example_nested_branch_dag.py
[2025-03-16T19:16:01.765+0000] {processor.py:914} INFO - Processing file /home/airflow/.local/lib/python3.12/site-packages/airflow/example_dags/example_nested_branch_dag.py for tasks to queue
[2025-03-16T19:16:01.766+0000] {logging_mixin.py:190} INFO - [2025-03-16T19:16:01.766+0000] {dagbag.py:588} INFO - Filling up the DagBag from /home/airflow/.local/lib/python3.12/site-packages/airflow/example_dags/example_nested_branch_dag.py
[2025-03-16T19:16:01.782+0000] {processor.py:925} INFO - DAG(s) 'example_nested_branch_dag' retrieved from /home/airflow/.local/lib/python3.12/site-packages/airflow/example_dags/example_nested_branch_dag.py
[2025-03-16T19:16:01.813+0000] {logging_mixin.py:190} INFO - [2025-03-16T19:16:01.812+0000] {dag.py:3239} INFO - Sync 1 DAGs
[2025-03-16T19:16:01.849+0000] {logging_mixin.py:190} INFO - [2025-03-16T19:16:01.849+0000] {dag.py:4180} INFO - Setting next_dagrun for example_nested_branch_dag to 2025-03-15 00:00:00+00:00, run_after=2025-03-16 00:00:00+00:00
[2025-03-16T19:16:01.880+0000] {processor.py:208} INFO - Processing /home/airflow/.local/lib/python3.12/site-packages/airflow/example_dags/example_nested_branch_dag.py took 0.123 seconds
[2025-03-16T19:16:32.200+0000] {processor.py:186} INFO - Started process (PID=90045) to work on /home/airflow/.local/lib/python3.12/site-packages/airflow/example_dags/example_nested_branch_dag.py
[2025-03-16T19:16:32.202+0000] {processor.py:914} INFO - Processing file /home/airflow/.local/lib/python3.12/site-packages/airflow/example_dags/example_nested_branch_dag.py for tasks to queue
[2025-03-16T19:16:32.205+0000] {logging_mixin.py:190} INFO - [2025-03-16T19:16:32.204+0000] {dagbag.py:588} INFO - Filling up the DagBag from /home/airflow/.local/lib/python3.12/site-packages/airflow/example_dags/example_nested_branch_dag.py
[2025-03-16T19:16:32.218+0000] {processor.py:925} INFO - DAG(s) 'example_nested_branch_dag' retrieved from /home/airflow/.local/lib/python3.12/site-packages/airflow/example_dags/example_nested_branch_dag.py
[2025-03-16T19:16:32.250+0000] {logging_mixin.py:190} INFO - [2025-03-16T19:16:32.250+0000] {dag.py:3239} INFO - Sync 1 DAGs
[2025-03-16T19:16:32.283+0000] {logging_mixin.py:190} INFO - [2025-03-16T19:16:32.283+0000] {dag.py:4180} INFO - Setting next_dagrun for example_nested_branch_dag to 2025-03-15 00:00:00+00:00, run_after=2025-03-16 00:00:00+00:00
[2025-03-16T19:16:32.315+0000] {processor.py:208} INFO - Processing /home/airflow/.local/lib/python3.12/site-packages/airflow/example_dags/example_nested_branch_dag.py took 0.123 seconds
[2025-03-16T19:17:02.620+0000] {processor.py:186} INFO - Started process (PID=90109) to work on /home/airflow/.local/lib/python3.12/site-packages/airflow/example_dags/example_nested_branch_dag.py
[2025-03-16T19:17:02.621+0000] {processor.py:914} INFO - Processing file /home/airflow/.local/lib/python3.12/site-packages/airflow/example_dags/example_nested_branch_dag.py for tasks to queue
[2025-03-16T19:17:02.622+0000] {logging_mixin.py:190} INFO - [2025-03-16T19:17:02.622+0000] {dagbag.py:588} INFO - Filling up the DagBag from /home/airflow/.local/lib/python3.12/site-packages/airflow/example_dags/example_nested_branch_dag.py
[2025-03-16T19:17:02.638+0000] {processor.py:925} INFO - DAG(s) 'example_nested_branch_dag' retrieved from /home/airflow/.local/lib/python3.12/site-packages/airflow/example_dags/example_nested_branch_dag.py
[2025-03-16T19:17:02.665+0000] {logging_mixin.py:190} INFO - [2025-03-16T19:17:02.664+0000] {dag.py:3239} INFO - Sync 1 DAGs
[2025-03-16T19:17:02.694+0000] {logging_mixin.py:190} INFO - [2025-03-16T19:17:02.693+0000] {dag.py:4180} INFO - Setting next_dagrun for example_nested_branch_dag to 2025-03-15 00:00:00+00:00, run_after=2025-03-16 00:00:00+00:00
[2025-03-16T19:17:02.722+0000] {processor.py:208} INFO - Processing /home/airflow/.local/lib/python3.12/site-packages/airflow/example_dags/example_nested_branch_dag.py took 0.109 seconds
[2025-03-16T19:17:32.959+0000] {processor.py:186} INFO - Started process (PID=90173) to work on /home/airflow/.local/lib/python3.12/site-packages/airflow/example_dags/example_nested_branch_dag.py
[2025-03-16T19:17:32.960+0000] {processor.py:914} INFO - Processing file /home/airflow/.local/lib/python3.12/site-packages/airflow/example_dags/example_nested_branch_dag.py for tasks to queue
[2025-03-16T19:17:32.965+0000] {logging_mixin.py:190} INFO - [2025-03-16T19:17:32.965+0000] {dagbag.py:588} INFO - Filling up the DagBag from /home/airflow/.local/lib/python3.12/site-packages/airflow/example_dags/example_nested_branch_dag.py
[2025-03-16T19:17:32.986+0000] {processor.py:925} INFO - DAG(s) 'example_nested_branch_dag' retrieved from /home/airflow/.local/lib/python3.12/site-packages/airflow/example_dags/example_nested_branch_dag.py
[2025-03-16T19:17:33.025+0000] {logging_mixin.py:190} INFO - [2025-03-16T19:17:33.024+0000] {dag.py:3239} INFO - Sync 1 DAGs
[2025-03-16T19:17:33.071+0000] {logging_mixin.py:190} INFO - [2025-03-16T19:17:33.071+0000] {dag.py:4180} INFO - Setting next_dagrun for example_nested_branch_dag to 2025-03-15 00:00:00+00:00, run_after=2025-03-16 00:00:00+00:00
[2025-03-16T19:17:33.102+0000] {processor.py:208} INFO - Processing /home/airflow/.local/lib/python3.12/site-packages/airflow/example_dags/example_nested_branch_dag.py took 0.150 seconds
[2025-03-16T19:18:03.586+0000] {processor.py:186} INFO - Started process (PID=90237) to work on /home/airflow/.local/lib/python3.12/site-packages/airflow/example_dags/example_nested_branch_dag.py
[2025-03-16T19:18:03.588+0000] {processor.py:914} INFO - Processing file /home/airflow/.local/lib/python3.12/site-packages/airflow/example_dags/example_nested_branch_dag.py for tasks to queue
[2025-03-16T19:18:03.590+0000] {logging_mixin.py:190} INFO - [2025-03-16T19:18:03.589+0000] {dagbag.py:588} INFO - Filling up the DagBag from /home/airflow/.local/lib/python3.12/site-packages/airflow/example_dags/example_nested_branch_dag.py
[2025-03-16T19:18:03.607+0000] {processor.py:925} INFO - DAG(s) 'example_nested_branch_dag' retrieved from /home/airflow/.local/lib/python3.12/site-packages/airflow/example_dags/example_nested_branch_dag.py
[2025-03-16T19:18:03.639+0000] {logging_mixin.py:190} INFO - [2025-03-16T19:18:03.639+0000] {dag.py:3239} INFO - Sync 1 DAGs
[2025-03-16T19:18:03.672+0000] {logging_mixin.py:190} INFO - [2025-03-16T19:18:03.672+0000] {dag.py:4180} INFO - Setting next_dagrun for example_nested_branch_dag to 2025-03-15 00:00:00+00:00, run_after=2025-03-16 00:00:00+00:00
[2025-03-16T19:18:03.701+0000] {processor.py:208} INFO - Processing /home/airflow/.local/lib/python3.12/site-packages/airflow/example_dags/example_nested_branch_dag.py took 0.122 seconds
[2025-03-16T19:18:33.883+0000] {processor.py:186} INFO - Started process (PID=90301) to work on /home/airflow/.local/lib/python3.12/site-packages/airflow/example_dags/example_nested_branch_dag.py
[2025-03-16T19:18:33.884+0000] {processor.py:914} INFO - Processing file /home/airflow/.local/lib/python3.12/site-packages/airflow/example_dags/example_nested_branch_dag.py for tasks to queue
[2025-03-16T19:18:33.886+0000] {logging_mixin.py:190} INFO - [2025-03-16T19:18:33.885+0000] {dagbag.py:588} INFO - Filling up the DagBag from /home/airflow/.local/lib/python3.12/site-packages/airflow/example_dags/example_nested_branch_dag.py
[2025-03-16T19:18:33.901+0000] {processor.py:925} INFO - DAG(s) 'example_nested_branch_dag' retrieved from /home/airflow/.local/lib/python3.12/site-packages/airflow/example_dags/example_nested_branch_dag.py
[2025-03-16T19:18:33.933+0000] {logging_mixin.py:190} INFO - [2025-03-16T19:18:33.933+0000] {dag.py:3239} INFO - Sync 1 DAGs
[2025-03-16T19:18:33.963+0000] {logging_mixin.py:190} INFO - [2025-03-16T19:18:33.963+0000] {dag.py:4180} INFO - Setting next_dagrun for example_nested_branch_dag to 2025-03-15 00:00:00+00:00, run_after=2025-03-16 00:00:00+00:00
[2025-03-16T19:18:33.992+0000] {processor.py:208} INFO - Processing /home/airflow/.local/lib/python3.12/site-packages/airflow/example_dags/example_nested_branch_dag.py took 0.115 seconds
[2025-03-16T19:19:04.100+0000] {processor.py:186} INFO - Started process (PID=90365) to work on /home/airflow/.local/lib/python3.12/site-packages/airflow/example_dags/example_nested_branch_dag.py
[2025-03-16T19:19:04.102+0000] {processor.py:914} INFO - Processing file /home/airflow/.local/lib/python3.12/site-packages/airflow/example_dags/example_nested_branch_dag.py for tasks to queue
[2025-03-16T19:19:04.104+0000] {logging_mixin.py:190} INFO - [2025-03-16T19:19:04.103+0000] {dagbag.py:588} INFO - Filling up the DagBag from /home/airflow/.local/lib/python3.12/site-packages/airflow/example_dags/example_nested_branch_dag.py
[2025-03-16T19:19:04.118+0000] {processor.py:925} INFO - DAG(s) 'example_nested_branch_dag' retrieved from /home/airflow/.local/lib/python3.12/site-packages/airflow/example_dags/example_nested_branch_dag.py
[2025-03-16T19:19:04.152+0000] {logging_mixin.py:190} INFO - [2025-03-16T19:19:04.152+0000] {dag.py:3239} INFO - Sync 1 DAGs
[2025-03-16T19:19:04.185+0000] {logging_mixin.py:190} INFO - [2025-03-16T19:19:04.184+0000] {dag.py:4180} INFO - Setting next_dagrun for example_nested_branch_dag to 2025-03-15 00:00:00+00:00, run_after=2025-03-16 00:00:00+00:00
[2025-03-16T19:19:04.214+0000] {processor.py:208} INFO - Processing /home/airflow/.local/lib/python3.12/site-packages/airflow/example_dags/example_nested_branch_dag.py took 0.123 seconds
[2025-03-16T19:19:34.441+0000] {processor.py:186} INFO - Started process (PID=90429) to work on /home/airflow/.local/lib/python3.12/site-packages/airflow/example_dags/example_nested_branch_dag.py
[2025-03-16T19:19:34.443+0000] {processor.py:914} INFO - Processing file /home/airflow/.local/lib/python3.12/site-packages/airflow/example_dags/example_nested_branch_dag.py for tasks to queue
[2025-03-16T19:19:34.445+0000] {logging_mixin.py:190} INFO - [2025-03-16T19:19:34.445+0000] {dagbag.py:588} INFO - Filling up the DagBag from /home/airflow/.local/lib/python3.12/site-packages/airflow/example_dags/example_nested_branch_dag.py
[2025-03-16T19:19:34.459+0000] {processor.py:925} INFO - DAG(s) 'example_nested_branch_dag' retrieved from /home/airflow/.local/lib/python3.12/site-packages/airflow/example_dags/example_nested_branch_dag.py
[2025-03-16T19:19:34.486+0000] {logging_mixin.py:190} INFO - [2025-03-16T19:19:34.486+0000] {dag.py:3239} INFO - Sync 1 DAGs
[2025-03-16T19:19:34.520+0000] {logging_mixin.py:190} INFO - [2025-03-16T19:19:34.519+0000] {dag.py:4180} INFO - Setting next_dagrun for example_nested_branch_dag to 2025-03-15 00:00:00+00:00, run_after=2025-03-16 00:00:00+00:00
[2025-03-16T19:19:34.550+0000] {processor.py:208} INFO - Processing /home/airflow/.local/lib/python3.12/site-packages/airflow/example_dags/example_nested_branch_dag.py took 0.116 seconds
[2025-03-16T19:20:04.665+0000] {processor.py:186} INFO - Started process (PID=90493) to work on /home/airflow/.local/lib/python3.12/site-packages/airflow/example_dags/example_nested_branch_dag.py
[2025-03-16T19:20:04.666+0000] {processor.py:914} INFO - Processing file /home/airflow/.local/lib/python3.12/site-packages/airflow/example_dags/example_nested_branch_dag.py for tasks to queue
[2025-03-16T19:20:04.669+0000] {logging_mixin.py:190} INFO - [2025-03-16T19:20:04.668+0000] {dagbag.py:588} INFO - Filling up the DagBag from /home/airflow/.local/lib/python3.12/site-packages/airflow/example_dags/example_nested_branch_dag.py
[2025-03-16T19:20:04.684+0000] {processor.py:925} INFO - DAG(s) 'example_nested_branch_dag' retrieved from /home/airflow/.local/lib/python3.12/site-packages/airflow/example_dags/example_nested_branch_dag.py
[2025-03-16T19:20:04.738+0000] {logging_mixin.py:190} INFO - [2025-03-16T19:20:04.738+0000] {dag.py:3239} INFO - Sync 1 DAGs
[2025-03-16T19:20:04.774+0000] {logging_mixin.py:190} INFO - [2025-03-16T19:20:04.773+0000] {dag.py:4180} INFO - Setting next_dagrun for example_nested_branch_dag to 2025-03-15 00:00:00+00:00, run_after=2025-03-16 00:00:00+00:00
[2025-03-16T19:20:04.802+0000] {processor.py:208} INFO - Processing /home/airflow/.local/lib/python3.12/site-packages/airflow/example_dags/example_nested_branch_dag.py took 0.146 seconds
[2025-03-16T19:20:35.070+0000] {processor.py:186} INFO - Started process (PID=90558) to work on /home/airflow/.local/lib/python3.12/site-packages/airflow/example_dags/example_nested_branch_dag.py
[2025-03-16T19:20:35.071+0000] {processor.py:914} INFO - Processing file /home/airflow/.local/lib/python3.12/site-packages/airflow/example_dags/example_nested_branch_dag.py for tasks to queue
[2025-03-16T19:20:35.073+0000] {logging_mixin.py:190} INFO - [2025-03-16T19:20:35.073+0000] {dagbag.py:588} INFO - Filling up the DagBag from /home/airflow/.local/lib/python3.12/site-packages/airflow/example_dags/example_nested_branch_dag.py
[2025-03-16T19:20:35.087+0000] {processor.py:925} INFO - DAG(s) 'example_nested_branch_dag' retrieved from /home/airflow/.local/lib/python3.12/site-packages/airflow/example_dags/example_nested_branch_dag.py
[2025-03-16T19:20:35.121+0000] {logging_mixin.py:190} INFO - [2025-03-16T19:20:35.121+0000] {dag.py:3239} INFO - Sync 1 DAGs
[2025-03-16T19:20:35.158+0000] {logging_mixin.py:190} INFO - [2025-03-16T19:20:35.157+0000] {dag.py:4180} INFO - Setting next_dagrun for example_nested_branch_dag to 2025-03-15 00:00:00+00:00, run_after=2025-03-16 00:00:00+00:00
[2025-03-16T19:20:35.189+0000] {processor.py:208} INFO - Processing /home/airflow/.local/lib/python3.12/site-packages/airflow/example_dags/example_nested_branch_dag.py took 0.126 seconds
[2025-03-16T19:21:05.301+0000] {processor.py:186} INFO - Started process (PID=90622) to work on /home/airflow/.local/lib/python3.12/site-packages/airflow/example_dags/example_nested_branch_dag.py
[2025-03-16T19:21:05.304+0000] {processor.py:914} INFO - Processing file /home/airflow/.local/lib/python3.12/site-packages/airflow/example_dags/example_nested_branch_dag.py for tasks to queue
[2025-03-16T19:21:05.306+0000] {logging_mixin.py:190} INFO - [2025-03-16T19:21:05.305+0000] {dagbag.py:588} INFO - Filling up the DagBag from /home/airflow/.local/lib/python3.12/site-packages/airflow/example_dags/example_nested_branch_dag.py
[2025-03-16T19:21:05.320+0000] {processor.py:925} INFO - DAG(s) 'example_nested_branch_dag' retrieved from /home/airflow/.local/lib/python3.12/site-packages/airflow/example_dags/example_nested_branch_dag.py
[2025-03-16T19:21:05.351+0000] {logging_mixin.py:190} INFO - [2025-03-16T19:21:05.350+0000] {dag.py:3239} INFO - Sync 1 DAGs
[2025-03-16T19:21:05.406+0000] {logging_mixin.py:190} INFO - [2025-03-16T19:21:05.405+0000] {dag.py:4180} INFO - Setting next_dagrun for example_nested_branch_dag to 2025-03-15 00:00:00+00:00, run_after=2025-03-16 00:00:00+00:00
[2025-03-16T19:21:05.435+0000] {processor.py:208} INFO - Processing /home/airflow/.local/lib/python3.12/site-packages/airflow/example_dags/example_nested_branch_dag.py took 0.139 seconds
[2025-03-16T19:21:35.604+0000] {processor.py:186} INFO - Started process (PID=90685) to work on /home/airflow/.local/lib/python3.12/site-packages/airflow/example_dags/example_nested_branch_dag.py
[2025-03-16T19:21:35.607+0000] {processor.py:914} INFO - Processing file /home/airflow/.local/lib/python3.12/site-packages/airflow/example_dags/example_nested_branch_dag.py for tasks to queue
[2025-03-16T19:21:35.609+0000] {logging_mixin.py:190} INFO - [2025-03-16T19:21:35.609+0000] {dagbag.py:588} INFO - Filling up the DagBag from /home/airflow/.local/lib/python3.12/site-packages/airflow/example_dags/example_nested_branch_dag.py
[2025-03-16T19:21:35.625+0000] {processor.py:925} INFO - DAG(s) 'example_nested_branch_dag' retrieved from /home/airflow/.local/lib/python3.12/site-packages/airflow/example_dags/example_nested_branch_dag.py
[2025-03-16T19:21:35.655+0000] {logging_mixin.py:190} INFO - [2025-03-16T19:21:35.654+0000] {dag.py:3239} INFO - Sync 1 DAGs
[2025-03-16T19:21:35.687+0000] {logging_mixin.py:190} INFO - [2025-03-16T19:21:35.687+0000] {dag.py:4180} INFO - Setting next_dagrun for example_nested_branch_dag to 2025-03-15 00:00:00+00:00, run_after=2025-03-16 00:00:00+00:00
[2025-03-16T19:21:35.719+0000] {processor.py:208} INFO - Processing /home/airflow/.local/lib/python3.12/site-packages/airflow/example_dags/example_nested_branch_dag.py took 0.121 seconds
[2025-03-16T19:22:06.146+0000] {processor.py:186} INFO - Started process (PID=90749) to work on /home/airflow/.local/lib/python3.12/site-packages/airflow/example_dags/example_nested_branch_dag.py
[2025-03-16T19:22:06.148+0000] {processor.py:914} INFO - Processing file /home/airflow/.local/lib/python3.12/site-packages/airflow/example_dags/example_nested_branch_dag.py for tasks to queue
[2025-03-16T19:22:06.150+0000] {logging_mixin.py:190} INFO - [2025-03-16T19:22:06.149+0000] {dagbag.py:588} INFO - Filling up the DagBag from /home/airflow/.local/lib/python3.12/site-packages/airflow/example_dags/example_nested_branch_dag.py
[2025-03-16T19:22:06.167+0000] {processor.py:925} INFO - DAG(s) 'example_nested_branch_dag' retrieved from /home/airflow/.local/lib/python3.12/site-packages/airflow/example_dags/example_nested_branch_dag.py
[2025-03-16T19:22:06.200+0000] {logging_mixin.py:190} INFO - [2025-03-16T19:22:06.199+0000] {dag.py:3239} INFO - Sync 1 DAGs
[2025-03-16T19:22:06.233+0000] {logging_mixin.py:190} INFO - [2025-03-16T19:22:06.233+0000] {dag.py:4180} INFO - Setting next_dagrun for example_nested_branch_dag to 2025-03-15 00:00:00+00:00, run_after=2025-03-16 00:00:00+00:00
[2025-03-16T19:22:06.262+0000] {processor.py:208} INFO - Processing /home/airflow/.local/lib/python3.12/site-packages/airflow/example_dags/example_nested_branch_dag.py took 0.123 seconds
[2025-03-16T19:22:36.557+0000] {processor.py:186} INFO - Started process (PID=90812) to work on /home/airflow/.local/lib/python3.12/site-packages/airflow/example_dags/example_nested_branch_dag.py
[2025-03-16T19:22:36.560+0000] {processor.py:914} INFO - Processing file /home/airflow/.local/lib/python3.12/site-packages/airflow/example_dags/example_nested_branch_dag.py for tasks to queue
[2025-03-16T19:22:36.563+0000] {logging_mixin.py:190} INFO - [2025-03-16T19:22:36.562+0000] {dagbag.py:588} INFO - Filling up the DagBag from /home/airflow/.local/lib/python3.12/site-packages/airflow/example_dags/example_nested_branch_dag.py
[2025-03-16T19:22:36.583+0000] {processor.py:925} INFO - DAG(s) 'example_nested_branch_dag' retrieved from /home/airflow/.local/lib/python3.12/site-packages/airflow/example_dags/example_nested_branch_dag.py
[2025-03-16T19:22:36.636+0000] {logging_mixin.py:190} INFO - [2025-03-16T19:22:36.635+0000] {dag.py:3239} INFO - Sync 1 DAGs
[2025-03-16T19:22:36.685+0000] {logging_mixin.py:190} INFO - [2025-03-16T19:22:36.684+0000] {dag.py:4180} INFO - Setting next_dagrun for example_nested_branch_dag to 2025-03-15 00:00:00+00:00, run_after=2025-03-16 00:00:00+00:00
[2025-03-16T19:22:36.726+0000] {processor.py:208} INFO - Processing /home/airflow/.local/lib/python3.12/site-packages/airflow/example_dags/example_nested_branch_dag.py took 0.179 seconds
[2025-03-16T19:23:07.036+0000] {processor.py:186} INFO - Started process (PID=90876) to work on /home/airflow/.local/lib/python3.12/site-packages/airflow/example_dags/example_nested_branch_dag.py
[2025-03-16T19:23:07.038+0000] {processor.py:914} INFO - Processing file /home/airflow/.local/lib/python3.12/site-packages/airflow/example_dags/example_nested_branch_dag.py for tasks to queue
[2025-03-16T19:23:07.041+0000] {logging_mixin.py:190} INFO - [2025-03-16T19:23:07.040+0000] {dagbag.py:588} INFO - Filling up the DagBag from /home/airflow/.local/lib/python3.12/site-packages/airflow/example_dags/example_nested_branch_dag.py
[2025-03-16T19:23:07.062+0000] {processor.py:925} INFO - DAG(s) 'example_nested_branch_dag' retrieved from /home/airflow/.local/lib/python3.12/site-packages/airflow/example_dags/example_nested_branch_dag.py
[2025-03-16T19:23:07.101+0000] {logging_mixin.py:190} INFO - [2025-03-16T19:23:07.100+0000] {dag.py:3239} INFO - Sync 1 DAGs
[2025-03-16T19:23:07.147+0000] {logging_mixin.py:190} INFO - [2025-03-16T19:23:07.146+0000] {dag.py:4180} INFO - Setting next_dagrun for example_nested_branch_dag to 2025-03-15 00:00:00+00:00, run_after=2025-03-16 00:00:00+00:00
[2025-03-16T19:23:07.181+0000] {processor.py:208} INFO - Processing /home/airflow/.local/lib/python3.12/site-packages/airflow/example_dags/example_nested_branch_dag.py took 0.153 seconds
[2025-03-16T19:23:37.401+0000] {processor.py:186} INFO - Started process (PID=90940) to work on /home/airflow/.local/lib/python3.12/site-packages/airflow/example_dags/example_nested_branch_dag.py
[2025-03-16T19:23:37.403+0000] {processor.py:914} INFO - Processing file /home/airflow/.local/lib/python3.12/site-packages/airflow/example_dags/example_nested_branch_dag.py for tasks to queue
[2025-03-16T19:23:37.405+0000] {logging_mixin.py:190} INFO - [2025-03-16T19:23:37.404+0000] {dagbag.py:588} INFO - Filling up the DagBag from /home/airflow/.local/lib/python3.12/site-packages/airflow/example_dags/example_nested_branch_dag.py
[2025-03-16T19:23:37.426+0000] {processor.py:925} INFO - DAG(s) 'example_nested_branch_dag' retrieved from /home/airflow/.local/lib/python3.12/site-packages/airflow/example_dags/example_nested_branch_dag.py
[2025-03-16T19:23:37.467+0000] {logging_mixin.py:190} INFO - [2025-03-16T19:23:37.467+0000] {dag.py:3239} INFO - Sync 1 DAGs
[2025-03-16T19:23:37.515+0000] {logging_mixin.py:190} INFO - [2025-03-16T19:23:37.515+0000] {dag.py:4180} INFO - Setting next_dagrun for example_nested_branch_dag to 2025-03-15 00:00:00+00:00, run_after=2025-03-16 00:00:00+00:00
[2025-03-16T19:23:37.556+0000] {processor.py:208} INFO - Processing /home/airflow/.local/lib/python3.12/site-packages/airflow/example_dags/example_nested_branch_dag.py took 0.169 seconds
[2025-03-16T19:24:08.301+0000] {processor.py:186} INFO - Started process (PID=91000) to work on /home/airflow/.local/lib/python3.12/site-packages/airflow/example_dags/example_nested_branch_dag.py
[2025-03-16T19:24:08.302+0000] {processor.py:914} INFO - Processing file /home/airflow/.local/lib/python3.12/site-packages/airflow/example_dags/example_nested_branch_dag.py for tasks to queue
[2025-03-16T19:24:08.304+0000] {logging_mixin.py:190} INFO - [2025-03-16T19:24:08.304+0000] {dagbag.py:588} INFO - Filling up the DagBag from /home/airflow/.local/lib/python3.12/site-packages/airflow/example_dags/example_nested_branch_dag.py
[2025-03-16T19:24:08.331+0000] {processor.py:925} INFO - DAG(s) 'example_nested_branch_dag' retrieved from /home/airflow/.local/lib/python3.12/site-packages/airflow/example_dags/example_nested_branch_dag.py
[2025-03-16T19:24:08.372+0000] {logging_mixin.py:190} INFO - [2025-03-16T19:24:08.372+0000] {dag.py:3239} INFO - Sync 1 DAGs
[2025-03-16T19:24:08.420+0000] {logging_mixin.py:190} INFO - [2025-03-16T19:24:08.420+0000] {dag.py:4180} INFO - Setting next_dagrun for example_nested_branch_dag to 2025-03-15 00:00:00+00:00, run_after=2025-03-16 00:00:00+00:00
[2025-03-16T19:24:08.458+0000] {processor.py:208} INFO - Processing /home/airflow/.local/lib/python3.12/site-packages/airflow/example_dags/example_nested_branch_dag.py took 0.171 seconds
[2025-03-16T19:24:39.390+0000] {processor.py:186} INFO - Started process (PID=91061) to work on /home/airflow/.local/lib/python3.12/site-packages/airflow/example_dags/example_nested_branch_dag.py
[2025-03-16T19:24:39.394+0000] {processor.py:914} INFO - Processing file /home/airflow/.local/lib/python3.12/site-packages/airflow/example_dags/example_nested_branch_dag.py for tasks to queue
[2025-03-16T19:24:39.397+0000] {logging_mixin.py:190} INFO - [2025-03-16T19:24:39.396+0000] {dagbag.py:588} INFO - Filling up the DagBag from /home/airflow/.local/lib/python3.12/site-packages/airflow/example_dags/example_nested_branch_dag.py
[2025-03-16T19:24:39.424+0000] {processor.py:925} INFO - DAG(s) 'example_nested_branch_dag' retrieved from /home/airflow/.local/lib/python3.12/site-packages/airflow/example_dags/example_nested_branch_dag.py
[2025-03-16T19:24:39.467+0000] {logging_mixin.py:190} INFO - [2025-03-16T19:24:39.466+0000] {dag.py:3239} INFO - Sync 1 DAGs
[2025-03-16T19:24:39.511+0000] {logging_mixin.py:190} INFO - [2025-03-16T19:24:39.511+0000] {dag.py:4180} INFO - Setting next_dagrun for example_nested_branch_dag to 2025-03-15 00:00:00+00:00, run_after=2025-03-16 00:00:00+00:00
[2025-03-16T19:24:39.547+0000] {processor.py:208} INFO - Processing /home/airflow/.local/lib/python3.12/site-packages/airflow/example_dags/example_nested_branch_dag.py took 0.172 seconds
[2025-03-16T19:25:10.382+0000] {processor.py:186} INFO - Started process (PID=91117) to work on /home/airflow/.local/lib/python3.12/site-packages/airflow/example_dags/example_nested_branch_dag.py
[2025-03-16T19:25:10.384+0000] {processor.py:914} INFO - Processing file /home/airflow/.local/lib/python3.12/site-packages/airflow/example_dags/example_nested_branch_dag.py for tasks to queue
[2025-03-16T19:25:10.388+0000] {logging_mixin.py:190} INFO - [2025-03-16T19:25:10.386+0000] {dagbag.py:588} INFO - Filling up the DagBag from /home/airflow/.local/lib/python3.12/site-packages/airflow/example_dags/example_nested_branch_dag.py
[2025-03-16T19:25:10.410+0000] {processor.py:925} INFO - DAG(s) 'example_nested_branch_dag' retrieved from /home/airflow/.local/lib/python3.12/site-packages/airflow/example_dags/example_nested_branch_dag.py
[2025-03-16T19:25:10.451+0000] {logging_mixin.py:190} INFO - [2025-03-16T19:25:10.451+0000] {dag.py:3239} INFO - Sync 1 DAGs
[2025-03-16T19:25:10.500+0000] {logging_mixin.py:190} INFO - [2025-03-16T19:25:10.499+0000] {dag.py:4180} INFO - Setting next_dagrun for example_nested_branch_dag to 2025-03-15 00:00:00+00:00, run_after=2025-03-16 00:00:00+00:00
[2025-03-16T19:25:10.536+0000] {processor.py:208} INFO - Processing /home/airflow/.local/lib/python3.12/site-packages/airflow/example_dags/example_nested_branch_dag.py took 0.164 seconds
[2025-03-16T19:25:40.990+0000] {processor.py:186} INFO - Started process (PID=91177) to work on /home/airflow/.local/lib/python3.12/site-packages/airflow/example_dags/example_nested_branch_dag.py
[2025-03-16T19:25:40.991+0000] {processor.py:914} INFO - Processing file /home/airflow/.local/lib/python3.12/site-packages/airflow/example_dags/example_nested_branch_dag.py for tasks to queue
[2025-03-16T19:25:40.993+0000] {logging_mixin.py:190} INFO - [2025-03-16T19:25:40.993+0000] {dagbag.py:588} INFO - Filling up the DagBag from /home/airflow/.local/lib/python3.12/site-packages/airflow/example_dags/example_nested_branch_dag.py
[2025-03-16T19:25:41.016+0000] {processor.py:925} INFO - DAG(s) 'example_nested_branch_dag' retrieved from /home/airflow/.local/lib/python3.12/site-packages/airflow/example_dags/example_nested_branch_dag.py
[2025-03-16T19:25:41.060+0000] {logging_mixin.py:190} INFO - [2025-03-16T19:25:41.060+0000] {dag.py:3239} INFO - Sync 1 DAGs
[2025-03-16T19:25:41.108+0000] {logging_mixin.py:190} INFO - [2025-03-16T19:25:41.107+0000] {dag.py:4180} INFO - Setting next_dagrun for example_nested_branch_dag to 2025-03-15 00:00:00+00:00, run_after=2025-03-16 00:00:00+00:00
[2025-03-16T19:25:41.150+0000] {processor.py:208} INFO - Processing /home/airflow/.local/lib/python3.12/site-packages/airflow/example_dags/example_nested_branch_dag.py took 0.172 seconds
[2025-03-16T19:26:11.244+0000] {processor.py:186} INFO - Started process (PID=91241) to work on /home/airflow/.local/lib/python3.12/site-packages/airflow/example_dags/example_nested_branch_dag.py
[2025-03-16T19:26:11.248+0000] {processor.py:914} INFO - Processing file /home/airflow/.local/lib/python3.12/site-packages/airflow/example_dags/example_nested_branch_dag.py for tasks to queue
[2025-03-16T19:26:11.251+0000] {logging_mixin.py:190} INFO - [2025-03-16T19:26:11.251+0000] {dagbag.py:588} INFO - Filling up the DagBag from /home/airflow/.local/lib/python3.12/site-packages/airflow/example_dags/example_nested_branch_dag.py
[2025-03-16T19:26:11.273+0000] {processor.py:925} INFO - DAG(s) 'example_nested_branch_dag' retrieved from /home/airflow/.local/lib/python3.12/site-packages/airflow/example_dags/example_nested_branch_dag.py
[2025-03-16T19:26:11.313+0000] {logging_mixin.py:190} INFO - [2025-03-16T19:26:11.312+0000] {dag.py:3239} INFO - Sync 1 DAGs
[2025-03-16T19:26:11.357+0000] {logging_mixin.py:190} INFO - [2025-03-16T19:26:11.356+0000] {dag.py:4180} INFO - Setting next_dagrun for example_nested_branch_dag to 2025-03-15 00:00:00+00:00, run_after=2025-03-16 00:00:00+00:00
[2025-03-16T19:26:11.391+0000] {processor.py:208} INFO - Processing /home/airflow/.local/lib/python3.12/site-packages/airflow/example_dags/example_nested_branch_dag.py took 0.157 seconds
[2025-03-16T19:26:42.149+0000] {processor.py:186} INFO - Started process (PID=91305) to work on /home/airflow/.local/lib/python3.12/site-packages/airflow/example_dags/example_nested_branch_dag.py
[2025-03-16T19:26:42.150+0000] {processor.py:914} INFO - Processing file /home/airflow/.local/lib/python3.12/site-packages/airflow/example_dags/example_nested_branch_dag.py for tasks to queue
[2025-03-16T19:26:42.153+0000] {logging_mixin.py:190} INFO - [2025-03-16T19:26:42.152+0000] {dagbag.py:588} INFO - Filling up the DagBag from /home/airflow/.local/lib/python3.12/site-packages/airflow/example_dags/example_nested_branch_dag.py
[2025-03-16T19:26:42.178+0000] {processor.py:925} INFO - DAG(s) 'example_nested_branch_dag' retrieved from /home/airflow/.local/lib/python3.12/site-packages/airflow/example_dags/example_nested_branch_dag.py
[2025-03-16T19:26:42.236+0000] {logging_mixin.py:190} INFO - [2025-03-16T19:26:42.235+0000] {dag.py:3239} INFO - Sync 1 DAGs
[2025-03-16T19:26:42.293+0000] {logging_mixin.py:190} INFO - [2025-03-16T19:26:42.293+0000] {dag.py:4180} INFO - Setting next_dagrun for example_nested_branch_dag to 2025-03-15 00:00:00+00:00, run_after=2025-03-16 00:00:00+00:00
[2025-03-16T19:26:42.325+0000] {processor.py:208} INFO - Processing /home/airflow/.local/lib/python3.12/site-packages/airflow/example_dags/example_nested_branch_dag.py took 0.187 seconds
[2025-03-16T19:27:12.726+0000] {processor.py:186} INFO - Started process (PID=91369) to work on /home/airflow/.local/lib/python3.12/site-packages/airflow/example_dags/example_nested_branch_dag.py
[2025-03-16T19:27:12.729+0000] {processor.py:914} INFO - Processing file /home/airflow/.local/lib/python3.12/site-packages/airflow/example_dags/example_nested_branch_dag.py for tasks to queue
[2025-03-16T19:27:12.731+0000] {logging_mixin.py:190} INFO - [2025-03-16T19:27:12.731+0000] {dagbag.py:588} INFO - Filling up the DagBag from /home/airflow/.local/lib/python3.12/site-packages/airflow/example_dags/example_nested_branch_dag.py
[2025-03-16T19:27:12.749+0000] {processor.py:925} INFO - DAG(s) 'example_nested_branch_dag' retrieved from /home/airflow/.local/lib/python3.12/site-packages/airflow/example_dags/example_nested_branch_dag.py
[2025-03-16T19:27:12.782+0000] {logging_mixin.py:190} INFO - [2025-03-16T19:27:12.781+0000] {dag.py:3239} INFO - Sync 1 DAGs
[2025-03-16T19:27:12.821+0000] {logging_mixin.py:190} INFO - [2025-03-16T19:27:12.821+0000] {dag.py:4180} INFO - Setting next_dagrun for example_nested_branch_dag to 2025-03-15 00:00:00+00:00, run_after=2025-03-16 00:00:00+00:00
[2025-03-16T19:27:13.091+0000] {processor.py:208} INFO - Processing /home/airflow/.local/lib/python3.12/site-packages/airflow/example_dags/example_nested_branch_dag.py took 0.372 seconds
[2025-03-16T19:27:43.554+0000] {processor.py:186} INFO - Started process (PID=91433) to work on /home/airflow/.local/lib/python3.12/site-packages/airflow/example_dags/example_nested_branch_dag.py
[2025-03-16T19:27:43.555+0000] {processor.py:914} INFO - Processing file /home/airflow/.local/lib/python3.12/site-packages/airflow/example_dags/example_nested_branch_dag.py for tasks to queue
[2025-03-16T19:27:43.559+0000] {logging_mixin.py:190} INFO - [2025-03-16T19:27:43.558+0000] {dagbag.py:588} INFO - Filling up the DagBag from /home/airflow/.local/lib/python3.12/site-packages/airflow/example_dags/example_nested_branch_dag.py
[2025-03-16T19:27:43.580+0000] {processor.py:925} INFO - DAG(s) 'example_nested_branch_dag' retrieved from /home/airflow/.local/lib/python3.12/site-packages/airflow/example_dags/example_nested_branch_dag.py
[2025-03-16T19:27:43.617+0000] {logging_mixin.py:190} INFO - [2025-03-16T19:27:43.616+0000] {dag.py:3239} INFO - Sync 1 DAGs
[2025-03-16T19:27:43.661+0000] {logging_mixin.py:190} INFO - [2025-03-16T19:27:43.661+0000] {dag.py:4180} INFO - Setting next_dagrun for example_nested_branch_dag to 2025-03-15 00:00:00+00:00, run_after=2025-03-16 00:00:00+00:00
[2025-03-16T19:27:43.695+0000] {processor.py:208} INFO - Processing /home/airflow/.local/lib/python3.12/site-packages/airflow/example_dags/example_nested_branch_dag.py took 0.150 seconds
[2025-03-16T19:28:13.835+0000] {processor.py:186} INFO - Started process (PID=91497) to work on /home/airflow/.local/lib/python3.12/site-packages/airflow/example_dags/example_nested_branch_dag.py
[2025-03-16T19:28:13.837+0000] {processor.py:914} INFO - Processing file /home/airflow/.local/lib/python3.12/site-packages/airflow/example_dags/example_nested_branch_dag.py for tasks to queue
[2025-03-16T19:28:13.839+0000] {logging_mixin.py:190} INFO - [2025-03-16T19:28:13.839+0000] {dagbag.py:588} INFO - Filling up the DagBag from /home/airflow/.local/lib/python3.12/site-packages/airflow/example_dags/example_nested_branch_dag.py
[2025-03-16T19:28:13.859+0000] {processor.py:925} INFO - DAG(s) 'example_nested_branch_dag' retrieved from /home/airflow/.local/lib/python3.12/site-packages/airflow/example_dags/example_nested_branch_dag.py
[2025-03-16T19:28:13.903+0000] {logging_mixin.py:190} INFO - [2025-03-16T19:28:13.902+0000] {dag.py:3239} INFO - Sync 1 DAGs
[2025-03-16T19:28:13.948+0000] {logging_mixin.py:190} INFO - [2025-03-16T19:28:13.947+0000] {dag.py:4180} INFO - Setting next_dagrun for example_nested_branch_dag to 2025-03-15 00:00:00+00:00, run_after=2025-03-16 00:00:00+00:00
[2025-03-16T19:28:13.983+0000] {processor.py:208} INFO - Processing /home/airflow/.local/lib/python3.12/site-packages/airflow/example_dags/example_nested_branch_dag.py took 0.160 seconds
[2025-03-16T19:28:45.124+0000] {processor.py:186} INFO - Started process (PID=91561) to work on /home/airflow/.local/lib/python3.12/site-packages/airflow/example_dags/example_nested_branch_dag.py
[2025-03-16T19:28:45.126+0000] {processor.py:914} INFO - Processing file /home/airflow/.local/lib/python3.12/site-packages/airflow/example_dags/example_nested_branch_dag.py for tasks to queue
[2025-03-16T19:28:45.128+0000] {logging_mixin.py:190} INFO - [2025-03-16T19:28:45.127+0000] {dagbag.py:588} INFO - Filling up the DagBag from /home/airflow/.local/lib/python3.12/site-packages/airflow/example_dags/example_nested_branch_dag.py
[2025-03-16T19:28:45.151+0000] {processor.py:925} INFO - DAG(s) 'example_nested_branch_dag' retrieved from /home/airflow/.local/lib/python3.12/site-packages/airflow/example_dags/example_nested_branch_dag.py
[2025-03-16T19:28:45.197+0000] {logging_mixin.py:190} INFO - [2025-03-16T19:28:45.196+0000] {dag.py:3239} INFO - Sync 1 DAGs
[2025-03-16T19:28:45.246+0000] {logging_mixin.py:190} INFO - [2025-03-16T19:28:45.246+0000] {dag.py:4180} INFO - Setting next_dagrun for example_nested_branch_dag to 2025-03-15 00:00:00+00:00, run_after=2025-03-16 00:00:00+00:00
[2025-03-16T19:28:45.284+0000] {processor.py:208} INFO - Processing /home/airflow/.local/lib/python3.12/site-packages/airflow/example_dags/example_nested_branch_dag.py took 0.171 seconds
[2025-03-16T19:29:16.052+0000] {processor.py:186} INFO - Started process (PID=91624) to work on /home/airflow/.local/lib/python3.12/site-packages/airflow/example_dags/example_nested_branch_dag.py
[2025-03-16T19:29:16.054+0000] {processor.py:914} INFO - Processing file /home/airflow/.local/lib/python3.12/site-packages/airflow/example_dags/example_nested_branch_dag.py for tasks to queue
[2025-03-16T19:29:16.057+0000] {logging_mixin.py:190} INFO - [2025-03-16T19:29:16.056+0000] {dagbag.py:588} INFO - Filling up the DagBag from /home/airflow/.local/lib/python3.12/site-packages/airflow/example_dags/example_nested_branch_dag.py
[2025-03-16T19:29:16.089+0000] {processor.py:925} INFO - DAG(s) 'example_nested_branch_dag' retrieved from /home/airflow/.local/lib/python3.12/site-packages/airflow/example_dags/example_nested_branch_dag.py
[2025-03-16T19:29:16.146+0000] {logging_mixin.py:190} INFO - [2025-03-16T19:29:16.144+0000] {dag.py:3239} INFO - Sync 1 DAGs
[2025-03-16T19:29:16.532+0000] {logging_mixin.py:190} INFO - [2025-03-16T19:29:16.531+0000] {dag.py:4180} INFO - Setting next_dagrun for example_nested_branch_dag to 2025-03-15 00:00:00+00:00, run_after=2025-03-16 00:00:00+00:00
[2025-03-16T19:29:16.570+0000] {processor.py:208} INFO - Processing /home/airflow/.local/lib/python3.12/site-packages/airflow/example_dags/example_nested_branch_dag.py took 0.531 seconds
[2025-03-16T19:29:46.705+0000] {processor.py:186} INFO - Started process (PID=91687) to work on /home/airflow/.local/lib/python3.12/site-packages/airflow/example_dags/example_nested_branch_dag.py
[2025-03-16T19:29:46.706+0000] {processor.py:914} INFO - Processing file /home/airflow/.local/lib/python3.12/site-packages/airflow/example_dags/example_nested_branch_dag.py for tasks to queue
[2025-03-16T19:29:46.710+0000] {logging_mixin.py:190} INFO - [2025-03-16T19:29:46.709+0000] {dagbag.py:588} INFO - Filling up the DagBag from /home/airflow/.local/lib/python3.12/site-packages/airflow/example_dags/example_nested_branch_dag.py
[2025-03-16T19:29:46.732+0000] {processor.py:925} INFO - DAG(s) 'example_nested_branch_dag' retrieved from /home/airflow/.local/lib/python3.12/site-packages/airflow/example_dags/example_nested_branch_dag.py
[2025-03-16T19:29:46.769+0000] {logging_mixin.py:190} INFO - [2025-03-16T19:29:46.768+0000] {dag.py:3239} INFO - Sync 1 DAGs
[2025-03-16T19:29:46.813+0000] {logging_mixin.py:190} INFO - [2025-03-16T19:29:46.812+0000] {dag.py:4180} INFO - Setting next_dagrun for example_nested_branch_dag to 2025-03-15 00:00:00+00:00, run_after=2025-03-16 00:00:00+00:00
[2025-03-16T19:29:47.117+0000] {processor.py:208} INFO - Processing /home/airflow/.local/lib/python3.12/site-packages/airflow/example_dags/example_nested_branch_dag.py took 0.421 seconds
[2025-03-16T19:30:17.211+0000] {processor.py:186} INFO - Started process (PID=91751) to work on /home/airflow/.local/lib/python3.12/site-packages/airflow/example_dags/example_nested_branch_dag.py
[2025-03-16T19:30:17.213+0000] {processor.py:914} INFO - Processing file /home/airflow/.local/lib/python3.12/site-packages/airflow/example_dags/example_nested_branch_dag.py for tasks to queue
[2025-03-16T19:30:17.216+0000] {logging_mixin.py:190} INFO - [2025-03-16T19:30:17.215+0000] {dagbag.py:588} INFO - Filling up the DagBag from /home/airflow/.local/lib/python3.12/site-packages/airflow/example_dags/example_nested_branch_dag.py
[2025-03-16T19:30:17.237+0000] {processor.py:925} INFO - DAG(s) 'example_nested_branch_dag' retrieved from /home/airflow/.local/lib/python3.12/site-packages/airflow/example_dags/example_nested_branch_dag.py
[2025-03-16T19:30:17.282+0000] {logging_mixin.py:190} INFO - [2025-03-16T19:30:17.282+0000] {dag.py:3239} INFO - Sync 1 DAGs
[2025-03-16T19:30:17.332+0000] {logging_mixin.py:190} INFO - [2025-03-16T19:30:17.332+0000] {dag.py:4180} INFO - Setting next_dagrun for example_nested_branch_dag to 2025-03-15 00:00:00+00:00, run_after=2025-03-16 00:00:00+00:00
[2025-03-16T19:30:17.369+0000] {processor.py:208} INFO - Processing /home/airflow/.local/lib/python3.12/site-packages/airflow/example_dags/example_nested_branch_dag.py took 0.169 seconds
[2025-03-16T19:30:47.928+0000] {processor.py:186} INFO - Started process (PID=91815) to work on /home/airflow/.local/lib/python3.12/site-packages/airflow/example_dags/example_nested_branch_dag.py
[2025-03-16T19:30:47.930+0000] {processor.py:914} INFO - Processing file /home/airflow/.local/lib/python3.12/site-packages/airflow/example_dags/example_nested_branch_dag.py for tasks to queue
[2025-03-16T19:30:47.933+0000] {logging_mixin.py:190} INFO - [2025-03-16T19:30:47.931+0000] {dagbag.py:588} INFO - Filling up the DagBag from /home/airflow/.local/lib/python3.12/site-packages/airflow/example_dags/example_nested_branch_dag.py
[2025-03-16T19:30:47.956+0000] {processor.py:925} INFO - DAG(s) 'example_nested_branch_dag' retrieved from /home/airflow/.local/lib/python3.12/site-packages/airflow/example_dags/example_nested_branch_dag.py
[2025-03-16T19:30:47.991+0000] {logging_mixin.py:190} INFO - [2025-03-16T19:30:47.991+0000] {dag.py:3239} INFO - Sync 1 DAGs
[2025-03-16T19:30:48.031+0000] {logging_mixin.py:190} INFO - [2025-03-16T19:30:48.031+0000] {dag.py:4180} INFO - Setting next_dagrun for example_nested_branch_dag to 2025-03-15 00:00:00+00:00, run_after=2025-03-16 00:00:00+00:00
[2025-03-16T19:30:48.067+0000] {processor.py:208} INFO - Processing /home/airflow/.local/lib/python3.12/site-packages/airflow/example_dags/example_nested_branch_dag.py took 0.150 seconds
[2025-03-16T19:31:18.315+0000] {processor.py:186} INFO - Started process (PID=91879) to work on /home/airflow/.local/lib/python3.12/site-packages/airflow/example_dags/example_nested_branch_dag.py
[2025-03-16T19:31:18.317+0000] {processor.py:914} INFO - Processing file /home/airflow/.local/lib/python3.12/site-packages/airflow/example_dags/example_nested_branch_dag.py for tasks to queue
[2025-03-16T19:31:18.321+0000] {logging_mixin.py:190} INFO - [2025-03-16T19:31:18.320+0000] {dagbag.py:588} INFO - Filling up the DagBag from /home/airflow/.local/lib/python3.12/site-packages/airflow/example_dags/example_nested_branch_dag.py
[2025-03-16T19:31:18.344+0000] {processor.py:925} INFO - DAG(s) 'example_nested_branch_dag' retrieved from /home/airflow/.local/lib/python3.12/site-packages/airflow/example_dags/example_nested_branch_dag.py
[2025-03-16T19:31:18.386+0000] {logging_mixin.py:190} INFO - [2025-03-16T19:31:18.385+0000] {dag.py:3239} INFO - Sync 1 DAGs
[2025-03-16T19:31:18.431+0000] {logging_mixin.py:190} INFO - [2025-03-16T19:31:18.431+0000] {dag.py:4180} INFO - Setting next_dagrun for example_nested_branch_dag to 2025-03-15 00:00:00+00:00, run_after=2025-03-16 00:00:00+00:00
[2025-03-16T19:31:18.468+0000] {processor.py:208} INFO - Processing /home/airflow/.local/lib/python3.12/site-packages/airflow/example_dags/example_nested_branch_dag.py took 0.162 seconds
[2025-03-16T19:31:48.762+0000] {processor.py:186} INFO - Started process (PID=91943) to work on /home/airflow/.local/lib/python3.12/site-packages/airflow/example_dags/example_nested_branch_dag.py
[2025-03-16T19:31:48.765+0000] {processor.py:914} INFO - Processing file /home/airflow/.local/lib/python3.12/site-packages/airflow/example_dags/example_nested_branch_dag.py for tasks to queue
[2025-03-16T19:31:48.767+0000] {logging_mixin.py:190} INFO - [2025-03-16T19:31:48.766+0000] {dagbag.py:588} INFO - Filling up the DagBag from /home/airflow/.local/lib/python3.12/site-packages/airflow/example_dags/example_nested_branch_dag.py
[2025-03-16T19:31:48.787+0000] {processor.py:925} INFO - DAG(s) 'example_nested_branch_dag' retrieved from /home/airflow/.local/lib/python3.12/site-packages/airflow/example_dags/example_nested_branch_dag.py
[2025-03-16T19:31:48.827+0000] {logging_mixin.py:190} INFO - [2025-03-16T19:31:48.826+0000] {dag.py:3239} INFO - Sync 1 DAGs
[2025-03-16T19:31:48.871+0000] {logging_mixin.py:190} INFO - [2025-03-16T19:31:48.871+0000] {dag.py:4180} INFO - Setting next_dagrun for example_nested_branch_dag to 2025-03-15 00:00:00+00:00, run_after=2025-03-16 00:00:00+00:00
[2025-03-16T19:31:48.905+0000] {processor.py:208} INFO - Processing /home/airflow/.local/lib/python3.12/site-packages/airflow/example_dags/example_nested_branch_dag.py took 0.158 seconds
[2025-03-16T19:32:19.435+0000] {processor.py:186} INFO - Started process (PID=92007) to work on /home/airflow/.local/lib/python3.12/site-packages/airflow/example_dags/example_nested_branch_dag.py
[2025-03-16T19:32:19.437+0000] {processor.py:914} INFO - Processing file /home/airflow/.local/lib/python3.12/site-packages/airflow/example_dags/example_nested_branch_dag.py for tasks to queue
[2025-03-16T19:32:19.439+0000] {logging_mixin.py:190} INFO - [2025-03-16T19:32:19.439+0000] {dagbag.py:588} INFO - Filling up the DagBag from /home/airflow/.local/lib/python3.12/site-packages/airflow/example_dags/example_nested_branch_dag.py
[2025-03-16T19:32:19.464+0000] {processor.py:925} INFO - DAG(s) 'example_nested_branch_dag' retrieved from /home/airflow/.local/lib/python3.12/site-packages/airflow/example_dags/example_nested_branch_dag.py
[2025-03-16T19:32:19.509+0000] {logging_mixin.py:190} INFO - [2025-03-16T19:32:19.509+0000] {dag.py:3239} INFO - Sync 1 DAGs
[2025-03-16T19:32:19.571+0000] {logging_mixin.py:190} INFO - [2025-03-16T19:32:19.570+0000] {dag.py:4180} INFO - Setting next_dagrun for example_nested_branch_dag to 2025-03-15 00:00:00+00:00, run_after=2025-03-16 00:00:00+00:00
[2025-03-16T19:32:19.608+0000] {processor.py:208} INFO - Processing /home/airflow/.local/lib/python3.12/site-packages/airflow/example_dags/example_nested_branch_dag.py took 0.183 seconds
[2025-03-16T19:32:50.161+0000] {processor.py:186} INFO - Started process (PID=92071) to work on /home/airflow/.local/lib/python3.12/site-packages/airflow/example_dags/example_nested_branch_dag.py
[2025-03-16T19:32:50.163+0000] {processor.py:914} INFO - Processing file /home/airflow/.local/lib/python3.12/site-packages/airflow/example_dags/example_nested_branch_dag.py for tasks to queue
[2025-03-16T19:32:50.166+0000] {logging_mixin.py:190} INFO - [2025-03-16T19:32:50.166+0000] {dagbag.py:588} INFO - Filling up the DagBag from /home/airflow/.local/lib/python3.12/site-packages/airflow/example_dags/example_nested_branch_dag.py
[2025-03-16T19:32:50.185+0000] {processor.py:925} INFO - DAG(s) 'example_nested_branch_dag' retrieved from /home/airflow/.local/lib/python3.12/site-packages/airflow/example_dags/example_nested_branch_dag.py
[2025-03-16T19:32:50.224+0000] {logging_mixin.py:190} INFO - [2025-03-16T19:32:50.223+0000] {dag.py:3239} INFO - Sync 1 DAGs
[2025-03-16T19:32:50.266+0000] {logging_mixin.py:190} INFO - [2025-03-16T19:32:50.266+0000] {dag.py:4180} INFO - Setting next_dagrun for example_nested_branch_dag to 2025-03-15 00:00:00+00:00, run_after=2025-03-16 00:00:00+00:00
[2025-03-16T19:32:50.301+0000] {processor.py:208} INFO - Processing /home/airflow/.local/lib/python3.12/site-packages/airflow/example_dags/example_nested_branch_dag.py took 0.147 seconds
[2025-03-16T19:33:20.537+0000] {processor.py:186} INFO - Started process (PID=92135) to work on /home/airflow/.local/lib/python3.12/site-packages/airflow/example_dags/example_nested_branch_dag.py
[2025-03-16T19:33:20.539+0000] {processor.py:914} INFO - Processing file /home/airflow/.local/lib/python3.12/site-packages/airflow/example_dags/example_nested_branch_dag.py for tasks to queue
[2025-03-16T19:33:20.541+0000] {logging_mixin.py:190} INFO - [2025-03-16T19:33:20.540+0000] {dagbag.py:588} INFO - Filling up the DagBag from /home/airflow/.local/lib/python3.12/site-packages/airflow/example_dags/example_nested_branch_dag.py
[2025-03-16T19:33:20.561+0000] {processor.py:925} INFO - DAG(s) 'example_nested_branch_dag' retrieved from /home/airflow/.local/lib/python3.12/site-packages/airflow/example_dags/example_nested_branch_dag.py
[2025-03-16T19:33:20.594+0000] {logging_mixin.py:190} INFO - [2025-03-16T19:33:20.593+0000] {dag.py:3239} INFO - Sync 1 DAGs
[2025-03-16T19:33:20.631+0000] {logging_mixin.py:190} INFO - [2025-03-16T19:33:20.631+0000] {dag.py:4180} INFO - Setting next_dagrun for example_nested_branch_dag to 2025-03-15 00:00:00+00:00, run_after=2025-03-16 00:00:00+00:00
[2025-03-16T19:33:20.663+0000] {processor.py:208} INFO - Processing /home/airflow/.local/lib/python3.12/site-packages/airflow/example_dags/example_nested_branch_dag.py took 0.135 seconds
[2025-03-16T19:33:51.107+0000] {processor.py:186} INFO - Started process (PID=92199) to work on /home/airflow/.local/lib/python3.12/site-packages/airflow/example_dags/example_nested_branch_dag.py
[2025-03-16T19:33:51.109+0000] {processor.py:914} INFO - Processing file /home/airflow/.local/lib/python3.12/site-packages/airflow/example_dags/example_nested_branch_dag.py for tasks to queue
[2025-03-16T19:33:51.111+0000] {logging_mixin.py:190} INFO - [2025-03-16T19:33:51.110+0000] {dagbag.py:588} INFO - Filling up the DagBag from /home/airflow/.local/lib/python3.12/site-packages/airflow/example_dags/example_nested_branch_dag.py
[2025-03-16T19:33:51.130+0000] {processor.py:925} INFO - DAG(s) 'example_nested_branch_dag' retrieved from /home/airflow/.local/lib/python3.12/site-packages/airflow/example_dags/example_nested_branch_dag.py
[2025-03-16T19:33:51.172+0000] {logging_mixin.py:190} INFO - [2025-03-16T19:33:51.172+0000] {dag.py:3239} INFO - Sync 1 DAGs
[2025-03-16T19:33:51.212+0000] {logging_mixin.py:190} INFO - [2025-03-16T19:33:51.212+0000] {dag.py:4180} INFO - Setting next_dagrun for example_nested_branch_dag to 2025-03-15 00:00:00+00:00, run_after=2025-03-16 00:00:00+00:00
[2025-03-16T19:33:51.246+0000] {processor.py:208} INFO - Processing /home/airflow/.local/lib/python3.12/site-packages/airflow/example_dags/example_nested_branch_dag.py took 0.149 seconds
[2025-03-16T19:34:21.894+0000] {processor.py:186} INFO - Started process (PID=92263) to work on /home/airflow/.local/lib/python3.12/site-packages/airflow/example_dags/example_nested_branch_dag.py
[2025-03-16T19:34:21.895+0000] {processor.py:914} INFO - Processing file /home/airflow/.local/lib/python3.12/site-packages/airflow/example_dags/example_nested_branch_dag.py for tasks to queue
[2025-03-16T19:34:21.897+0000] {logging_mixin.py:190} INFO - [2025-03-16T19:34:21.896+0000] {dagbag.py:588} INFO - Filling up the DagBag from /home/airflow/.local/lib/python3.12/site-packages/airflow/example_dags/example_nested_branch_dag.py
[2025-03-16T19:34:21.918+0000] {processor.py:925} INFO - DAG(s) 'example_nested_branch_dag' retrieved from /home/airflow/.local/lib/python3.12/site-packages/airflow/example_dags/example_nested_branch_dag.py
[2025-03-16T19:34:21.953+0000] {logging_mixin.py:190} INFO - [2025-03-16T19:34:21.953+0000] {dag.py:3239} INFO - Sync 1 DAGs
[2025-03-16T19:34:21.994+0000] {logging_mixin.py:190} INFO - [2025-03-16T19:34:21.994+0000] {dag.py:4180} INFO - Setting next_dagrun for example_nested_branch_dag to 2025-03-15 00:00:00+00:00, run_after=2025-03-16 00:00:00+00:00
[2025-03-16T19:34:22.026+0000] {processor.py:208} INFO - Processing /home/airflow/.local/lib/python3.12/site-packages/airflow/example_dags/example_nested_branch_dag.py took 0.141 seconds
[2025-03-16T19:34:52.184+0000] {processor.py:186} INFO - Started process (PID=92328) to work on /home/airflow/.local/lib/python3.12/site-packages/airflow/example_dags/example_nested_branch_dag.py
[2025-03-16T19:34:52.186+0000] {processor.py:914} INFO - Processing file /home/airflow/.local/lib/python3.12/site-packages/airflow/example_dags/example_nested_branch_dag.py for tasks to queue
[2025-03-16T19:34:52.188+0000] {logging_mixin.py:190} INFO - [2025-03-16T19:34:52.188+0000] {dagbag.py:588} INFO - Filling up the DagBag from /home/airflow/.local/lib/python3.12/site-packages/airflow/example_dags/example_nested_branch_dag.py
[2025-03-16T19:34:52.213+0000] {processor.py:925} INFO - DAG(s) 'example_nested_branch_dag' retrieved from /home/airflow/.local/lib/python3.12/site-packages/airflow/example_dags/example_nested_branch_dag.py
[2025-03-16T19:34:52.259+0000] {logging_mixin.py:190} INFO - [2025-03-16T19:34:52.258+0000] {dag.py:3239} INFO - Sync 1 DAGs
[2025-03-16T19:34:52.301+0000] {logging_mixin.py:190} INFO - [2025-03-16T19:34:52.301+0000] {dag.py:4180} INFO - Setting next_dagrun for example_nested_branch_dag to 2025-03-15 00:00:00+00:00, run_after=2025-03-16 00:00:00+00:00
[2025-03-16T19:34:52.338+0000] {processor.py:208} INFO - Processing /home/airflow/.local/lib/python3.12/site-packages/airflow/example_dags/example_nested_branch_dag.py took 0.166 seconds
[2025-03-16T19:35:23.326+0000] {processor.py:186} INFO - Started process (PID=92392) to work on /home/airflow/.local/lib/python3.12/site-packages/airflow/example_dags/example_nested_branch_dag.py
[2025-03-16T19:35:23.327+0000] {processor.py:914} INFO - Processing file /home/airflow/.local/lib/python3.12/site-packages/airflow/example_dags/example_nested_branch_dag.py for tasks to queue
[2025-03-16T19:35:23.330+0000] {logging_mixin.py:190} INFO - [2025-03-16T19:35:23.329+0000] {dagbag.py:588} INFO - Filling up the DagBag from /home/airflow/.local/lib/python3.12/site-packages/airflow/example_dags/example_nested_branch_dag.py
[2025-03-16T19:35:23.348+0000] {processor.py:925} INFO - DAG(s) 'example_nested_branch_dag' retrieved from /home/airflow/.local/lib/python3.12/site-packages/airflow/example_dags/example_nested_branch_dag.py
[2025-03-16T19:35:23.378+0000] {logging_mixin.py:190} INFO - [2025-03-16T19:35:23.378+0000] {dag.py:3239} INFO - Sync 1 DAGs
[2025-03-16T19:35:23.418+0000] {logging_mixin.py:190} INFO - [2025-03-16T19:35:23.417+0000] {dag.py:4180} INFO - Setting next_dagrun for example_nested_branch_dag to 2025-03-15 00:00:00+00:00, run_after=2025-03-16 00:00:00+00:00
[2025-03-16T19:35:23.447+0000] {processor.py:208} INFO - Processing /home/airflow/.local/lib/python3.12/site-packages/airflow/example_dags/example_nested_branch_dag.py took 0.129 seconds
[2025-03-16T19:35:53.902+0000] {processor.py:186} INFO - Started process (PID=92456) to work on /home/airflow/.local/lib/python3.12/site-packages/airflow/example_dags/example_nested_branch_dag.py
[2025-03-16T19:35:53.904+0000] {processor.py:914} INFO - Processing file /home/airflow/.local/lib/python3.12/site-packages/airflow/example_dags/example_nested_branch_dag.py for tasks to queue
[2025-03-16T19:35:53.908+0000] {logging_mixin.py:190} INFO - [2025-03-16T19:35:53.907+0000] {dagbag.py:588} INFO - Filling up the DagBag from /home/airflow/.local/lib/python3.12/site-packages/airflow/example_dags/example_nested_branch_dag.py
[2025-03-16T19:35:53.935+0000] {processor.py:925} INFO - DAG(s) 'example_nested_branch_dag' retrieved from /home/airflow/.local/lib/python3.12/site-packages/airflow/example_dags/example_nested_branch_dag.py
[2025-03-16T19:35:53.982+0000] {logging_mixin.py:190} INFO - [2025-03-16T19:35:53.981+0000] {dag.py:3239} INFO - Sync 1 DAGs
[2025-03-16T19:35:54.035+0000] {logging_mixin.py:190} INFO - [2025-03-16T19:35:54.035+0000] {dag.py:4180} INFO - Setting next_dagrun for example_nested_branch_dag to 2025-03-15 00:00:00+00:00, run_after=2025-03-16 00:00:00+00:00
[2025-03-16T19:35:54.071+0000] {processor.py:208} INFO - Processing /home/airflow/.local/lib/python3.12/site-packages/airflow/example_dags/example_nested_branch_dag.py took 0.178 seconds
[2025-03-16T19:36:24.920+0000] {processor.py:186} INFO - Started process (PID=92520) to work on /home/airflow/.local/lib/python3.12/site-packages/airflow/example_dags/example_nested_branch_dag.py
[2025-03-16T19:36:24.927+0000] {processor.py:914} INFO - Processing file /home/airflow/.local/lib/python3.12/site-packages/airflow/example_dags/example_nested_branch_dag.py for tasks to queue
[2025-03-16T19:36:24.936+0000] {logging_mixin.py:190} INFO - [2025-03-16T19:36:24.935+0000] {dagbag.py:588} INFO - Filling up the DagBag from /home/airflow/.local/lib/python3.12/site-packages/airflow/example_dags/example_nested_branch_dag.py
[2025-03-16T19:36:24.976+0000] {processor.py:925} INFO - DAG(s) 'example_nested_branch_dag' retrieved from /home/airflow/.local/lib/python3.12/site-packages/airflow/example_dags/example_nested_branch_dag.py
[2025-03-16T19:36:25.036+0000] {logging_mixin.py:190} INFO - [2025-03-16T19:36:25.035+0000] {dag.py:3239} INFO - Sync 1 DAGs
[2025-03-16T19:36:25.094+0000] {logging_mixin.py:190} INFO - [2025-03-16T19:36:25.094+0000] {dag.py:4180} INFO - Setting next_dagrun for example_nested_branch_dag to 2025-03-15 00:00:00+00:00, run_after=2025-03-16 00:00:00+00:00
[2025-03-16T19:36:25.123+0000] {processor.py:208} INFO - Processing /home/airflow/.local/lib/python3.12/site-packages/airflow/example_dags/example_nested_branch_dag.py took 0.222 seconds
[2025-03-16T19:36:55.372+0000] {processor.py:186} INFO - Started process (PID=92584) to work on /home/airflow/.local/lib/python3.12/site-packages/airflow/example_dags/example_nested_branch_dag.py
[2025-03-16T19:36:55.374+0000] {processor.py:914} INFO - Processing file /home/airflow/.local/lib/python3.12/site-packages/airflow/example_dags/example_nested_branch_dag.py for tasks to queue
[2025-03-16T19:36:55.377+0000] {logging_mixin.py:190} INFO - [2025-03-16T19:36:55.376+0000] {dagbag.py:588} INFO - Filling up the DagBag from /home/airflow/.local/lib/python3.12/site-packages/airflow/example_dags/example_nested_branch_dag.py
[2025-03-16T19:36:55.402+0000] {processor.py:925} INFO - DAG(s) 'example_nested_branch_dag' retrieved from /home/airflow/.local/lib/python3.12/site-packages/airflow/example_dags/example_nested_branch_dag.py
[2025-03-16T19:36:55.434+0000] {logging_mixin.py:190} INFO - [2025-03-16T19:36:55.434+0000] {dag.py:3239} INFO - Sync 1 DAGs
[2025-03-16T19:36:55.470+0000] {logging_mixin.py:190} INFO - [2025-03-16T19:36:55.469+0000] {dag.py:4180} INFO - Setting next_dagrun for example_nested_branch_dag to 2025-03-15 00:00:00+00:00, run_after=2025-03-16 00:00:00+00:00
[2025-03-16T19:36:55.503+0000] {processor.py:208} INFO - Processing /home/airflow/.local/lib/python3.12/site-packages/airflow/example_dags/example_nested_branch_dag.py took 0.138 seconds
[2025-03-16T19:37:25.812+0000] {processor.py:186} INFO - Started process (PID=92648) to work on /home/airflow/.local/lib/python3.12/site-packages/airflow/example_dags/example_nested_branch_dag.py
[2025-03-16T19:37:25.814+0000] {processor.py:914} INFO - Processing file /home/airflow/.local/lib/python3.12/site-packages/airflow/example_dags/example_nested_branch_dag.py for tasks to queue
[2025-03-16T19:37:25.816+0000] {logging_mixin.py:190} INFO - [2025-03-16T19:37:25.816+0000] {dagbag.py:588} INFO - Filling up the DagBag from /home/airflow/.local/lib/python3.12/site-packages/airflow/example_dags/example_nested_branch_dag.py
[2025-03-16T19:37:25.839+0000] {processor.py:925} INFO - DAG(s) 'example_nested_branch_dag' retrieved from /home/airflow/.local/lib/python3.12/site-packages/airflow/example_dags/example_nested_branch_dag.py
[2025-03-16T19:37:25.878+0000] {logging_mixin.py:190} INFO - [2025-03-16T19:37:25.876+0000] {dag.py:3239} INFO - Sync 1 DAGs
[2025-03-16T19:37:25.926+0000] {logging_mixin.py:190} INFO - [2025-03-16T19:37:25.926+0000] {dag.py:4180} INFO - Setting next_dagrun for example_nested_branch_dag to 2025-03-15 00:00:00+00:00, run_after=2025-03-16 00:00:00+00:00
[2025-03-16T19:37:25.954+0000] {processor.py:208} INFO - Processing /home/airflow/.local/lib/python3.12/site-packages/airflow/example_dags/example_nested_branch_dag.py took 0.162 seconds
[2025-03-16T19:37:56.214+0000] {processor.py:186} INFO - Started process (PID=92712) to work on /home/airflow/.local/lib/python3.12/site-packages/airflow/example_dags/example_nested_branch_dag.py
[2025-03-16T19:37:56.215+0000] {processor.py:914} INFO - Processing file /home/airflow/.local/lib/python3.12/site-packages/airflow/example_dags/example_nested_branch_dag.py for tasks to queue
[2025-03-16T19:37:56.218+0000] {logging_mixin.py:190} INFO - [2025-03-16T19:37:56.217+0000] {dagbag.py:588} INFO - Filling up the DagBag from /home/airflow/.local/lib/python3.12/site-packages/airflow/example_dags/example_nested_branch_dag.py
[2025-03-16T19:37:56.236+0000] {processor.py:925} INFO - DAG(s) 'example_nested_branch_dag' retrieved from /home/airflow/.local/lib/python3.12/site-packages/airflow/example_dags/example_nested_branch_dag.py
[2025-03-16T19:37:56.269+0000] {logging_mixin.py:190} INFO - [2025-03-16T19:37:56.269+0000] {dag.py:3239} INFO - Sync 1 DAGs
[2025-03-16T19:37:56.307+0000] {logging_mixin.py:190} INFO - [2025-03-16T19:37:56.307+0000] {dag.py:4180} INFO - Setting next_dagrun for example_nested_branch_dag to 2025-03-15 00:00:00+00:00, run_after=2025-03-16 00:00:00+00:00
[2025-03-16T19:37:56.338+0000] {processor.py:208} INFO - Processing /home/airflow/.local/lib/python3.12/site-packages/airflow/example_dags/example_nested_branch_dag.py took 0.133 seconds
[2025-03-16T19:38:26.718+0000] {processor.py:186} INFO - Started process (PID=92776) to work on /home/airflow/.local/lib/python3.12/site-packages/airflow/example_dags/example_nested_branch_dag.py
[2025-03-16T19:38:26.720+0000] {processor.py:914} INFO - Processing file /home/airflow/.local/lib/python3.12/site-packages/airflow/example_dags/example_nested_branch_dag.py for tasks to queue
[2025-03-16T19:38:26.722+0000] {logging_mixin.py:190} INFO - [2025-03-16T19:38:26.722+0000] {dagbag.py:588} INFO - Filling up the DagBag from /home/airflow/.local/lib/python3.12/site-packages/airflow/example_dags/example_nested_branch_dag.py
[2025-03-16T19:38:26.746+0000] {processor.py:925} INFO - DAG(s) 'example_nested_branch_dag' retrieved from /home/airflow/.local/lib/python3.12/site-packages/airflow/example_dags/example_nested_branch_dag.py
[2025-03-16T19:38:26.784+0000] {logging_mixin.py:190} INFO - [2025-03-16T19:38:26.784+0000] {dag.py:3239} INFO - Sync 1 DAGs
[2025-03-16T19:38:26.832+0000] {logging_mixin.py:190} INFO - [2025-03-16T19:38:26.831+0000] {dag.py:4180} INFO - Setting next_dagrun for example_nested_branch_dag to 2025-03-15 00:00:00+00:00, run_after=2025-03-16 00:00:00+00:00
[2025-03-16T19:38:26.862+0000] {processor.py:208} INFO - Processing /home/airflow/.local/lib/python3.12/site-packages/airflow/example_dags/example_nested_branch_dag.py took 0.155 seconds
[2025-03-16T19:38:57.629+0000] {processor.py:186} INFO - Started process (PID=92840) to work on /home/airflow/.local/lib/python3.12/site-packages/airflow/example_dags/example_nested_branch_dag.py
[2025-03-16T19:38:57.631+0000] {processor.py:914} INFO - Processing file /home/airflow/.local/lib/python3.12/site-packages/airflow/example_dags/example_nested_branch_dag.py for tasks to queue
[2025-03-16T19:38:57.634+0000] {logging_mixin.py:190} INFO - [2025-03-16T19:38:57.633+0000] {dagbag.py:588} INFO - Filling up the DagBag from /home/airflow/.local/lib/python3.12/site-packages/airflow/example_dags/example_nested_branch_dag.py
[2025-03-16T19:38:57.654+0000] {processor.py:925} INFO - DAG(s) 'example_nested_branch_dag' retrieved from /home/airflow/.local/lib/python3.12/site-packages/airflow/example_dags/example_nested_branch_dag.py
[2025-03-16T19:38:57.699+0000] {logging_mixin.py:190} INFO - [2025-03-16T19:38:57.699+0000] {dag.py:3239} INFO - Sync 1 DAGs
[2025-03-16T19:38:57.738+0000] {logging_mixin.py:190} INFO - [2025-03-16T19:38:57.738+0000] {dag.py:4180} INFO - Setting next_dagrun for example_nested_branch_dag to 2025-03-15 00:00:00+00:00, run_after=2025-03-16 00:00:00+00:00
[2025-03-16T19:38:57.770+0000] {processor.py:208} INFO - Processing /home/airflow/.local/lib/python3.12/site-packages/airflow/example_dags/example_nested_branch_dag.py took 0.149 seconds
