[2025-03-16T19:07:51.498+0000] {processor.py:186} INFO - Started process (PID=88947) to work on /home/airflow/.local/lib/python3.12/site-packages/airflow/example_dags/example_setup_teardown.py
[2025-03-16T19:07:51.499+0000] {processor.py:914} INFO - Processing file /home/airflow/.local/lib/python3.12/site-packages/airflow/example_dags/example_setup_teardown.py for tasks to queue
[2025-03-16T19:07:51.500+0000] {logging_mixin.py:190} INFO - [2025-03-16T19:07:51.500+0000] {dagbag.py:588} INFO - Filling up the DagBag from /home/airflow/.local/lib/python3.12/site-packages/airflow/example_dags/example_setup_teardown.py
[2025-03-16T19:07:51.511+0000] {processor.py:925} INFO - DAG(s) 'example_setup_teardown' retrieved from /home/airflow/.local/lib/python3.12/site-packages/airflow/example_dags/example_setup_teardown.py
[2025-03-16T19:07:51.535+0000] {logging_mixin.py:190} INFO - [2025-03-16T19:07:51.534+0000] {dag.py:3239} INFO - Sync 1 DAGs
[2025-03-16T19:07:51.553+0000] {logging_mixin.py:190} INFO - [2025-03-16T19:07:51.553+0000] {dag.py:4180} INFO - Setting next_dagrun for example_setup_teardown to None, run_after=None
[2025-03-16T19:07:51.590+0000] {processor.py:208} INFO - Processing /home/airflow/.local/lib/python3.12/site-packages/airflow/example_dags/example_setup_teardown.py took 0.098 seconds
[2025-03-16T19:08:22.196+0000] {processor.py:186} INFO - Started process (PID=89010) to work on /home/airflow/.local/lib/python3.12/site-packages/airflow/example_dags/example_setup_teardown.py
[2025-03-16T19:08:22.197+0000] {processor.py:914} INFO - Processing file /home/airflow/.local/lib/python3.12/site-packages/airflow/example_dags/example_setup_teardown.py for tasks to queue
[2025-03-16T19:08:22.199+0000] {logging_mixin.py:190} INFO - [2025-03-16T19:08:22.198+0000] {dagbag.py:588} INFO - Filling up the DagBag from /home/airflow/.local/lib/python3.12/site-packages/airflow/example_dags/example_setup_teardown.py
[2025-03-16T19:08:22.206+0000] {processor.py:925} INFO - DAG(s) 'example_setup_teardown' retrieved from /home/airflow/.local/lib/python3.12/site-packages/airflow/example_dags/example_setup_teardown.py
[2025-03-16T19:08:22.224+0000] {logging_mixin.py:190} INFO - [2025-03-16T19:08:22.224+0000] {dag.py:3239} INFO - Sync 1 DAGs
[2025-03-16T19:08:22.237+0000] {logging_mixin.py:190} INFO - [2025-03-16T19:08:22.237+0000] {dag.py:4180} INFO - Setting next_dagrun for example_setup_teardown to None, run_after=None
[2025-03-16T19:08:22.257+0000] {processor.py:208} INFO - Processing /home/airflow/.local/lib/python3.12/site-packages/airflow/example_dags/example_setup_teardown.py took 0.066 seconds
[2025-03-16T19:08:52.882+0000] {processor.py:186} INFO - Started process (PID=89074) to work on /home/airflow/.local/lib/python3.12/site-packages/airflow/example_dags/example_setup_teardown.py
[2025-03-16T19:08:52.883+0000] {processor.py:914} INFO - Processing file /home/airflow/.local/lib/python3.12/site-packages/airflow/example_dags/example_setup_teardown.py for tasks to queue
[2025-03-16T19:08:52.884+0000] {logging_mixin.py:190} INFO - [2025-03-16T19:08:52.884+0000] {dagbag.py:588} INFO - Filling up the DagBag from /home/airflow/.local/lib/python3.12/site-packages/airflow/example_dags/example_setup_teardown.py
[2025-03-16T19:08:52.895+0000] {processor.py:925} INFO - DAG(s) 'example_setup_teardown' retrieved from /home/airflow/.local/lib/python3.12/site-packages/airflow/example_dags/example_setup_teardown.py
[2025-03-16T19:08:52.917+0000] {logging_mixin.py:190} INFO - [2025-03-16T19:08:52.916+0000] {dag.py:3239} INFO - Sync 1 DAGs
[2025-03-16T19:08:52.935+0000] {logging_mixin.py:190} INFO - [2025-03-16T19:08:52.934+0000] {dag.py:4180} INFO - Setting next_dagrun for example_setup_teardown to None, run_after=None
[2025-03-16T19:08:52.952+0000] {processor.py:208} INFO - Processing /home/airflow/.local/lib/python3.12/site-packages/airflow/example_dags/example_setup_teardown.py took 0.078 seconds
[2025-03-16T19:09:23.304+0000] {processor.py:186} INFO - Started process (PID=89138) to work on /home/airflow/.local/lib/python3.12/site-packages/airflow/example_dags/example_setup_teardown.py
[2025-03-16T19:09:23.305+0000] {processor.py:914} INFO - Processing file /home/airflow/.local/lib/python3.12/site-packages/airflow/example_dags/example_setup_teardown.py for tasks to queue
[2025-03-16T19:09:23.307+0000] {logging_mixin.py:190} INFO - [2025-03-16T19:09:23.307+0000] {dagbag.py:588} INFO - Filling up the DagBag from /home/airflow/.local/lib/python3.12/site-packages/airflow/example_dags/example_setup_teardown.py
[2025-03-16T19:09:23.316+0000] {processor.py:925} INFO - DAG(s) 'example_setup_teardown' retrieved from /home/airflow/.local/lib/python3.12/site-packages/airflow/example_dags/example_setup_teardown.py
[2025-03-16T19:09:23.339+0000] {logging_mixin.py:190} INFO - [2025-03-16T19:09:23.339+0000] {dag.py:3239} INFO - Sync 1 DAGs
[2025-03-16T19:09:23.355+0000] {logging_mixin.py:190} INFO - [2025-03-16T19:09:23.354+0000] {dag.py:4180} INFO - Setting next_dagrun for example_setup_teardown to None, run_after=None
[2025-03-16T19:09:23.375+0000] {processor.py:208} INFO - Processing /home/airflow/.local/lib/python3.12/site-packages/airflow/example_dags/example_setup_teardown.py took 0.077 seconds
[2025-03-16T19:09:53.682+0000] {processor.py:186} INFO - Started process (PID=89202) to work on /home/airflow/.local/lib/python3.12/site-packages/airflow/example_dags/example_setup_teardown.py
[2025-03-16T19:09:53.683+0000] {processor.py:914} INFO - Processing file /home/airflow/.local/lib/python3.12/site-packages/airflow/example_dags/example_setup_teardown.py for tasks to queue
[2025-03-16T19:09:53.685+0000] {logging_mixin.py:190} INFO - [2025-03-16T19:09:53.684+0000] {dagbag.py:588} INFO - Filling up the DagBag from /home/airflow/.local/lib/python3.12/site-packages/airflow/example_dags/example_setup_teardown.py
[2025-03-16T19:09:53.692+0000] {processor.py:925} INFO - DAG(s) 'example_setup_teardown' retrieved from /home/airflow/.local/lib/python3.12/site-packages/airflow/example_dags/example_setup_teardown.py
[2025-03-16T19:09:53.715+0000] {logging_mixin.py:190} INFO - [2025-03-16T19:09:53.714+0000] {dag.py:3239} INFO - Sync 1 DAGs
[2025-03-16T19:09:53.728+0000] {logging_mixin.py:190} INFO - [2025-03-16T19:09:53.728+0000] {dag.py:4180} INFO - Setting next_dagrun for example_setup_teardown to None, run_after=None
[2025-03-16T19:09:53.750+0000] {processor.py:208} INFO - Processing /home/airflow/.local/lib/python3.12/site-packages/airflow/example_dags/example_setup_teardown.py took 0.073 seconds
[2025-03-16T19:10:24.712+0000] {processor.py:186} INFO - Started process (PID=89267) to work on /home/airflow/.local/lib/python3.12/site-packages/airflow/example_dags/example_setup_teardown.py
[2025-03-16T19:10:24.714+0000] {processor.py:914} INFO - Processing file /home/airflow/.local/lib/python3.12/site-packages/airflow/example_dags/example_setup_teardown.py for tasks to queue
[2025-03-16T19:10:24.716+0000] {logging_mixin.py:190} INFO - [2025-03-16T19:10:24.715+0000] {dagbag.py:588} INFO - Filling up the DagBag from /home/airflow/.local/lib/python3.12/site-packages/airflow/example_dags/example_setup_teardown.py
[2025-03-16T19:10:24.725+0000] {processor.py:925} INFO - DAG(s) 'example_setup_teardown' retrieved from /home/airflow/.local/lib/python3.12/site-packages/airflow/example_dags/example_setup_teardown.py
[2025-03-16T19:10:24.751+0000] {logging_mixin.py:190} INFO - [2025-03-16T19:10:24.750+0000] {dag.py:3239} INFO - Sync 1 DAGs
[2025-03-16T19:10:24.768+0000] {logging_mixin.py:190} INFO - [2025-03-16T19:10:24.767+0000] {dag.py:4180} INFO - Setting next_dagrun for example_setup_teardown to None, run_after=None
[2025-03-16T19:10:24.792+0000] {processor.py:208} INFO - Processing /home/airflow/.local/lib/python3.12/site-packages/airflow/example_dags/example_setup_teardown.py took 0.085 seconds
[2025-03-16T19:10:54.979+0000] {processor.py:186} INFO - Started process (PID=89337) to work on /home/airflow/.local/lib/python3.12/site-packages/airflow/example_dags/example_setup_teardown.py
[2025-03-16T19:10:54.980+0000] {processor.py:914} INFO - Processing file /home/airflow/.local/lib/python3.12/site-packages/airflow/example_dags/example_setup_teardown.py for tasks to queue
[2025-03-16T19:10:54.983+0000] {logging_mixin.py:190} INFO - [2025-03-16T19:10:54.982+0000] {dagbag.py:588} INFO - Filling up the DagBag from /home/airflow/.local/lib/python3.12/site-packages/airflow/example_dags/example_setup_teardown.py
[2025-03-16T19:10:54.991+0000] {processor.py:925} INFO - DAG(s) 'example_setup_teardown' retrieved from /home/airflow/.local/lib/python3.12/site-packages/airflow/example_dags/example_setup_teardown.py
[2025-03-16T19:10:55.016+0000] {logging_mixin.py:190} INFO - [2025-03-16T19:10:55.016+0000] {dag.py:3239} INFO - Sync 1 DAGs
[2025-03-16T19:10:55.033+0000] {logging_mixin.py:190} INFO - [2025-03-16T19:10:55.033+0000] {dag.py:4180} INFO - Setting next_dagrun for example_setup_teardown to None, run_after=None
[2025-03-16T19:10:55.056+0000] {processor.py:208} INFO - Processing /home/airflow/.local/lib/python3.12/site-packages/airflow/example_dags/example_setup_teardown.py took 0.083 seconds
[2025-03-16T19:11:25.528+0000] {processor.py:186} INFO - Started process (PID=89401) to work on /home/airflow/.local/lib/python3.12/site-packages/airflow/example_dags/example_setup_teardown.py
[2025-03-16T19:11:25.529+0000] {processor.py:914} INFO - Processing file /home/airflow/.local/lib/python3.12/site-packages/airflow/example_dags/example_setup_teardown.py for tasks to queue
[2025-03-16T19:11:25.530+0000] {logging_mixin.py:190} INFO - [2025-03-16T19:11:25.530+0000] {dagbag.py:588} INFO - Filling up the DagBag from /home/airflow/.local/lib/python3.12/site-packages/airflow/example_dags/example_setup_teardown.py
[2025-03-16T19:11:25.537+0000] {processor.py:925} INFO - DAG(s) 'example_setup_teardown' retrieved from /home/airflow/.local/lib/python3.12/site-packages/airflow/example_dags/example_setup_teardown.py
[2025-03-16T19:11:25.561+0000] {logging_mixin.py:190} INFO - [2025-03-16T19:11:25.561+0000] {dag.py:3239} INFO - Sync 1 DAGs
[2025-03-16T19:11:25.578+0000] {logging_mixin.py:190} INFO - [2025-03-16T19:11:25.578+0000] {dag.py:4180} INFO - Setting next_dagrun for example_setup_teardown to None, run_after=None
[2025-03-16T19:11:25.601+0000] {processor.py:208} INFO - Processing /home/airflow/.local/lib/python3.12/site-packages/airflow/example_dags/example_setup_teardown.py took 0.080 seconds
[2025-03-16T19:11:56.240+0000] {processor.py:186} INFO - Started process (PID=89465) to work on /home/airflow/.local/lib/python3.12/site-packages/airflow/example_dags/example_setup_teardown.py
[2025-03-16T19:11:56.241+0000] {processor.py:914} INFO - Processing file /home/airflow/.local/lib/python3.12/site-packages/airflow/example_dags/example_setup_teardown.py for tasks to queue
[2025-03-16T19:11:56.244+0000] {logging_mixin.py:190} INFO - [2025-03-16T19:11:56.243+0000] {dagbag.py:588} INFO - Filling up the DagBag from /home/airflow/.local/lib/python3.12/site-packages/airflow/example_dags/example_setup_teardown.py
[2025-03-16T19:11:56.253+0000] {processor.py:925} INFO - DAG(s) 'example_setup_teardown' retrieved from /home/airflow/.local/lib/python3.12/site-packages/airflow/example_dags/example_setup_teardown.py
[2025-03-16T19:11:56.282+0000] {logging_mixin.py:190} INFO - [2025-03-16T19:11:56.282+0000] {dag.py:3239} INFO - Sync 1 DAGs
[2025-03-16T19:11:56.300+0000] {logging_mixin.py:190} INFO - [2025-03-16T19:11:56.300+0000] {dag.py:4180} INFO - Setting next_dagrun for example_setup_teardown to None, run_after=None
[2025-03-16T19:11:56.323+0000] {processor.py:208} INFO - Processing /home/airflow/.local/lib/python3.12/site-packages/airflow/example_dags/example_setup_teardown.py took 0.088 seconds
[2025-03-16T19:12:26.994+0000] {processor.py:186} INFO - Started process (PID=89529) to work on /home/airflow/.local/lib/python3.12/site-packages/airflow/example_dags/example_setup_teardown.py
[2025-03-16T19:12:26.995+0000] {processor.py:914} INFO - Processing file /home/airflow/.local/lib/python3.12/site-packages/airflow/example_dags/example_setup_teardown.py for tasks to queue
[2025-03-16T19:12:26.996+0000] {logging_mixin.py:190} INFO - [2025-03-16T19:12:26.996+0000] {dagbag.py:588} INFO - Filling up the DagBag from /home/airflow/.local/lib/python3.12/site-packages/airflow/example_dags/example_setup_teardown.py
[2025-03-16T19:12:27.004+0000] {processor.py:925} INFO - DAG(s) 'example_setup_teardown' retrieved from /home/airflow/.local/lib/python3.12/site-packages/airflow/example_dags/example_setup_teardown.py
[2025-03-16T19:12:27.027+0000] {logging_mixin.py:190} INFO - [2025-03-16T19:12:27.026+0000] {dag.py:3239} INFO - Sync 1 DAGs
[2025-03-16T19:12:27.042+0000] {logging_mixin.py:190} INFO - [2025-03-16T19:12:27.042+0000] {dag.py:4180} INFO - Setting next_dagrun for example_setup_teardown to None, run_after=None
[2025-03-16T19:12:27.069+0000] {processor.py:208} INFO - Processing /home/airflow/.local/lib/python3.12/site-packages/airflow/example_dags/example_setup_teardown.py took 0.081 seconds
[2025-03-16T19:12:58.104+0000] {processor.py:186} INFO - Started process (PID=89595) to work on /home/airflow/.local/lib/python3.12/site-packages/airflow/example_dags/example_setup_teardown.py
[2025-03-16T19:12:58.106+0000] {processor.py:914} INFO - Processing file /home/airflow/.local/lib/python3.12/site-packages/airflow/example_dags/example_setup_teardown.py for tasks to queue
[2025-03-16T19:12:58.108+0000] {logging_mixin.py:190} INFO - [2025-03-16T19:12:58.107+0000] {dagbag.py:588} INFO - Filling up the DagBag from /home/airflow/.local/lib/python3.12/site-packages/airflow/example_dags/example_setup_teardown.py
[2025-03-16T19:12:58.116+0000] {processor.py:925} INFO - DAG(s) 'example_setup_teardown' retrieved from /home/airflow/.local/lib/python3.12/site-packages/airflow/example_dags/example_setup_teardown.py
[2025-03-16T19:12:58.144+0000] {logging_mixin.py:190} INFO - [2025-03-16T19:12:58.144+0000] {dag.py:3239} INFO - Sync 1 DAGs
[2025-03-16T19:12:58.163+0000] {logging_mixin.py:190} INFO - [2025-03-16T19:12:58.162+0000] {dag.py:4180} INFO - Setting next_dagrun for example_setup_teardown to None, run_after=None
[2025-03-16T19:12:58.190+0000] {processor.py:208} INFO - Processing /home/airflow/.local/lib/python3.12/site-packages/airflow/example_dags/example_setup_teardown.py took 0.092 seconds
[2025-03-16T19:13:29.483+0000] {processor.py:186} INFO - Started process (PID=89666) to work on /home/airflow/.local/lib/python3.12/site-packages/airflow/example_dags/example_setup_teardown.py
[2025-03-16T19:13:29.485+0000] {processor.py:914} INFO - Processing file /home/airflow/.local/lib/python3.12/site-packages/airflow/example_dags/example_setup_teardown.py for tasks to queue
[2025-03-16T19:13:29.487+0000] {logging_mixin.py:190} INFO - [2025-03-16T19:13:29.487+0000] {dagbag.py:588} INFO - Filling up the DagBag from /home/airflow/.local/lib/python3.12/site-packages/airflow/example_dags/example_setup_teardown.py
[2025-03-16T19:13:29.497+0000] {processor.py:925} INFO - DAG(s) 'example_setup_teardown' retrieved from /home/airflow/.local/lib/python3.12/site-packages/airflow/example_dags/example_setup_teardown.py
[2025-03-16T19:13:29.525+0000] {logging_mixin.py:190} INFO - [2025-03-16T19:13:29.525+0000] {dag.py:3239} INFO - Sync 1 DAGs
[2025-03-16T19:13:29.544+0000] {logging_mixin.py:190} INFO - [2025-03-16T19:13:29.543+0000] {dag.py:4180} INFO - Setting next_dagrun for example_setup_teardown to None, run_after=None
[2025-03-16T19:13:29.571+0000] {processor.py:208} INFO - Processing /home/airflow/.local/lib/python3.12/site-packages/airflow/example_dags/example_setup_teardown.py took 0.094 seconds
[2025-03-16T19:14:00.344+0000] {processor.py:186} INFO - Started process (PID=89731) to work on /home/airflow/.local/lib/python3.12/site-packages/airflow/example_dags/example_setup_teardown.py
[2025-03-16T19:14:00.345+0000] {processor.py:914} INFO - Processing file /home/airflow/.local/lib/python3.12/site-packages/airflow/example_dags/example_setup_teardown.py for tasks to queue
[2025-03-16T19:14:00.346+0000] {logging_mixin.py:190} INFO - [2025-03-16T19:14:00.346+0000] {dagbag.py:588} INFO - Filling up the DagBag from /home/airflow/.local/lib/python3.12/site-packages/airflow/example_dags/example_setup_teardown.py
[2025-03-16T19:14:00.355+0000] {processor.py:925} INFO - DAG(s) 'example_setup_teardown' retrieved from /home/airflow/.local/lib/python3.12/site-packages/airflow/example_dags/example_setup_teardown.py
[2025-03-16T19:14:00.376+0000] {logging_mixin.py:190} INFO - [2025-03-16T19:14:00.376+0000] {dag.py:3239} INFO - Sync 1 DAGs
[2025-03-16T19:14:00.391+0000] {logging_mixin.py:190} INFO - [2025-03-16T19:14:00.390+0000] {dag.py:4180} INFO - Setting next_dagrun for example_setup_teardown to None, run_after=None
[2025-03-16T19:14:00.410+0000] {processor.py:208} INFO - Processing /home/airflow/.local/lib/python3.12/site-packages/airflow/example_dags/example_setup_teardown.py took 0.071 seconds
[2025-03-16T19:14:30.691+0000] {processor.py:186} INFO - Started process (PID=89795) to work on /home/airflow/.local/lib/python3.12/site-packages/airflow/example_dags/example_setup_teardown.py
[2025-03-16T19:14:30.693+0000] {processor.py:914} INFO - Processing file /home/airflow/.local/lib/python3.12/site-packages/airflow/example_dags/example_setup_teardown.py for tasks to queue
[2025-03-16T19:14:30.694+0000] {logging_mixin.py:190} INFO - [2025-03-16T19:14:30.694+0000] {dagbag.py:588} INFO - Filling up the DagBag from /home/airflow/.local/lib/python3.12/site-packages/airflow/example_dags/example_setup_teardown.py
[2025-03-16T19:14:30.704+0000] {processor.py:925} INFO - DAG(s) 'example_setup_teardown' retrieved from /home/airflow/.local/lib/python3.12/site-packages/airflow/example_dags/example_setup_teardown.py
[2025-03-16T19:14:30.732+0000] {logging_mixin.py:190} INFO - [2025-03-16T19:14:30.731+0000] {dag.py:3239} INFO - Sync 1 DAGs
[2025-03-16T19:14:30.749+0000] {logging_mixin.py:190} INFO - [2025-03-16T19:14:30.749+0000] {dag.py:4180} INFO - Setting next_dagrun for example_setup_teardown to None, run_after=None
[2025-03-16T19:14:30.773+0000] {processor.py:208} INFO - Processing /home/airflow/.local/lib/python3.12/site-packages/airflow/example_dags/example_setup_teardown.py took 0.087 seconds
[2025-03-16T19:15:01.280+0000] {processor.py:186} INFO - Started process (PID=89860) to work on /home/airflow/.local/lib/python3.12/site-packages/airflow/example_dags/example_setup_teardown.py
[2025-03-16T19:15:01.281+0000] {processor.py:914} INFO - Processing file /home/airflow/.local/lib/python3.12/site-packages/airflow/example_dags/example_setup_teardown.py for tasks to queue
[2025-03-16T19:15:01.282+0000] {logging_mixin.py:190} INFO - [2025-03-16T19:15:01.282+0000] {dagbag.py:588} INFO - Filling up the DagBag from /home/airflow/.local/lib/python3.12/site-packages/airflow/example_dags/example_setup_teardown.py
[2025-03-16T19:15:01.292+0000] {processor.py:925} INFO - DAG(s) 'example_setup_teardown' retrieved from /home/airflow/.local/lib/python3.12/site-packages/airflow/example_dags/example_setup_teardown.py
[2025-03-16T19:15:01.315+0000] {logging_mixin.py:190} INFO - [2025-03-16T19:15:01.315+0000] {dag.py:3239} INFO - Sync 1 DAGs
[2025-03-16T19:15:01.333+0000] {logging_mixin.py:190} INFO - [2025-03-16T19:15:01.333+0000] {dag.py:4180} INFO - Setting next_dagrun for example_setup_teardown to None, run_after=None
[2025-03-16T19:15:01.356+0000] {processor.py:208} INFO - Processing /home/airflow/.local/lib/python3.12/site-packages/airflow/example_dags/example_setup_teardown.py took 0.082 seconds
[2025-03-16T19:15:32.123+0000] {processor.py:186} INFO - Started process (PID=89924) to work on /home/airflow/.local/lib/python3.12/site-packages/airflow/example_dags/example_setup_teardown.py
[2025-03-16T19:15:32.125+0000] {processor.py:914} INFO - Processing file /home/airflow/.local/lib/python3.12/site-packages/airflow/example_dags/example_setup_teardown.py for tasks to queue
[2025-03-16T19:15:32.127+0000] {logging_mixin.py:190} INFO - [2025-03-16T19:15:32.127+0000] {dagbag.py:588} INFO - Filling up the DagBag from /home/airflow/.local/lib/python3.12/site-packages/airflow/example_dags/example_setup_teardown.py
[2025-03-16T19:15:32.140+0000] {processor.py:925} INFO - DAG(s) 'example_setup_teardown' retrieved from /home/airflow/.local/lib/python3.12/site-packages/airflow/example_dags/example_setup_teardown.py
[2025-03-16T19:15:32.170+0000] {logging_mixin.py:190} INFO - [2025-03-16T19:15:32.170+0000] {dag.py:3239} INFO - Sync 1 DAGs
[2025-03-16T19:15:32.188+0000] {logging_mixin.py:190} INFO - [2025-03-16T19:15:32.188+0000] {dag.py:4180} INFO - Setting next_dagrun for example_setup_teardown to None, run_after=None
[2025-03-16T19:15:32.218+0000] {processor.py:208} INFO - Processing /home/airflow/.local/lib/python3.12/site-packages/airflow/example_dags/example_setup_teardown.py took 0.103 seconds
[2025-03-16T19:16:02.990+0000] {processor.py:186} INFO - Started process (PID=89991) to work on /home/airflow/.local/lib/python3.12/site-packages/airflow/example_dags/example_setup_teardown.py
[2025-03-16T19:16:02.991+0000] {processor.py:914} INFO - Processing file /home/airflow/.local/lib/python3.12/site-packages/airflow/example_dags/example_setup_teardown.py for tasks to queue
[2025-03-16T19:16:02.993+0000] {logging_mixin.py:190} INFO - [2025-03-16T19:16:02.993+0000] {dagbag.py:588} INFO - Filling up the DagBag from /home/airflow/.local/lib/python3.12/site-packages/airflow/example_dags/example_setup_teardown.py
[2025-03-16T19:16:03.007+0000] {processor.py:925} INFO - DAG(s) 'example_setup_teardown' retrieved from /home/airflow/.local/lib/python3.12/site-packages/airflow/example_dags/example_setup_teardown.py
[2025-03-16T19:16:03.034+0000] {logging_mixin.py:190} INFO - [2025-03-16T19:16:03.034+0000] {dag.py:3239} INFO - Sync 1 DAGs
[2025-03-16T19:16:03.052+0000] {logging_mixin.py:190} INFO - [2025-03-16T19:16:03.052+0000] {dag.py:4180} INFO - Setting next_dagrun for example_setup_teardown to None, run_after=None
[2025-03-16T19:16:03.082+0000] {processor.py:208} INFO - Processing /home/airflow/.local/lib/python3.12/site-packages/airflow/example_dags/example_setup_teardown.py took 0.097 seconds
[2025-03-16T19:16:33.198+0000] {processor.py:186} INFO - Started process (PID=90055) to work on /home/airflow/.local/lib/python3.12/site-packages/airflow/example_dags/example_setup_teardown.py
[2025-03-16T19:16:33.199+0000] {processor.py:914} INFO - Processing file /home/airflow/.local/lib/python3.12/site-packages/airflow/example_dags/example_setup_teardown.py for tasks to queue
[2025-03-16T19:16:33.201+0000] {logging_mixin.py:190} INFO - [2025-03-16T19:16:33.200+0000] {dagbag.py:588} INFO - Filling up the DagBag from /home/airflow/.local/lib/python3.12/site-packages/airflow/example_dags/example_setup_teardown.py
[2025-03-16T19:16:33.213+0000] {processor.py:925} INFO - DAG(s) 'example_setup_teardown' retrieved from /home/airflow/.local/lib/python3.12/site-packages/airflow/example_dags/example_setup_teardown.py
[2025-03-16T19:16:33.241+0000] {logging_mixin.py:190} INFO - [2025-03-16T19:16:33.241+0000] {dag.py:3239} INFO - Sync 1 DAGs
[2025-03-16T19:16:33.259+0000] {logging_mixin.py:190} INFO - [2025-03-16T19:16:33.258+0000] {dag.py:4180} INFO - Setting next_dagrun for example_setup_teardown to None, run_after=None
[2025-03-16T19:16:33.288+0000] {processor.py:208} INFO - Processing /home/airflow/.local/lib/python3.12/site-packages/airflow/example_dags/example_setup_teardown.py took 0.098 seconds
[2025-03-16T19:17:03.779+0000] {processor.py:186} INFO - Started process (PID=90119) to work on /home/airflow/.local/lib/python3.12/site-packages/airflow/example_dags/example_setup_teardown.py
[2025-03-16T19:17:03.780+0000] {processor.py:914} INFO - Processing file /home/airflow/.local/lib/python3.12/site-packages/airflow/example_dags/example_setup_teardown.py for tasks to queue
[2025-03-16T19:17:03.783+0000] {logging_mixin.py:190} INFO - [2025-03-16T19:17:03.782+0000] {dagbag.py:588} INFO - Filling up the DagBag from /home/airflow/.local/lib/python3.12/site-packages/airflow/example_dags/example_setup_teardown.py
[2025-03-16T19:17:03.793+0000] {processor.py:925} INFO - DAG(s) 'example_setup_teardown' retrieved from /home/airflow/.local/lib/python3.12/site-packages/airflow/example_dags/example_setup_teardown.py
[2025-03-16T19:17:03.820+0000] {logging_mixin.py:190} INFO - [2025-03-16T19:17:03.820+0000] {dag.py:3239} INFO - Sync 1 DAGs
[2025-03-16T19:17:03.840+0000] {logging_mixin.py:190} INFO - [2025-03-16T19:17:03.840+0000] {dag.py:4180} INFO - Setting next_dagrun for example_setup_teardown to None, run_after=None
[2025-03-16T19:17:03.866+0000] {processor.py:208} INFO - Processing /home/airflow/.local/lib/python3.12/site-packages/airflow/example_dags/example_setup_teardown.py took 0.092 seconds
[2025-03-16T19:17:34.023+0000] {processor.py:186} INFO - Started process (PID=90183) to work on /home/airflow/.local/lib/python3.12/site-packages/airflow/example_dags/example_setup_teardown.py
[2025-03-16T19:17:34.024+0000] {processor.py:914} INFO - Processing file /home/airflow/.local/lib/python3.12/site-packages/airflow/example_dags/example_setup_teardown.py for tasks to queue
[2025-03-16T19:17:34.027+0000] {logging_mixin.py:190} INFO - [2025-03-16T19:17:34.026+0000] {dagbag.py:588} INFO - Filling up the DagBag from /home/airflow/.local/lib/python3.12/site-packages/airflow/example_dags/example_setup_teardown.py
[2025-03-16T19:17:34.039+0000] {processor.py:925} INFO - DAG(s) 'example_setup_teardown' retrieved from /home/airflow/.local/lib/python3.12/site-packages/airflow/example_dags/example_setup_teardown.py
[2025-03-16T19:17:34.064+0000] {logging_mixin.py:190} INFO - [2025-03-16T19:17:34.063+0000] {dag.py:3239} INFO - Sync 1 DAGs
[2025-03-16T19:17:34.082+0000] {logging_mixin.py:190} INFO - [2025-03-16T19:17:34.082+0000] {dag.py:4180} INFO - Setting next_dagrun for example_setup_teardown to None, run_after=None
[2025-03-16T19:17:34.114+0000] {processor.py:208} INFO - Processing /home/airflow/.local/lib/python3.12/site-packages/airflow/example_dags/example_setup_teardown.py took 0.097 seconds
[2025-03-16T19:18:04.964+0000] {processor.py:186} INFO - Started process (PID=90247) to work on /home/airflow/.local/lib/python3.12/site-packages/airflow/example_dags/example_setup_teardown.py
[2025-03-16T19:18:04.966+0000] {processor.py:914} INFO - Processing file /home/airflow/.local/lib/python3.12/site-packages/airflow/example_dags/example_setup_teardown.py for tasks to queue
[2025-03-16T19:18:04.968+0000] {logging_mixin.py:190} INFO - [2025-03-16T19:18:04.967+0000] {dagbag.py:588} INFO - Filling up the DagBag from /home/airflow/.local/lib/python3.12/site-packages/airflow/example_dags/example_setup_teardown.py
[2025-03-16T19:18:04.981+0000] {processor.py:925} INFO - DAG(s) 'example_setup_teardown' retrieved from /home/airflow/.local/lib/python3.12/site-packages/airflow/example_dags/example_setup_teardown.py
[2025-03-16T19:18:05.016+0000] {logging_mixin.py:190} INFO - [2025-03-16T19:18:05.015+0000] {dag.py:3239} INFO - Sync 1 DAGs
[2025-03-16T19:18:05.040+0000] {logging_mixin.py:190} INFO - [2025-03-16T19:18:05.039+0000] {dag.py:4180} INFO - Setting next_dagrun for example_setup_teardown to None, run_after=None
[2025-03-16T19:18:05.077+0000] {processor.py:208} INFO - Processing /home/airflow/.local/lib/python3.12/site-packages/airflow/example_dags/example_setup_teardown.py took 0.121 seconds
[2025-03-16T19:18:35.314+0000] {processor.py:186} INFO - Started process (PID=90311) to work on /home/airflow/.local/lib/python3.12/site-packages/airflow/example_dags/example_setup_teardown.py
[2025-03-16T19:18:35.316+0000] {processor.py:914} INFO - Processing file /home/airflow/.local/lib/python3.12/site-packages/airflow/example_dags/example_setup_teardown.py for tasks to queue
[2025-03-16T19:18:35.318+0000] {logging_mixin.py:190} INFO - [2025-03-16T19:18:35.317+0000] {dagbag.py:588} INFO - Filling up the DagBag from /home/airflow/.local/lib/python3.12/site-packages/airflow/example_dags/example_setup_teardown.py
[2025-03-16T19:18:35.331+0000] {processor.py:925} INFO - DAG(s) 'example_setup_teardown' retrieved from /home/airflow/.local/lib/python3.12/site-packages/airflow/example_dags/example_setup_teardown.py
[2025-03-16T19:18:35.363+0000] {logging_mixin.py:190} INFO - [2025-03-16T19:18:35.363+0000] {dag.py:3239} INFO - Sync 1 DAGs
[2025-03-16T19:18:35.383+0000] {logging_mixin.py:190} INFO - [2025-03-16T19:18:35.382+0000] {dag.py:4180} INFO - Setting next_dagrun for example_setup_teardown to None, run_after=None
[2025-03-16T19:18:35.413+0000] {processor.py:208} INFO - Processing /home/airflow/.local/lib/python3.12/site-packages/airflow/example_dags/example_setup_teardown.py took 0.108 seconds
[2025-03-16T19:19:06.306+0000] {processor.py:186} INFO - Started process (PID=90375) to work on /home/airflow/.local/lib/python3.12/site-packages/airflow/example_dags/example_setup_teardown.py
[2025-03-16T19:19:06.308+0000] {processor.py:914} INFO - Processing file /home/airflow/.local/lib/python3.12/site-packages/airflow/example_dags/example_setup_teardown.py for tasks to queue
[2025-03-16T19:19:06.309+0000] {logging_mixin.py:190} INFO - [2025-03-16T19:19:06.309+0000] {dagbag.py:588} INFO - Filling up the DagBag from /home/airflow/.local/lib/python3.12/site-packages/airflow/example_dags/example_setup_teardown.py
[2025-03-16T19:19:06.319+0000] {processor.py:925} INFO - DAG(s) 'example_setup_teardown' retrieved from /home/airflow/.local/lib/python3.12/site-packages/airflow/example_dags/example_setup_teardown.py
[2025-03-16T19:19:06.349+0000] {logging_mixin.py:190} INFO - [2025-03-16T19:19:06.349+0000] {dag.py:3239} INFO - Sync 1 DAGs
[2025-03-16T19:19:06.367+0000] {logging_mixin.py:190} INFO - [2025-03-16T19:19:06.367+0000] {dag.py:4180} INFO - Setting next_dagrun for example_setup_teardown to None, run_after=None
[2025-03-16T19:19:06.393+0000] {processor.py:208} INFO - Processing /home/airflow/.local/lib/python3.12/site-packages/airflow/example_dags/example_setup_teardown.py took 0.094 seconds
[2025-03-16T19:19:36.473+0000] {processor.py:186} INFO - Started process (PID=90439) to work on /home/airflow/.local/lib/python3.12/site-packages/airflow/example_dags/example_setup_teardown.py
[2025-03-16T19:19:36.475+0000] {processor.py:914} INFO - Processing file /home/airflow/.local/lib/python3.12/site-packages/airflow/example_dags/example_setup_teardown.py for tasks to queue
[2025-03-16T19:19:36.476+0000] {logging_mixin.py:190} INFO - [2025-03-16T19:19:36.476+0000] {dagbag.py:588} INFO - Filling up the DagBag from /home/airflow/.local/lib/python3.12/site-packages/airflow/example_dags/example_setup_teardown.py
[2025-03-16T19:19:36.487+0000] {processor.py:925} INFO - DAG(s) 'example_setup_teardown' retrieved from /home/airflow/.local/lib/python3.12/site-packages/airflow/example_dags/example_setup_teardown.py
[2025-03-16T19:19:36.518+0000] {logging_mixin.py:190} INFO - [2025-03-16T19:19:36.517+0000] {dag.py:3239} INFO - Sync 1 DAGs
[2025-03-16T19:19:36.537+0000] {logging_mixin.py:190} INFO - [2025-03-16T19:19:36.536+0000] {dag.py:4180} INFO - Setting next_dagrun for example_setup_teardown to None, run_after=None
[2025-03-16T19:19:36.567+0000] {processor.py:208} INFO - Processing /home/airflow/.local/lib/python3.12/site-packages/airflow/example_dags/example_setup_teardown.py took 0.102 seconds
[2025-03-16T19:20:06.811+0000] {processor.py:186} INFO - Started process (PID=90502) to work on /home/airflow/.local/lib/python3.12/site-packages/airflow/example_dags/example_setup_teardown.py
[2025-03-16T19:20:06.812+0000] {processor.py:914} INFO - Processing file /home/airflow/.local/lib/python3.12/site-packages/airflow/example_dags/example_setup_teardown.py for tasks to queue
[2025-03-16T19:20:06.814+0000] {logging_mixin.py:190} INFO - [2025-03-16T19:20:06.814+0000] {dagbag.py:588} INFO - Filling up the DagBag from /home/airflow/.local/lib/python3.12/site-packages/airflow/example_dags/example_setup_teardown.py
[2025-03-16T19:20:06.823+0000] {processor.py:925} INFO - DAG(s) 'example_setup_teardown' retrieved from /home/airflow/.local/lib/python3.12/site-packages/airflow/example_dags/example_setup_teardown.py
[2025-03-16T19:20:06.856+0000] {logging_mixin.py:190} INFO - [2025-03-16T19:20:06.856+0000] {dag.py:3239} INFO - Sync 1 DAGs
[2025-03-16T19:20:06.875+0000] {logging_mixin.py:190} INFO - [2025-03-16T19:20:06.875+0000] {dag.py:4180} INFO - Setting next_dagrun for example_setup_teardown to None, run_after=None
[2025-03-16T19:20:06.906+0000] {processor.py:208} INFO - Processing /home/airflow/.local/lib/python3.12/site-packages/airflow/example_dags/example_setup_teardown.py took 0.102 seconds
[2025-03-16T19:20:36.984+0000] {processor.py:186} INFO - Started process (PID=90566) to work on /home/airflow/.local/lib/python3.12/site-packages/airflow/example_dags/example_setup_teardown.py
[2025-03-16T19:20:36.986+0000] {processor.py:914} INFO - Processing file /home/airflow/.local/lib/python3.12/site-packages/airflow/example_dags/example_setup_teardown.py for tasks to queue
[2025-03-16T19:20:36.988+0000] {logging_mixin.py:190} INFO - [2025-03-16T19:20:36.987+0000] {dagbag.py:588} INFO - Filling up the DagBag from /home/airflow/.local/lib/python3.12/site-packages/airflow/example_dags/example_setup_teardown.py
[2025-03-16T19:20:37.003+0000] {processor.py:925} INFO - DAG(s) 'example_setup_teardown' retrieved from /home/airflow/.local/lib/python3.12/site-packages/airflow/example_dags/example_setup_teardown.py
[2025-03-16T19:20:37.036+0000] {logging_mixin.py:190} INFO - [2025-03-16T19:20:37.035+0000] {dag.py:3239} INFO - Sync 1 DAGs
[2025-03-16T19:20:37.052+0000] {logging_mixin.py:190} INFO - [2025-03-16T19:20:37.052+0000] {dag.py:4180} INFO - Setting next_dagrun for example_setup_teardown to None, run_after=None
[2025-03-16T19:20:37.080+0000] {processor.py:208} INFO - Processing /home/airflow/.local/lib/python3.12/site-packages/airflow/example_dags/example_setup_teardown.py took 0.102 seconds
[2025-03-16T19:21:07.222+0000] {processor.py:186} INFO - Started process (PID=90630) to work on /home/airflow/.local/lib/python3.12/site-packages/airflow/example_dags/example_setup_teardown.py
[2025-03-16T19:21:07.224+0000] {processor.py:914} INFO - Processing file /home/airflow/.local/lib/python3.12/site-packages/airflow/example_dags/example_setup_teardown.py for tasks to queue
[2025-03-16T19:21:07.227+0000] {logging_mixin.py:190} INFO - [2025-03-16T19:21:07.226+0000] {dagbag.py:588} INFO - Filling up the DagBag from /home/airflow/.local/lib/python3.12/site-packages/airflow/example_dags/example_setup_teardown.py
[2025-03-16T19:21:07.236+0000] {processor.py:925} INFO - DAG(s) 'example_setup_teardown' retrieved from /home/airflow/.local/lib/python3.12/site-packages/airflow/example_dags/example_setup_teardown.py
[2025-03-16T19:21:07.270+0000] {logging_mixin.py:190} INFO - [2025-03-16T19:21:07.270+0000] {dag.py:3239} INFO - Sync 1 DAGs
[2025-03-16T19:21:07.289+0000] {logging_mixin.py:190} INFO - [2025-03-16T19:21:07.289+0000] {dag.py:4180} INFO - Setting next_dagrun for example_setup_teardown to None, run_after=None
[2025-03-16T19:21:07.320+0000] {processor.py:208} INFO - Processing /home/airflow/.local/lib/python3.12/site-packages/airflow/example_dags/example_setup_teardown.py took 0.105 seconds
[2025-03-16T19:21:37.539+0000] {processor.py:186} INFO - Started process (PID=90694) to work on /home/airflow/.local/lib/python3.12/site-packages/airflow/example_dags/example_setup_teardown.py
[2025-03-16T19:21:37.541+0000] {processor.py:914} INFO - Processing file /home/airflow/.local/lib/python3.12/site-packages/airflow/example_dags/example_setup_teardown.py for tasks to queue
[2025-03-16T19:21:37.543+0000] {logging_mixin.py:190} INFO - [2025-03-16T19:21:37.542+0000] {dagbag.py:588} INFO - Filling up the DagBag from /home/airflow/.local/lib/python3.12/site-packages/airflow/example_dags/example_setup_teardown.py
[2025-03-16T19:21:37.550+0000] {processor.py:925} INFO - DAG(s) 'example_setup_teardown' retrieved from /home/airflow/.local/lib/python3.12/site-packages/airflow/example_dags/example_setup_teardown.py
[2025-03-16T19:21:37.579+0000] {logging_mixin.py:190} INFO - [2025-03-16T19:21:37.579+0000] {dag.py:3239} INFO - Sync 1 DAGs
[2025-03-16T19:21:37.597+0000] {logging_mixin.py:190} INFO - [2025-03-16T19:21:37.597+0000] {dag.py:4180} INFO - Setting next_dagrun for example_setup_teardown to None, run_after=None
[2025-03-16T19:21:37.624+0000] {processor.py:208} INFO - Processing /home/airflow/.local/lib/python3.12/site-packages/airflow/example_dags/example_setup_teardown.py took 0.090 seconds
[2025-03-16T19:22:07.950+0000] {processor.py:186} INFO - Started process (PID=90758) to work on /home/airflow/.local/lib/python3.12/site-packages/airflow/example_dags/example_setup_teardown.py
[2025-03-16T19:22:07.951+0000] {processor.py:914} INFO - Processing file /home/airflow/.local/lib/python3.12/site-packages/airflow/example_dags/example_setup_teardown.py for tasks to queue
[2025-03-16T19:22:07.954+0000] {logging_mixin.py:190} INFO - [2025-03-16T19:22:07.953+0000] {dagbag.py:588} INFO - Filling up the DagBag from /home/airflow/.local/lib/python3.12/site-packages/airflow/example_dags/example_setup_teardown.py
[2025-03-16T19:22:07.962+0000] {processor.py:925} INFO - DAG(s) 'example_setup_teardown' retrieved from /home/airflow/.local/lib/python3.12/site-packages/airflow/example_dags/example_setup_teardown.py
[2025-03-16T19:22:07.987+0000] {logging_mixin.py:190} INFO - [2025-03-16T19:22:07.986+0000] {dag.py:3239} INFO - Sync 1 DAGs
[2025-03-16T19:22:08.002+0000] {logging_mixin.py:190} INFO - [2025-03-16T19:22:08.002+0000] {dag.py:4180} INFO - Setting next_dagrun for example_setup_teardown to None, run_after=None
[2025-03-16T19:22:08.028+0000] {processor.py:208} INFO - Processing /home/airflow/.local/lib/python3.12/site-packages/airflow/example_dags/example_setup_teardown.py took 0.084 seconds
[2025-03-16T19:22:39.044+0000] {processor.py:186} INFO - Started process (PID=90822) to work on /home/airflow/.local/lib/python3.12/site-packages/airflow/example_dags/example_setup_teardown.py
[2025-03-16T19:22:39.047+0000] {processor.py:914} INFO - Processing file /home/airflow/.local/lib/python3.12/site-packages/airflow/example_dags/example_setup_teardown.py for tasks to queue
[2025-03-16T19:22:39.050+0000] {logging_mixin.py:190} INFO - [2025-03-16T19:22:39.049+0000] {dagbag.py:588} INFO - Filling up the DagBag from /home/airflow/.local/lib/python3.12/site-packages/airflow/example_dags/example_setup_teardown.py
[2025-03-16T19:22:39.065+0000] {processor.py:925} INFO - DAG(s) 'example_setup_teardown' retrieved from /home/airflow/.local/lib/python3.12/site-packages/airflow/example_dags/example_setup_teardown.py
[2025-03-16T19:22:39.108+0000] {logging_mixin.py:190} INFO - [2025-03-16T19:22:39.107+0000] {dag.py:3239} INFO - Sync 1 DAGs
[2025-03-16T19:22:39.141+0000] {logging_mixin.py:190} INFO - [2025-03-16T19:22:39.141+0000] {dag.py:4180} INFO - Setting next_dagrun for example_setup_teardown to None, run_after=None
[2025-03-16T19:22:39.179+0000] {processor.py:208} INFO - Processing /home/airflow/.local/lib/python3.12/site-packages/airflow/example_dags/example_setup_teardown.py took 0.144 seconds
[2025-03-16T19:23:09.479+0000] {processor.py:186} INFO - Started process (PID=90886) to work on /home/airflow/.local/lib/python3.12/site-packages/airflow/example_dags/example_setup_teardown.py
[2025-03-16T19:23:09.480+0000] {processor.py:914} INFO - Processing file /home/airflow/.local/lib/python3.12/site-packages/airflow/example_dags/example_setup_teardown.py for tasks to queue
[2025-03-16T19:23:09.482+0000] {logging_mixin.py:190} INFO - [2025-03-16T19:23:09.482+0000] {dagbag.py:588} INFO - Filling up the DagBag from /home/airflow/.local/lib/python3.12/site-packages/airflow/example_dags/example_setup_teardown.py
[2025-03-16T19:23:09.497+0000] {processor.py:925} INFO - DAG(s) 'example_setup_teardown' retrieved from /home/airflow/.local/lib/python3.12/site-packages/airflow/example_dags/example_setup_teardown.py
[2025-03-16T19:23:09.534+0000] {logging_mixin.py:190} INFO - [2025-03-16T19:23:09.533+0000] {dag.py:3239} INFO - Sync 1 DAGs
[2025-03-16T19:23:09.564+0000] {logging_mixin.py:190} INFO - [2025-03-16T19:23:09.564+0000] {dag.py:4180} INFO - Setting next_dagrun for example_setup_teardown to None, run_after=None
[2025-03-16T19:23:09.600+0000] {processor.py:208} INFO - Processing /home/airflow/.local/lib/python3.12/site-packages/airflow/example_dags/example_setup_teardown.py took 0.135 seconds
[2025-03-16T19:23:39.807+0000] {processor.py:186} INFO - Started process (PID=90950) to work on /home/airflow/.local/lib/python3.12/site-packages/airflow/example_dags/example_setup_teardown.py
[2025-03-16T19:23:39.809+0000] {processor.py:914} INFO - Processing file /home/airflow/.local/lib/python3.12/site-packages/airflow/example_dags/example_setup_teardown.py for tasks to queue
[2025-03-16T19:23:39.811+0000] {logging_mixin.py:190} INFO - [2025-03-16T19:23:39.810+0000] {dagbag.py:588} INFO - Filling up the DagBag from /home/airflow/.local/lib/python3.12/site-packages/airflow/example_dags/example_setup_teardown.py
[2025-03-16T19:23:39.827+0000] {processor.py:925} INFO - DAG(s) 'example_setup_teardown' retrieved from /home/airflow/.local/lib/python3.12/site-packages/airflow/example_dags/example_setup_teardown.py
[2025-03-16T19:23:39.862+0000] {logging_mixin.py:190} INFO - [2025-03-16T19:23:39.861+0000] {dag.py:3239} INFO - Sync 1 DAGs
[2025-03-16T19:23:39.889+0000] {logging_mixin.py:190} INFO - [2025-03-16T19:23:39.888+0000] {dag.py:4180} INFO - Setting next_dagrun for example_setup_teardown to None, run_after=None
[2025-03-16T19:23:39.926+0000] {processor.py:208} INFO - Processing /home/airflow/.local/lib/python3.12/site-packages/airflow/example_dags/example_setup_teardown.py took 0.130 seconds
[2025-03-16T19:24:10.100+0000] {processor.py:186} INFO - Started process (PID=91014) to work on /home/airflow/.local/lib/python3.12/site-packages/airflow/example_dags/example_setup_teardown.py
[2025-03-16T19:24:10.103+0000] {processor.py:914} INFO - Processing file /home/airflow/.local/lib/python3.12/site-packages/airflow/example_dags/example_setup_teardown.py for tasks to queue
[2025-03-16T19:24:10.105+0000] {logging_mixin.py:190} INFO - [2025-03-16T19:24:10.104+0000] {dagbag.py:588} INFO - Filling up the DagBag from /home/airflow/.local/lib/python3.12/site-packages/airflow/example_dags/example_setup_teardown.py
[2025-03-16T19:24:10.120+0000] {processor.py:925} INFO - DAG(s) 'example_setup_teardown' retrieved from /home/airflow/.local/lib/python3.12/site-packages/airflow/example_dags/example_setup_teardown.py
[2025-03-16T19:24:10.158+0000] {logging_mixin.py:190} INFO - [2025-03-16T19:24:10.157+0000] {dag.py:3239} INFO - Sync 1 DAGs
[2025-03-16T19:24:10.186+0000] {logging_mixin.py:190} INFO - [2025-03-16T19:24:10.185+0000] {dag.py:4180} INFO - Setting next_dagrun for example_setup_teardown to None, run_after=None
[2025-03-16T19:24:10.228+0000] {processor.py:208} INFO - Processing /home/airflow/.local/lib/python3.12/site-packages/airflow/example_dags/example_setup_teardown.py took 0.140 seconds
[2025-03-16T19:24:42.108+0000] {processor.py:186} INFO - Started process (PID=91079) to work on /home/airflow/.local/lib/python3.12/site-packages/airflow/example_dags/example_setup_teardown.py
[2025-03-16T19:24:42.109+0000] {processor.py:914} INFO - Processing file /home/airflow/.local/lib/python3.12/site-packages/airflow/example_dags/example_setup_teardown.py for tasks to queue
[2025-03-16T19:24:42.111+0000] {logging_mixin.py:190} INFO - [2025-03-16T19:24:42.111+0000] {dagbag.py:588} INFO - Filling up the DagBag from /home/airflow/.local/lib/python3.12/site-packages/airflow/example_dags/example_setup_teardown.py
[2025-03-16T19:24:42.132+0000] {processor.py:925} INFO - DAG(s) 'example_setup_teardown' retrieved from /home/airflow/.local/lib/python3.12/site-packages/airflow/example_dags/example_setup_teardown.py
[2025-03-16T19:24:42.170+0000] {logging_mixin.py:190} INFO - [2025-03-16T19:24:42.169+0000] {dag.py:3239} INFO - Sync 1 DAGs
[2025-03-16T19:24:42.199+0000] {logging_mixin.py:190} INFO - [2025-03-16T19:24:42.198+0000] {dag.py:4180} INFO - Setting next_dagrun for example_setup_teardown to None, run_after=None
[2025-03-16T19:24:42.240+0000] {processor.py:208} INFO - Processing /home/airflow/.local/lib/python3.12/site-packages/airflow/example_dags/example_setup_teardown.py took 0.142 seconds
[2025-03-16T19:25:14.720+0000] {processor.py:186} INFO - Started process (PID=91149) to work on /home/airflow/.local/lib/python3.12/site-packages/airflow/example_dags/example_setup_teardown.py
[2025-03-16T19:25:14.723+0000] {processor.py:914} INFO - Processing file /home/airflow/.local/lib/python3.12/site-packages/airflow/example_dags/example_setup_teardown.py for tasks to queue
[2025-03-16T19:25:14.727+0000] {logging_mixin.py:190} INFO - [2025-03-16T19:25:14.726+0000] {dagbag.py:588} INFO - Filling up the DagBag from /home/airflow/.local/lib/python3.12/site-packages/airflow/example_dags/example_setup_teardown.py
[2025-03-16T19:25:14.744+0000] {processor.py:925} INFO - DAG(s) 'example_setup_teardown' retrieved from /home/airflow/.local/lib/python3.12/site-packages/airflow/example_dags/example_setup_teardown.py
[2025-03-16T19:25:14.781+0000] {logging_mixin.py:190} INFO - [2025-03-16T19:25:14.781+0000] {dag.py:3239} INFO - Sync 1 DAGs
[2025-03-16T19:25:14.813+0000] {logging_mixin.py:190} INFO - [2025-03-16T19:25:14.812+0000] {dag.py:4180} INFO - Setting next_dagrun for example_setup_teardown to None, run_after=None
[2025-03-16T19:25:14.848+0000] {processor.py:208} INFO - Processing /home/airflow/.local/lib/python3.12/site-packages/airflow/example_dags/example_setup_teardown.py took 0.137 seconds
[2025-03-16T19:25:46.498+0000] {processor.py:186} INFO - Started process (PID=91215) to work on /home/airflow/.local/lib/python3.12/site-packages/airflow/example_dags/example_setup_teardown.py
[2025-03-16T19:25:46.500+0000] {processor.py:914} INFO - Processing file /home/airflow/.local/lib/python3.12/site-packages/airflow/example_dags/example_setup_teardown.py for tasks to queue
[2025-03-16T19:25:46.502+0000] {logging_mixin.py:190} INFO - [2025-03-16T19:25:46.501+0000] {dagbag.py:588} INFO - Filling up the DagBag from /home/airflow/.local/lib/python3.12/site-packages/airflow/example_dags/example_setup_teardown.py
[2025-03-16T19:25:46.518+0000] {processor.py:925} INFO - DAG(s) 'example_setup_teardown' retrieved from /home/airflow/.local/lib/python3.12/site-packages/airflow/example_dags/example_setup_teardown.py
[2025-03-16T19:25:46.560+0000] {logging_mixin.py:190} INFO - [2025-03-16T19:25:46.560+0000] {dag.py:3239} INFO - Sync 1 DAGs
[2025-03-16T19:25:46.592+0000] {logging_mixin.py:190} INFO - [2025-03-16T19:25:46.591+0000] {dag.py:4180} INFO - Setting next_dagrun for example_setup_teardown to None, run_after=None
[2025-03-16T19:25:46.628+0000] {processor.py:208} INFO - Processing /home/airflow/.local/lib/python3.12/site-packages/airflow/example_dags/example_setup_teardown.py took 0.145 seconds
[2025-03-16T19:26:17.624+0000] {processor.py:186} INFO - Started process (PID=91280) to work on /home/airflow/.local/lib/python3.12/site-packages/airflow/example_dags/example_setup_teardown.py
[2025-03-16T19:26:17.626+0000] {processor.py:914} INFO - Processing file /home/airflow/.local/lib/python3.12/site-packages/airflow/example_dags/example_setup_teardown.py for tasks to queue
[2025-03-16T19:26:17.629+0000] {logging_mixin.py:190} INFO - [2025-03-16T19:26:17.628+0000] {dagbag.py:588} INFO - Filling up the DagBag from /home/airflow/.local/lib/python3.12/site-packages/airflow/example_dags/example_setup_teardown.py
[2025-03-16T19:26:17.646+0000] {processor.py:925} INFO - DAG(s) 'example_setup_teardown' retrieved from /home/airflow/.local/lib/python3.12/site-packages/airflow/example_dags/example_setup_teardown.py
[2025-03-16T19:26:17.683+0000] {logging_mixin.py:190} INFO - [2025-03-16T19:26:17.682+0000] {dag.py:3239} INFO - Sync 1 DAGs
[2025-03-16T19:26:17.710+0000] {logging_mixin.py:190} INFO - [2025-03-16T19:26:17.709+0000] {dag.py:4180} INFO - Setting next_dagrun for example_setup_teardown to None, run_after=None
[2025-03-16T19:26:17.744+0000] {processor.py:208} INFO - Processing /home/airflow/.local/lib/python3.12/site-packages/airflow/example_dags/example_setup_teardown.py took 0.133 seconds
[2025-03-16T19:26:48.656+0000] {processor.py:186} INFO - Started process (PID=91344) to work on /home/airflow/.local/lib/python3.12/site-packages/airflow/example_dags/example_setup_teardown.py
[2025-03-16T19:26:48.658+0000] {processor.py:914} INFO - Processing file /home/airflow/.local/lib/python3.12/site-packages/airflow/example_dags/example_setup_teardown.py for tasks to queue
[2025-03-16T19:26:48.660+0000] {logging_mixin.py:190} INFO - [2025-03-16T19:26:48.659+0000] {dagbag.py:588} INFO - Filling up the DagBag from /home/airflow/.local/lib/python3.12/site-packages/airflow/example_dags/example_setup_teardown.py
[2025-03-16T19:26:48.673+0000] {processor.py:925} INFO - DAG(s) 'example_setup_teardown' retrieved from /home/airflow/.local/lib/python3.12/site-packages/airflow/example_dags/example_setup_teardown.py
[2025-03-16T19:26:48.703+0000] {logging_mixin.py:190} INFO - [2025-03-16T19:26:48.703+0000] {dag.py:3239} INFO - Sync 1 DAGs
[2025-03-16T19:26:48.727+0000] {logging_mixin.py:190} INFO - [2025-03-16T19:26:48.727+0000] {dag.py:4180} INFO - Setting next_dagrun for example_setup_teardown to None, run_after=None
[2025-03-16T19:26:48.757+0000] {processor.py:208} INFO - Processing /home/airflow/.local/lib/python3.12/site-packages/airflow/example_dags/example_setup_teardown.py took 0.110 seconds
[2025-03-16T19:27:19.820+0000] {processor.py:186} INFO - Started process (PID=91408) to work on /home/airflow/.local/lib/python3.12/site-packages/airflow/example_dags/example_setup_teardown.py
[2025-03-16T19:27:19.821+0000] {processor.py:914} INFO - Processing file /home/airflow/.local/lib/python3.12/site-packages/airflow/example_dags/example_setup_teardown.py for tasks to queue
[2025-03-16T19:27:19.824+0000] {logging_mixin.py:190} INFO - [2025-03-16T19:27:19.823+0000] {dagbag.py:588} INFO - Filling up the DagBag from /home/airflow/.local/lib/python3.12/site-packages/airflow/example_dags/example_setup_teardown.py
[2025-03-16T19:27:19.839+0000] {processor.py:925} INFO - DAG(s) 'example_setup_teardown' retrieved from /home/airflow/.local/lib/python3.12/site-packages/airflow/example_dags/example_setup_teardown.py
[2025-03-16T19:27:19.877+0000] {logging_mixin.py:190} INFO - [2025-03-16T19:27:19.877+0000] {dag.py:3239} INFO - Sync 1 DAGs
[2025-03-16T19:27:19.903+0000] {logging_mixin.py:190} INFO - [2025-03-16T19:27:19.903+0000] {dag.py:4180} INFO - Setting next_dagrun for example_setup_teardown to None, run_after=None
[2025-03-16T19:27:19.937+0000] {processor.py:208} INFO - Processing /home/airflow/.local/lib/python3.12/site-packages/airflow/example_dags/example_setup_teardown.py took 0.128 seconds
[2025-03-16T19:27:52.078+0000] {processor.py:186} INFO - Started process (PID=91472) to work on /home/airflow/.local/lib/python3.12/site-packages/airflow/example_dags/example_setup_teardown.py
[2025-03-16T19:27:52.079+0000] {processor.py:914} INFO - Processing file /home/airflow/.local/lib/python3.12/site-packages/airflow/example_dags/example_setup_teardown.py for tasks to queue
[2025-03-16T19:27:52.083+0000] {logging_mixin.py:190} INFO - [2025-03-16T19:27:52.082+0000] {dagbag.py:588} INFO - Filling up the DagBag from /home/airflow/.local/lib/python3.12/site-packages/airflow/example_dags/example_setup_teardown.py
[2025-03-16T19:27:52.098+0000] {processor.py:925} INFO - DAG(s) 'example_setup_teardown' retrieved from /home/airflow/.local/lib/python3.12/site-packages/airflow/example_dags/example_setup_teardown.py
[2025-03-16T19:27:52.136+0000] {logging_mixin.py:190} INFO - [2025-03-16T19:27:52.136+0000] {dag.py:3239} INFO - Sync 1 DAGs
[2025-03-16T19:27:52.162+0000] {logging_mixin.py:190} INFO - [2025-03-16T19:27:52.162+0000] {dag.py:4180} INFO - Setting next_dagrun for example_setup_teardown to None, run_after=None
[2025-03-16T19:27:52.198+0000] {processor.py:208} INFO - Processing /home/airflow/.local/lib/python3.12/site-packages/airflow/example_dags/example_setup_teardown.py took 0.130 seconds
[2025-03-16T19:28:24.841+0000] {processor.py:186} INFO - Started process (PID=91536) to work on /home/airflow/.local/lib/python3.12/site-packages/airflow/example_dags/example_setup_teardown.py
[2025-03-16T19:28:24.842+0000] {processor.py:914} INFO - Processing file /home/airflow/.local/lib/python3.12/site-packages/airflow/example_dags/example_setup_teardown.py for tasks to queue
[2025-03-16T19:28:24.844+0000] {logging_mixin.py:190} INFO - [2025-03-16T19:28:24.844+0000] {dagbag.py:588} INFO - Filling up the DagBag from /home/airflow/.local/lib/python3.12/site-packages/airflow/example_dags/example_setup_teardown.py
[2025-03-16T19:28:24.861+0000] {processor.py:925} INFO - DAG(s) 'example_setup_teardown' retrieved from /home/airflow/.local/lib/python3.12/site-packages/airflow/example_dags/example_setup_teardown.py
[2025-03-16T19:28:24.896+0000] {logging_mixin.py:190} INFO - [2025-03-16T19:28:24.896+0000] {dag.py:3239} INFO - Sync 1 DAGs
[2025-03-16T19:28:24.927+0000] {logging_mixin.py:190} INFO - [2025-03-16T19:28:24.926+0000] {dag.py:4180} INFO - Setting next_dagrun for example_setup_teardown to None, run_after=None
[2025-03-16T19:28:25.222+0000] {processor.py:208} INFO - Processing /home/airflow/.local/lib/python3.12/site-packages/airflow/example_dags/example_setup_teardown.py took 0.392 seconds
[2025-03-16T19:28:56.278+0000] {processor.py:186} INFO - Started process (PID=91600) to work on /home/airflow/.local/lib/python3.12/site-packages/airflow/example_dags/example_setup_teardown.py
[2025-03-16T19:28:56.282+0000] {processor.py:914} INFO - Processing file /home/airflow/.local/lib/python3.12/site-packages/airflow/example_dags/example_setup_teardown.py for tasks to queue
[2025-03-16T19:28:56.285+0000] {logging_mixin.py:190} INFO - [2025-03-16T19:28:56.284+0000] {dagbag.py:588} INFO - Filling up the DagBag from /home/airflow/.local/lib/python3.12/site-packages/airflow/example_dags/example_setup_teardown.py
[2025-03-16T19:28:56.319+0000] {processor.py:925} INFO - DAG(s) 'example_setup_teardown' retrieved from /home/airflow/.local/lib/python3.12/site-packages/airflow/example_dags/example_setup_teardown.py
[2025-03-16T19:28:56.398+0000] {logging_mixin.py:190} INFO - [2025-03-16T19:28:56.397+0000] {dag.py:3239} INFO - Sync 1 DAGs
[2025-03-16T19:28:56.447+0000] {logging_mixin.py:190} INFO - [2025-03-16T19:28:56.447+0000] {dag.py:4180} INFO - Setting next_dagrun for example_setup_teardown to None, run_after=None
[2025-03-16T19:28:56.527+0000] {processor.py:208} INFO - Processing /home/airflow/.local/lib/python3.12/site-packages/airflow/example_dags/example_setup_teardown.py took 0.270 seconds
[2025-03-16T19:29:26.842+0000] {processor.py:186} INFO - Started process (PID=91670) to work on /home/airflow/.local/lib/python3.12/site-packages/airflow/example_dags/example_setup_teardown.py
[2025-03-16T19:29:26.844+0000] {processor.py:914} INFO - Processing file /home/airflow/.local/lib/python3.12/site-packages/airflow/example_dags/example_setup_teardown.py for tasks to queue
[2025-03-16T19:29:26.846+0000] {logging_mixin.py:190} INFO - [2025-03-16T19:29:26.845+0000] {dagbag.py:588} INFO - Filling up the DagBag from /home/airflow/.local/lib/python3.12/site-packages/airflow/example_dags/example_setup_teardown.py
[2025-03-16T19:29:26.862+0000] {processor.py:925} INFO - DAG(s) 'example_setup_teardown' retrieved from /home/airflow/.local/lib/python3.12/site-packages/airflow/example_dags/example_setup_teardown.py
[2025-03-16T19:29:26.899+0000] {logging_mixin.py:190} INFO - [2025-03-16T19:29:26.899+0000] {dag.py:3239} INFO - Sync 1 DAGs
[2025-03-16T19:29:26.927+0000] {logging_mixin.py:190} INFO - [2025-03-16T19:29:26.927+0000] {dag.py:4180} INFO - Setting next_dagrun for example_setup_teardown to None, run_after=None
[2025-03-16T19:29:26.966+0000] {processor.py:208} INFO - Processing /home/airflow/.local/lib/python3.12/site-packages/airflow/example_dags/example_setup_teardown.py took 0.135 seconds
[2025-03-16T19:29:59.547+0000] {processor.py:186} INFO - Started process (PID=91734) to work on /home/airflow/.local/lib/python3.12/site-packages/airflow/example_dags/example_setup_teardown.py
[2025-03-16T19:29:59.549+0000] {processor.py:914} INFO - Processing file /home/airflow/.local/lib/python3.12/site-packages/airflow/example_dags/example_setup_teardown.py for tasks to queue
[2025-03-16T19:29:59.552+0000] {logging_mixin.py:190} INFO - [2025-03-16T19:29:59.551+0000] {dagbag.py:588} INFO - Filling up the DagBag from /home/airflow/.local/lib/python3.12/site-packages/airflow/example_dags/example_setup_teardown.py
[2025-03-16T19:29:59.871+0000] {processor.py:925} INFO - DAG(s) 'example_setup_teardown' retrieved from /home/airflow/.local/lib/python3.12/site-packages/airflow/example_dags/example_setup_teardown.py
[2025-03-16T19:29:59.905+0000] {logging_mixin.py:190} INFO - [2025-03-16T19:29:59.905+0000] {dag.py:3239} INFO - Sync 1 DAGs
[2025-03-16T19:29:59.931+0000] {logging_mixin.py:190} INFO - [2025-03-16T19:29:59.931+0000] {dag.py:4180} INFO - Setting next_dagrun for example_setup_teardown to None, run_after=None
[2025-03-16T19:29:59.968+0000] {processor.py:208} INFO - Processing /home/airflow/.local/lib/python3.12/site-packages/airflow/example_dags/example_setup_teardown.py took 0.433 seconds
[2025-03-16T19:30:30.326+0000] {processor.py:186} INFO - Started process (PID=91798) to work on /home/airflow/.local/lib/python3.12/site-packages/airflow/example_dags/example_setup_teardown.py
[2025-03-16T19:30:30.328+0000] {processor.py:914} INFO - Processing file /home/airflow/.local/lib/python3.12/site-packages/airflow/example_dags/example_setup_teardown.py for tasks to queue
[2025-03-16T19:30:30.331+0000] {logging_mixin.py:190} INFO - [2025-03-16T19:30:30.330+0000] {dagbag.py:588} INFO - Filling up the DagBag from /home/airflow/.local/lib/python3.12/site-packages/airflow/example_dags/example_setup_teardown.py
[2025-03-16T19:30:30.353+0000] {processor.py:925} INFO - DAG(s) 'example_setup_teardown' retrieved from /home/airflow/.local/lib/python3.12/site-packages/airflow/example_dags/example_setup_teardown.py
[2025-03-16T19:30:30.393+0000] {logging_mixin.py:190} INFO - [2025-03-16T19:30:30.392+0000] {dag.py:3239} INFO - Sync 1 DAGs
[2025-03-16T19:30:30.422+0000] {logging_mixin.py:190} INFO - [2025-03-16T19:30:30.421+0000] {dag.py:4180} INFO - Setting next_dagrun for example_setup_teardown to None, run_after=None
[2025-03-16T19:30:30.457+0000] {processor.py:208} INFO - Processing /home/airflow/.local/lib/python3.12/site-packages/airflow/example_dags/example_setup_teardown.py took 0.139 seconds
[2025-03-16T19:31:02.325+0000] {processor.py:186} INFO - Started process (PID=91862) to work on /home/airflow/.local/lib/python3.12/site-packages/airflow/example_dags/example_setup_teardown.py
[2025-03-16T19:31:02.327+0000] {processor.py:914} INFO - Processing file /home/airflow/.local/lib/python3.12/site-packages/airflow/example_dags/example_setup_teardown.py for tasks to queue
[2025-03-16T19:31:02.329+0000] {logging_mixin.py:190} INFO - [2025-03-16T19:31:02.328+0000] {dagbag.py:588} INFO - Filling up the DagBag from /home/airflow/.local/lib/python3.12/site-packages/airflow/example_dags/example_setup_teardown.py
[2025-03-16T19:31:02.345+0000] {processor.py:925} INFO - DAG(s) 'example_setup_teardown' retrieved from /home/airflow/.local/lib/python3.12/site-packages/airflow/example_dags/example_setup_teardown.py
[2025-03-16T19:31:02.382+0000] {logging_mixin.py:190} INFO - [2025-03-16T19:31:02.382+0000] {dag.py:3239} INFO - Sync 1 DAGs
[2025-03-16T19:31:02.408+0000] {logging_mixin.py:190} INFO - [2025-03-16T19:31:02.407+0000] {dag.py:4180} INFO - Setting next_dagrun for example_setup_teardown to None, run_after=None
[2025-03-16T19:31:02.444+0000] {processor.py:208} INFO - Processing /home/airflow/.local/lib/python3.12/site-packages/airflow/example_dags/example_setup_teardown.py took 0.127 seconds
[2025-03-16T19:31:33.141+0000] {processor.py:186} INFO - Started process (PID=91926) to work on /home/airflow/.local/lib/python3.12/site-packages/airflow/example_dags/example_setup_teardown.py
[2025-03-16T19:31:33.143+0000] {processor.py:914} INFO - Processing file /home/airflow/.local/lib/python3.12/site-packages/airflow/example_dags/example_setup_teardown.py for tasks to queue
[2025-03-16T19:31:33.144+0000] {logging_mixin.py:190} INFO - [2025-03-16T19:31:33.144+0000] {dagbag.py:588} INFO - Filling up the DagBag from /home/airflow/.local/lib/python3.12/site-packages/airflow/example_dags/example_setup_teardown.py
[2025-03-16T19:31:33.159+0000] {processor.py:925} INFO - DAG(s) 'example_setup_teardown' retrieved from /home/airflow/.local/lib/python3.12/site-packages/airflow/example_dags/example_setup_teardown.py
[2025-03-16T19:31:33.196+0000] {logging_mixin.py:190} INFO - [2025-03-16T19:31:33.195+0000] {dag.py:3239} INFO - Sync 1 DAGs
[2025-03-16T19:31:33.225+0000] {logging_mixin.py:190} INFO - [2025-03-16T19:31:33.225+0000] {dag.py:4180} INFO - Setting next_dagrun for example_setup_teardown to None, run_after=None
[2025-03-16T19:31:33.260+0000] {processor.py:208} INFO - Processing /home/airflow/.local/lib/python3.12/site-packages/airflow/example_dags/example_setup_teardown.py took 0.132 seconds
[2025-03-16T19:32:03.568+0000] {processor.py:186} INFO - Started process (PID=91990) to work on /home/airflow/.local/lib/python3.12/site-packages/airflow/example_dags/example_setup_teardown.py
[2025-03-16T19:32:03.571+0000] {processor.py:914} INFO - Processing file /home/airflow/.local/lib/python3.12/site-packages/airflow/example_dags/example_setup_teardown.py for tasks to queue
[2025-03-16T19:32:03.573+0000] {logging_mixin.py:190} INFO - [2025-03-16T19:32:03.572+0000] {dagbag.py:588} INFO - Filling up the DagBag from /home/airflow/.local/lib/python3.12/site-packages/airflow/example_dags/example_setup_teardown.py
[2025-03-16T19:32:03.587+0000] {processor.py:925} INFO - DAG(s) 'example_setup_teardown' retrieved from /home/airflow/.local/lib/python3.12/site-packages/airflow/example_dags/example_setup_teardown.py
[2025-03-16T19:32:03.625+0000] {logging_mixin.py:190} INFO - [2025-03-16T19:32:03.624+0000] {dag.py:3239} INFO - Sync 1 DAGs
[2025-03-16T19:32:03.651+0000] {logging_mixin.py:190} INFO - [2025-03-16T19:32:03.651+0000] {dag.py:4180} INFO - Setting next_dagrun for example_setup_teardown to None, run_after=None
[2025-03-16T19:32:03.685+0000] {processor.py:208} INFO - Processing /home/airflow/.local/lib/python3.12/site-packages/airflow/example_dags/example_setup_teardown.py took 0.129 seconds
[2025-03-16T19:32:33.911+0000] {processor.py:186} INFO - Started process (PID=92053) to work on /home/airflow/.local/lib/python3.12/site-packages/airflow/example_dags/example_setup_teardown.py
[2025-03-16T19:32:33.912+0000] {processor.py:914} INFO - Processing file /home/airflow/.local/lib/python3.12/site-packages/airflow/example_dags/example_setup_teardown.py for tasks to queue
[2025-03-16T19:32:33.914+0000] {logging_mixin.py:190} INFO - [2025-03-16T19:32:33.914+0000] {dagbag.py:588} INFO - Filling up the DagBag from /home/airflow/.local/lib/python3.12/site-packages/airflow/example_dags/example_setup_teardown.py
[2025-03-16T19:32:33.929+0000] {processor.py:925} INFO - DAG(s) 'example_setup_teardown' retrieved from /home/airflow/.local/lib/python3.12/site-packages/airflow/example_dags/example_setup_teardown.py
[2025-03-16T19:32:33.967+0000] {logging_mixin.py:190} INFO - [2025-03-16T19:32:33.966+0000] {dag.py:3239} INFO - Sync 1 DAGs
[2025-03-16T19:32:33.993+0000] {logging_mixin.py:190} INFO - [2025-03-16T19:32:33.992+0000] {dag.py:4180} INFO - Setting next_dagrun for example_setup_teardown to None, run_after=None
[2025-03-16T19:32:34.031+0000] {processor.py:208} INFO - Processing /home/airflow/.local/lib/python3.12/site-packages/airflow/example_dags/example_setup_teardown.py took 0.132 seconds
[2025-03-16T19:33:04.308+0000] {processor.py:186} INFO - Started process (PID=92117) to work on /home/airflow/.local/lib/python3.12/site-packages/airflow/example_dags/example_setup_teardown.py
[2025-03-16T19:33:04.309+0000] {processor.py:914} INFO - Processing file /home/airflow/.local/lib/python3.12/site-packages/airflow/example_dags/example_setup_teardown.py for tasks to queue
[2025-03-16T19:33:04.311+0000] {logging_mixin.py:190} INFO - [2025-03-16T19:33:04.310+0000] {dagbag.py:588} INFO - Filling up the DagBag from /home/airflow/.local/lib/python3.12/site-packages/airflow/example_dags/example_setup_teardown.py
[2025-03-16T19:33:04.329+0000] {processor.py:925} INFO - DAG(s) 'example_setup_teardown' retrieved from /home/airflow/.local/lib/python3.12/site-packages/airflow/example_dags/example_setup_teardown.py
[2025-03-16T19:33:04.366+0000] {logging_mixin.py:190} INFO - [2025-03-16T19:33:04.366+0000] {dag.py:3239} INFO - Sync 1 DAGs
[2025-03-16T19:33:04.391+0000] {logging_mixin.py:190} INFO - [2025-03-16T19:33:04.391+0000] {dag.py:4180} INFO - Setting next_dagrun for example_setup_teardown to None, run_after=None
[2025-03-16T19:33:04.424+0000] {processor.py:208} INFO - Processing /home/airflow/.local/lib/python3.12/site-packages/airflow/example_dags/example_setup_teardown.py took 0.125 seconds
[2025-03-16T19:33:34.578+0000] {processor.py:186} INFO - Started process (PID=92180) to work on /home/airflow/.local/lib/python3.12/site-packages/airflow/example_dags/example_setup_teardown.py
[2025-03-16T19:33:34.579+0000] {processor.py:914} INFO - Processing file /home/airflow/.local/lib/python3.12/site-packages/airflow/example_dags/example_setup_teardown.py for tasks to queue
[2025-03-16T19:33:34.582+0000] {logging_mixin.py:190} INFO - [2025-03-16T19:33:34.581+0000] {dagbag.py:588} INFO - Filling up the DagBag from /home/airflow/.local/lib/python3.12/site-packages/airflow/example_dags/example_setup_teardown.py
[2025-03-16T19:33:34.595+0000] {processor.py:925} INFO - DAG(s) 'example_setup_teardown' retrieved from /home/airflow/.local/lib/python3.12/site-packages/airflow/example_dags/example_setup_teardown.py
[2025-03-16T19:33:34.631+0000] {logging_mixin.py:190} INFO - [2025-03-16T19:33:34.630+0000] {dag.py:3239} INFO - Sync 1 DAGs
[2025-03-16T19:33:34.654+0000] {logging_mixin.py:190} INFO - [2025-03-16T19:33:34.653+0000] {dag.py:4180} INFO - Setting next_dagrun for example_setup_teardown to None, run_after=None
[2025-03-16T19:33:34.683+0000] {processor.py:208} INFO - Processing /home/airflow/.local/lib/python3.12/site-packages/airflow/example_dags/example_setup_teardown.py took 0.113 seconds
[2025-03-16T19:34:04.893+0000] {processor.py:186} INFO - Started process (PID=92244) to work on /home/airflow/.local/lib/python3.12/site-packages/airflow/example_dags/example_setup_teardown.py
[2025-03-16T19:34:04.895+0000] {processor.py:914} INFO - Processing file /home/airflow/.local/lib/python3.12/site-packages/airflow/example_dags/example_setup_teardown.py for tasks to queue
[2025-03-16T19:34:04.897+0000] {logging_mixin.py:190} INFO - [2025-03-16T19:34:04.897+0000] {dagbag.py:588} INFO - Filling up the DagBag from /home/airflow/.local/lib/python3.12/site-packages/airflow/example_dags/example_setup_teardown.py
[2025-03-16T19:34:04.913+0000] {processor.py:925} INFO - DAG(s) 'example_setup_teardown' retrieved from /home/airflow/.local/lib/python3.12/site-packages/airflow/example_dags/example_setup_teardown.py
[2025-03-16T19:34:04.950+0000] {logging_mixin.py:190} INFO - [2025-03-16T19:34:04.949+0000] {dag.py:3239} INFO - Sync 1 DAGs
[2025-03-16T19:34:04.977+0000] {logging_mixin.py:190} INFO - [2025-03-16T19:34:04.977+0000] {dag.py:4180} INFO - Setting next_dagrun for example_setup_teardown to None, run_after=None
[2025-03-16T19:34:05.015+0000] {processor.py:208} INFO - Processing /home/airflow/.local/lib/python3.12/site-packages/airflow/example_dags/example_setup_teardown.py took 0.131 seconds
[2025-03-16T19:34:35.547+0000] {processor.py:186} INFO - Started process (PID=92309) to work on /home/airflow/.local/lib/python3.12/site-packages/airflow/example_dags/example_setup_teardown.py
[2025-03-16T19:34:35.549+0000] {processor.py:914} INFO - Processing file /home/airflow/.local/lib/python3.12/site-packages/airflow/example_dags/example_setup_teardown.py for tasks to queue
[2025-03-16T19:34:35.551+0000] {logging_mixin.py:190} INFO - [2025-03-16T19:34:35.550+0000] {dagbag.py:588} INFO - Filling up the DagBag from /home/airflow/.local/lib/python3.12/site-packages/airflow/example_dags/example_setup_teardown.py
[2025-03-16T19:34:35.565+0000] {processor.py:925} INFO - DAG(s) 'example_setup_teardown' retrieved from /home/airflow/.local/lib/python3.12/site-packages/airflow/example_dags/example_setup_teardown.py
[2025-03-16T19:34:35.604+0000] {logging_mixin.py:190} INFO - [2025-03-16T19:34:35.603+0000] {dag.py:3239} INFO - Sync 1 DAGs
[2025-03-16T19:34:35.630+0000] {logging_mixin.py:190} INFO - [2025-03-16T19:34:35.629+0000] {dag.py:4180} INFO - Setting next_dagrun for example_setup_teardown to None, run_after=None
[2025-03-16T19:34:35.663+0000] {processor.py:208} INFO - Processing /home/airflow/.local/lib/python3.12/site-packages/airflow/example_dags/example_setup_teardown.py took 0.126 seconds
[2025-03-16T19:35:06.035+0000] {processor.py:186} INFO - Started process (PID=92373) to work on /home/airflow/.local/lib/python3.12/site-packages/airflow/example_dags/example_setup_teardown.py
[2025-03-16T19:35:06.036+0000] {processor.py:914} INFO - Processing file /home/airflow/.local/lib/python3.12/site-packages/airflow/example_dags/example_setup_teardown.py for tasks to queue
[2025-03-16T19:35:06.038+0000] {logging_mixin.py:190} INFO - [2025-03-16T19:35:06.038+0000] {dagbag.py:588} INFO - Filling up the DagBag from /home/airflow/.local/lib/python3.12/site-packages/airflow/example_dags/example_setup_teardown.py
[2025-03-16T19:35:06.051+0000] {processor.py:925} INFO - DAG(s) 'example_setup_teardown' retrieved from /home/airflow/.local/lib/python3.12/site-packages/airflow/example_dags/example_setup_teardown.py
[2025-03-16T19:35:06.085+0000] {logging_mixin.py:190} INFO - [2025-03-16T19:35:06.085+0000] {dag.py:3239} INFO - Sync 1 DAGs
[2025-03-16T19:35:06.110+0000] {logging_mixin.py:190} INFO - [2025-03-16T19:35:06.110+0000] {dag.py:4180} INFO - Setting next_dagrun for example_setup_teardown to None, run_after=None
[2025-03-16T19:35:06.136+0000] {processor.py:208} INFO - Processing /home/airflow/.local/lib/python3.12/site-packages/airflow/example_dags/example_setup_teardown.py took 0.109 seconds
[2025-03-16T19:35:36.230+0000] {processor.py:186} INFO - Started process (PID=92436) to work on /home/airflow/.local/lib/python3.12/site-packages/airflow/example_dags/example_setup_teardown.py
[2025-03-16T19:35:36.231+0000] {processor.py:914} INFO - Processing file /home/airflow/.local/lib/python3.12/site-packages/airflow/example_dags/example_setup_teardown.py for tasks to queue
[2025-03-16T19:35:36.234+0000] {logging_mixin.py:190} INFO - [2025-03-16T19:35:36.234+0000] {dagbag.py:588} INFO - Filling up the DagBag from /home/airflow/.local/lib/python3.12/site-packages/airflow/example_dags/example_setup_teardown.py
[2025-03-16T19:35:36.252+0000] {processor.py:925} INFO - DAG(s) 'example_setup_teardown' retrieved from /home/airflow/.local/lib/python3.12/site-packages/airflow/example_dags/example_setup_teardown.py
[2025-03-16T19:35:36.290+0000] {logging_mixin.py:190} INFO - [2025-03-16T19:35:36.289+0000] {dag.py:3239} INFO - Sync 1 DAGs
[2025-03-16T19:35:36.317+0000] {logging_mixin.py:190} INFO - [2025-03-16T19:35:36.317+0000] {dag.py:4180} INFO - Setting next_dagrun for example_setup_teardown to None, run_after=None
[2025-03-16T19:35:36.352+0000] {processor.py:208} INFO - Processing /home/airflow/.local/lib/python3.12/site-packages/airflow/example_dags/example_setup_teardown.py took 0.131 seconds
[2025-03-16T19:36:06.966+0000] {processor.py:186} INFO - Started process (PID=92500) to work on /home/airflow/.local/lib/python3.12/site-packages/airflow/example_dags/example_setup_teardown.py
[2025-03-16T19:36:06.968+0000] {processor.py:914} INFO - Processing file /home/airflow/.local/lib/python3.12/site-packages/airflow/example_dags/example_setup_teardown.py for tasks to queue
[2025-03-16T19:36:06.971+0000] {logging_mixin.py:190} INFO - [2025-03-16T19:36:06.970+0000] {dagbag.py:588} INFO - Filling up the DagBag from /home/airflow/.local/lib/python3.12/site-packages/airflow/example_dags/example_setup_teardown.py
[2025-03-16T19:36:06.983+0000] {processor.py:925} INFO - DAG(s) 'example_setup_teardown' retrieved from /home/airflow/.local/lib/python3.12/site-packages/airflow/example_dags/example_setup_teardown.py
[2025-03-16T19:36:07.014+0000] {logging_mixin.py:190} INFO - [2025-03-16T19:36:07.014+0000] {dag.py:3239} INFO - Sync 1 DAGs
[2025-03-16T19:36:07.038+0000] {logging_mixin.py:190} INFO - [2025-03-16T19:36:07.037+0000] {dag.py:4180} INFO - Setting next_dagrun for example_setup_teardown to None, run_after=None
[2025-03-16T19:36:07.066+0000] {processor.py:208} INFO - Processing /home/airflow/.local/lib/python3.12/site-packages/airflow/example_dags/example_setup_teardown.py took 0.107 seconds
[2025-03-16T19:36:37.170+0000] {processor.py:186} INFO - Started process (PID=92564) to work on /home/airflow/.local/lib/python3.12/site-packages/airflow/example_dags/example_setup_teardown.py
[2025-03-16T19:36:37.172+0000] {processor.py:914} INFO - Processing file /home/airflow/.local/lib/python3.12/site-packages/airflow/example_dags/example_setup_teardown.py for tasks to queue
[2025-03-16T19:36:37.174+0000] {logging_mixin.py:190} INFO - [2025-03-16T19:36:37.174+0000] {dagbag.py:588} INFO - Filling up the DagBag from /home/airflow/.local/lib/python3.12/site-packages/airflow/example_dags/example_setup_teardown.py
[2025-03-16T19:36:37.187+0000] {processor.py:925} INFO - DAG(s) 'example_setup_teardown' retrieved from /home/airflow/.local/lib/python3.12/site-packages/airflow/example_dags/example_setup_teardown.py
[2025-03-16T19:36:37.218+0000] {logging_mixin.py:190} INFO - [2025-03-16T19:36:37.218+0000] {dag.py:3239} INFO - Sync 1 DAGs
[2025-03-16T19:36:37.240+0000] {logging_mixin.py:190} INFO - [2025-03-16T19:36:37.240+0000] {dag.py:4180} INFO - Setting next_dagrun for example_setup_teardown to None, run_after=None
[2025-03-16T19:36:37.271+0000] {processor.py:208} INFO - Processing /home/airflow/.local/lib/python3.12/site-packages/airflow/example_dags/example_setup_teardown.py took 0.109 seconds
[2025-03-16T19:37:07.711+0000] {processor.py:186} INFO - Started process (PID=92628) to work on /home/airflow/.local/lib/python3.12/site-packages/airflow/example_dags/example_setup_teardown.py
[2025-03-16T19:37:07.713+0000] {processor.py:914} INFO - Processing file /home/airflow/.local/lib/python3.12/site-packages/airflow/example_dags/example_setup_teardown.py for tasks to queue
[2025-03-16T19:37:07.715+0000] {logging_mixin.py:190} INFO - [2025-03-16T19:37:07.714+0000] {dagbag.py:588} INFO - Filling up the DagBag from /home/airflow/.local/lib/python3.12/site-packages/airflow/example_dags/example_setup_teardown.py
[2025-03-16T19:37:07.730+0000] {processor.py:925} INFO - DAG(s) 'example_setup_teardown' retrieved from /home/airflow/.local/lib/python3.12/site-packages/airflow/example_dags/example_setup_teardown.py
[2025-03-16T19:37:07.766+0000] {logging_mixin.py:190} INFO - [2025-03-16T19:37:07.766+0000] {dag.py:3239} INFO - Sync 1 DAGs
[2025-03-16T19:37:07.804+0000] {logging_mixin.py:190} INFO - [2025-03-16T19:37:07.803+0000] {dag.py:4180} INFO - Setting next_dagrun for example_setup_teardown to None, run_after=None
[2025-03-16T19:37:07.835+0000] {processor.py:208} INFO - Processing /home/airflow/.local/lib/python3.12/site-packages/airflow/example_dags/example_setup_teardown.py took 0.134 seconds
[2025-03-16T19:37:38.438+0000] {processor.py:186} INFO - Started process (PID=92691) to work on /home/airflow/.local/lib/python3.12/site-packages/airflow/example_dags/example_setup_teardown.py
[2025-03-16T19:37:38.440+0000] {processor.py:914} INFO - Processing file /home/airflow/.local/lib/python3.12/site-packages/airflow/example_dags/example_setup_teardown.py for tasks to queue
[2025-03-16T19:37:38.442+0000] {logging_mixin.py:190} INFO - [2025-03-16T19:37:38.442+0000] {dagbag.py:588} INFO - Filling up the DagBag from /home/airflow/.local/lib/python3.12/site-packages/airflow/example_dags/example_setup_teardown.py
[2025-03-16T19:37:38.454+0000] {processor.py:925} INFO - DAG(s) 'example_setup_teardown' retrieved from /home/airflow/.local/lib/python3.12/site-packages/airflow/example_dags/example_setup_teardown.py
[2025-03-16T19:37:38.488+0000] {logging_mixin.py:190} INFO - [2025-03-16T19:37:38.488+0000] {dag.py:3239} INFO - Sync 1 DAGs
[2025-03-16T19:37:38.514+0000] {logging_mixin.py:190} INFO - [2025-03-16T19:37:38.514+0000] {dag.py:4180} INFO - Setting next_dagrun for example_setup_teardown to None, run_after=None
[2025-03-16T19:37:38.553+0000] {processor.py:208} INFO - Processing /home/airflow/.local/lib/python3.12/site-packages/airflow/example_dags/example_setup_teardown.py took 0.125 seconds
[2025-03-16T19:38:08.786+0000] {processor.py:186} INFO - Started process (PID=92754) to work on /home/airflow/.local/lib/python3.12/site-packages/airflow/example_dags/example_setup_teardown.py
[2025-03-16T19:38:08.788+0000] {processor.py:914} INFO - Processing file /home/airflow/.local/lib/python3.12/site-packages/airflow/example_dags/example_setup_teardown.py for tasks to queue
[2025-03-16T19:38:08.790+0000] {logging_mixin.py:190} INFO - [2025-03-16T19:38:08.790+0000] {dagbag.py:588} INFO - Filling up the DagBag from /home/airflow/.local/lib/python3.12/site-packages/airflow/example_dags/example_setup_teardown.py
[2025-03-16T19:38:08.806+0000] {processor.py:925} INFO - DAG(s) 'example_setup_teardown' retrieved from /home/airflow/.local/lib/python3.12/site-packages/airflow/example_dags/example_setup_teardown.py
[2025-03-16T19:38:08.844+0000] {logging_mixin.py:190} INFO - [2025-03-16T19:38:08.844+0000] {dag.py:3239} INFO - Sync 1 DAGs
[2025-03-16T19:38:08.877+0000] {logging_mixin.py:190} INFO - [2025-03-16T19:38:08.876+0000] {dag.py:4180} INFO - Setting next_dagrun for example_setup_teardown to None, run_after=None
[2025-03-16T19:38:08.918+0000] {processor.py:208} INFO - Processing /home/airflow/.local/lib/python3.12/site-packages/airflow/example_dags/example_setup_teardown.py took 0.142 seconds
[2025-03-16T19:38:38.996+0000] {processor.py:186} INFO - Started process (PID=92818) to work on /home/airflow/.local/lib/python3.12/site-packages/airflow/example_dags/example_setup_teardown.py
[2025-03-16T19:38:38.998+0000] {processor.py:914} INFO - Processing file /home/airflow/.local/lib/python3.12/site-packages/airflow/example_dags/example_setup_teardown.py for tasks to queue
[2025-03-16T19:38:39.000+0000] {logging_mixin.py:190} INFO - [2025-03-16T19:38:39.000+0000] {dagbag.py:588} INFO - Filling up the DagBag from /home/airflow/.local/lib/python3.12/site-packages/airflow/example_dags/example_setup_teardown.py
[2025-03-16T19:38:39.012+0000] {processor.py:925} INFO - DAG(s) 'example_setup_teardown' retrieved from /home/airflow/.local/lib/python3.12/site-packages/airflow/example_dags/example_setup_teardown.py
[2025-03-16T19:38:39.044+0000] {logging_mixin.py:190} INFO - [2025-03-16T19:38:39.044+0000] {dag.py:3239} INFO - Sync 1 DAGs
[2025-03-16T19:38:39.066+0000] {logging_mixin.py:190} INFO - [2025-03-16T19:38:39.065+0000] {dag.py:4180} INFO - Setting next_dagrun for example_setup_teardown to None, run_after=None
[2025-03-16T19:38:39.093+0000] {processor.py:208} INFO - Processing /home/airflow/.local/lib/python3.12/site-packages/airflow/example_dags/example_setup_teardown.py took 0.106 seconds
[2025-03-16T19:39:09.628+0000] {processor.py:186} INFO - Started process (PID=92881) to work on /home/airflow/.local/lib/python3.12/site-packages/airflow/example_dags/example_setup_teardown.py
[2025-03-16T19:39:09.630+0000] {processor.py:914} INFO - Processing file /home/airflow/.local/lib/python3.12/site-packages/airflow/example_dags/example_setup_teardown.py for tasks to queue
[2025-03-16T19:39:09.632+0000] {logging_mixin.py:190} INFO - [2025-03-16T19:39:09.631+0000] {dagbag.py:588} INFO - Filling up the DagBag from /home/airflow/.local/lib/python3.12/site-packages/airflow/example_dags/example_setup_teardown.py
[2025-03-16T19:39:09.647+0000] {processor.py:925} INFO - DAG(s) 'example_setup_teardown' retrieved from /home/airflow/.local/lib/python3.12/site-packages/airflow/example_dags/example_setup_teardown.py
[2025-03-16T19:39:09.683+0000] {logging_mixin.py:190} INFO - [2025-03-16T19:39:09.683+0000] {dag.py:3239} INFO - Sync 1 DAGs
[2025-03-16T19:39:09.708+0000] {logging_mixin.py:190} INFO - [2025-03-16T19:39:09.708+0000] {dag.py:4180} INFO - Setting next_dagrun for example_setup_teardown to None, run_after=None
[2025-03-16T19:39:09.740+0000] {processor.py:208} INFO - Processing /home/airflow/.local/lib/python3.12/site-packages/airflow/example_dags/example_setup_teardown.py took 0.122 seconds
