[2025-03-16T19:07:51.042+0000] {processor.py:186} INFO - Started process (PID=88944) to work on /home/airflow/.local/lib/python3.12/site-packages/airflow/example_dags/example_skip_dag.py
[2025-03-16T19:07:51.043+0000] {processor.py:914} INFO - Processing file /home/airflow/.local/lib/python3.12/site-packages/airflow/example_dags/example_skip_dag.py for tasks to queue
[2025-03-16T19:07:51.045+0000] {logging_mixin.py:190} INFO - [2025-03-16T19:07:51.044+0000] {dagbag.py:588} INFO - Filling up the DagBag from /home/airflow/.local/lib/python3.12/site-packages/airflow/example_dags/example_skip_dag.py
[2025-03-16T19:07:51.056+0000] {processor.py:925} INFO - DAG(s) 'example_skip_dag' retrieved from /home/airflow/.local/lib/python3.12/site-packages/airflow/example_dags/example_skip_dag.py
[2025-03-16T19:07:51.081+0000] {logging_mixin.py:190} INFO - [2025-03-16T19:07:51.081+0000] {dag.py:3239} INFO - Sync 1 DAGs
[2025-03-16T19:07:51.109+0000] {logging_mixin.py:190} INFO - [2025-03-16T19:07:51.109+0000] {dag.py:4180} INFO - Setting next_dagrun for example_skip_dag to 2025-03-15 00:00:00+00:00, run_after=2025-03-16 00:00:00+00:00
[2025-03-16T19:07:51.133+0000] {processor.py:208} INFO - Processing /home/airflow/.local/lib/python3.12/site-packages/airflow/example_dags/example_skip_dag.py took 0.098 seconds
[2025-03-16T19:08:21.873+0000] {processor.py:186} INFO - Started process (PID=89007) to work on /home/airflow/.local/lib/python3.12/site-packages/airflow/example_dags/example_skip_dag.py
[2025-03-16T19:08:21.874+0000] {processor.py:914} INFO - Processing file /home/airflow/.local/lib/python3.12/site-packages/airflow/example_dags/example_skip_dag.py for tasks to queue
[2025-03-16T19:08:21.877+0000] {logging_mixin.py:190} INFO - [2025-03-16T19:08:21.876+0000] {dagbag.py:588} INFO - Filling up the DagBag from /home/airflow/.local/lib/python3.12/site-packages/airflow/example_dags/example_skip_dag.py
[2025-03-16T19:08:21.891+0000] {processor.py:925} INFO - DAG(s) 'example_skip_dag' retrieved from /home/airflow/.local/lib/python3.12/site-packages/airflow/example_dags/example_skip_dag.py
[2025-03-16T19:08:21.919+0000] {logging_mixin.py:190} INFO - [2025-03-16T19:08:21.918+0000] {dag.py:3239} INFO - Sync 1 DAGs
[2025-03-16T19:08:21.946+0000] {logging_mixin.py:190} INFO - [2025-03-16T19:08:21.945+0000] {dag.py:4180} INFO - Setting next_dagrun for example_skip_dag to 2025-03-15 00:00:00+00:00, run_after=2025-03-16 00:00:00+00:00
[2025-03-16T19:08:21.974+0000] {processor.py:208} INFO - Processing /home/airflow/.local/lib/python3.12/site-packages/airflow/example_dags/example_skip_dag.py took 0.110 seconds
[2025-03-16T19:08:52.611+0000] {processor.py:186} INFO - Started process (PID=89071) to work on /home/airflow/.local/lib/python3.12/site-packages/airflow/example_dags/example_skip_dag.py
[2025-03-16T19:08:52.611+0000] {processor.py:914} INFO - Processing file /home/airflow/.local/lib/python3.12/site-packages/airflow/example_dags/example_skip_dag.py for tasks to queue
[2025-03-16T19:08:52.613+0000] {logging_mixin.py:190} INFO - [2025-03-16T19:08:52.612+0000] {dagbag.py:588} INFO - Filling up the DagBag from /home/airflow/.local/lib/python3.12/site-packages/airflow/example_dags/example_skip_dag.py
[2025-03-16T19:08:52.621+0000] {processor.py:925} INFO - DAG(s) 'example_skip_dag' retrieved from /home/airflow/.local/lib/python3.12/site-packages/airflow/example_dags/example_skip_dag.py
[2025-03-16T19:08:52.648+0000] {logging_mixin.py:190} INFO - [2025-03-16T19:08:52.647+0000] {dag.py:3239} INFO - Sync 1 DAGs
[2025-03-16T19:08:52.676+0000] {logging_mixin.py:190} INFO - [2025-03-16T19:08:52.676+0000] {dag.py:4180} INFO - Setting next_dagrun for example_skip_dag to 2025-03-15 00:00:00+00:00, run_after=2025-03-16 00:00:00+00:00
[2025-03-16T19:08:52.698+0000] {processor.py:208} INFO - Processing /home/airflow/.local/lib/python3.12/site-packages/airflow/example_dags/example_skip_dag.py took 0.092 seconds
[2025-03-16T19:09:23.167+0000] {processor.py:186} INFO - Started process (PID=89135) to work on /home/airflow/.local/lib/python3.12/site-packages/airflow/example_dags/example_skip_dag.py
[2025-03-16T19:09:23.168+0000] {processor.py:914} INFO - Processing file /home/airflow/.local/lib/python3.12/site-packages/airflow/example_dags/example_skip_dag.py for tasks to queue
[2025-03-16T19:09:23.169+0000] {logging_mixin.py:190} INFO - [2025-03-16T19:09:23.169+0000] {dagbag.py:588} INFO - Filling up the DagBag from /home/airflow/.local/lib/python3.12/site-packages/airflow/example_dags/example_skip_dag.py
[2025-03-16T19:09:23.177+0000] {processor.py:925} INFO - DAG(s) 'example_skip_dag' retrieved from /home/airflow/.local/lib/python3.12/site-packages/airflow/example_dags/example_skip_dag.py
[2025-03-16T19:09:23.200+0000] {logging_mixin.py:190} INFO - [2025-03-16T19:09:23.199+0000] {dag.py:3239} INFO - Sync 1 DAGs
[2025-03-16T19:09:23.222+0000] {logging_mixin.py:190} INFO - [2025-03-16T19:09:23.222+0000] {dag.py:4180} INFO - Setting next_dagrun for example_skip_dag to 2025-03-15 00:00:00+00:00, run_after=2025-03-16 00:00:00+00:00
[2025-03-16T19:09:23.245+0000] {processor.py:208} INFO - Processing /home/airflow/.local/lib/python3.12/site-packages/airflow/example_dags/example_skip_dag.py took 0.082 seconds
[2025-03-16T19:09:53.397+0000] {processor.py:186} INFO - Started process (PID=89199) to work on /home/airflow/.local/lib/python3.12/site-packages/airflow/example_dags/example_skip_dag.py
[2025-03-16T19:09:53.398+0000] {processor.py:914} INFO - Processing file /home/airflow/.local/lib/python3.12/site-packages/airflow/example_dags/example_skip_dag.py for tasks to queue
[2025-03-16T19:09:53.399+0000] {logging_mixin.py:190} INFO - [2025-03-16T19:09:53.399+0000] {dagbag.py:588} INFO - Filling up the DagBag from /home/airflow/.local/lib/python3.12/site-packages/airflow/example_dags/example_skip_dag.py
[2025-03-16T19:09:53.408+0000] {processor.py:925} INFO - DAG(s) 'example_skip_dag' retrieved from /home/airflow/.local/lib/python3.12/site-packages/airflow/example_dags/example_skip_dag.py
[2025-03-16T19:09:53.435+0000] {logging_mixin.py:190} INFO - [2025-03-16T19:09:53.435+0000] {dag.py:3239} INFO - Sync 1 DAGs
[2025-03-16T19:09:53.457+0000] {logging_mixin.py:190} INFO - [2025-03-16T19:09:53.457+0000] {dag.py:4180} INFO - Setting next_dagrun for example_skip_dag to 2025-03-15 00:00:00+00:00, run_after=2025-03-16 00:00:00+00:00
[2025-03-16T19:09:53.481+0000] {processor.py:208} INFO - Processing /home/airflow/.local/lib/python3.12/site-packages/airflow/example_dags/example_skip_dag.py took 0.089 seconds
[2025-03-16T19:10:24.414+0000] {processor.py:186} INFO - Started process (PID=89264) to work on /home/airflow/.local/lib/python3.12/site-packages/airflow/example_dags/example_skip_dag.py
[2025-03-16T19:10:24.415+0000] {processor.py:914} INFO - Processing file /home/airflow/.local/lib/python3.12/site-packages/airflow/example_dags/example_skip_dag.py for tasks to queue
[2025-03-16T19:10:24.417+0000] {logging_mixin.py:190} INFO - [2025-03-16T19:10:24.416+0000] {dagbag.py:588} INFO - Filling up the DagBag from /home/airflow/.local/lib/python3.12/site-packages/airflow/example_dags/example_skip_dag.py
[2025-03-16T19:10:24.426+0000] {processor.py:925} INFO - DAG(s) 'example_skip_dag' retrieved from /home/airflow/.local/lib/python3.12/site-packages/airflow/example_dags/example_skip_dag.py
[2025-03-16T19:10:24.456+0000] {logging_mixin.py:190} INFO - [2025-03-16T19:10:24.456+0000] {dag.py:3239} INFO - Sync 1 DAGs
[2025-03-16T19:10:24.482+0000] {logging_mixin.py:190} INFO - [2025-03-16T19:10:24.482+0000] {dag.py:4180} INFO - Setting next_dagrun for example_skip_dag to 2025-03-15 00:00:00+00:00, run_after=2025-03-16 00:00:00+00:00
[2025-03-16T19:10:24.506+0000] {processor.py:208} INFO - Processing /home/airflow/.local/lib/python3.12/site-packages/airflow/example_dags/example_skip_dag.py took 0.099 seconds
[2025-03-16T19:10:54.825+0000] {processor.py:186} INFO - Started process (PID=89334) to work on /home/airflow/.local/lib/python3.12/site-packages/airflow/example_dags/example_skip_dag.py
[2025-03-16T19:10:54.826+0000] {processor.py:914} INFO - Processing file /home/airflow/.local/lib/python3.12/site-packages/airflow/example_dags/example_skip_dag.py for tasks to queue
[2025-03-16T19:10:54.828+0000] {logging_mixin.py:190} INFO - [2025-03-16T19:10:54.827+0000] {dagbag.py:588} INFO - Filling up the DagBag from /home/airflow/.local/lib/python3.12/site-packages/airflow/example_dags/example_skip_dag.py
[2025-03-16T19:10:54.837+0000] {processor.py:925} INFO - DAG(s) 'example_skip_dag' retrieved from /home/airflow/.local/lib/python3.12/site-packages/airflow/example_dags/example_skip_dag.py
[2025-03-16T19:10:54.862+0000] {logging_mixin.py:190} INFO - [2025-03-16T19:10:54.861+0000] {dag.py:3239} INFO - Sync 1 DAGs
[2025-03-16T19:10:54.891+0000] {logging_mixin.py:190} INFO - [2025-03-16T19:10:54.891+0000] {dag.py:4180} INFO - Setting next_dagrun for example_skip_dag to 2025-03-15 00:00:00+00:00, run_after=2025-03-16 00:00:00+00:00
[2025-03-16T19:10:54.914+0000] {processor.py:208} INFO - Processing /home/airflow/.local/lib/python3.12/site-packages/airflow/example_dags/example_skip_dag.py took 0.094 seconds
[2025-03-16T19:11:25.255+0000] {processor.py:186} INFO - Started process (PID=89398) to work on /home/airflow/.local/lib/python3.12/site-packages/airflow/example_dags/example_skip_dag.py
[2025-03-16T19:11:25.256+0000] {processor.py:914} INFO - Processing file /home/airflow/.local/lib/python3.12/site-packages/airflow/example_dags/example_skip_dag.py for tasks to queue
[2025-03-16T19:11:25.258+0000] {logging_mixin.py:190} INFO - [2025-03-16T19:11:25.258+0000] {dagbag.py:588} INFO - Filling up the DagBag from /home/airflow/.local/lib/python3.12/site-packages/airflow/example_dags/example_skip_dag.py
[2025-03-16T19:11:25.266+0000] {processor.py:925} INFO - DAG(s) 'example_skip_dag' retrieved from /home/airflow/.local/lib/python3.12/site-packages/airflow/example_dags/example_skip_dag.py
[2025-03-16T19:11:25.288+0000] {logging_mixin.py:190} INFO - [2025-03-16T19:11:25.288+0000] {dag.py:3239} INFO - Sync 1 DAGs
[2025-03-16T19:11:25.312+0000] {logging_mixin.py:190} INFO - [2025-03-16T19:11:25.312+0000] {dag.py:4180} INFO - Setting next_dagrun for example_skip_dag to 2025-03-15 00:00:00+00:00, run_after=2025-03-16 00:00:00+00:00
[2025-03-16T19:11:25.339+0000] {processor.py:208} INFO - Processing /home/airflow/.local/lib/python3.12/site-packages/airflow/example_dags/example_skip_dag.py took 0.089 seconds
[2025-03-16T19:11:55.931+0000] {processor.py:186} INFO - Started process (PID=89462) to work on /home/airflow/.local/lib/python3.12/site-packages/airflow/example_dags/example_skip_dag.py
[2025-03-16T19:11:55.933+0000] {processor.py:914} INFO - Processing file /home/airflow/.local/lib/python3.12/site-packages/airflow/example_dags/example_skip_dag.py for tasks to queue
[2025-03-16T19:11:55.934+0000] {logging_mixin.py:190} INFO - [2025-03-16T19:11:55.934+0000] {dagbag.py:588} INFO - Filling up the DagBag from /home/airflow/.local/lib/python3.12/site-packages/airflow/example_dags/example_skip_dag.py
[2025-03-16T19:11:55.943+0000] {processor.py:925} INFO - DAG(s) 'example_skip_dag' retrieved from /home/airflow/.local/lib/python3.12/site-packages/airflow/example_dags/example_skip_dag.py
[2025-03-16T19:11:55.972+0000] {logging_mixin.py:190} INFO - [2025-03-16T19:11:55.972+0000] {dag.py:3239} INFO - Sync 1 DAGs
[2025-03-16T19:11:56.002+0000] {logging_mixin.py:190} INFO - [2025-03-16T19:11:56.002+0000] {dag.py:4180} INFO - Setting next_dagrun for example_skip_dag to 2025-03-15 00:00:00+00:00, run_after=2025-03-16 00:00:00+00:00
[2025-03-16T19:11:56.027+0000] {processor.py:208} INFO - Processing /home/airflow/.local/lib/python3.12/site-packages/airflow/example_dags/example_skip_dag.py took 0.102 seconds
[2025-03-16T19:12:26.850+0000] {processor.py:186} INFO - Started process (PID=89526) to work on /home/airflow/.local/lib/python3.12/site-packages/airflow/example_dags/example_skip_dag.py
[2025-03-16T19:12:26.851+0000] {processor.py:914} INFO - Processing file /home/airflow/.local/lib/python3.12/site-packages/airflow/example_dags/example_skip_dag.py for tasks to queue
[2025-03-16T19:12:26.854+0000] {logging_mixin.py:190} INFO - [2025-03-16T19:12:26.853+0000] {dagbag.py:588} INFO - Filling up the DagBag from /home/airflow/.local/lib/python3.12/site-packages/airflow/example_dags/example_skip_dag.py
[2025-03-16T19:12:26.861+0000] {processor.py:925} INFO - DAG(s) 'example_skip_dag' retrieved from /home/airflow/.local/lib/python3.12/site-packages/airflow/example_dags/example_skip_dag.py
[2025-03-16T19:12:26.885+0000] {logging_mixin.py:190} INFO - [2025-03-16T19:12:26.885+0000] {dag.py:3239} INFO - Sync 1 DAGs
[2025-03-16T19:12:26.910+0000] {logging_mixin.py:190} INFO - [2025-03-16T19:12:26.910+0000] {dag.py:4180} INFO - Setting next_dagrun for example_skip_dag to 2025-03-15 00:00:00+00:00, run_after=2025-03-16 00:00:00+00:00
[2025-03-16T19:12:26.935+0000] {processor.py:208} INFO - Processing /home/airflow/.local/lib/python3.12/site-packages/airflow/example_dags/example_skip_dag.py took 0.092 seconds
[2025-03-16T19:12:57.796+0000] {processor.py:186} INFO - Started process (PID=89592) to work on /home/airflow/.local/lib/python3.12/site-packages/airflow/example_dags/example_skip_dag.py
[2025-03-16T19:12:57.798+0000] {processor.py:914} INFO - Processing file /home/airflow/.local/lib/python3.12/site-packages/airflow/example_dags/example_skip_dag.py for tasks to queue
[2025-03-16T19:12:57.800+0000] {logging_mixin.py:190} INFO - [2025-03-16T19:12:57.799+0000] {dagbag.py:588} INFO - Filling up the DagBag from /home/airflow/.local/lib/python3.12/site-packages/airflow/example_dags/example_skip_dag.py
[2025-03-16T19:12:57.808+0000] {processor.py:925} INFO - DAG(s) 'example_skip_dag' retrieved from /home/airflow/.local/lib/python3.12/site-packages/airflow/example_dags/example_skip_dag.py
[2025-03-16T19:12:57.838+0000] {logging_mixin.py:190} INFO - [2025-03-16T19:12:57.837+0000] {dag.py:3239} INFO - Sync 1 DAGs
[2025-03-16T19:12:57.863+0000] {logging_mixin.py:190} INFO - [2025-03-16T19:12:57.863+0000] {dag.py:4180} INFO - Setting next_dagrun for example_skip_dag to 2025-03-15 00:00:00+00:00, run_after=2025-03-16 00:00:00+00:00
[2025-03-16T19:12:57.891+0000] {processor.py:208} INFO - Processing /home/airflow/.local/lib/python3.12/site-packages/airflow/example_dags/example_skip_dag.py took 0.100 seconds
[2025-03-16T19:13:28.234+0000] {processor.py:186} INFO - Started process (PID=89657) to work on /home/airflow/.local/lib/python3.12/site-packages/airflow/example_dags/example_skip_dag.py
[2025-03-16T19:13:28.236+0000] {processor.py:914} INFO - Processing file /home/airflow/.local/lib/python3.12/site-packages/airflow/example_dags/example_skip_dag.py for tasks to queue
[2025-03-16T19:13:28.237+0000] {logging_mixin.py:190} INFO - [2025-03-16T19:13:28.237+0000] {dagbag.py:588} INFO - Filling up the DagBag from /home/airflow/.local/lib/python3.12/site-packages/airflow/example_dags/example_skip_dag.py
[2025-03-16T19:13:28.248+0000] {processor.py:925} INFO - DAG(s) 'example_skip_dag' retrieved from /home/airflow/.local/lib/python3.12/site-packages/airflow/example_dags/example_skip_dag.py
[2025-03-16T19:13:28.275+0000] {logging_mixin.py:190} INFO - [2025-03-16T19:13:28.274+0000] {dag.py:3239} INFO - Sync 1 DAGs
[2025-03-16T19:13:28.308+0000] {logging_mixin.py:190} INFO - [2025-03-16T19:13:28.308+0000] {dag.py:4180} INFO - Setting next_dagrun for example_skip_dag to 2025-03-15 00:00:00+00:00, run_after=2025-03-16 00:00:00+00:00
[2025-03-16T19:13:28.350+0000] {processor.py:208} INFO - Processing /home/airflow/.local/lib/python3.12/site-packages/airflow/example_dags/example_skip_dag.py took 0.122 seconds
[2025-03-16T19:13:58.532+0000] {processor.py:186} INFO - Started process (PID=89721) to work on /home/airflow/.local/lib/python3.12/site-packages/airflow/example_dags/example_skip_dag.py
[2025-03-16T19:13:58.534+0000] {processor.py:914} INFO - Processing file /home/airflow/.local/lib/python3.12/site-packages/airflow/example_dags/example_skip_dag.py for tasks to queue
[2025-03-16T19:13:58.536+0000] {logging_mixin.py:190} INFO - [2025-03-16T19:13:58.535+0000] {dagbag.py:588} INFO - Filling up the DagBag from /home/airflow/.local/lib/python3.12/site-packages/airflow/example_dags/example_skip_dag.py
[2025-03-16T19:13:58.547+0000] {processor.py:925} INFO - DAG(s) 'example_skip_dag' retrieved from /home/airflow/.local/lib/python3.12/site-packages/airflow/example_dags/example_skip_dag.py
[2025-03-16T19:13:58.569+0000] {logging_mixin.py:190} INFO - [2025-03-16T19:13:58.568+0000] {dag.py:3239} INFO - Sync 1 DAGs
[2025-03-16T19:13:58.591+0000] {logging_mixin.py:190} INFO - [2025-03-16T19:13:58.590+0000] {dag.py:4180} INFO - Setting next_dagrun for example_skip_dag to 2025-03-15 00:00:00+00:00, run_after=2025-03-16 00:00:00+00:00
[2025-03-16T19:13:58.614+0000] {processor.py:208} INFO - Processing /home/airflow/.local/lib/python3.12/site-packages/airflow/example_dags/example_skip_dag.py took 0.087 seconds
[2025-03-16T19:14:28.917+0000] {processor.py:186} INFO - Started process (PID=89785) to work on /home/airflow/.local/lib/python3.12/site-packages/airflow/example_dags/example_skip_dag.py
[2025-03-16T19:14:28.919+0000] {processor.py:914} INFO - Processing file /home/airflow/.local/lib/python3.12/site-packages/airflow/example_dags/example_skip_dag.py for tasks to queue
[2025-03-16T19:14:28.921+0000] {logging_mixin.py:190} INFO - [2025-03-16T19:14:28.920+0000] {dagbag.py:588} INFO - Filling up the DagBag from /home/airflow/.local/lib/python3.12/site-packages/airflow/example_dags/example_skip_dag.py
[2025-03-16T19:14:28.931+0000] {processor.py:925} INFO - DAG(s) 'example_skip_dag' retrieved from /home/airflow/.local/lib/python3.12/site-packages/airflow/example_dags/example_skip_dag.py
[2025-03-16T19:14:28.962+0000] {logging_mixin.py:190} INFO - [2025-03-16T19:14:28.961+0000] {dag.py:3239} INFO - Sync 1 DAGs
[2025-03-16T19:14:28.995+0000] {logging_mixin.py:190} INFO - [2025-03-16T19:14:28.994+0000] {dag.py:4180} INFO - Setting next_dagrun for example_skip_dag to 2025-03-15 00:00:00+00:00, run_after=2025-03-16 00:00:00+00:00
[2025-03-16T19:14:29.024+0000] {processor.py:208} INFO - Processing /home/airflow/.local/lib/python3.12/site-packages/airflow/example_dags/example_skip_dag.py took 0.114 seconds
[2025-03-16T19:14:59.195+0000] {processor.py:186} INFO - Started process (PID=89849) to work on /home/airflow/.local/lib/python3.12/site-packages/airflow/example_dags/example_skip_dag.py
[2025-03-16T19:14:59.195+0000] {processor.py:914} INFO - Processing file /home/airflow/.local/lib/python3.12/site-packages/airflow/example_dags/example_skip_dag.py for tasks to queue
[2025-03-16T19:14:59.197+0000] {logging_mixin.py:190} INFO - [2025-03-16T19:14:59.196+0000] {dagbag.py:588} INFO - Filling up the DagBag from /home/airflow/.local/lib/python3.12/site-packages/airflow/example_dags/example_skip_dag.py
[2025-03-16T19:14:59.205+0000] {processor.py:925} INFO - DAG(s) 'example_skip_dag' retrieved from /home/airflow/.local/lib/python3.12/site-packages/airflow/example_dags/example_skip_dag.py
[2025-03-16T19:14:59.229+0000] {logging_mixin.py:190} INFO - [2025-03-16T19:14:59.228+0000] {dag.py:3239} INFO - Sync 1 DAGs
[2025-03-16T19:14:59.251+0000] {logging_mixin.py:190} INFO - [2025-03-16T19:14:59.250+0000] {dag.py:4180} INFO - Setting next_dagrun for example_skip_dag to 2025-03-15 00:00:00+00:00, run_after=2025-03-16 00:00:00+00:00
[2025-03-16T19:14:59.273+0000] {processor.py:208} INFO - Processing /home/airflow/.local/lib/python3.12/site-packages/airflow/example_dags/example_skip_dag.py took 0.084 seconds
[2025-03-16T19:15:30.098+0000] {processor.py:186} INFO - Started process (PID=89913) to work on /home/airflow/.local/lib/python3.12/site-packages/airflow/example_dags/example_skip_dag.py
[2025-03-16T19:15:30.099+0000] {processor.py:914} INFO - Processing file /home/airflow/.local/lib/python3.12/site-packages/airflow/example_dags/example_skip_dag.py for tasks to queue
[2025-03-16T19:15:30.101+0000] {logging_mixin.py:190} INFO - [2025-03-16T19:15:30.100+0000] {dagbag.py:588} INFO - Filling up the DagBag from /home/airflow/.local/lib/python3.12/site-packages/airflow/example_dags/example_skip_dag.py
[2025-03-16T19:15:30.110+0000] {processor.py:925} INFO - DAG(s) 'example_skip_dag' retrieved from /home/airflow/.local/lib/python3.12/site-packages/airflow/example_dags/example_skip_dag.py
[2025-03-16T19:15:30.139+0000] {logging_mixin.py:190} INFO - [2025-03-16T19:15:30.138+0000] {dag.py:3239} INFO - Sync 1 DAGs
[2025-03-16T19:15:30.173+0000] {logging_mixin.py:190} INFO - [2025-03-16T19:15:30.173+0000] {dag.py:4180} INFO - Setting next_dagrun for example_skip_dag to 2025-03-15 00:00:00+00:00, run_after=2025-03-16 00:00:00+00:00
[2025-03-16T19:15:30.204+0000] {processor.py:208} INFO - Processing /home/airflow/.local/lib/python3.12/site-packages/airflow/example_dags/example_skip_dag.py took 0.113 seconds
[2025-03-16T19:16:00.569+0000] {processor.py:186} INFO - Started process (PID=89977) to work on /home/airflow/.local/lib/python3.12/site-packages/airflow/example_dags/example_skip_dag.py
[2025-03-16T19:16:00.571+0000] {processor.py:914} INFO - Processing file /home/airflow/.local/lib/python3.12/site-packages/airflow/example_dags/example_skip_dag.py for tasks to queue
[2025-03-16T19:16:00.572+0000] {logging_mixin.py:190} INFO - [2025-03-16T19:16:00.572+0000] {dagbag.py:588} INFO - Filling up the DagBag from /home/airflow/.local/lib/python3.12/site-packages/airflow/example_dags/example_skip_dag.py
[2025-03-16T19:16:00.581+0000] {processor.py:925} INFO - DAG(s) 'example_skip_dag' retrieved from /home/airflow/.local/lib/python3.12/site-packages/airflow/example_dags/example_skip_dag.py
[2025-03-16T19:16:00.609+0000] {logging_mixin.py:190} INFO - [2025-03-16T19:16:00.609+0000] {dag.py:3239} INFO - Sync 1 DAGs
[2025-03-16T19:16:00.637+0000] {logging_mixin.py:190} INFO - [2025-03-16T19:16:00.637+0000] {dag.py:4180} INFO - Setting next_dagrun for example_skip_dag to 2025-03-15 00:00:00+00:00, run_after=2025-03-16 00:00:00+00:00
[2025-03-16T19:16:00.661+0000] {processor.py:208} INFO - Processing /home/airflow/.local/lib/python3.12/site-packages/airflow/example_dags/example_skip_dag.py took 0.099 seconds
[2025-03-16T19:16:31.003+0000] {processor.py:186} INFO - Started process (PID=90041) to work on /home/airflow/.local/lib/python3.12/site-packages/airflow/example_dags/example_skip_dag.py
[2025-03-16T19:16:31.005+0000] {processor.py:914} INFO - Processing file /home/airflow/.local/lib/python3.12/site-packages/airflow/example_dags/example_skip_dag.py for tasks to queue
[2025-03-16T19:16:31.006+0000] {logging_mixin.py:190} INFO - [2025-03-16T19:16:31.006+0000] {dagbag.py:588} INFO - Filling up the DagBag from /home/airflow/.local/lib/python3.12/site-packages/airflow/example_dags/example_skip_dag.py
[2025-03-16T19:16:31.014+0000] {processor.py:925} INFO - DAG(s) 'example_skip_dag' retrieved from /home/airflow/.local/lib/python3.12/site-packages/airflow/example_dags/example_skip_dag.py
[2025-03-16T19:16:31.042+0000] {logging_mixin.py:190} INFO - [2025-03-16T19:16:31.041+0000] {dag.py:3239} INFO - Sync 1 DAGs
[2025-03-16T19:16:31.082+0000] {logging_mixin.py:190} INFO - [2025-03-16T19:16:31.082+0000] {dag.py:4180} INFO - Setting next_dagrun for example_skip_dag to 2025-03-15 00:00:00+00:00, run_after=2025-03-16 00:00:00+00:00
[2025-03-16T19:16:31.109+0000] {processor.py:208} INFO - Processing /home/airflow/.local/lib/python3.12/site-packages/airflow/example_dags/example_skip_dag.py took 0.115 seconds
[2025-03-16T19:17:01.254+0000] {processor.py:186} INFO - Started process (PID=90105) to work on /home/airflow/.local/lib/python3.12/site-packages/airflow/example_dags/example_skip_dag.py
[2025-03-16T19:17:01.255+0000] {processor.py:914} INFO - Processing file /home/airflow/.local/lib/python3.12/site-packages/airflow/example_dags/example_skip_dag.py for tasks to queue
[2025-03-16T19:17:01.257+0000] {logging_mixin.py:190} INFO - [2025-03-16T19:17:01.256+0000] {dagbag.py:588} INFO - Filling up the DagBag from /home/airflow/.local/lib/python3.12/site-packages/airflow/example_dags/example_skip_dag.py
[2025-03-16T19:17:01.267+0000] {processor.py:925} INFO - DAG(s) 'example_skip_dag' retrieved from /home/airflow/.local/lib/python3.12/site-packages/airflow/example_dags/example_skip_dag.py
[2025-03-16T19:17:01.292+0000] {logging_mixin.py:190} INFO - [2025-03-16T19:17:01.292+0000] {dag.py:3239} INFO - Sync 1 DAGs
[2025-03-16T19:17:01.323+0000] {logging_mixin.py:190} INFO - [2025-03-16T19:17:01.323+0000] {dag.py:4180} INFO - Setting next_dagrun for example_skip_dag to 2025-03-15 00:00:00+00:00, run_after=2025-03-16 00:00:00+00:00
[2025-03-16T19:17:01.350+0000] {processor.py:208} INFO - Processing /home/airflow/.local/lib/python3.12/site-packages/airflow/example_dags/example_skip_dag.py took 0.104 seconds
[2025-03-16T19:17:31.604+0000] {processor.py:186} INFO - Started process (PID=90169) to work on /home/airflow/.local/lib/python3.12/site-packages/airflow/example_dags/example_skip_dag.py
[2025-03-16T19:17:31.606+0000] {processor.py:914} INFO - Processing file /home/airflow/.local/lib/python3.12/site-packages/airflow/example_dags/example_skip_dag.py for tasks to queue
[2025-03-16T19:17:31.607+0000] {logging_mixin.py:190} INFO - [2025-03-16T19:17:31.607+0000] {dagbag.py:588} INFO - Filling up the DagBag from /home/airflow/.local/lib/python3.12/site-packages/airflow/example_dags/example_skip_dag.py
[2025-03-16T19:17:31.619+0000] {processor.py:925} INFO - DAG(s) 'example_skip_dag' retrieved from /home/airflow/.local/lib/python3.12/site-packages/airflow/example_dags/example_skip_dag.py
[2025-03-16T19:17:31.651+0000] {logging_mixin.py:190} INFO - [2025-03-16T19:17:31.651+0000] {dag.py:3239} INFO - Sync 1 DAGs
[2025-03-16T19:17:31.679+0000] {logging_mixin.py:190} INFO - [2025-03-16T19:17:31.679+0000] {dag.py:4180} INFO - Setting next_dagrun for example_skip_dag to 2025-03-15 00:00:00+00:00, run_after=2025-03-16 00:00:00+00:00
[2025-03-16T19:17:31.708+0000] {processor.py:208} INFO - Processing /home/airflow/.local/lib/python3.12/site-packages/airflow/example_dags/example_skip_dag.py took 0.109 seconds
[2025-03-16T19:18:02.178+0000] {processor.py:186} INFO - Started process (PID=90233) to work on /home/airflow/.local/lib/python3.12/site-packages/airflow/example_dags/example_skip_dag.py
[2025-03-16T19:18:02.179+0000] {processor.py:914} INFO - Processing file /home/airflow/.local/lib/python3.12/site-packages/airflow/example_dags/example_skip_dag.py for tasks to queue
[2025-03-16T19:18:02.182+0000] {logging_mixin.py:190} INFO - [2025-03-16T19:18:02.181+0000] {dagbag.py:588} INFO - Filling up the DagBag from /home/airflow/.local/lib/python3.12/site-packages/airflow/example_dags/example_skip_dag.py
[2025-03-16T19:18:02.195+0000] {processor.py:925} INFO - DAG(s) 'example_skip_dag' retrieved from /home/airflow/.local/lib/python3.12/site-packages/airflow/example_dags/example_skip_dag.py
[2025-03-16T19:18:02.230+0000] {logging_mixin.py:190} INFO - [2025-03-16T19:18:02.230+0000] {dag.py:3239} INFO - Sync 1 DAGs
[2025-03-16T19:18:02.262+0000] {logging_mixin.py:190} INFO - [2025-03-16T19:18:02.262+0000] {dag.py:4180} INFO - Setting next_dagrun for example_skip_dag to 2025-03-15 00:00:00+00:00, run_after=2025-03-16 00:00:00+00:00
[2025-03-16T19:18:02.291+0000] {processor.py:208} INFO - Processing /home/airflow/.local/lib/python3.12/site-packages/airflow/example_dags/example_skip_dag.py took 0.120 seconds
[2025-03-16T19:18:32.481+0000] {processor.py:186} INFO - Started process (PID=90297) to work on /home/airflow/.local/lib/python3.12/site-packages/airflow/example_dags/example_skip_dag.py
[2025-03-16T19:18:32.483+0000] {processor.py:914} INFO - Processing file /home/airflow/.local/lib/python3.12/site-packages/airflow/example_dags/example_skip_dag.py for tasks to queue
[2025-03-16T19:18:32.485+0000] {logging_mixin.py:190} INFO - [2025-03-16T19:18:32.484+0000] {dagbag.py:588} INFO - Filling up the DagBag from /home/airflow/.local/lib/python3.12/site-packages/airflow/example_dags/example_skip_dag.py
[2025-03-16T19:18:32.496+0000] {processor.py:925} INFO - DAG(s) 'example_skip_dag' retrieved from /home/airflow/.local/lib/python3.12/site-packages/airflow/example_dags/example_skip_dag.py
[2025-03-16T19:18:32.531+0000] {logging_mixin.py:190} INFO - [2025-03-16T19:18:32.531+0000] {dag.py:3239} INFO - Sync 1 DAGs
[2025-03-16T19:18:32.567+0000] {logging_mixin.py:190} INFO - [2025-03-16T19:18:32.567+0000] {dag.py:4180} INFO - Setting next_dagrun for example_skip_dag to 2025-03-15 00:00:00+00:00, run_after=2025-03-16 00:00:00+00:00
[2025-03-16T19:18:32.600+0000] {processor.py:208} INFO - Processing /home/airflow/.local/lib/python3.12/site-packages/airflow/example_dags/example_skip_dag.py took 0.129 seconds
[2025-03-16T19:19:02.717+0000] {processor.py:186} INFO - Started process (PID=90361) to work on /home/airflow/.local/lib/python3.12/site-packages/airflow/example_dags/example_skip_dag.py
[2025-03-16T19:19:02.718+0000] {processor.py:914} INFO - Processing file /home/airflow/.local/lib/python3.12/site-packages/airflow/example_dags/example_skip_dag.py for tasks to queue
[2025-03-16T19:19:02.720+0000] {logging_mixin.py:190} INFO - [2025-03-16T19:19:02.719+0000] {dagbag.py:588} INFO - Filling up the DagBag from /home/airflow/.local/lib/python3.12/site-packages/airflow/example_dags/example_skip_dag.py
[2025-03-16T19:19:02.732+0000] {processor.py:925} INFO - DAG(s) 'example_skip_dag' retrieved from /home/airflow/.local/lib/python3.12/site-packages/airflow/example_dags/example_skip_dag.py
[2025-03-16T19:19:02.761+0000] {logging_mixin.py:190} INFO - [2025-03-16T19:19:02.761+0000] {dag.py:3239} INFO - Sync 1 DAGs
[2025-03-16T19:19:02.792+0000] {logging_mixin.py:190} INFO - [2025-03-16T19:19:02.792+0000] {dag.py:4180} INFO - Setting next_dagrun for example_skip_dag to 2025-03-15 00:00:00+00:00, run_after=2025-03-16 00:00:00+00:00
[2025-03-16T19:19:02.822+0000] {processor.py:208} INFO - Processing /home/airflow/.local/lib/python3.12/site-packages/airflow/example_dags/example_skip_dag.py took 0.113 seconds
[2025-03-16T19:19:33.730+0000] {processor.py:186} INFO - Started process (PID=90425) to work on /home/airflow/.local/lib/python3.12/site-packages/airflow/example_dags/example_skip_dag.py
[2025-03-16T19:19:33.731+0000] {processor.py:914} INFO - Processing file /home/airflow/.local/lib/python3.12/site-packages/airflow/example_dags/example_skip_dag.py for tasks to queue
[2025-03-16T19:19:33.734+0000] {logging_mixin.py:190} INFO - [2025-03-16T19:19:33.733+0000] {dagbag.py:588} INFO - Filling up the DagBag from /home/airflow/.local/lib/python3.12/site-packages/airflow/example_dags/example_skip_dag.py
[2025-03-16T19:19:33.747+0000] {processor.py:925} INFO - DAG(s) 'example_skip_dag' retrieved from /home/airflow/.local/lib/python3.12/site-packages/airflow/example_dags/example_skip_dag.py
[2025-03-16T19:19:33.779+0000] {logging_mixin.py:190} INFO - [2025-03-16T19:19:33.778+0000] {dag.py:3239} INFO - Sync 1 DAGs
[2025-03-16T19:19:33.813+0000] {logging_mixin.py:190} INFO - [2025-03-16T19:19:33.812+0000] {dag.py:4180} INFO - Setting next_dagrun for example_skip_dag to 2025-03-15 00:00:00+00:00, run_after=2025-03-16 00:00:00+00:00
[2025-03-16T19:19:33.841+0000] {processor.py:208} INFO - Processing /home/airflow/.local/lib/python3.12/site-packages/airflow/example_dags/example_skip_dag.py took 0.118 seconds
[2025-03-16T19:20:03.952+0000] {processor.py:186} INFO - Started process (PID=90489) to work on /home/airflow/.local/lib/python3.12/site-packages/airflow/example_dags/example_skip_dag.py
[2025-03-16T19:20:03.953+0000] {processor.py:914} INFO - Processing file /home/airflow/.local/lib/python3.12/site-packages/airflow/example_dags/example_skip_dag.py for tasks to queue
[2025-03-16T19:20:03.954+0000] {logging_mixin.py:190} INFO - [2025-03-16T19:20:03.954+0000] {dagbag.py:588} INFO - Filling up the DagBag from /home/airflow/.local/lib/python3.12/site-packages/airflow/example_dags/example_skip_dag.py
[2025-03-16T19:20:03.966+0000] {processor.py:925} INFO - DAG(s) 'example_skip_dag' retrieved from /home/airflow/.local/lib/python3.12/site-packages/airflow/example_dags/example_skip_dag.py
[2025-03-16T19:20:03.994+0000] {logging_mixin.py:190} INFO - [2025-03-16T19:20:03.993+0000] {dag.py:3239} INFO - Sync 1 DAGs
[2025-03-16T19:20:04.022+0000] {logging_mixin.py:190} INFO - [2025-03-16T19:20:04.021+0000] {dag.py:4180} INFO - Setting next_dagrun for example_skip_dag to 2025-03-15 00:00:00+00:00, run_after=2025-03-16 00:00:00+00:00
[2025-03-16T19:20:04.051+0000] {processor.py:208} INFO - Processing /home/airflow/.local/lib/python3.12/site-packages/airflow/example_dags/example_skip_dag.py took 0.106 seconds
[2025-03-16T19:20:34.357+0000] {processor.py:186} INFO - Started process (PID=90553) to work on /home/airflow/.local/lib/python3.12/site-packages/airflow/example_dags/example_skip_dag.py
[2025-03-16T19:20:34.358+0000] {processor.py:914} INFO - Processing file /home/airflow/.local/lib/python3.12/site-packages/airflow/example_dags/example_skip_dag.py for tasks to queue
[2025-03-16T19:20:34.361+0000] {logging_mixin.py:190} INFO - [2025-03-16T19:20:34.360+0000] {dagbag.py:588} INFO - Filling up the DagBag from /home/airflow/.local/lib/python3.12/site-packages/airflow/example_dags/example_skip_dag.py
[2025-03-16T19:20:34.374+0000] {processor.py:925} INFO - DAG(s) 'example_skip_dag' retrieved from /home/airflow/.local/lib/python3.12/site-packages/airflow/example_dags/example_skip_dag.py
[2025-03-16T19:20:34.408+0000] {logging_mixin.py:190} INFO - [2025-03-16T19:20:34.408+0000] {dag.py:3239} INFO - Sync 1 DAGs
[2025-03-16T19:20:34.441+0000] {logging_mixin.py:190} INFO - [2025-03-16T19:20:34.440+0000] {dag.py:4180} INFO - Setting next_dagrun for example_skip_dag to 2025-03-15 00:00:00+00:00, run_after=2025-03-16 00:00:00+00:00
[2025-03-16T19:20:34.473+0000] {processor.py:208} INFO - Processing /home/airflow/.local/lib/python3.12/site-packages/airflow/example_dags/example_skip_dag.py took 0.123 seconds
[2025-03-16T19:21:04.621+0000] {processor.py:186} INFO - Started process (PID=90617) to work on /home/airflow/.local/lib/python3.12/site-packages/airflow/example_dags/example_skip_dag.py
[2025-03-16T19:21:04.622+0000] {processor.py:914} INFO - Processing file /home/airflow/.local/lib/python3.12/site-packages/airflow/example_dags/example_skip_dag.py for tasks to queue
[2025-03-16T19:21:04.623+0000] {logging_mixin.py:190} INFO - [2025-03-16T19:21:04.623+0000] {dagbag.py:588} INFO - Filling up the DagBag from /home/airflow/.local/lib/python3.12/site-packages/airflow/example_dags/example_skip_dag.py
[2025-03-16T19:21:04.633+0000] {processor.py:925} INFO - DAG(s) 'example_skip_dag' retrieved from /home/airflow/.local/lib/python3.12/site-packages/airflow/example_dags/example_skip_dag.py
[2025-03-16T19:21:04.666+0000] {logging_mixin.py:190} INFO - [2025-03-16T19:21:04.666+0000] {dag.py:3239} INFO - Sync 1 DAGs
[2025-03-16T19:21:04.698+0000] {logging_mixin.py:190} INFO - [2025-03-16T19:21:04.698+0000] {dag.py:4180} INFO - Setting next_dagrun for example_skip_dag to 2025-03-15 00:00:00+00:00, run_after=2025-03-16 00:00:00+00:00
[2025-03-16T19:21:04.727+0000] {processor.py:208} INFO - Processing /home/airflow/.local/lib/python3.12/site-packages/airflow/example_dags/example_skip_dag.py took 0.113 seconds
[2025-03-16T19:21:35.054+0000] {processor.py:186} INFO - Started process (PID=90681) to work on /home/airflow/.local/lib/python3.12/site-packages/airflow/example_dags/example_skip_dag.py
[2025-03-16T19:21:35.057+0000] {processor.py:914} INFO - Processing file /home/airflow/.local/lib/python3.12/site-packages/airflow/example_dags/example_skip_dag.py for tasks to queue
[2025-03-16T19:21:35.060+0000] {logging_mixin.py:190} INFO - [2025-03-16T19:21:35.058+0000] {dagbag.py:588} INFO - Filling up the DagBag from /home/airflow/.local/lib/python3.12/site-packages/airflow/example_dags/example_skip_dag.py
[2025-03-16T19:21:35.070+0000] {processor.py:925} INFO - DAG(s) 'example_skip_dag' retrieved from /home/airflow/.local/lib/python3.12/site-packages/airflow/example_dags/example_skip_dag.py
[2025-03-16T19:21:35.105+0000] {logging_mixin.py:190} INFO - [2025-03-16T19:21:35.104+0000] {dag.py:3239} INFO - Sync 1 DAGs
[2025-03-16T19:21:35.136+0000] {logging_mixin.py:190} INFO - [2025-03-16T19:21:35.136+0000] {dag.py:4180} INFO - Setting next_dagrun for example_skip_dag to 2025-03-15 00:00:00+00:00, run_after=2025-03-16 00:00:00+00:00
[2025-03-16T19:21:35.167+0000] {processor.py:208} INFO - Processing /home/airflow/.local/lib/python3.12/site-packages/airflow/example_dags/example_skip_dag.py took 0.119 seconds
[2025-03-16T19:22:05.503+0000] {processor.py:186} INFO - Started process (PID=90745) to work on /home/airflow/.local/lib/python3.12/site-packages/airflow/example_dags/example_skip_dag.py
[2025-03-16T19:22:05.505+0000] {processor.py:914} INFO - Processing file /home/airflow/.local/lib/python3.12/site-packages/airflow/example_dags/example_skip_dag.py for tasks to queue
[2025-03-16T19:22:05.508+0000] {logging_mixin.py:190} INFO - [2025-03-16T19:22:05.508+0000] {dagbag.py:588} INFO - Filling up the DagBag from /home/airflow/.local/lib/python3.12/site-packages/airflow/example_dags/example_skip_dag.py
[2025-03-16T19:22:05.521+0000] {processor.py:925} INFO - DAG(s) 'example_skip_dag' retrieved from /home/airflow/.local/lib/python3.12/site-packages/airflow/example_dags/example_skip_dag.py
[2025-03-16T19:22:05.558+0000] {logging_mixin.py:190} INFO - [2025-03-16T19:22:05.558+0000] {dag.py:3239} INFO - Sync 1 DAGs
[2025-03-16T19:22:05.605+0000] {logging_mixin.py:190} INFO - [2025-03-16T19:22:05.605+0000] {dag.py:4180} INFO - Setting next_dagrun for example_skip_dag to 2025-03-15 00:00:00+00:00, run_after=2025-03-16 00:00:00+00:00
[2025-03-16T19:22:05.645+0000] {processor.py:208} INFO - Processing /home/airflow/.local/lib/python3.12/site-packages/airflow/example_dags/example_skip_dag.py took 0.150 seconds
[2025-03-16T19:22:36.061+0000] {processor.py:186} INFO - Started process (PID=90809) to work on /home/airflow/.local/lib/python3.12/site-packages/airflow/example_dags/example_skip_dag.py
[2025-03-16T19:22:36.063+0000] {processor.py:914} INFO - Processing file /home/airflow/.local/lib/python3.12/site-packages/airflow/example_dags/example_skip_dag.py for tasks to queue
[2025-03-16T19:22:36.065+0000] {logging_mixin.py:190} INFO - [2025-03-16T19:22:36.065+0000] {dagbag.py:588} INFO - Filling up the DagBag from /home/airflow/.local/lib/python3.12/site-packages/airflow/example_dags/example_skip_dag.py
[2025-03-16T19:22:36.085+0000] {processor.py:925} INFO - DAG(s) 'example_skip_dag' retrieved from /home/airflow/.local/lib/python3.12/site-packages/airflow/example_dags/example_skip_dag.py
[2025-03-16T19:22:36.129+0000] {logging_mixin.py:190} INFO - [2025-03-16T19:22:36.129+0000] {dag.py:3239} INFO - Sync 1 DAGs
[2025-03-16T19:22:36.178+0000] {logging_mixin.py:190} INFO - [2025-03-16T19:22:36.177+0000] {dag.py:4180} INFO - Setting next_dagrun for example_skip_dag to 2025-03-15 00:00:00+00:00, run_after=2025-03-16 00:00:00+00:00
[2025-03-16T19:22:36.226+0000] {processor.py:208} INFO - Processing /home/airflow/.local/lib/python3.12/site-packages/airflow/example_dags/example_skip_dag.py took 0.179 seconds
[2025-03-16T19:23:06.567+0000] {processor.py:186} INFO - Started process (PID=90873) to work on /home/airflow/.local/lib/python3.12/site-packages/airflow/example_dags/example_skip_dag.py
[2025-03-16T19:23:06.569+0000] {processor.py:914} INFO - Processing file /home/airflow/.local/lib/python3.12/site-packages/airflow/example_dags/example_skip_dag.py for tasks to queue
[2025-03-16T19:23:06.573+0000] {logging_mixin.py:190} INFO - [2025-03-16T19:23:06.571+0000] {dagbag.py:588} INFO - Filling up the DagBag from /home/airflow/.local/lib/python3.12/site-packages/airflow/example_dags/example_skip_dag.py
[2025-03-16T19:23:06.586+0000] {processor.py:925} INFO - DAG(s) 'example_skip_dag' retrieved from /home/airflow/.local/lib/python3.12/site-packages/airflow/example_dags/example_skip_dag.py
[2025-03-16T19:23:06.628+0000] {logging_mixin.py:190} INFO - [2025-03-16T19:23:06.628+0000] {dag.py:3239} INFO - Sync 1 DAGs
[2025-03-16T19:23:06.667+0000] {logging_mixin.py:190} INFO - [2025-03-16T19:23:06.667+0000] {dag.py:4180} INFO - Setting next_dagrun for example_skip_dag to 2025-03-15 00:00:00+00:00, run_after=2025-03-16 00:00:00+00:00
[2025-03-16T19:23:06.704+0000] {processor.py:208} INFO - Processing /home/airflow/.local/lib/python3.12/site-packages/airflow/example_dags/example_skip_dag.py took 0.145 seconds
[2025-03-16T19:23:36.985+0000] {processor.py:186} INFO - Started process (PID=90938) to work on /home/airflow/.local/lib/python3.12/site-packages/airflow/example_dags/example_skip_dag.py
[2025-03-16T19:23:36.987+0000] {processor.py:914} INFO - Processing file /home/airflow/.local/lib/python3.12/site-packages/airflow/example_dags/example_skip_dag.py for tasks to queue
[2025-03-16T19:23:36.989+0000] {logging_mixin.py:190} INFO - [2025-03-16T19:23:36.988+0000] {dagbag.py:588} INFO - Filling up the DagBag from /home/airflow/.local/lib/python3.12/site-packages/airflow/example_dags/example_skip_dag.py
[2025-03-16T19:23:37.008+0000] {processor.py:925} INFO - DAG(s) 'example_skip_dag' retrieved from /home/airflow/.local/lib/python3.12/site-packages/airflow/example_dags/example_skip_dag.py
[2025-03-16T19:23:37.050+0000] {logging_mixin.py:190} INFO - [2025-03-16T19:23:37.049+0000] {dag.py:3239} INFO - Sync 1 DAGs
[2025-03-16T19:23:37.093+0000] {logging_mixin.py:190} INFO - [2025-03-16T19:23:37.092+0000] {dag.py:4180} INFO - Setting next_dagrun for example_skip_dag to 2025-03-15 00:00:00+00:00, run_after=2025-03-16 00:00:00+00:00
[2025-03-16T19:23:37.135+0000] {processor.py:208} INFO - Processing /home/airflow/.local/lib/python3.12/site-packages/airflow/example_dags/example_skip_dag.py took 0.160 seconds
[2025-03-16T19:24:09.220+0000] {processor.py:186} INFO - Started process (PID=91006) to work on /home/airflow/.local/lib/python3.12/site-packages/airflow/example_dags/example_skip_dag.py
[2025-03-16T19:24:09.221+0000] {processor.py:914} INFO - Processing file /home/airflow/.local/lib/python3.12/site-packages/airflow/example_dags/example_skip_dag.py for tasks to queue
[2025-03-16T19:24:09.224+0000] {logging_mixin.py:190} INFO - [2025-03-16T19:24:09.223+0000] {dagbag.py:588} INFO - Filling up the DagBag from /home/airflow/.local/lib/python3.12/site-packages/airflow/example_dags/example_skip_dag.py
[2025-03-16T19:24:09.243+0000] {processor.py:925} INFO - DAG(s) 'example_skip_dag' retrieved from /home/airflow/.local/lib/python3.12/site-packages/airflow/example_dags/example_skip_dag.py
[2025-03-16T19:24:09.286+0000] {logging_mixin.py:190} INFO - [2025-03-16T19:24:09.285+0000] {dag.py:3239} INFO - Sync 1 DAGs
[2025-03-16T19:24:09.330+0000] {logging_mixin.py:190} INFO - [2025-03-16T19:24:09.328+0000] {dag.py:4180} INFO - Setting next_dagrun for example_skip_dag to 2025-03-15 00:00:00+00:00, run_after=2025-03-16 00:00:00+00:00
[2025-03-16T19:24:09.367+0000] {processor.py:208} INFO - Processing /home/airflow/.local/lib/python3.12/site-packages/airflow/example_dags/example_skip_dag.py took 0.159 seconds
[2025-03-16T19:24:41.642+0000] {processor.py:186} INFO - Started process (PID=91076) to work on /home/airflow/.local/lib/python3.12/site-packages/airflow/example_dags/example_skip_dag.py
[2025-03-16T19:24:41.644+0000] {processor.py:914} INFO - Processing file /home/airflow/.local/lib/python3.12/site-packages/airflow/example_dags/example_skip_dag.py for tasks to queue
[2025-03-16T19:24:41.646+0000] {logging_mixin.py:190} INFO - [2025-03-16T19:24:41.645+0000] {dagbag.py:588} INFO - Filling up the DagBag from /home/airflow/.local/lib/python3.12/site-packages/airflow/example_dags/example_skip_dag.py
[2025-03-16T19:24:41.664+0000] {processor.py:925} INFO - DAG(s) 'example_skip_dag' retrieved from /home/airflow/.local/lib/python3.12/site-packages/airflow/example_dags/example_skip_dag.py
[2025-03-16T19:24:41.709+0000] {logging_mixin.py:190} INFO - [2025-03-16T19:24:41.709+0000] {dag.py:3239} INFO - Sync 1 DAGs
[2025-03-16T19:24:41.761+0000] {logging_mixin.py:190} INFO - [2025-03-16T19:24:41.761+0000] {dag.py:4180} INFO - Setting next_dagrun for example_skip_dag to 2025-03-15 00:00:00+00:00, run_after=2025-03-16 00:00:00+00:00
[2025-03-16T19:24:41.799+0000] {processor.py:208} INFO - Processing /home/airflow/.local/lib/python3.12/site-packages/airflow/example_dags/example_skip_dag.py took 0.167 seconds
[2025-03-16T19:25:13.781+0000] {processor.py:186} INFO - Started process (PID=91140) to work on /home/airflow/.local/lib/python3.12/site-packages/airflow/example_dags/example_skip_dag.py
[2025-03-16T19:25:13.783+0000] {processor.py:914} INFO - Processing file /home/airflow/.local/lib/python3.12/site-packages/airflow/example_dags/example_skip_dag.py for tasks to queue
[2025-03-16T19:25:13.785+0000] {logging_mixin.py:190} INFO - [2025-03-16T19:25:13.785+0000] {dagbag.py:588} INFO - Filling up the DagBag from /home/airflow/.local/lib/python3.12/site-packages/airflow/example_dags/example_skip_dag.py
[2025-03-16T19:25:13.803+0000] {processor.py:925} INFO - DAG(s) 'example_skip_dag' retrieved from /home/airflow/.local/lib/python3.12/site-packages/airflow/example_dags/example_skip_dag.py
[2025-03-16T19:25:13.845+0000] {logging_mixin.py:190} INFO - [2025-03-16T19:25:13.845+0000] {dag.py:3239} INFO - Sync 1 DAGs
[2025-03-16T19:25:13.887+0000] {logging_mixin.py:190} INFO - [2025-03-16T19:25:13.886+0000] {dag.py:4180} INFO - Setting next_dagrun for example_skip_dag to 2025-03-15 00:00:00+00:00, run_after=2025-03-16 00:00:00+00:00
[2025-03-16T19:25:13.928+0000] {processor.py:208} INFO - Processing /home/airflow/.local/lib/python3.12/site-packages/airflow/example_dags/example_skip_dag.py took 0.159 seconds
[2025-03-16T19:25:45.245+0000] {processor.py:186} INFO - Started process (PID=91206) to work on /home/airflow/.local/lib/python3.12/site-packages/airflow/example_dags/example_skip_dag.py
[2025-03-16T19:25:45.246+0000] {processor.py:914} INFO - Processing file /home/airflow/.local/lib/python3.12/site-packages/airflow/example_dags/example_skip_dag.py for tasks to queue
[2025-03-16T19:25:45.249+0000] {logging_mixin.py:190} INFO - [2025-03-16T19:25:45.248+0000] {dagbag.py:588} INFO - Filling up the DagBag from /home/airflow/.local/lib/python3.12/site-packages/airflow/example_dags/example_skip_dag.py
[2025-03-16T19:25:45.264+0000] {processor.py:925} INFO - DAG(s) 'example_skip_dag' retrieved from /home/airflow/.local/lib/python3.12/site-packages/airflow/example_dags/example_skip_dag.py
[2025-03-16T19:25:45.307+0000] {logging_mixin.py:190} INFO - [2025-03-16T19:25:45.306+0000] {dag.py:3239} INFO - Sync 1 DAGs
[2025-03-16T19:25:45.355+0000] {logging_mixin.py:190} INFO - [2025-03-16T19:25:45.355+0000] {dag.py:4180} INFO - Setting next_dagrun for example_skip_dag to 2025-03-15 00:00:00+00:00, run_after=2025-03-16 00:00:00+00:00
[2025-03-16T19:25:45.399+0000] {processor.py:208} INFO - Processing /home/airflow/.local/lib/python3.12/site-packages/airflow/example_dags/example_skip_dag.py took 0.167 seconds
[2025-03-16T19:26:16.762+0000] {processor.py:186} INFO - Started process (PID=91273) to work on /home/airflow/.local/lib/python3.12/site-packages/airflow/example_dags/example_skip_dag.py
[2025-03-16T19:26:16.764+0000] {processor.py:914} INFO - Processing file /home/airflow/.local/lib/python3.12/site-packages/airflow/example_dags/example_skip_dag.py for tasks to queue
[2025-03-16T19:26:16.766+0000] {logging_mixin.py:190} INFO - [2025-03-16T19:26:16.766+0000] {dagbag.py:588} INFO - Filling up the DagBag from /home/airflow/.local/lib/python3.12/site-packages/airflow/example_dags/example_skip_dag.py
[2025-03-16T19:26:16.781+0000] {processor.py:925} INFO - DAG(s) 'example_skip_dag' retrieved from /home/airflow/.local/lib/python3.12/site-packages/airflow/example_dags/example_skip_dag.py
[2025-03-16T19:26:16.821+0000] {logging_mixin.py:190} INFO - [2025-03-16T19:26:16.820+0000] {dag.py:3239} INFO - Sync 1 DAGs
[2025-03-16T19:26:16.863+0000] {logging_mixin.py:190} INFO - [2025-03-16T19:26:16.863+0000] {dag.py:4180} INFO - Setting next_dagrun for example_skip_dag to 2025-03-15 00:00:00+00:00, run_after=2025-03-16 00:00:00+00:00
[2025-03-16T19:26:16.898+0000] {processor.py:208} INFO - Processing /home/airflow/.local/lib/python3.12/site-packages/airflow/example_dags/example_skip_dag.py took 0.147 seconds
[2025-03-16T19:26:48.009+0000] {processor.py:186} INFO - Started process (PID=91339) to work on /home/airflow/.local/lib/python3.12/site-packages/airflow/example_dags/example_skip_dag.py
[2025-03-16T19:26:48.011+0000] {processor.py:914} INFO - Processing file /home/airflow/.local/lib/python3.12/site-packages/airflow/example_dags/example_skip_dag.py for tasks to queue
[2025-03-16T19:26:48.012+0000] {logging_mixin.py:190} INFO - [2025-03-16T19:26:48.012+0000] {dagbag.py:588} INFO - Filling up the DagBag from /home/airflow/.local/lib/python3.12/site-packages/airflow/example_dags/example_skip_dag.py
[2025-03-16T19:26:48.024+0000] {processor.py:925} INFO - DAG(s) 'example_skip_dag' retrieved from /home/airflow/.local/lib/python3.12/site-packages/airflow/example_dags/example_skip_dag.py
[2025-03-16T19:26:48.058+0000] {logging_mixin.py:190} INFO - [2025-03-16T19:26:48.057+0000] {dag.py:3239} INFO - Sync 1 DAGs
[2025-03-16T19:26:48.094+0000] {logging_mixin.py:190} INFO - [2025-03-16T19:26:48.094+0000] {dag.py:4180} INFO - Setting next_dagrun for example_skip_dag to 2025-03-15 00:00:00+00:00, run_after=2025-03-16 00:00:00+00:00
[2025-03-16T19:26:48.125+0000] {processor.py:208} INFO - Processing /home/airflow/.local/lib/python3.12/site-packages/airflow/example_dags/example_skip_dag.py took 0.127 seconds
[2025-03-16T19:27:19.314+0000] {processor.py:186} INFO - Started process (PID=91405) to work on /home/airflow/.local/lib/python3.12/site-packages/airflow/example_dags/example_skip_dag.py
[2025-03-16T19:27:19.316+0000] {processor.py:914} INFO - Processing file /home/airflow/.local/lib/python3.12/site-packages/airflow/example_dags/example_skip_dag.py for tasks to queue
[2025-03-16T19:27:19.318+0000] {logging_mixin.py:190} INFO - [2025-03-16T19:27:19.318+0000] {dagbag.py:588} INFO - Filling up the DagBag from /home/airflow/.local/lib/python3.12/site-packages/airflow/example_dags/example_skip_dag.py
[2025-03-16T19:27:19.333+0000] {processor.py:925} INFO - DAG(s) 'example_skip_dag' retrieved from /home/airflow/.local/lib/python3.12/site-packages/airflow/example_dags/example_skip_dag.py
[2025-03-16T19:27:19.371+0000] {logging_mixin.py:190} INFO - [2025-03-16T19:27:19.371+0000] {dag.py:3239} INFO - Sync 1 DAGs
[2025-03-16T19:27:19.406+0000] {logging_mixin.py:190} INFO - [2025-03-16T19:27:19.406+0000] {dag.py:4180} INFO - Setting next_dagrun for example_skip_dag to 2025-03-15 00:00:00+00:00, run_after=2025-03-16 00:00:00+00:00
[2025-03-16T19:27:19.439+0000] {processor.py:208} INFO - Processing /home/airflow/.local/lib/python3.12/site-packages/airflow/example_dags/example_skip_dag.py took 0.132 seconds
[2025-03-16T19:27:51.412+0000] {processor.py:186} INFO - Started process (PID=91468) to work on /home/airflow/.local/lib/python3.12/site-packages/airflow/example_dags/example_skip_dag.py
[2025-03-16T19:27:51.415+0000] {processor.py:914} INFO - Processing file /home/airflow/.local/lib/python3.12/site-packages/airflow/example_dags/example_skip_dag.py for tasks to queue
[2025-03-16T19:27:51.418+0000] {logging_mixin.py:190} INFO - [2025-03-16T19:27:51.417+0000] {dagbag.py:588} INFO - Filling up the DagBag from /home/airflow/.local/lib/python3.12/site-packages/airflow/example_dags/example_skip_dag.py
[2025-03-16T19:27:51.433+0000] {processor.py:925} INFO - DAG(s) 'example_skip_dag' retrieved from /home/airflow/.local/lib/python3.12/site-packages/airflow/example_dags/example_skip_dag.py
[2025-03-16T19:27:51.473+0000] {logging_mixin.py:190} INFO - [2025-03-16T19:27:51.473+0000] {dag.py:3239} INFO - Sync 1 DAGs
[2025-03-16T19:27:51.519+0000] {logging_mixin.py:190} INFO - [2025-03-16T19:27:51.518+0000] {dag.py:4180} INFO - Setting next_dagrun for example_skip_dag to 2025-03-15 00:00:00+00:00, run_after=2025-03-16 00:00:00+00:00
[2025-03-16T19:27:51.553+0000] {processor.py:208} INFO - Processing /home/airflow/.local/lib/python3.12/site-packages/airflow/example_dags/example_skip_dag.py took 0.151 seconds
[2025-03-16T19:28:23.868+0000] {processor.py:186} INFO - Started process (PID=91533) to work on /home/airflow/.local/lib/python3.12/site-packages/airflow/example_dags/example_skip_dag.py
[2025-03-16T19:28:23.870+0000] {processor.py:914} INFO - Processing file /home/airflow/.local/lib/python3.12/site-packages/airflow/example_dags/example_skip_dag.py for tasks to queue
[2025-03-16T19:28:23.873+0000] {logging_mixin.py:190} INFO - [2025-03-16T19:28:23.873+0000] {dagbag.py:588} INFO - Filling up the DagBag from /home/airflow/.local/lib/python3.12/site-packages/airflow/example_dags/example_skip_dag.py
[2025-03-16T19:28:23.887+0000] {processor.py:925} INFO - DAG(s) 'example_skip_dag' retrieved from /home/airflow/.local/lib/python3.12/site-packages/airflow/example_dags/example_skip_dag.py
[2025-03-16T19:28:23.929+0000] {logging_mixin.py:190} INFO - [2025-03-16T19:28:23.929+0000] {dag.py:3239} INFO - Sync 1 DAGs
[2025-03-16T19:28:24.244+0000] {logging_mixin.py:190} INFO - [2025-03-16T19:28:24.244+0000] {dag.py:4180} INFO - Setting next_dagrun for example_skip_dag to 2025-03-15 00:00:00+00:00, run_after=2025-03-16 00:00:00+00:00
[2025-03-16T19:28:24.278+0000] {processor.py:208} INFO - Processing /home/airflow/.local/lib/python3.12/site-packages/airflow/example_dags/example_skip_dag.py took 0.419 seconds
[2025-03-16T19:28:55.215+0000] {processor.py:186} INFO - Started process (PID=91597) to work on /home/airflow/.local/lib/python3.12/site-packages/airflow/example_dags/example_skip_dag.py
[2025-03-16T19:28:55.216+0000] {processor.py:914} INFO - Processing file /home/airflow/.local/lib/python3.12/site-packages/airflow/example_dags/example_skip_dag.py for tasks to queue
[2025-03-16T19:28:55.218+0000] {logging_mixin.py:190} INFO - [2025-03-16T19:28:55.218+0000] {dagbag.py:588} INFO - Filling up the DagBag from /home/airflow/.local/lib/python3.12/site-packages/airflow/example_dags/example_skip_dag.py
[2025-03-16T19:28:55.235+0000] {processor.py:925} INFO - DAG(s) 'example_skip_dag' retrieved from /home/airflow/.local/lib/python3.12/site-packages/airflow/example_dags/example_skip_dag.py
[2025-03-16T19:28:55.272+0000] {logging_mixin.py:190} INFO - [2025-03-16T19:28:55.272+0000] {dag.py:3239} INFO - Sync 1 DAGs
[2025-03-16T19:28:55.313+0000] {logging_mixin.py:190} INFO - [2025-03-16T19:28:55.312+0000] {dag.py:4180} INFO - Setting next_dagrun for example_skip_dag to 2025-03-15 00:00:00+00:00, run_after=2025-03-16 00:00:00+00:00
[2025-03-16T19:28:55.634+0000] {processor.py:208} INFO - Processing /home/airflow/.local/lib/python3.12/site-packages/airflow/example_dags/example_skip_dag.py took 0.432 seconds
[2025-03-16T19:29:26.038+0000] {processor.py:186} INFO - Started process (PID=91661) to work on /home/airflow/.local/lib/python3.12/site-packages/airflow/example_dags/example_skip_dag.py
[2025-03-16T19:29:26.041+0000] {processor.py:914} INFO - Processing file /home/airflow/.local/lib/python3.12/site-packages/airflow/example_dags/example_skip_dag.py for tasks to queue
[2025-03-16T19:29:26.043+0000] {logging_mixin.py:190} INFO - [2025-03-16T19:29:26.043+0000] {dagbag.py:588} INFO - Filling up the DagBag from /home/airflow/.local/lib/python3.12/site-packages/airflow/example_dags/example_skip_dag.py
[2025-03-16T19:29:26.061+0000] {processor.py:925} INFO - DAG(s) 'example_skip_dag' retrieved from /home/airflow/.local/lib/python3.12/site-packages/airflow/example_dags/example_skip_dag.py
[2025-03-16T19:29:26.104+0000] {logging_mixin.py:190} INFO - [2025-03-16T19:29:26.104+0000] {dag.py:3239} INFO - Sync 1 DAGs
[2025-03-16T19:29:26.148+0000] {logging_mixin.py:190} INFO - [2025-03-16T19:29:26.148+0000] {dag.py:4180} INFO - Setting next_dagrun for example_skip_dag to 2025-03-15 00:00:00+00:00, run_after=2025-03-16 00:00:00+00:00
[2025-03-16T19:29:26.192+0000] {processor.py:208} INFO - Processing /home/airflow/.local/lib/python3.12/site-packages/airflow/example_dags/example_skip_dag.py took 0.165 seconds
[2025-03-16T19:29:58.722+0000] {processor.py:186} INFO - Started process (PID=91731) to work on /home/airflow/.local/lib/python3.12/site-packages/airflow/example_dags/example_skip_dag.py
[2025-03-16T19:29:58.724+0000] {processor.py:914} INFO - Processing file /home/airflow/.local/lib/python3.12/site-packages/airflow/example_dags/example_skip_dag.py for tasks to queue
[2025-03-16T19:29:58.727+0000] {logging_mixin.py:190} INFO - [2025-03-16T19:29:58.726+0000] {dagbag.py:588} INFO - Filling up the DagBag from /home/airflow/.local/lib/python3.12/site-packages/airflow/example_dags/example_skip_dag.py
[2025-03-16T19:29:59.027+0000] {processor.py:925} INFO - DAG(s) 'example_skip_dag' retrieved from /home/airflow/.local/lib/python3.12/site-packages/airflow/example_dags/example_skip_dag.py
[2025-03-16T19:29:59.085+0000] {logging_mixin.py:190} INFO - [2025-03-16T19:29:59.085+0000] {dag.py:3239} INFO - Sync 1 DAGs
[2025-03-16T19:29:59.137+0000] {logging_mixin.py:190} INFO - [2025-03-16T19:29:59.137+0000] {dag.py:4180} INFO - Setting next_dagrun for example_skip_dag to 2025-03-15 00:00:00+00:00, run_after=2025-03-16 00:00:00+00:00
[2025-03-16T19:29:59.175+0000] {processor.py:208} INFO - Processing /home/airflow/.local/lib/python3.12/site-packages/airflow/example_dags/example_skip_dag.py took 0.463 seconds
[2025-03-16T19:30:29.647+0000] {processor.py:186} INFO - Started process (PID=91795) to work on /home/airflow/.local/lib/python3.12/site-packages/airflow/example_dags/example_skip_dag.py
[2025-03-16T19:30:29.649+0000] {processor.py:914} INFO - Processing file /home/airflow/.local/lib/python3.12/site-packages/airflow/example_dags/example_skip_dag.py for tasks to queue
[2025-03-16T19:30:29.652+0000] {logging_mixin.py:190} INFO - [2025-03-16T19:30:29.651+0000] {dagbag.py:588} INFO - Filling up the DagBag from /home/airflow/.local/lib/python3.12/site-packages/airflow/example_dags/example_skip_dag.py
[2025-03-16T19:30:29.668+0000] {processor.py:925} INFO - DAG(s) 'example_skip_dag' retrieved from /home/airflow/.local/lib/python3.12/site-packages/airflow/example_dags/example_skip_dag.py
[2025-03-16T19:30:29.705+0000] {logging_mixin.py:190} INFO - [2025-03-16T19:30:29.705+0000] {dag.py:3239} INFO - Sync 1 DAGs
[2025-03-16T19:30:29.753+0000] {logging_mixin.py:190} INFO - [2025-03-16T19:30:29.752+0000] {dag.py:4180} INFO - Setting next_dagrun for example_skip_dag to 2025-03-15 00:00:00+00:00, run_after=2025-03-16 00:00:00+00:00
[2025-03-16T19:30:29.789+0000] {processor.py:208} INFO - Processing /home/airflow/.local/lib/python3.12/site-packages/airflow/example_dags/example_skip_dag.py took 0.152 seconds
[2025-03-16T19:31:00.293+0000] {processor.py:186} INFO - Started process (PID=91858) to work on /home/airflow/.local/lib/python3.12/site-packages/airflow/example_dags/example_skip_dag.py
[2025-03-16T19:31:00.295+0000] {processor.py:914} INFO - Processing file /home/airflow/.local/lib/python3.12/site-packages/airflow/example_dags/example_skip_dag.py for tasks to queue
[2025-03-16T19:31:00.307+0000] {logging_mixin.py:190} INFO - [2025-03-16T19:31:00.306+0000] {dagbag.py:588} INFO - Filling up the DagBag from /home/airflow/.local/lib/python3.12/site-packages/airflow/example_dags/example_skip_dag.py
[2025-03-16T19:31:00.327+0000] {processor.py:925} INFO - DAG(s) 'example_skip_dag' retrieved from /home/airflow/.local/lib/python3.12/site-packages/airflow/example_dags/example_skip_dag.py
[2025-03-16T19:31:00.375+0000] {logging_mixin.py:190} INFO - [2025-03-16T19:31:00.375+0000] {dag.py:3239} INFO - Sync 1 DAGs
[2025-03-16T19:31:00.417+0000] {logging_mixin.py:190} INFO - [2025-03-16T19:31:00.417+0000] {dag.py:4180} INFO - Setting next_dagrun for example_skip_dag to 2025-03-15 00:00:00+00:00, run_after=2025-03-16 00:00:00+00:00
[2025-03-16T19:31:00.451+0000] {processor.py:208} INFO - Processing /home/airflow/.local/lib/python3.12/site-packages/airflow/example_dags/example_skip_dag.py took 0.168 seconds
[2025-03-16T19:31:31.061+0000] {processor.py:186} INFO - Started process (PID=91922) to work on /home/airflow/.local/lib/python3.12/site-packages/airflow/example_dags/example_skip_dag.py
[2025-03-16T19:31:31.063+0000] {processor.py:914} INFO - Processing file /home/airflow/.local/lib/python3.12/site-packages/airflow/example_dags/example_skip_dag.py for tasks to queue
[2025-03-16T19:31:31.066+0000] {logging_mixin.py:190} INFO - [2025-03-16T19:31:31.065+0000] {dagbag.py:588} INFO - Filling up the DagBag from /home/airflow/.local/lib/python3.12/site-packages/airflow/example_dags/example_skip_dag.py
[2025-03-16T19:31:31.082+0000] {processor.py:925} INFO - DAG(s) 'example_skip_dag' retrieved from /home/airflow/.local/lib/python3.12/site-packages/airflow/example_dags/example_skip_dag.py
[2025-03-16T19:31:31.121+0000] {logging_mixin.py:190} INFO - [2025-03-16T19:31:31.120+0000] {dag.py:3239} INFO - Sync 1 DAGs
[2025-03-16T19:31:31.162+0000] {logging_mixin.py:190} INFO - [2025-03-16T19:31:31.162+0000] {dag.py:4180} INFO - Setting next_dagrun for example_skip_dag to 2025-03-15 00:00:00+00:00, run_after=2025-03-16 00:00:00+00:00
[2025-03-16T19:31:31.196+0000] {processor.py:208} INFO - Processing /home/airflow/.local/lib/python3.12/site-packages/airflow/example_dags/example_skip_dag.py took 0.145 seconds
[2025-03-16T19:32:01.994+0000] {processor.py:186} INFO - Started process (PID=91986) to work on /home/airflow/.local/lib/python3.12/site-packages/airflow/example_dags/example_skip_dag.py
[2025-03-16T19:32:01.997+0000] {processor.py:914} INFO - Processing file /home/airflow/.local/lib/python3.12/site-packages/airflow/example_dags/example_skip_dag.py for tasks to queue
[2025-03-16T19:32:02.016+0000] {logging_mixin.py:190} INFO - [2025-03-16T19:32:02.013+0000] {dagbag.py:588} INFO - Filling up the DagBag from /home/airflow/.local/lib/python3.12/site-packages/airflow/example_dags/example_skip_dag.py
[2025-03-16T19:32:02.040+0000] {processor.py:925} INFO - DAG(s) 'example_skip_dag' retrieved from /home/airflow/.local/lib/python3.12/site-packages/airflow/example_dags/example_skip_dag.py
[2025-03-16T19:32:02.087+0000] {logging_mixin.py:190} INFO - [2025-03-16T19:32:02.086+0000] {dag.py:3239} INFO - Sync 1 DAGs
[2025-03-16T19:32:02.127+0000] {logging_mixin.py:190} INFO - [2025-03-16T19:32:02.127+0000] {dag.py:4180} INFO - Setting next_dagrun for example_skip_dag to 2025-03-15 00:00:00+00:00, run_after=2025-03-16 00:00:00+00:00
[2025-03-16T19:32:02.162+0000] {processor.py:208} INFO - Processing /home/airflow/.local/lib/python3.12/site-packages/airflow/example_dags/example_skip_dag.py took 0.181 seconds
[2025-03-16T19:32:32.401+0000] {processor.py:186} INFO - Started process (PID=92050) to work on /home/airflow/.local/lib/python3.12/site-packages/airflow/example_dags/example_skip_dag.py
[2025-03-16T19:32:32.403+0000] {processor.py:914} INFO - Processing file /home/airflow/.local/lib/python3.12/site-packages/airflow/example_dags/example_skip_dag.py for tasks to queue
[2025-03-16T19:32:32.405+0000] {logging_mixin.py:190} INFO - [2025-03-16T19:32:32.404+0000] {dagbag.py:588} INFO - Filling up the DagBag from /home/airflow/.local/lib/python3.12/site-packages/airflow/example_dags/example_skip_dag.py
[2025-03-16T19:32:32.421+0000] {processor.py:925} INFO - DAG(s) 'example_skip_dag' retrieved from /home/airflow/.local/lib/python3.12/site-packages/airflow/example_dags/example_skip_dag.py
[2025-03-16T19:32:32.461+0000] {logging_mixin.py:190} INFO - [2025-03-16T19:32:32.461+0000] {dag.py:3239} INFO - Sync 1 DAGs
[2025-03-16T19:32:32.504+0000] {logging_mixin.py:190} INFO - [2025-03-16T19:32:32.504+0000] {dag.py:4180} INFO - Setting next_dagrun for example_skip_dag to 2025-03-15 00:00:00+00:00, run_after=2025-03-16 00:00:00+00:00
[2025-03-16T19:32:32.538+0000] {processor.py:208} INFO - Processing /home/airflow/.local/lib/python3.12/site-packages/airflow/example_dags/example_skip_dag.py took 0.150 seconds
[2025-03-16T19:33:02.780+0000] {processor.py:186} INFO - Started process (PID=92113) to work on /home/airflow/.local/lib/python3.12/site-packages/airflow/example_dags/example_skip_dag.py
[2025-03-16T19:33:02.782+0000] {processor.py:914} INFO - Processing file /home/airflow/.local/lib/python3.12/site-packages/airflow/example_dags/example_skip_dag.py for tasks to queue
[2025-03-16T19:33:02.784+0000] {logging_mixin.py:190} INFO - [2025-03-16T19:33:02.783+0000] {dagbag.py:588} INFO - Filling up the DagBag from /home/airflow/.local/lib/python3.12/site-packages/airflow/example_dags/example_skip_dag.py
[2025-03-16T19:33:02.799+0000] {processor.py:925} INFO - DAG(s) 'example_skip_dag' retrieved from /home/airflow/.local/lib/python3.12/site-packages/airflow/example_dags/example_skip_dag.py
[2025-03-16T19:33:02.837+0000] {logging_mixin.py:190} INFO - [2025-03-16T19:33:02.837+0000] {dag.py:3239} INFO - Sync 1 DAGs
[2025-03-16T19:33:02.875+0000] {logging_mixin.py:190} INFO - [2025-03-16T19:33:02.875+0000] {dag.py:4180} INFO - Setting next_dagrun for example_skip_dag to 2025-03-15 00:00:00+00:00, run_after=2025-03-16 00:00:00+00:00
[2025-03-16T19:33:02.911+0000] {processor.py:208} INFO - Processing /home/airflow/.local/lib/python3.12/site-packages/airflow/example_dags/example_skip_dag.py took 0.142 seconds
[2025-03-16T19:33:33.189+0000] {processor.py:186} INFO - Started process (PID=92177) to work on /home/airflow/.local/lib/python3.12/site-packages/airflow/example_dags/example_skip_dag.py
[2025-03-16T19:33:33.191+0000] {processor.py:914} INFO - Processing file /home/airflow/.local/lib/python3.12/site-packages/airflow/example_dags/example_skip_dag.py for tasks to queue
[2025-03-16T19:33:33.193+0000] {logging_mixin.py:190} INFO - [2025-03-16T19:33:33.192+0000] {dagbag.py:588} INFO - Filling up the DagBag from /home/airflow/.local/lib/python3.12/site-packages/airflow/example_dags/example_skip_dag.py
[2025-03-16T19:33:33.210+0000] {processor.py:925} INFO - DAG(s) 'example_skip_dag' retrieved from /home/airflow/.local/lib/python3.12/site-packages/airflow/example_dags/example_skip_dag.py
[2025-03-16T19:33:33.251+0000] {logging_mixin.py:190} INFO - [2025-03-16T19:33:33.250+0000] {dag.py:3239} INFO - Sync 1 DAGs
[2025-03-16T19:33:33.291+0000] {logging_mixin.py:190} INFO - [2025-03-16T19:33:33.291+0000] {dag.py:4180} INFO - Setting next_dagrun for example_skip_dag to 2025-03-15 00:00:00+00:00, run_after=2025-03-16 00:00:00+00:00
[2025-03-16T19:33:33.323+0000] {processor.py:208} INFO - Processing /home/airflow/.local/lib/python3.12/site-packages/airflow/example_dags/example_skip_dag.py took 0.147 seconds
[2025-03-16T19:34:03.593+0000] {processor.py:186} INFO - Started process (PID=92241) to work on /home/airflow/.local/lib/python3.12/site-packages/airflow/example_dags/example_skip_dag.py
[2025-03-16T19:34:03.595+0000] {processor.py:914} INFO - Processing file /home/airflow/.local/lib/python3.12/site-packages/airflow/example_dags/example_skip_dag.py for tasks to queue
[2025-03-16T19:34:03.597+0000] {logging_mixin.py:190} INFO - [2025-03-16T19:34:03.596+0000] {dagbag.py:588} INFO - Filling up the DagBag from /home/airflow/.local/lib/python3.12/site-packages/airflow/example_dags/example_skip_dag.py
[2025-03-16T19:34:03.611+0000] {processor.py:925} INFO - DAG(s) 'example_skip_dag' retrieved from /home/airflow/.local/lib/python3.12/site-packages/airflow/example_dags/example_skip_dag.py
[2025-03-16T19:34:03.648+0000] {logging_mixin.py:190} INFO - [2025-03-16T19:34:03.648+0000] {dag.py:3239} INFO - Sync 1 DAGs
[2025-03-16T19:34:03.688+0000] {logging_mixin.py:190} INFO - [2025-03-16T19:34:03.687+0000] {dag.py:4180} INFO - Setting next_dagrun for example_skip_dag to 2025-03-15 00:00:00+00:00, run_after=2025-03-16 00:00:00+00:00
[2025-03-16T19:34:03.723+0000] {processor.py:208} INFO - Processing /home/airflow/.local/lib/python3.12/site-packages/airflow/example_dags/example_skip_dag.py took 0.139 seconds
[2025-03-16T19:34:34.043+0000] {processor.py:186} INFO - Started process (PID=92306) to work on /home/airflow/.local/lib/python3.12/site-packages/airflow/example_dags/example_skip_dag.py
[2025-03-16T19:34:34.045+0000] {processor.py:914} INFO - Processing file /home/airflow/.local/lib/python3.12/site-packages/airflow/example_dags/example_skip_dag.py for tasks to queue
[2025-03-16T19:34:34.047+0000] {logging_mixin.py:190} INFO - [2025-03-16T19:34:34.046+0000] {dagbag.py:588} INFO - Filling up the DagBag from /home/airflow/.local/lib/python3.12/site-packages/airflow/example_dags/example_skip_dag.py
[2025-03-16T19:34:34.063+0000] {processor.py:925} INFO - DAG(s) 'example_skip_dag' retrieved from /home/airflow/.local/lib/python3.12/site-packages/airflow/example_dags/example_skip_dag.py
[2025-03-16T19:34:34.105+0000] {logging_mixin.py:190} INFO - [2025-03-16T19:34:34.105+0000] {dag.py:3239} INFO - Sync 1 DAGs
[2025-03-16T19:34:34.142+0000] {logging_mixin.py:190} INFO - [2025-03-16T19:34:34.141+0000] {dag.py:4180} INFO - Setting next_dagrun for example_skip_dag to 2025-03-15 00:00:00+00:00, run_after=2025-03-16 00:00:00+00:00
[2025-03-16T19:34:34.175+0000] {processor.py:208} INFO - Processing /home/airflow/.local/lib/python3.12/site-packages/airflow/example_dags/example_skip_dag.py took 0.142 seconds
[2025-03-16T19:35:04.383+0000] {processor.py:186} INFO - Started process (PID=92369) to work on /home/airflow/.local/lib/python3.12/site-packages/airflow/example_dags/example_skip_dag.py
[2025-03-16T19:35:04.384+0000] {processor.py:914} INFO - Processing file /home/airflow/.local/lib/python3.12/site-packages/airflow/example_dags/example_skip_dag.py for tasks to queue
[2025-03-16T19:35:04.387+0000] {logging_mixin.py:190} INFO - [2025-03-16T19:35:04.386+0000] {dagbag.py:588} INFO - Filling up the DagBag from /home/airflow/.local/lib/python3.12/site-packages/airflow/example_dags/example_skip_dag.py
[2025-03-16T19:35:04.403+0000] {processor.py:925} INFO - DAG(s) 'example_skip_dag' retrieved from /home/airflow/.local/lib/python3.12/site-packages/airflow/example_dags/example_skip_dag.py
[2025-03-16T19:35:04.440+0000] {logging_mixin.py:190} INFO - [2025-03-16T19:35:04.440+0000] {dag.py:3239} INFO - Sync 1 DAGs
[2025-03-16T19:35:04.481+0000] {logging_mixin.py:190} INFO - [2025-03-16T19:35:04.481+0000] {dag.py:4180} INFO - Setting next_dagrun for example_skip_dag to 2025-03-15 00:00:00+00:00, run_after=2025-03-16 00:00:00+00:00
[2025-03-16T19:35:04.512+0000] {processor.py:208} INFO - Processing /home/airflow/.local/lib/python3.12/site-packages/airflow/example_dags/example_skip_dag.py took 0.141 seconds
[2025-03-16T19:35:34.750+0000] {processor.py:186} INFO - Started process (PID=92433) to work on /home/airflow/.local/lib/python3.12/site-packages/airflow/example_dags/example_skip_dag.py
[2025-03-16T19:35:34.752+0000] {processor.py:914} INFO - Processing file /home/airflow/.local/lib/python3.12/site-packages/airflow/example_dags/example_skip_dag.py for tasks to queue
[2025-03-16T19:35:34.754+0000] {logging_mixin.py:190} INFO - [2025-03-16T19:35:34.754+0000] {dagbag.py:588} INFO - Filling up the DagBag from /home/airflow/.local/lib/python3.12/site-packages/airflow/example_dags/example_skip_dag.py
[2025-03-16T19:35:34.770+0000] {processor.py:925} INFO - DAG(s) 'example_skip_dag' retrieved from /home/airflow/.local/lib/python3.12/site-packages/airflow/example_dags/example_skip_dag.py
[2025-03-16T19:35:34.810+0000] {logging_mixin.py:190} INFO - [2025-03-16T19:35:34.809+0000] {dag.py:3239} INFO - Sync 1 DAGs
[2025-03-16T19:35:34.848+0000] {logging_mixin.py:190} INFO - [2025-03-16T19:35:34.848+0000] {dag.py:4180} INFO - Setting next_dagrun for example_skip_dag to 2025-03-15 00:00:00+00:00, run_after=2025-03-16 00:00:00+00:00
[2025-03-16T19:35:34.880+0000] {processor.py:208} INFO - Processing /home/airflow/.local/lib/python3.12/site-packages/airflow/example_dags/example_skip_dag.py took 0.137 seconds
[2025-03-16T19:36:05.539+0000] {processor.py:186} INFO - Started process (PID=92497) to work on /home/airflow/.local/lib/python3.12/site-packages/airflow/example_dags/example_skip_dag.py
[2025-03-16T19:36:05.541+0000] {processor.py:914} INFO - Processing file /home/airflow/.local/lib/python3.12/site-packages/airflow/example_dags/example_skip_dag.py for tasks to queue
[2025-03-16T19:36:05.543+0000] {logging_mixin.py:190} INFO - [2025-03-16T19:36:05.542+0000] {dagbag.py:588} INFO - Filling up the DagBag from /home/airflow/.local/lib/python3.12/site-packages/airflow/example_dags/example_skip_dag.py
[2025-03-16T19:36:05.556+0000] {processor.py:925} INFO - DAG(s) 'example_skip_dag' retrieved from /home/airflow/.local/lib/python3.12/site-packages/airflow/example_dags/example_skip_dag.py
[2025-03-16T19:36:05.588+0000] {logging_mixin.py:190} INFO - [2025-03-16T19:36:05.588+0000] {dag.py:3239} INFO - Sync 1 DAGs
[2025-03-16T19:36:05.626+0000] {logging_mixin.py:190} INFO - [2025-03-16T19:36:05.626+0000] {dag.py:4180} INFO - Setting next_dagrun for example_skip_dag to 2025-03-15 00:00:00+00:00, run_after=2025-03-16 00:00:00+00:00
[2025-03-16T19:36:05.656+0000] {processor.py:208} INFO - Processing /home/airflow/.local/lib/python3.12/site-packages/airflow/example_dags/example_skip_dag.py took 0.125 seconds
[2025-03-16T19:36:36.087+0000] {processor.py:186} INFO - Started process (PID=92560) to work on /home/airflow/.local/lib/python3.12/site-packages/airflow/example_dags/example_skip_dag.py
[2025-03-16T19:36:36.089+0000] {processor.py:914} INFO - Processing file /home/airflow/.local/lib/python3.12/site-packages/airflow/example_dags/example_skip_dag.py for tasks to queue
[2025-03-16T19:36:36.090+0000] {logging_mixin.py:190} INFO - [2025-03-16T19:36:36.090+0000] {dagbag.py:588} INFO - Filling up the DagBag from /home/airflow/.local/lib/python3.12/site-packages/airflow/example_dags/example_skip_dag.py
[2025-03-16T19:36:36.103+0000] {processor.py:925} INFO - DAG(s) 'example_skip_dag' retrieved from /home/airflow/.local/lib/python3.12/site-packages/airflow/example_dags/example_skip_dag.py
[2025-03-16T19:36:36.134+0000] {logging_mixin.py:190} INFO - [2025-03-16T19:36:36.134+0000] {dag.py:3239} INFO - Sync 1 DAGs
[2025-03-16T19:36:36.169+0000] {logging_mixin.py:190} INFO - [2025-03-16T19:36:36.169+0000] {dag.py:4180} INFO - Setting next_dagrun for example_skip_dag to 2025-03-15 00:00:00+00:00, run_after=2025-03-16 00:00:00+00:00
[2025-03-16T19:36:36.196+0000] {processor.py:208} INFO - Processing /home/airflow/.local/lib/python3.12/site-packages/airflow/example_dags/example_skip_dag.py took 0.118 seconds
[2025-03-16T19:37:06.326+0000] {processor.py:186} INFO - Started process (PID=92623) to work on /home/airflow/.local/lib/python3.12/site-packages/airflow/example_dags/example_skip_dag.py
[2025-03-16T19:37:06.328+0000] {processor.py:914} INFO - Processing file /home/airflow/.local/lib/python3.12/site-packages/airflow/example_dags/example_skip_dag.py for tasks to queue
[2025-03-16T19:37:06.330+0000] {logging_mixin.py:190} INFO - [2025-03-16T19:37:06.329+0000] {dagbag.py:588} INFO - Filling up the DagBag from /home/airflow/.local/lib/python3.12/site-packages/airflow/example_dags/example_skip_dag.py
[2025-03-16T19:37:06.342+0000] {processor.py:925} INFO - DAG(s) 'example_skip_dag' retrieved from /home/airflow/.local/lib/python3.12/site-packages/airflow/example_dags/example_skip_dag.py
[2025-03-16T19:37:06.376+0000] {logging_mixin.py:190} INFO - [2025-03-16T19:37:06.376+0000] {dag.py:3239} INFO - Sync 1 DAGs
[2025-03-16T19:37:06.412+0000] {logging_mixin.py:190} INFO - [2025-03-16T19:37:06.411+0000] {dag.py:4180} INFO - Setting next_dagrun for example_skip_dag to 2025-03-15 00:00:00+00:00, run_after=2025-03-16 00:00:00+00:00
[2025-03-16T19:37:06.439+0000] {processor.py:208} INFO - Processing /home/airflow/.local/lib/python3.12/site-packages/airflow/example_dags/example_skip_dag.py took 0.120 seconds
[2025-03-16T19:37:36.976+0000] {processor.py:186} INFO - Started process (PID=92687) to work on /home/airflow/.local/lib/python3.12/site-packages/airflow/example_dags/example_skip_dag.py
[2025-03-16T19:37:36.977+0000] {processor.py:914} INFO - Processing file /home/airflow/.local/lib/python3.12/site-packages/airflow/example_dags/example_skip_dag.py for tasks to queue
[2025-03-16T19:37:36.980+0000] {logging_mixin.py:190} INFO - [2025-03-16T19:37:36.979+0000] {dagbag.py:588} INFO - Filling up the DagBag from /home/airflow/.local/lib/python3.12/site-packages/airflow/example_dags/example_skip_dag.py
[2025-03-16T19:37:36.993+0000] {processor.py:925} INFO - DAG(s) 'example_skip_dag' retrieved from /home/airflow/.local/lib/python3.12/site-packages/airflow/example_dags/example_skip_dag.py
[2025-03-16T19:37:37.026+0000] {logging_mixin.py:190} INFO - [2025-03-16T19:37:37.026+0000] {dag.py:3239} INFO - Sync 1 DAGs
[2025-03-16T19:37:37.061+0000] {logging_mixin.py:190} INFO - [2025-03-16T19:37:37.060+0000] {dag.py:4180} INFO - Setting next_dagrun for example_skip_dag to 2025-03-15 00:00:00+00:00, run_after=2025-03-16 00:00:00+00:00
[2025-03-16T19:37:37.088+0000] {processor.py:208} INFO - Processing /home/airflow/.local/lib/python3.12/site-packages/airflow/example_dags/example_skip_dag.py took 0.120 seconds
[2025-03-16T19:38:07.368+0000] {processor.py:186} INFO - Started process (PID=92751) to work on /home/airflow/.local/lib/python3.12/site-packages/airflow/example_dags/example_skip_dag.py
[2025-03-16T19:38:07.370+0000] {processor.py:914} INFO - Processing file /home/airflow/.local/lib/python3.12/site-packages/airflow/example_dags/example_skip_dag.py for tasks to queue
[2025-03-16T19:38:07.372+0000] {logging_mixin.py:190} INFO - [2025-03-16T19:38:07.371+0000] {dagbag.py:588} INFO - Filling up the DagBag from /home/airflow/.local/lib/python3.12/site-packages/airflow/example_dags/example_skip_dag.py
[2025-03-16T19:38:07.386+0000] {processor.py:925} INFO - DAG(s) 'example_skip_dag' retrieved from /home/airflow/.local/lib/python3.12/site-packages/airflow/example_dags/example_skip_dag.py
[2025-03-16T19:38:07.421+0000] {logging_mixin.py:190} INFO - [2025-03-16T19:38:07.421+0000] {dag.py:3239} INFO - Sync 1 DAGs
[2025-03-16T19:38:07.457+0000] {logging_mixin.py:190} INFO - [2025-03-16T19:38:07.456+0000] {dag.py:4180} INFO - Setting next_dagrun for example_skip_dag to 2025-03-15 00:00:00+00:00, run_after=2025-03-16 00:00:00+00:00
[2025-03-16T19:38:07.488+0000] {processor.py:208} INFO - Processing /home/airflow/.local/lib/python3.12/site-packages/airflow/example_dags/example_skip_dag.py took 0.131 seconds
[2025-03-16T19:38:37.732+0000] {processor.py:186} INFO - Started process (PID=92815) to work on /home/airflow/.local/lib/python3.12/site-packages/airflow/example_dags/example_skip_dag.py
[2025-03-16T19:38:37.734+0000] {processor.py:914} INFO - Processing file /home/airflow/.local/lib/python3.12/site-packages/airflow/example_dags/example_skip_dag.py for tasks to queue
[2025-03-16T19:38:37.737+0000] {logging_mixin.py:190} INFO - [2025-03-16T19:38:37.736+0000] {dagbag.py:588} INFO - Filling up the DagBag from /home/airflow/.local/lib/python3.12/site-packages/airflow/example_dags/example_skip_dag.py
[2025-03-16T19:38:37.751+0000] {processor.py:925} INFO - DAG(s) 'example_skip_dag' retrieved from /home/airflow/.local/lib/python3.12/site-packages/airflow/example_dags/example_skip_dag.py
[2025-03-16T19:38:37.791+0000] {logging_mixin.py:190} INFO - [2025-03-16T19:38:37.790+0000] {dag.py:3239} INFO - Sync 1 DAGs
[2025-03-16T19:38:37.834+0000] {logging_mixin.py:190} INFO - [2025-03-16T19:38:37.833+0000] {dag.py:4180} INFO - Setting next_dagrun for example_skip_dag to 2025-03-15 00:00:00+00:00, run_after=2025-03-16 00:00:00+00:00
[2025-03-16T19:38:37.873+0000] {processor.py:208} INFO - Processing /home/airflow/.local/lib/python3.12/site-packages/airflow/example_dags/example_skip_dag.py took 0.151 seconds
[2025-03-16T19:39:08.350+0000] {processor.py:186} INFO - Started process (PID=92878) to work on /home/airflow/.local/lib/python3.12/site-packages/airflow/example_dags/example_skip_dag.py
[2025-03-16T19:39:08.352+0000] {processor.py:914} INFO - Processing file /home/airflow/.local/lib/python3.12/site-packages/airflow/example_dags/example_skip_dag.py for tasks to queue
[2025-03-16T19:39:08.354+0000] {logging_mixin.py:190} INFO - [2025-03-16T19:39:08.354+0000] {dagbag.py:588} INFO - Filling up the DagBag from /home/airflow/.local/lib/python3.12/site-packages/airflow/example_dags/example_skip_dag.py
[2025-03-16T19:39:08.371+0000] {processor.py:925} INFO - DAG(s) 'example_skip_dag' retrieved from /home/airflow/.local/lib/python3.12/site-packages/airflow/example_dags/example_skip_dag.py
[2025-03-16T19:39:08.407+0000] {logging_mixin.py:190} INFO - [2025-03-16T19:39:08.407+0000] {dag.py:3239} INFO - Sync 1 DAGs
[2025-03-16T19:39:08.447+0000] {logging_mixin.py:190} INFO - [2025-03-16T19:39:08.447+0000] {dag.py:4180} INFO - Setting next_dagrun for example_skip_dag to 2025-03-15 00:00:00+00:00, run_after=2025-03-16 00:00:00+00:00
[2025-03-16T19:39:08.478+0000] {processor.py:208} INFO - Processing /home/airflow/.local/lib/python3.12/site-packages/airflow/example_dags/example_skip_dag.py took 0.137 seconds
