[2025-03-16T19:07:53.504+0000] {processor.py:186} INFO - Started process (PID=88976) to work on /home/airflow/.local/lib/python3.12/site-packages/airflow/example_dags/example_local_kubernetes_executor.py
[2025-03-16T19:07:53.505+0000] {processor.py:914} INFO - Processing file /home/airflow/.local/lib/python3.12/site-packages/airflow/example_dags/example_local_kubernetes_executor.py for tasks to queue
[2025-03-16T19:07:53.506+0000] {logging_mixin.py:190} INFO - [2025-03-16T19:07:53.506+0000] {dagbag.py:588} INFO - Filling up the DagBag from /home/airflow/.local/lib/python3.12/site-packages/airflow/example_dags/example_local_kubernetes_executor.py
[2025-03-16T19:07:53.517+0000] {processor.py:925} INFO - DAG(s) 'example_local_kubernetes_executor' retrieved from /home/airflow/.local/lib/python3.12/site-packages/airflow/example_dags/example_local_kubernetes_executor.py
[2025-03-16T19:07:53.539+0000] {logging_mixin.py:190} INFO - [2025-03-16T19:07:53.539+0000] {dag.py:3239} INFO - Sync 1 DAGs
[2025-03-16T19:07:53.553+0000] {logging_mixin.py:190} INFO - [2025-03-16T19:07:53.553+0000] {dag.py:4180} INFO - Setting next_dagrun for example_local_kubernetes_executor to None, run_after=None
[2025-03-16T19:07:53.574+0000] {processor.py:208} INFO - Processing /home/airflow/.local/lib/python3.12/site-packages/airflow/example_dags/example_local_kubernetes_executor.py took 0.076 seconds
[2025-03-16T19:08:24.517+0000] {processor.py:186} INFO - Started process (PID=89040) to work on /home/airflow/.local/lib/python3.12/site-packages/airflow/example_dags/example_local_kubernetes_executor.py
[2025-03-16T19:08:24.518+0000] {processor.py:914} INFO - Processing file /home/airflow/.local/lib/python3.12/site-packages/airflow/example_dags/example_local_kubernetes_executor.py for tasks to queue
[2025-03-16T19:08:24.520+0000] {logging_mixin.py:190} INFO - [2025-03-16T19:08:24.519+0000] {dagbag.py:588} INFO - Filling up the DagBag from /home/airflow/.local/lib/python3.12/site-packages/airflow/example_dags/example_local_kubernetes_executor.py
[2025-03-16T19:08:24.529+0000] {processor.py:925} INFO - DAG(s) 'example_local_kubernetes_executor' retrieved from /home/airflow/.local/lib/python3.12/site-packages/airflow/example_dags/example_local_kubernetes_executor.py
[2025-03-16T19:08:24.548+0000] {logging_mixin.py:190} INFO - [2025-03-16T19:08:24.548+0000] {dag.py:3239} INFO - Sync 1 DAGs
[2025-03-16T19:08:24.563+0000] {logging_mixin.py:190} INFO - [2025-03-16T19:08:24.563+0000] {dag.py:4180} INFO - Setting next_dagrun for example_local_kubernetes_executor to None, run_after=None
[2025-03-16T19:08:24.581+0000] {processor.py:208} INFO - Processing /home/airflow/.local/lib/python3.12/site-packages/airflow/example_dags/example_local_kubernetes_executor.py took 0.069 seconds
[2025-03-16T19:08:55.302+0000] {processor.py:186} INFO - Started process (PID=89099) to work on /home/airflow/.local/lib/python3.12/site-packages/airflow/example_dags/example_local_kubernetes_executor.py
[2025-03-16T19:08:55.303+0000] {processor.py:914} INFO - Processing file /home/airflow/.local/lib/python3.12/site-packages/airflow/example_dags/example_local_kubernetes_executor.py for tasks to queue
[2025-03-16T19:08:55.305+0000] {logging_mixin.py:190} INFO - [2025-03-16T19:08:55.305+0000] {dagbag.py:588} INFO - Filling up the DagBag from /home/airflow/.local/lib/python3.12/site-packages/airflow/example_dags/example_local_kubernetes_executor.py
[2025-03-16T19:08:55.317+0000] {processor.py:925} INFO - DAG(s) 'example_local_kubernetes_executor' retrieved from /home/airflow/.local/lib/python3.12/site-packages/airflow/example_dags/example_local_kubernetes_executor.py
[2025-03-16T19:08:55.346+0000] {logging_mixin.py:190} INFO - [2025-03-16T19:08:55.345+0000] {dag.py:3239} INFO - Sync 1 DAGs
[2025-03-16T19:08:55.367+0000] {logging_mixin.py:190} INFO - [2025-03-16T19:08:55.367+0000] {dag.py:4180} INFO - Setting next_dagrun for example_local_kubernetes_executor to None, run_after=None
[2025-03-16T19:08:55.386+0000] {processor.py:208} INFO - Processing /home/airflow/.local/lib/python3.12/site-packages/airflow/example_dags/example_local_kubernetes_executor.py took 0.095 seconds
[2025-03-16T19:09:26.488+0000] {processor.py:186} INFO - Started process (PID=89169) to work on /home/airflow/.local/lib/python3.12/site-packages/airflow/example_dags/example_local_kubernetes_executor.py
[2025-03-16T19:09:26.489+0000] {processor.py:914} INFO - Processing file /home/airflow/.local/lib/python3.12/site-packages/airflow/example_dags/example_local_kubernetes_executor.py for tasks to queue
[2025-03-16T19:09:26.491+0000] {logging_mixin.py:190} INFO - [2025-03-16T19:09:26.491+0000] {dagbag.py:588} INFO - Filling up the DagBag from /home/airflow/.local/lib/python3.12/site-packages/airflow/example_dags/example_local_kubernetes_executor.py
[2025-03-16T19:09:26.500+0000] {processor.py:925} INFO - DAG(s) 'example_local_kubernetes_executor' retrieved from /home/airflow/.local/lib/python3.12/site-packages/airflow/example_dags/example_local_kubernetes_executor.py
[2025-03-16T19:09:26.526+0000] {logging_mixin.py:190} INFO - [2025-03-16T19:09:26.526+0000] {dag.py:3239} INFO - Sync 1 DAGs
[2025-03-16T19:09:26.543+0000] {logging_mixin.py:190} INFO - [2025-03-16T19:09:26.542+0000] {dag.py:4180} INFO - Setting next_dagrun for example_local_kubernetes_executor to None, run_after=None
[2025-03-16T19:09:26.571+0000] {processor.py:208} INFO - Processing /home/airflow/.local/lib/python3.12/site-packages/airflow/example_dags/example_local_kubernetes_executor.py took 0.088 seconds
[2025-03-16T19:09:57.377+0000] {processor.py:186} INFO - Started process (PID=89230) to work on /home/airflow/.local/lib/python3.12/site-packages/airflow/example_dags/example_local_kubernetes_executor.py
[2025-03-16T19:09:57.378+0000] {processor.py:914} INFO - Processing file /home/airflow/.local/lib/python3.12/site-packages/airflow/example_dags/example_local_kubernetes_executor.py for tasks to queue
[2025-03-16T19:09:57.381+0000] {logging_mixin.py:190} INFO - [2025-03-16T19:09:57.380+0000] {dagbag.py:588} INFO - Filling up the DagBag from /home/airflow/.local/lib/python3.12/site-packages/airflow/example_dags/example_local_kubernetes_executor.py
[2025-03-16T19:09:57.391+0000] {processor.py:925} INFO - DAG(s) 'example_local_kubernetes_executor' retrieved from /home/airflow/.local/lib/python3.12/site-packages/airflow/example_dags/example_local_kubernetes_executor.py
[2025-03-16T19:09:57.417+0000] {logging_mixin.py:190} INFO - [2025-03-16T19:09:57.416+0000] {dag.py:3239} INFO - Sync 1 DAGs
[2025-03-16T19:09:57.432+0000] {logging_mixin.py:190} INFO - [2025-03-16T19:09:57.432+0000] {dag.py:4180} INFO - Setting next_dagrun for example_local_kubernetes_executor to None, run_after=None
[2025-03-16T19:09:57.456+0000] {processor.py:208} INFO - Processing /home/airflow/.local/lib/python3.12/site-packages/airflow/example_dags/example_local_kubernetes_executor.py took 0.085 seconds
[2025-03-16T19:10:28.019+0000] {processor.py:186} INFO - Started process (PID=89294) to work on /home/airflow/.local/lib/python3.12/site-packages/airflow/example_dags/example_local_kubernetes_executor.py
[2025-03-16T19:10:28.021+0000] {processor.py:914} INFO - Processing file /home/airflow/.local/lib/python3.12/site-packages/airflow/example_dags/example_local_kubernetes_executor.py for tasks to queue
[2025-03-16T19:10:28.023+0000] {logging_mixin.py:190} INFO - [2025-03-16T19:10:28.023+0000] {dagbag.py:588} INFO - Filling up the DagBag from /home/airflow/.local/lib/python3.12/site-packages/airflow/example_dags/example_local_kubernetes_executor.py
[2025-03-16T19:10:28.036+0000] {processor.py:925} INFO - DAG(s) 'example_local_kubernetes_executor' retrieved from /home/airflow/.local/lib/python3.12/site-packages/airflow/example_dags/example_local_kubernetes_executor.py
[2025-03-16T19:10:28.068+0000] {logging_mixin.py:190} INFO - [2025-03-16T19:10:28.068+0000] {dag.py:3239} INFO - Sync 1 DAGs
[2025-03-16T19:10:28.088+0000] {logging_mixin.py:190} INFO - [2025-03-16T19:10:28.088+0000] {dag.py:4180} INFO - Setting next_dagrun for example_local_kubernetes_executor to None, run_after=None
[2025-03-16T19:10:28.118+0000] {processor.py:208} INFO - Processing /home/airflow/.local/lib/python3.12/site-packages/airflow/example_dags/example_local_kubernetes_executor.py took 0.108 seconds
[2025-03-16T19:10:58.252+0000] {processor.py:186} INFO - Started process (PID=89357) to work on /home/airflow/.local/lib/python3.12/site-packages/airflow/example_dags/example_local_kubernetes_executor.py
[2025-03-16T19:10:58.253+0000] {processor.py:914} INFO - Processing file /home/airflow/.local/lib/python3.12/site-packages/airflow/example_dags/example_local_kubernetes_executor.py for tasks to queue
[2025-03-16T19:10:58.254+0000] {logging_mixin.py:190} INFO - [2025-03-16T19:10:58.254+0000] {dagbag.py:588} INFO - Filling up the DagBag from /home/airflow/.local/lib/python3.12/site-packages/airflow/example_dags/example_local_kubernetes_executor.py
[2025-03-16T19:10:58.266+0000] {processor.py:925} INFO - DAG(s) 'example_local_kubernetes_executor' retrieved from /home/airflow/.local/lib/python3.12/site-packages/airflow/example_dags/example_local_kubernetes_executor.py
[2025-03-16T19:10:58.292+0000] {logging_mixin.py:190} INFO - [2025-03-16T19:10:58.292+0000] {dag.py:3239} INFO - Sync 1 DAGs
[2025-03-16T19:10:58.309+0000] {logging_mixin.py:190} INFO - [2025-03-16T19:10:58.308+0000] {dag.py:4180} INFO - Setting next_dagrun for example_local_kubernetes_executor to None, run_after=None
[2025-03-16T19:10:58.333+0000] {processor.py:208} INFO - Processing /home/airflow/.local/lib/python3.12/site-packages/airflow/example_dags/example_local_kubernetes_executor.py took 0.087 seconds
[2025-03-16T19:11:28.597+0000] {processor.py:186} INFO - Started process (PID=89421) to work on /home/airflow/.local/lib/python3.12/site-packages/airflow/example_dags/example_local_kubernetes_executor.py
[2025-03-16T19:11:28.598+0000] {processor.py:914} INFO - Processing file /home/airflow/.local/lib/python3.12/site-packages/airflow/example_dags/example_local_kubernetes_executor.py for tasks to queue
[2025-03-16T19:11:28.600+0000] {logging_mixin.py:190} INFO - [2025-03-16T19:11:28.600+0000] {dagbag.py:588} INFO - Filling up the DagBag from /home/airflow/.local/lib/python3.12/site-packages/airflow/example_dags/example_local_kubernetes_executor.py
[2025-03-16T19:11:28.610+0000] {processor.py:925} INFO - DAG(s) 'example_local_kubernetes_executor' retrieved from /home/airflow/.local/lib/python3.12/site-packages/airflow/example_dags/example_local_kubernetes_executor.py
[2025-03-16T19:11:28.633+0000] {logging_mixin.py:190} INFO - [2025-03-16T19:11:28.633+0000] {dag.py:3239} INFO - Sync 1 DAGs
[2025-03-16T19:11:28.648+0000] {logging_mixin.py:190} INFO - [2025-03-16T19:11:28.648+0000] {dag.py:4180} INFO - Setting next_dagrun for example_local_kubernetes_executor to None, run_after=None
[2025-03-16T19:11:28.671+0000] {processor.py:208} INFO - Processing /home/airflow/.local/lib/python3.12/site-packages/airflow/example_dags/example_local_kubernetes_executor.py took 0.081 seconds
[2025-03-16T19:11:59.210+0000] {processor.py:186} INFO - Started process (PID=89485) to work on /home/airflow/.local/lib/python3.12/site-packages/airflow/example_dags/example_local_kubernetes_executor.py
[2025-03-16T19:11:59.211+0000] {processor.py:914} INFO - Processing file /home/airflow/.local/lib/python3.12/site-packages/airflow/example_dags/example_local_kubernetes_executor.py for tasks to queue
[2025-03-16T19:11:59.213+0000] {logging_mixin.py:190} INFO - [2025-03-16T19:11:59.212+0000] {dagbag.py:588} INFO - Filling up the DagBag from /home/airflow/.local/lib/python3.12/site-packages/airflow/example_dags/example_local_kubernetes_executor.py
[2025-03-16T19:11:59.223+0000] {processor.py:925} INFO - DAG(s) 'example_local_kubernetes_executor' retrieved from /home/airflow/.local/lib/python3.12/site-packages/airflow/example_dags/example_local_kubernetes_executor.py
[2025-03-16T19:11:59.249+0000] {logging_mixin.py:190} INFO - [2025-03-16T19:11:59.249+0000] {dag.py:3239} INFO - Sync 1 DAGs
[2025-03-16T19:11:59.263+0000] {logging_mixin.py:190} INFO - [2025-03-16T19:11:59.263+0000] {dag.py:4180} INFO - Setting next_dagrun for example_local_kubernetes_executor to None, run_after=None
[2025-03-16T19:11:59.290+0000] {processor.py:208} INFO - Processing /home/airflow/.local/lib/python3.12/site-packages/airflow/example_dags/example_local_kubernetes_executor.py took 0.086 seconds
[2025-03-16T19:12:29.597+0000] {processor.py:186} INFO - Started process (PID=89549) to work on /home/airflow/.local/lib/python3.12/site-packages/airflow/example_dags/example_local_kubernetes_executor.py
[2025-03-16T19:12:29.599+0000] {processor.py:914} INFO - Processing file /home/airflow/.local/lib/python3.12/site-packages/airflow/example_dags/example_local_kubernetes_executor.py for tasks to queue
[2025-03-16T19:12:29.600+0000] {logging_mixin.py:190} INFO - [2025-03-16T19:12:29.600+0000] {dagbag.py:588} INFO - Filling up the DagBag from /home/airflow/.local/lib/python3.12/site-packages/airflow/example_dags/example_local_kubernetes_executor.py
[2025-03-16T19:12:29.609+0000] {processor.py:925} INFO - DAG(s) 'example_local_kubernetes_executor' retrieved from /home/airflow/.local/lib/python3.12/site-packages/airflow/example_dags/example_local_kubernetes_executor.py
[2025-03-16T19:12:29.635+0000] {logging_mixin.py:190} INFO - [2025-03-16T19:12:29.635+0000] {dag.py:3239} INFO - Sync 1 DAGs
[2025-03-16T19:12:29.651+0000] {logging_mixin.py:190} INFO - [2025-03-16T19:12:29.651+0000] {dag.py:4180} INFO - Setting next_dagrun for example_local_kubernetes_executor to None, run_after=None
[2025-03-16T19:12:29.674+0000] {processor.py:208} INFO - Processing /home/airflow/.local/lib/python3.12/site-packages/airflow/example_dags/example_local_kubernetes_executor.py took 0.084 seconds
[2025-03-16T19:12:59.844+0000] {processor.py:186} INFO - Started process (PID=89613) to work on /home/airflow/.local/lib/python3.12/site-packages/airflow/example_dags/example_local_kubernetes_executor.py
[2025-03-16T19:12:59.847+0000] {processor.py:914} INFO - Processing file /home/airflow/.local/lib/python3.12/site-packages/airflow/example_dags/example_local_kubernetes_executor.py for tasks to queue
[2025-03-16T19:12:59.849+0000] {logging_mixin.py:190} INFO - [2025-03-16T19:12:59.849+0000] {dagbag.py:588} INFO - Filling up the DagBag from /home/airflow/.local/lib/python3.12/site-packages/airflow/example_dags/example_local_kubernetes_executor.py
[2025-03-16T19:12:59.861+0000] {processor.py:925} INFO - DAG(s) 'example_local_kubernetes_executor' retrieved from /home/airflow/.local/lib/python3.12/site-packages/airflow/example_dags/example_local_kubernetes_executor.py
[2025-03-16T19:12:59.887+0000] {logging_mixin.py:190} INFO - [2025-03-16T19:12:59.887+0000] {dag.py:3239} INFO - Sync 1 DAGs
[2025-03-16T19:12:59.904+0000] {logging_mixin.py:190} INFO - [2025-03-16T19:12:59.903+0000] {dag.py:4180} INFO - Setting next_dagrun for example_local_kubernetes_executor to None, run_after=None
[2025-03-16T19:12:59.927+0000] {processor.py:208} INFO - Processing /home/airflow/.local/lib/python3.12/site-packages/airflow/example_dags/example_local_kubernetes_executor.py took 0.088 seconds
[2025-03-16T19:13:30.584+0000] {processor.py:186} INFO - Started process (PID=89678) to work on /home/airflow/.local/lib/python3.12/site-packages/airflow/example_dags/example_local_kubernetes_executor.py
[2025-03-16T19:13:30.585+0000] {processor.py:914} INFO - Processing file /home/airflow/.local/lib/python3.12/site-packages/airflow/example_dags/example_local_kubernetes_executor.py for tasks to queue
[2025-03-16T19:13:30.587+0000] {logging_mixin.py:190} INFO - [2025-03-16T19:13:30.586+0000] {dagbag.py:588} INFO - Filling up the DagBag from /home/airflow/.local/lib/python3.12/site-packages/airflow/example_dags/example_local_kubernetes_executor.py
[2025-03-16T19:13:30.595+0000] {processor.py:925} INFO - DAG(s) 'example_local_kubernetes_executor' retrieved from /home/airflow/.local/lib/python3.12/site-packages/airflow/example_dags/example_local_kubernetes_executor.py
[2025-03-16T19:13:30.616+0000] {logging_mixin.py:190} INFO - [2025-03-16T19:13:30.616+0000] {dag.py:3239} INFO - Sync 1 DAGs
[2025-03-16T19:13:30.629+0000] {logging_mixin.py:190} INFO - [2025-03-16T19:13:30.629+0000] {dag.py:4180} INFO - Setting next_dagrun for example_local_kubernetes_executor to None, run_after=None
[2025-03-16T19:13:30.648+0000] {processor.py:208} INFO - Processing /home/airflow/.local/lib/python3.12/site-packages/airflow/example_dags/example_local_kubernetes_executor.py took 0.069 seconds
[2025-03-16T19:14:01.491+0000] {processor.py:186} INFO - Started process (PID=89742) to work on /home/airflow/.local/lib/python3.12/site-packages/airflow/example_dags/example_local_kubernetes_executor.py
[2025-03-16T19:14:01.492+0000] {processor.py:914} INFO - Processing file /home/airflow/.local/lib/python3.12/site-packages/airflow/example_dags/example_local_kubernetes_executor.py for tasks to queue
[2025-03-16T19:14:01.495+0000] {logging_mixin.py:190} INFO - [2025-03-16T19:14:01.494+0000] {dagbag.py:588} INFO - Filling up the DagBag from /home/airflow/.local/lib/python3.12/site-packages/airflow/example_dags/example_local_kubernetes_executor.py
[2025-03-16T19:14:01.504+0000] {processor.py:925} INFO - DAG(s) 'example_local_kubernetes_executor' retrieved from /home/airflow/.local/lib/python3.12/site-packages/airflow/example_dags/example_local_kubernetes_executor.py
[2025-03-16T19:14:01.526+0000] {logging_mixin.py:190} INFO - [2025-03-16T19:14:01.526+0000] {dag.py:3239} INFO - Sync 1 DAGs
[2025-03-16T19:14:01.539+0000] {logging_mixin.py:190} INFO - [2025-03-16T19:14:01.539+0000] {dag.py:4180} INFO - Setting next_dagrun for example_local_kubernetes_executor to None, run_after=None
[2025-03-16T19:14:01.562+0000] {processor.py:208} INFO - Processing /home/airflow/.local/lib/python3.12/site-packages/airflow/example_dags/example_local_kubernetes_executor.py took 0.077 seconds
[2025-03-16T19:14:32.446+0000] {processor.py:186} INFO - Started process (PID=89805) to work on /home/airflow/.local/lib/python3.12/site-packages/airflow/example_dags/example_local_kubernetes_executor.py
[2025-03-16T19:14:32.447+0000] {processor.py:914} INFO - Processing file /home/airflow/.local/lib/python3.12/site-packages/airflow/example_dags/example_local_kubernetes_executor.py for tasks to queue
[2025-03-16T19:14:32.449+0000] {logging_mixin.py:190} INFO - [2025-03-16T19:14:32.449+0000] {dagbag.py:588} INFO - Filling up the DagBag from /home/airflow/.local/lib/python3.12/site-packages/airflow/example_dags/example_local_kubernetes_executor.py
[2025-03-16T19:14:32.458+0000] {processor.py:925} INFO - DAG(s) 'example_local_kubernetes_executor' retrieved from /home/airflow/.local/lib/python3.12/site-packages/airflow/example_dags/example_local_kubernetes_executor.py
[2025-03-16T19:14:32.482+0000] {logging_mixin.py:190} INFO - [2025-03-16T19:14:32.482+0000] {dag.py:3239} INFO - Sync 1 DAGs
[2025-03-16T19:14:32.500+0000] {logging_mixin.py:190} INFO - [2025-03-16T19:14:32.500+0000] {dag.py:4180} INFO - Setting next_dagrun for example_local_kubernetes_executor to None, run_after=None
[2025-03-16T19:14:32.525+0000] {processor.py:208} INFO - Processing /home/airflow/.local/lib/python3.12/site-packages/airflow/example_dags/example_local_kubernetes_executor.py took 0.084 seconds
[2025-03-16T19:15:03.064+0000] {processor.py:186} INFO - Started process (PID=89869) to work on /home/airflow/.local/lib/python3.12/site-packages/airflow/example_dags/example_local_kubernetes_executor.py
[2025-03-16T19:15:03.065+0000] {processor.py:914} INFO - Processing file /home/airflow/.local/lib/python3.12/site-packages/airflow/example_dags/example_local_kubernetes_executor.py for tasks to queue
[2025-03-16T19:15:03.067+0000] {logging_mixin.py:190} INFO - [2025-03-16T19:15:03.067+0000] {dagbag.py:588} INFO - Filling up the DagBag from /home/airflow/.local/lib/python3.12/site-packages/airflow/example_dags/example_local_kubernetes_executor.py
[2025-03-16T19:15:03.080+0000] {processor.py:925} INFO - DAG(s) 'example_local_kubernetes_executor' retrieved from /home/airflow/.local/lib/python3.12/site-packages/airflow/example_dags/example_local_kubernetes_executor.py
[2025-03-16T19:15:03.108+0000] {logging_mixin.py:190} INFO - [2025-03-16T19:15:03.107+0000] {dag.py:3239} INFO - Sync 1 DAGs
[2025-03-16T19:15:03.124+0000] {logging_mixin.py:190} INFO - [2025-03-16T19:15:03.123+0000] {dag.py:4180} INFO - Setting next_dagrun for example_local_kubernetes_executor to None, run_after=None
[2025-03-16T19:15:03.151+0000] {processor.py:208} INFO - Processing /home/airflow/.local/lib/python3.12/site-packages/airflow/example_dags/example_local_kubernetes_executor.py took 0.096 seconds
[2025-03-16T19:15:33.826+0000] {processor.py:186} INFO - Started process (PID=89933) to work on /home/airflow/.local/lib/python3.12/site-packages/airflow/example_dags/example_local_kubernetes_executor.py
[2025-03-16T19:15:33.829+0000] {processor.py:914} INFO - Processing file /home/airflow/.local/lib/python3.12/site-packages/airflow/example_dags/example_local_kubernetes_executor.py for tasks to queue
[2025-03-16T19:15:33.833+0000] {logging_mixin.py:190} INFO - [2025-03-16T19:15:33.833+0000] {dagbag.py:588} INFO - Filling up the DagBag from /home/airflow/.local/lib/python3.12/site-packages/airflow/example_dags/example_local_kubernetes_executor.py
[2025-03-16T19:15:33.846+0000] {processor.py:925} INFO - DAG(s) 'example_local_kubernetes_executor' retrieved from /home/airflow/.local/lib/python3.12/site-packages/airflow/example_dags/example_local_kubernetes_executor.py
[2025-03-16T19:15:33.874+0000] {logging_mixin.py:190} INFO - [2025-03-16T19:15:33.874+0000] {dag.py:3239} INFO - Sync 1 DAGs
[2025-03-16T19:15:33.891+0000] {logging_mixin.py:190} INFO - [2025-03-16T19:15:33.891+0000] {dag.py:4180} INFO - Setting next_dagrun for example_local_kubernetes_executor to None, run_after=None
[2025-03-16T19:15:33.921+0000] {processor.py:208} INFO - Processing /home/airflow/.local/lib/python3.12/site-packages/airflow/example_dags/example_local_kubernetes_executor.py took 0.102 seconds
[2025-03-16T19:16:04.466+0000] {processor.py:186} INFO - Started process (PID=89997) to work on /home/airflow/.local/lib/python3.12/site-packages/airflow/example_dags/example_local_kubernetes_executor.py
[2025-03-16T19:16:04.469+0000] {processor.py:914} INFO - Processing file /home/airflow/.local/lib/python3.12/site-packages/airflow/example_dags/example_local_kubernetes_executor.py for tasks to queue
[2025-03-16T19:16:04.471+0000] {logging_mixin.py:190} INFO - [2025-03-16T19:16:04.470+0000] {dagbag.py:588} INFO - Filling up the DagBag from /home/airflow/.local/lib/python3.12/site-packages/airflow/example_dags/example_local_kubernetes_executor.py
[2025-03-16T19:16:04.480+0000] {processor.py:925} INFO - DAG(s) 'example_local_kubernetes_executor' retrieved from /home/airflow/.local/lib/python3.12/site-packages/airflow/example_dags/example_local_kubernetes_executor.py
[2025-03-16T19:16:04.510+0000] {logging_mixin.py:190} INFO - [2025-03-16T19:16:04.510+0000] {dag.py:3239} INFO - Sync 1 DAGs
[2025-03-16T19:16:04.527+0000] {logging_mixin.py:190} INFO - [2025-03-16T19:16:04.526+0000] {dag.py:4180} INFO - Setting next_dagrun for example_local_kubernetes_executor to None, run_after=None
[2025-03-16T19:16:04.554+0000] {processor.py:208} INFO - Processing /home/airflow/.local/lib/python3.12/site-packages/airflow/example_dags/example_local_kubernetes_executor.py took 0.095 seconds
[2025-03-16T19:16:34.866+0000] {processor.py:186} INFO - Started process (PID=90061) to work on /home/airflow/.local/lib/python3.12/site-packages/airflow/example_dags/example_local_kubernetes_executor.py
[2025-03-16T19:16:34.868+0000] {processor.py:914} INFO - Processing file /home/airflow/.local/lib/python3.12/site-packages/airflow/example_dags/example_local_kubernetes_executor.py for tasks to queue
[2025-03-16T19:16:34.869+0000] {logging_mixin.py:190} INFO - [2025-03-16T19:16:34.869+0000] {dagbag.py:588} INFO - Filling up the DagBag from /home/airflow/.local/lib/python3.12/site-packages/airflow/example_dags/example_local_kubernetes_executor.py
[2025-03-16T19:16:34.882+0000] {processor.py:925} INFO - DAG(s) 'example_local_kubernetes_executor' retrieved from /home/airflow/.local/lib/python3.12/site-packages/airflow/example_dags/example_local_kubernetes_executor.py
[2025-03-16T19:16:34.913+0000] {logging_mixin.py:190} INFO - [2025-03-16T19:16:34.913+0000] {dag.py:3239} INFO - Sync 1 DAGs
[2025-03-16T19:16:34.931+0000] {logging_mixin.py:190} INFO - [2025-03-16T19:16:34.931+0000] {dag.py:4180} INFO - Setting next_dagrun for example_local_kubernetes_executor to None, run_after=None
[2025-03-16T19:16:34.963+0000] {processor.py:208} INFO - Processing /home/airflow/.local/lib/python3.12/site-packages/airflow/example_dags/example_local_kubernetes_executor.py took 0.104 seconds
[2025-03-16T19:17:05.277+0000] {processor.py:186} INFO - Started process (PID=90125) to work on /home/airflow/.local/lib/python3.12/site-packages/airflow/example_dags/example_local_kubernetes_executor.py
[2025-03-16T19:17:05.279+0000] {processor.py:914} INFO - Processing file /home/airflow/.local/lib/python3.12/site-packages/airflow/example_dags/example_local_kubernetes_executor.py for tasks to queue
[2025-03-16T19:17:05.281+0000] {logging_mixin.py:190} INFO - [2025-03-16T19:17:05.281+0000] {dagbag.py:588} INFO - Filling up the DagBag from /home/airflow/.local/lib/python3.12/site-packages/airflow/example_dags/example_local_kubernetes_executor.py
[2025-03-16T19:17:05.294+0000] {processor.py:925} INFO - DAG(s) 'example_local_kubernetes_executor' retrieved from /home/airflow/.local/lib/python3.12/site-packages/airflow/example_dags/example_local_kubernetes_executor.py
[2025-03-16T19:17:05.324+0000] {logging_mixin.py:190} INFO - [2025-03-16T19:17:05.323+0000] {dag.py:3239} INFO - Sync 1 DAGs
[2025-03-16T19:17:05.340+0000] {logging_mixin.py:190} INFO - [2025-03-16T19:17:05.340+0000] {dag.py:4180} INFO - Setting next_dagrun for example_local_kubernetes_executor to None, run_after=None
[2025-03-16T19:17:05.370+0000] {processor.py:208} INFO - Processing /home/airflow/.local/lib/python3.12/site-packages/airflow/example_dags/example_local_kubernetes_executor.py took 0.098 seconds
[2025-03-16T19:17:35.541+0000] {processor.py:186} INFO - Started process (PID=90189) to work on /home/airflow/.local/lib/python3.12/site-packages/airflow/example_dags/example_local_kubernetes_executor.py
[2025-03-16T19:17:35.543+0000] {processor.py:914} INFO - Processing file /home/airflow/.local/lib/python3.12/site-packages/airflow/example_dags/example_local_kubernetes_executor.py for tasks to queue
[2025-03-16T19:17:35.545+0000] {logging_mixin.py:190} INFO - [2025-03-16T19:17:35.545+0000] {dagbag.py:588} INFO - Filling up the DagBag from /home/airflow/.local/lib/python3.12/site-packages/airflow/example_dags/example_local_kubernetes_executor.py
[2025-03-16T19:17:35.557+0000] {processor.py:925} INFO - DAG(s) 'example_local_kubernetes_executor' retrieved from /home/airflow/.local/lib/python3.12/site-packages/airflow/example_dags/example_local_kubernetes_executor.py
[2025-03-16T19:17:35.590+0000] {logging_mixin.py:190} INFO - [2025-03-16T19:17:35.589+0000] {dag.py:3239} INFO - Sync 1 DAGs
[2025-03-16T19:17:35.610+0000] {logging_mixin.py:190} INFO - [2025-03-16T19:17:35.610+0000] {dag.py:4180} INFO - Setting next_dagrun for example_local_kubernetes_executor to None, run_after=None
[2025-03-16T19:17:35.644+0000] {processor.py:208} INFO - Processing /home/airflow/.local/lib/python3.12/site-packages/airflow/example_dags/example_local_kubernetes_executor.py took 0.110 seconds
[2025-03-16T19:18:06.546+0000] {processor.py:186} INFO - Started process (PID=90253) to work on /home/airflow/.local/lib/python3.12/site-packages/airflow/example_dags/example_local_kubernetes_executor.py
[2025-03-16T19:18:06.548+0000] {processor.py:914} INFO - Processing file /home/airflow/.local/lib/python3.12/site-packages/airflow/example_dags/example_local_kubernetes_executor.py for tasks to queue
[2025-03-16T19:18:06.550+0000] {logging_mixin.py:190} INFO - [2025-03-16T19:18:06.549+0000] {dagbag.py:588} INFO - Filling up the DagBag from /home/airflow/.local/lib/python3.12/site-packages/airflow/example_dags/example_local_kubernetes_executor.py
[2025-03-16T19:18:06.564+0000] {processor.py:925} INFO - DAG(s) 'example_local_kubernetes_executor' retrieved from /home/airflow/.local/lib/python3.12/site-packages/airflow/example_dags/example_local_kubernetes_executor.py
[2025-03-16T19:18:06.603+0000] {logging_mixin.py:190} INFO - [2025-03-16T19:18:06.603+0000] {dag.py:3239} INFO - Sync 1 DAGs
[2025-03-16T19:18:06.629+0000] {logging_mixin.py:190} INFO - [2025-03-16T19:18:06.629+0000] {dag.py:4180} INFO - Setting next_dagrun for example_local_kubernetes_executor to None, run_after=None
[2025-03-16T19:18:06.666+0000] {processor.py:208} INFO - Processing /home/airflow/.local/lib/python3.12/site-packages/airflow/example_dags/example_local_kubernetes_executor.py took 0.130 seconds
[2025-03-16T19:18:36.805+0000] {processor.py:186} INFO - Started process (PID=90317) to work on /home/airflow/.local/lib/python3.12/site-packages/airflow/example_dags/example_local_kubernetes_executor.py
[2025-03-16T19:18:36.806+0000] {processor.py:914} INFO - Processing file /home/airflow/.local/lib/python3.12/site-packages/airflow/example_dags/example_local_kubernetes_executor.py for tasks to queue
[2025-03-16T19:18:36.810+0000] {logging_mixin.py:190} INFO - [2025-03-16T19:18:36.809+0000] {dagbag.py:588} INFO - Filling up the DagBag from /home/airflow/.local/lib/python3.12/site-packages/airflow/example_dags/example_local_kubernetes_executor.py
[2025-03-16T19:18:36.820+0000] {processor.py:925} INFO - DAG(s) 'example_local_kubernetes_executor' retrieved from /home/airflow/.local/lib/python3.12/site-packages/airflow/example_dags/example_local_kubernetes_executor.py
[2025-03-16T19:18:36.851+0000] {logging_mixin.py:190} INFO - [2025-03-16T19:18:36.851+0000] {dag.py:3239} INFO - Sync 1 DAGs
[2025-03-16T19:18:36.872+0000] {logging_mixin.py:190} INFO - [2025-03-16T19:18:36.872+0000] {dag.py:4180} INFO - Setting next_dagrun for example_local_kubernetes_executor to None, run_after=None
[2025-03-16T19:18:36.904+0000] {processor.py:208} INFO - Processing /home/airflow/.local/lib/python3.12/site-packages/airflow/example_dags/example_local_kubernetes_executor.py took 0.106 seconds
[2025-03-16T19:19:07.796+0000] {processor.py:186} INFO - Started process (PID=90381) to work on /home/airflow/.local/lib/python3.12/site-packages/airflow/example_dags/example_local_kubernetes_executor.py
[2025-03-16T19:19:07.797+0000] {processor.py:914} INFO - Processing file /home/airflow/.local/lib/python3.12/site-packages/airflow/example_dags/example_local_kubernetes_executor.py for tasks to queue
[2025-03-16T19:19:07.802+0000] {logging_mixin.py:190} INFO - [2025-03-16T19:19:07.799+0000] {dagbag.py:588} INFO - Filling up the DagBag from /home/airflow/.local/lib/python3.12/site-packages/airflow/example_dags/example_local_kubernetes_executor.py
[2025-03-16T19:19:07.814+0000] {processor.py:925} INFO - DAG(s) 'example_local_kubernetes_executor' retrieved from /home/airflow/.local/lib/python3.12/site-packages/airflow/example_dags/example_local_kubernetes_executor.py
[2025-03-16T19:19:07.844+0000] {logging_mixin.py:190} INFO - [2025-03-16T19:19:07.844+0000] {dag.py:3239} INFO - Sync 1 DAGs
[2025-03-16T19:19:07.863+0000] {logging_mixin.py:190} INFO - [2025-03-16T19:19:07.863+0000] {dag.py:4180} INFO - Setting next_dagrun for example_local_kubernetes_executor to None, run_after=None
[2025-03-16T19:19:07.890+0000] {processor.py:208} INFO - Processing /home/airflow/.local/lib/python3.12/site-packages/airflow/example_dags/example_local_kubernetes_executor.py took 0.102 seconds
[2025-03-16T19:19:38.035+0000] {processor.py:186} INFO - Started process (PID=90445) to work on /home/airflow/.local/lib/python3.12/site-packages/airflow/example_dags/example_local_kubernetes_executor.py
[2025-03-16T19:19:38.038+0000] {processor.py:914} INFO - Processing file /home/airflow/.local/lib/python3.12/site-packages/airflow/example_dags/example_local_kubernetes_executor.py for tasks to queue
[2025-03-16T19:19:38.040+0000] {logging_mixin.py:190} INFO - [2025-03-16T19:19:38.040+0000] {dagbag.py:588} INFO - Filling up the DagBag from /home/airflow/.local/lib/python3.12/site-packages/airflow/example_dags/example_local_kubernetes_executor.py
[2025-03-16T19:19:38.050+0000] {processor.py:925} INFO - DAG(s) 'example_local_kubernetes_executor' retrieved from /home/airflow/.local/lib/python3.12/site-packages/airflow/example_dags/example_local_kubernetes_executor.py
[2025-03-16T19:19:38.080+0000] {logging_mixin.py:190} INFO - [2025-03-16T19:19:38.080+0000] {dag.py:3239} INFO - Sync 1 DAGs
[2025-03-16T19:19:38.098+0000] {logging_mixin.py:190} INFO - [2025-03-16T19:19:38.098+0000] {dag.py:4180} INFO - Setting next_dagrun for example_local_kubernetes_executor to None, run_after=None
[2025-03-16T19:19:38.127+0000] {processor.py:208} INFO - Processing /home/airflow/.local/lib/python3.12/site-packages/airflow/example_dags/example_local_kubernetes_executor.py took 0.097 seconds
[2025-03-16T19:20:08.506+0000] {processor.py:186} INFO - Started process (PID=90509) to work on /home/airflow/.local/lib/python3.12/site-packages/airflow/example_dags/example_local_kubernetes_executor.py
[2025-03-16T19:20:08.508+0000] {processor.py:914} INFO - Processing file /home/airflow/.local/lib/python3.12/site-packages/airflow/example_dags/example_local_kubernetes_executor.py for tasks to queue
[2025-03-16T19:20:08.511+0000] {logging_mixin.py:190} INFO - [2025-03-16T19:20:08.510+0000] {dagbag.py:588} INFO - Filling up the DagBag from /home/airflow/.local/lib/python3.12/site-packages/airflow/example_dags/example_local_kubernetes_executor.py
[2025-03-16T19:20:08.525+0000] {processor.py:925} INFO - DAG(s) 'example_local_kubernetes_executor' retrieved from /home/airflow/.local/lib/python3.12/site-packages/airflow/example_dags/example_local_kubernetes_executor.py
[2025-03-16T19:20:08.554+0000] {logging_mixin.py:190} INFO - [2025-03-16T19:20:08.554+0000] {dag.py:3239} INFO - Sync 1 DAGs
[2025-03-16T19:20:08.573+0000] {logging_mixin.py:190} INFO - [2025-03-16T19:20:08.572+0000] {dag.py:4180} INFO - Setting next_dagrun for example_local_kubernetes_executor to None, run_after=None
[2025-03-16T19:20:08.602+0000] {processor.py:208} INFO - Processing /home/airflow/.local/lib/python3.12/site-packages/airflow/example_dags/example_local_kubernetes_executor.py took 0.103 seconds
[2025-03-16T19:20:39.422+0000] {processor.py:186} INFO - Started process (PID=90573) to work on /home/airflow/.local/lib/python3.12/site-packages/airflow/example_dags/example_local_kubernetes_executor.py
[2025-03-16T19:20:39.423+0000] {processor.py:914} INFO - Processing file /home/airflow/.local/lib/python3.12/site-packages/airflow/example_dags/example_local_kubernetes_executor.py for tasks to queue
[2025-03-16T19:20:39.426+0000] {logging_mixin.py:190} INFO - [2025-03-16T19:20:39.425+0000] {dagbag.py:588} INFO - Filling up the DagBag from /home/airflow/.local/lib/python3.12/site-packages/airflow/example_dags/example_local_kubernetes_executor.py
[2025-03-16T19:20:39.443+0000] {processor.py:925} INFO - DAG(s) 'example_local_kubernetes_executor' retrieved from /home/airflow/.local/lib/python3.12/site-packages/airflow/example_dags/example_local_kubernetes_executor.py
[2025-03-16T19:20:39.475+0000] {logging_mixin.py:190} INFO - [2025-03-16T19:20:39.475+0000] {dag.py:3239} INFO - Sync 1 DAGs
[2025-03-16T19:20:39.496+0000] {logging_mixin.py:190} INFO - [2025-03-16T19:20:39.496+0000] {dag.py:4180} INFO - Setting next_dagrun for example_local_kubernetes_executor to None, run_after=None
[2025-03-16T19:20:39.527+0000] {processor.py:208} INFO - Processing /home/airflow/.local/lib/python3.12/site-packages/airflow/example_dags/example_local_kubernetes_executor.py took 0.114 seconds
[2025-03-16T19:21:09.740+0000] {processor.py:186} INFO - Started process (PID=90637) to work on /home/airflow/.local/lib/python3.12/site-packages/airflow/example_dags/example_local_kubernetes_executor.py
[2025-03-16T19:21:09.741+0000] {processor.py:914} INFO - Processing file /home/airflow/.local/lib/python3.12/site-packages/airflow/example_dags/example_local_kubernetes_executor.py for tasks to queue
[2025-03-16T19:21:09.745+0000] {logging_mixin.py:190} INFO - [2025-03-16T19:21:09.744+0000] {dagbag.py:588} INFO - Filling up the DagBag from /home/airflow/.local/lib/python3.12/site-packages/airflow/example_dags/example_local_kubernetes_executor.py
[2025-03-16T19:21:09.755+0000] {processor.py:925} INFO - DAG(s) 'example_local_kubernetes_executor' retrieved from /home/airflow/.local/lib/python3.12/site-packages/airflow/example_dags/example_local_kubernetes_executor.py
[2025-03-16T19:21:09.786+0000] {logging_mixin.py:190} INFO - [2025-03-16T19:21:09.786+0000] {dag.py:3239} INFO - Sync 1 DAGs
[2025-03-16T19:21:09.806+0000] {logging_mixin.py:190} INFO - [2025-03-16T19:21:09.806+0000] {dag.py:4180} INFO - Setting next_dagrun for example_local_kubernetes_executor to None, run_after=None
[2025-03-16T19:21:09.837+0000] {processor.py:208} INFO - Processing /home/airflow/.local/lib/python3.12/site-packages/airflow/example_dags/example_local_kubernetes_executor.py took 0.103 seconds
[2025-03-16T19:21:40.047+0000] {processor.py:186} INFO - Started process (PID=90701) to work on /home/airflow/.local/lib/python3.12/site-packages/airflow/example_dags/example_local_kubernetes_executor.py
[2025-03-16T19:21:40.048+0000] {processor.py:914} INFO - Processing file /home/airflow/.local/lib/python3.12/site-packages/airflow/example_dags/example_local_kubernetes_executor.py for tasks to queue
[2025-03-16T19:21:40.051+0000] {logging_mixin.py:190} INFO - [2025-03-16T19:21:40.050+0000] {dagbag.py:588} INFO - Filling up the DagBag from /home/airflow/.local/lib/python3.12/site-packages/airflow/example_dags/example_local_kubernetes_executor.py
[2025-03-16T19:21:40.065+0000] {processor.py:925} INFO - DAG(s) 'example_local_kubernetes_executor' retrieved from /home/airflow/.local/lib/python3.12/site-packages/airflow/example_dags/example_local_kubernetes_executor.py
[2025-03-16T19:21:40.098+0000] {logging_mixin.py:190} INFO - [2025-03-16T19:21:40.098+0000] {dag.py:3239} INFO - Sync 1 DAGs
[2025-03-16T19:21:40.118+0000] {logging_mixin.py:190} INFO - [2025-03-16T19:21:40.117+0000] {dag.py:4180} INFO - Setting next_dagrun for example_local_kubernetes_executor to None, run_after=None
[2025-03-16T19:21:40.145+0000] {processor.py:208} INFO - Processing /home/airflow/.local/lib/python3.12/site-packages/airflow/example_dags/example_local_kubernetes_executor.py took 0.106 seconds
[2025-03-16T19:22:10.492+0000] {processor.py:186} INFO - Started process (PID=90765) to work on /home/airflow/.local/lib/python3.12/site-packages/airflow/example_dags/example_local_kubernetes_executor.py
[2025-03-16T19:22:10.493+0000] {processor.py:914} INFO - Processing file /home/airflow/.local/lib/python3.12/site-packages/airflow/example_dags/example_local_kubernetes_executor.py for tasks to queue
[2025-03-16T19:22:10.495+0000] {logging_mixin.py:190} INFO - [2025-03-16T19:22:10.494+0000] {dagbag.py:588} INFO - Filling up the DagBag from /home/airflow/.local/lib/python3.12/site-packages/airflow/example_dags/example_local_kubernetes_executor.py
[2025-03-16T19:22:10.508+0000] {processor.py:925} INFO - DAG(s) 'example_local_kubernetes_executor' retrieved from /home/airflow/.local/lib/python3.12/site-packages/airflow/example_dags/example_local_kubernetes_executor.py
[2025-03-16T19:22:10.544+0000] {logging_mixin.py:190} INFO - [2025-03-16T19:22:10.544+0000] {dag.py:3239} INFO - Sync 1 DAGs
[2025-03-16T19:22:10.567+0000] {logging_mixin.py:190} INFO - [2025-03-16T19:22:10.567+0000] {dag.py:4180} INFO - Setting next_dagrun for example_local_kubernetes_executor to None, run_after=None
[2025-03-16T19:22:10.604+0000] {processor.py:208} INFO - Processing /home/airflow/.local/lib/python3.12/site-packages/airflow/example_dags/example_local_kubernetes_executor.py took 0.122 seconds
[2025-03-16T19:22:40.946+0000] {processor.py:186} INFO - Started process (PID=90829) to work on /home/airflow/.local/lib/python3.12/site-packages/airflow/example_dags/example_local_kubernetes_executor.py
[2025-03-16T19:22:40.948+0000] {processor.py:914} INFO - Processing file /home/airflow/.local/lib/python3.12/site-packages/airflow/example_dags/example_local_kubernetes_executor.py for tasks to queue
[2025-03-16T19:22:40.952+0000] {logging_mixin.py:190} INFO - [2025-03-16T19:22:40.951+0000] {dagbag.py:588} INFO - Filling up the DagBag from /home/airflow/.local/lib/python3.12/site-packages/airflow/example_dags/example_local_kubernetes_executor.py
[2025-03-16T19:22:40.972+0000] {processor.py:925} INFO - DAG(s) 'example_local_kubernetes_executor' retrieved from /home/airflow/.local/lib/python3.12/site-packages/airflow/example_dags/example_local_kubernetes_executor.py
[2025-03-16T19:22:41.010+0000] {logging_mixin.py:190} INFO - [2025-03-16T19:22:41.010+0000] {dag.py:3239} INFO - Sync 1 DAGs
[2025-03-16T19:22:41.040+0000] {logging_mixin.py:190} INFO - [2025-03-16T19:22:41.040+0000] {dag.py:4180} INFO - Setting next_dagrun for example_local_kubernetes_executor to None, run_after=None
[2025-03-16T19:22:41.078+0000] {processor.py:208} INFO - Processing /home/airflow/.local/lib/python3.12/site-packages/airflow/example_dags/example_local_kubernetes_executor.py took 0.140 seconds
[2025-03-16T19:23:11.281+0000] {processor.py:186} INFO - Started process (PID=90893) to work on /home/airflow/.local/lib/python3.12/site-packages/airflow/example_dags/example_local_kubernetes_executor.py
[2025-03-16T19:23:11.283+0000] {processor.py:914} INFO - Processing file /home/airflow/.local/lib/python3.12/site-packages/airflow/example_dags/example_local_kubernetes_executor.py for tasks to queue
[2025-03-16T19:23:11.285+0000] {logging_mixin.py:190} INFO - [2025-03-16T19:23:11.284+0000] {dagbag.py:588} INFO - Filling up the DagBag from /home/airflow/.local/lib/python3.12/site-packages/airflow/example_dags/example_local_kubernetes_executor.py
[2025-03-16T19:23:11.302+0000] {processor.py:925} INFO - DAG(s) 'example_local_kubernetes_executor' retrieved from /home/airflow/.local/lib/python3.12/site-packages/airflow/example_dags/example_local_kubernetes_executor.py
[2025-03-16T19:23:11.344+0000] {logging_mixin.py:190} INFO - [2025-03-16T19:23:11.343+0000] {dag.py:3239} INFO - Sync 1 DAGs
[2025-03-16T19:23:11.369+0000] {logging_mixin.py:190} INFO - [2025-03-16T19:23:11.368+0000] {dag.py:4180} INFO - Setting next_dagrun for example_local_kubernetes_executor to None, run_after=None
[2025-03-16T19:23:11.406+0000] {processor.py:208} INFO - Processing /home/airflow/.local/lib/python3.12/site-packages/airflow/example_dags/example_local_kubernetes_executor.py took 0.138 seconds
[2025-03-16T19:23:41.532+0000] {processor.py:186} INFO - Started process (PID=90957) to work on /home/airflow/.local/lib/python3.12/site-packages/airflow/example_dags/example_local_kubernetes_executor.py
[2025-03-16T19:23:41.534+0000] {processor.py:914} INFO - Processing file /home/airflow/.local/lib/python3.12/site-packages/airflow/example_dags/example_local_kubernetes_executor.py for tasks to queue
[2025-03-16T19:23:41.536+0000] {logging_mixin.py:190} INFO - [2025-03-16T19:23:41.536+0000] {dagbag.py:588} INFO - Filling up the DagBag from /home/airflow/.local/lib/python3.12/site-packages/airflow/example_dags/example_local_kubernetes_executor.py
[2025-03-16T19:23:41.558+0000] {processor.py:925} INFO - DAG(s) 'example_local_kubernetes_executor' retrieved from /home/airflow/.local/lib/python3.12/site-packages/airflow/example_dags/example_local_kubernetes_executor.py
[2025-03-16T19:23:41.599+0000] {logging_mixin.py:190} INFO - [2025-03-16T19:23:41.598+0000] {dag.py:3239} INFO - Sync 1 DAGs
[2025-03-16T19:23:41.632+0000] {logging_mixin.py:190} INFO - [2025-03-16T19:23:41.632+0000] {dag.py:4180} INFO - Setting next_dagrun for example_local_kubernetes_executor to None, run_after=None
[2025-03-16T19:23:41.668+0000] {processor.py:208} INFO - Processing /home/airflow/.local/lib/python3.12/site-packages/airflow/example_dags/example_local_kubernetes_executor.py took 0.146 seconds
[2025-03-16T19:24:11.852+0000] {processor.py:186} INFO - Started process (PID=91021) to work on /home/airflow/.local/lib/python3.12/site-packages/airflow/example_dags/example_local_kubernetes_executor.py
[2025-03-16T19:24:11.854+0000] {processor.py:914} INFO - Processing file /home/airflow/.local/lib/python3.12/site-packages/airflow/example_dags/example_local_kubernetes_executor.py for tasks to queue
[2025-03-16T19:24:11.856+0000] {logging_mixin.py:190} INFO - [2025-03-16T19:24:11.855+0000] {dagbag.py:588} INFO - Filling up the DagBag from /home/airflow/.local/lib/python3.12/site-packages/airflow/example_dags/example_local_kubernetes_executor.py
[2025-03-16T19:24:11.873+0000] {processor.py:925} INFO - DAG(s) 'example_local_kubernetes_executor' retrieved from /home/airflow/.local/lib/python3.12/site-packages/airflow/example_dags/example_local_kubernetes_executor.py
[2025-03-16T19:24:11.909+0000] {logging_mixin.py:190} INFO - [2025-03-16T19:24:11.909+0000] {dag.py:3239} INFO - Sync 1 DAGs
[2025-03-16T19:24:11.939+0000] {logging_mixin.py:190} INFO - [2025-03-16T19:24:11.939+0000] {dag.py:4180} INFO - Setting next_dagrun for example_local_kubernetes_executor to None, run_after=None
[2025-03-16T19:24:11.975+0000] {processor.py:208} INFO - Processing /home/airflow/.local/lib/python3.12/site-packages/airflow/example_dags/example_local_kubernetes_executor.py took 0.132 seconds
[2025-03-16T19:24:42.953+0000] {processor.py:186} INFO - Started process (PID=91085) to work on /home/airflow/.local/lib/python3.12/site-packages/airflow/example_dags/example_local_kubernetes_executor.py
[2025-03-16T19:24:42.954+0000] {processor.py:914} INFO - Processing file /home/airflow/.local/lib/python3.12/site-packages/airflow/example_dags/example_local_kubernetes_executor.py for tasks to queue
[2025-03-16T19:24:42.957+0000] {logging_mixin.py:190} INFO - [2025-03-16T19:24:42.957+0000] {dagbag.py:588} INFO - Filling up the DagBag from /home/airflow/.local/lib/python3.12/site-packages/airflow/example_dags/example_local_kubernetes_executor.py
[2025-03-16T19:24:42.978+0000] {processor.py:925} INFO - DAG(s) 'example_local_kubernetes_executor' retrieved from /home/airflow/.local/lib/python3.12/site-packages/airflow/example_dags/example_local_kubernetes_executor.py
[2025-03-16T19:24:43.020+0000] {logging_mixin.py:190} INFO - [2025-03-16T19:24:43.019+0000] {dag.py:3239} INFO - Sync 1 DAGs
[2025-03-16T19:24:43.051+0000] {logging_mixin.py:190} INFO - [2025-03-16T19:24:43.051+0000] {dag.py:4180} INFO - Setting next_dagrun for example_local_kubernetes_executor to None, run_after=None
[2025-03-16T19:24:43.094+0000] {processor.py:208} INFO - Processing /home/airflow/.local/lib/python3.12/site-packages/airflow/example_dags/example_local_kubernetes_executor.py took 0.157 seconds
[2025-03-16T19:25:14.061+0000] {processor.py:186} INFO - Started process (PID=91143) to work on /home/airflow/.local/lib/python3.12/site-packages/airflow/example_dags/example_local_kubernetes_executor.py
[2025-03-16T19:25:14.063+0000] {processor.py:914} INFO - Processing file /home/airflow/.local/lib/python3.12/site-packages/airflow/example_dags/example_local_kubernetes_executor.py for tasks to queue
[2025-03-16T19:25:14.065+0000] {logging_mixin.py:190} INFO - [2025-03-16T19:25:14.064+0000] {dagbag.py:588} INFO - Filling up the DagBag from /home/airflow/.local/lib/python3.12/site-packages/airflow/example_dags/example_local_kubernetes_executor.py
[2025-03-16T19:25:14.082+0000] {processor.py:925} INFO - DAG(s) 'example_local_kubernetes_executor' retrieved from /home/airflow/.local/lib/python3.12/site-packages/airflow/example_dags/example_local_kubernetes_executor.py
[2025-03-16T19:25:14.119+0000] {logging_mixin.py:190} INFO - [2025-03-16T19:25:14.119+0000] {dag.py:3239} INFO - Sync 1 DAGs
[2025-03-16T19:25:14.148+0000] {logging_mixin.py:190} INFO - [2025-03-16T19:25:14.147+0000] {dag.py:4180} INFO - Setting next_dagrun for example_local_kubernetes_executor to None, run_after=None
[2025-03-16T19:25:14.185+0000] {processor.py:208} INFO - Processing /home/airflow/.local/lib/python3.12/site-packages/airflow/example_dags/example_local_kubernetes_executor.py took 0.136 seconds
[2025-03-16T19:25:45.473+0000] {processor.py:186} INFO - Started process (PID=91207) to work on /home/airflow/.local/lib/python3.12/site-packages/airflow/example_dags/example_local_kubernetes_executor.py
[2025-03-16T19:25:45.475+0000] {processor.py:914} INFO - Processing file /home/airflow/.local/lib/python3.12/site-packages/airflow/example_dags/example_local_kubernetes_executor.py for tasks to queue
[2025-03-16T19:25:45.480+0000] {logging_mixin.py:190} INFO - [2025-03-16T19:25:45.480+0000] {dagbag.py:588} INFO - Filling up the DagBag from /home/airflow/.local/lib/python3.12/site-packages/airflow/example_dags/example_local_kubernetes_executor.py
[2025-03-16T19:25:45.498+0000] {processor.py:925} INFO - DAG(s) 'example_local_kubernetes_executor' retrieved from /home/airflow/.local/lib/python3.12/site-packages/airflow/example_dags/example_local_kubernetes_executor.py
[2025-03-16T19:25:45.537+0000] {logging_mixin.py:190} INFO - [2025-03-16T19:25:45.537+0000] {dag.py:3239} INFO - Sync 1 DAGs
[2025-03-16T19:25:45.567+0000] {logging_mixin.py:190} INFO - [2025-03-16T19:25:45.566+0000] {dag.py:4180} INFO - Setting next_dagrun for example_local_kubernetes_executor to None, run_after=None
[2025-03-16T19:25:45.610+0000] {processor.py:208} INFO - Processing /home/airflow/.local/lib/python3.12/site-packages/airflow/example_dags/example_local_kubernetes_executor.py took 0.148 seconds
[2025-03-16T19:26:15.867+0000] {processor.py:186} INFO - Started process (PID=91267) to work on /home/airflow/.local/lib/python3.12/site-packages/airflow/example_dags/example_local_kubernetes_executor.py
[2025-03-16T19:26:15.870+0000] {processor.py:914} INFO - Processing file /home/airflow/.local/lib/python3.12/site-packages/airflow/example_dags/example_local_kubernetes_executor.py for tasks to queue
[2025-03-16T19:26:15.873+0000] {logging_mixin.py:190} INFO - [2025-03-16T19:26:15.873+0000] {dagbag.py:588} INFO - Filling up the DagBag from /home/airflow/.local/lib/python3.12/site-packages/airflow/example_dags/example_local_kubernetes_executor.py
[2025-03-16T19:26:15.890+0000] {processor.py:925} INFO - DAG(s) 'example_local_kubernetes_executor' retrieved from /home/airflow/.local/lib/python3.12/site-packages/airflow/example_dags/example_local_kubernetes_executor.py
[2025-03-16T19:26:15.924+0000] {logging_mixin.py:190} INFO - [2025-03-16T19:26:15.923+0000] {dag.py:3239} INFO - Sync 1 DAGs
[2025-03-16T19:26:15.951+0000] {logging_mixin.py:190} INFO - [2025-03-16T19:26:15.951+0000] {dag.py:4180} INFO - Setting next_dagrun for example_local_kubernetes_executor to None, run_after=None
[2025-03-16T19:26:15.986+0000] {processor.py:208} INFO - Processing /home/airflow/.local/lib/python3.12/site-packages/airflow/example_dags/example_local_kubernetes_executor.py took 0.127 seconds
[2025-03-16T19:26:46.777+0000] {processor.py:186} INFO - Started process (PID=91329) to work on /home/airflow/.local/lib/python3.12/site-packages/airflow/example_dags/example_local_kubernetes_executor.py
[2025-03-16T19:26:46.780+0000] {processor.py:914} INFO - Processing file /home/airflow/.local/lib/python3.12/site-packages/airflow/example_dags/example_local_kubernetes_executor.py for tasks to queue
[2025-03-16T19:26:46.782+0000] {logging_mixin.py:190} INFO - [2025-03-16T19:26:46.781+0000] {dagbag.py:588} INFO - Filling up the DagBag from /home/airflow/.local/lib/python3.12/site-packages/airflow/example_dags/example_local_kubernetes_executor.py
[2025-03-16T19:26:46.798+0000] {processor.py:925} INFO - DAG(s) 'example_local_kubernetes_executor' retrieved from /home/airflow/.local/lib/python3.12/site-packages/airflow/example_dags/example_local_kubernetes_executor.py
[2025-03-16T19:26:46.836+0000] {logging_mixin.py:190} INFO - [2025-03-16T19:26:46.835+0000] {dag.py:3239} INFO - Sync 1 DAGs
[2025-03-16T19:26:46.867+0000] {logging_mixin.py:190} INFO - [2025-03-16T19:26:46.866+0000] {dag.py:4180} INFO - Setting next_dagrun for example_local_kubernetes_executor to None, run_after=None
[2025-03-16T19:26:46.902+0000] {processor.py:208} INFO - Processing /home/airflow/.local/lib/python3.12/site-packages/airflow/example_dags/example_local_kubernetes_executor.py took 0.139 seconds
[2025-03-16T19:27:17.983+0000] {processor.py:186} INFO - Started process (PID=91393) to work on /home/airflow/.local/lib/python3.12/site-packages/airflow/example_dags/example_local_kubernetes_executor.py
[2025-03-16T19:27:17.985+0000] {processor.py:914} INFO - Processing file /home/airflow/.local/lib/python3.12/site-packages/airflow/example_dags/example_local_kubernetes_executor.py for tasks to queue
[2025-03-16T19:27:17.987+0000] {logging_mixin.py:190} INFO - [2025-03-16T19:27:17.986+0000] {dagbag.py:588} INFO - Filling up the DagBag from /home/airflow/.local/lib/python3.12/site-packages/airflow/example_dags/example_local_kubernetes_executor.py
[2025-03-16T19:27:18.022+0000] {processor.py:925} INFO - DAG(s) 'example_local_kubernetes_executor' retrieved from /home/airflow/.local/lib/python3.12/site-packages/airflow/example_dags/example_local_kubernetes_executor.py
[2025-03-16T19:27:18.068+0000] {logging_mixin.py:190} INFO - [2025-03-16T19:27:18.068+0000] {dag.py:3239} INFO - Sync 1 DAGs
[2025-03-16T19:27:18.095+0000] {logging_mixin.py:190} INFO - [2025-03-16T19:27:18.095+0000] {dag.py:4180} INFO - Setting next_dagrun for example_local_kubernetes_executor to None, run_after=None
[2025-03-16T19:27:18.125+0000] {processor.py:208} INFO - Processing /home/airflow/.local/lib/python3.12/site-packages/airflow/example_dags/example_local_kubernetes_executor.py took 0.152 seconds
[2025-03-16T19:27:50.233+0000] {processor.py:186} INFO - Started process (PID=91457) to work on /home/airflow/.local/lib/python3.12/site-packages/airflow/example_dags/example_local_kubernetes_executor.py
[2025-03-16T19:27:50.235+0000] {processor.py:914} INFO - Processing file /home/airflow/.local/lib/python3.12/site-packages/airflow/example_dags/example_local_kubernetes_executor.py for tasks to queue
[2025-03-16T19:27:50.237+0000] {logging_mixin.py:190} INFO - [2025-03-16T19:27:50.237+0000] {dagbag.py:588} INFO - Filling up the DagBag from /home/airflow/.local/lib/python3.12/site-packages/airflow/example_dags/example_local_kubernetes_executor.py
[2025-03-16T19:27:50.255+0000] {processor.py:925} INFO - DAG(s) 'example_local_kubernetes_executor' retrieved from /home/airflow/.local/lib/python3.12/site-packages/airflow/example_dags/example_local_kubernetes_executor.py
[2025-03-16T19:27:50.294+0000] {logging_mixin.py:190} INFO - [2025-03-16T19:27:50.293+0000] {dag.py:3239} INFO - Sync 1 DAGs
[2025-03-16T19:27:50.322+0000] {logging_mixin.py:190} INFO - [2025-03-16T19:27:50.321+0000] {dag.py:4180} INFO - Setting next_dagrun for example_local_kubernetes_executor to None, run_after=None
[2025-03-16T19:27:50.356+0000] {processor.py:208} INFO - Processing /home/airflow/.local/lib/python3.12/site-packages/airflow/example_dags/example_local_kubernetes_executor.py took 0.133 seconds
[2025-03-16T19:28:20.792+0000] {processor.py:186} INFO - Started process (PID=91521) to work on /home/airflow/.local/lib/python3.12/site-packages/airflow/example_dags/example_local_kubernetes_executor.py
[2025-03-16T19:28:20.793+0000] {processor.py:914} INFO - Processing file /home/airflow/.local/lib/python3.12/site-packages/airflow/example_dags/example_local_kubernetes_executor.py for tasks to queue
[2025-03-16T19:28:20.795+0000] {logging_mixin.py:190} INFO - [2025-03-16T19:28:20.794+0000] {dagbag.py:588} INFO - Filling up the DagBag from /home/airflow/.local/lib/python3.12/site-packages/airflow/example_dags/example_local_kubernetes_executor.py
[2025-03-16T19:28:20.813+0000] {processor.py:925} INFO - DAG(s) 'example_local_kubernetes_executor' retrieved from /home/airflow/.local/lib/python3.12/site-packages/airflow/example_dags/example_local_kubernetes_executor.py
[2025-03-16T19:28:20.858+0000] {logging_mixin.py:190} INFO - [2025-03-16T19:28:20.857+0000] {dag.py:3239} INFO - Sync 1 DAGs
[2025-03-16T19:28:20.886+0000] {logging_mixin.py:190} INFO - [2025-03-16T19:28:20.885+0000] {dag.py:4180} INFO - Setting next_dagrun for example_local_kubernetes_executor to None, run_after=None
[2025-03-16T19:28:20.927+0000] {processor.py:208} INFO - Processing /home/airflow/.local/lib/python3.12/site-packages/airflow/example_dags/example_local_kubernetes_executor.py took 0.148 seconds
[2025-03-16T19:28:51.961+0000] {processor.py:186} INFO - Started process (PID=91582) to work on /home/airflow/.local/lib/python3.12/site-packages/airflow/example_dags/example_local_kubernetes_executor.py
[2025-03-16T19:28:51.964+0000] {processor.py:914} INFO - Processing file /home/airflow/.local/lib/python3.12/site-packages/airflow/example_dags/example_local_kubernetes_executor.py for tasks to queue
[2025-03-16T19:28:51.970+0000] {logging_mixin.py:190} INFO - [2025-03-16T19:28:51.969+0000] {dagbag.py:588} INFO - Filling up the DagBag from /home/airflow/.local/lib/python3.12/site-packages/airflow/example_dags/example_local_kubernetes_executor.py
[2025-03-16T19:28:51.989+0000] {processor.py:925} INFO - DAG(s) 'example_local_kubernetes_executor' retrieved from /home/airflow/.local/lib/python3.12/site-packages/airflow/example_dags/example_local_kubernetes_executor.py
[2025-03-16T19:28:52.034+0000] {logging_mixin.py:190} INFO - [2025-03-16T19:28:52.033+0000] {dag.py:3239} INFO - Sync 1 DAGs
[2025-03-16T19:28:52.062+0000] {logging_mixin.py:190} INFO - [2025-03-16T19:28:52.062+0000] {dag.py:4180} INFO - Setting next_dagrun for example_local_kubernetes_executor to None, run_after=None
[2025-03-16T19:28:52.104+0000] {processor.py:208} INFO - Processing /home/airflow/.local/lib/python3.12/site-packages/airflow/example_dags/example_local_kubernetes_executor.py took 0.152 seconds
[2025-03-16T19:29:22.708+0000] {processor.py:186} INFO - Started process (PID=91645) to work on /home/airflow/.local/lib/python3.12/site-packages/airflow/example_dags/example_local_kubernetes_executor.py
[2025-03-16T19:29:22.711+0000] {processor.py:914} INFO - Processing file /home/airflow/.local/lib/python3.12/site-packages/airflow/example_dags/example_local_kubernetes_executor.py for tasks to queue
[2025-03-16T19:29:22.713+0000] {logging_mixin.py:190} INFO - [2025-03-16T19:29:22.713+0000] {dagbag.py:588} INFO - Filling up the DagBag from /home/airflow/.local/lib/python3.12/site-packages/airflow/example_dags/example_local_kubernetes_executor.py
[2025-03-16T19:29:22.733+0000] {processor.py:925} INFO - DAG(s) 'example_local_kubernetes_executor' retrieved from /home/airflow/.local/lib/python3.12/site-packages/airflow/example_dags/example_local_kubernetes_executor.py
[2025-03-16T19:29:22.770+0000] {logging_mixin.py:190} INFO - [2025-03-16T19:29:22.770+0000] {dag.py:3239} INFO - Sync 1 DAGs
[2025-03-16T19:29:22.800+0000] {logging_mixin.py:190} INFO - [2025-03-16T19:29:22.800+0000] {dag.py:4180} INFO - Setting next_dagrun for example_local_kubernetes_executor to None, run_after=None
[2025-03-16T19:29:22.835+0000] {processor.py:208} INFO - Processing /home/airflow/.local/lib/python3.12/site-packages/airflow/example_dags/example_local_kubernetes_executor.py took 0.137 seconds
[2025-03-16T19:29:54.889+0000] {processor.py:186} INFO - Started process (PID=91710) to work on /home/airflow/.local/lib/python3.12/site-packages/airflow/example_dags/example_local_kubernetes_executor.py
[2025-03-16T19:29:54.891+0000] {processor.py:914} INFO - Processing file /home/airflow/.local/lib/python3.12/site-packages/airflow/example_dags/example_local_kubernetes_executor.py for tasks to queue
[2025-03-16T19:29:54.896+0000] {logging_mixin.py:190} INFO - [2025-03-16T19:29:54.894+0000] {dagbag.py:588} INFO - Filling up the DagBag from /home/airflow/.local/lib/python3.12/site-packages/airflow/example_dags/example_local_kubernetes_executor.py
[2025-03-16T19:29:54.916+0000] {processor.py:925} INFO - DAG(s) 'example_local_kubernetes_executor' retrieved from /home/airflow/.local/lib/python3.12/site-packages/airflow/example_dags/example_local_kubernetes_executor.py
[2025-03-16T19:29:55.247+0000] {logging_mixin.py:190} INFO - [2025-03-16T19:29:55.246+0000] {dag.py:3239} INFO - Sync 1 DAGs
[2025-03-16T19:29:55.273+0000] {logging_mixin.py:190} INFO - [2025-03-16T19:29:55.272+0000] {dag.py:4180} INFO - Setting next_dagrun for example_local_kubernetes_executor to None, run_after=None
[2025-03-16T19:29:55.308+0000] {processor.py:208} INFO - Processing /home/airflow/.local/lib/python3.12/site-packages/airflow/example_dags/example_local_kubernetes_executor.py took 0.429 seconds
[2025-03-16T19:30:25.657+0000] {processor.py:186} INFO - Started process (PID=91774) to work on /home/airflow/.local/lib/python3.12/site-packages/airflow/example_dags/example_local_kubernetes_executor.py
[2025-03-16T19:30:25.659+0000] {processor.py:914} INFO - Processing file /home/airflow/.local/lib/python3.12/site-packages/airflow/example_dags/example_local_kubernetes_executor.py for tasks to queue
[2025-03-16T19:30:25.661+0000] {logging_mixin.py:190} INFO - [2025-03-16T19:30:25.660+0000] {dagbag.py:588} INFO - Filling up the DagBag from /home/airflow/.local/lib/python3.12/site-packages/airflow/example_dags/example_local_kubernetes_executor.py
[2025-03-16T19:30:25.676+0000] {processor.py:925} INFO - DAG(s) 'example_local_kubernetes_executor' retrieved from /home/airflow/.local/lib/python3.12/site-packages/airflow/example_dags/example_local_kubernetes_executor.py
[2025-03-16T19:30:25.714+0000] {logging_mixin.py:190} INFO - [2025-03-16T19:30:25.713+0000] {dag.py:3239} INFO - Sync 1 DAGs
[2025-03-16T19:30:25.738+0000] {logging_mixin.py:190} INFO - [2025-03-16T19:30:25.738+0000] {dag.py:4180} INFO - Setting next_dagrun for example_local_kubernetes_executor to None, run_after=None
[2025-03-16T19:30:25.772+0000] {processor.py:208} INFO - Processing /home/airflow/.local/lib/python3.12/site-packages/airflow/example_dags/example_local_kubernetes_executor.py took 0.126 seconds
[2025-03-16T19:30:56.045+0000] {processor.py:186} INFO - Started process (PID=91838) to work on /home/airflow/.local/lib/python3.12/site-packages/airflow/example_dags/example_local_kubernetes_executor.py
[2025-03-16T19:30:56.047+0000] {processor.py:914} INFO - Processing file /home/airflow/.local/lib/python3.12/site-packages/airflow/example_dags/example_local_kubernetes_executor.py for tasks to queue
[2025-03-16T19:30:56.049+0000] {logging_mixin.py:190} INFO - [2025-03-16T19:30:56.049+0000] {dagbag.py:588} INFO - Filling up the DagBag from /home/airflow/.local/lib/python3.12/site-packages/airflow/example_dags/example_local_kubernetes_executor.py
[2025-03-16T19:30:56.077+0000] {processor.py:925} INFO - DAG(s) 'example_local_kubernetes_executor' retrieved from /home/airflow/.local/lib/python3.12/site-packages/airflow/example_dags/example_local_kubernetes_executor.py
[2025-03-16T19:30:56.120+0000] {logging_mixin.py:190} INFO - [2025-03-16T19:30:56.119+0000] {dag.py:3239} INFO - Sync 1 DAGs
[2025-03-16T19:30:56.159+0000] {logging_mixin.py:190} INFO - [2025-03-16T19:30:56.158+0000] {dag.py:4180} INFO - Setting next_dagrun for example_local_kubernetes_executor to None, run_after=None
[2025-03-16T19:30:56.202+0000] {processor.py:208} INFO - Processing /home/airflow/.local/lib/python3.12/site-packages/airflow/example_dags/example_local_kubernetes_executor.py took 0.173 seconds
[2025-03-16T19:31:26.345+0000] {processor.py:186} INFO - Started process (PID=91901) to work on /home/airflow/.local/lib/python3.12/site-packages/airflow/example_dags/example_local_kubernetes_executor.py
[2025-03-16T19:31:26.348+0000] {processor.py:914} INFO - Processing file /home/airflow/.local/lib/python3.12/site-packages/airflow/example_dags/example_local_kubernetes_executor.py for tasks to queue
[2025-03-16T19:31:26.355+0000] {logging_mixin.py:190} INFO - [2025-03-16T19:31:26.354+0000] {dagbag.py:588} INFO - Filling up the DagBag from /home/airflow/.local/lib/python3.12/site-packages/airflow/example_dags/example_local_kubernetes_executor.py
[2025-03-16T19:31:26.378+0000] {processor.py:925} INFO - DAG(s) 'example_local_kubernetes_executor' retrieved from /home/airflow/.local/lib/python3.12/site-packages/airflow/example_dags/example_local_kubernetes_executor.py
[2025-03-16T19:31:26.429+0000] {logging_mixin.py:190} INFO - [2025-03-16T19:31:26.428+0000] {dag.py:3239} INFO - Sync 1 DAGs
[2025-03-16T19:31:26.462+0000] {logging_mixin.py:190} INFO - [2025-03-16T19:31:26.462+0000] {dag.py:4180} INFO - Setting next_dagrun for example_local_kubernetes_executor to None, run_after=None
[2025-03-16T19:31:26.511+0000] {processor.py:208} INFO - Processing /home/airflow/.local/lib/python3.12/site-packages/airflow/example_dags/example_local_kubernetes_executor.py took 0.186 seconds
[2025-03-16T19:31:56.814+0000] {processor.py:186} INFO - Started process (PID=91965) to work on /home/airflow/.local/lib/python3.12/site-packages/airflow/example_dags/example_local_kubernetes_executor.py
[2025-03-16T19:31:56.816+0000] {processor.py:914} INFO - Processing file /home/airflow/.local/lib/python3.12/site-packages/airflow/example_dags/example_local_kubernetes_executor.py for tasks to queue
[2025-03-16T19:31:56.818+0000] {logging_mixin.py:190} INFO - [2025-03-16T19:31:56.818+0000] {dagbag.py:588} INFO - Filling up the DagBag from /home/airflow/.local/lib/python3.12/site-packages/airflow/example_dags/example_local_kubernetes_executor.py
[2025-03-16T19:31:56.836+0000] {processor.py:925} INFO - DAG(s) 'example_local_kubernetes_executor' retrieved from /home/airflow/.local/lib/python3.12/site-packages/airflow/example_dags/example_local_kubernetes_executor.py
[2025-03-16T19:31:56.896+0000] {logging_mixin.py:190} INFO - [2025-03-16T19:31:56.895+0000] {dag.py:3239} INFO - Sync 1 DAGs
[2025-03-16T19:31:56.933+0000] {logging_mixin.py:190} INFO - [2025-03-16T19:31:56.933+0000] {dag.py:4180} INFO - Setting next_dagrun for example_local_kubernetes_executor to None, run_after=None
[2025-03-16T19:31:56.970+0000] {processor.py:208} INFO - Processing /home/airflow/.local/lib/python3.12/site-packages/airflow/example_dags/example_local_kubernetes_executor.py took 0.168 seconds
[2025-03-16T19:32:27.221+0000] {processor.py:186} INFO - Started process (PID=92035) to work on /home/airflow/.local/lib/python3.12/site-packages/airflow/example_dags/example_local_kubernetes_executor.py
[2025-03-16T19:32:27.224+0000] {processor.py:914} INFO - Processing file /home/airflow/.local/lib/python3.12/site-packages/airflow/example_dags/example_local_kubernetes_executor.py for tasks to queue
[2025-03-16T19:32:27.226+0000] {logging_mixin.py:190} INFO - [2025-03-16T19:32:27.225+0000] {dagbag.py:588} INFO - Filling up the DagBag from /home/airflow/.local/lib/python3.12/site-packages/airflow/example_dags/example_local_kubernetes_executor.py
[2025-03-16T19:32:27.243+0000] {processor.py:925} INFO - DAG(s) 'example_local_kubernetes_executor' retrieved from /home/airflow/.local/lib/python3.12/site-packages/airflow/example_dags/example_local_kubernetes_executor.py
[2025-03-16T19:32:27.280+0000] {logging_mixin.py:190} INFO - [2025-03-16T19:32:27.280+0000] {dag.py:3239} INFO - Sync 1 DAGs
[2025-03-16T19:32:27.310+0000] {logging_mixin.py:190} INFO - [2025-03-16T19:32:27.310+0000] {dag.py:4180} INFO - Setting next_dagrun for example_local_kubernetes_executor to None, run_after=None
[2025-03-16T19:32:27.345+0000] {processor.py:208} INFO - Processing /home/airflow/.local/lib/python3.12/site-packages/airflow/example_dags/example_local_kubernetes_executor.py took 0.135 seconds
[2025-03-16T19:32:57.794+0000] {processor.py:186} INFO - Started process (PID=92099) to work on /home/airflow/.local/lib/python3.12/site-packages/airflow/example_dags/example_local_kubernetes_executor.py
[2025-03-16T19:32:57.795+0000] {processor.py:914} INFO - Processing file /home/airflow/.local/lib/python3.12/site-packages/airflow/example_dags/example_local_kubernetes_executor.py for tasks to queue
[2025-03-16T19:32:57.797+0000] {logging_mixin.py:190} INFO - [2025-03-16T19:32:57.797+0000] {dagbag.py:588} INFO - Filling up the DagBag from /home/airflow/.local/lib/python3.12/site-packages/airflow/example_dags/example_local_kubernetes_executor.py
[2025-03-16T19:32:57.812+0000] {processor.py:925} INFO - DAG(s) 'example_local_kubernetes_executor' retrieved from /home/airflow/.local/lib/python3.12/site-packages/airflow/example_dags/example_local_kubernetes_executor.py
[2025-03-16T19:32:57.850+0000] {logging_mixin.py:190} INFO - [2025-03-16T19:32:57.849+0000] {dag.py:3239} INFO - Sync 1 DAGs
[2025-03-16T19:32:57.875+0000] {logging_mixin.py:190} INFO - [2025-03-16T19:32:57.875+0000] {dag.py:4180} INFO - Setting next_dagrun for example_local_kubernetes_executor to None, run_after=None
[2025-03-16T19:32:57.911+0000] {processor.py:208} INFO - Processing /home/airflow/.local/lib/python3.12/site-packages/airflow/example_dags/example_local_kubernetes_executor.py took 0.127 seconds
[2025-03-16T19:33:28.375+0000] {processor.py:186} INFO - Started process (PID=92156) to work on /home/airflow/.local/lib/python3.12/site-packages/airflow/example_dags/example_local_kubernetes_executor.py
[2025-03-16T19:33:28.377+0000] {processor.py:914} INFO - Processing file /home/airflow/.local/lib/python3.12/site-packages/airflow/example_dags/example_local_kubernetes_executor.py for tasks to queue
[2025-03-16T19:33:28.381+0000] {logging_mixin.py:190} INFO - [2025-03-16T19:33:28.380+0000] {dagbag.py:588} INFO - Filling up the DagBag from /home/airflow/.local/lib/python3.12/site-packages/airflow/example_dags/example_local_kubernetes_executor.py
[2025-03-16T19:33:28.394+0000] {processor.py:925} INFO - DAG(s) 'example_local_kubernetes_executor' retrieved from /home/airflow/.local/lib/python3.12/site-packages/airflow/example_dags/example_local_kubernetes_executor.py
[2025-03-16T19:33:28.430+0000] {logging_mixin.py:190} INFO - [2025-03-16T19:33:28.429+0000] {dag.py:3239} INFO - Sync 1 DAGs
[2025-03-16T19:33:28.459+0000] {logging_mixin.py:190} INFO - [2025-03-16T19:33:28.458+0000] {dag.py:4180} INFO - Setting next_dagrun for example_local_kubernetes_executor to None, run_after=None
[2025-03-16T19:33:28.495+0000] {processor.py:208} INFO - Processing /home/airflow/.local/lib/python3.12/site-packages/airflow/example_dags/example_local_kubernetes_executor.py took 0.129 seconds
[2025-03-16T19:33:59.234+0000] {processor.py:186} INFO - Started process (PID=92225) to work on /home/airflow/.local/lib/python3.12/site-packages/airflow/example_dags/example_local_kubernetes_executor.py
[2025-03-16T19:33:59.236+0000] {processor.py:914} INFO - Processing file /home/airflow/.local/lib/python3.12/site-packages/airflow/example_dags/example_local_kubernetes_executor.py for tasks to queue
[2025-03-16T19:33:59.238+0000] {logging_mixin.py:190} INFO - [2025-03-16T19:33:59.237+0000] {dagbag.py:588} INFO - Filling up the DagBag from /home/airflow/.local/lib/python3.12/site-packages/airflow/example_dags/example_local_kubernetes_executor.py
[2025-03-16T19:33:59.255+0000] {processor.py:925} INFO - DAG(s) 'example_local_kubernetes_executor' retrieved from /home/airflow/.local/lib/python3.12/site-packages/airflow/example_dags/example_local_kubernetes_executor.py
[2025-03-16T19:33:59.299+0000] {logging_mixin.py:190} INFO - [2025-03-16T19:33:59.299+0000] {dag.py:3239} INFO - Sync 1 DAGs
[2025-03-16T19:33:59.360+0000] {logging_mixin.py:190} INFO - [2025-03-16T19:33:59.359+0000] {dag.py:4180} INFO - Setting next_dagrun for example_local_kubernetes_executor to None, run_after=None
[2025-03-16T19:33:59.418+0000] {processor.py:208} INFO - Processing /home/airflow/.local/lib/python3.12/site-packages/airflow/example_dags/example_local_kubernetes_executor.py took 0.195 seconds
[2025-03-16T19:34:29.830+0000] {processor.py:186} INFO - Started process (PID=92290) to work on /home/airflow/.local/lib/python3.12/site-packages/airflow/example_dags/example_local_kubernetes_executor.py
[2025-03-16T19:34:29.833+0000] {processor.py:914} INFO - Processing file /home/airflow/.local/lib/python3.12/site-packages/airflow/example_dags/example_local_kubernetes_executor.py for tasks to queue
[2025-03-16T19:34:29.836+0000] {logging_mixin.py:190} INFO - [2025-03-16T19:34:29.835+0000] {dagbag.py:588} INFO - Filling up the DagBag from /home/airflow/.local/lib/python3.12/site-packages/airflow/example_dags/example_local_kubernetes_executor.py
[2025-03-16T19:34:29.854+0000] {processor.py:925} INFO - DAG(s) 'example_local_kubernetes_executor' retrieved from /home/airflow/.local/lib/python3.12/site-packages/airflow/example_dags/example_local_kubernetes_executor.py
[2025-03-16T19:34:29.890+0000] {logging_mixin.py:190} INFO - [2025-03-16T19:34:29.890+0000] {dag.py:3239} INFO - Sync 1 DAGs
[2025-03-16T19:34:29.918+0000] {logging_mixin.py:190} INFO - [2025-03-16T19:34:29.918+0000] {dag.py:4180} INFO - Setting next_dagrun for example_local_kubernetes_executor to None, run_after=None
[2025-03-16T19:34:29.947+0000] {processor.py:208} INFO - Processing /home/airflow/.local/lib/python3.12/site-packages/airflow/example_dags/example_local_kubernetes_executor.py took 0.128 seconds
[2025-03-16T19:35:00.443+0000] {processor.py:186} INFO - Started process (PID=92354) to work on /home/airflow/.local/lib/python3.12/site-packages/airflow/example_dags/example_local_kubernetes_executor.py
[2025-03-16T19:35:00.444+0000] {processor.py:914} INFO - Processing file /home/airflow/.local/lib/python3.12/site-packages/airflow/example_dags/example_local_kubernetes_executor.py for tasks to queue
[2025-03-16T19:35:00.447+0000] {logging_mixin.py:190} INFO - [2025-03-16T19:35:00.446+0000] {dagbag.py:588} INFO - Filling up the DagBag from /home/airflow/.local/lib/python3.12/site-packages/airflow/example_dags/example_local_kubernetes_executor.py
[2025-03-16T19:35:00.463+0000] {processor.py:925} INFO - DAG(s) 'example_local_kubernetes_executor' retrieved from /home/airflow/.local/lib/python3.12/site-packages/airflow/example_dags/example_local_kubernetes_executor.py
[2025-03-16T19:35:00.494+0000] {logging_mixin.py:190} INFO - [2025-03-16T19:35:00.494+0000] {dag.py:3239} INFO - Sync 1 DAGs
[2025-03-16T19:35:00.516+0000] {logging_mixin.py:190} INFO - [2025-03-16T19:35:00.516+0000] {dag.py:4180} INFO - Setting next_dagrun for example_local_kubernetes_executor to None, run_after=None
[2025-03-16T19:35:00.544+0000] {processor.py:208} INFO - Processing /home/airflow/.local/lib/python3.12/site-packages/airflow/example_dags/example_local_kubernetes_executor.py took 0.110 seconds
[2025-03-16T19:35:31.144+0000] {processor.py:186} INFO - Started process (PID=92418) to work on /home/airflow/.local/lib/python3.12/site-packages/airflow/example_dags/example_local_kubernetes_executor.py
[2025-03-16T19:35:31.145+0000] {processor.py:914} INFO - Processing file /home/airflow/.local/lib/python3.12/site-packages/airflow/example_dags/example_local_kubernetes_executor.py for tasks to queue
[2025-03-16T19:35:31.148+0000] {logging_mixin.py:190} INFO - [2025-03-16T19:35:31.147+0000] {dagbag.py:588} INFO - Filling up the DagBag from /home/airflow/.local/lib/python3.12/site-packages/airflow/example_dags/example_local_kubernetes_executor.py
[2025-03-16T19:35:31.166+0000] {processor.py:925} INFO - DAG(s) 'example_local_kubernetes_executor' retrieved from /home/airflow/.local/lib/python3.12/site-packages/airflow/example_dags/example_local_kubernetes_executor.py
[2025-03-16T19:35:31.198+0000] {logging_mixin.py:190} INFO - [2025-03-16T19:35:31.198+0000] {dag.py:3239} INFO - Sync 1 DAGs
[2025-03-16T19:35:31.225+0000] {logging_mixin.py:190} INFO - [2025-03-16T19:35:31.224+0000] {dag.py:4180} INFO - Setting next_dagrun for example_local_kubernetes_executor to None, run_after=None
[2025-03-16T19:35:31.253+0000] {processor.py:208} INFO - Processing /home/airflow/.local/lib/python3.12/site-packages/airflow/example_dags/example_local_kubernetes_executor.py took 0.119 seconds
[2025-03-16T19:36:01.961+0000] {processor.py:186} INFO - Started process (PID=92482) to work on /home/airflow/.local/lib/python3.12/site-packages/airflow/example_dags/example_local_kubernetes_executor.py
[2025-03-16T19:36:01.963+0000] {processor.py:914} INFO - Processing file /home/airflow/.local/lib/python3.12/site-packages/airflow/example_dags/example_local_kubernetes_executor.py for tasks to queue
[2025-03-16T19:36:01.965+0000] {logging_mixin.py:190} INFO - [2025-03-16T19:36:01.964+0000] {dagbag.py:588} INFO - Filling up the DagBag from /home/airflow/.local/lib/python3.12/site-packages/airflow/example_dags/example_local_kubernetes_executor.py
[2025-03-16T19:36:01.979+0000] {processor.py:925} INFO - DAG(s) 'example_local_kubernetes_executor' retrieved from /home/airflow/.local/lib/python3.12/site-packages/airflow/example_dags/example_local_kubernetes_executor.py
[2025-03-16T19:36:02.009+0000] {logging_mixin.py:190} INFO - [2025-03-16T19:36:02.008+0000] {dag.py:3239} INFO - Sync 1 DAGs
[2025-03-16T19:36:02.032+0000] {logging_mixin.py:190} INFO - [2025-03-16T19:36:02.031+0000] {dag.py:4180} INFO - Setting next_dagrun for example_local_kubernetes_executor to None, run_after=None
[2025-03-16T19:36:02.060+0000] {processor.py:208} INFO - Processing /home/airflow/.local/lib/python3.12/site-packages/airflow/example_dags/example_local_kubernetes_executor.py took 0.107 seconds
[2025-03-16T19:36:32.476+0000] {processor.py:186} INFO - Started process (PID=92546) to work on /home/airflow/.local/lib/python3.12/site-packages/airflow/example_dags/example_local_kubernetes_executor.py
[2025-03-16T19:36:32.478+0000] {processor.py:914} INFO - Processing file /home/airflow/.local/lib/python3.12/site-packages/airflow/example_dags/example_local_kubernetes_executor.py for tasks to queue
[2025-03-16T19:36:32.480+0000] {logging_mixin.py:190} INFO - [2025-03-16T19:36:32.479+0000] {dagbag.py:588} INFO - Filling up the DagBag from /home/airflow/.local/lib/python3.12/site-packages/airflow/example_dags/example_local_kubernetes_executor.py
[2025-03-16T19:36:32.494+0000] {processor.py:925} INFO - DAG(s) 'example_local_kubernetes_executor' retrieved from /home/airflow/.local/lib/python3.12/site-packages/airflow/example_dags/example_local_kubernetes_executor.py
[2025-03-16T19:36:32.528+0000] {logging_mixin.py:190} INFO - [2025-03-16T19:36:32.528+0000] {dag.py:3239} INFO - Sync 1 DAGs
[2025-03-16T19:36:32.551+0000] {logging_mixin.py:190} INFO - [2025-03-16T19:36:32.550+0000] {dag.py:4180} INFO - Setting next_dagrun for example_local_kubernetes_executor to None, run_after=None
[2025-03-16T19:36:32.579+0000] {processor.py:208} INFO - Processing /home/airflow/.local/lib/python3.12/site-packages/airflow/example_dags/example_local_kubernetes_executor.py took 0.111 seconds
[2025-03-16T19:37:02.787+0000] {processor.py:186} INFO - Started process (PID=92610) to work on /home/airflow/.local/lib/python3.12/site-packages/airflow/example_dags/example_local_kubernetes_executor.py
[2025-03-16T19:37:02.788+0000] {processor.py:914} INFO - Processing file /home/airflow/.local/lib/python3.12/site-packages/airflow/example_dags/example_local_kubernetes_executor.py for tasks to queue
[2025-03-16T19:37:02.790+0000] {logging_mixin.py:190} INFO - [2025-03-16T19:37:02.790+0000] {dagbag.py:588} INFO - Filling up the DagBag from /home/airflow/.local/lib/python3.12/site-packages/airflow/example_dags/example_local_kubernetes_executor.py
[2025-03-16T19:37:02.805+0000] {processor.py:925} INFO - DAG(s) 'example_local_kubernetes_executor' retrieved from /home/airflow/.local/lib/python3.12/site-packages/airflow/example_dags/example_local_kubernetes_executor.py
[2025-03-16T19:37:02.834+0000] {logging_mixin.py:190} INFO - [2025-03-16T19:37:02.834+0000] {dag.py:3239} INFO - Sync 1 DAGs
[2025-03-16T19:37:02.856+0000] {logging_mixin.py:190} INFO - [2025-03-16T19:37:02.856+0000] {dag.py:4180} INFO - Setting next_dagrun for example_local_kubernetes_executor to None, run_after=None
[2025-03-16T19:37:02.885+0000] {processor.py:208} INFO - Processing /home/airflow/.local/lib/python3.12/site-packages/airflow/example_dags/example_local_kubernetes_executor.py took 0.106 seconds
[2025-03-16T19:37:33.298+0000] {processor.py:186} INFO - Started process (PID=92674) to work on /home/airflow/.local/lib/python3.12/site-packages/airflow/example_dags/example_local_kubernetes_executor.py
[2025-03-16T19:37:33.300+0000] {processor.py:914} INFO - Processing file /home/airflow/.local/lib/python3.12/site-packages/airflow/example_dags/example_local_kubernetes_executor.py for tasks to queue
[2025-03-16T19:37:33.303+0000] {logging_mixin.py:190} INFO - [2025-03-16T19:37:33.303+0000] {dagbag.py:588} INFO - Filling up the DagBag from /home/airflow/.local/lib/python3.12/site-packages/airflow/example_dags/example_local_kubernetes_executor.py
[2025-03-16T19:37:33.322+0000] {processor.py:925} INFO - DAG(s) 'example_local_kubernetes_executor' retrieved from /home/airflow/.local/lib/python3.12/site-packages/airflow/example_dags/example_local_kubernetes_executor.py
[2025-03-16T19:37:33.362+0000] {logging_mixin.py:190} INFO - [2025-03-16T19:37:33.361+0000] {dag.py:3239} INFO - Sync 1 DAGs
[2025-03-16T19:37:33.392+0000] {logging_mixin.py:190} INFO - [2025-03-16T19:37:33.392+0000] {dag.py:4180} INFO - Setting next_dagrun for example_local_kubernetes_executor to None, run_after=None
[2025-03-16T19:37:33.429+0000] {processor.py:208} INFO - Processing /home/airflow/.local/lib/python3.12/site-packages/airflow/example_dags/example_local_kubernetes_executor.py took 0.141 seconds
[2025-03-16T19:38:03.673+0000] {processor.py:186} INFO - Started process (PID=92738) to work on /home/airflow/.local/lib/python3.12/site-packages/airflow/example_dags/example_local_kubernetes_executor.py
[2025-03-16T19:38:03.675+0000] {processor.py:914} INFO - Processing file /home/airflow/.local/lib/python3.12/site-packages/airflow/example_dags/example_local_kubernetes_executor.py for tasks to queue
[2025-03-16T19:38:03.678+0000] {logging_mixin.py:190} INFO - [2025-03-16T19:38:03.677+0000] {dagbag.py:588} INFO - Filling up the DagBag from /home/airflow/.local/lib/python3.12/site-packages/airflow/example_dags/example_local_kubernetes_executor.py
[2025-03-16T19:38:03.696+0000] {processor.py:925} INFO - DAG(s) 'example_local_kubernetes_executor' retrieved from /home/airflow/.local/lib/python3.12/site-packages/airflow/example_dags/example_local_kubernetes_executor.py
[2025-03-16T19:38:03.738+0000] {logging_mixin.py:190} INFO - [2025-03-16T19:38:03.738+0000] {dag.py:3239} INFO - Sync 1 DAGs
[2025-03-16T19:38:03.766+0000] {logging_mixin.py:190} INFO - [2025-03-16T19:38:03.765+0000] {dag.py:4180} INFO - Setting next_dagrun for example_local_kubernetes_executor to None, run_after=None
[2025-03-16T19:38:03.804+0000] {processor.py:208} INFO - Processing /home/airflow/.local/lib/python3.12/site-packages/airflow/example_dags/example_local_kubernetes_executor.py took 0.142 seconds
[2025-03-16T19:38:33.938+0000] {processor.py:186} INFO - Started process (PID=92802) to work on /home/airflow/.local/lib/python3.12/site-packages/airflow/example_dags/example_local_kubernetes_executor.py
[2025-03-16T19:38:33.940+0000] {processor.py:914} INFO - Processing file /home/airflow/.local/lib/python3.12/site-packages/airflow/example_dags/example_local_kubernetes_executor.py for tasks to queue
[2025-03-16T19:38:33.942+0000] {logging_mixin.py:190} INFO - [2025-03-16T19:38:33.941+0000] {dagbag.py:588} INFO - Filling up the DagBag from /home/airflow/.local/lib/python3.12/site-packages/airflow/example_dags/example_local_kubernetes_executor.py
[2025-03-16T19:38:33.960+0000] {processor.py:925} INFO - DAG(s) 'example_local_kubernetes_executor' retrieved from /home/airflow/.local/lib/python3.12/site-packages/airflow/example_dags/example_local_kubernetes_executor.py
[2025-03-16T19:38:34.001+0000] {logging_mixin.py:190} INFO - [2025-03-16T19:38:34.000+0000] {dag.py:3239} INFO - Sync 1 DAGs
[2025-03-16T19:38:34.081+0000] {logging_mixin.py:190} INFO - [2025-03-16T19:38:34.081+0000] {dag.py:4180} INFO - Setting next_dagrun for example_local_kubernetes_executor to None, run_after=None
[2025-03-16T19:38:34.130+0000] {processor.py:208} INFO - Processing /home/airflow/.local/lib/python3.12/site-packages/airflow/example_dags/example_local_kubernetes_executor.py took 0.203 seconds
[2025-03-16T19:39:04.484+0000] {processor.py:186} INFO - Started process (PID=92864) to work on /home/airflow/.local/lib/python3.12/site-packages/airflow/example_dags/example_local_kubernetes_executor.py
[2025-03-16T19:39:04.486+0000] {processor.py:914} INFO - Processing file /home/airflow/.local/lib/python3.12/site-packages/airflow/example_dags/example_local_kubernetes_executor.py for tasks to queue
[2025-03-16T19:39:04.490+0000] {logging_mixin.py:190} INFO - [2025-03-16T19:39:04.489+0000] {dagbag.py:588} INFO - Filling up the DagBag from /home/airflow/.local/lib/python3.12/site-packages/airflow/example_dags/example_local_kubernetes_executor.py
[2025-03-16T19:39:04.509+0000] {processor.py:925} INFO - DAG(s) 'example_local_kubernetes_executor' retrieved from /home/airflow/.local/lib/python3.12/site-packages/airflow/example_dags/example_local_kubernetes_executor.py
[2025-03-16T19:39:04.549+0000] {logging_mixin.py:190} INFO - [2025-03-16T19:39:04.549+0000] {dag.py:3239} INFO - Sync 1 DAGs
[2025-03-16T19:39:04.577+0000] {logging_mixin.py:190} INFO - [2025-03-16T19:39:04.576+0000] {dag.py:4180} INFO - Setting next_dagrun for example_local_kubernetes_executor to None, run_after=None
[2025-03-16T19:39:04.611+0000] {processor.py:208} INFO - Processing /home/airflow/.local/lib/python3.12/site-packages/airflow/example_dags/example_local_kubernetes_executor.py took 0.136 seconds
