[2025-03-16T19:07:51.365+0000] {processor.py:186} INFO - Started process (PID=88946) to work on /home/airflow/.local/lib/python3.12/site-packages/airflow/example_dags/example_xcom.py
[2025-03-16T19:07:51.366+0000] {processor.py:914} INFO - Processing file /home/airflow/.local/lib/python3.12/site-packages/airflow/example_dags/example_xcom.py for tasks to queue
[2025-03-16T19:07:51.368+0000] {logging_mixin.py:190} INFO - [2025-03-16T19:07:51.368+0000] {dagbag.py:588} INFO - Filling up the DagBag from /home/airflow/.local/lib/python3.12/site-packages/airflow/example_dags/example_xcom.py
[2025-03-16T19:07:51.380+0000] {processor.py:925} INFO - DAG(s) 'example_xcom' retrieved from /home/airflow/.local/lib/python3.12/site-packages/airflow/example_dags/example_xcom.py
[2025-03-16T19:07:51.405+0000] {logging_mixin.py:190} INFO - [2025-03-16T19:07:51.405+0000] {dag.py:3239} INFO - Sync 1 DAGs
[2025-03-16T19:07:51.433+0000] {logging_mixin.py:190} INFO - [2025-03-16T19:07:51.433+0000] {dag.py:4180} INFO - Setting next_dagrun for example_xcom to 2021-01-01 00:00:00+00:00, run_after=2021-01-01 00:00:00+00:00
[2025-03-16T19:07:51.456+0000] {processor.py:208} INFO - Processing /home/airflow/.local/lib/python3.12/site-packages/airflow/example_dags/example_xcom.py took 0.097 seconds
[2025-03-16T19:08:22.053+0000] {processor.py:186} INFO - Started process (PID=89009) to work on /home/airflow/.local/lib/python3.12/site-packages/airflow/example_dags/example_xcom.py
[2025-03-16T19:08:22.055+0000] {processor.py:914} INFO - Processing file /home/airflow/.local/lib/python3.12/site-packages/airflow/example_dags/example_xcom.py for tasks to queue
[2025-03-16T19:08:22.057+0000] {logging_mixin.py:190} INFO - [2025-03-16T19:08:22.057+0000] {dagbag.py:588} INFO - Filling up the DagBag from /home/airflow/.local/lib/python3.12/site-packages/airflow/example_dags/example_xcom.py
[2025-03-16T19:08:22.071+0000] {processor.py:925} INFO - DAG(s) 'example_xcom' retrieved from /home/airflow/.local/lib/python3.12/site-packages/airflow/example_dags/example_xcom.py
[2025-03-16T19:08:22.101+0000] {logging_mixin.py:190} INFO - [2025-03-16T19:08:22.101+0000] {dag.py:3239} INFO - Sync 1 DAGs
[2025-03-16T19:08:22.132+0000] {logging_mixin.py:190} INFO - [2025-03-16T19:08:22.132+0000] {dag.py:4180} INFO - Setting next_dagrun for example_xcom to 2021-01-01 00:00:00+00:00, run_after=2021-01-01 00:00:00+00:00
[2025-03-16T19:08:22.158+0000] {processor.py:208} INFO - Processing /home/airflow/.local/lib/python3.12/site-packages/airflow/example_dags/example_xcom.py took 0.113 seconds
[2025-03-16T19:08:52.760+0000] {processor.py:186} INFO - Started process (PID=89073) to work on /home/airflow/.local/lib/python3.12/site-packages/airflow/example_dags/example_xcom.py
[2025-03-16T19:08:52.762+0000] {processor.py:914} INFO - Processing file /home/airflow/.local/lib/python3.12/site-packages/airflow/example_dags/example_xcom.py for tasks to queue
[2025-03-16T19:08:52.763+0000] {logging_mixin.py:190} INFO - [2025-03-16T19:08:52.763+0000] {dagbag.py:588} INFO - Filling up the DagBag from /home/airflow/.local/lib/python3.12/site-packages/airflow/example_dags/example_xcom.py
[2025-03-16T19:08:52.774+0000] {processor.py:925} INFO - DAG(s) 'example_xcom' retrieved from /home/airflow/.local/lib/python3.12/site-packages/airflow/example_dags/example_xcom.py
[2025-03-16T19:08:52.794+0000] {logging_mixin.py:190} INFO - [2025-03-16T19:08:52.793+0000] {dag.py:3239} INFO - Sync 1 DAGs
[2025-03-16T19:08:52.814+0000] {logging_mixin.py:190} INFO - [2025-03-16T19:08:52.813+0000] {dag.py:4180} INFO - Setting next_dagrun for example_xcom to 2021-01-01 00:00:00+00:00, run_after=2021-01-01 00:00:00+00:00
[2025-03-16T19:08:52.832+0000] {processor.py:208} INFO - Processing /home/airflow/.local/lib/python3.12/site-packages/airflow/example_dags/example_xcom.py took 0.079 seconds
[2025-03-16T19:09:23.289+0000] {processor.py:186} INFO - Started process (PID=89137) to work on /home/airflow/.local/lib/python3.12/site-packages/airflow/example_dags/example_xcom.py
[2025-03-16T19:09:23.291+0000] {processor.py:914} INFO - Processing file /home/airflow/.local/lib/python3.12/site-packages/airflow/example_dags/example_xcom.py for tasks to queue
[2025-03-16T19:09:23.292+0000] {logging_mixin.py:190} INFO - [2025-03-16T19:09:23.292+0000] {dagbag.py:588} INFO - Filling up the DagBag from /home/airflow/.local/lib/python3.12/site-packages/airflow/example_dags/example_xcom.py
[2025-03-16T19:09:23.301+0000] {processor.py:925} INFO - DAG(s) 'example_xcom' retrieved from /home/airflow/.local/lib/python3.12/site-packages/airflow/example_dags/example_xcom.py
[2025-03-16T19:09:23.325+0000] {logging_mixin.py:190} INFO - [2025-03-16T19:09:23.325+0000] {dag.py:3239} INFO - Sync 1 DAGs
[2025-03-16T19:09:23.351+0000] {logging_mixin.py:190} INFO - [2025-03-16T19:09:23.350+0000] {dag.py:4180} INFO - Setting next_dagrun for example_xcom to 2021-01-01 00:00:00+00:00, run_after=2021-01-01 00:00:00+00:00
[2025-03-16T19:09:23.372+0000] {processor.py:208} INFO - Processing /home/airflow/.local/lib/python3.12/site-packages/airflow/example_dags/example_xcom.py took 0.088 seconds
[2025-03-16T19:09:53.680+0000] {processor.py:186} INFO - Started process (PID=89201) to work on /home/airflow/.local/lib/python3.12/site-packages/airflow/example_dags/example_xcom.py
[2025-03-16T19:09:53.681+0000] {processor.py:914} INFO - Processing file /home/airflow/.local/lib/python3.12/site-packages/airflow/example_dags/example_xcom.py for tasks to queue
[2025-03-16T19:09:53.682+0000] {logging_mixin.py:190} INFO - [2025-03-16T19:09:53.682+0000] {dagbag.py:588} INFO - Filling up the DagBag from /home/airflow/.local/lib/python3.12/site-packages/airflow/example_dags/example_xcom.py
[2025-03-16T19:09:53.691+0000] {processor.py:925} INFO - DAG(s) 'example_xcom' retrieved from /home/airflow/.local/lib/python3.12/site-packages/airflow/example_dags/example_xcom.py
[2025-03-16T19:09:53.715+0000] {logging_mixin.py:190} INFO - [2025-03-16T19:09:53.714+0000] {dag.py:3239} INFO - Sync 1 DAGs
[2025-03-16T19:09:53.738+0000] {logging_mixin.py:190} INFO - [2025-03-16T19:09:53.737+0000] {dag.py:4180} INFO - Setting next_dagrun for example_xcom to 2021-01-01 00:00:00+00:00, run_after=2021-01-01 00:00:00+00:00
[2025-03-16T19:09:53.761+0000] {processor.py:208} INFO - Processing /home/airflow/.local/lib/python3.12/site-packages/airflow/example_dags/example_xcom.py took 0.087 seconds
[2025-03-16T19:10:24.566+0000] {processor.py:186} INFO - Started process (PID=89266) to work on /home/airflow/.local/lib/python3.12/site-packages/airflow/example_dags/example_xcom.py
[2025-03-16T19:10:24.567+0000] {processor.py:914} INFO - Processing file /home/airflow/.local/lib/python3.12/site-packages/airflow/example_dags/example_xcom.py for tasks to queue
[2025-03-16T19:10:24.569+0000] {logging_mixin.py:190} INFO - [2025-03-16T19:10:24.569+0000] {dagbag.py:588} INFO - Filling up the DagBag from /home/airflow/.local/lib/python3.12/site-packages/airflow/example_dags/example_xcom.py
[2025-03-16T19:10:24.578+0000] {processor.py:925} INFO - DAG(s) 'example_xcom' retrieved from /home/airflow/.local/lib/python3.12/site-packages/airflow/example_dags/example_xcom.py
[2025-03-16T19:10:24.604+0000] {logging_mixin.py:190} INFO - [2025-03-16T19:10:24.603+0000] {dag.py:3239} INFO - Sync 1 DAGs
[2025-03-16T19:10:24.630+0000] {logging_mixin.py:190} INFO - [2025-03-16T19:10:24.630+0000] {dag.py:4180} INFO - Setting next_dagrun for example_xcom to 2021-01-01 00:00:00+00:00, run_after=2021-01-01 00:00:00+00:00
[2025-03-16T19:10:24.653+0000] {processor.py:208} INFO - Processing /home/airflow/.local/lib/python3.12/site-packages/airflow/example_dags/example_xcom.py took 0.091 seconds
[2025-03-16T19:10:54.967+0000] {processor.py:186} INFO - Started process (PID=89336) to work on /home/airflow/.local/lib/python3.12/site-packages/airflow/example_dags/example_xcom.py
[2025-03-16T19:10:54.968+0000] {processor.py:914} INFO - Processing file /home/airflow/.local/lib/python3.12/site-packages/airflow/example_dags/example_xcom.py for tasks to queue
[2025-03-16T19:10:54.970+0000] {logging_mixin.py:190} INFO - [2025-03-16T19:10:54.970+0000] {dagbag.py:588} INFO - Filling up the DagBag from /home/airflow/.local/lib/python3.12/site-packages/airflow/example_dags/example_xcom.py
[2025-03-16T19:10:54.979+0000] {processor.py:925} INFO - DAG(s) 'example_xcom' retrieved from /home/airflow/.local/lib/python3.12/site-packages/airflow/example_dags/example_xcom.py
[2025-03-16T19:10:55.002+0000] {logging_mixin.py:190} INFO - [2025-03-16T19:10:55.002+0000] {dag.py:3239} INFO - Sync 1 DAGs
[2025-03-16T19:10:55.027+0000] {logging_mixin.py:190} INFO - [2025-03-16T19:10:55.027+0000] {dag.py:4180} INFO - Setting next_dagrun for example_xcom to 2021-01-01 00:00:00+00:00, run_after=2021-01-01 00:00:00+00:00
[2025-03-16T19:10:55.051+0000] {processor.py:208} INFO - Processing /home/airflow/.local/lib/python3.12/site-packages/airflow/example_dags/example_xcom.py took 0.089 seconds
[2025-03-16T19:11:25.394+0000] {processor.py:186} INFO - Started process (PID=89400) to work on /home/airflow/.local/lib/python3.12/site-packages/airflow/example_dags/example_xcom.py
[2025-03-16T19:11:25.395+0000] {processor.py:914} INFO - Processing file /home/airflow/.local/lib/python3.12/site-packages/airflow/example_dags/example_xcom.py for tasks to queue
[2025-03-16T19:11:25.396+0000] {logging_mixin.py:190} INFO - [2025-03-16T19:11:25.396+0000] {dagbag.py:588} INFO - Filling up the DagBag from /home/airflow/.local/lib/python3.12/site-packages/airflow/example_dags/example_xcom.py
[2025-03-16T19:11:25.404+0000] {processor.py:925} INFO - DAG(s) 'example_xcom' retrieved from /home/airflow/.local/lib/python3.12/site-packages/airflow/example_dags/example_xcom.py
[2025-03-16T19:11:25.432+0000] {logging_mixin.py:190} INFO - [2025-03-16T19:11:25.431+0000] {dag.py:3239} INFO - Sync 1 DAGs
[2025-03-16T19:11:25.453+0000] {logging_mixin.py:190} INFO - [2025-03-16T19:11:25.453+0000] {dag.py:4180} INFO - Setting next_dagrun for example_xcom to 2021-01-01 00:00:00+00:00, run_after=2021-01-01 00:00:00+00:00
[2025-03-16T19:11:25.473+0000] {processor.py:208} INFO - Processing /home/airflow/.local/lib/python3.12/site-packages/airflow/example_dags/example_xcom.py took 0.085 seconds
[2025-03-16T19:11:56.090+0000] {processor.py:186} INFO - Started process (PID=89464) to work on /home/airflow/.local/lib/python3.12/site-packages/airflow/example_dags/example_xcom.py
[2025-03-16T19:11:56.091+0000] {processor.py:914} INFO - Processing file /home/airflow/.local/lib/python3.12/site-packages/airflow/example_dags/example_xcom.py for tasks to queue
[2025-03-16T19:11:56.094+0000] {logging_mixin.py:190} INFO - [2025-03-16T19:11:56.093+0000] {dagbag.py:588} INFO - Filling up the DagBag from /home/airflow/.local/lib/python3.12/site-packages/airflow/example_dags/example_xcom.py
[2025-03-16T19:11:56.103+0000] {processor.py:925} INFO - DAG(s) 'example_xcom' retrieved from /home/airflow/.local/lib/python3.12/site-packages/airflow/example_dags/example_xcom.py
[2025-03-16T19:11:56.131+0000] {logging_mixin.py:190} INFO - [2025-03-16T19:11:56.130+0000] {dag.py:3239} INFO - Sync 1 DAGs
[2025-03-16T19:11:56.157+0000] {logging_mixin.py:190} INFO - [2025-03-16T19:11:56.157+0000] {dag.py:4180} INFO - Setting next_dagrun for example_xcom to 2021-01-01 00:00:00+00:00, run_after=2021-01-01 00:00:00+00:00
[2025-03-16T19:11:56.182+0000] {processor.py:208} INFO - Processing /home/airflow/.local/lib/python3.12/site-packages/airflow/example_dags/example_xcom.py took 0.097 seconds
[2025-03-16T19:12:26.991+0000] {processor.py:186} INFO - Started process (PID=89528) to work on /home/airflow/.local/lib/python3.12/site-packages/airflow/example_dags/example_xcom.py
[2025-03-16T19:12:26.993+0000] {processor.py:914} INFO - Processing file /home/airflow/.local/lib/python3.12/site-packages/airflow/example_dags/example_xcom.py for tasks to queue
[2025-03-16T19:12:26.994+0000] {logging_mixin.py:190} INFO - [2025-03-16T19:12:26.994+0000] {dagbag.py:588} INFO - Filling up the DagBag from /home/airflow/.local/lib/python3.12/site-packages/airflow/example_dags/example_xcom.py
[2025-03-16T19:12:27.004+0000] {processor.py:925} INFO - DAG(s) 'example_xcom' retrieved from /home/airflow/.local/lib/python3.12/site-packages/airflow/example_dags/example_xcom.py
[2025-03-16T19:12:27.027+0000] {logging_mixin.py:190} INFO - [2025-03-16T19:12:27.027+0000] {dag.py:3239} INFO - Sync 1 DAGs
[2025-03-16T19:12:27.052+0000] {logging_mixin.py:190} INFO - [2025-03-16T19:12:27.052+0000] {dag.py:4180} INFO - Setting next_dagrun for example_xcom to 2021-01-01 00:00:00+00:00, run_after=2021-01-01 00:00:00+00:00
[2025-03-16T19:12:27.077+0000] {processor.py:208} INFO - Processing /home/airflow/.local/lib/python3.12/site-packages/airflow/example_dags/example_xcom.py took 0.092 seconds
[2025-03-16T19:12:57.954+0000] {processor.py:186} INFO - Started process (PID=89594) to work on /home/airflow/.local/lib/python3.12/site-packages/airflow/example_dags/example_xcom.py
[2025-03-16T19:12:57.956+0000] {processor.py:914} INFO - Processing file /home/airflow/.local/lib/python3.12/site-packages/airflow/example_dags/example_xcom.py for tasks to queue
[2025-03-16T19:12:57.957+0000] {logging_mixin.py:190} INFO - [2025-03-16T19:12:57.957+0000] {dagbag.py:588} INFO - Filling up the DagBag from /home/airflow/.local/lib/python3.12/site-packages/airflow/example_dags/example_xcom.py
[2025-03-16T19:12:57.966+0000] {processor.py:925} INFO - DAG(s) 'example_xcom' retrieved from /home/airflow/.local/lib/python3.12/site-packages/airflow/example_dags/example_xcom.py
[2025-03-16T19:12:57.990+0000] {logging_mixin.py:190} INFO - [2025-03-16T19:12:57.989+0000] {dag.py:3239} INFO - Sync 1 DAGs
[2025-03-16T19:12:58.017+0000] {logging_mixin.py:190} INFO - [2025-03-16T19:12:58.016+0000] {dag.py:4180} INFO - Setting next_dagrun for example_xcom to 2021-01-01 00:00:00+00:00, run_after=2021-01-01 00:00:00+00:00
[2025-03-16T19:12:58.044+0000] {processor.py:208} INFO - Processing /home/airflow/.local/lib/python3.12/site-packages/airflow/example_dags/example_xcom.py took 0.097 seconds
[2025-03-16T19:13:28.651+0000] {processor.py:186} INFO - Started process (PID=89659) to work on /home/airflow/.local/lib/python3.12/site-packages/airflow/example_dags/example_xcom.py
[2025-03-16T19:13:28.653+0000] {processor.py:914} INFO - Processing file /home/airflow/.local/lib/python3.12/site-packages/airflow/example_dags/example_xcom.py for tasks to queue
[2025-03-16T19:13:28.655+0000] {logging_mixin.py:190} INFO - [2025-03-16T19:13:28.654+0000] {dagbag.py:588} INFO - Filling up the DagBag from /home/airflow/.local/lib/python3.12/site-packages/airflow/example_dags/example_xcom.py
[2025-03-16T19:13:28.664+0000] {processor.py:925} INFO - DAG(s) 'example_xcom' retrieved from /home/airflow/.local/lib/python3.12/site-packages/airflow/example_dags/example_xcom.py
[2025-03-16T19:13:28.692+0000] {logging_mixin.py:190} INFO - [2025-03-16T19:13:28.692+0000] {dag.py:3239} INFO - Sync 1 DAGs
[2025-03-16T19:13:28.718+0000] {logging_mixin.py:190} INFO - [2025-03-16T19:13:28.718+0000] {dag.py:4180} INFO - Setting next_dagrun for example_xcom to 2021-01-01 00:00:00+00:00, run_after=2021-01-01 00:00:00+00:00
[2025-03-16T19:13:28.742+0000] {processor.py:208} INFO - Processing /home/airflow/.local/lib/python3.12/site-packages/airflow/example_dags/example_xcom.py took 0.098 seconds
[2025-03-16T19:13:58.798+0000] {processor.py:186} INFO - Started process (PID=89723) to work on /home/airflow/.local/lib/python3.12/site-packages/airflow/example_dags/example_xcom.py
[2025-03-16T19:13:58.799+0000] {processor.py:914} INFO - Processing file /home/airflow/.local/lib/python3.12/site-packages/airflow/example_dags/example_xcom.py for tasks to queue
[2025-03-16T19:13:58.801+0000] {logging_mixin.py:190} INFO - [2025-03-16T19:13:58.800+0000] {dagbag.py:588} INFO - Filling up the DagBag from /home/airflow/.local/lib/python3.12/site-packages/airflow/example_dags/example_xcom.py
[2025-03-16T19:13:58.809+0000] {processor.py:925} INFO - DAG(s) 'example_xcom' retrieved from /home/airflow/.local/lib/python3.12/site-packages/airflow/example_dags/example_xcom.py
[2025-03-16T19:13:58.831+0000] {logging_mixin.py:190} INFO - [2025-03-16T19:13:58.831+0000] {dag.py:3239} INFO - Sync 1 DAGs
[2025-03-16T19:13:58.853+0000] {logging_mixin.py:190} INFO - [2025-03-16T19:13:58.852+0000] {dag.py:4180} INFO - Setting next_dagrun for example_xcom to 2021-01-01 00:00:00+00:00, run_after=2021-01-01 00:00:00+00:00
[2025-03-16T19:13:58.875+0000] {processor.py:208} INFO - Processing /home/airflow/.local/lib/python3.12/site-packages/airflow/example_dags/example_xcom.py took 0.084 seconds
[2025-03-16T19:14:29.224+0000] {processor.py:186} INFO - Started process (PID=89787) to work on /home/airflow/.local/lib/python3.12/site-packages/airflow/example_dags/example_xcom.py
[2025-03-16T19:14:29.225+0000] {processor.py:914} INFO - Processing file /home/airflow/.local/lib/python3.12/site-packages/airflow/example_dags/example_xcom.py for tasks to queue
[2025-03-16T19:14:29.227+0000] {logging_mixin.py:190} INFO - [2025-03-16T19:14:29.226+0000] {dagbag.py:588} INFO - Filling up the DagBag from /home/airflow/.local/lib/python3.12/site-packages/airflow/example_dags/example_xcom.py
[2025-03-16T19:14:29.236+0000] {processor.py:925} INFO - DAG(s) 'example_xcom' retrieved from /home/airflow/.local/lib/python3.12/site-packages/airflow/example_dags/example_xcom.py
[2025-03-16T19:14:29.262+0000] {logging_mixin.py:190} INFO - [2025-03-16T19:14:29.262+0000] {dag.py:3239} INFO - Sync 1 DAGs
[2025-03-16T19:14:29.289+0000] {logging_mixin.py:190} INFO - [2025-03-16T19:14:29.289+0000] {dag.py:4180} INFO - Setting next_dagrun for example_xcom to 2021-01-01 00:00:00+00:00, run_after=2021-01-01 00:00:00+00:00
[2025-03-16T19:14:29.315+0000] {processor.py:208} INFO - Processing /home/airflow/.local/lib/python3.12/site-packages/airflow/example_dags/example_xcom.py took 0.097 seconds
[2025-03-16T19:14:59.498+0000] {processor.py:186} INFO - Started process (PID=89851) to work on /home/airflow/.local/lib/python3.12/site-packages/airflow/example_dags/example_xcom.py
[2025-03-16T19:14:59.499+0000] {processor.py:914} INFO - Processing file /home/airflow/.local/lib/python3.12/site-packages/airflow/example_dags/example_xcom.py for tasks to queue
[2025-03-16T19:14:59.501+0000] {logging_mixin.py:190} INFO - [2025-03-16T19:14:59.501+0000] {dagbag.py:588} INFO - Filling up the DagBag from /home/airflow/.local/lib/python3.12/site-packages/airflow/example_dags/example_xcom.py
[2025-03-16T19:14:59.513+0000] {processor.py:925} INFO - DAG(s) 'example_xcom' retrieved from /home/airflow/.local/lib/python3.12/site-packages/airflow/example_dags/example_xcom.py
[2025-03-16T19:14:59.545+0000] {logging_mixin.py:190} INFO - [2025-03-16T19:14:59.544+0000] {dag.py:3239} INFO - Sync 1 DAGs
[2025-03-16T19:14:59.587+0000] {logging_mixin.py:190} INFO - [2025-03-16T19:14:59.587+0000] {dag.py:4180} INFO - Setting next_dagrun for example_xcom to 2021-01-01 00:00:00+00:00, run_after=2021-01-01 00:00:00+00:00
[2025-03-16T19:14:59.616+0000] {processor.py:208} INFO - Processing /home/airflow/.local/lib/python3.12/site-packages/airflow/example_dags/example_xcom.py took 0.126 seconds
[2025-03-16T19:15:30.450+0000] {processor.py:186} INFO - Started process (PID=89915) to work on /home/airflow/.local/lib/python3.12/site-packages/airflow/example_dags/example_xcom.py
[2025-03-16T19:15:30.452+0000] {processor.py:914} INFO - Processing file /home/airflow/.local/lib/python3.12/site-packages/airflow/example_dags/example_xcom.py for tasks to queue
[2025-03-16T19:15:30.453+0000] {logging_mixin.py:190} INFO - [2025-03-16T19:15:30.453+0000] {dagbag.py:588} INFO - Filling up the DagBag from /home/airflow/.local/lib/python3.12/site-packages/airflow/example_dags/example_xcom.py
[2025-03-16T19:15:30.465+0000] {processor.py:925} INFO - DAG(s) 'example_xcom' retrieved from /home/airflow/.local/lib/python3.12/site-packages/airflow/example_dags/example_xcom.py
[2025-03-16T19:15:30.495+0000] {logging_mixin.py:190} INFO - [2025-03-16T19:15:30.495+0000] {dag.py:3239} INFO - Sync 1 DAGs
[2025-03-16T19:15:30.522+0000] {logging_mixin.py:190} INFO - [2025-03-16T19:15:30.522+0000] {dag.py:4180} INFO - Setting next_dagrun for example_xcom to 2021-01-01 00:00:00+00:00, run_after=2021-01-01 00:00:00+00:00
[2025-03-16T19:15:30.550+0000] {processor.py:208} INFO - Processing /home/airflow/.local/lib/python3.12/site-packages/airflow/example_dags/example_xcom.py took 0.107 seconds
[2025-03-16T19:16:00.727+0000] {processor.py:186} INFO - Started process (PID=89979) to work on /home/airflow/.local/lib/python3.12/site-packages/airflow/example_dags/example_xcom.py
[2025-03-16T19:16:00.728+0000] {processor.py:914} INFO - Processing file /home/airflow/.local/lib/python3.12/site-packages/airflow/example_dags/example_xcom.py for tasks to queue
[2025-03-16T19:16:00.729+0000] {logging_mixin.py:190} INFO - [2025-03-16T19:16:00.729+0000] {dagbag.py:588} INFO - Filling up the DagBag from /home/airflow/.local/lib/python3.12/site-packages/airflow/example_dags/example_xcom.py
[2025-03-16T19:16:00.741+0000] {processor.py:925} INFO - DAG(s) 'example_xcom' retrieved from /home/airflow/.local/lib/python3.12/site-packages/airflow/example_dags/example_xcom.py
[2025-03-16T19:16:00.770+0000] {logging_mixin.py:190} INFO - [2025-03-16T19:16:00.770+0000] {dag.py:3239} INFO - Sync 1 DAGs
[2025-03-16T19:16:00.805+0000] {logging_mixin.py:190} INFO - [2025-03-16T19:16:00.805+0000] {dag.py:4180} INFO - Setting next_dagrun for example_xcom to 2021-01-01 00:00:00+00:00, run_after=2021-01-01 00:00:00+00:00
[2025-03-16T19:16:00.829+0000] {processor.py:208} INFO - Processing /home/airflow/.local/lib/python3.12/site-packages/airflow/example_dags/example_xcom.py took 0.108 seconds
[2025-03-16T19:16:31.166+0000] {processor.py:186} INFO - Started process (PID=90043) to work on /home/airflow/.local/lib/python3.12/site-packages/airflow/example_dags/example_xcom.py
[2025-03-16T19:16:31.169+0000] {processor.py:914} INFO - Processing file /home/airflow/.local/lib/python3.12/site-packages/airflow/example_dags/example_xcom.py for tasks to queue
[2025-03-16T19:16:31.171+0000] {logging_mixin.py:190} INFO - [2025-03-16T19:16:31.171+0000] {dagbag.py:588} INFO - Filling up the DagBag from /home/airflow/.local/lib/python3.12/site-packages/airflow/example_dags/example_xcom.py
[2025-03-16T19:16:31.180+0000] {processor.py:925} INFO - DAG(s) 'example_xcom' retrieved from /home/airflow/.local/lib/python3.12/site-packages/airflow/example_dags/example_xcom.py
[2025-03-16T19:16:31.210+0000] {logging_mixin.py:190} INFO - [2025-03-16T19:16:31.210+0000] {dag.py:3239} INFO - Sync 1 DAGs
[2025-03-16T19:16:31.238+0000] {logging_mixin.py:190} INFO - [2025-03-16T19:16:31.238+0000] {dag.py:4180} INFO - Setting next_dagrun for example_xcom to 2021-01-01 00:00:00+00:00, run_after=2021-01-01 00:00:00+00:00
[2025-03-16T19:16:31.264+0000] {processor.py:208} INFO - Processing /home/airflow/.local/lib/python3.12/site-packages/airflow/example_dags/example_xcom.py took 0.104 seconds
[2025-03-16T19:17:01.595+0000] {processor.py:186} INFO - Started process (PID=90107) to work on /home/airflow/.local/lib/python3.12/site-packages/airflow/example_dags/example_xcom.py
[2025-03-16T19:17:01.596+0000] {processor.py:914} INFO - Processing file /home/airflow/.local/lib/python3.12/site-packages/airflow/example_dags/example_xcom.py for tasks to queue
[2025-03-16T19:17:01.598+0000] {logging_mixin.py:190} INFO - [2025-03-16T19:17:01.598+0000] {dagbag.py:588} INFO - Filling up the DagBag from /home/airflow/.local/lib/python3.12/site-packages/airflow/example_dags/example_xcom.py
[2025-03-16T19:17:01.607+0000] {processor.py:925} INFO - DAG(s) 'example_xcom' retrieved from /home/airflow/.local/lib/python3.12/site-packages/airflow/example_dags/example_xcom.py
[2025-03-16T19:17:01.638+0000] {logging_mixin.py:190} INFO - [2025-03-16T19:17:01.637+0000] {dag.py:3239} INFO - Sync 1 DAGs
[2025-03-16T19:17:01.669+0000] {logging_mixin.py:190} INFO - [2025-03-16T19:17:01.668+0000] {dag.py:4180} INFO - Setting next_dagrun for example_xcom to 2021-01-01 00:00:00+00:00, run_after=2021-01-01 00:00:00+00:00
[2025-03-16T19:17:01.699+0000] {processor.py:208} INFO - Processing /home/airflow/.local/lib/python3.12/site-packages/airflow/example_dags/example_xcom.py took 0.111 seconds
[2025-03-16T19:17:31.961+0000] {processor.py:186} INFO - Started process (PID=90171) to work on /home/airflow/.local/lib/python3.12/site-packages/airflow/example_dags/example_xcom.py
[2025-03-16T19:17:31.963+0000] {processor.py:914} INFO - Processing file /home/airflow/.local/lib/python3.12/site-packages/airflow/example_dags/example_xcom.py for tasks to queue
[2025-03-16T19:17:31.966+0000] {logging_mixin.py:190} INFO - [2025-03-16T19:17:31.965+0000] {dagbag.py:588} INFO - Filling up the DagBag from /home/airflow/.local/lib/python3.12/site-packages/airflow/example_dags/example_xcom.py
[2025-03-16T19:17:31.977+0000] {processor.py:925} INFO - DAG(s) 'example_xcom' retrieved from /home/airflow/.local/lib/python3.12/site-packages/airflow/example_dags/example_xcom.py
[2025-03-16T19:17:32.007+0000] {logging_mixin.py:190} INFO - [2025-03-16T19:17:32.007+0000] {dag.py:3239} INFO - Sync 1 DAGs
[2025-03-16T19:17:32.042+0000] {logging_mixin.py:190} INFO - [2025-03-16T19:17:32.042+0000] {dag.py:4180} INFO - Setting next_dagrun for example_xcom to 2021-01-01 00:00:00+00:00, run_after=2021-01-01 00:00:00+00:00
[2025-03-16T19:17:32.072+0000] {processor.py:208} INFO - Processing /home/airflow/.local/lib/python3.12/site-packages/airflow/example_dags/example_xcom.py took 0.117 seconds
[2025-03-16T19:18:02.577+0000] {processor.py:186} INFO - Started process (PID=90235) to work on /home/airflow/.local/lib/python3.12/site-packages/airflow/example_dags/example_xcom.py
[2025-03-16T19:18:02.579+0000] {processor.py:914} INFO - Processing file /home/airflow/.local/lib/python3.12/site-packages/airflow/example_dags/example_xcom.py for tasks to queue
[2025-03-16T19:18:02.581+0000] {logging_mixin.py:190} INFO - [2025-03-16T19:18:02.581+0000] {dagbag.py:588} INFO - Filling up the DagBag from /home/airflow/.local/lib/python3.12/site-packages/airflow/example_dags/example_xcom.py
[2025-03-16T19:18:02.594+0000] {processor.py:925} INFO - DAG(s) 'example_xcom' retrieved from /home/airflow/.local/lib/python3.12/site-packages/airflow/example_dags/example_xcom.py
[2025-03-16T19:18:02.625+0000] {logging_mixin.py:190} INFO - [2025-03-16T19:18:02.624+0000] {dag.py:3239} INFO - Sync 1 DAGs
[2025-03-16T19:18:02.654+0000] {logging_mixin.py:190} INFO - [2025-03-16T19:18:02.654+0000] {dag.py:4180} INFO - Setting next_dagrun for example_xcom to 2021-01-01 00:00:00+00:00, run_after=2021-01-01 00:00:00+00:00
[2025-03-16T19:18:02.678+0000] {processor.py:208} INFO - Processing /home/airflow/.local/lib/python3.12/site-packages/airflow/example_dags/example_xcom.py took 0.107 seconds
[2025-03-16T19:18:32.863+0000] {processor.py:186} INFO - Started process (PID=90299) to work on /home/airflow/.local/lib/python3.12/site-packages/airflow/example_dags/example_xcom.py
[2025-03-16T19:18:32.865+0000] {processor.py:914} INFO - Processing file /home/airflow/.local/lib/python3.12/site-packages/airflow/example_dags/example_xcom.py for tasks to queue
[2025-03-16T19:18:32.868+0000] {logging_mixin.py:190} INFO - [2025-03-16T19:18:32.867+0000] {dagbag.py:588} INFO - Filling up the DagBag from /home/airflow/.local/lib/python3.12/site-packages/airflow/example_dags/example_xcom.py
[2025-03-16T19:18:32.881+0000] {processor.py:925} INFO - DAG(s) 'example_xcom' retrieved from /home/airflow/.local/lib/python3.12/site-packages/airflow/example_dags/example_xcom.py
[2025-03-16T19:18:32.912+0000] {logging_mixin.py:190} INFO - [2025-03-16T19:18:32.912+0000] {dag.py:3239} INFO - Sync 1 DAGs
[2025-03-16T19:18:32.944+0000] {logging_mixin.py:190} INFO - [2025-03-16T19:18:32.944+0000] {dag.py:4180} INFO - Setting next_dagrun for example_xcom to 2021-01-01 00:00:00+00:00, run_after=2021-01-01 00:00:00+00:00
[2025-03-16T19:18:32.976+0000] {processor.py:208} INFO - Processing /home/airflow/.local/lib/python3.12/site-packages/airflow/example_dags/example_xcom.py took 0.122 seconds
[2025-03-16T19:19:03.076+0000] {processor.py:186} INFO - Started process (PID=90363) to work on /home/airflow/.local/lib/python3.12/site-packages/airflow/example_dags/example_xcom.py
[2025-03-16T19:19:03.078+0000] {processor.py:914} INFO - Processing file /home/airflow/.local/lib/python3.12/site-packages/airflow/example_dags/example_xcom.py for tasks to queue
[2025-03-16T19:19:03.082+0000] {logging_mixin.py:190} INFO - [2025-03-16T19:19:03.082+0000] {dagbag.py:588} INFO - Filling up the DagBag from /home/airflow/.local/lib/python3.12/site-packages/airflow/example_dags/example_xcom.py
[2025-03-16T19:19:03.094+0000] {processor.py:925} INFO - DAG(s) 'example_xcom' retrieved from /home/airflow/.local/lib/python3.12/site-packages/airflow/example_dags/example_xcom.py
[2025-03-16T19:19:03.126+0000] {logging_mixin.py:190} INFO - [2025-03-16T19:19:03.126+0000] {dag.py:3239} INFO - Sync 1 DAGs
[2025-03-16T19:19:03.160+0000] {logging_mixin.py:190} INFO - [2025-03-16T19:19:03.160+0000] {dag.py:4180} INFO - Setting next_dagrun for example_xcom to 2021-01-01 00:00:00+00:00, run_after=2021-01-01 00:00:00+00:00
[2025-03-16T19:19:03.192+0000] {processor.py:208} INFO - Processing /home/airflow/.local/lib/python3.12/site-packages/airflow/example_dags/example_xcom.py took 0.122 seconds
[2025-03-16T19:19:34.076+0000] {processor.py:186} INFO - Started process (PID=90427) to work on /home/airflow/.local/lib/python3.12/site-packages/airflow/example_dags/example_xcom.py
[2025-03-16T19:19:34.077+0000] {processor.py:914} INFO - Processing file /home/airflow/.local/lib/python3.12/site-packages/airflow/example_dags/example_xcom.py for tasks to queue
[2025-03-16T19:19:34.079+0000] {logging_mixin.py:190} INFO - [2025-03-16T19:19:34.079+0000] {dagbag.py:588} INFO - Filling up the DagBag from /home/airflow/.local/lib/python3.12/site-packages/airflow/example_dags/example_xcom.py
[2025-03-16T19:19:34.091+0000] {processor.py:925} INFO - DAG(s) 'example_xcom' retrieved from /home/airflow/.local/lib/python3.12/site-packages/airflow/example_dags/example_xcom.py
[2025-03-16T19:19:34.120+0000] {logging_mixin.py:190} INFO - [2025-03-16T19:19:34.120+0000] {dag.py:3239} INFO - Sync 1 DAGs
[2025-03-16T19:19:34.148+0000] {logging_mixin.py:190} INFO - [2025-03-16T19:19:34.148+0000] {dag.py:4180} INFO - Setting next_dagrun for example_xcom to 2021-01-01 00:00:00+00:00, run_after=2021-01-01 00:00:00+00:00
[2025-03-16T19:19:34.181+0000] {processor.py:208} INFO - Processing /home/airflow/.local/lib/python3.12/site-packages/airflow/example_dags/example_xcom.py took 0.112 seconds
[2025-03-16T19:20:04.318+0000] {processor.py:186} INFO - Started process (PID=90491) to work on /home/airflow/.local/lib/python3.12/site-packages/airflow/example_dags/example_xcom.py
[2025-03-16T19:20:04.320+0000] {processor.py:914} INFO - Processing file /home/airflow/.local/lib/python3.12/site-packages/airflow/example_dags/example_xcom.py for tasks to queue
[2025-03-16T19:20:04.321+0000] {logging_mixin.py:190} INFO - [2025-03-16T19:20:04.321+0000] {dagbag.py:588} INFO - Filling up the DagBag from /home/airflow/.local/lib/python3.12/site-packages/airflow/example_dags/example_xcom.py
[2025-03-16T19:20:04.335+0000] {processor.py:925} INFO - DAG(s) 'example_xcom' retrieved from /home/airflow/.local/lib/python3.12/site-packages/airflow/example_dags/example_xcom.py
[2025-03-16T19:20:04.371+0000] {logging_mixin.py:190} INFO - [2025-03-16T19:20:04.370+0000] {dag.py:3239} INFO - Sync 1 DAGs
[2025-03-16T19:20:04.404+0000] {logging_mixin.py:190} INFO - [2025-03-16T19:20:04.403+0000] {dag.py:4180} INFO - Setting next_dagrun for example_xcom to 2021-01-01 00:00:00+00:00, run_after=2021-01-01 00:00:00+00:00
[2025-03-16T19:20:04.436+0000] {processor.py:208} INFO - Processing /home/airflow/.local/lib/python3.12/site-packages/airflow/example_dags/example_xcom.py took 0.125 seconds
[2025-03-16T19:20:34.543+0000] {processor.py:186} INFO - Started process (PID=90555) to work on /home/airflow/.local/lib/python3.12/site-packages/airflow/example_dags/example_xcom.py
[2025-03-16T19:20:34.544+0000] {processor.py:914} INFO - Processing file /home/airflow/.local/lib/python3.12/site-packages/airflow/example_dags/example_xcom.py for tasks to queue
[2025-03-16T19:20:34.547+0000] {logging_mixin.py:190} INFO - [2025-03-16T19:20:34.546+0000] {dagbag.py:588} INFO - Filling up the DagBag from /home/airflow/.local/lib/python3.12/site-packages/airflow/example_dags/example_xcom.py
[2025-03-16T19:20:34.557+0000] {processor.py:925} INFO - DAG(s) 'example_xcom' retrieved from /home/airflow/.local/lib/python3.12/site-packages/airflow/example_dags/example_xcom.py
[2025-03-16T19:20:34.587+0000] {logging_mixin.py:190} INFO - [2025-03-16T19:20:34.586+0000] {dag.py:3239} INFO - Sync 1 DAGs
[2025-03-16T19:20:34.618+0000] {logging_mixin.py:190} INFO - [2025-03-16T19:20:34.618+0000] {dag.py:4180} INFO - Setting next_dagrun for example_xcom to 2021-01-01 00:00:00+00:00, run_after=2021-01-01 00:00:00+00:00
[2025-03-16T19:20:34.647+0000] {processor.py:208} INFO - Processing /home/airflow/.local/lib/python3.12/site-packages/airflow/example_dags/example_xcom.py took 0.111 seconds
[2025-03-16T19:21:04.802+0000] {processor.py:186} INFO - Started process (PID=90619) to work on /home/airflow/.local/lib/python3.12/site-packages/airflow/example_dags/example_xcom.py
[2025-03-16T19:21:04.805+0000] {processor.py:914} INFO - Processing file /home/airflow/.local/lib/python3.12/site-packages/airflow/example_dags/example_xcom.py for tasks to queue
[2025-03-16T19:21:04.806+0000] {logging_mixin.py:190} INFO - [2025-03-16T19:21:04.806+0000] {dagbag.py:588} INFO - Filling up the DagBag from /home/airflow/.local/lib/python3.12/site-packages/airflow/example_dags/example_xcom.py
[2025-03-16T19:21:04.818+0000] {processor.py:925} INFO - DAG(s) 'example_xcom' retrieved from /home/airflow/.local/lib/python3.12/site-packages/airflow/example_dags/example_xcom.py
[2025-03-16T19:21:04.849+0000] {logging_mixin.py:190} INFO - [2025-03-16T19:21:04.848+0000] {dag.py:3239} INFO - Sync 1 DAGs
[2025-03-16T19:21:04.883+0000] {logging_mixin.py:190} INFO - [2025-03-16T19:21:04.882+0000] {dag.py:4180} INFO - Setting next_dagrun for example_xcom to 2021-01-01 00:00:00+00:00, run_after=2021-01-01 00:00:00+00:00
[2025-03-16T19:21:04.914+0000] {processor.py:208} INFO - Processing /home/airflow/.local/lib/python3.12/site-packages/airflow/example_dags/example_xcom.py took 0.121 seconds
[2025-03-16T19:21:35.404+0000] {processor.py:186} INFO - Started process (PID=90684) to work on /home/airflow/.local/lib/python3.12/site-packages/airflow/example_dags/example_xcom.py
[2025-03-16T19:21:35.406+0000] {processor.py:914} INFO - Processing file /home/airflow/.local/lib/python3.12/site-packages/airflow/example_dags/example_xcom.py for tasks to queue
[2025-03-16T19:21:35.409+0000] {logging_mixin.py:190} INFO - [2025-03-16T19:21:35.408+0000] {dagbag.py:588} INFO - Filling up the DagBag from /home/airflow/.local/lib/python3.12/site-packages/airflow/example_dags/example_xcom.py
[2025-03-16T19:21:35.420+0000] {processor.py:925} INFO - DAG(s) 'example_xcom' retrieved from /home/airflow/.local/lib/python3.12/site-packages/airflow/example_dags/example_xcom.py
[2025-03-16T19:21:35.453+0000] {logging_mixin.py:190} INFO - [2025-03-16T19:21:35.452+0000] {dag.py:3239} INFO - Sync 1 DAGs
[2025-03-16T19:21:35.502+0000] {logging_mixin.py:190} INFO - [2025-03-16T19:21:35.502+0000] {dag.py:4180} INFO - Setting next_dagrun for example_xcom to 2021-01-01 00:00:00+00:00, run_after=2021-01-01 00:00:00+00:00
[2025-03-16T19:21:35.535+0000] {processor.py:208} INFO - Processing /home/airflow/.local/lib/python3.12/site-packages/airflow/example_dags/example_xcom.py took 0.139 seconds
[2025-03-16T19:22:05.929+0000] {processor.py:186} INFO - Started process (PID=90748) to work on /home/airflow/.local/lib/python3.12/site-packages/airflow/example_dags/example_xcom.py
[2025-03-16T19:22:05.931+0000] {processor.py:914} INFO - Processing file /home/airflow/.local/lib/python3.12/site-packages/airflow/example_dags/example_xcom.py for tasks to queue
[2025-03-16T19:22:05.932+0000] {logging_mixin.py:190} INFO - [2025-03-16T19:22:05.932+0000] {dagbag.py:588} INFO - Filling up the DagBag from /home/airflow/.local/lib/python3.12/site-packages/airflow/example_dags/example_xcom.py
[2025-03-16T19:22:05.947+0000] {processor.py:925} INFO - DAG(s) 'example_xcom' retrieved from /home/airflow/.local/lib/python3.12/site-packages/airflow/example_dags/example_xcom.py
[2025-03-16T19:22:05.989+0000] {logging_mixin.py:190} INFO - [2025-03-16T19:22:05.988+0000] {dag.py:3239} INFO - Sync 1 DAGs
[2025-03-16T19:22:06.031+0000] {logging_mixin.py:190} INFO - [2025-03-16T19:22:06.030+0000] {dag.py:4180} INFO - Setting next_dagrun for example_xcom to 2021-01-01 00:00:00+00:00, run_after=2021-01-01 00:00:00+00:00
[2025-03-16T19:22:06.067+0000] {processor.py:208} INFO - Processing /home/airflow/.local/lib/python3.12/site-packages/airflow/example_dags/example_xcom.py took 0.150 seconds
[2025-03-16T19:22:37.047+0000] {processor.py:186} INFO - Started process (PID=90815) to work on /home/airflow/.local/lib/python3.12/site-packages/airflow/example_dags/example_xcom.py
[2025-03-16T19:22:37.049+0000] {processor.py:914} INFO - Processing file /home/airflow/.local/lib/python3.12/site-packages/airflow/example_dags/example_xcom.py for tasks to queue
[2025-03-16T19:22:37.053+0000] {logging_mixin.py:190} INFO - [2025-03-16T19:22:37.052+0000] {dagbag.py:588} INFO - Filling up the DagBag from /home/airflow/.local/lib/python3.12/site-packages/airflow/example_dags/example_xcom.py
[2025-03-16T19:22:37.072+0000] {processor.py:925} INFO - DAG(s) 'example_xcom' retrieved from /home/airflow/.local/lib/python3.12/site-packages/airflow/example_dags/example_xcom.py
[2025-03-16T19:22:37.115+0000] {logging_mixin.py:190} INFO - [2025-03-16T19:22:37.114+0000] {dag.py:3239} INFO - Sync 1 DAGs
[2025-03-16T19:22:37.159+0000] {logging_mixin.py:190} INFO - [2025-03-16T19:22:37.159+0000] {dag.py:4180} INFO - Setting next_dagrun for example_xcom to 2021-01-01 00:00:00+00:00, run_after=2021-01-01 00:00:00+00:00
[2025-03-16T19:22:37.197+0000] {processor.py:208} INFO - Processing /home/airflow/.local/lib/python3.12/site-packages/airflow/example_dags/example_xcom.py took 0.159 seconds
[2025-03-16T19:23:07.514+0000] {processor.py:186} INFO - Started process (PID=90880) to work on /home/airflow/.local/lib/python3.12/site-packages/airflow/example_dags/example_xcom.py
[2025-03-16T19:23:07.515+0000] {processor.py:914} INFO - Processing file /home/airflow/.local/lib/python3.12/site-packages/airflow/example_dags/example_xcom.py for tasks to queue
[2025-03-16T19:23:07.517+0000] {logging_mixin.py:190} INFO - [2025-03-16T19:23:07.517+0000] {dagbag.py:588} INFO - Filling up the DagBag from /home/airflow/.local/lib/python3.12/site-packages/airflow/example_dags/example_xcom.py
[2025-03-16T19:23:07.536+0000] {processor.py:925} INFO - DAG(s) 'example_xcom' retrieved from /home/airflow/.local/lib/python3.12/site-packages/airflow/example_dags/example_xcom.py
[2025-03-16T19:23:07.572+0000] {logging_mixin.py:190} INFO - [2025-03-16T19:23:07.572+0000] {dag.py:3239} INFO - Sync 1 DAGs
[2025-03-16T19:23:07.615+0000] {logging_mixin.py:190} INFO - [2025-03-16T19:23:07.615+0000] {dag.py:4180} INFO - Setting next_dagrun for example_xcom to 2021-01-01 00:00:00+00:00, run_after=2021-01-01 00:00:00+00:00
[2025-03-16T19:23:07.650+0000] {processor.py:208} INFO - Processing /home/airflow/.local/lib/python3.12/site-packages/airflow/example_dags/example_xcom.py took 0.147 seconds
[2025-03-16T19:23:37.865+0000] {processor.py:186} INFO - Started process (PID=90944) to work on /home/airflow/.local/lib/python3.12/site-packages/airflow/example_dags/example_xcom.py
[2025-03-16T19:23:37.867+0000] {processor.py:914} INFO - Processing file /home/airflow/.local/lib/python3.12/site-packages/airflow/example_dags/example_xcom.py for tasks to queue
[2025-03-16T19:23:37.868+0000] {logging_mixin.py:190} INFO - [2025-03-16T19:23:37.868+0000] {dagbag.py:588} INFO - Filling up the DagBag from /home/airflow/.local/lib/python3.12/site-packages/airflow/example_dags/example_xcom.py
[2025-03-16T19:23:37.884+0000] {processor.py:925} INFO - DAG(s) 'example_xcom' retrieved from /home/airflow/.local/lib/python3.12/site-packages/airflow/example_dags/example_xcom.py
[2025-03-16T19:23:37.919+0000] {logging_mixin.py:190} INFO - [2025-03-16T19:23:37.918+0000] {dag.py:3239} INFO - Sync 1 DAGs
[2025-03-16T19:23:37.959+0000] {logging_mixin.py:190} INFO - [2025-03-16T19:23:37.959+0000] {dag.py:4180} INFO - Setting next_dagrun for example_xcom to 2021-01-01 00:00:00+00:00, run_after=2021-01-01 00:00:00+00:00
[2025-03-16T19:23:37.995+0000] {processor.py:208} INFO - Processing /home/airflow/.local/lib/python3.12/site-packages/airflow/example_dags/example_xcom.py took 0.141 seconds
[2025-03-16T19:24:09.438+0000] {processor.py:186} INFO - Started process (PID=91008) to work on /home/airflow/.local/lib/python3.12/site-packages/airflow/example_dags/example_xcom.py
[2025-03-16T19:24:09.440+0000] {processor.py:914} INFO - Processing file /home/airflow/.local/lib/python3.12/site-packages/airflow/example_dags/example_xcom.py for tasks to queue
[2025-03-16T19:24:09.442+0000] {logging_mixin.py:190} INFO - [2025-03-16T19:24:09.441+0000] {dagbag.py:588} INFO - Filling up the DagBag from /home/airflow/.local/lib/python3.12/site-packages/airflow/example_dags/example_xcom.py
[2025-03-16T19:24:09.460+0000] {processor.py:925} INFO - DAG(s) 'example_xcom' retrieved from /home/airflow/.local/lib/python3.12/site-packages/airflow/example_dags/example_xcom.py
[2025-03-16T19:24:09.502+0000] {logging_mixin.py:190} INFO - [2025-03-16T19:24:09.501+0000] {dag.py:3239} INFO - Sync 1 DAGs
[2025-03-16T19:24:09.544+0000] {logging_mixin.py:190} INFO - [2025-03-16T19:24:09.543+0000] {dag.py:4180} INFO - Setting next_dagrun for example_xcom to 2021-01-01 00:00:00+00:00, run_after=2021-01-01 00:00:00+00:00
[2025-03-16T19:24:09.581+0000] {processor.py:208} INFO - Processing /home/airflow/.local/lib/python3.12/site-packages/airflow/example_dags/example_xcom.py took 0.155 seconds
[2025-03-16T19:24:41.886+0000] {processor.py:186} INFO - Started process (PID=91078) to work on /home/airflow/.local/lib/python3.12/site-packages/airflow/example_dags/example_xcom.py
[2025-03-16T19:24:41.887+0000] {processor.py:914} INFO - Processing file /home/airflow/.local/lib/python3.12/site-packages/airflow/example_dags/example_xcom.py for tasks to queue
[2025-03-16T19:24:41.890+0000] {logging_mixin.py:190} INFO - [2025-03-16T19:24:41.889+0000] {dagbag.py:588} INFO - Filling up the DagBag from /home/airflow/.local/lib/python3.12/site-packages/airflow/example_dags/example_xcom.py
[2025-03-16T19:24:41.908+0000] {processor.py:925} INFO - DAG(s) 'example_xcom' retrieved from /home/airflow/.local/lib/python3.12/site-packages/airflow/example_dags/example_xcom.py
[2025-03-16T19:24:41.946+0000] {logging_mixin.py:190} INFO - [2025-03-16T19:24:41.946+0000] {dag.py:3239} INFO - Sync 1 DAGs
[2025-03-16T19:24:41.995+0000] {logging_mixin.py:190} INFO - [2025-03-16T19:24:41.994+0000] {dag.py:4180} INFO - Setting next_dagrun for example_xcom to 2021-01-01 00:00:00+00:00, run_after=2021-01-01 00:00:00+00:00
[2025-03-16T19:24:42.029+0000] {processor.py:208} INFO - Processing /home/airflow/.local/lib/python3.12/site-packages/airflow/example_dags/example_xcom.py took 0.153 seconds
[2025-03-16T19:25:14.648+0000] {processor.py:186} INFO - Started process (PID=91148) to work on /home/airflow/.local/lib/python3.12/site-packages/airflow/example_dags/example_xcom.py
[2025-03-16T19:25:14.649+0000] {processor.py:914} INFO - Processing file /home/airflow/.local/lib/python3.12/site-packages/airflow/example_dags/example_xcom.py for tasks to queue
[2025-03-16T19:25:14.651+0000] {logging_mixin.py:190} INFO - [2025-03-16T19:25:14.651+0000] {dagbag.py:588} INFO - Filling up the DagBag from /home/airflow/.local/lib/python3.12/site-packages/airflow/example_dags/example_xcom.py
[2025-03-16T19:25:14.670+0000] {processor.py:925} INFO - DAG(s) 'example_xcom' retrieved from /home/airflow/.local/lib/python3.12/site-packages/airflow/example_dags/example_xcom.py
[2025-03-16T19:25:14.711+0000] {logging_mixin.py:190} INFO - [2025-03-16T19:25:14.711+0000] {dag.py:3239} INFO - Sync 1 DAGs
[2025-03-16T19:25:14.752+0000] {logging_mixin.py:190} INFO - [2025-03-16T19:25:14.752+0000] {dag.py:4180} INFO - Setting next_dagrun for example_xcom to 2021-01-01 00:00:00+00:00, run_after=2021-01-01 00:00:00+00:00
[2025-03-16T19:25:14.788+0000] {processor.py:208} INFO - Processing /home/airflow/.local/lib/python3.12/site-packages/airflow/example_dags/example_xcom.py took 0.151 seconds
[2025-03-16T19:25:46.346+0000] {processor.py:186} INFO - Started process (PID=91214) to work on /home/airflow/.local/lib/python3.12/site-packages/airflow/example_dags/example_xcom.py
[2025-03-16T19:25:46.348+0000] {processor.py:914} INFO - Processing file /home/airflow/.local/lib/python3.12/site-packages/airflow/example_dags/example_xcom.py for tasks to queue
[2025-03-16T19:25:46.350+0000] {logging_mixin.py:190} INFO - [2025-03-16T19:25:46.349+0000] {dagbag.py:588} INFO - Filling up the DagBag from /home/airflow/.local/lib/python3.12/site-packages/airflow/example_dags/example_xcom.py
[2025-03-16T19:25:46.369+0000] {processor.py:925} INFO - DAG(s) 'example_xcom' retrieved from /home/airflow/.local/lib/python3.12/site-packages/airflow/example_dags/example_xcom.py
[2025-03-16T19:25:46.418+0000] {logging_mixin.py:190} INFO - [2025-03-16T19:25:46.417+0000] {dag.py:3239} INFO - Sync 1 DAGs
[2025-03-16T19:25:46.469+0000] {logging_mixin.py:190} INFO - [2025-03-16T19:25:46.469+0000] {dag.py:4180} INFO - Setting next_dagrun for example_xcom to 2021-01-01 00:00:00+00:00, run_after=2021-01-01 00:00:00+00:00
[2025-03-16T19:25:46.515+0000] {processor.py:208} INFO - Processing /home/airflow/.local/lib/python3.12/site-packages/airflow/example_dags/example_xcom.py took 0.185 seconds
[2025-03-16T19:26:17.476+0000] {processor.py:186} INFO - Started process (PID=91279) to work on /home/airflow/.local/lib/python3.12/site-packages/airflow/example_dags/example_xcom.py
[2025-03-16T19:26:17.478+0000] {processor.py:914} INFO - Processing file /home/airflow/.local/lib/python3.12/site-packages/airflow/example_dags/example_xcom.py for tasks to queue
[2025-03-16T19:26:17.481+0000] {logging_mixin.py:190} INFO - [2025-03-16T19:26:17.480+0000] {dagbag.py:588} INFO - Filling up the DagBag from /home/airflow/.local/lib/python3.12/site-packages/airflow/example_dags/example_xcom.py
[2025-03-16T19:26:17.500+0000] {processor.py:925} INFO - DAG(s) 'example_xcom' retrieved from /home/airflow/.local/lib/python3.12/site-packages/airflow/example_dags/example_xcom.py
[2025-03-16T19:26:17.541+0000] {logging_mixin.py:190} INFO - [2025-03-16T19:26:17.540+0000] {dag.py:3239} INFO - Sync 1 DAGs
[2025-03-16T19:26:17.586+0000] {logging_mixin.py:190} INFO - [2025-03-16T19:26:17.585+0000] {dag.py:4180} INFO - Setting next_dagrun for example_xcom to 2021-01-01 00:00:00+00:00, run_after=2021-01-01 00:00:00+00:00
[2025-03-16T19:26:17.625+0000] {processor.py:208} INFO - Processing /home/airflow/.local/lib/python3.12/site-packages/airflow/example_dags/example_xcom.py took 0.157 seconds
[2025-03-16T19:26:48.584+0000] {processor.py:186} INFO - Started process (PID=91343) to work on /home/airflow/.local/lib/python3.12/site-packages/airflow/example_dags/example_xcom.py
[2025-03-16T19:26:48.586+0000] {processor.py:914} INFO - Processing file /home/airflow/.local/lib/python3.12/site-packages/airflow/example_dags/example_xcom.py for tasks to queue
[2025-03-16T19:26:48.589+0000] {logging_mixin.py:190} INFO - [2025-03-16T19:26:48.589+0000] {dagbag.py:588} INFO - Filling up the DagBag from /home/airflow/.local/lib/python3.12/site-packages/airflow/example_dags/example_xcom.py
[2025-03-16T19:26:48.602+0000] {processor.py:925} INFO - DAG(s) 'example_xcom' retrieved from /home/airflow/.local/lib/python3.12/site-packages/airflow/example_dags/example_xcom.py
[2025-03-16T19:26:48.637+0000] {logging_mixin.py:190} INFO - [2025-03-16T19:26:48.637+0000] {dag.py:3239} INFO - Sync 1 DAGs
[2025-03-16T19:26:48.675+0000] {logging_mixin.py:190} INFO - [2025-03-16T19:26:48.674+0000] {dag.py:4180} INFO - Setting next_dagrun for example_xcom to 2021-01-01 00:00:00+00:00, run_after=2021-01-01 00:00:00+00:00
[2025-03-16T19:26:48.703+0000] {processor.py:208} INFO - Processing /home/airflow/.local/lib/python3.12/site-packages/airflow/example_dags/example_xcom.py took 0.129 seconds
[2025-03-16T19:27:19.713+0000] {processor.py:186} INFO - Started process (PID=91407) to work on /home/airflow/.local/lib/python3.12/site-packages/airflow/example_dags/example_xcom.py
[2025-03-16T19:27:19.715+0000] {processor.py:914} INFO - Processing file /home/airflow/.local/lib/python3.12/site-packages/airflow/example_dags/example_xcom.py for tasks to queue
[2025-03-16T19:27:19.718+0000] {logging_mixin.py:190} INFO - [2025-03-16T19:27:19.718+0000] {dagbag.py:588} INFO - Filling up the DagBag from /home/airflow/.local/lib/python3.12/site-packages/airflow/example_dags/example_xcom.py
[2025-03-16T19:27:19.734+0000] {processor.py:925} INFO - DAG(s) 'example_xcom' retrieved from /home/airflow/.local/lib/python3.12/site-packages/airflow/example_dags/example_xcom.py
[2025-03-16T19:27:19.771+0000] {logging_mixin.py:190} INFO - [2025-03-16T19:27:19.770+0000] {dag.py:3239} INFO - Sync 1 DAGs
[2025-03-16T19:27:19.810+0000] {logging_mixin.py:190} INFO - [2025-03-16T19:27:19.809+0000] {dag.py:4180} INFO - Setting next_dagrun for example_xcom to 2021-01-01 00:00:00+00:00, run_after=2021-01-01 00:00:00+00:00
[2025-03-16T19:27:19.843+0000] {processor.py:208} INFO - Processing /home/airflow/.local/lib/python3.12/site-packages/airflow/example_dags/example_xcom.py took 0.138 seconds
[2025-03-16T19:27:51.858+0000] {processor.py:186} INFO - Started process (PID=91471) to work on /home/airflow/.local/lib/python3.12/site-packages/airflow/example_dags/example_xcom.py
[2025-03-16T19:27:51.860+0000] {processor.py:914} INFO - Processing file /home/airflow/.local/lib/python3.12/site-packages/airflow/example_dags/example_xcom.py for tasks to queue
[2025-03-16T19:27:51.863+0000] {logging_mixin.py:190} INFO - [2025-03-16T19:27:51.862+0000] {dagbag.py:588} INFO - Filling up the DagBag from /home/airflow/.local/lib/python3.12/site-packages/airflow/example_dags/example_xcom.py
[2025-03-16T19:27:51.883+0000] {processor.py:925} INFO - DAG(s) 'example_xcom' retrieved from /home/airflow/.local/lib/python3.12/site-packages/airflow/example_dags/example_xcom.py
[2025-03-16T19:27:51.923+0000] {logging_mixin.py:190} INFO - [2025-03-16T19:27:51.922+0000] {dag.py:3239} INFO - Sync 1 DAGs
[2025-03-16T19:27:51.973+0000] {logging_mixin.py:190} INFO - [2025-03-16T19:27:51.972+0000] {dag.py:4180} INFO - Setting next_dagrun for example_xcom to 2021-01-01 00:00:00+00:00, run_after=2021-01-01 00:00:00+00:00
[2025-03-16T19:27:52.007+0000] {processor.py:208} INFO - Processing /home/airflow/.local/lib/python3.12/site-packages/airflow/example_dags/example_xcom.py took 0.162 seconds
[2025-03-16T19:28:24.361+0000] {processor.py:186} INFO - Started process (PID=91535) to work on /home/airflow/.local/lib/python3.12/site-packages/airflow/example_dags/example_xcom.py
[2025-03-16T19:28:24.362+0000] {processor.py:914} INFO - Processing file /home/airflow/.local/lib/python3.12/site-packages/airflow/example_dags/example_xcom.py for tasks to queue
[2025-03-16T19:28:24.364+0000] {logging_mixin.py:190} INFO - [2025-03-16T19:28:24.364+0000] {dagbag.py:588} INFO - Filling up the DagBag from /home/airflow/.local/lib/python3.12/site-packages/airflow/example_dags/example_xcom.py
[2025-03-16T19:28:24.380+0000] {processor.py:925} INFO - DAG(s) 'example_xcom' retrieved from /home/airflow/.local/lib/python3.12/site-packages/airflow/example_dags/example_xcom.py
[2025-03-16T19:28:24.417+0000] {logging_mixin.py:190} INFO - [2025-03-16T19:28:24.416+0000] {dag.py:3239} INFO - Sync 1 DAGs
[2025-03-16T19:28:24.726+0000] {logging_mixin.py:190} INFO - [2025-03-16T19:28:24.725+0000] {dag.py:4180} INFO - Setting next_dagrun for example_xcom to 2021-01-01 00:00:00+00:00, run_after=2021-01-01 00:00:00+00:00
[2025-03-16T19:28:24.754+0000] {processor.py:208} INFO - Processing /home/airflow/.local/lib/python3.12/site-packages/airflow/example_dags/example_xcom.py took 0.405 seconds
[2025-03-16T19:28:55.717+0000] {processor.py:186} INFO - Started process (PID=91599) to work on /home/airflow/.local/lib/python3.12/site-packages/airflow/example_dags/example_xcom.py
[2025-03-16T19:28:55.719+0000] {processor.py:914} INFO - Processing file /home/airflow/.local/lib/python3.12/site-packages/airflow/example_dags/example_xcom.py for tasks to queue
[2025-03-16T19:28:55.721+0000] {logging_mixin.py:190} INFO - [2025-03-16T19:28:55.721+0000] {dagbag.py:588} INFO - Filling up the DagBag from /home/airflow/.local/lib/python3.12/site-packages/airflow/example_dags/example_xcom.py
[2025-03-16T19:28:55.740+0000] {processor.py:925} INFO - DAG(s) 'example_xcom' retrieved from /home/airflow/.local/lib/python3.12/site-packages/airflow/example_dags/example_xcom.py
[2025-03-16T19:28:55.802+0000] {logging_mixin.py:190} INFO - [2025-03-16T19:28:55.802+0000] {dag.py:3239} INFO - Sync 1 DAGs
[2025-03-16T19:28:55.861+0000] {logging_mixin.py:190} INFO - [2025-03-16T19:28:55.861+0000] {dag.py:4180} INFO - Setting next_dagrun for example_xcom to 2021-01-01 00:00:00+00:00, run_after=2021-01-01 00:00:00+00:00
[2025-03-16T19:28:56.265+0000] {processor.py:208} INFO - Processing /home/airflow/.local/lib/python3.12/site-packages/airflow/example_dags/example_xcom.py took 0.558 seconds
[2025-03-16T19:29:26.582+0000] {processor.py:186} INFO - Started process (PID=91663) to work on /home/airflow/.local/lib/python3.12/site-packages/airflow/example_dags/example_xcom.py
[2025-03-16T19:29:26.584+0000] {processor.py:914} INFO - Processing file /home/airflow/.local/lib/python3.12/site-packages/airflow/example_dags/example_xcom.py for tasks to queue
[2025-03-16T19:29:26.586+0000] {logging_mixin.py:190} INFO - [2025-03-16T19:29:26.585+0000] {dagbag.py:588} INFO - Filling up the DagBag from /home/airflow/.local/lib/python3.12/site-packages/airflow/example_dags/example_xcom.py
[2025-03-16T19:29:26.609+0000] {processor.py:925} INFO - DAG(s) 'example_xcom' retrieved from /home/airflow/.local/lib/python3.12/site-packages/airflow/example_dags/example_xcom.py
[2025-03-16T19:29:26.667+0000] {logging_mixin.py:190} INFO - [2025-03-16T19:29:26.666+0000] {dag.py:3239} INFO - Sync 1 DAGs
[2025-03-16T19:29:26.728+0000] {logging_mixin.py:190} INFO - [2025-03-16T19:29:26.728+0000] {dag.py:4180} INFO - Setting next_dagrun for example_xcom to 2021-01-01 00:00:00+00:00, run_after=2021-01-01 00:00:00+00:00
[2025-03-16T19:29:26.768+0000] {processor.py:208} INFO - Processing /home/airflow/.local/lib/python3.12/site-packages/airflow/example_dags/example_xcom.py took 0.200 seconds
[2025-03-16T19:29:59.262+0000] {processor.py:186} INFO - Started process (PID=91733) to work on /home/airflow/.local/lib/python3.12/site-packages/airflow/example_dags/example_xcom.py
[2025-03-16T19:29:59.264+0000] {processor.py:914} INFO - Processing file /home/airflow/.local/lib/python3.12/site-packages/airflow/example_dags/example_xcom.py for tasks to queue
[2025-03-16T19:29:59.267+0000] {logging_mixin.py:190} INFO - [2025-03-16T19:29:59.266+0000] {dagbag.py:588} INFO - Filling up the DagBag from /home/airflow/.local/lib/python3.12/site-packages/airflow/example_dags/example_xcom.py
[2025-03-16T19:29:59.560+0000] {processor.py:925} INFO - DAG(s) 'example_xcom' retrieved from /home/airflow/.local/lib/python3.12/site-packages/airflow/example_dags/example_xcom.py
[2025-03-16T19:29:59.595+0000] {logging_mixin.py:190} INFO - [2025-03-16T19:29:59.594+0000] {dag.py:3239} INFO - Sync 1 DAGs
[2025-03-16T19:29:59.636+0000] {logging_mixin.py:190} INFO - [2025-03-16T19:29:59.636+0000] {dag.py:4180} INFO - Setting next_dagrun for example_xcom to 2021-01-01 00:00:00+00:00, run_after=2021-01-01 00:00:00+00:00
[2025-03-16T19:29:59.672+0000] {processor.py:208} INFO - Processing /home/airflow/.local/lib/python3.12/site-packages/airflow/example_dags/example_xcom.py took 0.421 seconds
[2025-03-16T19:30:30.093+0000] {processor.py:186} INFO - Started process (PID=91797) to work on /home/airflow/.local/lib/python3.12/site-packages/airflow/example_dags/example_xcom.py
[2025-03-16T19:30:30.096+0000] {processor.py:914} INFO - Processing file /home/airflow/.local/lib/python3.12/site-packages/airflow/example_dags/example_xcom.py for tasks to queue
[2025-03-16T19:30:30.101+0000] {logging_mixin.py:190} INFO - [2025-03-16T19:30:30.099+0000] {dagbag.py:588} INFO - Filling up the DagBag from /home/airflow/.local/lib/python3.12/site-packages/airflow/example_dags/example_xcom.py
[2025-03-16T19:30:30.118+0000] {processor.py:925} INFO - DAG(s) 'example_xcom' retrieved from /home/airflow/.local/lib/python3.12/site-packages/airflow/example_dags/example_xcom.py
[2025-03-16T19:30:30.162+0000] {logging_mixin.py:190} INFO - [2025-03-16T19:30:30.161+0000] {dag.py:3239} INFO - Sync 1 DAGs
[2025-03-16T19:30:30.212+0000] {logging_mixin.py:190} INFO - [2025-03-16T19:30:30.211+0000] {dag.py:4180} INFO - Setting next_dagrun for example_xcom to 2021-01-01 00:00:00+00:00, run_after=2021-01-01 00:00:00+00:00
[2025-03-16T19:30:30.250+0000] {processor.py:208} INFO - Processing /home/airflow/.local/lib/python3.12/site-packages/airflow/example_dags/example_xcom.py took 0.166 seconds
[2025-03-16T19:31:02.325+0000] {processor.py:186} INFO - Started process (PID=91861) to work on /home/airflow/.local/lib/python3.12/site-packages/airflow/example_dags/example_xcom.py
[2025-03-16T19:31:02.327+0000] {processor.py:914} INFO - Processing file /home/airflow/.local/lib/python3.12/site-packages/airflow/example_dags/example_xcom.py for tasks to queue
[2025-03-16T19:31:02.329+0000] {logging_mixin.py:190} INFO - [2025-03-16T19:31:02.328+0000] {dagbag.py:588} INFO - Filling up the DagBag from /home/airflow/.local/lib/python3.12/site-packages/airflow/example_dags/example_xcom.py
[2025-03-16T19:31:02.345+0000] {processor.py:925} INFO - DAG(s) 'example_xcom' retrieved from /home/airflow/.local/lib/python3.12/site-packages/airflow/example_dags/example_xcom.py
[2025-03-16T19:31:02.382+0000] {logging_mixin.py:190} INFO - [2025-03-16T19:31:02.382+0000] {dag.py:3239} INFO - Sync 1 DAGs
[2025-03-16T19:31:02.425+0000] {logging_mixin.py:190} INFO - [2025-03-16T19:31:02.424+0000] {dag.py:4180} INFO - Setting next_dagrun for example_xcom to 2021-01-01 00:00:00+00:00, run_after=2021-01-01 00:00:00+00:00
[2025-03-16T19:31:02.464+0000] {processor.py:208} INFO - Processing /home/airflow/.local/lib/python3.12/site-packages/airflow/example_dags/example_xcom.py took 0.148 seconds
[2025-03-16T19:31:33.138+0000] {processor.py:186} INFO - Started process (PID=91925) to work on /home/airflow/.local/lib/python3.12/site-packages/airflow/example_dags/example_xcom.py
[2025-03-16T19:31:33.141+0000] {processor.py:914} INFO - Processing file /home/airflow/.local/lib/python3.12/site-packages/airflow/example_dags/example_xcom.py for tasks to queue
[2025-03-16T19:31:33.143+0000] {logging_mixin.py:190} INFO - [2025-03-16T19:31:33.142+0000] {dagbag.py:588} INFO - Filling up the DagBag from /home/airflow/.local/lib/python3.12/site-packages/airflow/example_dags/example_xcom.py
[2025-03-16T19:31:33.159+0000] {processor.py:925} INFO - DAG(s) 'example_xcom' retrieved from /home/airflow/.local/lib/python3.12/site-packages/airflow/example_dags/example_xcom.py
[2025-03-16T19:31:33.196+0000] {logging_mixin.py:190} INFO - [2025-03-16T19:31:33.195+0000] {dag.py:3239} INFO - Sync 1 DAGs
[2025-03-16T19:31:33.246+0000] {logging_mixin.py:190} INFO - [2025-03-16T19:31:33.246+0000] {dag.py:4180} INFO - Setting next_dagrun for example_xcom to 2021-01-01 00:00:00+00:00, run_after=2021-01-01 00:00:00+00:00
[2025-03-16T19:31:33.284+0000] {processor.py:208} INFO - Processing /home/airflow/.local/lib/python3.12/site-packages/airflow/example_dags/example_xcom.py took 0.157 seconds
[2025-03-16T19:32:03.358+0000] {processor.py:186} INFO - Started process (PID=91989) to work on /home/airflow/.local/lib/python3.12/site-packages/airflow/example_dags/example_xcom.py
[2025-03-16T19:32:03.360+0000] {processor.py:914} INFO - Processing file /home/airflow/.local/lib/python3.12/site-packages/airflow/example_dags/example_xcom.py for tasks to queue
[2025-03-16T19:32:03.364+0000] {logging_mixin.py:190} INFO - [2025-03-16T19:32:03.363+0000] {dagbag.py:588} INFO - Filling up the DagBag from /home/airflow/.local/lib/python3.12/site-packages/airflow/example_dags/example_xcom.py
[2025-03-16T19:32:03.381+0000] {processor.py:925} INFO - DAG(s) 'example_xcom' retrieved from /home/airflow/.local/lib/python3.12/site-packages/airflow/example_dags/example_xcom.py
[2025-03-16T19:32:03.421+0000] {logging_mixin.py:190} INFO - [2025-03-16T19:32:03.420+0000] {dag.py:3239} INFO - Sync 1 DAGs
[2025-03-16T19:32:03.467+0000] {logging_mixin.py:190} INFO - [2025-03-16T19:32:03.467+0000] {dag.py:4180} INFO - Setting next_dagrun for example_xcom to 2021-01-01 00:00:00+00:00, run_after=2021-01-01 00:00:00+00:00
[2025-03-16T19:32:03.501+0000] {processor.py:208} INFO - Processing /home/airflow/.local/lib/python3.12/site-packages/airflow/example_dags/example_xcom.py took 0.154 seconds
[2025-03-16T19:32:33.646+0000] {processor.py:186} INFO - Started process (PID=92052) to work on /home/airflow/.local/lib/python3.12/site-packages/airflow/example_dags/example_xcom.py
[2025-03-16T19:32:33.647+0000] {processor.py:914} INFO - Processing file /home/airflow/.local/lib/python3.12/site-packages/airflow/example_dags/example_xcom.py for tasks to queue
[2025-03-16T19:32:33.649+0000] {logging_mixin.py:190} INFO - [2025-03-16T19:32:33.648+0000] {dagbag.py:588} INFO - Filling up the DagBag from /home/airflow/.local/lib/python3.12/site-packages/airflow/example_dags/example_xcom.py
[2025-03-16T19:32:33.667+0000] {processor.py:925} INFO - DAG(s) 'example_xcom' retrieved from /home/airflow/.local/lib/python3.12/site-packages/airflow/example_dags/example_xcom.py
[2025-03-16T19:32:33.700+0000] {logging_mixin.py:190} INFO - [2025-03-16T19:32:33.700+0000] {dag.py:3239} INFO - Sync 1 DAGs
[2025-03-16T19:32:33.747+0000] {logging_mixin.py:190} INFO - [2025-03-16T19:32:33.746+0000] {dag.py:4180} INFO - Setting next_dagrun for example_xcom to 2021-01-01 00:00:00+00:00, run_after=2021-01-01 00:00:00+00:00
[2025-03-16T19:32:33.805+0000] {processor.py:208} INFO - Processing /home/airflow/.local/lib/python3.12/site-packages/airflow/example_dags/example_xcom.py took 0.170 seconds
[2025-03-16T19:33:04.117+0000] {processor.py:186} INFO - Started process (PID=92116) to work on /home/airflow/.local/lib/python3.12/site-packages/airflow/example_dags/example_xcom.py
[2025-03-16T19:33:04.119+0000] {processor.py:914} INFO - Processing file /home/airflow/.local/lib/python3.12/site-packages/airflow/example_dags/example_xcom.py for tasks to queue
[2025-03-16T19:33:04.120+0000] {logging_mixin.py:190} INFO - [2025-03-16T19:33:04.120+0000] {dagbag.py:588} INFO - Filling up the DagBag from /home/airflow/.local/lib/python3.12/site-packages/airflow/example_dags/example_xcom.py
[2025-03-16T19:33:04.135+0000] {processor.py:925} INFO - DAG(s) 'example_xcom' retrieved from /home/airflow/.local/lib/python3.12/site-packages/airflow/example_dags/example_xcom.py
[2025-03-16T19:33:04.170+0000] {logging_mixin.py:190} INFO - [2025-03-16T19:33:04.170+0000] {dag.py:3239} INFO - Sync 1 DAGs
[2025-03-16T19:33:04.210+0000] {logging_mixin.py:190} INFO - [2025-03-16T19:33:04.210+0000] {dag.py:4180} INFO - Setting next_dagrun for example_xcom to 2021-01-01 00:00:00+00:00, run_after=2021-01-01 00:00:00+00:00
[2025-03-16T19:33:04.243+0000] {processor.py:208} INFO - Processing /home/airflow/.local/lib/python3.12/site-packages/airflow/example_dags/example_xcom.py took 0.136 seconds
[2025-03-16T19:33:34.394+0000] {processor.py:186} INFO - Started process (PID=92179) to work on /home/airflow/.local/lib/python3.12/site-packages/airflow/example_dags/example_xcom.py
[2025-03-16T19:33:34.396+0000] {processor.py:914} INFO - Processing file /home/airflow/.local/lib/python3.12/site-packages/airflow/example_dags/example_xcom.py for tasks to queue
[2025-03-16T19:33:34.398+0000] {logging_mixin.py:190} INFO - [2025-03-16T19:33:34.397+0000] {dagbag.py:588} INFO - Filling up the DagBag from /home/airflow/.local/lib/python3.12/site-packages/airflow/example_dags/example_xcom.py
[2025-03-16T19:33:34.415+0000] {processor.py:925} INFO - DAG(s) 'example_xcom' retrieved from /home/airflow/.local/lib/python3.12/site-packages/airflow/example_dags/example_xcom.py
[2025-03-16T19:33:34.447+0000] {logging_mixin.py:190} INFO - [2025-03-16T19:33:34.446+0000] {dag.py:3239} INFO - Sync 1 DAGs
[2025-03-16T19:33:34.484+0000] {logging_mixin.py:190} INFO - [2025-03-16T19:33:34.484+0000] {dag.py:4180} INFO - Setting next_dagrun for example_xcom to 2021-01-01 00:00:00+00:00, run_after=2021-01-01 00:00:00+00:00
[2025-03-16T19:33:34.514+0000] {processor.py:208} INFO - Processing /home/airflow/.local/lib/python3.12/site-packages/airflow/example_dags/example_xcom.py took 0.127 seconds
[2025-03-16T19:34:04.682+0000] {processor.py:186} INFO - Started process (PID=92243) to work on /home/airflow/.local/lib/python3.12/site-packages/airflow/example_dags/example_xcom.py
[2025-03-16T19:34:04.683+0000] {processor.py:914} INFO - Processing file /home/airflow/.local/lib/python3.12/site-packages/airflow/example_dags/example_xcom.py for tasks to queue
[2025-03-16T19:34:04.685+0000] {logging_mixin.py:190} INFO - [2025-03-16T19:34:04.685+0000] {dagbag.py:588} INFO - Filling up the DagBag from /home/airflow/.local/lib/python3.12/site-packages/airflow/example_dags/example_xcom.py
[2025-03-16T19:34:04.702+0000] {processor.py:925} INFO - DAG(s) 'example_xcom' retrieved from /home/airflow/.local/lib/python3.12/site-packages/airflow/example_dags/example_xcom.py
[2025-03-16T19:34:04.738+0000] {logging_mixin.py:190} INFO - [2025-03-16T19:34:04.738+0000] {dag.py:3239} INFO - Sync 1 DAGs
[2025-03-16T19:34:04.781+0000] {logging_mixin.py:190} INFO - [2025-03-16T19:34:04.780+0000] {dag.py:4180} INFO - Setting next_dagrun for example_xcom to 2021-01-01 00:00:00+00:00, run_after=2021-01-01 00:00:00+00:00
[2025-03-16T19:34:04.817+0000] {processor.py:208} INFO - Processing /home/airflow/.local/lib/python3.12/site-packages/airflow/example_dags/example_xcom.py took 0.143 seconds
[2025-03-16T19:34:35.288+0000] {processor.py:186} INFO - Started process (PID=92308) to work on /home/airflow/.local/lib/python3.12/site-packages/airflow/example_dags/example_xcom.py
[2025-03-16T19:34:35.290+0000] {processor.py:914} INFO - Processing file /home/airflow/.local/lib/python3.12/site-packages/airflow/example_dags/example_xcom.py for tasks to queue
[2025-03-16T19:34:35.293+0000] {logging_mixin.py:190} INFO - [2025-03-16T19:34:35.292+0000] {dagbag.py:588} INFO - Filling up the DagBag from /home/airflow/.local/lib/python3.12/site-packages/airflow/example_dags/example_xcom.py
[2025-03-16T19:34:35.314+0000] {processor.py:925} INFO - DAG(s) 'example_xcom' retrieved from /home/airflow/.local/lib/python3.12/site-packages/airflow/example_dags/example_xcom.py
[2025-03-16T19:34:35.349+0000] {logging_mixin.py:190} INFO - [2025-03-16T19:34:35.349+0000] {dag.py:3239} INFO - Sync 1 DAGs
[2025-03-16T19:34:35.394+0000] {logging_mixin.py:190} INFO - [2025-03-16T19:34:35.394+0000] {dag.py:4180} INFO - Setting next_dagrun for example_xcom to 2021-01-01 00:00:00+00:00, run_after=2021-01-01 00:00:00+00:00
[2025-03-16T19:34:35.430+0000] {processor.py:208} INFO - Processing /home/airflow/.local/lib/python3.12/site-packages/airflow/example_dags/example_xcom.py took 0.154 seconds
[2025-03-16T19:35:05.855+0000] {processor.py:186} INFO - Started process (PID=92372) to work on /home/airflow/.local/lib/python3.12/site-packages/airflow/example_dags/example_xcom.py
[2025-03-16T19:35:05.858+0000] {processor.py:914} INFO - Processing file /home/airflow/.local/lib/python3.12/site-packages/airflow/example_dags/example_xcom.py for tasks to queue
[2025-03-16T19:35:05.861+0000] {logging_mixin.py:190} INFO - [2025-03-16T19:35:05.861+0000] {dagbag.py:588} INFO - Filling up the DagBag from /home/airflow/.local/lib/python3.12/site-packages/airflow/example_dags/example_xcom.py
[2025-03-16T19:35:05.880+0000] {processor.py:925} INFO - DAG(s) 'example_xcom' retrieved from /home/airflow/.local/lib/python3.12/site-packages/airflow/example_dags/example_xcom.py
[2025-03-16T19:35:05.913+0000] {logging_mixin.py:190} INFO - [2025-03-16T19:35:05.912+0000] {dag.py:3239} INFO - Sync 1 DAGs
[2025-03-16T19:35:05.951+0000] {logging_mixin.py:190} INFO - [2025-03-16T19:35:05.950+0000] {dag.py:4180} INFO - Setting next_dagrun for example_xcom to 2021-01-01 00:00:00+00:00, run_after=2021-01-01 00:00:00+00:00
[2025-03-16T19:35:05.980+0000] {processor.py:208} INFO - Processing /home/airflow/.local/lib/python3.12/site-packages/airflow/example_dags/example_xcom.py took 0.139 seconds
[2025-03-16T19:35:36.226+0000] {processor.py:186} INFO - Started process (PID=92435) to work on /home/airflow/.local/lib/python3.12/site-packages/airflow/example_dags/example_xcom.py
[2025-03-16T19:35:36.228+0000] {processor.py:914} INFO - Processing file /home/airflow/.local/lib/python3.12/site-packages/airflow/example_dags/example_xcom.py for tasks to queue
[2025-03-16T19:35:36.230+0000] {logging_mixin.py:190} INFO - [2025-03-16T19:35:36.230+0000] {dagbag.py:588} INFO - Filling up the DagBag from /home/airflow/.local/lib/python3.12/site-packages/airflow/example_dags/example_xcom.py
[2025-03-16T19:35:36.251+0000] {processor.py:925} INFO - DAG(s) 'example_xcom' retrieved from /home/airflow/.local/lib/python3.12/site-packages/airflow/example_dags/example_xcom.py
[2025-03-16T19:35:36.290+0000] {logging_mixin.py:190} INFO - [2025-03-16T19:35:36.289+0000] {dag.py:3239} INFO - Sync 1 DAGs
[2025-03-16T19:35:36.332+0000] {logging_mixin.py:190} INFO - [2025-03-16T19:35:36.332+0000] {dag.py:4180} INFO - Setting next_dagrun for example_xcom to 2021-01-01 00:00:00+00:00, run_after=2021-01-01 00:00:00+00:00
[2025-03-16T19:35:36.364+0000] {processor.py:208} INFO - Processing /home/airflow/.local/lib/python3.12/site-packages/airflow/example_dags/example_xcom.py took 0.147 seconds
[2025-03-16T19:36:06.766+0000] {processor.py:186} INFO - Started process (PID=92499) to work on /home/airflow/.local/lib/python3.12/site-packages/airflow/example_dags/example_xcom.py
[2025-03-16T19:36:06.768+0000] {processor.py:914} INFO - Processing file /home/airflow/.local/lib/python3.12/site-packages/airflow/example_dags/example_xcom.py for tasks to queue
[2025-03-16T19:36:06.771+0000] {logging_mixin.py:190} INFO - [2025-03-16T19:36:06.770+0000] {dagbag.py:588} INFO - Filling up the DagBag from /home/airflow/.local/lib/python3.12/site-packages/airflow/example_dags/example_xcom.py
[2025-03-16T19:36:06.788+0000] {processor.py:925} INFO - DAG(s) 'example_xcom' retrieved from /home/airflow/.local/lib/python3.12/site-packages/airflow/example_dags/example_xcom.py
[2025-03-16T19:36:06.829+0000] {logging_mixin.py:190} INFO - [2025-03-16T19:36:06.828+0000] {dag.py:3239} INFO - Sync 1 DAGs
[2025-03-16T19:36:06.864+0000] {logging_mixin.py:190} INFO - [2025-03-16T19:36:06.863+0000] {dag.py:4180} INFO - Setting next_dagrun for example_xcom to 2021-01-01 00:00:00+00:00, run_after=2021-01-01 00:00:00+00:00
[2025-03-16T19:36:06.894+0000] {processor.py:208} INFO - Processing /home/airflow/.local/lib/python3.12/site-packages/airflow/example_dags/example_xcom.py took 0.140 seconds
[2025-03-16T19:36:36.994+0000] {processor.py:186} INFO - Started process (PID=92563) to work on /home/airflow/.local/lib/python3.12/site-packages/airflow/example_dags/example_xcom.py
[2025-03-16T19:36:36.995+0000] {processor.py:914} INFO - Processing file /home/airflow/.local/lib/python3.12/site-packages/airflow/example_dags/example_xcom.py for tasks to queue
[2025-03-16T19:36:36.997+0000] {logging_mixin.py:190} INFO - [2025-03-16T19:36:36.996+0000] {dagbag.py:588} INFO - Filling up the DagBag from /home/airflow/.local/lib/python3.12/site-packages/airflow/example_dags/example_xcom.py
[2025-03-16T19:36:37.010+0000] {processor.py:925} INFO - DAG(s) 'example_xcom' retrieved from /home/airflow/.local/lib/python3.12/site-packages/airflow/example_dags/example_xcom.py
[2025-03-16T19:36:37.042+0000] {logging_mixin.py:190} INFO - [2025-03-16T19:36:37.042+0000] {dag.py:3239} INFO - Sync 1 DAGs
[2025-03-16T19:36:37.082+0000] {logging_mixin.py:190} INFO - [2025-03-16T19:36:37.082+0000] {dag.py:4180} INFO - Setting next_dagrun for example_xcom to 2021-01-01 00:00:00+00:00, run_after=2021-01-01 00:00:00+00:00
[2025-03-16T19:36:37.109+0000] {processor.py:208} INFO - Processing /home/airflow/.local/lib/python3.12/site-packages/airflow/example_dags/example_xcom.py took 0.123 seconds
[2025-03-16T19:37:07.519+0000] {processor.py:186} INFO - Started process (PID=92627) to work on /home/airflow/.local/lib/python3.12/site-packages/airflow/example_dags/example_xcom.py
[2025-03-16T19:37:07.520+0000] {processor.py:914} INFO - Processing file /home/airflow/.local/lib/python3.12/site-packages/airflow/example_dags/example_xcom.py for tasks to queue
[2025-03-16T19:37:07.522+0000] {logging_mixin.py:190} INFO - [2025-03-16T19:37:07.522+0000] {dagbag.py:588} INFO - Filling up the DagBag from /home/airflow/.local/lib/python3.12/site-packages/airflow/example_dags/example_xcom.py
[2025-03-16T19:37:07.537+0000] {processor.py:925} INFO - DAG(s) 'example_xcom' retrieved from /home/airflow/.local/lib/python3.12/site-packages/airflow/example_dags/example_xcom.py
[2025-03-16T19:37:07.577+0000] {logging_mixin.py:190} INFO - [2025-03-16T19:37:07.577+0000] {dag.py:3239} INFO - Sync 1 DAGs
[2025-03-16T19:37:07.620+0000] {logging_mixin.py:190} INFO - [2025-03-16T19:37:07.619+0000] {dag.py:4180} INFO - Setting next_dagrun for example_xcom to 2021-01-01 00:00:00+00:00, run_after=2021-01-01 00:00:00+00:00
[2025-03-16T19:37:07.651+0000] {processor.py:208} INFO - Processing /home/airflow/.local/lib/python3.12/site-packages/airflow/example_dags/example_xcom.py took 0.140 seconds
[2025-03-16T19:37:38.258+0000] {processor.py:186} INFO - Started process (PID=92690) to work on /home/airflow/.local/lib/python3.12/site-packages/airflow/example_dags/example_xcom.py
[2025-03-16T19:37:38.260+0000] {processor.py:914} INFO - Processing file /home/airflow/.local/lib/python3.12/site-packages/airflow/example_dags/example_xcom.py for tasks to queue
[2025-03-16T19:37:38.262+0000] {logging_mixin.py:190} INFO - [2025-03-16T19:37:38.261+0000] {dagbag.py:588} INFO - Filling up the DagBag from /home/airflow/.local/lib/python3.12/site-packages/airflow/example_dags/example_xcom.py
[2025-03-16T19:37:38.275+0000] {processor.py:925} INFO - DAG(s) 'example_xcom' retrieved from /home/airflow/.local/lib/python3.12/site-packages/airflow/example_dags/example_xcom.py
[2025-03-16T19:37:38.307+0000] {logging_mixin.py:190} INFO - [2025-03-16T19:37:38.307+0000] {dag.py:3239} INFO - Sync 1 DAGs
[2025-03-16T19:37:38.346+0000] {logging_mixin.py:190} INFO - [2025-03-16T19:37:38.346+0000] {dag.py:4180} INFO - Setting next_dagrun for example_xcom to 2021-01-01 00:00:00+00:00, run_after=2021-01-01 00:00:00+00:00
[2025-03-16T19:37:38.377+0000] {processor.py:208} INFO - Processing /home/airflow/.local/lib/python3.12/site-packages/airflow/example_dags/example_xcom.py took 0.129 seconds
[2025-03-16T19:38:08.572+0000] {processor.py:186} INFO - Started process (PID=92753) to work on /home/airflow/.local/lib/python3.12/site-packages/airflow/example_dags/example_xcom.py
[2025-03-16T19:38:08.574+0000] {processor.py:914} INFO - Processing file /home/airflow/.local/lib/python3.12/site-packages/airflow/example_dags/example_xcom.py for tasks to queue
[2025-03-16T19:38:08.577+0000] {logging_mixin.py:190} INFO - [2025-03-16T19:38:08.576+0000] {dagbag.py:588} INFO - Filling up the DagBag from /home/airflow/.local/lib/python3.12/site-packages/airflow/example_dags/example_xcom.py
[2025-03-16T19:38:08.593+0000] {processor.py:925} INFO - DAG(s) 'example_xcom' retrieved from /home/airflow/.local/lib/python3.12/site-packages/airflow/example_dags/example_xcom.py
[2025-03-16T19:38:08.631+0000] {logging_mixin.py:190} INFO - [2025-03-16T19:38:08.631+0000] {dag.py:3239} INFO - Sync 1 DAGs
[2025-03-16T19:38:08.672+0000] {logging_mixin.py:190} INFO - [2025-03-16T19:38:08.672+0000] {dag.py:4180} INFO - Setting next_dagrun for example_xcom to 2021-01-01 00:00:00+00:00, run_after=2021-01-01 00:00:00+00:00
[2025-03-16T19:38:08.708+0000] {processor.py:208} INFO - Processing /home/airflow/.local/lib/python3.12/site-packages/airflow/example_dags/example_xcom.py took 0.148 seconds
[2025-03-16T19:38:38.941+0000] {processor.py:186} INFO - Started process (PID=92817) to work on /home/airflow/.local/lib/python3.12/site-packages/airflow/example_dags/example_xcom.py
[2025-03-16T19:38:38.942+0000] {processor.py:914} INFO - Processing file /home/airflow/.local/lib/python3.12/site-packages/airflow/example_dags/example_xcom.py for tasks to queue
[2025-03-16T19:38:38.944+0000] {logging_mixin.py:190} INFO - [2025-03-16T19:38:38.944+0000] {dagbag.py:588} INFO - Filling up the DagBag from /home/airflow/.local/lib/python3.12/site-packages/airflow/example_dags/example_xcom.py
[2025-03-16T19:38:38.958+0000] {processor.py:925} INFO - DAG(s) 'example_xcom' retrieved from /home/airflow/.local/lib/python3.12/site-packages/airflow/example_dags/example_xcom.py
[2025-03-16T19:38:38.990+0000] {logging_mixin.py:190} INFO - [2025-03-16T19:38:38.990+0000] {dag.py:3239} INFO - Sync 1 DAGs
[2025-03-16T19:38:39.027+0000] {logging_mixin.py:190} INFO - [2025-03-16T19:38:39.026+0000] {dag.py:4180} INFO - Setting next_dagrun for example_xcom to 2021-01-01 00:00:00+00:00, run_after=2021-01-01 00:00:00+00:00
[2025-03-16T19:38:39.056+0000] {processor.py:208} INFO - Processing /home/airflow/.local/lib/python3.12/site-packages/airflow/example_dags/example_xcom.py took 0.123 seconds
[2025-03-16T19:39:09.409+0000] {processor.py:186} INFO - Started process (PID=92880) to work on /home/airflow/.local/lib/python3.12/site-packages/airflow/example_dags/example_xcom.py
[2025-03-16T19:39:09.411+0000] {processor.py:914} INFO - Processing file /home/airflow/.local/lib/python3.12/site-packages/airflow/example_dags/example_xcom.py for tasks to queue
[2025-03-16T19:39:09.413+0000] {logging_mixin.py:190} INFO - [2025-03-16T19:39:09.412+0000] {dagbag.py:588} INFO - Filling up the DagBag from /home/airflow/.local/lib/python3.12/site-packages/airflow/example_dags/example_xcom.py
[2025-03-16T19:39:09.428+0000] {processor.py:925} INFO - DAG(s) 'example_xcom' retrieved from /home/airflow/.local/lib/python3.12/site-packages/airflow/example_dags/example_xcom.py
[2025-03-16T19:39:09.467+0000] {logging_mixin.py:190} INFO - [2025-03-16T19:39:09.467+0000] {dag.py:3239} INFO - Sync 1 DAGs
[2025-03-16T19:39:09.508+0000] {logging_mixin.py:190} INFO - [2025-03-16T19:39:09.508+0000] {dag.py:4180} INFO - Setting next_dagrun for example_xcom to 2021-01-01 00:00:00+00:00, run_after=2021-01-01 00:00:00+00:00
[2025-03-16T19:39:09.542+0000] {processor.py:208} INFO - Processing /home/airflow/.local/lib/python3.12/site-packages/airflow/example_dags/example_xcom.py took 0.144 seconds
