[2025-03-16T19:07:52.799+0000] {processor.py:186} INFO - Started process (PID=88966) to work on /home/airflow/.local/lib/python3.12/site-packages/airflow/example_dags/example_kubernetes_executor.py
[2025-03-16T19:07:52.800+0000] {processor.py:914} INFO - Processing file /home/airflow/.local/lib/python3.12/site-packages/airflow/example_dags/example_kubernetes_executor.py for tasks to queue
[2025-03-16T19:07:52.802+0000] {logging_mixin.py:190} INFO - [2025-03-16T19:07:52.801+0000] {dagbag.py:588} INFO - Filling up the DagBag from /home/airflow/.local/lib/python3.12/site-packages/airflow/example_dags/example_kubernetes_executor.py
[2025-03-16T19:07:52.824+0000] {processor.py:925} INFO - DAG(s) 'example_kubernetes_executor' retrieved from /home/airflow/.local/lib/python3.12/site-packages/airflow/example_dags/example_kubernetes_executor.py
[2025-03-16T19:07:52.852+0000] {logging_mixin.py:190} INFO - [2025-03-16T19:07:52.852+0000] {dag.py:3239} INFO - Sync 1 DAGs
[2025-03-16T19:07:52.871+0000] {logging_mixin.py:190} INFO - [2025-03-16T19:07:52.870+0000] {dag.py:4180} INFO - Setting next_dagrun for example_kubernetes_executor to None, run_after=None
[2025-03-16T19:07:52.893+0000] {processor.py:208} INFO - Processing /home/airflow/.local/lib/python3.12/site-packages/airflow/example_dags/example_kubernetes_executor.py took 0.100 seconds
[2025-03-16T19:08:23.758+0000] {processor.py:186} INFO - Started process (PID=89025) to work on /home/airflow/.local/lib/python3.12/site-packages/airflow/example_dags/example_kubernetes_executor.py
[2025-03-16T19:08:23.759+0000] {processor.py:914} INFO - Processing file /home/airflow/.local/lib/python3.12/site-packages/airflow/example_dags/example_kubernetes_executor.py for tasks to queue
[2025-03-16T19:08:23.760+0000] {logging_mixin.py:190} INFO - [2025-03-16T19:08:23.760+0000] {dagbag.py:588} INFO - Filling up the DagBag from /home/airflow/.local/lib/python3.12/site-packages/airflow/example_dags/example_kubernetes_executor.py
[2025-03-16T19:08:23.774+0000] {processor.py:925} INFO - DAG(s) 'example_kubernetes_executor' retrieved from /home/airflow/.local/lib/python3.12/site-packages/airflow/example_dags/example_kubernetes_executor.py
[2025-03-16T19:08:23.797+0000] {logging_mixin.py:190} INFO - [2025-03-16T19:08:23.797+0000] {dag.py:3239} INFO - Sync 1 DAGs
[2025-03-16T19:08:23.811+0000] {logging_mixin.py:190} INFO - [2025-03-16T19:08:23.811+0000] {dag.py:4180} INFO - Setting next_dagrun for example_kubernetes_executor to None, run_after=None
[2025-03-16T19:08:23.827+0000] {processor.py:208} INFO - Processing /home/airflow/.local/lib/python3.12/site-packages/airflow/example_dags/example_kubernetes_executor.py took 0.074 seconds
[2025-03-16T19:08:54.367+0000] {processor.py:186} INFO - Started process (PID=89089) to work on /home/airflow/.local/lib/python3.12/site-packages/airflow/example_dags/example_kubernetes_executor.py
[2025-03-16T19:08:54.369+0000] {processor.py:914} INFO - Processing file /home/airflow/.local/lib/python3.12/site-packages/airflow/example_dags/example_kubernetes_executor.py for tasks to queue
[2025-03-16T19:08:54.370+0000] {logging_mixin.py:190} INFO - [2025-03-16T19:08:54.370+0000] {dagbag.py:588} INFO - Filling up the DagBag from /home/airflow/.local/lib/python3.12/site-packages/airflow/example_dags/example_kubernetes_executor.py
[2025-03-16T19:08:54.382+0000] {processor.py:925} INFO - DAG(s) 'example_kubernetes_executor' retrieved from /home/airflow/.local/lib/python3.12/site-packages/airflow/example_dags/example_kubernetes_executor.py
[2025-03-16T19:08:54.406+0000] {logging_mixin.py:190} INFO - [2025-03-16T19:08:54.406+0000] {dag.py:3239} INFO - Sync 1 DAGs
[2025-03-16T19:08:54.419+0000] {logging_mixin.py:190} INFO - [2025-03-16T19:08:54.418+0000] {dag.py:4180} INFO - Setting next_dagrun for example_kubernetes_executor to None, run_after=None
[2025-03-16T19:08:54.437+0000] {processor.py:208} INFO - Processing /home/airflow/.local/lib/python3.12/site-packages/airflow/example_dags/example_kubernetes_executor.py took 0.075 seconds
[2025-03-16T19:09:25.237+0000] {processor.py:186} INFO - Started process (PID=89149) to work on /home/airflow/.local/lib/python3.12/site-packages/airflow/example_dags/example_kubernetes_executor.py
[2025-03-16T19:09:25.239+0000] {processor.py:914} INFO - Processing file /home/airflow/.local/lib/python3.12/site-packages/airflow/example_dags/example_kubernetes_executor.py for tasks to queue
[2025-03-16T19:09:25.242+0000] {logging_mixin.py:190} INFO - [2025-03-16T19:09:25.241+0000] {dagbag.py:588} INFO - Filling up the DagBag from /home/airflow/.local/lib/python3.12/site-packages/airflow/example_dags/example_kubernetes_executor.py
[2025-03-16T19:09:25.259+0000] {processor.py:925} INFO - DAG(s) 'example_kubernetes_executor' retrieved from /home/airflow/.local/lib/python3.12/site-packages/airflow/example_dags/example_kubernetes_executor.py
[2025-03-16T19:09:25.297+0000] {logging_mixin.py:190} INFO - [2025-03-16T19:09:25.297+0000] {dag.py:3239} INFO - Sync 1 DAGs
[2025-03-16T19:09:25.317+0000] {logging_mixin.py:190} INFO - [2025-03-16T19:09:25.317+0000] {dag.py:4180} INFO - Setting next_dagrun for example_kubernetes_executor to None, run_after=None
[2025-03-16T19:09:25.345+0000] {processor.py:208} INFO - Processing /home/airflow/.local/lib/python3.12/site-packages/airflow/example_dags/example_kubernetes_executor.py took 0.115 seconds
[2025-03-16T19:09:55.759+0000] {processor.py:186} INFO - Started process (PID=89219) to work on /home/airflow/.local/lib/python3.12/site-packages/airflow/example_dags/example_kubernetes_executor.py
[2025-03-16T19:09:55.760+0000] {processor.py:914} INFO - Processing file /home/airflow/.local/lib/python3.12/site-packages/airflow/example_dags/example_kubernetes_executor.py for tasks to queue
[2025-03-16T19:09:55.762+0000] {logging_mixin.py:190} INFO - [2025-03-16T19:09:55.762+0000] {dagbag.py:588} INFO - Filling up the DagBag from /home/airflow/.local/lib/python3.12/site-packages/airflow/example_dags/example_kubernetes_executor.py
[2025-03-16T19:09:55.778+0000] {processor.py:925} INFO - DAG(s) 'example_kubernetes_executor' retrieved from /home/airflow/.local/lib/python3.12/site-packages/airflow/example_dags/example_kubernetes_executor.py
[2025-03-16T19:09:55.813+0000] {logging_mixin.py:190} INFO - [2025-03-16T19:09:55.812+0000] {dag.py:3239} INFO - Sync 1 DAGs
[2025-03-16T19:09:55.835+0000] {logging_mixin.py:190} INFO - [2025-03-16T19:09:55.834+0000] {dag.py:4180} INFO - Setting next_dagrun for example_kubernetes_executor to None, run_after=None
[2025-03-16T19:09:55.859+0000] {processor.py:208} INFO - Processing /home/airflow/.local/lib/python3.12/site-packages/airflow/example_dags/example_kubernetes_executor.py took 0.106 seconds
[2025-03-16T19:10:26.011+0000] {processor.py:186} INFO - Started process (PID=89283) to work on /home/airflow/.local/lib/python3.12/site-packages/airflow/example_dags/example_kubernetes_executor.py
[2025-03-16T19:10:26.012+0000] {processor.py:914} INFO - Processing file /home/airflow/.local/lib/python3.12/site-packages/airflow/example_dags/example_kubernetes_executor.py for tasks to queue
[2025-03-16T19:10:26.014+0000] {logging_mixin.py:190} INFO - [2025-03-16T19:10:26.014+0000] {dagbag.py:588} INFO - Filling up the DagBag from /home/airflow/.local/lib/python3.12/site-packages/airflow/example_dags/example_kubernetes_executor.py
[2025-03-16T19:10:26.031+0000] {processor.py:925} INFO - DAG(s) 'example_kubernetes_executor' retrieved from /home/airflow/.local/lib/python3.12/site-packages/airflow/example_dags/example_kubernetes_executor.py
[2025-03-16T19:10:26.062+0000] {logging_mixin.py:190} INFO - [2025-03-16T19:10:26.061+0000] {dag.py:3239} INFO - Sync 1 DAGs
[2025-03-16T19:10:26.080+0000] {logging_mixin.py:190} INFO - [2025-03-16T19:10:26.080+0000] {dag.py:4180} INFO - Setting next_dagrun for example_kubernetes_executor to None, run_after=None
[2025-03-16T19:10:26.104+0000] {processor.py:208} INFO - Processing /home/airflow/.local/lib/python3.12/site-packages/airflow/example_dags/example_kubernetes_executor.py took 0.101 seconds
[2025-03-16T19:10:56.387+0000] {processor.py:186} INFO - Started process (PID=89347) to work on /home/airflow/.local/lib/python3.12/site-packages/airflow/example_dags/example_kubernetes_executor.py
[2025-03-16T19:10:56.389+0000] {processor.py:914} INFO - Processing file /home/airflow/.local/lib/python3.12/site-packages/airflow/example_dags/example_kubernetes_executor.py for tasks to queue
[2025-03-16T19:10:56.390+0000] {logging_mixin.py:190} INFO - [2025-03-16T19:10:56.390+0000] {dagbag.py:588} INFO - Filling up the DagBag from /home/airflow/.local/lib/python3.12/site-packages/airflow/example_dags/example_kubernetes_executor.py
[2025-03-16T19:10:56.404+0000] {processor.py:925} INFO - DAG(s) 'example_kubernetes_executor' retrieved from /home/airflow/.local/lib/python3.12/site-packages/airflow/example_dags/example_kubernetes_executor.py
[2025-03-16T19:10:56.432+0000] {logging_mixin.py:190} INFO - [2025-03-16T19:10:56.431+0000] {dag.py:3239} INFO - Sync 1 DAGs
[2025-03-16T19:10:56.446+0000] {logging_mixin.py:190} INFO - [2025-03-16T19:10:56.446+0000] {dag.py:4180} INFO - Setting next_dagrun for example_kubernetes_executor to None, run_after=None
[2025-03-16T19:10:56.473+0000] {processor.py:208} INFO - Processing /home/airflow/.local/lib/python3.12/site-packages/airflow/example_dags/example_kubernetes_executor.py took 0.092 seconds
[2025-03-16T19:11:26.747+0000] {processor.py:186} INFO - Started process (PID=89411) to work on /home/airflow/.local/lib/python3.12/site-packages/airflow/example_dags/example_kubernetes_executor.py
[2025-03-16T19:11:26.748+0000] {processor.py:914} INFO - Processing file /home/airflow/.local/lib/python3.12/site-packages/airflow/example_dags/example_kubernetes_executor.py for tasks to queue
[2025-03-16T19:11:26.749+0000] {logging_mixin.py:190} INFO - [2025-03-16T19:11:26.749+0000] {dagbag.py:588} INFO - Filling up the DagBag from /home/airflow/.local/lib/python3.12/site-packages/airflow/example_dags/example_kubernetes_executor.py
[2025-03-16T19:11:26.766+0000] {processor.py:925} INFO - DAG(s) 'example_kubernetes_executor' retrieved from /home/airflow/.local/lib/python3.12/site-packages/airflow/example_dags/example_kubernetes_executor.py
[2025-03-16T19:11:26.801+0000] {logging_mixin.py:190} INFO - [2025-03-16T19:11:26.800+0000] {dag.py:3239} INFO - Sync 1 DAGs
[2025-03-16T19:11:26.816+0000] {logging_mixin.py:190} INFO - [2025-03-16T19:11:26.816+0000] {dag.py:4180} INFO - Setting next_dagrun for example_kubernetes_executor to None, run_after=None
[2025-03-16T19:11:26.838+0000] {processor.py:208} INFO - Processing /home/airflow/.local/lib/python3.12/site-packages/airflow/example_dags/example_kubernetes_executor.py took 0.097 seconds
[2025-03-16T19:11:57.093+0000] {processor.py:186} INFO - Started process (PID=89474) to work on /home/airflow/.local/lib/python3.12/site-packages/airflow/example_dags/example_kubernetes_executor.py
[2025-03-16T19:11:57.095+0000] {processor.py:914} INFO - Processing file /home/airflow/.local/lib/python3.12/site-packages/airflow/example_dags/example_kubernetes_executor.py for tasks to queue
[2025-03-16T19:11:57.096+0000] {logging_mixin.py:190} INFO - [2025-03-16T19:11:57.096+0000] {dagbag.py:588} INFO - Filling up the DagBag from /home/airflow/.local/lib/python3.12/site-packages/airflow/example_dags/example_kubernetes_executor.py
[2025-03-16T19:11:57.112+0000] {processor.py:925} INFO - DAG(s) 'example_kubernetes_executor' retrieved from /home/airflow/.local/lib/python3.12/site-packages/airflow/example_dags/example_kubernetes_executor.py
[2025-03-16T19:11:57.142+0000] {logging_mixin.py:190} INFO - [2025-03-16T19:11:57.142+0000] {dag.py:3239} INFO - Sync 1 DAGs
[2025-03-16T19:11:57.161+0000] {logging_mixin.py:190} INFO - [2025-03-16T19:11:57.160+0000] {dag.py:4180} INFO - Setting next_dagrun for example_kubernetes_executor to None, run_after=None
[2025-03-16T19:11:57.184+0000] {processor.py:208} INFO - Processing /home/airflow/.local/lib/python3.12/site-packages/airflow/example_dags/example_kubernetes_executor.py took 0.095 seconds
[2025-03-16T19:12:27.585+0000] {processor.py:186} INFO - Started process (PID=89536) to work on /home/airflow/.local/lib/python3.12/site-packages/airflow/example_dags/example_kubernetes_executor.py
[2025-03-16T19:12:27.587+0000] {processor.py:914} INFO - Processing file /home/airflow/.local/lib/python3.12/site-packages/airflow/example_dags/example_kubernetes_executor.py for tasks to queue
[2025-03-16T19:12:27.589+0000] {logging_mixin.py:190} INFO - [2025-03-16T19:12:27.588+0000] {dagbag.py:588} INFO - Filling up the DagBag from /home/airflow/.local/lib/python3.12/site-packages/airflow/example_dags/example_kubernetes_executor.py
[2025-03-16T19:12:27.606+0000] {processor.py:925} INFO - DAG(s) 'example_kubernetes_executor' retrieved from /home/airflow/.local/lib/python3.12/site-packages/airflow/example_dags/example_kubernetes_executor.py
[2025-03-16T19:12:27.640+0000] {logging_mixin.py:190} INFO - [2025-03-16T19:12:27.640+0000] {dag.py:3239} INFO - Sync 1 DAGs
[2025-03-16T19:12:27.656+0000] {logging_mixin.py:190} INFO - [2025-03-16T19:12:27.656+0000] {dag.py:4180} INFO - Setting next_dagrun for example_kubernetes_executor to None, run_after=None
[2025-03-16T19:12:27.682+0000] {processor.py:208} INFO - Processing /home/airflow/.local/lib/python3.12/site-packages/airflow/example_dags/example_kubernetes_executor.py took 0.105 seconds
[2025-03-16T19:12:58.532+0000] {processor.py:186} INFO - Started process (PID=89600) to work on /home/airflow/.local/lib/python3.12/site-packages/airflow/example_dags/example_kubernetes_executor.py
[2025-03-16T19:12:58.533+0000] {processor.py:914} INFO - Processing file /home/airflow/.local/lib/python3.12/site-packages/airflow/example_dags/example_kubernetes_executor.py for tasks to queue
[2025-03-16T19:12:58.535+0000] {logging_mixin.py:190} INFO - [2025-03-16T19:12:58.535+0000] {dagbag.py:588} INFO - Filling up the DagBag from /home/airflow/.local/lib/python3.12/site-packages/airflow/example_dags/example_kubernetes_executor.py
[2025-03-16T19:12:58.554+0000] {processor.py:925} INFO - DAG(s) 'example_kubernetes_executor' retrieved from /home/airflow/.local/lib/python3.12/site-packages/airflow/example_dags/example_kubernetes_executor.py
[2025-03-16T19:12:58.584+0000] {logging_mixin.py:190} INFO - [2025-03-16T19:12:58.583+0000] {dag.py:3239} INFO - Sync 1 DAGs
[2025-03-16T19:12:58.598+0000] {logging_mixin.py:190} INFO - [2025-03-16T19:12:58.598+0000] {dag.py:4180} INFO - Setting next_dagrun for example_kubernetes_executor to None, run_after=None
[2025-03-16T19:12:58.624+0000] {processor.py:208} INFO - Processing /home/airflow/.local/lib/python3.12/site-packages/airflow/example_dags/example_kubernetes_executor.py took 0.097 seconds
[2025-03-16T19:13:29.149+0000] {processor.py:186} INFO - Started process (PID=89663) to work on /home/airflow/.local/lib/python3.12/site-packages/airflow/example_dags/example_kubernetes_executor.py
[2025-03-16T19:13:29.150+0000] {processor.py:914} INFO - Processing file /home/airflow/.local/lib/python3.12/site-packages/airflow/example_dags/example_kubernetes_executor.py for tasks to queue
[2025-03-16T19:13:29.152+0000] {logging_mixin.py:190} INFO - [2025-03-16T19:13:29.152+0000] {dagbag.py:588} INFO - Filling up the DagBag from /home/airflow/.local/lib/python3.12/site-packages/airflow/example_dags/example_kubernetes_executor.py
[2025-03-16T19:13:29.170+0000] {processor.py:925} INFO - DAG(s) 'example_kubernetes_executor' retrieved from /home/airflow/.local/lib/python3.12/site-packages/airflow/example_dags/example_kubernetes_executor.py
[2025-03-16T19:13:29.200+0000] {logging_mixin.py:190} INFO - [2025-03-16T19:13:29.200+0000] {dag.py:3239} INFO - Sync 1 DAGs
[2025-03-16T19:13:29.215+0000] {logging_mixin.py:190} INFO - [2025-03-16T19:13:29.215+0000] {dag.py:4180} INFO - Setting next_dagrun for example_kubernetes_executor to None, run_after=None
[2025-03-16T19:13:29.237+0000] {processor.py:208} INFO - Processing /home/airflow/.local/lib/python3.12/site-packages/airflow/example_dags/example_kubernetes_executor.py took 0.094 seconds
[2025-03-16T19:14:00.094+0000] {processor.py:186} INFO - Started process (PID=89727) to work on /home/airflow/.local/lib/python3.12/site-packages/airflow/example_dags/example_kubernetes_executor.py
[2025-03-16T19:14:00.095+0000] {processor.py:914} INFO - Processing file /home/airflow/.local/lib/python3.12/site-packages/airflow/example_dags/example_kubernetes_executor.py for tasks to queue
[2025-03-16T19:14:00.097+0000] {logging_mixin.py:190} INFO - [2025-03-16T19:14:00.096+0000] {dagbag.py:588} INFO - Filling up the DagBag from /home/airflow/.local/lib/python3.12/site-packages/airflow/example_dags/example_kubernetes_executor.py
[2025-03-16T19:14:00.110+0000] {processor.py:925} INFO - DAG(s) 'example_kubernetes_executor' retrieved from /home/airflow/.local/lib/python3.12/site-packages/airflow/example_dags/example_kubernetes_executor.py
[2025-03-16T19:14:00.138+0000] {logging_mixin.py:190} INFO - [2025-03-16T19:14:00.137+0000] {dag.py:3239} INFO - Sync 1 DAGs
[2025-03-16T19:14:00.151+0000] {logging_mixin.py:190} INFO - [2025-03-16T19:14:00.151+0000] {dag.py:4180} INFO - Setting next_dagrun for example_kubernetes_executor to None, run_after=None
[2025-03-16T19:14:00.172+0000] {processor.py:208} INFO - Processing /home/airflow/.local/lib/python3.12/site-packages/airflow/example_dags/example_kubernetes_executor.py took 0.083 seconds
[2025-03-16T19:14:30.414+0000] {processor.py:186} INFO - Started process (PID=89791) to work on /home/airflow/.local/lib/python3.12/site-packages/airflow/example_dags/example_kubernetes_executor.py
[2025-03-16T19:14:30.415+0000] {processor.py:914} INFO - Processing file /home/airflow/.local/lib/python3.12/site-packages/airflow/example_dags/example_kubernetes_executor.py for tasks to queue
[2025-03-16T19:14:30.417+0000] {logging_mixin.py:190} INFO - [2025-03-16T19:14:30.416+0000] {dagbag.py:588} INFO - Filling up the DagBag from /home/airflow/.local/lib/python3.12/site-packages/airflow/example_dags/example_kubernetes_executor.py
[2025-03-16T19:14:30.434+0000] {processor.py:925} INFO - DAG(s) 'example_kubernetes_executor' retrieved from /home/airflow/.local/lib/python3.12/site-packages/airflow/example_dags/example_kubernetes_executor.py
[2025-03-16T19:14:30.467+0000] {logging_mixin.py:190} INFO - [2025-03-16T19:14:30.467+0000] {dag.py:3239} INFO - Sync 1 DAGs
[2025-03-16T19:14:30.484+0000] {logging_mixin.py:190} INFO - [2025-03-16T19:14:30.484+0000] {dag.py:4180} INFO - Setting next_dagrun for example_kubernetes_executor to None, run_after=None
[2025-03-16T19:14:30.512+0000] {processor.py:208} INFO - Processing /home/airflow/.local/lib/python3.12/site-packages/airflow/example_dags/example_kubernetes_executor.py took 0.105 seconds
[2025-03-16T19:15:00.813+0000] {processor.py:186} INFO - Started process (PID=89855) to work on /home/airflow/.local/lib/python3.12/site-packages/airflow/example_dags/example_kubernetes_executor.py
[2025-03-16T19:15:00.814+0000] {processor.py:914} INFO - Processing file /home/airflow/.local/lib/python3.12/site-packages/airflow/example_dags/example_kubernetes_executor.py for tasks to queue
[2025-03-16T19:15:00.816+0000] {logging_mixin.py:190} INFO - [2025-03-16T19:15:00.816+0000] {dagbag.py:588} INFO - Filling up the DagBag from /home/airflow/.local/lib/python3.12/site-packages/airflow/example_dags/example_kubernetes_executor.py
[2025-03-16T19:15:00.836+0000] {processor.py:925} INFO - DAG(s) 'example_kubernetes_executor' retrieved from /home/airflow/.local/lib/python3.12/site-packages/airflow/example_dags/example_kubernetes_executor.py
[2025-03-16T19:15:00.869+0000] {logging_mixin.py:190} INFO - [2025-03-16T19:15:00.869+0000] {dag.py:3239} INFO - Sync 1 DAGs
[2025-03-16T19:15:00.888+0000] {logging_mixin.py:190} INFO - [2025-03-16T19:15:00.887+0000] {dag.py:4180} INFO - Setting next_dagrun for example_kubernetes_executor to None, run_after=None
[2025-03-16T19:15:00.914+0000] {processor.py:208} INFO - Processing /home/airflow/.local/lib/python3.12/site-packages/airflow/example_dags/example_kubernetes_executor.py took 0.107 seconds
[2025-03-16T19:15:31.649+0000] {processor.py:186} INFO - Started process (PID=89919) to work on /home/airflow/.local/lib/python3.12/site-packages/airflow/example_dags/example_kubernetes_executor.py
[2025-03-16T19:15:31.651+0000] {processor.py:914} INFO - Processing file /home/airflow/.local/lib/python3.12/site-packages/airflow/example_dags/example_kubernetes_executor.py for tasks to queue
[2025-03-16T19:15:31.654+0000] {logging_mixin.py:190} INFO - [2025-03-16T19:15:31.653+0000] {dagbag.py:588} INFO - Filling up the DagBag from /home/airflow/.local/lib/python3.12/site-packages/airflow/example_dags/example_kubernetes_executor.py
[2025-03-16T19:15:31.675+0000] {processor.py:925} INFO - DAG(s) 'example_kubernetes_executor' retrieved from /home/airflow/.local/lib/python3.12/site-packages/airflow/example_dags/example_kubernetes_executor.py
[2025-03-16T19:15:31.709+0000] {logging_mixin.py:190} INFO - [2025-03-16T19:15:31.709+0000] {dag.py:3239} INFO - Sync 1 DAGs
[2025-03-16T19:15:31.734+0000] {logging_mixin.py:190} INFO - [2025-03-16T19:15:31.733+0000] {dag.py:4180} INFO - Setting next_dagrun for example_kubernetes_executor to None, run_after=None
[2025-03-16T19:15:31.765+0000] {processor.py:208} INFO - Processing /home/airflow/.local/lib/python3.12/site-packages/airflow/example_dags/example_kubernetes_executor.py took 0.125 seconds
[2025-03-16T19:16:02.094+0000] {processor.py:186} INFO - Started process (PID=89983) to work on /home/airflow/.local/lib/python3.12/site-packages/airflow/example_dags/example_kubernetes_executor.py
[2025-03-16T19:16:02.096+0000] {processor.py:914} INFO - Processing file /home/airflow/.local/lib/python3.12/site-packages/airflow/example_dags/example_kubernetes_executor.py for tasks to queue
[2025-03-16T19:16:02.097+0000] {logging_mixin.py:190} INFO - [2025-03-16T19:16:02.097+0000] {dagbag.py:588} INFO - Filling up the DagBag from /home/airflow/.local/lib/python3.12/site-packages/airflow/example_dags/example_kubernetes_executor.py
[2025-03-16T19:16:02.119+0000] {processor.py:925} INFO - DAG(s) 'example_kubernetes_executor' retrieved from /home/airflow/.local/lib/python3.12/site-packages/airflow/example_dags/example_kubernetes_executor.py
[2025-03-16T19:16:02.155+0000] {logging_mixin.py:190} INFO - [2025-03-16T19:16:02.154+0000] {dag.py:3239} INFO - Sync 1 DAGs
[2025-03-16T19:16:02.176+0000] {logging_mixin.py:190} INFO - [2025-03-16T19:16:02.176+0000] {dag.py:4180} INFO - Setting next_dagrun for example_kubernetes_executor to None, run_after=None
[2025-03-16T19:16:02.202+0000] {processor.py:208} INFO - Processing /home/airflow/.local/lib/python3.12/site-packages/airflow/example_dags/example_kubernetes_executor.py took 0.114 seconds
[2025-03-16T19:16:32.536+0000] {processor.py:186} INFO - Started process (PID=90047) to work on /home/airflow/.local/lib/python3.12/site-packages/airflow/example_dags/example_kubernetes_executor.py
[2025-03-16T19:16:32.540+0000] {processor.py:914} INFO - Processing file /home/airflow/.local/lib/python3.12/site-packages/airflow/example_dags/example_kubernetes_executor.py for tasks to queue
[2025-03-16T19:16:32.543+0000] {logging_mixin.py:190} INFO - [2025-03-16T19:16:32.542+0000] {dagbag.py:588} INFO - Filling up the DagBag from /home/airflow/.local/lib/python3.12/site-packages/airflow/example_dags/example_kubernetes_executor.py
[2025-03-16T19:16:32.568+0000] {processor.py:925} INFO - DAG(s) 'example_kubernetes_executor' retrieved from /home/airflow/.local/lib/python3.12/site-packages/airflow/example_dags/example_kubernetes_executor.py
[2025-03-16T19:16:32.608+0000] {logging_mixin.py:190} INFO - [2025-03-16T19:16:32.608+0000] {dag.py:3239} INFO - Sync 1 DAGs
[2025-03-16T19:16:32.628+0000] {logging_mixin.py:190} INFO - [2025-03-16T19:16:32.628+0000] {dag.py:4180} INFO - Setting next_dagrun for example_kubernetes_executor to None, run_after=None
[2025-03-16T19:16:32.658+0000] {processor.py:208} INFO - Processing /home/airflow/.local/lib/python3.12/site-packages/airflow/example_dags/example_kubernetes_executor.py took 0.132 seconds
[2025-03-16T19:17:02.920+0000] {processor.py:186} INFO - Started process (PID=90111) to work on /home/airflow/.local/lib/python3.12/site-packages/airflow/example_dags/example_kubernetes_executor.py
[2025-03-16T19:17:02.922+0000] {processor.py:914} INFO - Processing file /home/airflow/.local/lib/python3.12/site-packages/airflow/example_dags/example_kubernetes_executor.py for tasks to queue
[2025-03-16T19:17:02.924+0000] {logging_mixin.py:190} INFO - [2025-03-16T19:17:02.924+0000] {dagbag.py:588} INFO - Filling up the DagBag from /home/airflow/.local/lib/python3.12/site-packages/airflow/example_dags/example_kubernetes_executor.py
[2025-03-16T19:17:02.946+0000] {processor.py:925} INFO - DAG(s) 'example_kubernetes_executor' retrieved from /home/airflow/.local/lib/python3.12/site-packages/airflow/example_dags/example_kubernetes_executor.py
[2025-03-16T19:17:02.983+0000] {logging_mixin.py:190} INFO - [2025-03-16T19:17:02.983+0000] {dag.py:3239} INFO - Sync 1 DAGs
[2025-03-16T19:17:03.002+0000] {logging_mixin.py:190} INFO - [2025-03-16T19:17:03.002+0000] {dag.py:4180} INFO - Setting next_dagrun for example_kubernetes_executor to None, run_after=None
[2025-03-16T19:17:03.035+0000] {processor.py:208} INFO - Processing /home/airflow/.local/lib/python3.12/site-packages/airflow/example_dags/example_kubernetes_executor.py took 0.120 seconds
[2025-03-16T19:17:33.167+0000] {processor.py:186} INFO - Started process (PID=90175) to work on /home/airflow/.local/lib/python3.12/site-packages/airflow/example_dags/example_kubernetes_executor.py
[2025-03-16T19:17:33.169+0000] {processor.py:914} INFO - Processing file /home/airflow/.local/lib/python3.12/site-packages/airflow/example_dags/example_kubernetes_executor.py for tasks to queue
[2025-03-16T19:17:33.170+0000] {logging_mixin.py:190} INFO - [2025-03-16T19:17:33.170+0000] {dagbag.py:588} INFO - Filling up the DagBag from /home/airflow/.local/lib/python3.12/site-packages/airflow/example_dags/example_kubernetes_executor.py
[2025-03-16T19:17:33.188+0000] {processor.py:925} INFO - DAG(s) 'example_kubernetes_executor' retrieved from /home/airflow/.local/lib/python3.12/site-packages/airflow/example_dags/example_kubernetes_executor.py
[2025-03-16T19:17:33.225+0000] {logging_mixin.py:190} INFO - [2025-03-16T19:17:33.225+0000] {dag.py:3239} INFO - Sync 1 DAGs
[2025-03-16T19:17:33.251+0000] {logging_mixin.py:190} INFO - [2025-03-16T19:17:33.251+0000] {dag.py:4180} INFO - Setting next_dagrun for example_kubernetes_executor to None, run_after=None
[2025-03-16T19:17:33.282+0000] {processor.py:208} INFO - Processing /home/airflow/.local/lib/python3.12/site-packages/airflow/example_dags/example_kubernetes_executor.py took 0.124 seconds
[2025-03-16T19:18:03.775+0000] {processor.py:186} INFO - Started process (PID=90239) to work on /home/airflow/.local/lib/python3.12/site-packages/airflow/example_dags/example_kubernetes_executor.py
[2025-03-16T19:18:03.777+0000] {processor.py:914} INFO - Processing file /home/airflow/.local/lib/python3.12/site-packages/airflow/example_dags/example_kubernetes_executor.py for tasks to queue
[2025-03-16T19:18:03.779+0000] {logging_mixin.py:190} INFO - [2025-03-16T19:18:03.778+0000] {dagbag.py:588} INFO - Filling up the DagBag from /home/airflow/.local/lib/python3.12/site-packages/airflow/example_dags/example_kubernetes_executor.py
[2025-03-16T19:18:03.799+0000] {processor.py:925} INFO - DAG(s) 'example_kubernetes_executor' retrieved from /home/airflow/.local/lib/python3.12/site-packages/airflow/example_dags/example_kubernetes_executor.py
[2025-03-16T19:18:03.841+0000] {logging_mixin.py:190} INFO - [2025-03-16T19:18:03.841+0000] {dag.py:3239} INFO - Sync 1 DAGs
[2025-03-16T19:18:03.863+0000] {logging_mixin.py:190} INFO - [2025-03-16T19:18:03.863+0000] {dag.py:4180} INFO - Setting next_dagrun for example_kubernetes_executor to None, run_after=None
[2025-03-16T19:18:03.895+0000] {processor.py:208} INFO - Processing /home/airflow/.local/lib/python3.12/site-packages/airflow/example_dags/example_kubernetes_executor.py took 0.129 seconds
[2025-03-16T19:18:34.221+0000] {processor.py:186} INFO - Started process (PID=90303) to work on /home/airflow/.local/lib/python3.12/site-packages/airflow/example_dags/example_kubernetes_executor.py
[2025-03-16T19:18:34.222+0000] {processor.py:914} INFO - Processing file /home/airflow/.local/lib/python3.12/site-packages/airflow/example_dags/example_kubernetes_executor.py for tasks to queue
[2025-03-16T19:18:34.226+0000] {logging_mixin.py:190} INFO - [2025-03-16T19:18:34.225+0000] {dagbag.py:588} INFO - Filling up the DagBag from /home/airflow/.local/lib/python3.12/site-packages/airflow/example_dags/example_kubernetes_executor.py
[2025-03-16T19:18:34.244+0000] {processor.py:925} INFO - DAG(s) 'example_kubernetes_executor' retrieved from /home/airflow/.local/lib/python3.12/site-packages/airflow/example_dags/example_kubernetes_executor.py
[2025-03-16T19:18:34.279+0000] {logging_mixin.py:190} INFO - [2025-03-16T19:18:34.278+0000] {dag.py:3239} INFO - Sync 1 DAGs
[2025-03-16T19:18:34.297+0000] {logging_mixin.py:190} INFO - [2025-03-16T19:18:34.297+0000] {dag.py:4180} INFO - Setting next_dagrun for example_kubernetes_executor to None, run_after=None
[2025-03-16T19:18:34.327+0000] {processor.py:208} INFO - Processing /home/airflow/.local/lib/python3.12/site-packages/airflow/example_dags/example_kubernetes_executor.py took 0.112 seconds
[2025-03-16T19:19:04.416+0000] {processor.py:186} INFO - Started process (PID=90367) to work on /home/airflow/.local/lib/python3.12/site-packages/airflow/example_dags/example_kubernetes_executor.py
[2025-03-16T19:19:04.417+0000] {processor.py:914} INFO - Processing file /home/airflow/.local/lib/python3.12/site-packages/airflow/example_dags/example_kubernetes_executor.py for tasks to queue
[2025-03-16T19:19:04.419+0000] {logging_mixin.py:190} INFO - [2025-03-16T19:19:04.418+0000] {dagbag.py:588} INFO - Filling up the DagBag from /home/airflow/.local/lib/python3.12/site-packages/airflow/example_dags/example_kubernetes_executor.py
[2025-03-16T19:19:04.436+0000] {processor.py:925} INFO - DAG(s) 'example_kubernetes_executor' retrieved from /home/airflow/.local/lib/python3.12/site-packages/airflow/example_dags/example_kubernetes_executor.py
[2025-03-16T19:19:04.469+0000] {logging_mixin.py:190} INFO - [2025-03-16T19:19:04.468+0000] {dag.py:3239} INFO - Sync 1 DAGs
[2025-03-16T19:19:04.487+0000] {logging_mixin.py:190} INFO - [2025-03-16T19:19:04.487+0000] {dag.py:4180} INFO - Setting next_dagrun for example_kubernetes_executor to None, run_after=None
[2025-03-16T19:19:04.518+0000] {processor.py:208} INFO - Processing /home/airflow/.local/lib/python3.12/site-packages/airflow/example_dags/example_kubernetes_executor.py took 0.109 seconds
[2025-03-16T19:19:34.617+0000] {processor.py:186} INFO - Started process (PID=90431) to work on /home/airflow/.local/lib/python3.12/site-packages/airflow/example_dags/example_kubernetes_executor.py
[2025-03-16T19:19:34.619+0000] {processor.py:914} INFO - Processing file /home/airflow/.local/lib/python3.12/site-packages/airflow/example_dags/example_kubernetes_executor.py for tasks to queue
[2025-03-16T19:19:34.621+0000] {logging_mixin.py:190} INFO - [2025-03-16T19:19:34.620+0000] {dagbag.py:588} INFO - Filling up the DagBag from /home/airflow/.local/lib/python3.12/site-packages/airflow/example_dags/example_kubernetes_executor.py
[2025-03-16T19:19:34.639+0000] {processor.py:925} INFO - DAG(s) 'example_kubernetes_executor' retrieved from /home/airflow/.local/lib/python3.12/site-packages/airflow/example_dags/example_kubernetes_executor.py
[2025-03-16T19:19:34.672+0000] {logging_mixin.py:190} INFO - [2025-03-16T19:19:34.672+0000] {dag.py:3239} INFO - Sync 1 DAGs
[2025-03-16T19:19:34.689+0000] {logging_mixin.py:190} INFO - [2025-03-16T19:19:34.688+0000] {dag.py:4180} INFO - Setting next_dagrun for example_kubernetes_executor to None, run_after=None
[2025-03-16T19:19:34.722+0000] {processor.py:208} INFO - Processing /home/airflow/.local/lib/python3.12/site-packages/airflow/example_dags/example_kubernetes_executor.py took 0.111 seconds
[2025-03-16T19:20:04.869+0000] {processor.py:186} INFO - Started process (PID=90495) to work on /home/airflow/.local/lib/python3.12/site-packages/airflow/example_dags/example_kubernetes_executor.py
[2025-03-16T19:20:04.870+0000] {processor.py:914} INFO - Processing file /home/airflow/.local/lib/python3.12/site-packages/airflow/example_dags/example_kubernetes_executor.py for tasks to queue
[2025-03-16T19:20:04.873+0000] {logging_mixin.py:190} INFO - [2025-03-16T19:20:04.872+0000] {dagbag.py:588} INFO - Filling up the DagBag from /home/airflow/.local/lib/python3.12/site-packages/airflow/example_dags/example_kubernetes_executor.py
[2025-03-16T19:20:04.895+0000] {processor.py:925} INFO - DAG(s) 'example_kubernetes_executor' retrieved from /home/airflow/.local/lib/python3.12/site-packages/airflow/example_dags/example_kubernetes_executor.py
[2025-03-16T19:20:04.935+0000] {logging_mixin.py:190} INFO - [2025-03-16T19:20:04.935+0000] {dag.py:3239} INFO - Sync 1 DAGs
[2025-03-16T19:20:04.955+0000] {logging_mixin.py:190} INFO - [2025-03-16T19:20:04.954+0000] {dag.py:4180} INFO - Setting next_dagrun for example_kubernetes_executor to None, run_after=None
[2025-03-16T19:20:04.986+0000] {processor.py:208} INFO - Processing /home/airflow/.local/lib/python3.12/site-packages/airflow/example_dags/example_kubernetes_executor.py took 0.123 seconds
[2025-03-16T19:20:35.075+0000] {processor.py:186} INFO - Started process (PID=90559) to work on /home/airflow/.local/lib/python3.12/site-packages/airflow/example_dags/example_kubernetes_executor.py
[2025-03-16T19:20:35.076+0000] {processor.py:914} INFO - Processing file /home/airflow/.local/lib/python3.12/site-packages/airflow/example_dags/example_kubernetes_executor.py for tasks to queue
[2025-03-16T19:20:35.079+0000] {logging_mixin.py:190} INFO - [2025-03-16T19:20:35.078+0000] {dagbag.py:588} INFO - Filling up the DagBag from /home/airflow/.local/lib/python3.12/site-packages/airflow/example_dags/example_kubernetes_executor.py
[2025-03-16T19:20:35.100+0000] {processor.py:925} INFO - DAG(s) 'example_kubernetes_executor' retrieved from /home/airflow/.local/lib/python3.12/site-packages/airflow/example_dags/example_kubernetes_executor.py
[2025-03-16T19:20:35.139+0000] {logging_mixin.py:190} INFO - [2025-03-16T19:20:35.138+0000] {dag.py:3239} INFO - Sync 1 DAGs
[2025-03-16T19:20:35.158+0000] {logging_mixin.py:190} INFO - [2025-03-16T19:20:35.158+0000] {dag.py:4180} INFO - Setting next_dagrun for example_kubernetes_executor to None, run_after=None
[2025-03-16T19:20:35.189+0000] {processor.py:208} INFO - Processing /home/airflow/.local/lib/python3.12/site-packages/airflow/example_dags/example_kubernetes_executor.py took 0.121 seconds
[2025-03-16T19:21:05.312+0000] {processor.py:186} INFO - Started process (PID=90623) to work on /home/airflow/.local/lib/python3.12/site-packages/airflow/example_dags/example_kubernetes_executor.py
[2025-03-16T19:21:05.313+0000] {processor.py:914} INFO - Processing file /home/airflow/.local/lib/python3.12/site-packages/airflow/example_dags/example_kubernetes_executor.py for tasks to queue
[2025-03-16T19:21:05.315+0000] {logging_mixin.py:190} INFO - [2025-03-16T19:21:05.314+0000] {dagbag.py:588} INFO - Filling up the DagBag from /home/airflow/.local/lib/python3.12/site-packages/airflow/example_dags/example_kubernetes_executor.py
[2025-03-16T19:21:05.333+0000] {processor.py:925} INFO - DAG(s) 'example_kubernetes_executor' retrieved from /home/airflow/.local/lib/python3.12/site-packages/airflow/example_dags/example_kubernetes_executor.py
[2025-03-16T19:21:05.386+0000] {logging_mixin.py:190} INFO - [2025-03-16T19:21:05.385+0000] {dag.py:3239} INFO - Sync 1 DAGs
[2025-03-16T19:21:05.415+0000] {logging_mixin.py:190} INFO - [2025-03-16T19:21:05.415+0000] {dag.py:4180} INFO - Setting next_dagrun for example_kubernetes_executor to None, run_after=None
[2025-03-16T19:21:05.445+0000] {processor.py:208} INFO - Processing /home/airflow/.local/lib/python3.12/site-packages/airflow/example_dags/example_kubernetes_executor.py took 0.140 seconds
[2025-03-16T19:21:35.787+0000] {processor.py:186} INFO - Started process (PID=90687) to work on /home/airflow/.local/lib/python3.12/site-packages/airflow/example_dags/example_kubernetes_executor.py
[2025-03-16T19:21:35.788+0000] {processor.py:914} INFO - Processing file /home/airflow/.local/lib/python3.12/site-packages/airflow/example_dags/example_kubernetes_executor.py for tasks to queue
[2025-03-16T19:21:35.793+0000] {logging_mixin.py:190} INFO - [2025-03-16T19:21:35.792+0000] {dagbag.py:588} INFO - Filling up the DagBag from /home/airflow/.local/lib/python3.12/site-packages/airflow/example_dags/example_kubernetes_executor.py
[2025-03-16T19:21:35.814+0000] {processor.py:925} INFO - DAG(s) 'example_kubernetes_executor' retrieved from /home/airflow/.local/lib/python3.12/site-packages/airflow/example_dags/example_kubernetes_executor.py
[2025-03-16T19:21:35.858+0000] {logging_mixin.py:190} INFO - [2025-03-16T19:21:35.858+0000] {dag.py:3239} INFO - Sync 1 DAGs
[2025-03-16T19:21:35.881+0000] {logging_mixin.py:190} INFO - [2025-03-16T19:21:35.881+0000] {dag.py:4180} INFO - Setting next_dagrun for example_kubernetes_executor to None, run_after=None
[2025-03-16T19:21:35.915+0000] {processor.py:208} INFO - Processing /home/airflow/.local/lib/python3.12/site-packages/airflow/example_dags/example_kubernetes_executor.py took 0.136 seconds
[2025-03-16T19:22:06.317+0000] {processor.py:186} INFO - Started process (PID=90751) to work on /home/airflow/.local/lib/python3.12/site-packages/airflow/example_dags/example_kubernetes_executor.py
[2025-03-16T19:22:06.319+0000] {processor.py:914} INFO - Processing file /home/airflow/.local/lib/python3.12/site-packages/airflow/example_dags/example_kubernetes_executor.py for tasks to queue
[2025-03-16T19:22:06.321+0000] {logging_mixin.py:190} INFO - [2025-03-16T19:22:06.321+0000] {dagbag.py:588} INFO - Filling up the DagBag from /home/airflow/.local/lib/python3.12/site-packages/airflow/example_dags/example_kubernetes_executor.py
[2025-03-16T19:22:06.340+0000] {processor.py:925} INFO - DAG(s) 'example_kubernetes_executor' retrieved from /home/airflow/.local/lib/python3.12/site-packages/airflow/example_dags/example_kubernetes_executor.py
[2025-03-16T19:22:06.373+0000] {logging_mixin.py:190} INFO - [2025-03-16T19:22:06.373+0000] {dag.py:3239} INFO - Sync 1 DAGs
[2025-03-16T19:22:06.392+0000] {logging_mixin.py:190} INFO - [2025-03-16T19:22:06.392+0000] {dag.py:4180} INFO - Setting next_dagrun for example_kubernetes_executor to None, run_after=None
[2025-03-16T19:22:06.421+0000] {processor.py:208} INFO - Processing /home/airflow/.local/lib/python3.12/site-packages/airflow/example_dags/example_kubernetes_executor.py took 0.110 seconds
[2025-03-16T19:22:36.807+0000] {processor.py:186} INFO - Started process (PID=90814) to work on /home/airflow/.local/lib/python3.12/site-packages/airflow/example_dags/example_kubernetes_executor.py
[2025-03-16T19:22:36.809+0000] {processor.py:914} INFO - Processing file /home/airflow/.local/lib/python3.12/site-packages/airflow/example_dags/example_kubernetes_executor.py for tasks to queue
[2025-03-16T19:22:36.813+0000] {logging_mixin.py:190} INFO - [2025-03-16T19:22:36.812+0000] {dagbag.py:588} INFO - Filling up the DagBag from /home/airflow/.local/lib/python3.12/site-packages/airflow/example_dags/example_kubernetes_executor.py
[2025-03-16T19:22:36.841+0000] {processor.py:925} INFO - DAG(s) 'example_kubernetes_executor' retrieved from /home/airflow/.local/lib/python3.12/site-packages/airflow/example_dags/example_kubernetes_executor.py
[2025-03-16T19:22:36.890+0000] {logging_mixin.py:190} INFO - [2025-03-16T19:22:36.889+0000] {dag.py:3239} INFO - Sync 1 DAGs
[2025-03-16T19:22:36.920+0000] {logging_mixin.py:190} INFO - [2025-03-16T19:22:36.920+0000] {dag.py:4180} INFO - Setting next_dagrun for example_kubernetes_executor to None, run_after=None
[2025-03-16T19:22:36.958+0000] {processor.py:208} INFO - Processing /home/airflow/.local/lib/python3.12/site-packages/airflow/example_dags/example_kubernetes_executor.py took 0.159 seconds
[2025-03-16T19:23:07.267+0000] {processor.py:186} INFO - Started process (PID=90878) to work on /home/airflow/.local/lib/python3.12/site-packages/airflow/example_dags/example_kubernetes_executor.py
[2025-03-16T19:23:07.268+0000] {processor.py:914} INFO - Processing file /home/airflow/.local/lib/python3.12/site-packages/airflow/example_dags/example_kubernetes_executor.py for tasks to queue
[2025-03-16T19:23:07.271+0000] {logging_mixin.py:190} INFO - [2025-03-16T19:23:07.270+0000] {dagbag.py:588} INFO - Filling up the DagBag from /home/airflow/.local/lib/python3.12/site-packages/airflow/example_dags/example_kubernetes_executor.py
[2025-03-16T19:23:07.306+0000] {processor.py:925} INFO - DAG(s) 'example_kubernetes_executor' retrieved from /home/airflow/.local/lib/python3.12/site-packages/airflow/example_dags/example_kubernetes_executor.py
[2025-03-16T19:23:07.355+0000] {logging_mixin.py:190} INFO - [2025-03-16T19:23:07.355+0000] {dag.py:3239} INFO - Sync 1 DAGs
[2025-03-16T19:23:07.384+0000] {logging_mixin.py:190} INFO - [2025-03-16T19:23:07.384+0000] {dag.py:4180} INFO - Setting next_dagrun for example_kubernetes_executor to None, run_after=None
[2025-03-16T19:23:07.421+0000] {processor.py:208} INFO - Processing /home/airflow/.local/lib/python3.12/site-packages/airflow/example_dags/example_kubernetes_executor.py took 0.167 seconds
[2025-03-16T19:23:37.641+0000] {processor.py:186} INFO - Started process (PID=90942) to work on /home/airflow/.local/lib/python3.12/site-packages/airflow/example_dags/example_kubernetes_executor.py
[2025-03-16T19:23:37.643+0000] {processor.py:914} INFO - Processing file /home/airflow/.local/lib/python3.12/site-packages/airflow/example_dags/example_kubernetes_executor.py for tasks to queue
[2025-03-16T19:23:37.646+0000] {logging_mixin.py:190} INFO - [2025-03-16T19:23:37.645+0000] {dagbag.py:588} INFO - Filling up the DagBag from /home/airflow/.local/lib/python3.12/site-packages/airflow/example_dags/example_kubernetes_executor.py
[2025-03-16T19:23:37.674+0000] {processor.py:925} INFO - DAG(s) 'example_kubernetes_executor' retrieved from /home/airflow/.local/lib/python3.12/site-packages/airflow/example_dags/example_kubernetes_executor.py
[2025-03-16T19:23:37.718+0000] {logging_mixin.py:190} INFO - [2025-03-16T19:23:37.717+0000] {dag.py:3239} INFO - Sync 1 DAGs
[2025-03-16T19:23:37.744+0000] {logging_mixin.py:190} INFO - [2025-03-16T19:23:37.744+0000] {dag.py:4180} INFO - Setting next_dagrun for example_kubernetes_executor to None, run_after=None
[2025-03-16T19:23:37.780+0000] {processor.py:208} INFO - Processing /home/airflow/.local/lib/python3.12/site-packages/airflow/example_dags/example_kubernetes_executor.py took 0.147 seconds
[2025-03-16T19:24:08.549+0000] {processor.py:186} INFO - Started process (PID=91002) to work on /home/airflow/.local/lib/python3.12/site-packages/airflow/example_dags/example_kubernetes_executor.py
[2025-03-16T19:24:08.550+0000] {processor.py:914} INFO - Processing file /home/airflow/.local/lib/python3.12/site-packages/airflow/example_dags/example_kubernetes_executor.py for tasks to queue
[2025-03-16T19:24:08.552+0000] {logging_mixin.py:190} INFO - [2025-03-16T19:24:08.551+0000] {dagbag.py:588} INFO - Filling up the DagBag from /home/airflow/.local/lib/python3.12/site-packages/airflow/example_dags/example_kubernetes_executor.py
[2025-03-16T19:24:08.582+0000] {processor.py:925} INFO - DAG(s) 'example_kubernetes_executor' retrieved from /home/airflow/.local/lib/python3.12/site-packages/airflow/example_dags/example_kubernetes_executor.py
[2025-03-16T19:24:08.631+0000] {logging_mixin.py:190} INFO - [2025-03-16T19:24:08.630+0000] {dag.py:3239} INFO - Sync 1 DAGs
[2025-03-16T19:24:08.657+0000] {logging_mixin.py:190} INFO - [2025-03-16T19:24:08.656+0000] {dag.py:4180} INFO - Setting next_dagrun for example_kubernetes_executor to None, run_after=None
[2025-03-16T19:24:08.692+0000] {processor.py:208} INFO - Processing /home/airflow/.local/lib/python3.12/site-packages/airflow/example_dags/example_kubernetes_executor.py took 0.154 seconds
[2025-03-16T19:24:39.629+0000] {processor.py:186} INFO - Started process (PID=91063) to work on /home/airflow/.local/lib/python3.12/site-packages/airflow/example_dags/example_kubernetes_executor.py
[2025-03-16T19:24:39.631+0000] {processor.py:914} INFO - Processing file /home/airflow/.local/lib/python3.12/site-packages/airflow/example_dags/example_kubernetes_executor.py for tasks to queue
[2025-03-16T19:24:39.633+0000] {logging_mixin.py:190} INFO - [2025-03-16T19:24:39.633+0000] {dagbag.py:588} INFO - Filling up the DagBag from /home/airflow/.local/lib/python3.12/site-packages/airflow/example_dags/example_kubernetes_executor.py
[2025-03-16T19:24:39.674+0000] {processor.py:925} INFO - DAG(s) 'example_kubernetes_executor' retrieved from /home/airflow/.local/lib/python3.12/site-packages/airflow/example_dags/example_kubernetes_executor.py
[2025-03-16T19:24:39.750+0000] {logging_mixin.py:190} INFO - [2025-03-16T19:24:39.749+0000] {dag.py:3239} INFO - Sync 1 DAGs
[2025-03-16T19:24:39.777+0000] {logging_mixin.py:190} INFO - [2025-03-16T19:24:39.777+0000] {dag.py:4180} INFO - Setting next_dagrun for example_kubernetes_executor to None, run_after=None
[2025-03-16T19:24:39.816+0000] {processor.py:208} INFO - Processing /home/airflow/.local/lib/python3.12/site-packages/airflow/example_dags/example_kubernetes_executor.py took 0.201 seconds
[2025-03-16T19:25:10.623+0000] {processor.py:186} INFO - Started process (PID=91119) to work on /home/airflow/.local/lib/python3.12/site-packages/airflow/example_dags/example_kubernetes_executor.py
[2025-03-16T19:25:10.625+0000] {processor.py:914} INFO - Processing file /home/airflow/.local/lib/python3.12/site-packages/airflow/example_dags/example_kubernetes_executor.py for tasks to queue
[2025-03-16T19:25:10.628+0000] {logging_mixin.py:190} INFO - [2025-03-16T19:25:10.627+0000] {dagbag.py:588} INFO - Filling up the DagBag from /home/airflow/.local/lib/python3.12/site-packages/airflow/example_dags/example_kubernetes_executor.py
[2025-03-16T19:25:10.658+0000] {processor.py:925} INFO - DAG(s) 'example_kubernetes_executor' retrieved from /home/airflow/.local/lib/python3.12/site-packages/airflow/example_dags/example_kubernetes_executor.py
[2025-03-16T19:25:10.711+0000] {logging_mixin.py:190} INFO - [2025-03-16T19:25:10.710+0000] {dag.py:3239} INFO - Sync 1 DAGs
[2025-03-16T19:25:10.745+0000] {logging_mixin.py:190} INFO - [2025-03-16T19:25:10.744+0000] {dag.py:4180} INFO - Setting next_dagrun for example_kubernetes_executor to None, run_after=None
[2025-03-16T19:25:10.795+0000] {processor.py:208} INFO - Processing /home/airflow/.local/lib/python3.12/site-packages/airflow/example_dags/example_kubernetes_executor.py took 0.182 seconds
[2025-03-16T19:25:42.080+0000] {processor.py:186} INFO - Started process (PID=91183) to work on /home/airflow/.local/lib/python3.12/site-packages/airflow/example_dags/example_kubernetes_executor.py
[2025-03-16T19:25:42.082+0000] {processor.py:914} INFO - Processing file /home/airflow/.local/lib/python3.12/site-packages/airflow/example_dags/example_kubernetes_executor.py for tasks to queue
[2025-03-16T19:25:42.084+0000] {logging_mixin.py:190} INFO - [2025-03-16T19:25:42.083+0000] {dagbag.py:588} INFO - Filling up the DagBag from /home/airflow/.local/lib/python3.12/site-packages/airflow/example_dags/example_kubernetes_executor.py
[2025-03-16T19:25:42.112+0000] {processor.py:925} INFO - DAG(s) 'example_kubernetes_executor' retrieved from /home/airflow/.local/lib/python3.12/site-packages/airflow/example_dags/example_kubernetes_executor.py
[2025-03-16T19:25:42.168+0000] {logging_mixin.py:190} INFO - [2025-03-16T19:25:42.167+0000] {dag.py:3239} INFO - Sync 1 DAGs
[2025-03-16T19:25:42.203+0000] {logging_mixin.py:190} INFO - [2025-03-16T19:25:42.203+0000] {dag.py:4180} INFO - Setting next_dagrun for example_kubernetes_executor to None, run_after=None
[2025-03-16T19:25:42.244+0000] {processor.py:208} INFO - Processing /home/airflow/.local/lib/python3.12/site-packages/airflow/example_dags/example_kubernetes_executor.py took 0.174 seconds
[2025-03-16T19:26:12.747+0000] {processor.py:186} INFO - Started process (PID=91247) to work on /home/airflow/.local/lib/python3.12/site-packages/airflow/example_dags/example_kubernetes_executor.py
[2025-03-16T19:26:12.750+0000] {processor.py:914} INFO - Processing file /home/airflow/.local/lib/python3.12/site-packages/airflow/example_dags/example_kubernetes_executor.py for tasks to queue
[2025-03-16T19:26:12.752+0000] {logging_mixin.py:190} INFO - [2025-03-16T19:26:12.752+0000] {dagbag.py:588} INFO - Filling up the DagBag from /home/airflow/.local/lib/python3.12/site-packages/airflow/example_dags/example_kubernetes_executor.py
[2025-03-16T19:26:12.779+0000] {processor.py:925} INFO - DAG(s) 'example_kubernetes_executor' retrieved from /home/airflow/.local/lib/python3.12/site-packages/airflow/example_dags/example_kubernetes_executor.py
[2025-03-16T19:26:12.824+0000] {logging_mixin.py:190} INFO - [2025-03-16T19:26:12.824+0000] {dag.py:3239} INFO - Sync 1 DAGs
[2025-03-16T19:26:12.854+0000] {logging_mixin.py:190} INFO - [2025-03-16T19:26:12.854+0000] {dag.py:4180} INFO - Setting next_dagrun for example_kubernetes_executor to None, run_after=None
[2025-03-16T19:26:12.890+0000] {processor.py:208} INFO - Processing /home/airflow/.local/lib/python3.12/site-packages/airflow/example_dags/example_kubernetes_executor.py took 0.151 seconds
[2025-03-16T19:26:43.345+0000] {processor.py:186} INFO - Started process (PID=91307) to work on /home/airflow/.local/lib/python3.12/site-packages/airflow/example_dags/example_kubernetes_executor.py
[2025-03-16T19:26:43.347+0000] {processor.py:914} INFO - Processing file /home/airflow/.local/lib/python3.12/site-packages/airflow/example_dags/example_kubernetes_executor.py for tasks to queue
[2025-03-16T19:26:43.349+0000] {logging_mixin.py:190} INFO - [2025-03-16T19:26:43.348+0000] {dagbag.py:588} INFO - Filling up the DagBag from /home/airflow/.local/lib/python3.12/site-packages/airflow/example_dags/example_kubernetes_executor.py
[2025-03-16T19:26:43.377+0000] {processor.py:925} INFO - DAG(s) 'example_kubernetes_executor' retrieved from /home/airflow/.local/lib/python3.12/site-packages/airflow/example_dags/example_kubernetes_executor.py
[2025-03-16T19:26:43.420+0000] {logging_mixin.py:190} INFO - [2025-03-16T19:26:43.419+0000] {dag.py:3239} INFO - Sync 1 DAGs
[2025-03-16T19:26:43.444+0000] {logging_mixin.py:190} INFO - [2025-03-16T19:26:43.444+0000] {dag.py:4180} INFO - Setting next_dagrun for example_kubernetes_executor to None, run_after=None
[2025-03-16T19:26:43.474+0000] {processor.py:208} INFO - Processing /home/airflow/.local/lib/python3.12/site-packages/airflow/example_dags/example_kubernetes_executor.py took 0.140 seconds
[2025-03-16T19:27:13.928+0000] {processor.py:186} INFO - Started process (PID=91371) to work on /home/airflow/.local/lib/python3.12/site-packages/airflow/example_dags/example_kubernetes_executor.py
[2025-03-16T19:27:13.930+0000] {processor.py:914} INFO - Processing file /home/airflow/.local/lib/python3.12/site-packages/airflow/example_dags/example_kubernetes_executor.py for tasks to queue
[2025-03-16T19:27:13.933+0000] {logging_mixin.py:190} INFO - [2025-03-16T19:27:13.932+0000] {dagbag.py:588} INFO - Filling up the DagBag from /home/airflow/.local/lib/python3.12/site-packages/airflow/example_dags/example_kubernetes_executor.py
[2025-03-16T19:27:13.965+0000] {processor.py:925} INFO - DAG(s) 'example_kubernetes_executor' retrieved from /home/airflow/.local/lib/python3.12/site-packages/airflow/example_dags/example_kubernetes_executor.py
[2025-03-16T19:27:14.044+0000] {logging_mixin.py:190} INFO - [2025-03-16T19:27:14.044+0000] {dag.py:3239} INFO - Sync 1 DAGs
[2025-03-16T19:27:14.072+0000] {logging_mixin.py:190} INFO - [2025-03-16T19:27:14.071+0000] {dag.py:4180} INFO - Setting next_dagrun for example_kubernetes_executor to None, run_after=None
[2025-03-16T19:27:14.111+0000] {processor.py:208} INFO - Processing /home/airflow/.local/lib/python3.12/site-packages/airflow/example_dags/example_kubernetes_executor.py took 0.193 seconds
[2025-03-16T19:27:44.774+0000] {processor.py:186} INFO - Started process (PID=91435) to work on /home/airflow/.local/lib/python3.12/site-packages/airflow/example_dags/example_kubernetes_executor.py
[2025-03-16T19:27:44.775+0000] {processor.py:914} INFO - Processing file /home/airflow/.local/lib/python3.12/site-packages/airflow/example_dags/example_kubernetes_executor.py for tasks to queue
[2025-03-16T19:27:44.777+0000] {logging_mixin.py:190} INFO - [2025-03-16T19:27:44.777+0000] {dagbag.py:588} INFO - Filling up the DagBag from /home/airflow/.local/lib/python3.12/site-packages/airflow/example_dags/example_kubernetes_executor.py
[2025-03-16T19:27:44.804+0000] {processor.py:925} INFO - DAG(s) 'example_kubernetes_executor' retrieved from /home/airflow/.local/lib/python3.12/site-packages/airflow/example_dags/example_kubernetes_executor.py
[2025-03-16T19:27:44.848+0000] {logging_mixin.py:190} INFO - [2025-03-16T19:27:44.848+0000] {dag.py:3239} INFO - Sync 1 DAGs
[2025-03-16T19:27:44.876+0000] {logging_mixin.py:190} INFO - [2025-03-16T19:27:44.876+0000] {dag.py:4180} INFO - Setting next_dagrun for example_kubernetes_executor to None, run_after=None
[2025-03-16T19:27:44.910+0000] {processor.py:208} INFO - Processing /home/airflow/.local/lib/python3.12/site-packages/airflow/example_dags/example_kubernetes_executor.py took 0.147 seconds
[2025-03-16T19:28:15.066+0000] {processor.py:186} INFO - Started process (PID=91499) to work on /home/airflow/.local/lib/python3.12/site-packages/airflow/example_dags/example_kubernetes_executor.py
[2025-03-16T19:28:15.068+0000] {processor.py:914} INFO - Processing file /home/airflow/.local/lib/python3.12/site-packages/airflow/example_dags/example_kubernetes_executor.py for tasks to queue
[2025-03-16T19:28:15.070+0000] {logging_mixin.py:190} INFO - [2025-03-16T19:28:15.069+0000] {dagbag.py:588} INFO - Filling up the DagBag from /home/airflow/.local/lib/python3.12/site-packages/airflow/example_dags/example_kubernetes_executor.py
[2025-03-16T19:28:15.095+0000] {processor.py:925} INFO - DAG(s) 'example_kubernetes_executor' retrieved from /home/airflow/.local/lib/python3.12/site-packages/airflow/example_dags/example_kubernetes_executor.py
[2025-03-16T19:28:15.142+0000] {logging_mixin.py:190} INFO - [2025-03-16T19:28:15.141+0000] {dag.py:3239} INFO - Sync 1 DAGs
[2025-03-16T19:28:15.169+0000] {logging_mixin.py:190} INFO - [2025-03-16T19:28:15.169+0000] {dag.py:4180} INFO - Setting next_dagrun for example_kubernetes_executor to None, run_after=None
[2025-03-16T19:28:15.204+0000] {processor.py:208} INFO - Processing /home/airflow/.local/lib/python3.12/site-packages/airflow/example_dags/example_kubernetes_executor.py took 0.147 seconds
[2025-03-16T19:28:45.388+0000] {processor.py:186} INFO - Started process (PID=91563) to work on /home/airflow/.local/lib/python3.12/site-packages/airflow/example_dags/example_kubernetes_executor.py
[2025-03-16T19:28:45.390+0000] {processor.py:914} INFO - Processing file /home/airflow/.local/lib/python3.12/site-packages/airflow/example_dags/example_kubernetes_executor.py for tasks to queue
[2025-03-16T19:28:45.393+0000] {logging_mixin.py:190} INFO - [2025-03-16T19:28:45.393+0000] {dagbag.py:588} INFO - Filling up the DagBag from /home/airflow/.local/lib/python3.12/site-packages/airflow/example_dags/example_kubernetes_executor.py
[2025-03-16T19:28:45.423+0000] {processor.py:925} INFO - DAG(s) 'example_kubernetes_executor' retrieved from /home/airflow/.local/lib/python3.12/site-packages/airflow/example_dags/example_kubernetes_executor.py
[2025-03-16T19:28:45.486+0000] {logging_mixin.py:190} INFO - [2025-03-16T19:28:45.486+0000] {dag.py:3239} INFO - Sync 1 DAGs
[2025-03-16T19:28:45.527+0000] {logging_mixin.py:190} INFO - [2025-03-16T19:28:45.526+0000] {dag.py:4180} INFO - Setting next_dagrun for example_kubernetes_executor to None, run_after=None
[2025-03-16T19:28:45.568+0000] {processor.py:208} INFO - Processing /home/airflow/.local/lib/python3.12/site-packages/airflow/example_dags/example_kubernetes_executor.py took 0.190 seconds
[2025-03-16T19:29:16.657+0000] {processor.py:186} INFO - Started process (PID=91626) to work on /home/airflow/.local/lib/python3.12/site-packages/airflow/example_dags/example_kubernetes_executor.py
[2025-03-16T19:29:16.658+0000] {processor.py:914} INFO - Processing file /home/airflow/.local/lib/python3.12/site-packages/airflow/example_dags/example_kubernetes_executor.py for tasks to queue
[2025-03-16T19:29:16.661+0000] {logging_mixin.py:190} INFO - [2025-03-16T19:29:16.660+0000] {dagbag.py:588} INFO - Filling up the DagBag from /home/airflow/.local/lib/python3.12/site-packages/airflow/example_dags/example_kubernetes_executor.py
[2025-03-16T19:29:16.689+0000] {processor.py:925} INFO - DAG(s) 'example_kubernetes_executor' retrieved from /home/airflow/.local/lib/python3.12/site-packages/airflow/example_dags/example_kubernetes_executor.py
[2025-03-16T19:29:16.759+0000] {logging_mixin.py:190} INFO - [2025-03-16T19:29:16.759+0000] {dag.py:3239} INFO - Sync 1 DAGs
[2025-03-16T19:29:17.091+0000] {logging_mixin.py:190} INFO - [2025-03-16T19:29:17.091+0000] {dag.py:4180} INFO - Setting next_dagrun for example_kubernetes_executor to None, run_after=None
[2025-03-16T19:29:17.127+0000] {processor.py:208} INFO - Processing /home/airflow/.local/lib/python3.12/site-packages/airflow/example_dags/example_kubernetes_executor.py took 0.481 seconds
[2025-03-16T19:29:47.700+0000] {processor.py:186} INFO - Started process (PID=91690) to work on /home/airflow/.local/lib/python3.12/site-packages/airflow/example_dags/example_kubernetes_executor.py
[2025-03-16T19:29:47.702+0000] {processor.py:914} INFO - Processing file /home/airflow/.local/lib/python3.12/site-packages/airflow/example_dags/example_kubernetes_executor.py for tasks to queue
[2025-03-16T19:29:47.704+0000] {logging_mixin.py:190} INFO - [2025-03-16T19:29:47.703+0000] {dagbag.py:588} INFO - Filling up the DagBag from /home/airflow/.local/lib/python3.12/site-packages/airflow/example_dags/example_kubernetes_executor.py
[2025-03-16T19:29:47.731+0000] {processor.py:925} INFO - DAG(s) 'example_kubernetes_executor' retrieved from /home/airflow/.local/lib/python3.12/site-packages/airflow/example_dags/example_kubernetes_executor.py
[2025-03-16T19:29:47.779+0000] {logging_mixin.py:190} INFO - [2025-03-16T19:29:47.778+0000] {dag.py:3239} INFO - Sync 1 DAGs
[2025-03-16T19:29:48.087+0000] {logging_mixin.py:190} INFO - [2025-03-16T19:29:48.086+0000] {dag.py:4180} INFO - Setting next_dagrun for example_kubernetes_executor to None, run_after=None
[2025-03-16T19:29:48.122+0000] {processor.py:208} INFO - Processing /home/airflow/.local/lib/python3.12/site-packages/airflow/example_dags/example_kubernetes_executor.py took 0.433 seconds
[2025-03-16T19:30:18.425+0000] {processor.py:186} INFO - Started process (PID=91753) to work on /home/airflow/.local/lib/python3.12/site-packages/airflow/example_dags/example_kubernetes_executor.py
[2025-03-16T19:30:18.427+0000] {processor.py:914} INFO - Processing file /home/airflow/.local/lib/python3.12/site-packages/airflow/example_dags/example_kubernetes_executor.py for tasks to queue
[2025-03-16T19:30:18.431+0000] {logging_mixin.py:190} INFO - [2025-03-16T19:30:18.430+0000] {dagbag.py:588} INFO - Filling up the DagBag from /home/airflow/.local/lib/python3.12/site-packages/airflow/example_dags/example_kubernetes_executor.py
[2025-03-16T19:30:18.464+0000] {processor.py:925} INFO - DAG(s) 'example_kubernetes_executor' retrieved from /home/airflow/.local/lib/python3.12/site-packages/airflow/example_dags/example_kubernetes_executor.py
[2025-03-16T19:30:18.510+0000] {logging_mixin.py:190} INFO - [2025-03-16T19:30:18.509+0000] {dag.py:3239} INFO - Sync 1 DAGs
[2025-03-16T19:30:18.537+0000] {logging_mixin.py:190} INFO - [2025-03-16T19:30:18.537+0000] {dag.py:4180} INFO - Setting next_dagrun for example_kubernetes_executor to None, run_after=None
[2025-03-16T19:30:18.573+0000] {processor.py:208} INFO - Processing /home/airflow/.local/lib/python3.12/site-packages/airflow/example_dags/example_kubernetes_executor.py took 0.155 seconds
[2025-03-16T19:30:49.168+0000] {processor.py:186} INFO - Started process (PID=91817) to work on /home/airflow/.local/lib/python3.12/site-packages/airflow/example_dags/example_kubernetes_executor.py
[2025-03-16T19:30:49.171+0000] {processor.py:914} INFO - Processing file /home/airflow/.local/lib/python3.12/site-packages/airflow/example_dags/example_kubernetes_executor.py for tasks to queue
[2025-03-16T19:30:49.177+0000] {logging_mixin.py:190} INFO - [2025-03-16T19:30:49.174+0000] {dagbag.py:588} INFO - Filling up the DagBag from /home/airflow/.local/lib/python3.12/site-packages/airflow/example_dags/example_kubernetes_executor.py
[2025-03-16T19:30:49.225+0000] {processor.py:925} INFO - DAG(s) 'example_kubernetes_executor' retrieved from /home/airflow/.local/lib/python3.12/site-packages/airflow/example_dags/example_kubernetes_executor.py
[2025-03-16T19:30:49.283+0000] {logging_mixin.py:190} INFO - [2025-03-16T19:30:49.283+0000] {dag.py:3239} INFO - Sync 1 DAGs
[2025-03-16T19:30:49.313+0000] {logging_mixin.py:190} INFO - [2025-03-16T19:30:49.313+0000] {dag.py:4180} INFO - Setting next_dagrun for example_kubernetes_executor to None, run_after=None
[2025-03-16T19:30:49.350+0000] {processor.py:208} INFO - Processing /home/airflow/.local/lib/python3.12/site-packages/airflow/example_dags/example_kubernetes_executor.py took 0.201 seconds
[2025-03-16T19:31:19.558+0000] {processor.py:186} INFO - Started process (PID=91881) to work on /home/airflow/.local/lib/python3.12/site-packages/airflow/example_dags/example_kubernetes_executor.py
[2025-03-16T19:31:19.559+0000] {processor.py:914} INFO - Processing file /home/airflow/.local/lib/python3.12/site-packages/airflow/example_dags/example_kubernetes_executor.py for tasks to queue
[2025-03-16T19:31:19.562+0000] {logging_mixin.py:190} INFO - [2025-03-16T19:31:19.561+0000] {dagbag.py:588} INFO - Filling up the DagBag from /home/airflow/.local/lib/python3.12/site-packages/airflow/example_dags/example_kubernetes_executor.py
[2025-03-16T19:31:19.591+0000] {processor.py:925} INFO - DAG(s) 'example_kubernetes_executor' retrieved from /home/airflow/.local/lib/python3.12/site-packages/airflow/example_dags/example_kubernetes_executor.py
[2025-03-16T19:31:19.637+0000] {logging_mixin.py:190} INFO - [2025-03-16T19:31:19.636+0000] {dag.py:3239} INFO - Sync 1 DAGs
[2025-03-16T19:31:19.662+0000] {logging_mixin.py:190} INFO - [2025-03-16T19:31:19.661+0000] {dag.py:4180} INFO - Setting next_dagrun for example_kubernetes_executor to None, run_after=None
[2025-03-16T19:31:19.694+0000] {processor.py:208} INFO - Processing /home/airflow/.local/lib/python3.12/site-packages/airflow/example_dags/example_kubernetes_executor.py took 0.147 seconds
[2025-03-16T19:31:49.971+0000] {processor.py:186} INFO - Started process (PID=91945) to work on /home/airflow/.local/lib/python3.12/site-packages/airflow/example_dags/example_kubernetes_executor.py
[2025-03-16T19:31:49.973+0000] {processor.py:914} INFO - Processing file /home/airflow/.local/lib/python3.12/site-packages/airflow/example_dags/example_kubernetes_executor.py for tasks to queue
[2025-03-16T19:31:49.975+0000] {logging_mixin.py:190} INFO - [2025-03-16T19:31:49.975+0000] {dagbag.py:588} INFO - Filling up the DagBag from /home/airflow/.local/lib/python3.12/site-packages/airflow/example_dags/example_kubernetes_executor.py
[2025-03-16T19:31:50.010+0000] {processor.py:925} INFO - DAG(s) 'example_kubernetes_executor' retrieved from /home/airflow/.local/lib/python3.12/site-packages/airflow/example_dags/example_kubernetes_executor.py
[2025-03-16T19:31:50.062+0000] {logging_mixin.py:190} INFO - [2025-03-16T19:31:50.061+0000] {dag.py:3239} INFO - Sync 1 DAGs
[2025-03-16T19:31:50.102+0000] {logging_mixin.py:190} INFO - [2025-03-16T19:31:50.102+0000] {dag.py:4180} INFO - Setting next_dagrun for example_kubernetes_executor to None, run_after=None
[2025-03-16T19:31:50.138+0000] {processor.py:208} INFO - Processing /home/airflow/.local/lib/python3.12/site-packages/airflow/example_dags/example_kubernetes_executor.py took 0.177 seconds
[2025-03-16T19:32:20.709+0000] {processor.py:186} INFO - Started process (PID=92009) to work on /home/airflow/.local/lib/python3.12/site-packages/airflow/example_dags/example_kubernetes_executor.py
[2025-03-16T19:32:20.711+0000] {processor.py:914} INFO - Processing file /home/airflow/.local/lib/python3.12/site-packages/airflow/example_dags/example_kubernetes_executor.py for tasks to queue
[2025-03-16T19:32:20.715+0000] {logging_mixin.py:190} INFO - [2025-03-16T19:32:20.713+0000] {dagbag.py:588} INFO - Filling up the DagBag from /home/airflow/.local/lib/python3.12/site-packages/airflow/example_dags/example_kubernetes_executor.py
[2025-03-16T19:32:20.763+0000] {processor.py:925} INFO - DAG(s) 'example_kubernetes_executor' retrieved from /home/airflow/.local/lib/python3.12/site-packages/airflow/example_dags/example_kubernetes_executor.py
[2025-03-16T19:32:20.822+0000] {logging_mixin.py:190} INFO - [2025-03-16T19:32:20.820+0000] {dag.py:3239} INFO - Sync 1 DAGs
[2025-03-16T19:32:20.860+0000] {logging_mixin.py:190} INFO - [2025-03-16T19:32:20.859+0000] {dag.py:4180} INFO - Setting next_dagrun for example_kubernetes_executor to None, run_after=None
[2025-03-16T19:32:20.897+0000] {processor.py:208} INFO - Processing /home/airflow/.local/lib/python3.12/site-packages/airflow/example_dags/example_kubernetes_executor.py took 0.203 seconds
[2025-03-16T19:32:51.377+0000] {processor.py:186} INFO - Started process (PID=92073) to work on /home/airflow/.local/lib/python3.12/site-packages/airflow/example_dags/example_kubernetes_executor.py
[2025-03-16T19:32:51.379+0000] {processor.py:914} INFO - Processing file /home/airflow/.local/lib/python3.12/site-packages/airflow/example_dags/example_kubernetes_executor.py for tasks to queue
[2025-03-16T19:32:51.383+0000] {logging_mixin.py:190} INFO - [2025-03-16T19:32:51.382+0000] {dagbag.py:588} INFO - Filling up the DagBag from /home/airflow/.local/lib/python3.12/site-packages/airflow/example_dags/example_kubernetes_executor.py
[2025-03-16T19:32:51.410+0000] {processor.py:925} INFO - DAG(s) 'example_kubernetes_executor' retrieved from /home/airflow/.local/lib/python3.12/site-packages/airflow/example_dags/example_kubernetes_executor.py
[2025-03-16T19:32:51.455+0000] {logging_mixin.py:190} INFO - [2025-03-16T19:32:51.454+0000] {dag.py:3239} INFO - Sync 1 DAGs
[2025-03-16T19:32:51.478+0000] {logging_mixin.py:190} INFO - [2025-03-16T19:32:51.478+0000] {dag.py:4180} INFO - Setting next_dagrun for example_kubernetes_executor to None, run_after=None
[2025-03-16T19:32:51.509+0000] {processor.py:208} INFO - Processing /home/airflow/.local/lib/python3.12/site-packages/airflow/example_dags/example_kubernetes_executor.py took 0.141 seconds
[2025-03-16T19:33:21.719+0000] {processor.py:186} INFO - Started process (PID=92137) to work on /home/airflow/.local/lib/python3.12/site-packages/airflow/example_dags/example_kubernetes_executor.py
[2025-03-16T19:33:21.720+0000] {processor.py:914} INFO - Processing file /home/airflow/.local/lib/python3.12/site-packages/airflow/example_dags/example_kubernetes_executor.py for tasks to queue
[2025-03-16T19:33:21.723+0000] {logging_mixin.py:190} INFO - [2025-03-16T19:33:21.722+0000] {dagbag.py:588} INFO - Filling up the DagBag from /home/airflow/.local/lib/python3.12/site-packages/airflow/example_dags/example_kubernetes_executor.py
[2025-03-16T19:33:21.751+0000] {processor.py:925} INFO - DAG(s) 'example_kubernetes_executor' retrieved from /home/airflow/.local/lib/python3.12/site-packages/airflow/example_dags/example_kubernetes_executor.py
[2025-03-16T19:33:21.789+0000] {logging_mixin.py:190} INFO - [2025-03-16T19:33:21.788+0000] {dag.py:3239} INFO - Sync 1 DAGs
[2025-03-16T19:33:21.812+0000] {logging_mixin.py:190} INFO - [2025-03-16T19:33:21.811+0000] {dag.py:4180} INFO - Setting next_dagrun for example_kubernetes_executor to None, run_after=None
[2025-03-16T19:33:21.840+0000] {processor.py:208} INFO - Processing /home/airflow/.local/lib/python3.12/site-packages/airflow/example_dags/example_kubernetes_executor.py took 0.129 seconds
[2025-03-16T19:33:52.321+0000] {processor.py:186} INFO - Started process (PID=92201) to work on /home/airflow/.local/lib/python3.12/site-packages/airflow/example_dags/example_kubernetes_executor.py
[2025-03-16T19:33:52.322+0000] {processor.py:914} INFO - Processing file /home/airflow/.local/lib/python3.12/site-packages/airflow/example_dags/example_kubernetes_executor.py for tasks to queue
[2025-03-16T19:33:52.324+0000] {logging_mixin.py:190} INFO - [2025-03-16T19:33:52.324+0000] {dagbag.py:588} INFO - Filling up the DagBag from /home/airflow/.local/lib/python3.12/site-packages/airflow/example_dags/example_kubernetes_executor.py
[2025-03-16T19:33:52.350+0000] {processor.py:925} INFO - DAG(s) 'example_kubernetes_executor' retrieved from /home/airflow/.local/lib/python3.12/site-packages/airflow/example_dags/example_kubernetes_executor.py
[2025-03-16T19:33:52.391+0000] {logging_mixin.py:190} INFO - [2025-03-16T19:33:52.390+0000] {dag.py:3239} INFO - Sync 1 DAGs
[2025-03-16T19:33:52.418+0000] {logging_mixin.py:190} INFO - [2025-03-16T19:33:52.418+0000] {dag.py:4180} INFO - Setting next_dagrun for example_kubernetes_executor to None, run_after=None
[2025-03-16T19:33:52.450+0000] {processor.py:208} INFO - Processing /home/airflow/.local/lib/python3.12/site-packages/airflow/example_dags/example_kubernetes_executor.py took 0.139 seconds
[2025-03-16T19:34:23.110+0000] {processor.py:186} INFO - Started process (PID=92265) to work on /home/airflow/.local/lib/python3.12/site-packages/airflow/example_dags/example_kubernetes_executor.py
[2025-03-16T19:34:23.112+0000] {processor.py:914} INFO - Processing file /home/airflow/.local/lib/python3.12/site-packages/airflow/example_dags/example_kubernetes_executor.py for tasks to queue
[2025-03-16T19:34:23.114+0000] {logging_mixin.py:190} INFO - [2025-03-16T19:34:23.114+0000] {dagbag.py:588} INFO - Filling up the DagBag from /home/airflow/.local/lib/python3.12/site-packages/airflow/example_dags/example_kubernetes_executor.py
[2025-03-16T19:34:23.140+0000] {processor.py:925} INFO - DAG(s) 'example_kubernetes_executor' retrieved from /home/airflow/.local/lib/python3.12/site-packages/airflow/example_dags/example_kubernetes_executor.py
[2025-03-16T19:34:23.183+0000] {logging_mixin.py:190} INFO - [2025-03-16T19:34:23.183+0000] {dag.py:3239} INFO - Sync 1 DAGs
[2025-03-16T19:34:23.211+0000] {logging_mixin.py:190} INFO - [2025-03-16T19:34:23.211+0000] {dag.py:4180} INFO - Setting next_dagrun for example_kubernetes_executor to None, run_after=None
[2025-03-16T19:34:23.241+0000] {processor.py:208} INFO - Processing /home/airflow/.local/lib/python3.12/site-packages/airflow/example_dags/example_kubernetes_executor.py took 0.140 seconds
[2025-03-16T19:34:53.424+0000] {processor.py:186} INFO - Started process (PID=92330) to work on /home/airflow/.local/lib/python3.12/site-packages/airflow/example_dags/example_kubernetes_executor.py
[2025-03-16T19:34:53.426+0000] {processor.py:914} INFO - Processing file /home/airflow/.local/lib/python3.12/site-packages/airflow/example_dags/example_kubernetes_executor.py for tasks to queue
[2025-03-16T19:34:53.429+0000] {logging_mixin.py:190} INFO - [2025-03-16T19:34:53.428+0000] {dagbag.py:588} INFO - Filling up the DagBag from /home/airflow/.local/lib/python3.12/site-packages/airflow/example_dags/example_kubernetes_executor.py
[2025-03-16T19:34:53.457+0000] {processor.py:925} INFO - DAG(s) 'example_kubernetes_executor' retrieved from /home/airflow/.local/lib/python3.12/site-packages/airflow/example_dags/example_kubernetes_executor.py
[2025-03-16T19:34:53.502+0000] {logging_mixin.py:190} INFO - [2025-03-16T19:34:53.502+0000] {dag.py:3239} INFO - Sync 1 DAGs
[2025-03-16T19:34:53.529+0000] {logging_mixin.py:190} INFO - [2025-03-16T19:34:53.529+0000] {dag.py:4180} INFO - Setting next_dagrun for example_kubernetes_executor to None, run_after=None
[2025-03-16T19:34:53.563+0000] {processor.py:208} INFO - Processing /home/airflow/.local/lib/python3.12/site-packages/airflow/example_dags/example_kubernetes_executor.py took 0.149 seconds
[2025-03-16T19:35:24.531+0000] {processor.py:186} INFO - Started process (PID=92394) to work on /home/airflow/.local/lib/python3.12/site-packages/airflow/example_dags/example_kubernetes_executor.py
[2025-03-16T19:35:24.532+0000] {processor.py:914} INFO - Processing file /home/airflow/.local/lib/python3.12/site-packages/airflow/example_dags/example_kubernetes_executor.py for tasks to queue
[2025-03-16T19:35:24.535+0000] {logging_mixin.py:190} INFO - [2025-03-16T19:35:24.534+0000] {dagbag.py:588} INFO - Filling up the DagBag from /home/airflow/.local/lib/python3.12/site-packages/airflow/example_dags/example_kubernetes_executor.py
[2025-03-16T19:35:24.559+0000] {processor.py:925} INFO - DAG(s) 'example_kubernetes_executor' retrieved from /home/airflow/.local/lib/python3.12/site-packages/airflow/example_dags/example_kubernetes_executor.py
[2025-03-16T19:35:24.602+0000] {logging_mixin.py:190} INFO - [2025-03-16T19:35:24.601+0000] {dag.py:3239} INFO - Sync 1 DAGs
[2025-03-16T19:35:24.624+0000] {logging_mixin.py:190} INFO - [2025-03-16T19:35:24.623+0000] {dag.py:4180} INFO - Setting next_dagrun for example_kubernetes_executor to None, run_after=None
[2025-03-16T19:35:24.654+0000] {processor.py:208} INFO - Processing /home/airflow/.local/lib/python3.12/site-packages/airflow/example_dags/example_kubernetes_executor.py took 0.132 seconds
[2025-03-16T19:35:55.008+0000] {processor.py:186} INFO - Started process (PID=92458) to work on /home/airflow/.local/lib/python3.12/site-packages/airflow/example_dags/example_kubernetes_executor.py
[2025-03-16T19:35:55.011+0000] {processor.py:914} INFO - Processing file /home/airflow/.local/lib/python3.12/site-packages/airflow/example_dags/example_kubernetes_executor.py for tasks to queue
[2025-03-16T19:35:55.016+0000] {logging_mixin.py:190} INFO - [2025-03-16T19:35:55.015+0000] {dagbag.py:588} INFO - Filling up the DagBag from /home/airflow/.local/lib/python3.12/site-packages/airflow/example_dags/example_kubernetes_executor.py
[2025-03-16T19:35:55.050+0000] {processor.py:925} INFO - DAG(s) 'example_kubernetes_executor' retrieved from /home/airflow/.local/lib/python3.12/site-packages/airflow/example_dags/example_kubernetes_executor.py
[2025-03-16T19:35:55.093+0000] {logging_mixin.py:190} INFO - [2025-03-16T19:35:55.092+0000] {dag.py:3239} INFO - Sync 1 DAGs
[2025-03-16T19:35:55.120+0000] {logging_mixin.py:190} INFO - [2025-03-16T19:35:55.119+0000] {dag.py:4180} INFO - Setting next_dagrun for example_kubernetes_executor to None, run_after=None
[2025-03-16T19:35:55.151+0000] {processor.py:208} INFO - Processing /home/airflow/.local/lib/python3.12/site-packages/airflow/example_dags/example_kubernetes_executor.py took 0.163 seconds
[2025-03-16T19:36:26.223+0000] {processor.py:186} INFO - Started process (PID=92522) to work on /home/airflow/.local/lib/python3.12/site-packages/airflow/example_dags/example_kubernetes_executor.py
[2025-03-16T19:36:26.225+0000] {processor.py:914} INFO - Processing file /home/airflow/.local/lib/python3.12/site-packages/airflow/example_dags/example_kubernetes_executor.py for tasks to queue
[2025-03-16T19:36:26.227+0000] {logging_mixin.py:190} INFO - [2025-03-16T19:36:26.227+0000] {dagbag.py:588} INFO - Filling up the DagBag from /home/airflow/.local/lib/python3.12/site-packages/airflow/example_dags/example_kubernetes_executor.py
[2025-03-16T19:36:26.262+0000] {processor.py:925} INFO - DAG(s) 'example_kubernetes_executor' retrieved from /home/airflow/.local/lib/python3.12/site-packages/airflow/example_dags/example_kubernetes_executor.py
[2025-03-16T19:36:26.311+0000] {logging_mixin.py:190} INFO - [2025-03-16T19:36:26.310+0000] {dag.py:3239} INFO - Sync 1 DAGs
[2025-03-16T19:36:26.342+0000] {logging_mixin.py:190} INFO - [2025-03-16T19:36:26.342+0000] {dag.py:4180} INFO - Setting next_dagrun for example_kubernetes_executor to None, run_after=None
[2025-03-16T19:36:26.379+0000] {processor.py:208} INFO - Processing /home/airflow/.local/lib/python3.12/site-packages/airflow/example_dags/example_kubernetes_executor.py took 0.167 seconds
[2025-03-16T19:36:56.623+0000] {processor.py:186} INFO - Started process (PID=92586) to work on /home/airflow/.local/lib/python3.12/site-packages/airflow/example_dags/example_kubernetes_executor.py
[2025-03-16T19:36:56.625+0000] {processor.py:914} INFO - Processing file /home/airflow/.local/lib/python3.12/site-packages/airflow/example_dags/example_kubernetes_executor.py for tasks to queue
[2025-03-16T19:36:56.627+0000] {logging_mixin.py:190} INFO - [2025-03-16T19:36:56.626+0000] {dagbag.py:588} INFO - Filling up the DagBag from /home/airflow/.local/lib/python3.12/site-packages/airflow/example_dags/example_kubernetes_executor.py
[2025-03-16T19:36:56.661+0000] {processor.py:925} INFO - DAG(s) 'example_kubernetes_executor' retrieved from /home/airflow/.local/lib/python3.12/site-packages/airflow/example_dags/example_kubernetes_executor.py
[2025-03-16T19:36:56.710+0000] {logging_mixin.py:190} INFO - [2025-03-16T19:36:56.709+0000] {dag.py:3239} INFO - Sync 1 DAGs
[2025-03-16T19:36:56.739+0000] {logging_mixin.py:190} INFO - [2025-03-16T19:36:56.739+0000] {dag.py:4180} INFO - Setting next_dagrun for example_kubernetes_executor to None, run_after=None
[2025-03-16T19:36:56.772+0000] {processor.py:208} INFO - Processing /home/airflow/.local/lib/python3.12/site-packages/airflow/example_dags/example_kubernetes_executor.py took 0.160 seconds
[2025-03-16T19:37:27.024+0000] {processor.py:186} INFO - Started process (PID=92650) to work on /home/airflow/.local/lib/python3.12/site-packages/airflow/example_dags/example_kubernetes_executor.py
[2025-03-16T19:37:27.025+0000] {processor.py:914} INFO - Processing file /home/airflow/.local/lib/python3.12/site-packages/airflow/example_dags/example_kubernetes_executor.py for tasks to queue
[2025-03-16T19:37:27.027+0000] {logging_mixin.py:190} INFO - [2025-03-16T19:37:27.027+0000] {dagbag.py:588} INFO - Filling up the DagBag from /home/airflow/.local/lib/python3.12/site-packages/airflow/example_dags/example_kubernetes_executor.py
[2025-03-16T19:37:27.049+0000] {processor.py:925} INFO - DAG(s) 'example_kubernetes_executor' retrieved from /home/airflow/.local/lib/python3.12/site-packages/airflow/example_dags/example_kubernetes_executor.py
[2025-03-16T19:37:27.085+0000] {logging_mixin.py:190} INFO - [2025-03-16T19:37:27.085+0000] {dag.py:3239} INFO - Sync 1 DAGs
[2025-03-16T19:37:27.106+0000] {logging_mixin.py:190} INFO - [2025-03-16T19:37:27.106+0000] {dag.py:4180} INFO - Setting next_dagrun for example_kubernetes_executor to None, run_after=None
[2025-03-16T19:37:27.131+0000] {processor.py:208} INFO - Processing /home/airflow/.local/lib/python3.12/site-packages/airflow/example_dags/example_kubernetes_executor.py took 0.115 seconds
[2025-03-16T19:37:57.259+0000] {processor.py:186} INFO - Started process (PID=92714) to work on /home/airflow/.local/lib/python3.12/site-packages/airflow/example_dags/example_kubernetes_executor.py
[2025-03-16T19:37:57.261+0000] {processor.py:914} INFO - Processing file /home/airflow/.local/lib/python3.12/site-packages/airflow/example_dags/example_kubernetes_executor.py for tasks to queue
[2025-03-16T19:37:57.264+0000] {logging_mixin.py:190} INFO - [2025-03-16T19:37:57.263+0000] {dagbag.py:588} INFO - Filling up the DagBag from /home/airflow/.local/lib/python3.12/site-packages/airflow/example_dags/example_kubernetes_executor.py
[2025-03-16T19:37:57.293+0000] {processor.py:925} INFO - DAG(s) 'example_kubernetes_executor' retrieved from /home/airflow/.local/lib/python3.12/site-packages/airflow/example_dags/example_kubernetes_executor.py
[2025-03-16T19:37:57.337+0000] {logging_mixin.py:190} INFO - [2025-03-16T19:37:57.337+0000] {dag.py:3239} INFO - Sync 1 DAGs
[2025-03-16T19:37:57.363+0000] {logging_mixin.py:190} INFO - [2025-03-16T19:37:57.363+0000] {dag.py:4180} INFO - Setting next_dagrun for example_kubernetes_executor to None, run_after=None
[2025-03-16T19:37:57.398+0000] {processor.py:208} INFO - Processing /home/airflow/.local/lib/python3.12/site-packages/airflow/example_dags/example_kubernetes_executor.py took 0.150 seconds
[2025-03-16T19:38:27.931+0000] {processor.py:186} INFO - Started process (PID=92778) to work on /home/airflow/.local/lib/python3.12/site-packages/airflow/example_dags/example_kubernetes_executor.py
[2025-03-16T19:38:27.933+0000] {processor.py:914} INFO - Processing file /home/airflow/.local/lib/python3.12/site-packages/airflow/example_dags/example_kubernetes_executor.py for tasks to queue
[2025-03-16T19:38:27.935+0000] {logging_mixin.py:190} INFO - [2025-03-16T19:38:27.935+0000] {dagbag.py:588} INFO - Filling up the DagBag from /home/airflow/.local/lib/python3.12/site-packages/airflow/example_dags/example_kubernetes_executor.py
[2025-03-16T19:38:27.967+0000] {processor.py:925} INFO - DAG(s) 'example_kubernetes_executor' retrieved from /home/airflow/.local/lib/python3.12/site-packages/airflow/example_dags/example_kubernetes_executor.py
[2025-03-16T19:38:28.012+0000] {logging_mixin.py:190} INFO - [2025-03-16T19:38:28.012+0000] {dag.py:3239} INFO - Sync 1 DAGs
[2025-03-16T19:38:28.043+0000] {logging_mixin.py:190} INFO - [2025-03-16T19:38:28.043+0000] {dag.py:4180} INFO - Setting next_dagrun for example_kubernetes_executor to None, run_after=None
[2025-03-16T19:38:28.082+0000] {processor.py:208} INFO - Processing /home/airflow/.local/lib/python3.12/site-packages/airflow/example_dags/example_kubernetes_executor.py took 0.162 seconds
[2025-03-16T19:38:58.847+0000] {processor.py:186} INFO - Started process (PID=92842) to work on /home/airflow/.local/lib/python3.12/site-packages/airflow/example_dags/example_kubernetes_executor.py
[2025-03-16T19:38:58.848+0000] {processor.py:914} INFO - Processing file /home/airflow/.local/lib/python3.12/site-packages/airflow/example_dags/example_kubernetes_executor.py for tasks to queue
[2025-03-16T19:38:58.850+0000] {logging_mixin.py:190} INFO - [2025-03-16T19:38:58.850+0000] {dagbag.py:588} INFO - Filling up the DagBag from /home/airflow/.local/lib/python3.12/site-packages/airflow/example_dags/example_kubernetes_executor.py
[2025-03-16T19:38:58.879+0000] {processor.py:925} INFO - DAG(s) 'example_kubernetes_executor' retrieved from /home/airflow/.local/lib/python3.12/site-packages/airflow/example_dags/example_kubernetes_executor.py
[2025-03-16T19:38:58.930+0000] {logging_mixin.py:190} INFO - [2025-03-16T19:38:58.930+0000] {dag.py:3239} INFO - Sync 1 DAGs
[2025-03-16T19:38:58.957+0000] {logging_mixin.py:190} INFO - [2025-03-16T19:38:58.957+0000] {dag.py:4180} INFO - Setting next_dagrun for example_kubernetes_executor to None, run_after=None
[2025-03-16T19:38:58.987+0000] {processor.py:208} INFO - Processing /home/airflow/.local/lib/python3.12/site-packages/airflow/example_dags/example_kubernetes_executor.py took 0.149 seconds
