[2025-03-16T19:07:53.234+0000] {processor.py:186} INFO - Started process (PID=88973) to work on /home/airflow/.local/lib/python3.12/site-packages/airflow/example_dags/tutorial.py
[2025-03-16T19:07:53.235+0000] {processor.py:914} INFO - Processing file /home/airflow/.local/lib/python3.12/site-packages/airflow/example_dags/tutorial.py for tasks to queue
[2025-03-16T19:07:53.237+0000] {logging_mixin.py:190} INFO - [2025-03-16T19:07:53.237+0000] {dagbag.py:588} INFO - Filling up the DagBag from /home/airflow/.local/lib/python3.12/site-packages/airflow/example_dags/tutorial.py
[2025-03-16T19:07:53.247+0000] {processor.py:925} INFO - DAG(s) 'tutorial' retrieved from /home/airflow/.local/lib/python3.12/site-packages/airflow/example_dags/tutorial.py
[2025-03-16T19:07:53.269+0000] {logging_mixin.py:190} INFO - [2025-03-16T19:07:53.269+0000] {dag.py:3239} INFO - Sync 1 DAGs
[2025-03-16T19:07:53.294+0000] {logging_mixin.py:190} INFO - [2025-03-16T19:07:53.293+0000] {dag.py:4180} INFO - Setting next_dagrun for tutorial to 2025-03-15 00:00:00+00:00, run_after=2025-03-16 00:00:00+00:00
[2025-03-16T19:07:53.315+0000] {processor.py:208} INFO - Processing /home/airflow/.local/lib/python3.12/site-packages/airflow/example_dags/tutorial.py took 0.088 seconds
[2025-03-16T19:08:24.213+0000] {processor.py:186} INFO - Started process (PID=89032) to work on /home/airflow/.local/lib/python3.12/site-packages/airflow/example_dags/tutorial.py
[2025-03-16T19:08:24.214+0000] {processor.py:914} INFO - Processing file /home/airflow/.local/lib/python3.12/site-packages/airflow/example_dags/tutorial.py for tasks to queue
[2025-03-16T19:08:24.216+0000] {logging_mixin.py:190} INFO - [2025-03-16T19:08:24.216+0000] {dagbag.py:588} INFO - Filling up the DagBag from /home/airflow/.local/lib/python3.12/site-packages/airflow/example_dags/tutorial.py
[2025-03-16T19:08:24.225+0000] {processor.py:925} INFO - DAG(s) 'tutorial' retrieved from /home/airflow/.local/lib/python3.12/site-packages/airflow/example_dags/tutorial.py
[2025-03-16T19:08:24.242+0000] {logging_mixin.py:190} INFO - [2025-03-16T19:08:24.242+0000] {dag.py:3239} INFO - Sync 1 DAGs
[2025-03-16T19:08:24.263+0000] {logging_mixin.py:190} INFO - [2025-03-16T19:08:24.263+0000] {dag.py:4180} INFO - Setting next_dagrun for tutorial to 2025-03-15 00:00:00+00:00, run_after=2025-03-16 00:00:00+00:00
[2025-03-16T19:08:24.283+0000] {processor.py:208} INFO - Processing /home/airflow/.local/lib/python3.12/site-packages/airflow/example_dags/tutorial.py took 0.076 seconds
[2025-03-16T19:08:55.004+0000] {processor.py:186} INFO - Started process (PID=89096) to work on /home/airflow/.local/lib/python3.12/site-packages/airflow/example_dags/tutorial.py
[2025-03-16T19:08:55.005+0000] {processor.py:914} INFO - Processing file /home/airflow/.local/lib/python3.12/site-packages/airflow/example_dags/tutorial.py for tasks to queue
[2025-03-16T19:08:55.006+0000] {logging_mixin.py:190} INFO - [2025-03-16T19:08:55.006+0000] {dagbag.py:588} INFO - Filling up the DagBag from /home/airflow/.local/lib/python3.12/site-packages/airflow/example_dags/tutorial.py
[2025-03-16T19:08:55.014+0000] {processor.py:925} INFO - DAG(s) 'tutorial' retrieved from /home/airflow/.local/lib/python3.12/site-packages/airflow/example_dags/tutorial.py
[2025-03-16T19:08:55.033+0000] {logging_mixin.py:190} INFO - [2025-03-16T19:08:55.033+0000] {dag.py:3239} INFO - Sync 1 DAGs
[2025-03-16T19:08:55.055+0000] {logging_mixin.py:190} INFO - [2025-03-16T19:08:55.055+0000] {dag.py:4180} INFO - Setting next_dagrun for tutorial to 2025-03-15 00:00:00+00:00, run_after=2025-03-16 00:00:00+00:00
[2025-03-16T19:08:55.072+0000] {processor.py:208} INFO - Processing /home/airflow/.local/lib/python3.12/site-packages/airflow/example_dags/tutorial.py took 0.073 seconds
[2025-03-16T19:09:26.336+0000] {processor.py:186} INFO - Started process (PID=89166) to work on /home/airflow/.local/lib/python3.12/site-packages/airflow/example_dags/tutorial.py
[2025-03-16T19:09:26.337+0000] {processor.py:914} INFO - Processing file /home/airflow/.local/lib/python3.12/site-packages/airflow/example_dags/tutorial.py for tasks to queue
[2025-03-16T19:09:26.340+0000] {logging_mixin.py:190} INFO - [2025-03-16T19:09:26.339+0000] {dagbag.py:588} INFO - Filling up the DagBag from /home/airflow/.local/lib/python3.12/site-packages/airflow/example_dags/tutorial.py
[2025-03-16T19:09:26.349+0000] {processor.py:925} INFO - DAG(s) 'tutorial' retrieved from /home/airflow/.local/lib/python3.12/site-packages/airflow/example_dags/tutorial.py
[2025-03-16T19:09:26.374+0000] {logging_mixin.py:190} INFO - [2025-03-16T19:09:26.374+0000] {dag.py:3239} INFO - Sync 1 DAGs
[2025-03-16T19:09:26.402+0000] {logging_mixin.py:190} INFO - [2025-03-16T19:09:26.402+0000] {dag.py:4180} INFO - Setting next_dagrun for tutorial to 2025-03-15 00:00:00+00:00, run_after=2025-03-16 00:00:00+00:00
[2025-03-16T19:09:26.424+0000] {processor.py:208} INFO - Processing /home/airflow/.local/lib/python3.12/site-packages/airflow/example_dags/tutorial.py took 0.094 seconds
[2025-03-16T19:09:57.128+0000] {processor.py:186} INFO - Started process (PID=89227) to work on /home/airflow/.local/lib/python3.12/site-packages/airflow/example_dags/tutorial.py
[2025-03-16T19:09:57.130+0000] {processor.py:914} INFO - Processing file /home/airflow/.local/lib/python3.12/site-packages/airflow/example_dags/tutorial.py for tasks to queue
[2025-03-16T19:09:57.131+0000] {logging_mixin.py:190} INFO - [2025-03-16T19:09:57.131+0000] {dagbag.py:588} INFO - Filling up the DagBag from /home/airflow/.local/lib/python3.12/site-packages/airflow/example_dags/tutorial.py
[2025-03-16T19:09:57.140+0000] {processor.py:925} INFO - DAG(s) 'tutorial' retrieved from /home/airflow/.local/lib/python3.12/site-packages/airflow/example_dags/tutorial.py
[2025-03-16T19:09:57.161+0000] {logging_mixin.py:190} INFO - [2025-03-16T19:09:57.160+0000] {dag.py:3239} INFO - Sync 1 DAGs
[2025-03-16T19:09:57.185+0000] {logging_mixin.py:190} INFO - [2025-03-16T19:09:57.185+0000] {dag.py:4180} INFO - Setting next_dagrun for tutorial to 2025-03-15 00:00:00+00:00, run_after=2025-03-16 00:00:00+00:00
[2025-03-16T19:09:57.208+0000] {processor.py:208} INFO - Processing /home/airflow/.local/lib/python3.12/site-packages/airflow/example_dags/tutorial.py took 0.085 seconds
[2025-03-16T19:10:27.606+0000] {processor.py:186} INFO - Started process (PID=89290) to work on /home/airflow/.local/lib/python3.12/site-packages/airflow/example_dags/tutorial.py
[2025-03-16T19:10:27.607+0000] {processor.py:914} INFO - Processing file /home/airflow/.local/lib/python3.12/site-packages/airflow/example_dags/tutorial.py for tasks to queue
[2025-03-16T19:10:27.609+0000] {logging_mixin.py:190} INFO - [2025-03-16T19:10:27.608+0000] {dagbag.py:588} INFO - Filling up the DagBag from /home/airflow/.local/lib/python3.12/site-packages/airflow/example_dags/tutorial.py
[2025-03-16T19:10:27.619+0000] {processor.py:925} INFO - DAG(s) 'tutorial' retrieved from /home/airflow/.local/lib/python3.12/site-packages/airflow/example_dags/tutorial.py
[2025-03-16T19:10:27.642+0000] {logging_mixin.py:190} INFO - [2025-03-16T19:10:27.641+0000] {dag.py:3239} INFO - Sync 1 DAGs
[2025-03-16T19:10:27.664+0000] {logging_mixin.py:190} INFO - [2025-03-16T19:10:27.664+0000] {dag.py:4180} INFO - Setting next_dagrun for tutorial to 2025-03-15 00:00:00+00:00, run_after=2025-03-16 00:00:00+00:00
[2025-03-16T19:10:27.684+0000] {processor.py:208} INFO - Processing /home/airflow/.local/lib/python3.12/site-packages/airflow/example_dags/tutorial.py took 0.083 seconds
[2025-03-16T19:10:57.977+0000] {processor.py:186} INFO - Started process (PID=89354) to work on /home/airflow/.local/lib/python3.12/site-packages/airflow/example_dags/tutorial.py
[2025-03-16T19:10:57.978+0000] {processor.py:914} INFO - Processing file /home/airflow/.local/lib/python3.12/site-packages/airflow/example_dags/tutorial.py for tasks to queue
[2025-03-16T19:10:57.981+0000] {logging_mixin.py:190} INFO - [2025-03-16T19:10:57.980+0000] {dagbag.py:588} INFO - Filling up the DagBag from /home/airflow/.local/lib/python3.12/site-packages/airflow/example_dags/tutorial.py
[2025-03-16T19:10:57.990+0000] {processor.py:925} INFO - DAG(s) 'tutorial' retrieved from /home/airflow/.local/lib/python3.12/site-packages/airflow/example_dags/tutorial.py
[2025-03-16T19:10:58.015+0000] {logging_mixin.py:190} INFO - [2025-03-16T19:10:58.015+0000] {dag.py:3239} INFO - Sync 1 DAGs
[2025-03-16T19:10:58.040+0000] {logging_mixin.py:190} INFO - [2025-03-16T19:10:58.039+0000] {dag.py:4180} INFO - Setting next_dagrun for tutorial to 2025-03-15 00:00:00+00:00, run_after=2025-03-16 00:00:00+00:00
[2025-03-16T19:10:58.063+0000] {processor.py:208} INFO - Processing /home/airflow/.local/lib/python3.12/site-packages/airflow/example_dags/tutorial.py took 0.091 seconds
[2025-03-16T19:11:28.338+0000] {processor.py:186} INFO - Started process (PID=89418) to work on /home/airflow/.local/lib/python3.12/site-packages/airflow/example_dags/tutorial.py
[2025-03-16T19:11:28.339+0000] {processor.py:914} INFO - Processing file /home/airflow/.local/lib/python3.12/site-packages/airflow/example_dags/tutorial.py for tasks to queue
[2025-03-16T19:11:28.340+0000] {logging_mixin.py:190} INFO - [2025-03-16T19:11:28.340+0000] {dagbag.py:588} INFO - Filling up the DagBag from /home/airflow/.local/lib/python3.12/site-packages/airflow/example_dags/tutorial.py
[2025-03-16T19:11:28.348+0000] {processor.py:925} INFO - DAG(s) 'tutorial' retrieved from /home/airflow/.local/lib/python3.12/site-packages/airflow/example_dags/tutorial.py
[2025-03-16T19:11:28.371+0000] {logging_mixin.py:190} INFO - [2025-03-16T19:11:28.370+0000] {dag.py:3239} INFO - Sync 1 DAGs
[2025-03-16T19:11:28.394+0000] {logging_mixin.py:190} INFO - [2025-03-16T19:11:28.394+0000] {dag.py:4180} INFO - Setting next_dagrun for tutorial to 2025-03-15 00:00:00+00:00, run_after=2025-03-16 00:00:00+00:00
[2025-03-16T19:11:28.416+0000] {processor.py:208} INFO - Processing /home/airflow/.local/lib/python3.12/site-packages/airflow/example_dags/tutorial.py took 0.084 seconds
[2025-03-16T19:11:58.904+0000] {processor.py:186} INFO - Started process (PID=89482) to work on /home/airflow/.local/lib/python3.12/site-packages/airflow/example_dags/tutorial.py
[2025-03-16T19:11:58.905+0000] {processor.py:914} INFO - Processing file /home/airflow/.local/lib/python3.12/site-packages/airflow/example_dags/tutorial.py for tasks to queue
[2025-03-16T19:11:58.906+0000] {logging_mixin.py:190} INFO - [2025-03-16T19:11:58.906+0000] {dagbag.py:588} INFO - Filling up the DagBag from /home/airflow/.local/lib/python3.12/site-packages/airflow/example_dags/tutorial.py
[2025-03-16T19:11:58.916+0000] {processor.py:925} INFO - DAG(s) 'tutorial' retrieved from /home/airflow/.local/lib/python3.12/site-packages/airflow/example_dags/tutorial.py
[2025-03-16T19:11:58.946+0000] {logging_mixin.py:190} INFO - [2025-03-16T19:11:58.945+0000] {dag.py:3239} INFO - Sync 1 DAGs
[2025-03-16T19:11:58.980+0000] {logging_mixin.py:190} INFO - [2025-03-16T19:11:58.979+0000] {dag.py:4180} INFO - Setting next_dagrun for tutorial to 2025-03-15 00:00:00+00:00, run_after=2025-03-16 00:00:00+00:00
[2025-03-16T19:11:59.007+0000] {processor.py:208} INFO - Processing /home/airflow/.local/lib/python3.12/site-packages/airflow/example_dags/tutorial.py took 0.108 seconds
[2025-03-16T19:12:29.338+0000] {processor.py:186} INFO - Started process (PID=89546) to work on /home/airflow/.local/lib/python3.12/site-packages/airflow/example_dags/tutorial.py
[2025-03-16T19:12:29.339+0000] {processor.py:914} INFO - Processing file /home/airflow/.local/lib/python3.12/site-packages/airflow/example_dags/tutorial.py for tasks to queue
[2025-03-16T19:12:29.341+0000] {logging_mixin.py:190} INFO - [2025-03-16T19:12:29.340+0000] {dagbag.py:588} INFO - Filling up the DagBag from /home/airflow/.local/lib/python3.12/site-packages/airflow/example_dags/tutorial.py
[2025-03-16T19:12:29.350+0000] {processor.py:925} INFO - DAG(s) 'tutorial' retrieved from /home/airflow/.local/lib/python3.12/site-packages/airflow/example_dags/tutorial.py
[2025-03-16T19:12:29.375+0000] {logging_mixin.py:190} INFO - [2025-03-16T19:12:29.375+0000] {dag.py:3239} INFO - Sync 1 DAGs
[2025-03-16T19:12:29.400+0000] {logging_mixin.py:190} INFO - [2025-03-16T19:12:29.399+0000] {dag.py:4180} INFO - Setting next_dagrun for tutorial to 2025-03-15 00:00:00+00:00, run_after=2025-03-16 00:00:00+00:00
[2025-03-16T19:12:29.422+0000] {processor.py:208} INFO - Processing /home/airflow/.local/lib/python3.12/site-packages/airflow/example_dags/tutorial.py took 0.088 seconds
[2025-03-16T19:12:59.573+0000] {processor.py:186} INFO - Started process (PID=89610) to work on /home/airflow/.local/lib/python3.12/site-packages/airflow/example_dags/tutorial.py
[2025-03-16T19:12:59.575+0000] {processor.py:914} INFO - Processing file /home/airflow/.local/lib/python3.12/site-packages/airflow/example_dags/tutorial.py for tasks to queue
[2025-03-16T19:12:59.577+0000] {logging_mixin.py:190} INFO - [2025-03-16T19:12:59.577+0000] {dagbag.py:588} INFO - Filling up the DagBag from /home/airflow/.local/lib/python3.12/site-packages/airflow/example_dags/tutorial.py
[2025-03-16T19:12:59.587+0000] {processor.py:925} INFO - DAG(s) 'tutorial' retrieved from /home/airflow/.local/lib/python3.12/site-packages/airflow/example_dags/tutorial.py
[2025-03-16T19:12:59.611+0000] {logging_mixin.py:190} INFO - [2025-03-16T19:12:59.611+0000] {dag.py:3239} INFO - Sync 1 DAGs
[2025-03-16T19:12:59.636+0000] {logging_mixin.py:190} INFO - [2025-03-16T19:12:59.636+0000] {dag.py:4180} INFO - Setting next_dagrun for tutorial to 2025-03-15 00:00:00+00:00, run_after=2025-03-16 00:00:00+00:00
[2025-03-16T19:12:59.659+0000] {processor.py:208} INFO - Processing /home/airflow/.local/lib/python3.12/site-packages/airflow/example_dags/tutorial.py took 0.090 seconds
[2025-03-16T19:13:30.364+0000] {processor.py:186} INFO - Started process (PID=89675) to work on /home/airflow/.local/lib/python3.12/site-packages/airflow/example_dags/tutorial.py
[2025-03-16T19:13:30.365+0000] {processor.py:914} INFO - Processing file /home/airflow/.local/lib/python3.12/site-packages/airflow/example_dags/tutorial.py for tasks to queue
[2025-03-16T19:13:30.367+0000] {logging_mixin.py:190} INFO - [2025-03-16T19:13:30.366+0000] {dagbag.py:588} INFO - Filling up the DagBag from /home/airflow/.local/lib/python3.12/site-packages/airflow/example_dags/tutorial.py
[2025-03-16T19:13:30.375+0000] {processor.py:925} INFO - DAG(s) 'tutorial' retrieved from /home/airflow/.local/lib/python3.12/site-packages/airflow/example_dags/tutorial.py
[2025-03-16T19:13:30.394+0000] {logging_mixin.py:190} INFO - [2025-03-16T19:13:30.394+0000] {dag.py:3239} INFO - Sync 1 DAGs
[2025-03-16T19:13:30.416+0000] {logging_mixin.py:190} INFO - [2025-03-16T19:13:30.416+0000] {dag.py:4180} INFO - Setting next_dagrun for tutorial to 2025-03-15 00:00:00+00:00, run_after=2025-03-16 00:00:00+00:00
[2025-03-16T19:13:30.436+0000] {processor.py:208} INFO - Processing /home/airflow/.local/lib/python3.12/site-packages/airflow/example_dags/tutorial.py took 0.076 seconds
[2025-03-16T19:14:00.854+0000] {processor.py:186} INFO - Started process (PID=89736) to work on /home/airflow/.local/lib/python3.12/site-packages/airflow/example_dags/tutorial.py
[2025-03-16T19:14:00.855+0000] {processor.py:914} INFO - Processing file /home/airflow/.local/lib/python3.12/site-packages/airflow/example_dags/tutorial.py for tasks to queue
[2025-03-16T19:14:00.856+0000] {logging_mixin.py:190} INFO - [2025-03-16T19:14:00.856+0000] {dagbag.py:588} INFO - Filling up the DagBag from /home/airflow/.local/lib/python3.12/site-packages/airflow/example_dags/tutorial.py
[2025-03-16T19:14:00.864+0000] {processor.py:925} INFO - DAG(s) 'tutorial' retrieved from /home/airflow/.local/lib/python3.12/site-packages/airflow/example_dags/tutorial.py
[2025-03-16T19:14:00.886+0000] {logging_mixin.py:190} INFO - [2025-03-16T19:14:00.886+0000] {dag.py:3239} INFO - Sync 1 DAGs
[2025-03-16T19:14:00.908+0000] {logging_mixin.py:190} INFO - [2025-03-16T19:14:00.908+0000] {dag.py:4180} INFO - Setting next_dagrun for tutorial to 2025-03-15 00:00:00+00:00, run_after=2025-03-16 00:00:00+00:00
[2025-03-16T19:14:00.928+0000] {processor.py:208} INFO - Processing /home/airflow/.local/lib/python3.12/site-packages/airflow/example_dags/tutorial.py took 0.080 seconds
[2025-03-16T19:14:31.060+0000] {processor.py:186} INFO - Started process (PID=89800) to work on /home/airflow/.local/lib/python3.12/site-packages/airflow/example_dags/tutorial.py
[2025-03-16T19:14:31.062+0000] {processor.py:914} INFO - Processing file /home/airflow/.local/lib/python3.12/site-packages/airflow/example_dags/tutorial.py for tasks to queue
[2025-03-16T19:14:31.063+0000] {logging_mixin.py:190} INFO - [2025-03-16T19:14:31.063+0000] {dagbag.py:588} INFO - Filling up the DagBag from /home/airflow/.local/lib/python3.12/site-packages/airflow/example_dags/tutorial.py
[2025-03-16T19:14:31.073+0000] {processor.py:925} INFO - DAG(s) 'tutorial' retrieved from /home/airflow/.local/lib/python3.12/site-packages/airflow/example_dags/tutorial.py
[2025-03-16T19:14:31.097+0000] {logging_mixin.py:190} INFO - [2025-03-16T19:14:31.096+0000] {dag.py:3239} INFO - Sync 1 DAGs
[2025-03-16T19:14:31.128+0000] {logging_mixin.py:190} INFO - [2025-03-16T19:14:31.127+0000] {dag.py:4180} INFO - Setting next_dagrun for tutorial to 2025-03-15 00:00:00+00:00, run_after=2025-03-16 00:00:00+00:00
[2025-03-16T19:14:31.154+0000] {processor.py:208} INFO - Processing /home/airflow/.local/lib/python3.12/site-packages/airflow/example_dags/tutorial.py took 0.101 seconds
[2025-03-16T19:15:01.565+0000] {processor.py:186} INFO - Started process (PID=89863) to work on /home/airflow/.local/lib/python3.12/site-packages/airflow/example_dags/tutorial.py
[2025-03-16T19:15:01.566+0000] {processor.py:914} INFO - Processing file /home/airflow/.local/lib/python3.12/site-packages/airflow/example_dags/tutorial.py for tasks to queue
[2025-03-16T19:15:01.568+0000] {logging_mixin.py:190} INFO - [2025-03-16T19:15:01.568+0000] {dagbag.py:588} INFO - Filling up the DagBag from /home/airflow/.local/lib/python3.12/site-packages/airflow/example_dags/tutorial.py
[2025-03-16T19:15:01.576+0000] {processor.py:925} INFO - DAG(s) 'tutorial' retrieved from /home/airflow/.local/lib/python3.12/site-packages/airflow/example_dags/tutorial.py
[2025-03-16T19:15:01.601+0000] {logging_mixin.py:190} INFO - [2025-03-16T19:15:01.601+0000] {dag.py:3239} INFO - Sync 1 DAGs
[2025-03-16T19:15:01.625+0000] {logging_mixin.py:190} INFO - [2025-03-16T19:15:01.625+0000] {dag.py:4180} INFO - Setting next_dagrun for tutorial to 2025-03-15 00:00:00+00:00, run_after=2025-03-16 00:00:00+00:00
[2025-03-16T19:15:01.648+0000] {processor.py:208} INFO - Processing /home/airflow/.local/lib/python3.12/site-packages/airflow/example_dags/tutorial.py took 0.088 seconds
[2025-03-16T19:15:32.346+0000] {processor.py:186} INFO - Started process (PID=89927) to work on /home/airflow/.local/lib/python3.12/site-packages/airflow/example_dags/tutorial.py
[2025-03-16T19:15:32.348+0000] {processor.py:914} INFO - Processing file /home/airflow/.local/lib/python3.12/site-packages/airflow/example_dags/tutorial.py for tasks to queue
[2025-03-16T19:15:32.351+0000] {logging_mixin.py:190} INFO - [2025-03-16T19:15:32.351+0000] {dagbag.py:588} INFO - Filling up the DagBag from /home/airflow/.local/lib/python3.12/site-packages/airflow/example_dags/tutorial.py
[2025-03-16T19:15:32.363+0000] {processor.py:925} INFO - DAG(s) 'tutorial' retrieved from /home/airflow/.local/lib/python3.12/site-packages/airflow/example_dags/tutorial.py
[2025-03-16T19:15:32.396+0000] {logging_mixin.py:190} INFO - [2025-03-16T19:15:32.396+0000] {dag.py:3239} INFO - Sync 1 DAGs
[2025-03-16T19:15:32.429+0000] {logging_mixin.py:190} INFO - [2025-03-16T19:15:32.429+0000] {dag.py:4180} INFO - Setting next_dagrun for tutorial to 2025-03-15 00:00:00+00:00, run_after=2025-03-16 00:00:00+00:00
[2025-03-16T19:15:32.461+0000] {processor.py:208} INFO - Processing /home/airflow/.local/lib/python3.12/site-packages/airflow/example_dags/tutorial.py took 0.121 seconds
[2025-03-16T19:16:02.955+0000] {processor.py:186} INFO - Started process (PID=89990) to work on /home/airflow/.local/lib/python3.12/site-packages/airflow/example_dags/tutorial.py
[2025-03-16T19:16:02.957+0000] {processor.py:914} INFO - Processing file /home/airflow/.local/lib/python3.12/site-packages/airflow/example_dags/tutorial.py for tasks to queue
[2025-03-16T19:16:02.958+0000] {logging_mixin.py:190} INFO - [2025-03-16T19:16:02.958+0000] {dagbag.py:588} INFO - Filling up the DagBag from /home/airflow/.local/lib/python3.12/site-packages/airflow/example_dags/tutorial.py
[2025-03-16T19:16:02.971+0000] {processor.py:925} INFO - DAG(s) 'tutorial' retrieved from /home/airflow/.local/lib/python3.12/site-packages/airflow/example_dags/tutorial.py
[2025-03-16T19:16:02.997+0000] {logging_mixin.py:190} INFO - [2025-03-16T19:16:02.997+0000] {dag.py:3239} INFO - Sync 1 DAGs
[2025-03-16T19:16:03.026+0000] {logging_mixin.py:190} INFO - [2025-03-16T19:16:03.026+0000] {dag.py:4180} INFO - Setting next_dagrun for tutorial to 2025-03-15 00:00:00+00:00, run_after=2025-03-16 00:00:00+00:00
[2025-03-16T19:16:03.056+0000] {processor.py:208} INFO - Processing /home/airflow/.local/lib/python3.12/site-packages/airflow/example_dags/tutorial.py took 0.108 seconds
[2025-03-16T19:16:33.179+0000] {processor.py:186} INFO - Started process (PID=90054) to work on /home/airflow/.local/lib/python3.12/site-packages/airflow/example_dags/tutorial.py
[2025-03-16T19:16:33.180+0000] {processor.py:914} INFO - Processing file /home/airflow/.local/lib/python3.12/site-packages/airflow/example_dags/tutorial.py for tasks to queue
[2025-03-16T19:16:33.182+0000] {logging_mixin.py:190} INFO - [2025-03-16T19:16:33.181+0000] {dagbag.py:588} INFO - Filling up the DagBag from /home/airflow/.local/lib/python3.12/site-packages/airflow/example_dags/tutorial.py
[2025-03-16T19:16:33.192+0000] {processor.py:925} INFO - DAG(s) 'tutorial' retrieved from /home/airflow/.local/lib/python3.12/site-packages/airflow/example_dags/tutorial.py
[2025-03-16T19:16:33.220+0000] {logging_mixin.py:190} INFO - [2025-03-16T19:16:33.220+0000] {dag.py:3239} INFO - Sync 1 DAGs
[2025-03-16T19:16:33.251+0000] {logging_mixin.py:190} INFO - [2025-03-16T19:16:33.251+0000] {dag.py:4180} INFO - Setting next_dagrun for tutorial to 2025-03-15 00:00:00+00:00, run_after=2025-03-16 00:00:00+00:00
[2025-03-16T19:16:33.280+0000] {processor.py:208} INFO - Processing /home/airflow/.local/lib/python3.12/site-packages/airflow/example_dags/tutorial.py took 0.107 seconds
[2025-03-16T19:17:03.777+0000] {processor.py:186} INFO - Started process (PID=90118) to work on /home/airflow/.local/lib/python3.12/site-packages/airflow/example_dags/tutorial.py
[2025-03-16T19:17:03.779+0000] {processor.py:914} INFO - Processing file /home/airflow/.local/lib/python3.12/site-packages/airflow/example_dags/tutorial.py for tasks to queue
[2025-03-16T19:17:03.781+0000] {logging_mixin.py:190} INFO - [2025-03-16T19:17:03.780+0000] {dagbag.py:588} INFO - Filling up the DagBag from /home/airflow/.local/lib/python3.12/site-packages/airflow/example_dags/tutorial.py
[2025-03-16T19:17:03.792+0000] {processor.py:925} INFO - DAG(s) 'tutorial' retrieved from /home/airflow/.local/lib/python3.12/site-packages/airflow/example_dags/tutorial.py
[2025-03-16T19:17:03.820+0000] {logging_mixin.py:190} INFO - [2025-03-16T19:17:03.820+0000] {dag.py:3239} INFO - Sync 1 DAGs
[2025-03-16T19:17:03.851+0000] {logging_mixin.py:190} INFO - [2025-03-16T19:17:03.851+0000] {dag.py:4180} INFO - Setting next_dagrun for tutorial to 2025-03-15 00:00:00+00:00, run_after=2025-03-16 00:00:00+00:00
[2025-03-16T19:17:03.880+0000] {processor.py:208} INFO - Processing /home/airflow/.local/lib/python3.12/site-packages/airflow/example_dags/tutorial.py took 0.108 seconds
[2025-03-16T19:17:34.020+0000] {processor.py:186} INFO - Started process (PID=90182) to work on /home/airflow/.local/lib/python3.12/site-packages/airflow/example_dags/tutorial.py
[2025-03-16T19:17:34.022+0000] {processor.py:914} INFO - Processing file /home/airflow/.local/lib/python3.12/site-packages/airflow/example_dags/tutorial.py for tasks to queue
[2025-03-16T19:17:34.023+0000] {logging_mixin.py:190} INFO - [2025-03-16T19:17:34.023+0000] {dagbag.py:588} INFO - Filling up the DagBag from /home/airflow/.local/lib/python3.12/site-packages/airflow/example_dags/tutorial.py
[2025-03-16T19:17:34.037+0000] {processor.py:925} INFO - DAG(s) 'tutorial' retrieved from /home/airflow/.local/lib/python3.12/site-packages/airflow/example_dags/tutorial.py
[2025-03-16T19:17:34.064+0000] {logging_mixin.py:190} INFO - [2025-03-16T19:17:34.063+0000] {dag.py:3239} INFO - Sync 1 DAGs
[2025-03-16T19:17:34.094+0000] {logging_mixin.py:190} INFO - [2025-03-16T19:17:34.093+0000] {dag.py:4180} INFO - Setting next_dagrun for tutorial to 2025-03-15 00:00:00+00:00, run_after=2025-03-16 00:00:00+00:00
[2025-03-16T19:17:34.126+0000] {processor.py:208} INFO - Processing /home/airflow/.local/lib/python3.12/site-packages/airflow/example_dags/tutorial.py took 0.112 seconds
[2025-03-16T19:18:04.772+0000] {processor.py:186} INFO - Started process (PID=90246) to work on /home/airflow/.local/lib/python3.12/site-packages/airflow/example_dags/tutorial.py
[2025-03-16T19:18:04.774+0000] {processor.py:914} INFO - Processing file /home/airflow/.local/lib/python3.12/site-packages/airflow/example_dags/tutorial.py for tasks to queue
[2025-03-16T19:18:04.776+0000] {logging_mixin.py:190} INFO - [2025-03-16T19:18:04.775+0000] {dagbag.py:588} INFO - Filling up the DagBag from /home/airflow/.local/lib/python3.12/site-packages/airflow/example_dags/tutorial.py
[2025-03-16T19:18:04.789+0000] {processor.py:925} INFO - DAG(s) 'tutorial' retrieved from /home/airflow/.local/lib/python3.12/site-packages/airflow/example_dags/tutorial.py
[2025-03-16T19:18:04.826+0000] {logging_mixin.py:190} INFO - [2025-03-16T19:18:04.826+0000] {dag.py:3239} INFO - Sync 1 DAGs
[2025-03-16T19:18:04.865+0000] {logging_mixin.py:190} INFO - [2025-03-16T19:18:04.865+0000] {dag.py:4180} INFO - Setting next_dagrun for tutorial to 2025-03-15 00:00:00+00:00, run_after=2025-03-16 00:00:00+00:00
[2025-03-16T19:18:04.899+0000] {processor.py:208} INFO - Processing /home/airflow/.local/lib/python3.12/site-packages/airflow/example_dags/tutorial.py took 0.137 seconds
[2025-03-16T19:18:35.144+0000] {processor.py:186} INFO - Started process (PID=90310) to work on /home/airflow/.local/lib/python3.12/site-packages/airflow/example_dags/tutorial.py
[2025-03-16T19:18:35.145+0000] {processor.py:914} INFO - Processing file /home/airflow/.local/lib/python3.12/site-packages/airflow/example_dags/tutorial.py for tasks to queue
[2025-03-16T19:18:35.147+0000] {logging_mixin.py:190} INFO - [2025-03-16T19:18:35.146+0000] {dagbag.py:588} INFO - Filling up the DagBag from /home/airflow/.local/lib/python3.12/site-packages/airflow/example_dags/tutorial.py
[2025-03-16T19:18:35.159+0000] {processor.py:925} INFO - DAG(s) 'tutorial' retrieved from /home/airflow/.local/lib/python3.12/site-packages/airflow/example_dags/tutorial.py
[2025-03-16T19:18:35.188+0000] {logging_mixin.py:190} INFO - [2025-03-16T19:18:35.187+0000] {dag.py:3239} INFO - Sync 1 DAGs
[2025-03-16T19:18:35.222+0000] {logging_mixin.py:190} INFO - [2025-03-16T19:18:35.221+0000] {dag.py:4180} INFO - Setting next_dagrun for tutorial to 2025-03-15 00:00:00+00:00, run_after=2025-03-16 00:00:00+00:00
[2025-03-16T19:18:35.253+0000] {processor.py:208} INFO - Processing /home/airflow/.local/lib/python3.12/site-packages/airflow/example_dags/tutorial.py took 0.117 seconds
[2025-03-16T19:19:06.128+0000] {processor.py:186} INFO - Started process (PID=90374) to work on /home/airflow/.local/lib/python3.12/site-packages/airflow/example_dags/tutorial.py
[2025-03-16T19:19:06.130+0000] {processor.py:914} INFO - Processing file /home/airflow/.local/lib/python3.12/site-packages/airflow/example_dags/tutorial.py for tasks to queue
[2025-03-16T19:19:06.134+0000] {logging_mixin.py:190} INFO - [2025-03-16T19:19:06.134+0000] {dagbag.py:588} INFO - Filling up the DagBag from /home/airflow/.local/lib/python3.12/site-packages/airflow/example_dags/tutorial.py
[2025-03-16T19:19:06.146+0000] {processor.py:925} INFO - DAG(s) 'tutorial' retrieved from /home/airflow/.local/lib/python3.12/site-packages/airflow/example_dags/tutorial.py
[2025-03-16T19:19:06.177+0000] {logging_mixin.py:190} INFO - [2025-03-16T19:19:06.176+0000] {dag.py:3239} INFO - Sync 1 DAGs
[2025-03-16T19:19:06.208+0000] {logging_mixin.py:190} INFO - [2025-03-16T19:19:06.208+0000] {dag.py:4180} INFO - Setting next_dagrun for tutorial to 2025-03-15 00:00:00+00:00, run_after=2025-03-16 00:00:00+00:00
[2025-03-16T19:19:06.241+0000] {processor.py:208} INFO - Processing /home/airflow/.local/lib/python3.12/site-packages/airflow/example_dags/tutorial.py took 0.122 seconds
[2025-03-16T19:19:36.308+0000] {processor.py:186} INFO - Started process (PID=90437) to work on /home/airflow/.local/lib/python3.12/site-packages/airflow/example_dags/tutorial.py
[2025-03-16T19:19:36.309+0000] {processor.py:914} INFO - Processing file /home/airflow/.local/lib/python3.12/site-packages/airflow/example_dags/tutorial.py for tasks to queue
[2025-03-16T19:19:36.311+0000] {logging_mixin.py:190} INFO - [2025-03-16T19:19:36.311+0000] {dagbag.py:588} INFO - Filling up the DagBag from /home/airflow/.local/lib/python3.12/site-packages/airflow/example_dags/tutorial.py
[2025-03-16T19:19:36.321+0000] {processor.py:925} INFO - DAG(s) 'tutorial' retrieved from /home/airflow/.local/lib/python3.12/site-packages/airflow/example_dags/tutorial.py
[2025-03-16T19:19:36.347+0000] {logging_mixin.py:190} INFO - [2025-03-16T19:19:36.346+0000] {dag.py:3239} INFO - Sync 1 DAGs
[2025-03-16T19:19:36.380+0000] {logging_mixin.py:190} INFO - [2025-03-16T19:19:36.379+0000] {dag.py:4180} INFO - Setting next_dagrun for tutorial to 2025-03-15 00:00:00+00:00, run_after=2025-03-16 00:00:00+00:00
[2025-03-16T19:19:36.408+0000] {processor.py:208} INFO - Processing /home/airflow/.local/lib/python3.12/site-packages/airflow/example_dags/tutorial.py took 0.109 seconds
[2025-03-16T19:20:06.642+0000] {processor.py:186} INFO - Started process (PID=90501) to work on /home/airflow/.local/lib/python3.12/site-packages/airflow/example_dags/tutorial.py
[2025-03-16T19:20:06.644+0000] {processor.py:914} INFO - Processing file /home/airflow/.local/lib/python3.12/site-packages/airflow/example_dags/tutorial.py for tasks to queue
[2025-03-16T19:20:06.646+0000] {logging_mixin.py:190} INFO - [2025-03-16T19:20:06.646+0000] {dagbag.py:588} INFO - Filling up the DagBag from /home/airflow/.local/lib/python3.12/site-packages/airflow/example_dags/tutorial.py
[2025-03-16T19:20:06.656+0000] {processor.py:925} INFO - DAG(s) 'tutorial' retrieved from /home/airflow/.local/lib/python3.12/site-packages/airflow/example_dags/tutorial.py
[2025-03-16T19:20:06.686+0000] {logging_mixin.py:190} INFO - [2025-03-16T19:20:06.685+0000] {dag.py:3239} INFO - Sync 1 DAGs
[2025-03-16T19:20:06.717+0000] {logging_mixin.py:190} INFO - [2025-03-16T19:20:06.716+0000] {dag.py:4180} INFO - Setting next_dagrun for tutorial to 2025-03-15 00:00:00+00:00, run_after=2025-03-16 00:00:00+00:00
[2025-03-16T19:20:06.745+0000] {processor.py:208} INFO - Processing /home/airflow/.local/lib/python3.12/site-packages/airflow/example_dags/tutorial.py took 0.109 seconds
[2025-03-16T19:20:36.810+0000] {processor.py:186} INFO - Started process (PID=90565) to work on /home/airflow/.local/lib/python3.12/site-packages/airflow/example_dags/tutorial.py
[2025-03-16T19:20:36.811+0000] {processor.py:914} INFO - Processing file /home/airflow/.local/lib/python3.12/site-packages/airflow/example_dags/tutorial.py for tasks to queue
[2025-03-16T19:20:36.813+0000] {logging_mixin.py:190} INFO - [2025-03-16T19:20:36.812+0000] {dagbag.py:588} INFO - Filling up the DagBag from /home/airflow/.local/lib/python3.12/site-packages/airflow/example_dags/tutorial.py
[2025-03-16T19:20:36.825+0000] {processor.py:925} INFO - DAG(s) 'tutorial' retrieved from /home/airflow/.local/lib/python3.12/site-packages/airflow/example_dags/tutorial.py
[2025-03-16T19:20:36.856+0000] {logging_mixin.py:190} INFO - [2025-03-16T19:20:36.856+0000] {dag.py:3239} INFO - Sync 1 DAGs
[2025-03-16T19:20:36.887+0000] {logging_mixin.py:190} INFO - [2025-03-16T19:20:36.887+0000] {dag.py:4180} INFO - Setting next_dagrun for tutorial to 2025-03-15 00:00:00+00:00, run_after=2025-03-16 00:00:00+00:00
[2025-03-16T19:20:36.918+0000] {processor.py:208} INFO - Processing /home/airflow/.local/lib/python3.12/site-packages/airflow/example_dags/tutorial.py took 0.114 seconds
[2025-03-16T19:21:07.046+0000] {processor.py:186} INFO - Started process (PID=90629) to work on /home/airflow/.local/lib/python3.12/site-packages/airflow/example_dags/tutorial.py
[2025-03-16T19:21:07.048+0000] {processor.py:914} INFO - Processing file /home/airflow/.local/lib/python3.12/site-packages/airflow/example_dags/tutorial.py for tasks to queue
[2025-03-16T19:21:07.050+0000] {logging_mixin.py:190} INFO - [2025-03-16T19:21:07.050+0000] {dagbag.py:588} INFO - Filling up the DagBag from /home/airflow/.local/lib/python3.12/site-packages/airflow/example_dags/tutorial.py
[2025-03-16T19:21:07.063+0000] {processor.py:925} INFO - DAG(s) 'tutorial' retrieved from /home/airflow/.local/lib/python3.12/site-packages/airflow/example_dags/tutorial.py
[2025-03-16T19:21:07.091+0000] {logging_mixin.py:190} INFO - [2025-03-16T19:21:07.091+0000] {dag.py:3239} INFO - Sync 1 DAGs
[2025-03-16T19:21:07.125+0000] {logging_mixin.py:190} INFO - [2025-03-16T19:21:07.125+0000] {dag.py:4180} INFO - Setting next_dagrun for tutorial to 2025-03-15 00:00:00+00:00, run_after=2025-03-16 00:00:00+00:00
[2025-03-16T19:21:07.156+0000] {processor.py:208} INFO - Processing /home/airflow/.local/lib/python3.12/site-packages/airflow/example_dags/tutorial.py took 0.116 seconds
[2025-03-16T19:21:37.384+0000] {processor.py:186} INFO - Started process (PID=90693) to work on /home/airflow/.local/lib/python3.12/site-packages/airflow/example_dags/tutorial.py
[2025-03-16T19:21:37.385+0000] {processor.py:914} INFO - Processing file /home/airflow/.local/lib/python3.12/site-packages/airflow/example_dags/tutorial.py for tasks to queue
[2025-03-16T19:21:37.387+0000] {logging_mixin.py:190} INFO - [2025-03-16T19:21:37.386+0000] {dagbag.py:588} INFO - Filling up the DagBag from /home/airflow/.local/lib/python3.12/site-packages/airflow/example_dags/tutorial.py
[2025-03-16T19:21:37.398+0000] {processor.py:925} INFO - DAG(s) 'tutorial' retrieved from /home/airflow/.local/lib/python3.12/site-packages/airflow/example_dags/tutorial.py
[2025-03-16T19:21:37.424+0000] {logging_mixin.py:190} INFO - [2025-03-16T19:21:37.423+0000] {dag.py:3239} INFO - Sync 1 DAGs
[2025-03-16T19:21:37.451+0000] {logging_mixin.py:190} INFO - [2025-03-16T19:21:37.451+0000] {dag.py:4180} INFO - Setting next_dagrun for tutorial to 2025-03-15 00:00:00+00:00, run_after=2025-03-16 00:00:00+00:00
[2025-03-16T19:21:37.478+0000] {processor.py:208} INFO - Processing /home/airflow/.local/lib/python3.12/site-packages/airflow/example_dags/tutorial.py took 0.099 seconds
[2025-03-16T19:22:07.807+0000] {processor.py:186} INFO - Started process (PID=90757) to work on /home/airflow/.local/lib/python3.12/site-packages/airflow/example_dags/tutorial.py
[2025-03-16T19:22:07.808+0000] {processor.py:914} INFO - Processing file /home/airflow/.local/lib/python3.12/site-packages/airflow/example_dags/tutorial.py for tasks to queue
[2025-03-16T19:22:07.810+0000] {logging_mixin.py:190} INFO - [2025-03-16T19:22:07.809+0000] {dagbag.py:588} INFO - Filling up the DagBag from /home/airflow/.local/lib/python3.12/site-packages/airflow/example_dags/tutorial.py
[2025-03-16T19:22:07.819+0000] {processor.py:925} INFO - DAG(s) 'tutorial' retrieved from /home/airflow/.local/lib/python3.12/site-packages/airflow/example_dags/tutorial.py
[2025-03-16T19:22:07.843+0000] {logging_mixin.py:190} INFO - [2025-03-16T19:22:07.842+0000] {dag.py:3239} INFO - Sync 1 DAGs
[2025-03-16T19:22:07.867+0000] {logging_mixin.py:190} INFO - [2025-03-16T19:22:07.867+0000] {dag.py:4180} INFO - Setting next_dagrun for tutorial to 2025-03-15 00:00:00+00:00, run_after=2025-03-16 00:00:00+00:00
[2025-03-16T19:22:07.892+0000] {processor.py:208} INFO - Processing /home/airflow/.local/lib/python3.12/site-packages/airflow/example_dags/tutorial.py took 0.091 seconds
[2025-03-16T19:22:38.789+0000] {processor.py:186} INFO - Started process (PID=90821) to work on /home/airflow/.local/lib/python3.12/site-packages/airflow/example_dags/tutorial.py
[2025-03-16T19:22:38.791+0000] {processor.py:914} INFO - Processing file /home/airflow/.local/lib/python3.12/site-packages/airflow/example_dags/tutorial.py for tasks to queue
[2025-03-16T19:22:38.793+0000] {logging_mixin.py:190} INFO - [2025-03-16T19:22:38.793+0000] {dagbag.py:588} INFO - Filling up the DagBag from /home/airflow/.local/lib/python3.12/site-packages/airflow/example_dags/tutorial.py
[2025-03-16T19:22:38.834+0000] {processor.py:925} INFO - DAG(s) 'tutorial' retrieved from /home/airflow/.local/lib/python3.12/site-packages/airflow/example_dags/tutorial.py
[2025-03-16T19:22:38.882+0000] {logging_mixin.py:190} INFO - [2025-03-16T19:22:38.881+0000] {dag.py:3239} INFO - Sync 1 DAGs
[2025-03-16T19:22:38.927+0000] {logging_mixin.py:190} INFO - [2025-03-16T19:22:38.926+0000] {dag.py:4180} INFO - Setting next_dagrun for tutorial to 2025-03-15 00:00:00+00:00, run_after=2025-03-16 00:00:00+00:00
[2025-03-16T19:22:38.962+0000] {processor.py:208} INFO - Processing /home/airflow/.local/lib/python3.12/site-packages/airflow/example_dags/tutorial.py took 0.186 seconds
[2025-03-16T19:23:09.252+0000] {processor.py:186} INFO - Started process (PID=90885) to work on /home/airflow/.local/lib/python3.12/site-packages/airflow/example_dags/tutorial.py
[2025-03-16T19:23:09.254+0000] {processor.py:914} INFO - Processing file /home/airflow/.local/lib/python3.12/site-packages/airflow/example_dags/tutorial.py for tasks to queue
[2025-03-16T19:23:09.257+0000] {logging_mixin.py:190} INFO - [2025-03-16T19:23:09.256+0000] {dagbag.py:588} INFO - Filling up the DagBag from /home/airflow/.local/lib/python3.12/site-packages/airflow/example_dags/tutorial.py
[2025-03-16T19:23:09.274+0000] {processor.py:925} INFO - DAG(s) 'tutorial' retrieved from /home/airflow/.local/lib/python3.12/site-packages/airflow/example_dags/tutorial.py
[2025-03-16T19:23:09.311+0000] {logging_mixin.py:190} INFO - [2025-03-16T19:23:09.311+0000] {dag.py:3239} INFO - Sync 1 DAGs
[2025-03-16T19:23:09.354+0000] {logging_mixin.py:190} INFO - [2025-03-16T19:23:09.354+0000] {dag.py:4180} INFO - Setting next_dagrun for tutorial to 2025-03-15 00:00:00+00:00, run_after=2025-03-16 00:00:00+00:00
[2025-03-16T19:23:09.390+0000] {processor.py:208} INFO - Processing /home/airflow/.local/lib/python3.12/site-packages/airflow/example_dags/tutorial.py took 0.147 seconds
[2025-03-16T19:23:39.559+0000] {processor.py:186} INFO - Started process (PID=90949) to work on /home/airflow/.local/lib/python3.12/site-packages/airflow/example_dags/tutorial.py
[2025-03-16T19:23:39.561+0000] {processor.py:914} INFO - Processing file /home/airflow/.local/lib/python3.12/site-packages/airflow/example_dags/tutorial.py for tasks to queue
[2025-03-16T19:23:39.564+0000] {logging_mixin.py:190} INFO - [2025-03-16T19:23:39.563+0000] {dagbag.py:588} INFO - Filling up the DagBag from /home/airflow/.local/lib/python3.12/site-packages/airflow/example_dags/tutorial.py
[2025-03-16T19:23:39.577+0000] {processor.py:925} INFO - DAG(s) 'tutorial' retrieved from /home/airflow/.local/lib/python3.12/site-packages/airflow/example_dags/tutorial.py
[2025-03-16T19:23:39.615+0000] {logging_mixin.py:190} INFO - [2025-03-16T19:23:39.614+0000] {dag.py:3239} INFO - Sync 1 DAGs
[2025-03-16T19:23:39.659+0000] {logging_mixin.py:190} INFO - [2025-03-16T19:23:39.658+0000] {dag.py:4180} INFO - Setting next_dagrun for tutorial to 2025-03-15 00:00:00+00:00, run_after=2025-03-16 00:00:00+00:00
[2025-03-16T19:23:39.719+0000] {processor.py:208} INFO - Processing /home/airflow/.local/lib/python3.12/site-packages/airflow/example_dags/tutorial.py took 0.170 seconds
[2025-03-16T19:24:09.941+0000] {processor.py:186} INFO - Started process (PID=91013) to work on /home/airflow/.local/lib/python3.12/site-packages/airflow/example_dags/tutorial.py
[2025-03-16T19:24:09.943+0000] {processor.py:914} INFO - Processing file /home/airflow/.local/lib/python3.12/site-packages/airflow/example_dags/tutorial.py for tasks to queue
[2025-03-16T19:24:09.946+0000] {logging_mixin.py:190} INFO - [2025-03-16T19:24:09.945+0000] {dagbag.py:588} INFO - Filling up the DagBag from /home/airflow/.local/lib/python3.12/site-packages/airflow/example_dags/tutorial.py
[2025-03-16T19:24:09.961+0000] {processor.py:925} INFO - DAG(s) 'tutorial' retrieved from /home/airflow/.local/lib/python3.12/site-packages/airflow/example_dags/tutorial.py
[2025-03-16T19:24:10.001+0000] {logging_mixin.py:190} INFO - [2025-03-16T19:24:10.000+0000] {dag.py:3239} INFO - Sync 1 DAGs
[2025-03-16T19:24:10.044+0000] {logging_mixin.py:190} INFO - [2025-03-16T19:24:10.044+0000] {dag.py:4180} INFO - Setting next_dagrun for tutorial to 2025-03-15 00:00:00+00:00, run_after=2025-03-16 00:00:00+00:00
[2025-03-16T19:24:10.079+0000] {processor.py:208} INFO - Processing /home/airflow/.local/lib/python3.12/site-packages/airflow/example_dags/tutorial.py took 0.150 seconds
[2025-03-16T19:24:41.429+0000] {processor.py:186} INFO - Started process (PID=91075) to work on /home/airflow/.local/lib/python3.12/site-packages/airflow/example_dags/tutorial.py
[2025-03-16T19:24:41.431+0000] {processor.py:914} INFO - Processing file /home/airflow/.local/lib/python3.12/site-packages/airflow/example_dags/tutorial.py for tasks to queue
[2025-03-16T19:24:41.433+0000] {logging_mixin.py:190} INFO - [2025-03-16T19:24:41.432+0000] {dagbag.py:588} INFO - Filling up the DagBag from /home/airflow/.local/lib/python3.12/site-packages/airflow/example_dags/tutorial.py
[2025-03-16T19:24:41.449+0000] {processor.py:925} INFO - DAG(s) 'tutorial' retrieved from /home/airflow/.local/lib/python3.12/site-packages/airflow/example_dags/tutorial.py
[2025-03-16T19:24:41.486+0000] {logging_mixin.py:190} INFO - [2025-03-16T19:24:41.485+0000] {dag.py:3239} INFO - Sync 1 DAGs
[2025-03-16T19:24:41.526+0000] {logging_mixin.py:190} INFO - [2025-03-16T19:24:41.526+0000] {dag.py:4180} INFO - Setting next_dagrun for tutorial to 2025-03-15 00:00:00+00:00, run_after=2025-03-16 00:00:00+00:00
[2025-03-16T19:24:41.561+0000] {processor.py:208} INFO - Processing /home/airflow/.local/lib/python3.12/site-packages/airflow/example_dags/tutorial.py took 0.143 seconds
[2025-03-16T19:25:12.677+0000] {processor.py:186} INFO - Started process (PID=91134) to work on /home/airflow/.local/lib/python3.12/site-packages/airflow/example_dags/tutorial.py
[2025-03-16T19:25:12.679+0000] {processor.py:914} INFO - Processing file /home/airflow/.local/lib/python3.12/site-packages/airflow/example_dags/tutorial.py for tasks to queue
[2025-03-16T19:25:12.682+0000] {logging_mixin.py:190} INFO - [2025-03-16T19:25:12.681+0000] {dagbag.py:588} INFO - Filling up the DagBag from /home/airflow/.local/lib/python3.12/site-packages/airflow/example_dags/tutorial.py
[2025-03-16T19:25:12.699+0000] {processor.py:925} INFO - DAG(s) 'tutorial' retrieved from /home/airflow/.local/lib/python3.12/site-packages/airflow/example_dags/tutorial.py
[2025-03-16T19:25:12.734+0000] {logging_mixin.py:190} INFO - [2025-03-16T19:25:12.734+0000] {dag.py:3239} INFO - Sync 1 DAGs
[2025-03-16T19:25:12.777+0000] {logging_mixin.py:190} INFO - [2025-03-16T19:25:12.777+0000] {dag.py:4180} INFO - Setting next_dagrun for tutorial to 2025-03-15 00:00:00+00:00, run_after=2025-03-16 00:00:00+00:00
[2025-03-16T19:25:12.811+0000] {processor.py:208} INFO - Processing /home/airflow/.local/lib/python3.12/site-packages/airflow/example_dags/tutorial.py took 0.145 seconds
[2025-03-16T19:25:43.999+0000] {processor.py:186} INFO - Started process (PID=91198) to work on /home/airflow/.local/lib/python3.12/site-packages/airflow/example_dags/tutorial.py
[2025-03-16T19:25:44.000+0000] {processor.py:914} INFO - Processing file /home/airflow/.local/lib/python3.12/site-packages/airflow/example_dags/tutorial.py for tasks to queue
[2025-03-16T19:25:44.002+0000] {logging_mixin.py:190} INFO - [2025-03-16T19:25:44.002+0000] {dagbag.py:588} INFO - Filling up the DagBag from /home/airflow/.local/lib/python3.12/site-packages/airflow/example_dags/tutorial.py
[2025-03-16T19:25:44.020+0000] {processor.py:925} INFO - DAG(s) 'tutorial' retrieved from /home/airflow/.local/lib/python3.12/site-packages/airflow/example_dags/tutorial.py
[2025-03-16T19:25:44.056+0000] {logging_mixin.py:190} INFO - [2025-03-16T19:25:44.055+0000] {dag.py:3239} INFO - Sync 1 DAGs
[2025-03-16T19:25:44.105+0000] {logging_mixin.py:190} INFO - [2025-03-16T19:25:44.105+0000] {dag.py:4180} INFO - Setting next_dagrun for tutorial to 2025-03-15 00:00:00+00:00, run_after=2025-03-16 00:00:00+00:00
[2025-03-16T19:25:44.146+0000] {processor.py:208} INFO - Processing /home/airflow/.local/lib/python3.12/site-packages/airflow/example_dags/tutorial.py took 0.158 seconds
[2025-03-16T19:26:15.248+0000] {processor.py:186} INFO - Started process (PID=91262) to work on /home/airflow/.local/lib/python3.12/site-packages/airflow/example_dags/tutorial.py
[2025-03-16T19:26:15.249+0000] {processor.py:914} INFO - Processing file /home/airflow/.local/lib/python3.12/site-packages/airflow/example_dags/tutorial.py for tasks to queue
[2025-03-16T19:26:15.251+0000] {logging_mixin.py:190} INFO - [2025-03-16T19:26:15.251+0000] {dagbag.py:588} INFO - Filling up the DagBag from /home/airflow/.local/lib/python3.12/site-packages/airflow/example_dags/tutorial.py
[2025-03-16T19:26:15.270+0000] {processor.py:925} INFO - DAG(s) 'tutorial' retrieved from /home/airflow/.local/lib/python3.12/site-packages/airflow/example_dags/tutorial.py
[2025-03-16T19:26:15.310+0000] {logging_mixin.py:190} INFO - [2025-03-16T19:26:15.309+0000] {dag.py:3239} INFO - Sync 1 DAGs
[2025-03-16T19:26:15.359+0000] {logging_mixin.py:190} INFO - [2025-03-16T19:26:15.358+0000] {dag.py:4180} INFO - Setting next_dagrun for tutorial to 2025-03-15 00:00:00+00:00, run_after=2025-03-16 00:00:00+00:00
[2025-03-16T19:26:15.400+0000] {processor.py:208} INFO - Processing /home/airflow/.local/lib/python3.12/site-packages/airflow/example_dags/tutorial.py took 0.164 seconds
[2025-03-16T19:26:46.121+0000] {processor.py:186} INFO - Started process (PID=91323) to work on /home/airflow/.local/lib/python3.12/site-packages/airflow/example_dags/tutorial.py
[2025-03-16T19:26:46.123+0000] {processor.py:914} INFO - Processing file /home/airflow/.local/lib/python3.12/site-packages/airflow/example_dags/tutorial.py for tasks to queue
[2025-03-16T19:26:46.127+0000] {logging_mixin.py:190} INFO - [2025-03-16T19:26:46.127+0000] {dagbag.py:588} INFO - Filling up the DagBag from /home/airflow/.local/lib/python3.12/site-packages/airflow/example_dags/tutorial.py
[2025-03-16T19:26:46.147+0000] {processor.py:925} INFO - DAG(s) 'tutorial' retrieved from /home/airflow/.local/lib/python3.12/site-packages/airflow/example_dags/tutorial.py
[2025-03-16T19:26:46.183+0000] {logging_mixin.py:190} INFO - [2025-03-16T19:26:46.183+0000] {dag.py:3239} INFO - Sync 1 DAGs
[2025-03-16T19:26:46.228+0000] {logging_mixin.py:190} INFO - [2025-03-16T19:26:46.228+0000] {dag.py:4180} INFO - Setting next_dagrun for tutorial to 2025-03-15 00:00:00+00:00, run_after=2025-03-16 00:00:00+00:00
[2025-03-16T19:26:46.267+0000] {processor.py:208} INFO - Processing /home/airflow/.local/lib/python3.12/site-packages/airflow/example_dags/tutorial.py took 0.156 seconds
[2025-03-16T19:27:17.309+0000] {processor.py:186} INFO - Started process (PID=91387) to work on /home/airflow/.local/lib/python3.12/site-packages/airflow/example_dags/tutorial.py
[2025-03-16T19:27:17.310+0000] {processor.py:914} INFO - Processing file /home/airflow/.local/lib/python3.12/site-packages/airflow/example_dags/tutorial.py for tasks to queue
[2025-03-16T19:27:17.313+0000] {logging_mixin.py:190} INFO - [2025-03-16T19:27:17.312+0000] {dagbag.py:588} INFO - Filling up the DagBag from /home/airflow/.local/lib/python3.12/site-packages/airflow/example_dags/tutorial.py
[2025-03-16T19:27:17.331+0000] {processor.py:925} INFO - DAG(s) 'tutorial' retrieved from /home/airflow/.local/lib/python3.12/site-packages/airflow/example_dags/tutorial.py
[2025-03-16T19:27:17.361+0000] {logging_mixin.py:190} INFO - [2025-03-16T19:27:17.361+0000] {dag.py:3239} INFO - Sync 1 DAGs
[2025-03-16T19:27:17.400+0000] {logging_mixin.py:190} INFO - [2025-03-16T19:27:17.399+0000] {dag.py:4180} INFO - Setting next_dagrun for tutorial to 2025-03-15 00:00:00+00:00, run_after=2025-03-16 00:00:00+00:00
[2025-03-16T19:27:17.431+0000] {processor.py:208} INFO - Processing /home/airflow/.local/lib/python3.12/site-packages/airflow/example_dags/tutorial.py took 0.130 seconds
[2025-03-16T19:27:48.705+0000] {processor.py:186} INFO - Started process (PID=91451) to work on /home/airflow/.local/lib/python3.12/site-packages/airflow/example_dags/tutorial.py
[2025-03-16T19:27:48.708+0000] {processor.py:914} INFO - Processing file /home/airflow/.local/lib/python3.12/site-packages/airflow/example_dags/tutorial.py for tasks to queue
[2025-03-16T19:27:48.712+0000] {logging_mixin.py:190} INFO - [2025-03-16T19:27:48.711+0000] {dagbag.py:588} INFO - Filling up the DagBag from /home/airflow/.local/lib/python3.12/site-packages/airflow/example_dags/tutorial.py
[2025-03-16T19:27:48.729+0000] {processor.py:925} INFO - DAG(s) 'tutorial' retrieved from /home/airflow/.local/lib/python3.12/site-packages/airflow/example_dags/tutorial.py
[2025-03-16T19:27:48.768+0000] {logging_mixin.py:190} INFO - [2025-03-16T19:27:48.767+0000] {dag.py:3239} INFO - Sync 1 DAGs
[2025-03-16T19:27:49.065+0000] {logging_mixin.py:190} INFO - [2025-03-16T19:27:49.065+0000] {dag.py:4180} INFO - Setting next_dagrun for tutorial to 2025-03-15 00:00:00+00:00, run_after=2025-03-16 00:00:00+00:00
[2025-03-16T19:27:49.097+0000] {processor.py:208} INFO - Processing /home/airflow/.local/lib/python3.12/site-packages/airflow/example_dags/tutorial.py took 0.402 seconds
[2025-03-16T19:28:19.612+0000] {processor.py:186} INFO - Started process (PID=91515) to work on /home/airflow/.local/lib/python3.12/site-packages/airflow/example_dags/tutorial.py
[2025-03-16T19:28:19.613+0000] {processor.py:914} INFO - Processing file /home/airflow/.local/lib/python3.12/site-packages/airflow/example_dags/tutorial.py for tasks to queue
[2025-03-16T19:28:19.616+0000] {logging_mixin.py:190} INFO - [2025-03-16T19:28:19.616+0000] {dagbag.py:588} INFO - Filling up the DagBag from /home/airflow/.local/lib/python3.12/site-packages/airflow/example_dags/tutorial.py
[2025-03-16T19:28:19.632+0000] {processor.py:925} INFO - DAG(s) 'tutorial' retrieved from /home/airflow/.local/lib/python3.12/site-packages/airflow/example_dags/tutorial.py
[2025-03-16T19:28:19.667+0000] {logging_mixin.py:190} INFO - [2025-03-16T19:28:19.666+0000] {dag.py:3239} INFO - Sync 1 DAGs
[2025-03-16T19:28:19.711+0000] {logging_mixin.py:190} INFO - [2025-03-16T19:28:19.711+0000] {dag.py:4180} INFO - Setting next_dagrun for tutorial to 2025-03-15 00:00:00+00:00, run_after=2025-03-16 00:00:00+00:00
[2025-03-16T19:28:20.029+0000] {processor.py:208} INFO - Processing /home/airflow/.local/lib/python3.12/site-packages/airflow/example_dags/tutorial.py took 0.429 seconds
[2025-03-16T19:28:51.285+0000] {processor.py:186} INFO - Started process (PID=91579) to work on /home/airflow/.local/lib/python3.12/site-packages/airflow/example_dags/tutorial.py
[2025-03-16T19:28:51.287+0000] {processor.py:914} INFO - Processing file /home/airflow/.local/lib/python3.12/site-packages/airflow/example_dags/tutorial.py for tasks to queue
[2025-03-16T19:28:51.289+0000] {logging_mixin.py:190} INFO - [2025-03-16T19:28:51.289+0000] {dagbag.py:588} INFO - Filling up the DagBag from /home/airflow/.local/lib/python3.12/site-packages/airflow/example_dags/tutorial.py
[2025-03-16T19:28:51.309+0000] {processor.py:925} INFO - DAG(s) 'tutorial' retrieved from /home/airflow/.local/lib/python3.12/site-packages/airflow/example_dags/tutorial.py
[2025-03-16T19:28:51.356+0000] {logging_mixin.py:190} INFO - [2025-03-16T19:28:51.355+0000] {dag.py:3239} INFO - Sync 1 DAGs
[2025-03-16T19:28:51.411+0000] {logging_mixin.py:190} INFO - [2025-03-16T19:28:51.411+0000] {dag.py:4180} INFO - Setting next_dagrun for tutorial to 2025-03-15 00:00:00+00:00, run_after=2025-03-16 00:00:00+00:00
[2025-03-16T19:28:51.450+0000] {processor.py:208} INFO - Processing /home/airflow/.local/lib/python3.12/site-packages/airflow/example_dags/tutorial.py took 0.178 seconds
[2025-03-16T19:29:22.367+0000] {processor.py:186} INFO - Started process (PID=91642) to work on /home/airflow/.local/lib/python3.12/site-packages/airflow/example_dags/tutorial.py
[2025-03-16T19:29:22.368+0000] {processor.py:914} INFO - Processing file /home/airflow/.local/lib/python3.12/site-packages/airflow/example_dags/tutorial.py for tasks to queue
[2025-03-16T19:29:22.371+0000] {logging_mixin.py:190} INFO - [2025-03-16T19:29:22.370+0000] {dagbag.py:588} INFO - Filling up the DagBag from /home/airflow/.local/lib/python3.12/site-packages/airflow/example_dags/tutorial.py
[2025-03-16T19:29:22.388+0000] {processor.py:925} INFO - DAG(s) 'tutorial' retrieved from /home/airflow/.local/lib/python3.12/site-packages/airflow/example_dags/tutorial.py
[2025-03-16T19:29:22.424+0000] {logging_mixin.py:190} INFO - [2025-03-16T19:29:22.424+0000] {dag.py:3239} INFO - Sync 1 DAGs
[2025-03-16T19:29:22.466+0000] {logging_mixin.py:190} INFO - [2025-03-16T19:29:22.465+0000] {dag.py:4180} INFO - Setting next_dagrun for tutorial to 2025-03-15 00:00:00+00:00, run_after=2025-03-16 00:00:00+00:00
[2025-03-16T19:29:22.502+0000] {processor.py:208} INFO - Processing /home/airflow/.local/lib/python3.12/site-packages/airflow/example_dags/tutorial.py took 0.146 seconds
[2025-03-16T19:29:52.747+0000] {processor.py:186} INFO - Started process (PID=91705) to work on /home/airflow/.local/lib/python3.12/site-packages/airflow/example_dags/tutorial.py
[2025-03-16T19:29:52.749+0000] {processor.py:914} INFO - Processing file /home/airflow/.local/lib/python3.12/site-packages/airflow/example_dags/tutorial.py for tasks to queue
[2025-03-16T19:29:52.752+0000] {logging_mixin.py:190} INFO - [2025-03-16T19:29:52.751+0000] {dagbag.py:588} INFO - Filling up the DagBag from /home/airflow/.local/lib/python3.12/site-packages/airflow/example_dags/tutorial.py
[2025-03-16T19:29:52.768+0000] {processor.py:925} INFO - DAG(s) 'tutorial' retrieved from /home/airflow/.local/lib/python3.12/site-packages/airflow/example_dags/tutorial.py
[2025-03-16T19:29:53.134+0000] {logging_mixin.py:190} INFO - [2025-03-16T19:29:53.133+0000] {dag.py:3239} INFO - Sync 1 DAGs
[2025-03-16T19:29:53.175+0000] {logging_mixin.py:190} INFO - [2025-03-16T19:29:53.175+0000] {dag.py:4180} INFO - Setting next_dagrun for tutorial to 2025-03-15 00:00:00+00:00, run_after=2025-03-16 00:00:00+00:00
[2025-03-16T19:29:53.211+0000] {processor.py:208} INFO - Processing /home/airflow/.local/lib/python3.12/site-packages/airflow/example_dags/tutorial.py took 0.475 seconds
[2025-03-16T19:30:23.586+0000] {processor.py:186} INFO - Started process (PID=91769) to work on /home/airflow/.local/lib/python3.12/site-packages/airflow/example_dags/tutorial.py
[2025-03-16T19:30:23.589+0000] {processor.py:914} INFO - Processing file /home/airflow/.local/lib/python3.12/site-packages/airflow/example_dags/tutorial.py for tasks to queue
[2025-03-16T19:30:23.591+0000] {logging_mixin.py:190} INFO - [2025-03-16T19:30:23.591+0000] {dagbag.py:588} INFO - Filling up the DagBag from /home/airflow/.local/lib/python3.12/site-packages/airflow/example_dags/tutorial.py
[2025-03-16T19:30:23.606+0000] {processor.py:925} INFO - DAG(s) 'tutorial' retrieved from /home/airflow/.local/lib/python3.12/site-packages/airflow/example_dags/tutorial.py
[2025-03-16T19:30:23.643+0000] {logging_mixin.py:190} INFO - [2025-03-16T19:30:23.642+0000] {dag.py:3239} INFO - Sync 1 DAGs
[2025-03-16T19:30:23.685+0000] {logging_mixin.py:190} INFO - [2025-03-16T19:30:23.685+0000] {dag.py:4180} INFO - Setting next_dagrun for tutorial to 2025-03-15 00:00:00+00:00, run_after=2025-03-16 00:00:00+00:00
[2025-03-16T19:30:23.730+0000] {processor.py:208} INFO - Processing /home/airflow/.local/lib/python3.12/site-packages/airflow/example_dags/tutorial.py took 0.154 seconds
[2025-03-16T19:30:54.292+0000] {processor.py:186} INFO - Started process (PID=91832) to work on /home/airflow/.local/lib/python3.12/site-packages/airflow/example_dags/tutorial.py
[2025-03-16T19:30:54.294+0000] {processor.py:914} INFO - Processing file /home/airflow/.local/lib/python3.12/site-packages/airflow/example_dags/tutorial.py for tasks to queue
[2025-03-16T19:30:54.296+0000] {logging_mixin.py:190} INFO - [2025-03-16T19:30:54.296+0000] {dagbag.py:588} INFO - Filling up the DagBag from /home/airflow/.local/lib/python3.12/site-packages/airflow/example_dags/tutorial.py
[2025-03-16T19:30:54.312+0000] {processor.py:925} INFO - DAG(s) 'tutorial' retrieved from /home/airflow/.local/lib/python3.12/site-packages/airflow/example_dags/tutorial.py
[2025-03-16T19:30:54.353+0000] {logging_mixin.py:190} INFO - [2025-03-16T19:30:54.352+0000] {dag.py:3239} INFO - Sync 1 DAGs
[2025-03-16T19:30:54.396+0000] {logging_mixin.py:190} INFO - [2025-03-16T19:30:54.396+0000] {dag.py:4180} INFO - Setting next_dagrun for tutorial to 2025-03-15 00:00:00+00:00, run_after=2025-03-16 00:00:00+00:00
[2025-03-16T19:30:54.435+0000] {processor.py:208} INFO - Processing /home/airflow/.local/lib/python3.12/site-packages/airflow/example_dags/tutorial.py took 0.152 seconds
[2025-03-16T19:31:24.538+0000] {processor.py:186} INFO - Started process (PID=91896) to work on /home/airflow/.local/lib/python3.12/site-packages/airflow/example_dags/tutorial.py
[2025-03-16T19:31:24.539+0000] {processor.py:914} INFO - Processing file /home/airflow/.local/lib/python3.12/site-packages/airflow/example_dags/tutorial.py for tasks to queue
[2025-03-16T19:31:24.542+0000] {logging_mixin.py:190} INFO - [2025-03-16T19:31:24.542+0000] {dagbag.py:588} INFO - Filling up the DagBag from /home/airflow/.local/lib/python3.12/site-packages/airflow/example_dags/tutorial.py
[2025-03-16T19:31:24.557+0000] {processor.py:925} INFO - DAG(s) 'tutorial' retrieved from /home/airflow/.local/lib/python3.12/site-packages/airflow/example_dags/tutorial.py
[2025-03-16T19:31:24.593+0000] {logging_mixin.py:190} INFO - [2025-03-16T19:31:24.592+0000] {dag.py:3239} INFO - Sync 1 DAGs
[2025-03-16T19:31:24.637+0000] {logging_mixin.py:190} INFO - [2025-03-16T19:31:24.637+0000] {dag.py:4180} INFO - Setting next_dagrun for tutorial to 2025-03-15 00:00:00+00:00, run_after=2025-03-16 00:00:00+00:00
[2025-03-16T19:31:24.673+0000] {processor.py:208} INFO - Processing /home/airflow/.local/lib/python3.12/site-packages/airflow/example_dags/tutorial.py took 0.145 seconds
[2025-03-16T19:31:55.254+0000] {processor.py:186} INFO - Started process (PID=91960) to work on /home/airflow/.local/lib/python3.12/site-packages/airflow/example_dags/tutorial.py
[2025-03-16T19:31:55.256+0000] {processor.py:914} INFO - Processing file /home/airflow/.local/lib/python3.12/site-packages/airflow/example_dags/tutorial.py for tasks to queue
[2025-03-16T19:31:55.260+0000] {logging_mixin.py:190} INFO - [2025-03-16T19:31:55.259+0000] {dagbag.py:588} INFO - Filling up the DagBag from /home/airflow/.local/lib/python3.12/site-packages/airflow/example_dags/tutorial.py
[2025-03-16T19:31:55.275+0000] {processor.py:925} INFO - DAG(s) 'tutorial' retrieved from /home/airflow/.local/lib/python3.12/site-packages/airflow/example_dags/tutorial.py
[2025-03-16T19:31:55.314+0000] {logging_mixin.py:190} INFO - [2025-03-16T19:31:55.313+0000] {dag.py:3239} INFO - Sync 1 DAGs
[2025-03-16T19:31:55.359+0000] {logging_mixin.py:190} INFO - [2025-03-16T19:31:55.359+0000] {dag.py:4180} INFO - Setting next_dagrun for tutorial to 2025-03-15 00:00:00+00:00, run_after=2025-03-16 00:00:00+00:00
[2025-03-16T19:31:55.395+0000] {processor.py:208} INFO - Processing /home/airflow/.local/lib/python3.12/site-packages/airflow/example_dags/tutorial.py took 0.152 seconds
[2025-03-16T19:32:25.643+0000] {processor.py:186} INFO - Started process (PID=92023) to work on /home/airflow/.local/lib/python3.12/site-packages/airflow/example_dags/tutorial.py
[2025-03-16T19:32:25.645+0000] {processor.py:914} INFO - Processing file /home/airflow/.local/lib/python3.12/site-packages/airflow/example_dags/tutorial.py for tasks to queue
[2025-03-16T19:32:25.647+0000] {logging_mixin.py:190} INFO - [2025-03-16T19:32:25.646+0000] {dagbag.py:588} INFO - Filling up the DagBag from /home/airflow/.local/lib/python3.12/site-packages/airflow/example_dags/tutorial.py
[2025-03-16T19:32:25.665+0000] {processor.py:925} INFO - DAG(s) 'tutorial' retrieved from /home/airflow/.local/lib/python3.12/site-packages/airflow/example_dags/tutorial.py
[2025-03-16T19:32:25.702+0000] {logging_mixin.py:190} INFO - [2025-03-16T19:32:25.702+0000] {dag.py:3239} INFO - Sync 1 DAGs
[2025-03-16T19:32:25.744+0000] {logging_mixin.py:190} INFO - [2025-03-16T19:32:25.743+0000] {dag.py:4180} INFO - Setting next_dagrun for tutorial to 2025-03-15 00:00:00+00:00, run_after=2025-03-16 00:00:00+00:00
[2025-03-16T19:32:25.780+0000] {processor.py:208} INFO - Processing /home/airflow/.local/lib/python3.12/site-packages/airflow/example_dags/tutorial.py took 0.147 seconds
[2025-03-16T19:32:55.957+0000] {processor.py:186} INFO - Started process (PID=92087) to work on /home/airflow/.local/lib/python3.12/site-packages/airflow/example_dags/tutorial.py
[2025-03-16T19:32:55.959+0000] {processor.py:914} INFO - Processing file /home/airflow/.local/lib/python3.12/site-packages/airflow/example_dags/tutorial.py for tasks to queue
[2025-03-16T19:32:55.961+0000] {logging_mixin.py:190} INFO - [2025-03-16T19:32:55.961+0000] {dagbag.py:588} INFO - Filling up the DagBag from /home/airflow/.local/lib/python3.12/site-packages/airflow/example_dags/tutorial.py
[2025-03-16T19:32:55.972+0000] {processor.py:925} INFO - DAG(s) 'tutorial' retrieved from /home/airflow/.local/lib/python3.12/site-packages/airflow/example_dags/tutorial.py
[2025-03-16T19:32:56.009+0000] {logging_mixin.py:190} INFO - [2025-03-16T19:32:56.009+0000] {dag.py:3239} INFO - Sync 1 DAGs
[2025-03-16T19:32:56.053+0000] {logging_mixin.py:190} INFO - [2025-03-16T19:32:56.053+0000] {dag.py:4180} INFO - Setting next_dagrun for tutorial to 2025-03-15 00:00:00+00:00, run_after=2025-03-16 00:00:00+00:00
[2025-03-16T19:32:56.092+0000] {processor.py:208} INFO - Processing /home/airflow/.local/lib/python3.12/site-packages/airflow/example_dags/tutorial.py took 0.143 seconds
[2025-03-16T19:33:26.199+0000] {processor.py:186} INFO - Started process (PID=92150) to work on /home/airflow/.local/lib/python3.12/site-packages/airflow/example_dags/tutorial.py
[2025-03-16T19:33:26.200+0000] {processor.py:914} INFO - Processing file /home/airflow/.local/lib/python3.12/site-packages/airflow/example_dags/tutorial.py for tasks to queue
[2025-03-16T19:33:26.202+0000] {logging_mixin.py:190} INFO - [2025-03-16T19:33:26.202+0000] {dagbag.py:588} INFO - Filling up the DagBag from /home/airflow/.local/lib/python3.12/site-packages/airflow/example_dags/tutorial.py
[2025-03-16T19:33:26.215+0000] {processor.py:925} INFO - DAG(s) 'tutorial' retrieved from /home/airflow/.local/lib/python3.12/site-packages/airflow/example_dags/tutorial.py
[2025-03-16T19:33:26.245+0000] {logging_mixin.py:190} INFO - [2025-03-16T19:33:26.244+0000] {dag.py:3239} INFO - Sync 1 DAGs
[2025-03-16T19:33:26.282+0000] {logging_mixin.py:190} INFO - [2025-03-16T19:33:26.281+0000] {dag.py:4180} INFO - Setting next_dagrun for tutorial to 2025-03-15 00:00:00+00:00, run_after=2025-03-16 00:00:00+00:00
[2025-03-16T19:33:26.314+0000] {processor.py:208} INFO - Processing /home/airflow/.local/lib/python3.12/site-packages/airflow/example_dags/tutorial.py took 0.124 seconds
[2025-03-16T19:33:56.573+0000] {processor.py:186} INFO - Started process (PID=92214) to work on /home/airflow/.local/lib/python3.12/site-packages/airflow/example_dags/tutorial.py
[2025-03-16T19:33:56.575+0000] {processor.py:914} INFO - Processing file /home/airflow/.local/lib/python3.12/site-packages/airflow/example_dags/tutorial.py for tasks to queue
[2025-03-16T19:33:56.578+0000] {logging_mixin.py:190} INFO - [2025-03-16T19:33:56.577+0000] {dagbag.py:588} INFO - Filling up the DagBag from /home/airflow/.local/lib/python3.12/site-packages/airflow/example_dags/tutorial.py
[2025-03-16T19:33:56.602+0000] {processor.py:925} INFO - DAG(s) 'tutorial' retrieved from /home/airflow/.local/lib/python3.12/site-packages/airflow/example_dags/tutorial.py
[2025-03-16T19:33:56.637+0000] {logging_mixin.py:190} INFO - [2025-03-16T19:33:56.636+0000] {dag.py:3239} INFO - Sync 1 DAGs
[2025-03-16T19:33:56.678+0000] {logging_mixin.py:190} INFO - [2025-03-16T19:33:56.678+0000] {dag.py:4180} INFO - Setting next_dagrun for tutorial to 2025-03-15 00:00:00+00:00, run_after=2025-03-16 00:00:00+00:00
[2025-03-16T19:33:56.714+0000] {processor.py:208} INFO - Processing /home/airflow/.local/lib/python3.12/site-packages/airflow/example_dags/tutorial.py took 0.149 seconds
[2025-03-16T19:34:27.503+0000] {processor.py:186} INFO - Started process (PID=92278) to work on /home/airflow/.local/lib/python3.12/site-packages/airflow/example_dags/tutorial.py
[2025-03-16T19:34:27.505+0000] {processor.py:914} INFO - Processing file /home/airflow/.local/lib/python3.12/site-packages/airflow/example_dags/tutorial.py for tasks to queue
[2025-03-16T19:34:27.507+0000] {logging_mixin.py:190} INFO - [2025-03-16T19:34:27.507+0000] {dagbag.py:588} INFO - Filling up the DagBag from /home/airflow/.local/lib/python3.12/site-packages/airflow/example_dags/tutorial.py
[2025-03-16T19:34:27.522+0000] {processor.py:925} INFO - DAG(s) 'tutorial' retrieved from /home/airflow/.local/lib/python3.12/site-packages/airflow/example_dags/tutorial.py
[2025-03-16T19:34:27.556+0000] {logging_mixin.py:190} INFO - [2025-03-16T19:34:27.556+0000] {dag.py:3239} INFO - Sync 1 DAGs
[2025-03-16T19:34:27.597+0000] {logging_mixin.py:190} INFO - [2025-03-16T19:34:27.596+0000] {dag.py:4180} INFO - Setting next_dagrun for tutorial to 2025-03-15 00:00:00+00:00, run_after=2025-03-16 00:00:00+00:00
[2025-03-16T19:34:27.629+0000] {processor.py:208} INFO - Processing /home/airflow/.local/lib/python3.12/site-packages/airflow/example_dags/tutorial.py took 0.137 seconds
[2025-03-16T19:34:57.960+0000] {processor.py:186} INFO - Started process (PID=92343) to work on /home/airflow/.local/lib/python3.12/site-packages/airflow/example_dags/tutorial.py
[2025-03-16T19:34:57.962+0000] {processor.py:914} INFO - Processing file /home/airflow/.local/lib/python3.12/site-packages/airflow/example_dags/tutorial.py for tasks to queue
[2025-03-16T19:34:57.964+0000] {logging_mixin.py:190} INFO - [2025-03-16T19:34:57.963+0000] {dagbag.py:588} INFO - Filling up the DagBag from /home/airflow/.local/lib/python3.12/site-packages/airflow/example_dags/tutorial.py
[2025-03-16T19:34:57.975+0000] {processor.py:925} INFO - DAG(s) 'tutorial' retrieved from /home/airflow/.local/lib/python3.12/site-packages/airflow/example_dags/tutorial.py
[2025-03-16T19:34:58.007+0000] {logging_mixin.py:190} INFO - [2025-03-16T19:34:58.006+0000] {dag.py:3239} INFO - Sync 1 DAGs
[2025-03-16T19:34:58.041+0000] {logging_mixin.py:190} INFO - [2025-03-16T19:34:58.041+0000] {dag.py:4180} INFO - Setting next_dagrun for tutorial to 2025-03-15 00:00:00+00:00, run_after=2025-03-16 00:00:00+00:00
[2025-03-16T19:34:58.074+0000] {processor.py:208} INFO - Processing /home/airflow/.local/lib/python3.12/site-packages/airflow/example_dags/tutorial.py took 0.122 seconds
[2025-03-16T19:35:28.643+0000] {processor.py:186} INFO - Started process (PID=92407) to work on /home/airflow/.local/lib/python3.12/site-packages/airflow/example_dags/tutorial.py
[2025-03-16T19:35:28.645+0000] {processor.py:914} INFO - Processing file /home/airflow/.local/lib/python3.12/site-packages/airflow/example_dags/tutorial.py for tasks to queue
[2025-03-16T19:35:28.647+0000] {logging_mixin.py:190} INFO - [2025-03-16T19:35:28.646+0000] {dagbag.py:588} INFO - Filling up the DagBag from /home/airflow/.local/lib/python3.12/site-packages/airflow/example_dags/tutorial.py
[2025-03-16T19:35:28.659+0000] {processor.py:925} INFO - DAG(s) 'tutorial' retrieved from /home/airflow/.local/lib/python3.12/site-packages/airflow/example_dags/tutorial.py
[2025-03-16T19:35:28.695+0000] {logging_mixin.py:190} INFO - [2025-03-16T19:35:28.694+0000] {dag.py:3239} INFO - Sync 1 DAGs
[2025-03-16T19:35:28.737+0000] {logging_mixin.py:190} INFO - [2025-03-16T19:35:28.737+0000] {dag.py:4180} INFO - Setting next_dagrun for tutorial to 2025-03-15 00:00:00+00:00, run_after=2025-03-16 00:00:00+00:00
[2025-03-16T19:35:28.769+0000] {processor.py:208} INFO - Processing /home/airflow/.local/lib/python3.12/site-packages/airflow/example_dags/tutorial.py took 0.136 seconds
[2025-03-16T19:35:59.403+0000] {processor.py:186} INFO - Started process (PID=92471) to work on /home/airflow/.local/lib/python3.12/site-packages/airflow/example_dags/tutorial.py
[2025-03-16T19:35:59.406+0000] {processor.py:914} INFO - Processing file /home/airflow/.local/lib/python3.12/site-packages/airflow/example_dags/tutorial.py for tasks to queue
[2025-03-16T19:35:59.408+0000] {logging_mixin.py:190} INFO - [2025-03-16T19:35:59.408+0000] {dagbag.py:588} INFO - Filling up the DagBag from /home/airflow/.local/lib/python3.12/site-packages/airflow/example_dags/tutorial.py
[2025-03-16T19:35:59.420+0000] {processor.py:925} INFO - DAG(s) 'tutorial' retrieved from /home/airflow/.local/lib/python3.12/site-packages/airflow/example_dags/tutorial.py
[2025-03-16T19:35:59.450+0000] {logging_mixin.py:190} INFO - [2025-03-16T19:35:59.450+0000] {dag.py:3239} INFO - Sync 1 DAGs
[2025-03-16T19:35:59.489+0000] {logging_mixin.py:190} INFO - [2025-03-16T19:35:59.489+0000] {dag.py:4180} INFO - Setting next_dagrun for tutorial to 2025-03-15 00:00:00+00:00, run_after=2025-03-16 00:00:00+00:00
[2025-03-16T19:35:59.517+0000] {processor.py:208} INFO - Processing /home/airflow/.local/lib/python3.12/site-packages/airflow/example_dags/tutorial.py took 0.123 seconds
[2025-03-16T19:36:29.926+0000] {processor.py:186} INFO - Started process (PID=92539) to work on /home/airflow/.local/lib/python3.12/site-packages/airflow/example_dags/tutorial.py
[2025-03-16T19:36:29.928+0000] {processor.py:914} INFO - Processing file /home/airflow/.local/lib/python3.12/site-packages/airflow/example_dags/tutorial.py for tasks to queue
[2025-03-16T19:36:29.930+0000] {logging_mixin.py:190} INFO - [2025-03-16T19:36:29.929+0000] {dagbag.py:588} INFO - Filling up the DagBag from /home/airflow/.local/lib/python3.12/site-packages/airflow/example_dags/tutorial.py
[2025-03-16T19:36:29.942+0000] {processor.py:925} INFO - DAG(s) 'tutorial' retrieved from /home/airflow/.local/lib/python3.12/site-packages/airflow/example_dags/tutorial.py
[2025-03-16T19:36:29.978+0000] {logging_mixin.py:190} INFO - [2025-03-16T19:36:29.978+0000] {dag.py:3239} INFO - Sync 1 DAGs
[2025-03-16T19:36:30.018+0000] {logging_mixin.py:190} INFO - [2025-03-16T19:36:30.018+0000] {dag.py:4180} INFO - Setting next_dagrun for tutorial to 2025-03-15 00:00:00+00:00, run_after=2025-03-16 00:00:00+00:00
[2025-03-16T19:36:30.049+0000] {processor.py:208} INFO - Processing /home/airflow/.local/lib/python3.12/site-packages/airflow/example_dags/tutorial.py took 0.130 seconds
[2025-03-16T19:37:00.221+0000] {processor.py:186} INFO - Started process (PID=92603) to work on /home/airflow/.local/lib/python3.12/site-packages/airflow/example_dags/tutorial.py
[2025-03-16T19:37:00.223+0000] {processor.py:914} INFO - Processing file /home/airflow/.local/lib/python3.12/site-packages/airflow/example_dags/tutorial.py for tasks to queue
[2025-03-16T19:37:00.226+0000] {logging_mixin.py:190} INFO - [2025-03-16T19:37:00.226+0000] {dagbag.py:588} INFO - Filling up the DagBag from /home/airflow/.local/lib/python3.12/site-packages/airflow/example_dags/tutorial.py
[2025-03-16T19:37:00.241+0000] {processor.py:925} INFO - DAG(s) 'tutorial' retrieved from /home/airflow/.local/lib/python3.12/site-packages/airflow/example_dags/tutorial.py
[2025-03-16T19:37:00.277+0000] {logging_mixin.py:190} INFO - [2025-03-16T19:37:00.276+0000] {dag.py:3239} INFO - Sync 1 DAGs
[2025-03-16T19:37:00.314+0000] {logging_mixin.py:190} INFO - [2025-03-16T19:37:00.314+0000] {dag.py:4180} INFO - Setting next_dagrun for tutorial to 2025-03-15 00:00:00+00:00, run_after=2025-03-16 00:00:00+00:00
[2025-03-16T19:37:00.344+0000] {processor.py:208} INFO - Processing /home/airflow/.local/lib/python3.12/site-packages/airflow/example_dags/tutorial.py took 0.134 seconds
[2025-03-16T19:37:30.549+0000] {processor.py:186} INFO - Started process (PID=92667) to work on /home/airflow/.local/lib/python3.12/site-packages/airflow/example_dags/tutorial.py
[2025-03-16T19:37:30.552+0000] {processor.py:914} INFO - Processing file /home/airflow/.local/lib/python3.12/site-packages/airflow/example_dags/tutorial.py for tasks to queue
[2025-03-16T19:37:30.554+0000] {logging_mixin.py:190} INFO - [2025-03-16T19:37:30.554+0000] {dagbag.py:588} INFO - Filling up the DagBag from /home/airflow/.local/lib/python3.12/site-packages/airflow/example_dags/tutorial.py
[2025-03-16T19:37:30.569+0000] {processor.py:925} INFO - DAG(s) 'tutorial' retrieved from /home/airflow/.local/lib/python3.12/site-packages/airflow/example_dags/tutorial.py
[2025-03-16T19:37:30.602+0000] {logging_mixin.py:190} INFO - [2025-03-16T19:37:30.602+0000] {dag.py:3239} INFO - Sync 1 DAGs
[2025-03-16T19:37:30.644+0000] {logging_mixin.py:190} INFO - [2025-03-16T19:37:30.643+0000] {dag.py:4180} INFO - Setting next_dagrun for tutorial to 2025-03-15 00:00:00+00:00, run_after=2025-03-16 00:00:00+00:00
[2025-03-16T19:37:30.676+0000] {processor.py:208} INFO - Processing /home/airflow/.local/lib/python3.12/site-packages/airflow/example_dags/tutorial.py took 0.135 seconds
[2025-03-16T19:38:00.811+0000] {processor.py:186} INFO - Started process (PID=92731) to work on /home/airflow/.local/lib/python3.12/site-packages/airflow/example_dags/tutorial.py
[2025-03-16T19:38:00.813+0000] {processor.py:914} INFO - Processing file /home/airflow/.local/lib/python3.12/site-packages/airflow/example_dags/tutorial.py for tasks to queue
[2025-03-16T19:38:00.816+0000] {logging_mixin.py:190} INFO - [2025-03-16T19:38:00.815+0000] {dagbag.py:588} INFO - Filling up the DagBag from /home/airflow/.local/lib/python3.12/site-packages/airflow/example_dags/tutorial.py
[2025-03-16T19:38:00.833+0000] {processor.py:925} INFO - DAG(s) 'tutorial' retrieved from /home/airflow/.local/lib/python3.12/site-packages/airflow/example_dags/tutorial.py
[2025-03-16T19:38:00.864+0000] {logging_mixin.py:190} INFO - [2025-03-16T19:38:00.863+0000] {dag.py:3239} INFO - Sync 1 DAGs
[2025-03-16T19:38:00.904+0000] {logging_mixin.py:190} INFO - [2025-03-16T19:38:00.903+0000] {dag.py:4180} INFO - Setting next_dagrun for tutorial to 2025-03-15 00:00:00+00:00, run_after=2025-03-16 00:00:00+00:00
[2025-03-16T19:38:00.934+0000] {processor.py:208} INFO - Processing /home/airflow/.local/lib/python3.12/site-packages/airflow/example_dags/tutorial.py took 0.133 seconds
[2025-03-16T19:38:31.000+0000] {processor.py:186} INFO - Started process (PID=92795) to work on /home/airflow/.local/lib/python3.12/site-packages/airflow/example_dags/tutorial.py
[2025-03-16T19:38:31.002+0000] {processor.py:914} INFO - Processing file /home/airflow/.local/lib/python3.12/site-packages/airflow/example_dags/tutorial.py for tasks to queue
[2025-03-16T19:38:31.004+0000] {logging_mixin.py:190} INFO - [2025-03-16T19:38:31.003+0000] {dagbag.py:588} INFO - Filling up the DagBag from /home/airflow/.local/lib/python3.12/site-packages/airflow/example_dags/tutorial.py
[2025-03-16T19:38:31.017+0000] {processor.py:925} INFO - DAG(s) 'tutorial' retrieved from /home/airflow/.local/lib/python3.12/site-packages/airflow/example_dags/tutorial.py
[2025-03-16T19:38:31.046+0000] {logging_mixin.py:190} INFO - [2025-03-16T19:38:31.046+0000] {dag.py:3239} INFO - Sync 1 DAGs
[2025-03-16T19:38:31.083+0000] {logging_mixin.py:190} INFO - [2025-03-16T19:38:31.083+0000] {dag.py:4180} INFO - Setting next_dagrun for tutorial to 2025-03-15 00:00:00+00:00, run_after=2025-03-16 00:00:00+00:00
[2025-03-16T19:38:31.115+0000] {processor.py:208} INFO - Processing /home/airflow/.local/lib/python3.12/site-packages/airflow/example_dags/tutorial.py took 0.123 seconds
[2025-03-16T19:39:01.713+0000] {processor.py:186} INFO - Started process (PID=92857) to work on /home/airflow/.local/lib/python3.12/site-packages/airflow/example_dags/tutorial.py
[2025-03-16T19:39:01.715+0000] {processor.py:914} INFO - Processing file /home/airflow/.local/lib/python3.12/site-packages/airflow/example_dags/tutorial.py for tasks to queue
[2025-03-16T19:39:01.717+0000] {logging_mixin.py:190} INFO - [2025-03-16T19:39:01.716+0000] {dagbag.py:588} INFO - Filling up the DagBag from /home/airflow/.local/lib/python3.12/site-packages/airflow/example_dags/tutorial.py
[2025-03-16T19:39:01.730+0000] {processor.py:925} INFO - DAG(s) 'tutorial' retrieved from /home/airflow/.local/lib/python3.12/site-packages/airflow/example_dags/tutorial.py
[2025-03-16T19:39:01.757+0000] {logging_mixin.py:190} INFO - [2025-03-16T19:39:01.756+0000] {dag.py:3239} INFO - Sync 1 DAGs
[2025-03-16T19:39:01.792+0000] {logging_mixin.py:190} INFO - [2025-03-16T19:39:01.792+0000] {dag.py:4180} INFO - Setting next_dagrun for tutorial to 2025-03-15 00:00:00+00:00, run_after=2025-03-16 00:00:00+00:00
[2025-03-16T19:39:01.817+0000] {processor.py:208} INFO - Processing /home/airflow/.local/lib/python3.12/site-packages/airflow/example_dags/tutorial.py took 0.111 seconds
