[2025-03-16T19:07:55.407+0000] {processor.py:186} INFO - Started process (PID=88987) to work on /home/airflow/.local/lib/python3.12/site-packages/airflow/example_dags/tutorial_dag.py
[2025-03-16T19:07:55.408+0000] {processor.py:914} INFO - Processing file /home/airflow/.local/lib/python3.12/site-packages/airflow/example_dags/tutorial_dag.py for tasks to queue
[2025-03-16T19:07:55.409+0000] {logging_mixin.py:190} INFO - [2025-03-16T19:07:55.409+0000] {dagbag.py:588} INFO - Filling up the DagBag from /home/airflow/.local/lib/python3.12/site-packages/airflow/example_dags/tutorial_dag.py
[2025-03-16T19:07:55.415+0000] {processor.py:925} INFO - DAG(s) 'tutorial_dag' retrieved from /home/airflow/.local/lib/python3.12/site-packages/airflow/example_dags/tutorial_dag.py
[2025-03-16T19:07:55.432+0000] {logging_mixin.py:190} INFO - [2025-03-16T19:07:55.431+0000] {dag.py:3239} INFO - Sync 1 DAGs
[2025-03-16T19:07:55.445+0000] {logging_mixin.py:190} INFO - [2025-03-16T19:07:55.445+0000] {dag.py:4180} INFO - Setting next_dagrun for tutorial_dag to None, run_after=None
[2025-03-16T19:07:55.462+0000] {processor.py:208} INFO - Processing /home/airflow/.local/lib/python3.12/site-packages/airflow/example_dags/tutorial_dag.py took 0.061 seconds
[2025-03-16T19:08:26.090+0000] {processor.py:186} INFO - Started process (PID=89051) to work on /home/airflow/.local/lib/python3.12/site-packages/airflow/example_dags/tutorial_dag.py
[2025-03-16T19:08:26.092+0000] {processor.py:914} INFO - Processing file /home/airflow/.local/lib/python3.12/site-packages/airflow/example_dags/tutorial_dag.py for tasks to queue
[2025-03-16T19:08:26.093+0000] {logging_mixin.py:190} INFO - [2025-03-16T19:08:26.093+0000] {dagbag.py:588} INFO - Filling up the DagBag from /home/airflow/.local/lib/python3.12/site-packages/airflow/example_dags/tutorial_dag.py
[2025-03-16T19:08:26.100+0000] {processor.py:925} INFO - DAG(s) 'tutorial_dag' retrieved from /home/airflow/.local/lib/python3.12/site-packages/airflow/example_dags/tutorial_dag.py
[2025-03-16T19:08:26.118+0000] {logging_mixin.py:190} INFO - [2025-03-16T19:08:26.118+0000] {dag.py:3239} INFO - Sync 1 DAGs
[2025-03-16T19:08:26.132+0000] {logging_mixin.py:190} INFO - [2025-03-16T19:08:26.132+0000] {dag.py:4180} INFO - Setting next_dagrun for tutorial_dag to None, run_after=None
[2025-03-16T19:08:26.149+0000] {processor.py:208} INFO - Processing /home/airflow/.local/lib/python3.12/site-packages/airflow/example_dags/tutorial_dag.py took 0.064 seconds
[2025-03-16T19:08:58.111+0000] {processor.py:186} INFO - Started process (PID=89121) to work on /home/airflow/.local/lib/python3.12/site-packages/airflow/example_dags/tutorial_dag.py
[2025-03-16T19:08:58.112+0000] {processor.py:914} INFO - Processing file /home/airflow/.local/lib/python3.12/site-packages/airflow/example_dags/tutorial_dag.py for tasks to queue
[2025-03-16T19:08:58.114+0000] {logging_mixin.py:190} INFO - [2025-03-16T19:08:58.113+0000] {dagbag.py:588} INFO - Filling up the DagBag from /home/airflow/.local/lib/python3.12/site-packages/airflow/example_dags/tutorial_dag.py
[2025-03-16T19:08:58.121+0000] {processor.py:925} INFO - DAG(s) 'tutorial_dag' retrieved from /home/airflow/.local/lib/python3.12/site-packages/airflow/example_dags/tutorial_dag.py
[2025-03-16T19:08:58.142+0000] {logging_mixin.py:190} INFO - [2025-03-16T19:08:58.142+0000] {dag.py:3239} INFO - Sync 1 DAGs
[2025-03-16T19:08:58.156+0000] {logging_mixin.py:190} INFO - [2025-03-16T19:08:58.156+0000] {dag.py:4180} INFO - Setting next_dagrun for tutorial_dag to None, run_after=None
[2025-03-16T19:08:58.177+0000] {processor.py:208} INFO - Processing /home/airflow/.local/lib/python3.12/site-packages/airflow/example_dags/tutorial_dag.py took 0.073 seconds
[2025-03-16T19:09:29.274+0000] {processor.py:186} INFO - Started process (PID=89185) to work on /home/airflow/.local/lib/python3.12/site-packages/airflow/example_dags/tutorial_dag.py
[2025-03-16T19:09:29.275+0000] {processor.py:914} INFO - Processing file /home/airflow/.local/lib/python3.12/site-packages/airflow/example_dags/tutorial_dag.py for tasks to queue
[2025-03-16T19:09:29.278+0000] {logging_mixin.py:190} INFO - [2025-03-16T19:09:29.277+0000] {dagbag.py:588} INFO - Filling up the DagBag from /home/airflow/.local/lib/python3.12/site-packages/airflow/example_dags/tutorial_dag.py
[2025-03-16T19:09:29.286+0000] {processor.py:925} INFO - DAG(s) 'tutorial_dag' retrieved from /home/airflow/.local/lib/python3.12/site-packages/airflow/example_dags/tutorial_dag.py
[2025-03-16T19:09:29.313+0000] {logging_mixin.py:190} INFO - [2025-03-16T19:09:29.312+0000] {dag.py:3239} INFO - Sync 1 DAGs
[2025-03-16T19:09:29.330+0000] {logging_mixin.py:190} INFO - [2025-03-16T19:09:29.330+0000] {dag.py:4180} INFO - Setting next_dagrun for tutorial_dag to None, run_after=None
[2025-03-16T19:09:29.358+0000] {processor.py:208} INFO - Processing /home/airflow/.local/lib/python3.12/site-packages/airflow/example_dags/tutorial_dag.py took 0.091 seconds
[2025-03-16T19:10:00.506+0000] {processor.py:186} INFO - Started process (PID=89250) to work on /home/airflow/.local/lib/python3.12/site-packages/airflow/example_dags/tutorial_dag.py
[2025-03-16T19:10:00.507+0000] {processor.py:914} INFO - Processing file /home/airflow/.local/lib/python3.12/site-packages/airflow/example_dags/tutorial_dag.py for tasks to queue
[2025-03-16T19:10:00.509+0000] {logging_mixin.py:190} INFO - [2025-03-16T19:10:00.508+0000] {dagbag.py:588} INFO - Filling up the DagBag from /home/airflow/.local/lib/python3.12/site-packages/airflow/example_dags/tutorial_dag.py
[2025-03-16T19:10:00.516+0000] {processor.py:925} INFO - DAG(s) 'tutorial_dag' retrieved from /home/airflow/.local/lib/python3.12/site-packages/airflow/example_dags/tutorial_dag.py
[2025-03-16T19:10:00.542+0000] {logging_mixin.py:190} INFO - [2025-03-16T19:10:00.541+0000] {dag.py:3239} INFO - Sync 1 DAGs
[2025-03-16T19:10:00.557+0000] {logging_mixin.py:190} INFO - [2025-03-16T19:10:00.557+0000] {dag.py:4180} INFO - Setting next_dagrun for tutorial_dag to None, run_after=None
[2025-03-16T19:10:00.583+0000] {processor.py:208} INFO - Processing /home/airflow/.local/lib/python3.12/site-packages/airflow/example_dags/tutorial_dag.py took 0.084 seconds
[2025-03-16T19:10:31.533+0000] {processor.py:186} INFO - Started process (PID=89314) to work on /home/airflow/.local/lib/python3.12/site-packages/airflow/example_dags/tutorial_dag.py
[2025-03-16T19:10:31.534+0000] {processor.py:914} INFO - Processing file /home/airflow/.local/lib/python3.12/site-packages/airflow/example_dags/tutorial_dag.py for tasks to queue
[2025-03-16T19:10:31.536+0000] {logging_mixin.py:190} INFO - [2025-03-16T19:10:31.536+0000] {dagbag.py:588} INFO - Filling up the DagBag from /home/airflow/.local/lib/python3.12/site-packages/airflow/example_dags/tutorial_dag.py
[2025-03-16T19:10:31.543+0000] {processor.py:925} INFO - DAG(s) 'tutorial_dag' retrieved from /home/airflow/.local/lib/python3.12/site-packages/airflow/example_dags/tutorial_dag.py
[2025-03-16T19:10:31.568+0000] {logging_mixin.py:190} INFO - [2025-03-16T19:10:31.567+0000] {dag.py:3239} INFO - Sync 1 DAGs
[2025-03-16T19:10:31.582+0000] {logging_mixin.py:190} INFO - [2025-03-16T19:10:31.582+0000] {dag.py:4180} INFO - Setting next_dagrun for tutorial_dag to None, run_after=None
[2025-03-16T19:10:31.609+0000] {processor.py:208} INFO - Processing /home/airflow/.local/lib/python3.12/site-packages/airflow/example_dags/tutorial_dag.py took 0.083 seconds
[2025-03-16T19:11:02.774+0000] {processor.py:186} INFO - Started process (PID=89377) to work on /home/airflow/.local/lib/python3.12/site-packages/airflow/example_dags/tutorial_dag.py
[2025-03-16T19:11:02.776+0000] {processor.py:914} INFO - Processing file /home/airflow/.local/lib/python3.12/site-packages/airflow/example_dags/tutorial_dag.py for tasks to queue
[2025-03-16T19:11:02.778+0000] {logging_mixin.py:190} INFO - [2025-03-16T19:11:02.777+0000] {dagbag.py:588} INFO - Filling up the DagBag from /home/airflow/.local/lib/python3.12/site-packages/airflow/example_dags/tutorial_dag.py
[2025-03-16T19:11:02.787+0000] {processor.py:925} INFO - DAG(s) 'tutorial_dag' retrieved from /home/airflow/.local/lib/python3.12/site-packages/airflow/example_dags/tutorial_dag.py
[2025-03-16T19:11:02.808+0000] {logging_mixin.py:190} INFO - [2025-03-16T19:11:02.808+0000] {dag.py:3239} INFO - Sync 1 DAGs
[2025-03-16T19:11:02.824+0000] {logging_mixin.py:190} INFO - [2025-03-16T19:11:02.823+0000] {dag.py:4180} INFO - Setting next_dagrun for tutorial_dag to None, run_after=None
[2025-03-16T19:11:02.846+0000] {processor.py:208} INFO - Processing /home/airflow/.local/lib/python3.12/site-packages/airflow/example_dags/tutorial_dag.py took 0.077 seconds
[2025-03-16T19:11:33.407+0000] {processor.py:186} INFO - Started process (PID=89441) to work on /home/airflow/.local/lib/python3.12/site-packages/airflow/example_dags/tutorial_dag.py
[2025-03-16T19:11:33.408+0000] {processor.py:914} INFO - Processing file /home/airflow/.local/lib/python3.12/site-packages/airflow/example_dags/tutorial_dag.py for tasks to queue
[2025-03-16T19:11:33.409+0000] {logging_mixin.py:190} INFO - [2025-03-16T19:11:33.409+0000] {dagbag.py:588} INFO - Filling up the DagBag from /home/airflow/.local/lib/python3.12/site-packages/airflow/example_dags/tutorial_dag.py
[2025-03-16T19:11:33.419+0000] {processor.py:925} INFO - DAG(s) 'tutorial_dag' retrieved from /home/airflow/.local/lib/python3.12/site-packages/airflow/example_dags/tutorial_dag.py
[2025-03-16T19:11:33.443+0000] {logging_mixin.py:190} INFO - [2025-03-16T19:11:33.442+0000] {dag.py:3239} INFO - Sync 1 DAGs
[2025-03-16T19:11:33.460+0000] {logging_mixin.py:190} INFO - [2025-03-16T19:11:33.460+0000] {dag.py:4180} INFO - Setting next_dagrun for tutorial_dag to None, run_after=None
[2025-03-16T19:11:33.484+0000] {processor.py:208} INFO - Processing /home/airflow/.local/lib/python3.12/site-packages/airflow/example_dags/tutorial_dag.py took 0.084 seconds
[2025-03-16T19:12:04.244+0000] {processor.py:186} INFO - Started process (PID=89505) to work on /home/airflow/.local/lib/python3.12/site-packages/airflow/example_dags/tutorial_dag.py
[2025-03-16T19:12:04.246+0000] {processor.py:914} INFO - Processing file /home/airflow/.local/lib/python3.12/site-packages/airflow/example_dags/tutorial_dag.py for tasks to queue
[2025-03-16T19:12:04.248+0000] {logging_mixin.py:190} INFO - [2025-03-16T19:12:04.247+0000] {dagbag.py:588} INFO - Filling up the DagBag from /home/airflow/.local/lib/python3.12/site-packages/airflow/example_dags/tutorial_dag.py
[2025-03-16T19:12:04.256+0000] {processor.py:925} INFO - DAG(s) 'tutorial_dag' retrieved from /home/airflow/.local/lib/python3.12/site-packages/airflow/example_dags/tutorial_dag.py
[2025-03-16T19:12:04.279+0000] {logging_mixin.py:190} INFO - [2025-03-16T19:12:04.278+0000] {dag.py:3239} INFO - Sync 1 DAGs
[2025-03-16T19:12:04.292+0000] {logging_mixin.py:190} INFO - [2025-03-16T19:12:04.292+0000] {dag.py:4180} INFO - Setting next_dagrun for tutorial_dag to None, run_after=None
[2025-03-16T19:12:04.317+0000] {processor.py:208} INFO - Processing /home/airflow/.local/lib/python3.12/site-packages/airflow/example_dags/tutorial_dag.py took 0.078 seconds
[2025-03-16T19:12:35.312+0000] {processor.py:186} INFO - Started process (PID=89569) to work on /home/airflow/.local/lib/python3.12/site-packages/airflow/example_dags/tutorial_dag.py
[2025-03-16T19:12:35.313+0000] {processor.py:914} INFO - Processing file /home/airflow/.local/lib/python3.12/site-packages/airflow/example_dags/tutorial_dag.py for tasks to queue
[2025-03-16T19:12:35.315+0000] {logging_mixin.py:190} INFO - [2025-03-16T19:12:35.315+0000] {dagbag.py:588} INFO - Filling up the DagBag from /home/airflow/.local/lib/python3.12/site-packages/airflow/example_dags/tutorial_dag.py
[2025-03-16T19:12:35.327+0000] {processor.py:925} INFO - DAG(s) 'tutorial_dag' retrieved from /home/airflow/.local/lib/python3.12/site-packages/airflow/example_dags/tutorial_dag.py
[2025-03-16T19:12:35.354+0000] {logging_mixin.py:190} INFO - [2025-03-16T19:12:35.353+0000] {dag.py:3239} INFO - Sync 1 DAGs
[2025-03-16T19:12:35.377+0000] {logging_mixin.py:190} INFO - [2025-03-16T19:12:35.376+0000] {dag.py:4180} INFO - Setting next_dagrun for tutorial_dag to None, run_after=None
[2025-03-16T19:12:35.408+0000] {processor.py:208} INFO - Processing /home/airflow/.local/lib/python3.12/site-packages/airflow/example_dags/tutorial_dag.py took 0.103 seconds
[2025-03-16T19:13:06.648+0000] {processor.py:186} INFO - Started process (PID=89633) to work on /home/airflow/.local/lib/python3.12/site-packages/airflow/example_dags/tutorial_dag.py
[2025-03-16T19:13:06.650+0000] {processor.py:914} INFO - Processing file /home/airflow/.local/lib/python3.12/site-packages/airflow/example_dags/tutorial_dag.py for tasks to queue
[2025-03-16T19:13:06.651+0000] {logging_mixin.py:190} INFO - [2025-03-16T19:13:06.651+0000] {dagbag.py:588} INFO - Filling up the DagBag from /home/airflow/.local/lib/python3.12/site-packages/airflow/example_dags/tutorial_dag.py
[2025-03-16T19:13:06.660+0000] {processor.py:925} INFO - DAG(s) 'tutorial_dag' retrieved from /home/airflow/.local/lib/python3.12/site-packages/airflow/example_dags/tutorial_dag.py
[2025-03-16T19:13:06.685+0000] {logging_mixin.py:190} INFO - [2025-03-16T19:13:06.685+0000] {dag.py:3239} INFO - Sync 1 DAGs
[2025-03-16T19:13:06.700+0000] {logging_mixin.py:190} INFO - [2025-03-16T19:13:06.700+0000] {dag.py:4180} INFO - Setting next_dagrun for tutorial_dag to None, run_after=None
[2025-03-16T19:13:06.724+0000] {processor.py:208} INFO - Processing /home/airflow/.local/lib/python3.12/site-packages/airflow/example_dags/tutorial_dag.py took 0.082 seconds
[2025-03-16T19:13:37.733+0000] {processor.py:186} INFO - Started process (PID=89698) to work on /home/airflow/.local/lib/python3.12/site-packages/airflow/example_dags/tutorial_dag.py
[2025-03-16T19:13:37.735+0000] {processor.py:914} INFO - Processing file /home/airflow/.local/lib/python3.12/site-packages/airflow/example_dags/tutorial_dag.py for tasks to queue
[2025-03-16T19:13:37.737+0000] {logging_mixin.py:190} INFO - [2025-03-16T19:13:37.737+0000] {dagbag.py:588} INFO - Filling up the DagBag from /home/airflow/.local/lib/python3.12/site-packages/airflow/example_dags/tutorial_dag.py
[2025-03-16T19:13:37.747+0000] {processor.py:925} INFO - DAG(s) 'tutorial_dag' retrieved from /home/airflow/.local/lib/python3.12/site-packages/airflow/example_dags/tutorial_dag.py
[2025-03-16T19:13:37.775+0000] {logging_mixin.py:190} INFO - [2025-03-16T19:13:37.774+0000] {dag.py:3239} INFO - Sync 1 DAGs
[2025-03-16T19:13:37.793+0000] {logging_mixin.py:190} INFO - [2025-03-16T19:13:37.792+0000] {dag.py:4180} INFO - Setting next_dagrun for tutorial_dag to None, run_after=None
[2025-03-16T19:13:37.820+0000] {processor.py:208} INFO - Processing /home/airflow/.local/lib/python3.12/site-packages/airflow/example_dags/tutorial_dag.py took 0.093 seconds
[2025-03-16T19:14:09.370+0000] {processor.py:186} INFO - Started process (PID=89762) to work on /home/airflow/.local/lib/python3.12/site-packages/airflow/example_dags/tutorial_dag.py
[2025-03-16T19:14:09.371+0000] {processor.py:914} INFO - Processing file /home/airflow/.local/lib/python3.12/site-packages/airflow/example_dags/tutorial_dag.py for tasks to queue
[2025-03-16T19:14:09.374+0000] {logging_mixin.py:190} INFO - [2025-03-16T19:14:09.373+0000] {dagbag.py:588} INFO - Filling up the DagBag from /home/airflow/.local/lib/python3.12/site-packages/airflow/example_dags/tutorial_dag.py
[2025-03-16T19:14:09.383+0000] {processor.py:925} INFO - DAG(s) 'tutorial_dag' retrieved from /home/airflow/.local/lib/python3.12/site-packages/airflow/example_dags/tutorial_dag.py
[2025-03-16T19:14:09.413+0000] {logging_mixin.py:190} INFO - [2025-03-16T19:14:09.413+0000] {dag.py:3239} INFO - Sync 1 DAGs
[2025-03-16T19:14:09.429+0000] {logging_mixin.py:190} INFO - [2025-03-16T19:14:09.429+0000] {dag.py:4180} INFO - Setting next_dagrun for tutorial_dag to None, run_after=None
[2025-03-16T19:14:09.454+0000] {processor.py:208} INFO - Processing /home/airflow/.local/lib/python3.12/site-packages/airflow/example_dags/tutorial_dag.py took 0.092 seconds
[2025-03-16T19:14:40.910+0000] {processor.py:186} INFO - Started process (PID=89826) to work on /home/airflow/.local/lib/python3.12/site-packages/airflow/example_dags/tutorial_dag.py
[2025-03-16T19:14:40.911+0000] {processor.py:914} INFO - Processing file /home/airflow/.local/lib/python3.12/site-packages/airflow/example_dags/tutorial_dag.py for tasks to queue
[2025-03-16T19:14:40.913+0000] {logging_mixin.py:190} INFO - [2025-03-16T19:14:40.912+0000] {dagbag.py:588} INFO - Filling up the DagBag from /home/airflow/.local/lib/python3.12/site-packages/airflow/example_dags/tutorial_dag.py
[2025-03-16T19:14:40.922+0000] {processor.py:925} INFO - DAG(s) 'tutorial_dag' retrieved from /home/airflow/.local/lib/python3.12/site-packages/airflow/example_dags/tutorial_dag.py
[2025-03-16T19:14:40.946+0000] {logging_mixin.py:190} INFO - [2025-03-16T19:14:40.946+0000] {dag.py:3239} INFO - Sync 1 DAGs
[2025-03-16T19:14:40.963+0000] {logging_mixin.py:190} INFO - [2025-03-16T19:14:40.962+0000] {dag.py:4180} INFO - Setting next_dagrun for tutorial_dag to None, run_after=None
[2025-03-16T19:14:40.987+0000] {processor.py:208} INFO - Processing /home/airflow/.local/lib/python3.12/site-packages/airflow/example_dags/tutorial_dag.py took 0.083 seconds
[2025-03-16T19:15:12.349+0000] {processor.py:186} INFO - Started process (PID=89890) to work on /home/airflow/.local/lib/python3.12/site-packages/airflow/example_dags/tutorial_dag.py
[2025-03-16T19:15:12.351+0000] {processor.py:914} INFO - Processing file /home/airflow/.local/lib/python3.12/site-packages/airflow/example_dags/tutorial_dag.py for tasks to queue
[2025-03-16T19:15:12.353+0000] {logging_mixin.py:190} INFO - [2025-03-16T19:15:12.352+0000] {dagbag.py:588} INFO - Filling up the DagBag from /home/airflow/.local/lib/python3.12/site-packages/airflow/example_dags/tutorial_dag.py
[2025-03-16T19:15:12.362+0000] {processor.py:925} INFO - DAG(s) 'tutorial_dag' retrieved from /home/airflow/.local/lib/python3.12/site-packages/airflow/example_dags/tutorial_dag.py
[2025-03-16T19:15:12.393+0000] {logging_mixin.py:190} INFO - [2025-03-16T19:15:12.393+0000] {dag.py:3239} INFO - Sync 1 DAGs
[2025-03-16T19:15:12.422+0000] {logging_mixin.py:190} INFO - [2025-03-16T19:15:12.422+0000] {dag.py:4180} INFO - Setting next_dagrun for tutorial_dag to None, run_after=None
[2025-03-16T19:15:12.447+0000] {processor.py:208} INFO - Processing /home/airflow/.local/lib/python3.12/site-packages/airflow/example_dags/tutorial_dag.py took 0.105 seconds
[2025-03-16T19:15:43.299+0000] {processor.py:186} INFO - Started process (PID=89954) to work on /home/airflow/.local/lib/python3.12/site-packages/airflow/example_dags/tutorial_dag.py
[2025-03-16T19:15:43.300+0000] {processor.py:914} INFO - Processing file /home/airflow/.local/lib/python3.12/site-packages/airflow/example_dags/tutorial_dag.py for tasks to queue
[2025-03-16T19:15:43.302+0000] {logging_mixin.py:190} INFO - [2025-03-16T19:15:43.301+0000] {dagbag.py:588} INFO - Filling up the DagBag from /home/airflow/.local/lib/python3.12/site-packages/airflow/example_dags/tutorial_dag.py
[2025-03-16T19:15:43.313+0000] {processor.py:925} INFO - DAG(s) 'tutorial_dag' retrieved from /home/airflow/.local/lib/python3.12/site-packages/airflow/example_dags/tutorial_dag.py
[2025-03-16T19:15:43.344+0000] {logging_mixin.py:190} INFO - [2025-03-16T19:15:43.344+0000] {dag.py:3239} INFO - Sync 1 DAGs
[2025-03-16T19:15:43.361+0000] {logging_mixin.py:190} INFO - [2025-03-16T19:15:43.361+0000] {dag.py:4180} INFO - Setting next_dagrun for tutorial_dag to None, run_after=None
[2025-03-16T19:15:43.393+0000] {processor.py:208} INFO - Processing /home/airflow/.local/lib/python3.12/site-packages/airflow/example_dags/tutorial_dag.py took 0.104 seconds
[2025-03-16T19:16:15.193+0000] {processor.py:186} INFO - Started process (PID=90018) to work on /home/airflow/.local/lib/python3.12/site-packages/airflow/example_dags/tutorial_dag.py
[2025-03-16T19:16:15.195+0000] {processor.py:914} INFO - Processing file /home/airflow/.local/lib/python3.12/site-packages/airflow/example_dags/tutorial_dag.py for tasks to queue
[2025-03-16T19:16:15.197+0000] {logging_mixin.py:190} INFO - [2025-03-16T19:16:15.196+0000] {dagbag.py:588} INFO - Filling up the DagBag from /home/airflow/.local/lib/python3.12/site-packages/airflow/example_dags/tutorial_dag.py
[2025-03-16T19:16:15.210+0000] {processor.py:925} INFO - DAG(s) 'tutorial_dag' retrieved from /home/airflow/.local/lib/python3.12/site-packages/airflow/example_dags/tutorial_dag.py
[2025-03-16T19:16:15.242+0000] {logging_mixin.py:190} INFO - [2025-03-16T19:16:15.242+0000] {dag.py:3239} INFO - Sync 1 DAGs
[2025-03-16T19:16:15.268+0000] {logging_mixin.py:190} INFO - [2025-03-16T19:16:15.267+0000] {dag.py:4180} INFO - Setting next_dagrun for tutorial_dag to None, run_after=None
[2025-03-16T19:16:15.299+0000] {processor.py:208} INFO - Processing /home/airflow/.local/lib/python3.12/site-packages/airflow/example_dags/tutorial_dag.py took 0.113 seconds
[2025-03-16T19:16:46.453+0000] {processor.py:186} INFO - Started process (PID=90082) to work on /home/airflow/.local/lib/python3.12/site-packages/airflow/example_dags/tutorial_dag.py
[2025-03-16T19:16:46.455+0000] {processor.py:914} INFO - Processing file /home/airflow/.local/lib/python3.12/site-packages/airflow/example_dags/tutorial_dag.py for tasks to queue
[2025-03-16T19:16:46.458+0000] {logging_mixin.py:190} INFO - [2025-03-16T19:16:46.458+0000] {dagbag.py:588} INFO - Filling up the DagBag from /home/airflow/.local/lib/python3.12/site-packages/airflow/example_dags/tutorial_dag.py
[2025-03-16T19:16:46.469+0000] {processor.py:925} INFO - DAG(s) 'tutorial_dag' retrieved from /home/airflow/.local/lib/python3.12/site-packages/airflow/example_dags/tutorial_dag.py
[2025-03-16T19:16:46.499+0000] {logging_mixin.py:190} INFO - [2025-03-16T19:16:46.499+0000] {dag.py:3239} INFO - Sync 1 DAGs
[2025-03-16T19:16:46.518+0000] {logging_mixin.py:190} INFO - [2025-03-16T19:16:46.518+0000] {dag.py:4180} INFO - Setting next_dagrun for tutorial_dag to None, run_after=None
[2025-03-16T19:16:46.548+0000] {processor.py:208} INFO - Processing /home/airflow/.local/lib/python3.12/site-packages/airflow/example_dags/tutorial_dag.py took 0.103 seconds
[2025-03-16T19:17:17.726+0000] {processor.py:186} INFO - Started process (PID=90146) to work on /home/airflow/.local/lib/python3.12/site-packages/airflow/example_dags/tutorial_dag.py
[2025-03-16T19:17:17.728+0000] {processor.py:914} INFO - Processing file /home/airflow/.local/lib/python3.12/site-packages/airflow/example_dags/tutorial_dag.py for tasks to queue
[2025-03-16T19:17:17.731+0000] {logging_mixin.py:190} INFO - [2025-03-16T19:17:17.730+0000] {dagbag.py:588} INFO - Filling up the DagBag from /home/airflow/.local/lib/python3.12/site-packages/airflow/example_dags/tutorial_dag.py
[2025-03-16T19:17:17.742+0000] {processor.py:925} INFO - DAG(s) 'tutorial_dag' retrieved from /home/airflow/.local/lib/python3.12/site-packages/airflow/example_dags/tutorial_dag.py
[2025-03-16T19:17:17.767+0000] {logging_mixin.py:190} INFO - [2025-03-16T19:17:17.767+0000] {dag.py:3239} INFO - Sync 1 DAGs
[2025-03-16T19:17:17.788+0000] {logging_mixin.py:190} INFO - [2025-03-16T19:17:17.787+0000] {dag.py:4180} INFO - Setting next_dagrun for tutorial_dag to None, run_after=None
[2025-03-16T19:17:17.815+0000] {processor.py:208} INFO - Processing /home/airflow/.local/lib/python3.12/site-packages/airflow/example_dags/tutorial_dag.py took 0.096 seconds
[2025-03-16T19:17:49.327+0000] {processor.py:186} INFO - Started process (PID=90210) to work on /home/airflow/.local/lib/python3.12/site-packages/airflow/example_dags/tutorial_dag.py
[2025-03-16T19:17:49.329+0000] {processor.py:914} INFO - Processing file /home/airflow/.local/lib/python3.12/site-packages/airflow/example_dags/tutorial_dag.py for tasks to queue
[2025-03-16T19:17:49.333+0000] {logging_mixin.py:190} INFO - [2025-03-16T19:17:49.333+0000] {dagbag.py:588} INFO - Filling up the DagBag from /home/airflow/.local/lib/python3.12/site-packages/airflow/example_dags/tutorial_dag.py
[2025-03-16T19:17:49.342+0000] {processor.py:925} INFO - DAG(s) 'tutorial_dag' retrieved from /home/airflow/.local/lib/python3.12/site-packages/airflow/example_dags/tutorial_dag.py
[2025-03-16T19:17:49.368+0000] {logging_mixin.py:190} INFO - [2025-03-16T19:17:49.368+0000] {dag.py:3239} INFO - Sync 1 DAGs
[2025-03-16T19:17:49.387+0000] {logging_mixin.py:190} INFO - [2025-03-16T19:17:49.386+0000] {dag.py:4180} INFO - Setting next_dagrun for tutorial_dag to None, run_after=None
[2025-03-16T19:17:49.412+0000] {processor.py:208} INFO - Processing /home/airflow/.local/lib/python3.12/site-packages/airflow/example_dags/tutorial_dag.py took 0.091 seconds
[2025-03-16T19:18:20.384+0000] {processor.py:186} INFO - Started process (PID=90275) to work on /home/airflow/.local/lib/python3.12/site-packages/airflow/example_dags/tutorial_dag.py
[2025-03-16T19:18:20.385+0000] {processor.py:914} INFO - Processing file /home/airflow/.local/lib/python3.12/site-packages/airflow/example_dags/tutorial_dag.py for tasks to queue
[2025-03-16T19:18:20.387+0000] {logging_mixin.py:190} INFO - [2025-03-16T19:18:20.387+0000] {dagbag.py:588} INFO - Filling up the DagBag from /home/airflow/.local/lib/python3.12/site-packages/airflow/example_dags/tutorial_dag.py
[2025-03-16T19:18:20.397+0000] {processor.py:925} INFO - DAG(s) 'tutorial_dag' retrieved from /home/airflow/.local/lib/python3.12/site-packages/airflow/example_dags/tutorial_dag.py
[2025-03-16T19:18:20.424+0000] {logging_mixin.py:190} INFO - [2025-03-16T19:18:20.424+0000] {dag.py:3239} INFO - Sync 1 DAGs
[2025-03-16T19:18:20.443+0000] {logging_mixin.py:190} INFO - [2025-03-16T19:18:20.443+0000] {dag.py:4180} INFO - Setting next_dagrun for tutorial_dag to None, run_after=None
[2025-03-16T19:18:20.469+0000] {processor.py:208} INFO - Processing /home/airflow/.local/lib/python3.12/site-packages/airflow/example_dags/tutorial_dag.py took 0.092 seconds
[2025-03-16T19:18:51.633+0000] {processor.py:186} INFO - Started process (PID=90338) to work on /home/airflow/.local/lib/python3.12/site-packages/airflow/example_dags/tutorial_dag.py
[2025-03-16T19:18:51.635+0000] {processor.py:914} INFO - Processing file /home/airflow/.local/lib/python3.12/site-packages/airflow/example_dags/tutorial_dag.py for tasks to queue
[2025-03-16T19:18:51.637+0000] {logging_mixin.py:190} INFO - [2025-03-16T19:18:51.636+0000] {dagbag.py:588} INFO - Filling up the DagBag from /home/airflow/.local/lib/python3.12/site-packages/airflow/example_dags/tutorial_dag.py
[2025-03-16T19:18:51.648+0000] {processor.py:925} INFO - DAG(s) 'tutorial_dag' retrieved from /home/airflow/.local/lib/python3.12/site-packages/airflow/example_dags/tutorial_dag.py
[2025-03-16T19:18:51.676+0000] {logging_mixin.py:190} INFO - [2025-03-16T19:18:51.676+0000] {dag.py:3239} INFO - Sync 1 DAGs
[2025-03-16T19:18:51.695+0000] {logging_mixin.py:190} INFO - [2025-03-16T19:18:51.695+0000] {dag.py:4180} INFO - Setting next_dagrun for tutorial_dag to None, run_after=None
[2025-03-16T19:18:51.723+0000] {processor.py:208} INFO - Processing /home/airflow/.local/lib/python3.12/site-packages/airflow/example_dags/tutorial_dag.py took 0.099 seconds
[2025-03-16T19:19:22.715+0000] {processor.py:186} INFO - Started process (PID=90402) to work on /home/airflow/.local/lib/python3.12/site-packages/airflow/example_dags/tutorial_dag.py
[2025-03-16T19:19:22.716+0000] {processor.py:914} INFO - Processing file /home/airflow/.local/lib/python3.12/site-packages/airflow/example_dags/tutorial_dag.py for tasks to queue
[2025-03-16T19:19:22.718+0000] {logging_mixin.py:190} INFO - [2025-03-16T19:19:22.717+0000] {dagbag.py:588} INFO - Filling up the DagBag from /home/airflow/.local/lib/python3.12/site-packages/airflow/example_dags/tutorial_dag.py
[2025-03-16T19:19:22.728+0000] {processor.py:925} INFO - DAG(s) 'tutorial_dag' retrieved from /home/airflow/.local/lib/python3.12/site-packages/airflow/example_dags/tutorial_dag.py
[2025-03-16T19:19:22.756+0000] {logging_mixin.py:190} INFO - [2025-03-16T19:19:22.756+0000] {dag.py:3239} INFO - Sync 1 DAGs
[2025-03-16T19:19:22.776+0000] {logging_mixin.py:190} INFO - [2025-03-16T19:19:22.776+0000] {dag.py:4180} INFO - Setting next_dagrun for tutorial_dag to None, run_after=None
[2025-03-16T19:19:22.807+0000] {processor.py:208} INFO - Processing /home/airflow/.local/lib/python3.12/site-packages/airflow/example_dags/tutorial_dag.py took 0.099 seconds
[2025-03-16T19:19:53.940+0000] {processor.py:186} INFO - Started process (PID=90466) to work on /home/airflow/.local/lib/python3.12/site-packages/airflow/example_dags/tutorial_dag.py
[2025-03-16T19:19:53.941+0000] {processor.py:914} INFO - Processing file /home/airflow/.local/lib/python3.12/site-packages/airflow/example_dags/tutorial_dag.py for tasks to queue
[2025-03-16T19:19:53.945+0000] {logging_mixin.py:190} INFO - [2025-03-16T19:19:53.944+0000] {dagbag.py:588} INFO - Filling up the DagBag from /home/airflow/.local/lib/python3.12/site-packages/airflow/example_dags/tutorial_dag.py
[2025-03-16T19:19:53.955+0000] {processor.py:925} INFO - DAG(s) 'tutorial_dag' retrieved from /home/airflow/.local/lib/python3.12/site-packages/airflow/example_dags/tutorial_dag.py
[2025-03-16T19:19:53.987+0000] {logging_mixin.py:190} INFO - [2025-03-16T19:19:53.987+0000] {dag.py:3239} INFO - Sync 1 DAGs
[2025-03-16T19:19:54.007+0000] {logging_mixin.py:190} INFO - [2025-03-16T19:19:54.007+0000] {dag.py:4180} INFO - Setting next_dagrun for tutorial_dag to None, run_after=None
[2025-03-16T19:19:54.039+0000] {processor.py:208} INFO - Processing /home/airflow/.local/lib/python3.12/site-packages/airflow/example_dags/tutorial_dag.py took 0.107 seconds
[2025-03-16T19:20:25.148+0000] {processor.py:186} INFO - Started process (PID=90537) to work on /home/airflow/.local/lib/python3.12/site-packages/airflow/example_dags/tutorial_dag.py
[2025-03-16T19:20:25.150+0000] {processor.py:914} INFO - Processing file /home/airflow/.local/lib/python3.12/site-packages/airflow/example_dags/tutorial_dag.py for tasks to queue
[2025-03-16T19:20:25.151+0000] {logging_mixin.py:190} INFO - [2025-03-16T19:20:25.151+0000] {dagbag.py:588} INFO - Filling up the DagBag from /home/airflow/.local/lib/python3.12/site-packages/airflow/example_dags/tutorial_dag.py
[2025-03-16T19:20:25.161+0000] {processor.py:925} INFO - DAG(s) 'tutorial_dag' retrieved from /home/airflow/.local/lib/python3.12/site-packages/airflow/example_dags/tutorial_dag.py
[2025-03-16T19:20:25.193+0000] {logging_mixin.py:190} INFO - [2025-03-16T19:20:25.192+0000] {dag.py:3239} INFO - Sync 1 DAGs
[2025-03-16T19:20:25.225+0000] {logging_mixin.py:190} INFO - [2025-03-16T19:20:25.225+0000] {dag.py:4180} INFO - Setting next_dagrun for tutorial_dag to None, run_after=None
[2025-03-16T19:20:25.277+0000] {processor.py:208} INFO - Processing /home/airflow/.local/lib/python3.12/site-packages/airflow/example_dags/tutorial_dag.py took 0.135 seconds
[2025-03-16T19:20:56.485+0000] {processor.py:186} INFO - Started process (PID=90600) to work on /home/airflow/.local/lib/python3.12/site-packages/airflow/example_dags/tutorial_dag.py
[2025-03-16T19:20:56.486+0000] {processor.py:914} INFO - Processing file /home/airflow/.local/lib/python3.12/site-packages/airflow/example_dags/tutorial_dag.py for tasks to queue
[2025-03-16T19:20:56.488+0000] {logging_mixin.py:190} INFO - [2025-03-16T19:20:56.488+0000] {dagbag.py:588} INFO - Filling up the DagBag from /home/airflow/.local/lib/python3.12/site-packages/airflow/example_dags/tutorial_dag.py
[2025-03-16T19:20:56.497+0000] {processor.py:925} INFO - DAG(s) 'tutorial_dag' retrieved from /home/airflow/.local/lib/python3.12/site-packages/airflow/example_dags/tutorial_dag.py
[2025-03-16T19:20:56.525+0000] {logging_mixin.py:190} INFO - [2025-03-16T19:20:56.524+0000] {dag.py:3239} INFO - Sync 1 DAGs
[2025-03-16T19:20:56.548+0000] {logging_mixin.py:190} INFO - [2025-03-16T19:20:56.547+0000] {dag.py:4180} INFO - Setting next_dagrun for tutorial_dag to None, run_after=None
[2025-03-16T19:20:56.577+0000] {processor.py:208} INFO - Processing /home/airflow/.local/lib/python3.12/site-packages/airflow/example_dags/tutorial_dag.py took 0.101 seconds
[2025-03-16T19:21:27.856+0000] {processor.py:186} INFO - Started process (PID=90664) to work on /home/airflow/.local/lib/python3.12/site-packages/airflow/example_dags/tutorial_dag.py
[2025-03-16T19:21:27.859+0000] {processor.py:914} INFO - Processing file /home/airflow/.local/lib/python3.12/site-packages/airflow/example_dags/tutorial_dag.py for tasks to queue
[2025-03-16T19:21:27.861+0000] {logging_mixin.py:190} INFO - [2025-03-16T19:21:27.861+0000] {dagbag.py:588} INFO - Filling up the DagBag from /home/airflow/.local/lib/python3.12/site-packages/airflow/example_dags/tutorial_dag.py
[2025-03-16T19:21:27.869+0000] {processor.py:925} INFO - DAG(s) 'tutorial_dag' retrieved from /home/airflow/.local/lib/python3.12/site-packages/airflow/example_dags/tutorial_dag.py
[2025-03-16T19:21:27.899+0000] {logging_mixin.py:190} INFO - [2025-03-16T19:21:27.899+0000] {dag.py:3239} INFO - Sync 1 DAGs
[2025-03-16T19:21:27.919+0000] {logging_mixin.py:190} INFO - [2025-03-16T19:21:27.919+0000] {dag.py:4180} INFO - Setting next_dagrun for tutorial_dag to None, run_after=None
[2025-03-16T19:21:27.950+0000] {processor.py:208} INFO - Processing /home/airflow/.local/lib/python3.12/site-packages/airflow/example_dags/tutorial_dag.py took 0.100 seconds
[2025-03-16T19:21:59.237+0000] {processor.py:186} INFO - Started process (PID=90728) to work on /home/airflow/.local/lib/python3.12/site-packages/airflow/example_dags/tutorial_dag.py
[2025-03-16T19:21:59.239+0000] {processor.py:914} INFO - Processing file /home/airflow/.local/lib/python3.12/site-packages/airflow/example_dags/tutorial_dag.py for tasks to queue
[2025-03-16T19:21:59.241+0000] {logging_mixin.py:190} INFO - [2025-03-16T19:21:59.241+0000] {dagbag.py:588} INFO - Filling up the DagBag from /home/airflow/.local/lib/python3.12/site-packages/airflow/example_dags/tutorial_dag.py
[2025-03-16T19:21:59.251+0000] {processor.py:925} INFO - DAG(s) 'tutorial_dag' retrieved from /home/airflow/.local/lib/python3.12/site-packages/airflow/example_dags/tutorial_dag.py
[2025-03-16T19:21:59.275+0000] {logging_mixin.py:190} INFO - [2025-03-16T19:21:59.275+0000] {dag.py:3239} INFO - Sync 1 DAGs
[2025-03-16T19:21:59.293+0000] {logging_mixin.py:190} INFO - [2025-03-16T19:21:59.293+0000] {dag.py:4180} INFO - Setting next_dagrun for tutorial_dag to None, run_after=None
[2025-03-16T19:21:59.323+0000] {processor.py:208} INFO - Processing /home/airflow/.local/lib/python3.12/site-packages/airflow/example_dags/tutorial_dag.py took 0.092 seconds
[2025-03-16T19:22:31.368+0000] {processor.py:186} INFO - Started process (PID=90792) to work on /home/airflow/.local/lib/python3.12/site-packages/airflow/example_dags/tutorial_dag.py
[2025-03-16T19:22:31.371+0000] {processor.py:914} INFO - Processing file /home/airflow/.local/lib/python3.12/site-packages/airflow/example_dags/tutorial_dag.py for tasks to queue
[2025-03-16T19:22:31.375+0000] {logging_mixin.py:190} INFO - [2025-03-16T19:22:31.374+0000] {dagbag.py:588} INFO - Filling up the DagBag from /home/airflow/.local/lib/python3.12/site-packages/airflow/example_dags/tutorial_dag.py
[2025-03-16T19:22:31.392+0000] {processor.py:925} INFO - DAG(s) 'tutorial_dag' retrieved from /home/airflow/.local/lib/python3.12/site-packages/airflow/example_dags/tutorial_dag.py
[2025-03-16T19:22:31.437+0000] {logging_mixin.py:190} INFO - [2025-03-16T19:22:31.436+0000] {dag.py:3239} INFO - Sync 1 DAGs
[2025-03-16T19:22:31.465+0000] {logging_mixin.py:190} INFO - [2025-03-16T19:22:31.465+0000] {dag.py:4180} INFO - Setting next_dagrun for tutorial_dag to None, run_after=None
[2025-03-16T19:22:31.506+0000] {processor.py:208} INFO - Processing /home/airflow/.local/lib/python3.12/site-packages/airflow/example_dags/tutorial_dag.py took 0.148 seconds
[2025-03-16T19:23:02.431+0000] {processor.py:186} INFO - Started process (PID=90856) to work on /home/airflow/.local/lib/python3.12/site-packages/airflow/example_dags/tutorial_dag.py
[2025-03-16T19:23:02.433+0000] {processor.py:914} INFO - Processing file /home/airflow/.local/lib/python3.12/site-packages/airflow/example_dags/tutorial_dag.py for tasks to queue
[2025-03-16T19:23:02.435+0000] {logging_mixin.py:190} INFO - [2025-03-16T19:23:02.434+0000] {dagbag.py:588} INFO - Filling up the DagBag from /home/airflow/.local/lib/python3.12/site-packages/airflow/example_dags/tutorial_dag.py
[2025-03-16T19:23:02.447+0000] {processor.py:925} INFO - DAG(s) 'tutorial_dag' retrieved from /home/airflow/.local/lib/python3.12/site-packages/airflow/example_dags/tutorial_dag.py
[2025-03-16T19:23:02.481+0000] {logging_mixin.py:190} INFO - [2025-03-16T19:23:02.480+0000] {dag.py:3239} INFO - Sync 1 DAGs
[2025-03-16T19:23:02.506+0000] {logging_mixin.py:190} INFO - [2025-03-16T19:23:02.506+0000] {dag.py:4180} INFO - Setting next_dagrun for tutorial_dag to None, run_after=None
[2025-03-16T19:23:02.540+0000] {processor.py:208} INFO - Processing /home/airflow/.local/lib/python3.12/site-packages/airflow/example_dags/tutorial_dag.py took 0.120 seconds
[2025-03-16T19:23:34.337+0000] {processor.py:186} INFO - Started process (PID=90920) to work on /home/airflow/.local/lib/python3.12/site-packages/airflow/example_dags/tutorial_dag.py
[2025-03-16T19:23:34.338+0000] {processor.py:914} INFO - Processing file /home/airflow/.local/lib/python3.12/site-packages/airflow/example_dags/tutorial_dag.py for tasks to queue
[2025-03-16T19:23:34.341+0000] {logging_mixin.py:190} INFO - [2025-03-16T19:23:34.340+0000] {dagbag.py:588} INFO - Filling up the DagBag from /home/airflow/.local/lib/python3.12/site-packages/airflow/example_dags/tutorial_dag.py
[2025-03-16T19:23:34.355+0000] {processor.py:925} INFO - DAG(s) 'tutorial_dag' retrieved from /home/airflow/.local/lib/python3.12/site-packages/airflow/example_dags/tutorial_dag.py
[2025-03-16T19:23:34.392+0000] {logging_mixin.py:190} INFO - [2025-03-16T19:23:34.392+0000] {dag.py:3239} INFO - Sync 1 DAGs
[2025-03-16T19:23:34.420+0000] {logging_mixin.py:190} INFO - [2025-03-16T19:23:34.419+0000] {dag.py:4180} INFO - Setting next_dagrun for tutorial_dag to None, run_after=None
[2025-03-16T19:23:34.458+0000] {processor.py:208} INFO - Processing /home/airflow/.local/lib/python3.12/site-packages/airflow/example_dags/tutorial_dag.py took 0.132 seconds
[2025-03-16T19:24:05.803+0000] {processor.py:186} INFO - Started process (PID=90984) to work on /home/airflow/.local/lib/python3.12/site-packages/airflow/example_dags/tutorial_dag.py
[2025-03-16T19:24:05.806+0000] {processor.py:914} INFO - Processing file /home/airflow/.local/lib/python3.12/site-packages/airflow/example_dags/tutorial_dag.py for tasks to queue
[2025-03-16T19:24:05.810+0000] {logging_mixin.py:190} INFO - [2025-03-16T19:24:05.809+0000] {dagbag.py:588} INFO - Filling up the DagBag from /home/airflow/.local/lib/python3.12/site-packages/airflow/example_dags/tutorial_dag.py
[2025-03-16T19:24:05.823+0000] {processor.py:925} INFO - DAG(s) 'tutorial_dag' retrieved from /home/airflow/.local/lib/python3.12/site-packages/airflow/example_dags/tutorial_dag.py
[2025-03-16T19:24:05.860+0000] {logging_mixin.py:190} INFO - [2025-03-16T19:24:05.859+0000] {dag.py:3239} INFO - Sync 1 DAGs
[2025-03-16T19:24:05.886+0000] {logging_mixin.py:190} INFO - [2025-03-16T19:24:05.886+0000] {dag.py:4180} INFO - Setting next_dagrun for tutorial_dag to None, run_after=None
[2025-03-16T19:24:05.930+0000] {processor.py:208} INFO - Processing /home/airflow/.local/lib/python3.12/site-packages/airflow/example_dags/tutorial_dag.py took 0.138 seconds
[2025-03-16T19:24:37.489+0000] {processor.py:186} INFO - Started process (PID=91048) to work on /home/airflow/.local/lib/python3.12/site-packages/airflow/example_dags/tutorial_dag.py
[2025-03-16T19:24:37.491+0000] {processor.py:914} INFO - Processing file /home/airflow/.local/lib/python3.12/site-packages/airflow/example_dags/tutorial_dag.py for tasks to queue
[2025-03-16T19:24:37.494+0000] {logging_mixin.py:190} INFO - [2025-03-16T19:24:37.493+0000] {dagbag.py:588} INFO - Filling up the DagBag from /home/airflow/.local/lib/python3.12/site-packages/airflow/example_dags/tutorial_dag.py
[2025-03-16T19:24:37.509+0000] {processor.py:925} INFO - DAG(s) 'tutorial_dag' retrieved from /home/airflow/.local/lib/python3.12/site-packages/airflow/example_dags/tutorial_dag.py
[2025-03-16T19:24:37.549+0000] {logging_mixin.py:190} INFO - [2025-03-16T19:24:37.549+0000] {dag.py:3239} INFO - Sync 1 DAGs
[2025-03-16T19:24:37.576+0000] {logging_mixin.py:190} INFO - [2025-03-16T19:24:37.576+0000] {dag.py:4180} INFO - Setting next_dagrun for tutorial_dag to None, run_after=None
[2025-03-16T19:24:37.617+0000] {processor.py:208} INFO - Processing /home/airflow/.local/lib/python3.12/site-packages/airflow/example_dags/tutorial_dag.py took 0.142 seconds
[2025-03-16T19:25:09.825+0000] {processor.py:186} INFO - Started process (PID=91114) to work on /home/airflow/.local/lib/python3.12/site-packages/airflow/example_dags/tutorial_dag.py
[2025-03-16T19:25:09.827+0000] {processor.py:914} INFO - Processing file /home/airflow/.local/lib/python3.12/site-packages/airflow/example_dags/tutorial_dag.py for tasks to queue
[2025-03-16T19:25:09.831+0000] {logging_mixin.py:190} INFO - [2025-03-16T19:25:09.829+0000] {dagbag.py:588} INFO - Filling up the DagBag from /home/airflow/.local/lib/python3.12/site-packages/airflow/example_dags/tutorial_dag.py
[2025-03-16T19:25:09.842+0000] {processor.py:925} INFO - DAG(s) 'tutorial_dag' retrieved from /home/airflow/.local/lib/python3.12/site-packages/airflow/example_dags/tutorial_dag.py
[2025-03-16T19:25:09.877+0000] {logging_mixin.py:190} INFO - [2025-03-16T19:25:09.876+0000] {dag.py:3239} INFO - Sync 1 DAGs
[2025-03-16T19:25:09.904+0000] {logging_mixin.py:190} INFO - [2025-03-16T19:25:09.904+0000] {dag.py:4180} INFO - Setting next_dagrun for tutorial_dag to None, run_after=None
[2025-03-16T19:25:09.940+0000] {processor.py:208} INFO - Processing /home/airflow/.local/lib/python3.12/site-packages/airflow/example_dags/tutorial_dag.py took 0.125 seconds
[2025-03-16T19:25:41.669+0000] {processor.py:186} INFO - Started process (PID=91181) to work on /home/airflow/.local/lib/python3.12/site-packages/airflow/example_dags/tutorial_dag.py
[2025-03-16T19:25:41.671+0000] {processor.py:914} INFO - Processing file /home/airflow/.local/lib/python3.12/site-packages/airflow/example_dags/tutorial_dag.py for tasks to queue
[2025-03-16T19:25:41.673+0000] {logging_mixin.py:190} INFO - [2025-03-16T19:25:41.672+0000] {dagbag.py:588} INFO - Filling up the DagBag from /home/airflow/.local/lib/python3.12/site-packages/airflow/example_dags/tutorial_dag.py
[2025-03-16T19:25:41.689+0000] {processor.py:925} INFO - DAG(s) 'tutorial_dag' retrieved from /home/airflow/.local/lib/python3.12/site-packages/airflow/example_dags/tutorial_dag.py
[2025-03-16T19:25:41.732+0000] {logging_mixin.py:190} INFO - [2025-03-16T19:25:41.731+0000] {dag.py:3239} INFO - Sync 1 DAGs
[2025-03-16T19:25:41.770+0000] {logging_mixin.py:190} INFO - [2025-03-16T19:25:41.769+0000] {dag.py:4180} INFO - Setting next_dagrun for tutorial_dag to None, run_after=None
[2025-03-16T19:25:41.809+0000] {processor.py:208} INFO - Processing /home/airflow/.local/lib/python3.12/site-packages/airflow/example_dags/tutorial_dag.py took 0.151 seconds
[2025-03-16T19:26:12.555+0000] {processor.py:186} INFO - Started process (PID=91245) to work on /home/airflow/.local/lib/python3.12/site-packages/airflow/example_dags/tutorial_dag.py
[2025-03-16T19:26:12.557+0000] {processor.py:914} INFO - Processing file /home/airflow/.local/lib/python3.12/site-packages/airflow/example_dags/tutorial_dag.py for tasks to queue
[2025-03-16T19:26:12.559+0000] {logging_mixin.py:190} INFO - [2025-03-16T19:26:12.558+0000] {dagbag.py:588} INFO - Filling up the DagBag from /home/airflow/.local/lib/python3.12/site-packages/airflow/example_dags/tutorial_dag.py
[2025-03-16T19:26:12.573+0000] {processor.py:925} INFO - DAG(s) 'tutorial_dag' retrieved from /home/airflow/.local/lib/python3.12/site-packages/airflow/example_dags/tutorial_dag.py
[2025-03-16T19:26:12.608+0000] {logging_mixin.py:190} INFO - [2025-03-16T19:26:12.607+0000] {dag.py:3239} INFO - Sync 1 DAGs
[2025-03-16T19:26:12.633+0000] {logging_mixin.py:190} INFO - [2025-03-16T19:26:12.632+0000] {dag.py:4180} INFO - Setting next_dagrun for tutorial_dag to None, run_after=None
[2025-03-16T19:26:12.672+0000] {processor.py:208} INFO - Processing /home/airflow/.local/lib/python3.12/site-packages/airflow/example_dags/tutorial_dag.py took 0.127 seconds
[2025-03-16T19:26:43.925+0000] {processor.py:186} INFO - Started process (PID=91311) to work on /home/airflow/.local/lib/python3.12/site-packages/airflow/example_dags/tutorial_dag.py
[2025-03-16T19:26:43.927+0000] {processor.py:914} INFO - Processing file /home/airflow/.local/lib/python3.12/site-packages/airflow/example_dags/tutorial_dag.py for tasks to queue
[2025-03-16T19:26:43.929+0000] {logging_mixin.py:190} INFO - [2025-03-16T19:26:43.928+0000] {dagbag.py:588} INFO - Filling up the DagBag from /home/airflow/.local/lib/python3.12/site-packages/airflow/example_dags/tutorial_dag.py
[2025-03-16T19:26:43.941+0000] {processor.py:925} INFO - DAG(s) 'tutorial_dag' retrieved from /home/airflow/.local/lib/python3.12/site-packages/airflow/example_dags/tutorial_dag.py
[2025-03-16T19:26:43.977+0000] {logging_mixin.py:190} INFO - [2025-03-16T19:26:43.976+0000] {dag.py:3239} INFO - Sync 1 DAGs
[2025-03-16T19:26:44.003+0000] {logging_mixin.py:190} INFO - [2025-03-16T19:26:44.003+0000] {dag.py:4180} INFO - Setting next_dagrun for tutorial_dag to None, run_after=None
[2025-03-16T19:26:44.040+0000] {processor.py:208} INFO - Processing /home/airflow/.local/lib/python3.12/site-packages/airflow/example_dags/tutorial_dag.py took 0.127 seconds
[2025-03-16T19:27:14.576+0000] {processor.py:186} INFO - Started process (PID=91374) to work on /home/airflow/.local/lib/python3.12/site-packages/airflow/example_dags/tutorial_dag.py
[2025-03-16T19:27:14.578+0000] {processor.py:914} INFO - Processing file /home/airflow/.local/lib/python3.12/site-packages/airflow/example_dags/tutorial_dag.py for tasks to queue
[2025-03-16T19:27:14.580+0000] {logging_mixin.py:190} INFO - [2025-03-16T19:27:14.580+0000] {dagbag.py:588} INFO - Filling up the DagBag from /home/airflow/.local/lib/python3.12/site-packages/airflow/example_dags/tutorial_dag.py
[2025-03-16T19:27:14.590+0000] {processor.py:925} INFO - DAG(s) 'tutorial_dag' retrieved from /home/airflow/.local/lib/python3.12/site-packages/airflow/example_dags/tutorial_dag.py
[2025-03-16T19:27:14.620+0000] {logging_mixin.py:190} INFO - [2025-03-16T19:27:14.620+0000] {dag.py:3239} INFO - Sync 1 DAGs
[2025-03-16T19:27:14.643+0000] {logging_mixin.py:190} INFO - [2025-03-16T19:27:14.642+0000] {dag.py:4180} INFO - Setting next_dagrun for tutorial_dag to None, run_after=None
[2025-03-16T19:27:14.674+0000] {processor.py:208} INFO - Processing /home/airflow/.local/lib/python3.12/site-packages/airflow/example_dags/tutorial_dag.py took 0.108 seconds
[2025-03-16T19:27:45.182+0000] {processor.py:186} INFO - Started process (PID=91437) to work on /home/airflow/.local/lib/python3.12/site-packages/airflow/example_dags/tutorial_dag.py
[2025-03-16T19:27:45.184+0000] {processor.py:914} INFO - Processing file /home/airflow/.local/lib/python3.12/site-packages/airflow/example_dags/tutorial_dag.py for tasks to queue
[2025-03-16T19:27:45.188+0000] {logging_mixin.py:190} INFO - [2025-03-16T19:27:45.188+0000] {dagbag.py:588} INFO - Filling up the DagBag from /home/airflow/.local/lib/python3.12/site-packages/airflow/example_dags/tutorial_dag.py
[2025-03-16T19:27:45.200+0000] {processor.py:925} INFO - DAG(s) 'tutorial_dag' retrieved from /home/airflow/.local/lib/python3.12/site-packages/airflow/example_dags/tutorial_dag.py
[2025-03-16T19:27:45.240+0000] {logging_mixin.py:190} INFO - [2025-03-16T19:27:45.239+0000] {dag.py:3239} INFO - Sync 1 DAGs
[2025-03-16T19:27:45.266+0000] {logging_mixin.py:190} INFO - [2025-03-16T19:27:45.266+0000] {dag.py:4180} INFO - Setting next_dagrun for tutorial_dag to None, run_after=None
[2025-03-16T19:27:45.301+0000] {processor.py:208} INFO - Processing /home/airflow/.local/lib/python3.12/site-packages/airflow/example_dags/tutorial_dag.py took 0.127 seconds
[2025-03-16T19:28:15.484+0000] {processor.py:186} INFO - Started process (PID=91501) to work on /home/airflow/.local/lib/python3.12/site-packages/airflow/example_dags/tutorial_dag.py
[2025-03-16T19:28:15.486+0000] {processor.py:914} INFO - Processing file /home/airflow/.local/lib/python3.12/site-packages/airflow/example_dags/tutorial_dag.py for tasks to queue
[2025-03-16T19:28:15.489+0000] {logging_mixin.py:190} INFO - [2025-03-16T19:28:15.488+0000] {dagbag.py:588} INFO - Filling up the DagBag from /home/airflow/.local/lib/python3.12/site-packages/airflow/example_dags/tutorial_dag.py
[2025-03-16T19:28:15.505+0000] {processor.py:925} INFO - DAG(s) 'tutorial_dag' retrieved from /home/airflow/.local/lib/python3.12/site-packages/airflow/example_dags/tutorial_dag.py
[2025-03-16T19:28:15.541+0000] {logging_mixin.py:190} INFO - [2025-03-16T19:28:15.541+0000] {dag.py:3239} INFO - Sync 1 DAGs
[2025-03-16T19:28:15.571+0000] {logging_mixin.py:190} INFO - [2025-03-16T19:28:15.570+0000] {dag.py:4180} INFO - Setting next_dagrun for tutorial_dag to None, run_after=None
[2025-03-16T19:28:15.609+0000] {processor.py:208} INFO - Processing /home/airflow/.local/lib/python3.12/site-packages/airflow/example_dags/tutorial_dag.py took 0.134 seconds
[2025-03-16T19:28:45.847+0000] {processor.py:186} INFO - Started process (PID=91565) to work on /home/airflow/.local/lib/python3.12/site-packages/airflow/example_dags/tutorial_dag.py
[2025-03-16T19:28:45.848+0000] {processor.py:914} INFO - Processing file /home/airflow/.local/lib/python3.12/site-packages/airflow/example_dags/tutorial_dag.py for tasks to queue
[2025-03-16T19:28:45.850+0000] {logging_mixin.py:190} INFO - [2025-03-16T19:28:45.850+0000] {dagbag.py:588} INFO - Filling up the DagBag from /home/airflow/.local/lib/python3.12/site-packages/airflow/example_dags/tutorial_dag.py
[2025-03-16T19:28:45.863+0000] {processor.py:925} INFO - DAG(s) 'tutorial_dag' retrieved from /home/airflow/.local/lib/python3.12/site-packages/airflow/example_dags/tutorial_dag.py
[2025-03-16T19:28:45.901+0000] {logging_mixin.py:190} INFO - [2025-03-16T19:28:45.901+0000] {dag.py:3239} INFO - Sync 1 DAGs
[2025-03-16T19:28:45.929+0000] {logging_mixin.py:190} INFO - [2025-03-16T19:28:45.928+0000] {dag.py:4180} INFO - Setting next_dagrun for tutorial_dag to None, run_after=None
[2025-03-16T19:28:45.965+0000] {processor.py:208} INFO - Processing /home/airflow/.local/lib/python3.12/site-packages/airflow/example_dags/tutorial_dag.py took 0.130 seconds
[2025-03-16T19:29:17.835+0000] {processor.py:186} INFO - Started process (PID=91630) to work on /home/airflow/.local/lib/python3.12/site-packages/airflow/example_dags/tutorial_dag.py
[2025-03-16T19:29:17.837+0000] {processor.py:914} INFO - Processing file /home/airflow/.local/lib/python3.12/site-packages/airflow/example_dags/tutorial_dag.py for tasks to queue
[2025-03-16T19:29:17.839+0000] {logging_mixin.py:190} INFO - [2025-03-16T19:29:17.838+0000] {dagbag.py:588} INFO - Filling up the DagBag from /home/airflow/.local/lib/python3.12/site-packages/airflow/example_dags/tutorial_dag.py
[2025-03-16T19:29:17.856+0000] {processor.py:925} INFO - DAG(s) 'tutorial_dag' retrieved from /home/airflow/.local/lib/python3.12/site-packages/airflow/example_dags/tutorial_dag.py
[2025-03-16T19:29:17.896+0000] {logging_mixin.py:190} INFO - [2025-03-16T19:29:17.895+0000] {dag.py:3239} INFO - Sync 1 DAGs
[2025-03-16T19:29:17.926+0000] {logging_mixin.py:190} INFO - [2025-03-16T19:29:17.925+0000] {dag.py:4180} INFO - Setting next_dagrun for tutorial_dag to None, run_after=None
[2025-03-16T19:29:17.961+0000] {processor.py:208} INFO - Processing /home/airflow/.local/lib/python3.12/site-packages/airflow/example_dags/tutorial_dag.py took 0.138 seconds
[2025-03-16T19:29:48.571+0000] {processor.py:186} INFO - Started process (PID=91693) to work on /home/airflow/.local/lib/python3.12/site-packages/airflow/example_dags/tutorial_dag.py
[2025-03-16T19:29:48.573+0000] {processor.py:914} INFO - Processing file /home/airflow/.local/lib/python3.12/site-packages/airflow/example_dags/tutorial_dag.py for tasks to queue
[2025-03-16T19:29:48.576+0000] {logging_mixin.py:190} INFO - [2025-03-16T19:29:48.575+0000] {dagbag.py:588} INFO - Filling up the DagBag from /home/airflow/.local/lib/python3.12/site-packages/airflow/example_dags/tutorial_dag.py
[2025-03-16T19:29:48.592+0000] {processor.py:925} INFO - DAG(s) 'tutorial_dag' retrieved from /home/airflow/.local/lib/python3.12/site-packages/airflow/example_dags/tutorial_dag.py
[2025-03-16T19:29:48.643+0000] {logging_mixin.py:190} INFO - [2025-03-16T19:29:48.643+0000] {dag.py:3239} INFO - Sync 1 DAGs
[2025-03-16T19:29:48.673+0000] {logging_mixin.py:190} INFO - [2025-03-16T19:29:48.673+0000] {dag.py:4180} INFO - Setting next_dagrun for tutorial_dag to None, run_after=None
[2025-03-16T19:29:49.025+0000] {processor.py:208} INFO - Processing /home/airflow/.local/lib/python3.12/site-packages/airflow/example_dags/tutorial_dag.py took 0.467 seconds
[2025-03-16T19:30:19.668+0000] {processor.py:186} INFO - Started process (PID=91757) to work on /home/airflow/.local/lib/python3.12/site-packages/airflow/example_dags/tutorial_dag.py
[2025-03-16T19:30:19.670+0000] {processor.py:914} INFO - Processing file /home/airflow/.local/lib/python3.12/site-packages/airflow/example_dags/tutorial_dag.py for tasks to queue
[2025-03-16T19:30:19.673+0000] {logging_mixin.py:190} INFO - [2025-03-16T19:30:19.672+0000] {dagbag.py:588} INFO - Filling up the DagBag from /home/airflow/.local/lib/python3.12/site-packages/airflow/example_dags/tutorial_dag.py
[2025-03-16T19:30:19.687+0000] {processor.py:925} INFO - DAG(s) 'tutorial_dag' retrieved from /home/airflow/.local/lib/python3.12/site-packages/airflow/example_dags/tutorial_dag.py
[2025-03-16T19:30:19.723+0000] {logging_mixin.py:190} INFO - [2025-03-16T19:30:19.722+0000] {dag.py:3239} INFO - Sync 1 DAGs
[2025-03-16T19:30:19.749+0000] {logging_mixin.py:190} INFO - [2025-03-16T19:30:19.748+0000] {dag.py:4180} INFO - Setting next_dagrun for tutorial_dag to None, run_after=None
[2025-03-16T19:30:19.789+0000] {processor.py:208} INFO - Processing /home/airflow/.local/lib/python3.12/site-packages/airflow/example_dags/tutorial_dag.py took 0.131 seconds
[2025-03-16T19:30:50.662+0000] {processor.py:186} INFO - Started process (PID=91820) to work on /home/airflow/.local/lib/python3.12/site-packages/airflow/example_dags/tutorial_dag.py
[2025-03-16T19:30:50.664+0000] {processor.py:914} INFO - Processing file /home/airflow/.local/lib/python3.12/site-packages/airflow/example_dags/tutorial_dag.py for tasks to queue
[2025-03-16T19:30:50.666+0000] {logging_mixin.py:190} INFO - [2025-03-16T19:30:50.665+0000] {dagbag.py:588} INFO - Filling up the DagBag from /home/airflow/.local/lib/python3.12/site-packages/airflow/example_dags/tutorial_dag.py
[2025-03-16T19:30:50.679+0000] {processor.py:925} INFO - DAG(s) 'tutorial_dag' retrieved from /home/airflow/.local/lib/python3.12/site-packages/airflow/example_dags/tutorial_dag.py
[2025-03-16T19:30:50.715+0000] {logging_mixin.py:190} INFO - [2025-03-16T19:30:50.714+0000] {dag.py:3239} INFO - Sync 1 DAGs
[2025-03-16T19:30:50.744+0000] {logging_mixin.py:190} INFO - [2025-03-16T19:30:50.744+0000] {dag.py:4180} INFO - Setting next_dagrun for tutorial_dag to None, run_after=None
[2025-03-16T19:30:50.782+0000] {processor.py:208} INFO - Processing /home/airflow/.local/lib/python3.12/site-packages/airflow/example_dags/tutorial_dag.py took 0.130 seconds
[2025-03-16T19:31:21.019+0000] {processor.py:186} INFO - Started process (PID=91884) to work on /home/airflow/.local/lib/python3.12/site-packages/airflow/example_dags/tutorial_dag.py
[2025-03-16T19:31:21.022+0000] {processor.py:914} INFO - Processing file /home/airflow/.local/lib/python3.12/site-packages/airflow/example_dags/tutorial_dag.py for tasks to queue
[2025-03-16T19:31:21.025+0000] {logging_mixin.py:190} INFO - [2025-03-16T19:31:21.024+0000] {dagbag.py:588} INFO - Filling up the DagBag from /home/airflow/.local/lib/python3.12/site-packages/airflow/example_dags/tutorial_dag.py
[2025-03-16T19:31:21.041+0000] {processor.py:925} INFO - DAG(s) 'tutorial_dag' retrieved from /home/airflow/.local/lib/python3.12/site-packages/airflow/example_dags/tutorial_dag.py
[2025-03-16T19:31:21.082+0000] {logging_mixin.py:190} INFO - [2025-03-16T19:31:21.082+0000] {dag.py:3239} INFO - Sync 1 DAGs
[2025-03-16T19:31:21.112+0000] {logging_mixin.py:190} INFO - [2025-03-16T19:31:21.111+0000] {dag.py:4180} INFO - Setting next_dagrun for tutorial_dag to None, run_after=None
[2025-03-16T19:31:21.149+0000] {processor.py:208} INFO - Processing /home/airflow/.local/lib/python3.12/site-packages/airflow/example_dags/tutorial_dag.py took 0.140 seconds
[2025-03-16T19:31:51.427+0000] {processor.py:186} INFO - Started process (PID=91948) to work on /home/airflow/.local/lib/python3.12/site-packages/airflow/example_dags/tutorial_dag.py
[2025-03-16T19:31:51.429+0000] {processor.py:914} INFO - Processing file /home/airflow/.local/lib/python3.12/site-packages/airflow/example_dags/tutorial_dag.py for tasks to queue
[2025-03-16T19:31:51.432+0000] {logging_mixin.py:190} INFO - [2025-03-16T19:31:51.431+0000] {dagbag.py:588} INFO - Filling up the DagBag from /home/airflow/.local/lib/python3.12/site-packages/airflow/example_dags/tutorial_dag.py
[2025-03-16T19:31:51.445+0000] {processor.py:925} INFO - DAG(s) 'tutorial_dag' retrieved from /home/airflow/.local/lib/python3.12/site-packages/airflow/example_dags/tutorial_dag.py
[2025-03-16T19:31:51.481+0000] {logging_mixin.py:190} INFO - [2025-03-16T19:31:51.480+0000] {dag.py:3239} INFO - Sync 1 DAGs
[2025-03-16T19:31:51.509+0000] {logging_mixin.py:190} INFO - [2025-03-16T19:31:51.508+0000] {dag.py:4180} INFO - Setting next_dagrun for tutorial_dag to None, run_after=None
[2025-03-16T19:31:51.544+0000] {processor.py:208} INFO - Processing /home/airflow/.local/lib/python3.12/site-packages/airflow/example_dags/tutorial_dag.py took 0.130 seconds
[2025-03-16T19:32:22.222+0000] {processor.py:186} INFO - Started process (PID=92012) to work on /home/airflow/.local/lib/python3.12/site-packages/airflow/example_dags/tutorial_dag.py
[2025-03-16T19:32:22.223+0000] {processor.py:914} INFO - Processing file /home/airflow/.local/lib/python3.12/site-packages/airflow/example_dags/tutorial_dag.py for tasks to queue
[2025-03-16T19:32:22.227+0000] {logging_mixin.py:190} INFO - [2025-03-16T19:32:22.225+0000] {dagbag.py:588} INFO - Filling up the DagBag from /home/airflow/.local/lib/python3.12/site-packages/airflow/example_dags/tutorial_dag.py
[2025-03-16T19:32:22.239+0000] {processor.py:925} INFO - DAG(s) 'tutorial_dag' retrieved from /home/airflow/.local/lib/python3.12/site-packages/airflow/example_dags/tutorial_dag.py
[2025-03-16T19:32:22.276+0000] {logging_mixin.py:190} INFO - [2025-03-16T19:32:22.275+0000] {dag.py:3239} INFO - Sync 1 DAGs
[2025-03-16T19:32:22.302+0000] {logging_mixin.py:190} INFO - [2025-03-16T19:32:22.302+0000] {dag.py:4180} INFO - Setting next_dagrun for tutorial_dag to None, run_after=None
[2025-03-16T19:32:22.337+0000] {processor.py:208} INFO - Processing /home/airflow/.local/lib/python3.12/site-packages/airflow/example_dags/tutorial_dag.py took 0.125 seconds
[2025-03-16T19:32:52.797+0000] {processor.py:186} INFO - Started process (PID=92076) to work on /home/airflow/.local/lib/python3.12/site-packages/airflow/example_dags/tutorial_dag.py
[2025-03-16T19:32:52.798+0000] {processor.py:914} INFO - Processing file /home/airflow/.local/lib/python3.12/site-packages/airflow/example_dags/tutorial_dag.py for tasks to queue
[2025-03-16T19:32:52.800+0000] {logging_mixin.py:190} INFO - [2025-03-16T19:32:52.800+0000] {dagbag.py:588} INFO - Filling up the DagBag from /home/airflow/.local/lib/python3.12/site-packages/airflow/example_dags/tutorial_dag.py
[2025-03-16T19:32:52.816+0000] {processor.py:925} INFO - DAG(s) 'tutorial_dag' retrieved from /home/airflow/.local/lib/python3.12/site-packages/airflow/example_dags/tutorial_dag.py
[2025-03-16T19:32:52.849+0000] {logging_mixin.py:190} INFO - [2025-03-16T19:32:52.849+0000] {dag.py:3239} INFO - Sync 1 DAGs
[2025-03-16T19:32:52.875+0000] {logging_mixin.py:190} INFO - [2025-03-16T19:32:52.874+0000] {dag.py:4180} INFO - Setting next_dagrun for tutorial_dag to None, run_after=None
[2025-03-16T19:32:52.909+0000] {processor.py:208} INFO - Processing /home/airflow/.local/lib/python3.12/site-packages/airflow/example_dags/tutorial_dag.py took 0.122 seconds
[2025-03-16T19:33:23.089+0000] {processor.py:186} INFO - Started process (PID=92140) to work on /home/airflow/.local/lib/python3.12/site-packages/airflow/example_dags/tutorial_dag.py
[2025-03-16T19:33:23.091+0000] {processor.py:914} INFO - Processing file /home/airflow/.local/lib/python3.12/site-packages/airflow/example_dags/tutorial_dag.py for tasks to queue
[2025-03-16T19:33:23.093+0000] {logging_mixin.py:190} INFO - [2025-03-16T19:33:23.093+0000] {dagbag.py:588} INFO - Filling up the DagBag from /home/airflow/.local/lib/python3.12/site-packages/airflow/example_dags/tutorial_dag.py
[2025-03-16T19:33:23.105+0000] {processor.py:925} INFO - DAG(s) 'tutorial_dag' retrieved from /home/airflow/.local/lib/python3.12/site-packages/airflow/example_dags/tutorial_dag.py
[2025-03-16T19:33:23.135+0000] {logging_mixin.py:190} INFO - [2025-03-16T19:33:23.135+0000] {dag.py:3239} INFO - Sync 1 DAGs
[2025-03-16T19:33:23.157+0000] {logging_mixin.py:190} INFO - [2025-03-16T19:33:23.156+0000] {dag.py:4180} INFO - Setting next_dagrun for tutorial_dag to None, run_after=None
[2025-03-16T19:33:23.186+0000] {processor.py:208} INFO - Processing /home/airflow/.local/lib/python3.12/site-packages/airflow/example_dags/tutorial_dag.py took 0.106 seconds
[2025-03-16T19:33:53.564+0000] {processor.py:186} INFO - Started process (PID=92204) to work on /home/airflow/.local/lib/python3.12/site-packages/airflow/example_dags/tutorial_dag.py
[2025-03-16T19:33:53.565+0000] {processor.py:914} INFO - Processing file /home/airflow/.local/lib/python3.12/site-packages/airflow/example_dags/tutorial_dag.py for tasks to queue
[2025-03-16T19:33:53.568+0000] {logging_mixin.py:190} INFO - [2025-03-16T19:33:53.567+0000] {dagbag.py:588} INFO - Filling up the DagBag from /home/airflow/.local/lib/python3.12/site-packages/airflow/example_dags/tutorial_dag.py
[2025-03-16T19:33:53.582+0000] {processor.py:925} INFO - DAG(s) 'tutorial_dag' retrieved from /home/airflow/.local/lib/python3.12/site-packages/airflow/example_dags/tutorial_dag.py
[2025-03-16T19:33:53.621+0000] {logging_mixin.py:190} INFO - [2025-03-16T19:33:53.621+0000] {dag.py:3239} INFO - Sync 1 DAGs
[2025-03-16T19:33:53.648+0000] {logging_mixin.py:190} INFO - [2025-03-16T19:33:53.648+0000] {dag.py:4180} INFO - Setting next_dagrun for tutorial_dag to None, run_after=None
[2025-03-16T19:33:53.682+0000] {processor.py:208} INFO - Processing /home/airflow/.local/lib/python3.12/site-packages/airflow/example_dags/tutorial_dag.py took 0.127 seconds
[2025-03-16T19:34:24.346+0000] {processor.py:186} INFO - Started process (PID=92268) to work on /home/airflow/.local/lib/python3.12/site-packages/airflow/example_dags/tutorial_dag.py
[2025-03-16T19:34:24.347+0000] {processor.py:914} INFO - Processing file /home/airflow/.local/lib/python3.12/site-packages/airflow/example_dags/tutorial_dag.py for tasks to queue
[2025-03-16T19:34:24.350+0000] {logging_mixin.py:190} INFO - [2025-03-16T19:34:24.349+0000] {dagbag.py:588} INFO - Filling up the DagBag from /home/airflow/.local/lib/python3.12/site-packages/airflow/example_dags/tutorial_dag.py
[2025-03-16T19:34:24.363+0000] {processor.py:925} INFO - DAG(s) 'tutorial_dag' retrieved from /home/airflow/.local/lib/python3.12/site-packages/airflow/example_dags/tutorial_dag.py
[2025-03-16T19:34:24.397+0000] {logging_mixin.py:190} INFO - [2025-03-16T19:34:24.397+0000] {dag.py:3239} INFO - Sync 1 DAGs
[2025-03-16T19:34:24.420+0000] {logging_mixin.py:190} INFO - [2025-03-16T19:34:24.419+0000] {dag.py:4180} INFO - Setting next_dagrun for tutorial_dag to None, run_after=None
[2025-03-16T19:34:24.452+0000] {processor.py:208} INFO - Processing /home/airflow/.local/lib/python3.12/site-packages/airflow/example_dags/tutorial_dag.py took 0.114 seconds
[2025-03-16T19:34:54.848+0000] {processor.py:186} INFO - Started process (PID=92333) to work on /home/airflow/.local/lib/python3.12/site-packages/airflow/example_dags/tutorial_dag.py
[2025-03-16T19:34:54.850+0000] {processor.py:914} INFO - Processing file /home/airflow/.local/lib/python3.12/site-packages/airflow/example_dags/tutorial_dag.py for tasks to queue
[2025-03-16T19:34:54.853+0000] {logging_mixin.py:190} INFO - [2025-03-16T19:34:54.852+0000] {dagbag.py:588} INFO - Filling up the DagBag from /home/airflow/.local/lib/python3.12/site-packages/airflow/example_dags/tutorial_dag.py
[2025-03-16T19:34:54.866+0000] {processor.py:925} INFO - DAG(s) 'tutorial_dag' retrieved from /home/airflow/.local/lib/python3.12/site-packages/airflow/example_dags/tutorial_dag.py
[2025-03-16T19:34:54.902+0000] {logging_mixin.py:190} INFO - [2025-03-16T19:34:54.901+0000] {dag.py:3239} INFO - Sync 1 DAGs
[2025-03-16T19:34:54.930+0000] {logging_mixin.py:190} INFO - [2025-03-16T19:34:54.930+0000] {dag.py:4180} INFO - Setting next_dagrun for tutorial_dag to None, run_after=None
[2025-03-16T19:34:54.963+0000] {processor.py:208} INFO - Processing /home/airflow/.local/lib/python3.12/site-packages/airflow/example_dags/tutorial_dag.py took 0.125 seconds
[2025-03-16T19:35:25.752+0000] {processor.py:186} INFO - Started process (PID=92397) to work on /home/airflow/.local/lib/python3.12/site-packages/airflow/example_dags/tutorial_dag.py
[2025-03-16T19:35:25.754+0000] {processor.py:914} INFO - Processing file /home/airflow/.local/lib/python3.12/site-packages/airflow/example_dags/tutorial_dag.py for tasks to queue
[2025-03-16T19:35:25.755+0000] {logging_mixin.py:190} INFO - [2025-03-16T19:35:25.755+0000] {dagbag.py:588} INFO - Filling up the DagBag from /home/airflow/.local/lib/python3.12/site-packages/airflow/example_dags/tutorial_dag.py
[2025-03-16T19:35:25.766+0000] {processor.py:925} INFO - DAG(s) 'tutorial_dag' retrieved from /home/airflow/.local/lib/python3.12/site-packages/airflow/example_dags/tutorial_dag.py
[2025-03-16T19:35:25.795+0000] {logging_mixin.py:190} INFO - [2025-03-16T19:35:25.795+0000] {dag.py:3239} INFO - Sync 1 DAGs
[2025-03-16T19:35:25.822+0000] {logging_mixin.py:190} INFO - [2025-03-16T19:35:25.821+0000] {dag.py:4180} INFO - Setting next_dagrun for tutorial_dag to None, run_after=None
[2025-03-16T19:35:25.855+0000] {processor.py:208} INFO - Processing /home/airflow/.local/lib/python3.12/site-packages/airflow/example_dags/tutorial_dag.py took 0.112 seconds
[2025-03-16T19:35:56.408+0000] {processor.py:186} INFO - Started process (PID=92461) to work on /home/airflow/.local/lib/python3.12/site-packages/airflow/example_dags/tutorial_dag.py
[2025-03-16T19:35:56.410+0000] {processor.py:914} INFO - Processing file /home/airflow/.local/lib/python3.12/site-packages/airflow/example_dags/tutorial_dag.py for tasks to queue
[2025-03-16T19:35:56.412+0000] {logging_mixin.py:190} INFO - [2025-03-16T19:35:56.411+0000] {dagbag.py:588} INFO - Filling up the DagBag from /home/airflow/.local/lib/python3.12/site-packages/airflow/example_dags/tutorial_dag.py
[2025-03-16T19:35:56.422+0000] {processor.py:925} INFO - DAG(s) 'tutorial_dag' retrieved from /home/airflow/.local/lib/python3.12/site-packages/airflow/example_dags/tutorial_dag.py
[2025-03-16T19:35:56.454+0000] {logging_mixin.py:190} INFO - [2025-03-16T19:35:56.453+0000] {dag.py:3239} INFO - Sync 1 DAGs
[2025-03-16T19:35:56.475+0000] {logging_mixin.py:190} INFO - [2025-03-16T19:35:56.475+0000] {dag.py:4180} INFO - Setting next_dagrun for tutorial_dag to None, run_after=None
[2025-03-16T19:35:56.504+0000] {processor.py:208} INFO - Processing /home/airflow/.local/lib/python3.12/site-packages/airflow/example_dags/tutorial_dag.py took 0.105 seconds
[2025-03-16T19:36:26.929+0000] {processor.py:186} INFO - Started process (PID=92525) to work on /home/airflow/.local/lib/python3.12/site-packages/airflow/example_dags/tutorial_dag.py
[2025-03-16T19:36:26.931+0000] {processor.py:914} INFO - Processing file /home/airflow/.local/lib/python3.12/site-packages/airflow/example_dags/tutorial_dag.py for tasks to queue
[2025-03-16T19:36:26.933+0000] {logging_mixin.py:190} INFO - [2025-03-16T19:36:26.933+0000] {dagbag.py:588} INFO - Filling up the DagBag from /home/airflow/.local/lib/python3.12/site-packages/airflow/example_dags/tutorial_dag.py
[2025-03-16T19:36:26.944+0000] {processor.py:925} INFO - DAG(s) 'tutorial_dag' retrieved from /home/airflow/.local/lib/python3.12/site-packages/airflow/example_dags/tutorial_dag.py
[2025-03-16T19:36:26.974+0000] {logging_mixin.py:190} INFO - [2025-03-16T19:36:26.974+0000] {dag.py:3239} INFO - Sync 1 DAGs
[2025-03-16T19:36:26.999+0000] {logging_mixin.py:190} INFO - [2025-03-16T19:36:26.999+0000] {dag.py:4180} INFO - Setting next_dagrun for tutorial_dag to None, run_after=None
[2025-03-16T19:36:27.028+0000] {processor.py:208} INFO - Processing /home/airflow/.local/lib/python3.12/site-packages/airflow/example_dags/tutorial_dag.py took 0.107 seconds
[2025-03-16T19:36:57.200+0000] {processor.py:186} INFO - Started process (PID=92589) to work on /home/airflow/.local/lib/python3.12/site-packages/airflow/example_dags/tutorial_dag.py
[2025-03-16T19:36:57.202+0000] {processor.py:914} INFO - Processing file /home/airflow/.local/lib/python3.12/site-packages/airflow/example_dags/tutorial_dag.py for tasks to queue
[2025-03-16T19:36:57.204+0000] {logging_mixin.py:190} INFO - [2025-03-16T19:36:57.204+0000] {dagbag.py:588} INFO - Filling up the DagBag from /home/airflow/.local/lib/python3.12/site-packages/airflow/example_dags/tutorial_dag.py
[2025-03-16T19:36:57.217+0000] {processor.py:925} INFO - DAG(s) 'tutorial_dag' retrieved from /home/airflow/.local/lib/python3.12/site-packages/airflow/example_dags/tutorial_dag.py
[2025-03-16T19:36:57.251+0000] {logging_mixin.py:190} INFO - [2025-03-16T19:36:57.250+0000] {dag.py:3239} INFO - Sync 1 DAGs
[2025-03-16T19:36:57.275+0000] {logging_mixin.py:190} INFO - [2025-03-16T19:36:57.274+0000] {dag.py:4180} INFO - Setting next_dagrun for tutorial_dag to None, run_after=None
[2025-03-16T19:36:57.305+0000] {processor.py:208} INFO - Processing /home/airflow/.local/lib/python3.12/site-packages/airflow/example_dags/tutorial_dag.py took 0.114 seconds
[2025-03-16T19:37:27.396+0000] {processor.py:186} INFO - Started process (PID=92653) to work on /home/airflow/.local/lib/python3.12/site-packages/airflow/example_dags/tutorial_dag.py
[2025-03-16T19:37:27.398+0000] {processor.py:914} INFO - Processing file /home/airflow/.local/lib/python3.12/site-packages/airflow/example_dags/tutorial_dag.py for tasks to queue
[2025-03-16T19:37:27.400+0000] {logging_mixin.py:190} INFO - [2025-03-16T19:37:27.400+0000] {dagbag.py:588} INFO - Filling up the DagBag from /home/airflow/.local/lib/python3.12/site-packages/airflow/example_dags/tutorial_dag.py
[2025-03-16T19:37:27.413+0000] {processor.py:925} INFO - DAG(s) 'tutorial_dag' retrieved from /home/airflow/.local/lib/python3.12/site-packages/airflow/example_dags/tutorial_dag.py
[2025-03-16T19:37:27.450+0000] {logging_mixin.py:190} INFO - [2025-03-16T19:37:27.449+0000] {dag.py:3239} INFO - Sync 1 DAGs
[2025-03-16T19:37:27.479+0000] {logging_mixin.py:190} INFO - [2025-03-16T19:37:27.478+0000] {dag.py:4180} INFO - Setting next_dagrun for tutorial_dag to None, run_after=None
[2025-03-16T19:37:27.506+0000] {processor.py:208} INFO - Processing /home/airflow/.local/lib/python3.12/site-packages/airflow/example_dags/tutorial_dag.py took 0.121 seconds
[2025-03-16T19:37:57.653+0000] {processor.py:186} INFO - Started process (PID=92717) to work on /home/airflow/.local/lib/python3.12/site-packages/airflow/example_dags/tutorial_dag.py
[2025-03-16T19:37:57.655+0000] {processor.py:914} INFO - Processing file /home/airflow/.local/lib/python3.12/site-packages/airflow/example_dags/tutorial_dag.py for tasks to queue
[2025-03-16T19:37:57.657+0000] {logging_mixin.py:190} INFO - [2025-03-16T19:37:57.656+0000] {dagbag.py:588} INFO - Filling up the DagBag from /home/airflow/.local/lib/python3.12/site-packages/airflow/example_dags/tutorial_dag.py
[2025-03-16T19:37:57.669+0000] {processor.py:925} INFO - DAG(s) 'tutorial_dag' retrieved from /home/airflow/.local/lib/python3.12/site-packages/airflow/example_dags/tutorial_dag.py
[2025-03-16T19:37:57.702+0000] {logging_mixin.py:190} INFO - [2025-03-16T19:37:57.702+0000] {dag.py:3239} INFO - Sync 1 DAGs
[2025-03-16T19:37:57.728+0000] {logging_mixin.py:190} INFO - [2025-03-16T19:37:57.727+0000] {dag.py:4180} INFO - Setting next_dagrun for tutorial_dag to None, run_after=None
[2025-03-16T19:37:57.761+0000] {processor.py:208} INFO - Processing /home/airflow/.local/lib/python3.12/site-packages/airflow/example_dags/tutorial_dag.py took 0.117 seconds
[2025-03-16T19:38:28.320+0000] {processor.py:186} INFO - Started process (PID=92781) to work on /home/airflow/.local/lib/python3.12/site-packages/airflow/example_dags/tutorial_dag.py
[2025-03-16T19:38:28.321+0000] {processor.py:914} INFO - Processing file /home/airflow/.local/lib/python3.12/site-packages/airflow/example_dags/tutorial_dag.py for tasks to queue
[2025-03-16T19:38:28.323+0000] {logging_mixin.py:190} INFO - [2025-03-16T19:38:28.323+0000] {dagbag.py:588} INFO - Filling up the DagBag from /home/airflow/.local/lib/python3.12/site-packages/airflow/example_dags/tutorial_dag.py
[2025-03-16T19:38:28.334+0000] {processor.py:925} INFO - DAG(s) 'tutorial_dag' retrieved from /home/airflow/.local/lib/python3.12/site-packages/airflow/example_dags/tutorial_dag.py
[2025-03-16T19:38:28.362+0000] {logging_mixin.py:190} INFO - [2025-03-16T19:38:28.362+0000] {dag.py:3239} INFO - Sync 1 DAGs
[2025-03-16T19:38:28.387+0000] {logging_mixin.py:190} INFO - [2025-03-16T19:38:28.386+0000] {dag.py:4180} INFO - Setting next_dagrun for tutorial_dag to None, run_after=None
[2025-03-16T19:38:28.420+0000] {processor.py:208} INFO - Processing /home/airflow/.local/lib/python3.12/site-packages/airflow/example_dags/tutorial_dag.py took 0.107 seconds
[2025-03-16T19:38:59.255+0000] {processor.py:186} INFO - Started process (PID=92845) to work on /home/airflow/.local/lib/python3.12/site-packages/airflow/example_dags/tutorial_dag.py
[2025-03-16T19:38:59.256+0000] {processor.py:914} INFO - Processing file /home/airflow/.local/lib/python3.12/site-packages/airflow/example_dags/tutorial_dag.py for tasks to queue
[2025-03-16T19:38:59.258+0000] {logging_mixin.py:190} INFO - [2025-03-16T19:38:59.258+0000] {dagbag.py:588} INFO - Filling up the DagBag from /home/airflow/.local/lib/python3.12/site-packages/airflow/example_dags/tutorial_dag.py
[2025-03-16T19:38:59.270+0000] {processor.py:925} INFO - DAG(s) 'tutorial_dag' retrieved from /home/airflow/.local/lib/python3.12/site-packages/airflow/example_dags/tutorial_dag.py
[2025-03-16T19:38:59.301+0000] {logging_mixin.py:190} INFO - [2025-03-16T19:38:59.301+0000] {dag.py:3239} INFO - Sync 1 DAGs
[2025-03-16T19:38:59.326+0000] {logging_mixin.py:190} INFO - [2025-03-16T19:38:59.326+0000] {dag.py:4180} INFO - Setting next_dagrun for tutorial_dag to None, run_after=None
[2025-03-16T19:38:59.357+0000] {processor.py:208} INFO - Processing /home/airflow/.local/lib/python3.12/site-packages/airflow/example_dags/tutorial_dag.py took 0.113 seconds
