[2025-03-16T19:07:55.523+0000] {processor.py:186} INFO - Started process (PID=88989) to work on /home/airflow/.local/lib/python3.12/site-packages/airflow/example_dags/tutorial_objectstorage.py
[2025-03-16T19:07:55.524+0000] {processor.py:914} INFO - Processing file /home/airflow/.local/lib/python3.12/site-packages/airflow/example_dags/tutorial_objectstorage.py for tasks to queue
[2025-03-16T19:07:55.525+0000] {logging_mixin.py:190} INFO - [2025-03-16T19:07:55.524+0000] {dagbag.py:588} INFO - Filling up the DagBag from /home/airflow/.local/lib/python3.12/site-packages/airflow/example_dags/tutorial_objectstorage.py
[2025-03-16T19:07:55.534+0000] {processor.py:925} INFO - DAG(s) 'tutorial_objectstorage' retrieved from /home/airflow/.local/lib/python3.12/site-packages/airflow/example_dags/tutorial_objectstorage.py
[2025-03-16T19:07:55.551+0000] {logging_mixin.py:190} INFO - [2025-03-16T19:07:55.551+0000] {dag.py:3239} INFO - Sync 1 DAGs
[2025-03-16T19:07:55.565+0000] {logging_mixin.py:190} INFO - [2025-03-16T19:07:55.564+0000] {dag.py:4180} INFO - Setting next_dagrun for tutorial_objectstorage to None, run_after=None
[2025-03-16T19:07:55.582+0000] {processor.py:208} INFO - Processing /home/airflow/.local/lib/python3.12/site-packages/airflow/example_dags/tutorial_objectstorage.py took 0.064 seconds
[2025-03-16T19:08:26.236+0000] {processor.py:186} INFO - Started process (PID=89053) to work on /home/airflow/.local/lib/python3.12/site-packages/airflow/example_dags/tutorial_objectstorage.py
[2025-03-16T19:08:26.237+0000] {processor.py:914} INFO - Processing file /home/airflow/.local/lib/python3.12/site-packages/airflow/example_dags/tutorial_objectstorage.py for tasks to queue
[2025-03-16T19:08:26.238+0000] {logging_mixin.py:190} INFO - [2025-03-16T19:08:26.238+0000] {dagbag.py:588} INFO - Filling up the DagBag from /home/airflow/.local/lib/python3.12/site-packages/airflow/example_dags/tutorial_objectstorage.py
[2025-03-16T19:08:26.247+0000] {processor.py:925} INFO - DAG(s) 'tutorial_objectstorage' retrieved from /home/airflow/.local/lib/python3.12/site-packages/airflow/example_dags/tutorial_objectstorage.py
[2025-03-16T19:08:26.266+0000] {logging_mixin.py:190} INFO - [2025-03-16T19:08:26.265+0000] {dag.py:3239} INFO - Sync 1 DAGs
[2025-03-16T19:08:26.278+0000] {logging_mixin.py:190} INFO - [2025-03-16T19:08:26.277+0000] {dag.py:4180} INFO - Setting next_dagrun for tutorial_objectstorage to None, run_after=None
[2025-03-16T19:08:26.298+0000] {processor.py:208} INFO - Processing /home/airflow/.local/lib/python3.12/site-packages/airflow/example_dags/tutorial_objectstorage.py took 0.067 seconds
[2025-03-16T19:08:58.452+0000] {processor.py:186} INFO - Started process (PID=89123) to work on /home/airflow/.local/lib/python3.12/site-packages/airflow/example_dags/tutorial_objectstorage.py
[2025-03-16T19:08:58.454+0000] {processor.py:914} INFO - Processing file /home/airflow/.local/lib/python3.12/site-packages/airflow/example_dags/tutorial_objectstorage.py for tasks to queue
[2025-03-16T19:08:58.456+0000] {logging_mixin.py:190} INFO - [2025-03-16T19:08:58.456+0000] {dagbag.py:588} INFO - Filling up the DagBag from /home/airflow/.local/lib/python3.12/site-packages/airflow/example_dags/tutorial_objectstorage.py
[2025-03-16T19:08:58.478+0000] {processor.py:925} INFO - DAG(s) 'tutorial_objectstorage' retrieved from /home/airflow/.local/lib/python3.12/site-packages/airflow/example_dags/tutorial_objectstorage.py
[2025-03-16T19:08:58.517+0000] {logging_mixin.py:190} INFO - [2025-03-16T19:08:58.516+0000] {dag.py:3239} INFO - Sync 1 DAGs
[2025-03-16T19:08:58.541+0000] {logging_mixin.py:190} INFO - [2025-03-16T19:08:58.541+0000] {dag.py:4180} INFO - Setting next_dagrun for tutorial_objectstorage to None, run_after=None
[2025-03-16T19:08:58.573+0000] {processor.py:208} INFO - Processing /home/airflow/.local/lib/python3.12/site-packages/airflow/example_dags/tutorial_objectstorage.py took 0.137 seconds
[2025-03-16T19:09:29.521+0000] {processor.py:186} INFO - Started process (PID=89187) to work on /home/airflow/.local/lib/python3.12/site-packages/airflow/example_dags/tutorial_objectstorage.py
[2025-03-16T19:09:29.523+0000] {processor.py:914} INFO - Processing file /home/airflow/.local/lib/python3.12/site-packages/airflow/example_dags/tutorial_objectstorage.py for tasks to queue
[2025-03-16T19:09:29.526+0000] {logging_mixin.py:190} INFO - [2025-03-16T19:09:29.525+0000] {dagbag.py:588} INFO - Filling up the DagBag from /home/airflow/.local/lib/python3.12/site-packages/airflow/example_dags/tutorial_objectstorage.py
[2025-03-16T19:09:29.540+0000] {processor.py:925} INFO - DAG(s) 'tutorial_objectstorage' retrieved from /home/airflow/.local/lib/python3.12/site-packages/airflow/example_dags/tutorial_objectstorage.py
[2025-03-16T19:09:29.566+0000] {logging_mixin.py:190} INFO - [2025-03-16T19:09:29.566+0000] {dag.py:3239} INFO - Sync 1 DAGs
[2025-03-16T19:09:29.584+0000] {logging_mixin.py:190} INFO - [2025-03-16T19:09:29.583+0000] {dag.py:4180} INFO - Setting next_dagrun for tutorial_objectstorage to None, run_after=None
[2025-03-16T19:09:29.613+0000] {processor.py:208} INFO - Processing /home/airflow/.local/lib/python3.12/site-packages/airflow/example_dags/tutorial_objectstorage.py took 0.101 seconds
[2025-03-16T19:10:00.629+0000] {processor.py:186} INFO - Started process (PID=89252) to work on /home/airflow/.local/lib/python3.12/site-packages/airflow/example_dags/tutorial_objectstorage.py
[2025-03-16T19:10:00.631+0000] {processor.py:914} INFO - Processing file /home/airflow/.local/lib/python3.12/site-packages/airflow/example_dags/tutorial_objectstorage.py for tasks to queue
[2025-03-16T19:10:00.632+0000] {logging_mixin.py:190} INFO - [2025-03-16T19:10:00.632+0000] {dagbag.py:588} INFO - Filling up the DagBag from /home/airflow/.local/lib/python3.12/site-packages/airflow/example_dags/tutorial_objectstorage.py
[2025-03-16T19:10:00.642+0000] {processor.py:925} INFO - DAG(s) 'tutorial_objectstorage' retrieved from /home/airflow/.local/lib/python3.12/site-packages/airflow/example_dags/tutorial_objectstorage.py
[2025-03-16T19:10:00.666+0000] {logging_mixin.py:190} INFO - [2025-03-16T19:10:00.666+0000] {dag.py:3239} INFO - Sync 1 DAGs
[2025-03-16T19:10:00.680+0000] {logging_mixin.py:190} INFO - [2025-03-16T19:10:00.680+0000] {dag.py:4180} INFO - Setting next_dagrun for tutorial_objectstorage to None, run_after=None
[2025-03-16T19:10:00.703+0000] {processor.py:208} INFO - Processing /home/airflow/.local/lib/python3.12/site-packages/airflow/example_dags/tutorial_objectstorage.py took 0.079 seconds
[2025-03-16T19:10:31.795+0000] {processor.py:186} INFO - Started process (PID=89316) to work on /home/airflow/.local/lib/python3.12/site-packages/airflow/example_dags/tutorial_objectstorage.py
[2025-03-16T19:10:31.796+0000] {processor.py:914} INFO - Processing file /home/airflow/.local/lib/python3.12/site-packages/airflow/example_dags/tutorial_objectstorage.py for tasks to queue
[2025-03-16T19:10:31.797+0000] {logging_mixin.py:190} INFO - [2025-03-16T19:10:31.797+0000] {dagbag.py:588} INFO - Filling up the DagBag from /home/airflow/.local/lib/python3.12/site-packages/airflow/example_dags/tutorial_objectstorage.py
[2025-03-16T19:10:31.807+0000] {processor.py:925} INFO - DAG(s) 'tutorial_objectstorage' retrieved from /home/airflow/.local/lib/python3.12/site-packages/airflow/example_dags/tutorial_objectstorage.py
[2025-03-16T19:10:31.831+0000] {logging_mixin.py:190} INFO - [2025-03-16T19:10:31.831+0000] {dag.py:3239} INFO - Sync 1 DAGs
[2025-03-16T19:10:31.847+0000] {logging_mixin.py:190} INFO - [2025-03-16T19:10:31.847+0000] {dag.py:4180} INFO - Setting next_dagrun for tutorial_objectstorage to None, run_after=None
[2025-03-16T19:10:31.874+0000] {processor.py:208} INFO - Processing /home/airflow/.local/lib/python3.12/site-packages/airflow/example_dags/tutorial_objectstorage.py took 0.084 seconds
[2025-03-16T19:11:03.478+0000] {processor.py:186} INFO - Started process (PID=89380) to work on /home/airflow/.local/lib/python3.12/site-packages/airflow/example_dags/tutorial_objectstorage.py
[2025-03-16T19:11:03.480+0000] {processor.py:914} INFO - Processing file /home/airflow/.local/lib/python3.12/site-packages/airflow/example_dags/tutorial_objectstorage.py for tasks to queue
[2025-03-16T19:11:03.482+0000] {logging_mixin.py:190} INFO - [2025-03-16T19:11:03.482+0000] {dagbag.py:588} INFO - Filling up the DagBag from /home/airflow/.local/lib/python3.12/site-packages/airflow/example_dags/tutorial_objectstorage.py
[2025-03-16T19:11:03.494+0000] {processor.py:925} INFO - DAG(s) 'tutorial_objectstorage' retrieved from /home/airflow/.local/lib/python3.12/site-packages/airflow/example_dags/tutorial_objectstorage.py
[2025-03-16T19:11:03.516+0000] {logging_mixin.py:190} INFO - [2025-03-16T19:11:03.516+0000] {dag.py:3239} INFO - Sync 1 DAGs
[2025-03-16T19:11:03.529+0000] {logging_mixin.py:190} INFO - [2025-03-16T19:11:03.529+0000] {dag.py:4180} INFO - Setting next_dagrun for tutorial_objectstorage to None, run_after=None
[2025-03-16T19:11:03.550+0000] {processor.py:208} INFO - Processing /home/airflow/.local/lib/python3.12/site-packages/airflow/example_dags/tutorial_objectstorage.py took 0.078 seconds
[2025-03-16T19:11:33.625+0000] {processor.py:186} INFO - Started process (PID=89444) to work on /home/airflow/.local/lib/python3.12/site-packages/airflow/example_dags/tutorial_objectstorage.py
[2025-03-16T19:11:33.626+0000] {processor.py:914} INFO - Processing file /home/airflow/.local/lib/python3.12/site-packages/airflow/example_dags/tutorial_objectstorage.py for tasks to queue
[2025-03-16T19:11:33.628+0000] {logging_mixin.py:190} INFO - [2025-03-16T19:11:33.627+0000] {dagbag.py:588} INFO - Filling up the DagBag from /home/airflow/.local/lib/python3.12/site-packages/airflow/example_dags/tutorial_objectstorage.py
[2025-03-16T19:11:33.637+0000] {processor.py:925} INFO - DAG(s) 'tutorial_objectstorage' retrieved from /home/airflow/.local/lib/python3.12/site-packages/airflow/example_dags/tutorial_objectstorage.py
[2025-03-16T19:11:33.658+0000] {logging_mixin.py:190} INFO - [2025-03-16T19:11:33.657+0000] {dag.py:3239} INFO - Sync 1 DAGs
[2025-03-16T19:11:33.671+0000] {logging_mixin.py:190} INFO - [2025-03-16T19:11:33.671+0000] {dag.py:4180} INFO - Setting next_dagrun for tutorial_objectstorage to None, run_after=None
[2025-03-16T19:11:33.693+0000] {processor.py:208} INFO - Processing /home/airflow/.local/lib/python3.12/site-packages/airflow/example_dags/tutorial_objectstorage.py took 0.074 seconds
[2025-03-16T19:12:04.496+0000] {processor.py:186} INFO - Started process (PID=89507) to work on /home/airflow/.local/lib/python3.12/site-packages/airflow/example_dags/tutorial_objectstorage.py
[2025-03-16T19:12:04.497+0000] {processor.py:914} INFO - Processing file /home/airflow/.local/lib/python3.12/site-packages/airflow/example_dags/tutorial_objectstorage.py for tasks to queue
[2025-03-16T19:12:04.499+0000] {logging_mixin.py:190} INFO - [2025-03-16T19:12:04.498+0000] {dagbag.py:588} INFO - Filling up the DagBag from /home/airflow/.local/lib/python3.12/site-packages/airflow/example_dags/tutorial_objectstorage.py
[2025-03-16T19:12:04.509+0000] {processor.py:925} INFO - DAG(s) 'tutorial_objectstorage' retrieved from /home/airflow/.local/lib/python3.12/site-packages/airflow/example_dags/tutorial_objectstorage.py
[2025-03-16T19:12:04.528+0000] {logging_mixin.py:190} INFO - [2025-03-16T19:12:04.527+0000] {dag.py:3239} INFO - Sync 1 DAGs
[2025-03-16T19:12:04.545+0000] {logging_mixin.py:190} INFO - [2025-03-16T19:12:04.545+0000] {dag.py:4180} INFO - Setting next_dagrun for tutorial_objectstorage to None, run_after=None
[2025-03-16T19:12:04.566+0000] {processor.py:208} INFO - Processing /home/airflow/.local/lib/python3.12/site-packages/airflow/example_dags/tutorial_objectstorage.py took 0.075 seconds
[2025-03-16T19:12:35.466+0000] {processor.py:186} INFO - Started process (PID=89571) to work on /home/airflow/.local/lib/python3.12/site-packages/airflow/example_dags/tutorial_objectstorage.py
[2025-03-16T19:12:35.467+0000] {processor.py:914} INFO - Processing file /home/airflow/.local/lib/python3.12/site-packages/airflow/example_dags/tutorial_objectstorage.py for tasks to queue
[2025-03-16T19:12:35.470+0000] {logging_mixin.py:190} INFO - [2025-03-16T19:12:35.469+0000] {dagbag.py:588} INFO - Filling up the DagBag from /home/airflow/.local/lib/python3.12/site-packages/airflow/example_dags/tutorial_objectstorage.py
[2025-03-16T19:12:35.486+0000] {processor.py:925} INFO - DAG(s) 'tutorial_objectstorage' retrieved from /home/airflow/.local/lib/python3.12/site-packages/airflow/example_dags/tutorial_objectstorage.py
[2025-03-16T19:12:35.524+0000] {logging_mixin.py:190} INFO - [2025-03-16T19:12:35.523+0000] {dag.py:3239} INFO - Sync 1 DAGs
[2025-03-16T19:12:35.550+0000] {logging_mixin.py:190} INFO - [2025-03-16T19:12:35.550+0000] {dag.py:4180} INFO - Setting next_dagrun for tutorial_objectstorage to None, run_after=None
[2025-03-16T19:12:35.586+0000] {processor.py:208} INFO - Processing /home/airflow/.local/lib/python3.12/site-packages/airflow/example_dags/tutorial_objectstorage.py took 0.127 seconds
[2025-03-16T19:13:06.782+0000] {processor.py:186} INFO - Started process (PID=89635) to work on /home/airflow/.local/lib/python3.12/site-packages/airflow/example_dags/tutorial_objectstorage.py
[2025-03-16T19:13:06.784+0000] {processor.py:914} INFO - Processing file /home/airflow/.local/lib/python3.12/site-packages/airflow/example_dags/tutorial_objectstorage.py for tasks to queue
[2025-03-16T19:13:06.785+0000] {logging_mixin.py:190} INFO - [2025-03-16T19:13:06.785+0000] {dagbag.py:588} INFO - Filling up the DagBag from /home/airflow/.local/lib/python3.12/site-packages/airflow/example_dags/tutorial_objectstorage.py
[2025-03-16T19:13:06.795+0000] {processor.py:925} INFO - DAG(s) 'tutorial_objectstorage' retrieved from /home/airflow/.local/lib/python3.12/site-packages/airflow/example_dags/tutorial_objectstorage.py
[2025-03-16T19:13:06.821+0000] {logging_mixin.py:190} INFO - [2025-03-16T19:13:06.820+0000] {dag.py:3239} INFO - Sync 1 DAGs
[2025-03-16T19:13:06.834+0000] {logging_mixin.py:190} INFO - [2025-03-16T19:13:06.834+0000] {dag.py:4180} INFO - Setting next_dagrun for tutorial_objectstorage to None, run_after=None
[2025-03-16T19:13:06.857+0000] {processor.py:208} INFO - Processing /home/airflow/.local/lib/python3.12/site-packages/airflow/example_dags/tutorial_objectstorage.py took 0.081 seconds
[2025-03-16T19:13:38.034+0000] {processor.py:186} INFO - Started process (PID=89701) to work on /home/airflow/.local/lib/python3.12/site-packages/airflow/example_dags/tutorial_objectstorage.py
[2025-03-16T19:13:38.036+0000] {processor.py:914} INFO - Processing file /home/airflow/.local/lib/python3.12/site-packages/airflow/example_dags/tutorial_objectstorage.py for tasks to queue
[2025-03-16T19:13:38.038+0000] {logging_mixin.py:190} INFO - [2025-03-16T19:13:38.037+0000] {dagbag.py:588} INFO - Filling up the DagBag from /home/airflow/.local/lib/python3.12/site-packages/airflow/example_dags/tutorial_objectstorage.py
[2025-03-16T19:13:38.050+0000] {processor.py:925} INFO - DAG(s) 'tutorial_objectstorage' retrieved from /home/airflow/.local/lib/python3.12/site-packages/airflow/example_dags/tutorial_objectstorage.py
[2025-03-16T19:13:38.077+0000] {logging_mixin.py:190} INFO - [2025-03-16T19:13:38.077+0000] {dag.py:3239} INFO - Sync 1 DAGs
[2025-03-16T19:13:38.092+0000] {logging_mixin.py:190} INFO - [2025-03-16T19:13:38.092+0000] {dag.py:4180} INFO - Setting next_dagrun for tutorial_objectstorage to None, run_after=None
[2025-03-16T19:13:38.123+0000] {processor.py:208} INFO - Processing /home/airflow/.local/lib/python3.12/site-packages/airflow/example_dags/tutorial_objectstorage.py took 0.096 seconds
[2025-03-16T19:14:09.525+0000] {processor.py:186} INFO - Started process (PID=89764) to work on /home/airflow/.local/lib/python3.12/site-packages/airflow/example_dags/tutorial_objectstorage.py
[2025-03-16T19:14:09.527+0000] {processor.py:914} INFO - Processing file /home/airflow/.local/lib/python3.12/site-packages/airflow/example_dags/tutorial_objectstorage.py for tasks to queue
[2025-03-16T19:14:09.529+0000] {logging_mixin.py:190} INFO - [2025-03-16T19:14:09.528+0000] {dagbag.py:588} INFO - Filling up the DagBag from /home/airflow/.local/lib/python3.12/site-packages/airflow/example_dags/tutorial_objectstorage.py
[2025-03-16T19:14:09.541+0000] {processor.py:925} INFO - DAG(s) 'tutorial_objectstorage' retrieved from /home/airflow/.local/lib/python3.12/site-packages/airflow/example_dags/tutorial_objectstorage.py
[2025-03-16T19:14:09.565+0000] {logging_mixin.py:190} INFO - [2025-03-16T19:14:09.565+0000] {dag.py:3239} INFO - Sync 1 DAGs
[2025-03-16T19:14:09.580+0000] {logging_mixin.py:190} INFO - [2025-03-16T19:14:09.580+0000] {dag.py:4180} INFO - Setting next_dagrun for tutorial_objectstorage to None, run_after=None
[2025-03-16T19:14:09.599+0000] {processor.py:208} INFO - Processing /home/airflow/.local/lib/python3.12/site-packages/airflow/example_dags/tutorial_objectstorage.py took 0.081 seconds
[2025-03-16T19:14:41.033+0000] {processor.py:186} INFO - Started process (PID=89828) to work on /home/airflow/.local/lib/python3.12/site-packages/airflow/example_dags/tutorial_objectstorage.py
[2025-03-16T19:14:41.035+0000] {processor.py:914} INFO - Processing file /home/airflow/.local/lib/python3.12/site-packages/airflow/example_dags/tutorial_objectstorage.py for tasks to queue
[2025-03-16T19:14:41.037+0000] {logging_mixin.py:190} INFO - [2025-03-16T19:14:41.037+0000] {dagbag.py:588} INFO - Filling up the DagBag from /home/airflow/.local/lib/python3.12/site-packages/airflow/example_dags/tutorial_objectstorage.py
[2025-03-16T19:14:41.050+0000] {processor.py:925} INFO - DAG(s) 'tutorial_objectstorage' retrieved from /home/airflow/.local/lib/python3.12/site-packages/airflow/example_dags/tutorial_objectstorage.py
[2025-03-16T19:14:41.075+0000] {logging_mixin.py:190} INFO - [2025-03-16T19:14:41.075+0000] {dag.py:3239} INFO - Sync 1 DAGs
[2025-03-16T19:14:41.090+0000] {logging_mixin.py:190} INFO - [2025-03-16T19:14:41.090+0000] {dag.py:4180} INFO - Setting next_dagrun for tutorial_objectstorage to None, run_after=None
[2025-03-16T19:14:41.114+0000] {processor.py:208} INFO - Processing /home/airflow/.local/lib/python3.12/site-packages/airflow/example_dags/tutorial_objectstorage.py took 0.086 seconds
[2025-03-16T19:15:12.501+0000] {processor.py:186} INFO - Started process (PID=89892) to work on /home/airflow/.local/lib/python3.12/site-packages/airflow/example_dags/tutorial_objectstorage.py
[2025-03-16T19:15:12.502+0000] {processor.py:914} INFO - Processing file /home/airflow/.local/lib/python3.12/site-packages/airflow/example_dags/tutorial_objectstorage.py for tasks to queue
[2025-03-16T19:15:12.505+0000] {logging_mixin.py:190} INFO - [2025-03-16T19:15:12.504+0000] {dagbag.py:588} INFO - Filling up the DagBag from /home/airflow/.local/lib/python3.12/site-packages/airflow/example_dags/tutorial_objectstorage.py
[2025-03-16T19:15:12.514+0000] {processor.py:925} INFO - DAG(s) 'tutorial_objectstorage' retrieved from /home/airflow/.local/lib/python3.12/site-packages/airflow/example_dags/tutorial_objectstorage.py
[2025-03-16T19:15:12.534+0000] {logging_mixin.py:190} INFO - [2025-03-16T19:15:12.534+0000] {dag.py:3239} INFO - Sync 1 DAGs
[2025-03-16T19:15:12.549+0000] {logging_mixin.py:190} INFO - [2025-03-16T19:15:12.548+0000] {dag.py:4180} INFO - Setting next_dagrun for tutorial_objectstorage to None, run_after=None
[2025-03-16T19:15:12.571+0000] {processor.py:208} INFO - Processing /home/airflow/.local/lib/python3.12/site-packages/airflow/example_dags/tutorial_objectstorage.py took 0.076 seconds
[2025-03-16T19:15:43.479+0000] {processor.py:186} INFO - Started process (PID=89956) to work on /home/airflow/.local/lib/python3.12/site-packages/airflow/example_dags/tutorial_objectstorage.py
[2025-03-16T19:15:43.480+0000] {processor.py:914} INFO - Processing file /home/airflow/.local/lib/python3.12/site-packages/airflow/example_dags/tutorial_objectstorage.py for tasks to queue
[2025-03-16T19:15:43.482+0000] {logging_mixin.py:190} INFO - [2025-03-16T19:15:43.481+0000] {dagbag.py:588} INFO - Filling up the DagBag from /home/airflow/.local/lib/python3.12/site-packages/airflow/example_dags/tutorial_objectstorage.py
[2025-03-16T19:15:43.496+0000] {processor.py:925} INFO - DAG(s) 'tutorial_objectstorage' retrieved from /home/airflow/.local/lib/python3.12/site-packages/airflow/example_dags/tutorial_objectstorage.py
[2025-03-16T19:15:43.522+0000] {logging_mixin.py:190} INFO - [2025-03-16T19:15:43.521+0000] {dag.py:3239} INFO - Sync 1 DAGs
[2025-03-16T19:15:43.541+0000] {logging_mixin.py:190} INFO - [2025-03-16T19:15:43.541+0000] {dag.py:4180} INFO - Setting next_dagrun for tutorial_objectstorage to None, run_after=None
[2025-03-16T19:15:43.569+0000] {processor.py:208} INFO - Processing /home/airflow/.local/lib/python3.12/site-packages/airflow/example_dags/tutorial_objectstorage.py took 0.103 seconds
[2025-03-16T19:16:15.362+0000] {processor.py:186} INFO - Started process (PID=90020) to work on /home/airflow/.local/lib/python3.12/site-packages/airflow/example_dags/tutorial_objectstorage.py
[2025-03-16T19:16:15.363+0000] {processor.py:914} INFO - Processing file /home/airflow/.local/lib/python3.12/site-packages/airflow/example_dags/tutorial_objectstorage.py for tasks to queue
[2025-03-16T19:16:15.365+0000] {logging_mixin.py:190} INFO - [2025-03-16T19:16:15.364+0000] {dagbag.py:588} INFO - Filling up the DagBag from /home/airflow/.local/lib/python3.12/site-packages/airflow/example_dags/tutorial_objectstorage.py
[2025-03-16T19:16:15.381+0000] {processor.py:925} INFO - DAG(s) 'tutorial_objectstorage' retrieved from /home/airflow/.local/lib/python3.12/site-packages/airflow/example_dags/tutorial_objectstorage.py
[2025-03-16T19:16:15.408+0000] {logging_mixin.py:190} INFO - [2025-03-16T19:16:15.408+0000] {dag.py:3239} INFO - Sync 1 DAGs
[2025-03-16T19:16:15.431+0000] {logging_mixin.py:190} INFO - [2025-03-16T19:16:15.431+0000] {dag.py:4180} INFO - Setting next_dagrun for tutorial_objectstorage to None, run_after=None
[2025-03-16T19:16:15.466+0000] {processor.py:208} INFO - Processing /home/airflow/.local/lib/python3.12/site-packages/airflow/example_dags/tutorial_objectstorage.py took 0.111 seconds
[2025-03-16T19:16:46.802+0000] {processor.py:186} INFO - Started process (PID=90084) to work on /home/airflow/.local/lib/python3.12/site-packages/airflow/example_dags/tutorial_objectstorage.py
[2025-03-16T19:16:46.804+0000] {processor.py:914} INFO - Processing file /home/airflow/.local/lib/python3.12/site-packages/airflow/example_dags/tutorial_objectstorage.py for tasks to queue
[2025-03-16T19:16:46.808+0000] {logging_mixin.py:190} INFO - [2025-03-16T19:16:46.807+0000] {dagbag.py:588} INFO - Filling up the DagBag from /home/airflow/.local/lib/python3.12/site-packages/airflow/example_dags/tutorial_objectstorage.py
[2025-03-16T19:16:46.819+0000] {processor.py:925} INFO - DAG(s) 'tutorial_objectstorage' retrieved from /home/airflow/.local/lib/python3.12/site-packages/airflow/example_dags/tutorial_objectstorage.py
[2025-03-16T19:16:46.850+0000] {logging_mixin.py:190} INFO - [2025-03-16T19:16:46.849+0000] {dag.py:3239} INFO - Sync 1 DAGs
[2025-03-16T19:16:46.875+0000] {logging_mixin.py:190} INFO - [2025-03-16T19:16:46.875+0000] {dag.py:4180} INFO - Setting next_dagrun for tutorial_objectstorage to None, run_after=None
[2025-03-16T19:16:46.914+0000] {processor.py:208} INFO - Processing /home/airflow/.local/lib/python3.12/site-packages/airflow/example_dags/tutorial_objectstorage.py took 0.118 seconds
[2025-03-16T19:17:18.022+0000] {processor.py:186} INFO - Started process (PID=90149) to work on /home/airflow/.local/lib/python3.12/site-packages/airflow/example_dags/tutorial_objectstorage.py
[2025-03-16T19:17:18.023+0000] {processor.py:914} INFO - Processing file /home/airflow/.local/lib/python3.12/site-packages/airflow/example_dags/tutorial_objectstorage.py for tasks to queue
[2025-03-16T19:17:18.025+0000] {logging_mixin.py:190} INFO - [2025-03-16T19:17:18.024+0000] {dagbag.py:588} INFO - Filling up the DagBag from /home/airflow/.local/lib/python3.12/site-packages/airflow/example_dags/tutorial_objectstorage.py
[2025-03-16T19:17:18.039+0000] {processor.py:925} INFO - DAG(s) 'tutorial_objectstorage' retrieved from /home/airflow/.local/lib/python3.12/site-packages/airflow/example_dags/tutorial_objectstorage.py
[2025-03-16T19:17:18.067+0000] {logging_mixin.py:190} INFO - [2025-03-16T19:17:18.067+0000] {dag.py:3239} INFO - Sync 1 DAGs
[2025-03-16T19:17:18.089+0000] {logging_mixin.py:190} INFO - [2025-03-16T19:17:18.088+0000] {dag.py:4180} INFO - Setting next_dagrun for tutorial_objectstorage to None, run_after=None
[2025-03-16T19:17:18.118+0000] {processor.py:208} INFO - Processing /home/airflow/.local/lib/python3.12/site-packages/airflow/example_dags/tutorial_objectstorage.py took 0.103 seconds
[2025-03-16T19:17:49.463+0000] {processor.py:186} INFO - Started process (PID=90212) to work on /home/airflow/.local/lib/python3.12/site-packages/airflow/example_dags/tutorial_objectstorage.py
[2025-03-16T19:17:49.465+0000] {processor.py:914} INFO - Processing file /home/airflow/.local/lib/python3.12/site-packages/airflow/example_dags/tutorial_objectstorage.py for tasks to queue
[2025-03-16T19:17:49.468+0000] {logging_mixin.py:190} INFO - [2025-03-16T19:17:49.467+0000] {dagbag.py:588} INFO - Filling up the DagBag from /home/airflow/.local/lib/python3.12/site-packages/airflow/example_dags/tutorial_objectstorage.py
[2025-03-16T19:17:49.477+0000] {processor.py:925} INFO - DAG(s) 'tutorial_objectstorage' retrieved from /home/airflow/.local/lib/python3.12/site-packages/airflow/example_dags/tutorial_objectstorage.py
[2025-03-16T19:17:49.506+0000] {logging_mixin.py:190} INFO - [2025-03-16T19:17:49.505+0000] {dag.py:3239} INFO - Sync 1 DAGs
[2025-03-16T19:17:49.522+0000] {logging_mixin.py:190} INFO - [2025-03-16T19:17:49.522+0000] {dag.py:4180} INFO - Setting next_dagrun for tutorial_objectstorage to None, run_after=None
[2025-03-16T19:17:49.551+0000] {processor.py:208} INFO - Processing /home/airflow/.local/lib/python3.12/site-packages/airflow/example_dags/tutorial_objectstorage.py took 0.094 seconds
[2025-03-16T19:18:20.687+0000] {processor.py:186} INFO - Started process (PID=90277) to work on /home/airflow/.local/lib/python3.12/site-packages/airflow/example_dags/tutorial_objectstorage.py
[2025-03-16T19:18:20.689+0000] {processor.py:914} INFO - Processing file /home/airflow/.local/lib/python3.12/site-packages/airflow/example_dags/tutorial_objectstorage.py for tasks to queue
[2025-03-16T19:18:20.692+0000] {logging_mixin.py:190} INFO - [2025-03-16T19:18:20.692+0000] {dagbag.py:588} INFO - Filling up the DagBag from /home/airflow/.local/lib/python3.12/site-packages/airflow/example_dags/tutorial_objectstorage.py
[2025-03-16T19:18:20.705+0000] {processor.py:925} INFO - DAG(s) 'tutorial_objectstorage' retrieved from /home/airflow/.local/lib/python3.12/site-packages/airflow/example_dags/tutorial_objectstorage.py
[2025-03-16T19:18:20.735+0000] {logging_mixin.py:190} INFO - [2025-03-16T19:18:20.734+0000] {dag.py:3239} INFO - Sync 1 DAGs
[2025-03-16T19:18:20.755+0000] {logging_mixin.py:190} INFO - [2025-03-16T19:18:20.754+0000] {dag.py:4180} INFO - Setting next_dagrun for tutorial_objectstorage to None, run_after=None
[2025-03-16T19:18:20.784+0000] {processor.py:208} INFO - Processing /home/airflow/.local/lib/python3.12/site-packages/airflow/example_dags/tutorial_objectstorage.py took 0.103 seconds
[2025-03-16T19:18:51.963+0000] {processor.py:186} INFO - Started process (PID=90341) to work on /home/airflow/.local/lib/python3.12/site-packages/airflow/example_dags/tutorial_objectstorage.py
[2025-03-16T19:18:51.965+0000] {processor.py:914} INFO - Processing file /home/airflow/.local/lib/python3.12/site-packages/airflow/example_dags/tutorial_objectstorage.py for tasks to queue
[2025-03-16T19:18:51.968+0000] {logging_mixin.py:190} INFO - [2025-03-16T19:18:51.967+0000] {dagbag.py:588} INFO - Filling up the DagBag from /home/airflow/.local/lib/python3.12/site-packages/airflow/example_dags/tutorial_objectstorage.py
[2025-03-16T19:18:51.982+0000] {processor.py:925} INFO - DAG(s) 'tutorial_objectstorage' retrieved from /home/airflow/.local/lib/python3.12/site-packages/airflow/example_dags/tutorial_objectstorage.py
[2025-03-16T19:18:52.014+0000] {logging_mixin.py:190} INFO - [2025-03-16T19:18:52.013+0000] {dag.py:3239} INFO - Sync 1 DAGs
[2025-03-16T19:18:52.036+0000] {logging_mixin.py:190} INFO - [2025-03-16T19:18:52.036+0000] {dag.py:4180} INFO - Setting next_dagrun for tutorial_objectstorage to None, run_after=None
[2025-03-16T19:18:52.071+0000] {processor.py:208} INFO - Processing /home/airflow/.local/lib/python3.12/site-packages/airflow/example_dags/tutorial_objectstorage.py took 0.115 seconds
[2025-03-16T19:19:23.040+0000] {processor.py:186} INFO - Started process (PID=90405) to work on /home/airflow/.local/lib/python3.12/site-packages/airflow/example_dags/tutorial_objectstorage.py
[2025-03-16T19:19:23.042+0000] {processor.py:914} INFO - Processing file /home/airflow/.local/lib/python3.12/site-packages/airflow/example_dags/tutorial_objectstorage.py for tasks to queue
[2025-03-16T19:19:23.044+0000] {logging_mixin.py:190} INFO - [2025-03-16T19:19:23.044+0000] {dagbag.py:588} INFO - Filling up the DagBag from /home/airflow/.local/lib/python3.12/site-packages/airflow/example_dags/tutorial_objectstorage.py
[2025-03-16T19:19:23.062+0000] {processor.py:925} INFO - DAG(s) 'tutorial_objectstorage' retrieved from /home/airflow/.local/lib/python3.12/site-packages/airflow/example_dags/tutorial_objectstorage.py
[2025-03-16T19:19:23.094+0000] {logging_mixin.py:190} INFO - [2025-03-16T19:19:23.094+0000] {dag.py:3239} INFO - Sync 1 DAGs
[2025-03-16T19:19:23.118+0000] {logging_mixin.py:190} INFO - [2025-03-16T19:19:23.118+0000] {dag.py:4180} INFO - Setting next_dagrun for tutorial_objectstorage to None, run_after=None
[2025-03-16T19:19:23.151+0000] {processor.py:208} INFO - Processing /home/airflow/.local/lib/python3.12/site-packages/airflow/example_dags/tutorial_objectstorage.py took 0.123 seconds
[2025-03-16T19:19:54.295+0000] {processor.py:186} INFO - Started process (PID=90469) to work on /home/airflow/.local/lib/python3.12/site-packages/airflow/example_dags/tutorial_objectstorage.py
[2025-03-16T19:19:54.297+0000] {processor.py:914} INFO - Processing file /home/airflow/.local/lib/python3.12/site-packages/airflow/example_dags/tutorial_objectstorage.py for tasks to queue
[2025-03-16T19:19:54.299+0000] {logging_mixin.py:190} INFO - [2025-03-16T19:19:54.299+0000] {dagbag.py:588} INFO - Filling up the DagBag from /home/airflow/.local/lib/python3.12/site-packages/airflow/example_dags/tutorial_objectstorage.py
[2025-03-16T19:19:54.317+0000] {processor.py:925} INFO - DAG(s) 'tutorial_objectstorage' retrieved from /home/airflow/.local/lib/python3.12/site-packages/airflow/example_dags/tutorial_objectstorage.py
[2025-03-16T19:19:54.349+0000] {logging_mixin.py:190} INFO - [2025-03-16T19:19:54.348+0000] {dag.py:3239} INFO - Sync 1 DAGs
[2025-03-16T19:19:54.369+0000] {logging_mixin.py:190} INFO - [2025-03-16T19:19:54.368+0000] {dag.py:4180} INFO - Setting next_dagrun for tutorial_objectstorage to None, run_after=None
[2025-03-16T19:19:54.400+0000] {processor.py:208} INFO - Processing /home/airflow/.local/lib/python3.12/site-packages/airflow/example_dags/tutorial_objectstorage.py took 0.112 seconds
[2025-03-16T19:20:25.526+0000] {processor.py:186} INFO - Started process (PID=90539) to work on /home/airflow/.local/lib/python3.12/site-packages/airflow/example_dags/tutorial_objectstorage.py
[2025-03-16T19:20:25.528+0000] {processor.py:914} INFO - Processing file /home/airflow/.local/lib/python3.12/site-packages/airflow/example_dags/tutorial_objectstorage.py for tasks to queue
[2025-03-16T19:20:25.530+0000] {logging_mixin.py:190} INFO - [2025-03-16T19:20:25.529+0000] {dagbag.py:588} INFO - Filling up the DagBag from /home/airflow/.local/lib/python3.12/site-packages/airflow/example_dags/tutorial_objectstorage.py
[2025-03-16T19:20:25.546+0000] {processor.py:925} INFO - DAG(s) 'tutorial_objectstorage' retrieved from /home/airflow/.local/lib/python3.12/site-packages/airflow/example_dags/tutorial_objectstorage.py
[2025-03-16T19:20:25.577+0000] {logging_mixin.py:190} INFO - [2025-03-16T19:20:25.576+0000] {dag.py:3239} INFO - Sync 1 DAGs
[2025-03-16T19:20:25.595+0000] {logging_mixin.py:190} INFO - [2025-03-16T19:20:25.595+0000] {dag.py:4180} INFO - Setting next_dagrun for tutorial_objectstorage to None, run_after=None
[2025-03-16T19:20:25.627+0000] {processor.py:208} INFO - Processing /home/airflow/.local/lib/python3.12/site-packages/airflow/example_dags/tutorial_objectstorage.py took 0.110 seconds
[2025-03-16T19:20:56.808+0000] {processor.py:186} INFO - Started process (PID=90603) to work on /home/airflow/.local/lib/python3.12/site-packages/airflow/example_dags/tutorial_objectstorage.py
[2025-03-16T19:20:56.810+0000] {processor.py:914} INFO - Processing file /home/airflow/.local/lib/python3.12/site-packages/airflow/example_dags/tutorial_objectstorage.py for tasks to queue
[2025-03-16T19:20:56.812+0000] {logging_mixin.py:190} INFO - [2025-03-16T19:20:56.811+0000] {dagbag.py:588} INFO - Filling up the DagBag from /home/airflow/.local/lib/python3.12/site-packages/airflow/example_dags/tutorial_objectstorage.py
[2025-03-16T19:20:56.826+0000] {processor.py:925} INFO - DAG(s) 'tutorial_objectstorage' retrieved from /home/airflow/.local/lib/python3.12/site-packages/airflow/example_dags/tutorial_objectstorage.py
[2025-03-16T19:20:56.855+0000] {logging_mixin.py:190} INFO - [2025-03-16T19:20:56.854+0000] {dag.py:3239} INFO - Sync 1 DAGs
[2025-03-16T19:20:56.874+0000] {logging_mixin.py:190} INFO - [2025-03-16T19:20:56.874+0000] {dag.py:4180} INFO - Setting next_dagrun for tutorial_objectstorage to None, run_after=None
[2025-03-16T19:20:56.908+0000] {processor.py:208} INFO - Processing /home/airflow/.local/lib/python3.12/site-packages/airflow/example_dags/tutorial_objectstorage.py took 0.108 seconds
[2025-03-16T19:21:28.759+0000] {processor.py:186} INFO - Started process (PID=90667) to work on /home/airflow/.local/lib/python3.12/site-packages/airflow/example_dags/tutorial_objectstorage.py
[2025-03-16T19:21:28.762+0000] {processor.py:914} INFO - Processing file /home/airflow/.local/lib/python3.12/site-packages/airflow/example_dags/tutorial_objectstorage.py for tasks to queue
[2025-03-16T19:21:28.764+0000] {logging_mixin.py:190} INFO - [2025-03-16T19:21:28.763+0000] {dagbag.py:588} INFO - Filling up the DagBag from /home/airflow/.local/lib/python3.12/site-packages/airflow/example_dags/tutorial_objectstorage.py
[2025-03-16T19:21:28.774+0000] {processor.py:925} INFO - DAG(s) 'tutorial_objectstorage' retrieved from /home/airflow/.local/lib/python3.12/site-packages/airflow/example_dags/tutorial_objectstorage.py
[2025-03-16T19:21:28.800+0000] {logging_mixin.py:190} INFO - [2025-03-16T19:21:28.800+0000] {dag.py:3239} INFO - Sync 1 DAGs
[2025-03-16T19:21:28.818+0000] {logging_mixin.py:190} INFO - [2025-03-16T19:21:28.818+0000] {dag.py:4180} INFO - Setting next_dagrun for tutorial_objectstorage to None, run_after=None
[2025-03-16T19:21:28.845+0000] {processor.py:208} INFO - Processing /home/airflow/.local/lib/python3.12/site-packages/airflow/example_dags/tutorial_objectstorage.py took 0.092 seconds
[2025-03-16T19:22:00.168+0000] {processor.py:186} INFO - Started process (PID=90731) to work on /home/airflow/.local/lib/python3.12/site-packages/airflow/example_dags/tutorial_objectstorage.py
[2025-03-16T19:22:00.170+0000] {processor.py:914} INFO - Processing file /home/airflow/.local/lib/python3.12/site-packages/airflow/example_dags/tutorial_objectstorage.py for tasks to queue
[2025-03-16T19:22:00.173+0000] {logging_mixin.py:190} INFO - [2025-03-16T19:22:00.172+0000] {dagbag.py:588} INFO - Filling up the DagBag from /home/airflow/.local/lib/python3.12/site-packages/airflow/example_dags/tutorial_objectstorage.py
[2025-03-16T19:22:00.186+0000] {processor.py:925} INFO - DAG(s) 'tutorial_objectstorage' retrieved from /home/airflow/.local/lib/python3.12/site-packages/airflow/example_dags/tutorial_objectstorage.py
[2025-03-16T19:22:00.219+0000] {logging_mixin.py:190} INFO - [2025-03-16T19:22:00.219+0000] {dag.py:3239} INFO - Sync 1 DAGs
[2025-03-16T19:22:00.241+0000] {logging_mixin.py:190} INFO - [2025-03-16T19:22:00.241+0000] {dag.py:4180} INFO - Setting next_dagrun for tutorial_objectstorage to None, run_after=None
[2025-03-16T19:22:00.269+0000] {processor.py:208} INFO - Processing /home/airflow/.local/lib/python3.12/site-packages/airflow/example_dags/tutorial_objectstorage.py took 0.110 seconds
[2025-03-16T19:22:31.626+0000] {processor.py:186} INFO - Started process (PID=90795) to work on /home/airflow/.local/lib/python3.12/site-packages/airflow/example_dags/tutorial_objectstorage.py
[2025-03-16T19:22:31.628+0000] {processor.py:914} INFO - Processing file /home/airflow/.local/lib/python3.12/site-packages/airflow/example_dags/tutorial_objectstorage.py for tasks to queue
[2025-03-16T19:22:31.630+0000] {logging_mixin.py:190} INFO - [2025-03-16T19:22:31.629+0000] {dagbag.py:588} INFO - Filling up the DagBag from /home/airflow/.local/lib/python3.12/site-packages/airflow/example_dags/tutorial_objectstorage.py
[2025-03-16T19:22:31.646+0000] {processor.py:925} INFO - DAG(s) 'tutorial_objectstorage' retrieved from /home/airflow/.local/lib/python3.12/site-packages/airflow/example_dags/tutorial_objectstorage.py
[2025-03-16T19:22:31.681+0000] {logging_mixin.py:190} INFO - [2025-03-16T19:22:31.681+0000] {dag.py:3239} INFO - Sync 1 DAGs
[2025-03-16T19:22:31.710+0000] {logging_mixin.py:190} INFO - [2025-03-16T19:22:31.709+0000] {dag.py:4180} INFO - Setting next_dagrun for tutorial_objectstorage to None, run_after=None
[2025-03-16T19:22:31.748+0000] {processor.py:208} INFO - Processing /home/airflow/.local/lib/python3.12/site-packages/airflow/example_dags/tutorial_objectstorage.py took 0.135 seconds
[2025-03-16T19:23:02.608+0000] {processor.py:186} INFO - Started process (PID=90858) to work on /home/airflow/.local/lib/python3.12/site-packages/airflow/example_dags/tutorial_objectstorage.py
[2025-03-16T19:23:02.610+0000] {processor.py:914} INFO - Processing file /home/airflow/.local/lib/python3.12/site-packages/airflow/example_dags/tutorial_objectstorage.py for tasks to queue
[2025-03-16T19:23:02.613+0000] {logging_mixin.py:190} INFO - [2025-03-16T19:23:02.613+0000] {dagbag.py:588} INFO - Filling up the DagBag from /home/airflow/.local/lib/python3.12/site-packages/airflow/example_dags/tutorial_objectstorage.py
[2025-03-16T19:23:02.613+0000] {processor.py:925} INFO - DAG(s) 'tutorial_objectstorage' retrieved from /home/airflow/.local/lib/python3.12/site-packages/airflow/example_dags/tutorial_objectstorage.py
[2025-03-16T19:23:02.646+0000] {logging_mixin.py:190} INFO - [2025-03-16T19:23:02.645+0000] {dag.py:3239} INFO - Sync 1 DAGs
[2025-03-16T19:23:02.671+0000] {logging_mixin.py:190} INFO - [2025-03-16T19:23:02.671+0000] {dag.py:4180} INFO - Setting next_dagrun for tutorial_objectstorage to None, run_after=None
[2025-03-16T19:23:02.707+0000] {processor.py:208} INFO - Processing /home/airflow/.local/lib/python3.12/site-packages/airflow/example_dags/tutorial_objectstorage.py took 0.127 seconds
[2025-03-16T19:23:34.527+0000] {processor.py:186} INFO - Started process (PID=90922) to work on /home/airflow/.local/lib/python3.12/site-packages/airflow/example_dags/tutorial_objectstorage.py
[2025-03-16T19:23:34.531+0000] {processor.py:914} INFO - Processing file /home/airflow/.local/lib/python3.12/site-packages/airflow/example_dags/tutorial_objectstorage.py for tasks to queue
[2025-03-16T19:23:34.534+0000] {logging_mixin.py:190} INFO - [2025-03-16T19:23:34.533+0000] {dagbag.py:588} INFO - Filling up the DagBag from /home/airflow/.local/lib/python3.12/site-packages/airflow/example_dags/tutorial_objectstorage.py
[2025-03-16T19:23:34.550+0000] {processor.py:925} INFO - DAG(s) 'tutorial_objectstorage' retrieved from /home/airflow/.local/lib/python3.12/site-packages/airflow/example_dags/tutorial_objectstorage.py
[2025-03-16T19:23:34.585+0000] {logging_mixin.py:190} INFO - [2025-03-16T19:23:34.585+0000] {dag.py:3239} INFO - Sync 1 DAGs
[2025-03-16T19:23:34.612+0000] {logging_mixin.py:190} INFO - [2025-03-16T19:23:34.611+0000] {dag.py:4180} INFO - Setting next_dagrun for tutorial_objectstorage to None, run_after=None
[2025-03-16T19:23:34.648+0000] {processor.py:208} INFO - Processing /home/airflow/.local/lib/python3.12/site-packages/airflow/example_dags/tutorial_objectstorage.py took 0.130 seconds
[2025-03-16T19:24:06.014+0000] {processor.py:186} INFO - Started process (PID=90986) to work on /home/airflow/.local/lib/python3.12/site-packages/airflow/example_dags/tutorial_objectstorage.py
[2025-03-16T19:24:06.016+0000] {processor.py:914} INFO - Processing file /home/airflow/.local/lib/python3.12/site-packages/airflow/example_dags/tutorial_objectstorage.py for tasks to queue
[2025-03-16T19:24:06.019+0000] {logging_mixin.py:190} INFO - [2025-03-16T19:24:06.018+0000] {dagbag.py:588} INFO - Filling up the DagBag from /home/airflow/.local/lib/python3.12/site-packages/airflow/example_dags/tutorial_objectstorage.py
[2025-03-16T19:24:06.040+0000] {processor.py:925} INFO - DAG(s) 'tutorial_objectstorage' retrieved from /home/airflow/.local/lib/python3.12/site-packages/airflow/example_dags/tutorial_objectstorage.py
[2025-03-16T19:24:06.077+0000] {logging_mixin.py:190} INFO - [2025-03-16T19:24:06.077+0000] {dag.py:3239} INFO - Sync 1 DAGs
[2025-03-16T19:24:06.108+0000] {logging_mixin.py:190} INFO - [2025-03-16T19:24:06.107+0000] {dag.py:4180} INFO - Setting next_dagrun for tutorial_objectstorage to None, run_after=None
[2025-03-16T19:24:06.148+0000] {processor.py:208} INFO - Processing /home/airflow/.local/lib/python3.12/site-packages/airflow/example_dags/tutorial_objectstorage.py took 0.152 seconds
[2025-03-16T19:24:37.955+0000] {processor.py:186} INFO - Started process (PID=91052) to work on /home/airflow/.local/lib/python3.12/site-packages/airflow/example_dags/tutorial_objectstorage.py
[2025-03-16T19:24:37.957+0000] {processor.py:914} INFO - Processing file /home/airflow/.local/lib/python3.12/site-packages/airflow/example_dags/tutorial_objectstorage.py for tasks to queue
[2025-03-16T19:24:37.959+0000] {logging_mixin.py:190} INFO - [2025-03-16T19:24:37.958+0000] {dagbag.py:588} INFO - Filling up the DagBag from /home/airflow/.local/lib/python3.12/site-packages/airflow/example_dags/tutorial_objectstorage.py
[2025-03-16T19:24:37.975+0000] {processor.py:925} INFO - DAG(s) 'tutorial_objectstorage' retrieved from /home/airflow/.local/lib/python3.12/site-packages/airflow/example_dags/tutorial_objectstorage.py
[2025-03-16T19:24:38.008+0000] {logging_mixin.py:190} INFO - [2025-03-16T19:24:38.008+0000] {dag.py:3239} INFO - Sync 1 DAGs
[2025-03-16T19:24:38.036+0000] {logging_mixin.py:190} INFO - [2025-03-16T19:24:38.036+0000] {dag.py:4180} INFO - Setting next_dagrun for tutorial_objectstorage to None, run_after=None
[2025-03-16T19:24:38.070+0000] {processor.py:208} INFO - Processing /home/airflow/.local/lib/python3.12/site-packages/airflow/example_dags/tutorial_objectstorage.py took 0.127 seconds
[2025-03-16T19:25:10.006+0000] {processor.py:186} INFO - Started process (PID=91115) to work on /home/airflow/.local/lib/python3.12/site-packages/airflow/example_dags/tutorial_objectstorage.py
[2025-03-16T19:25:10.007+0000] {processor.py:914} INFO - Processing file /home/airflow/.local/lib/python3.12/site-packages/airflow/example_dags/tutorial_objectstorage.py for tasks to queue
[2025-03-16T19:25:10.010+0000] {logging_mixin.py:190} INFO - [2025-03-16T19:25:10.010+0000] {dagbag.py:588} INFO - Filling up the DagBag from /home/airflow/.local/lib/python3.12/site-packages/airflow/example_dags/tutorial_objectstorage.py
[2025-03-16T19:25:10.031+0000] {processor.py:925} INFO - DAG(s) 'tutorial_objectstorage' retrieved from /home/airflow/.local/lib/python3.12/site-packages/airflow/example_dags/tutorial_objectstorage.py
[2025-03-16T19:25:10.066+0000] {logging_mixin.py:190} INFO - [2025-03-16T19:25:10.065+0000] {dag.py:3239} INFO - Sync 1 DAGs
[2025-03-16T19:25:10.090+0000] {logging_mixin.py:190} INFO - [2025-03-16T19:25:10.090+0000] {dag.py:4180} INFO - Setting next_dagrun for tutorial_objectstorage to None, run_after=None
[2025-03-16T19:25:10.125+0000] {processor.py:208} INFO - Processing /home/airflow/.local/lib/python3.12/site-packages/airflow/example_dags/tutorial_objectstorage.py took 0.130 seconds
[2025-03-16T19:25:41.876+0000] {processor.py:186} INFO - Started process (PID=91182) to work on /home/airflow/.local/lib/python3.12/site-packages/airflow/example_dags/tutorial_objectstorage.py
[2025-03-16T19:25:41.878+0000] {processor.py:914} INFO - Processing file /home/airflow/.local/lib/python3.12/site-packages/airflow/example_dags/tutorial_objectstorage.py for tasks to queue
[2025-03-16T19:25:41.880+0000] {logging_mixin.py:190} INFO - [2025-03-16T19:25:41.880+0000] {dagbag.py:588} INFO - Filling up the DagBag from /home/airflow/.local/lib/python3.12/site-packages/airflow/example_dags/tutorial_objectstorage.py
[2025-03-16T19:25:41.900+0000] {processor.py:925} INFO - DAG(s) 'tutorial_objectstorage' retrieved from /home/airflow/.local/lib/python3.12/site-packages/airflow/example_dags/tutorial_objectstorage.py
[2025-03-16T19:25:41.935+0000] {logging_mixin.py:190} INFO - [2025-03-16T19:25:41.935+0000] {dag.py:3239} INFO - Sync 1 DAGs
[2025-03-16T19:25:41.965+0000] {logging_mixin.py:190} INFO - [2025-03-16T19:25:41.964+0000] {dag.py:4180} INFO - Setting next_dagrun for tutorial_objectstorage to None, run_after=None
[2025-03-16T19:25:42.009+0000] {processor.py:208} INFO - Processing /home/airflow/.local/lib/python3.12/site-packages/airflow/example_dags/tutorial_objectstorage.py took 0.143 seconds
[2025-03-16T19:26:12.697+0000] {processor.py:186} INFO - Started process (PID=91246) to work on /home/airflow/.local/lib/python3.12/site-packages/airflow/example_dags/tutorial_objectstorage.py
[2025-03-16T19:26:12.698+0000] {processor.py:914} INFO - Processing file /home/airflow/.local/lib/python3.12/site-packages/airflow/example_dags/tutorial_objectstorage.py for tasks to queue
[2025-03-16T19:26:12.701+0000] {logging_mixin.py:190} INFO - [2025-03-16T19:26:12.700+0000] {dagbag.py:588} INFO - Filling up the DagBag from /home/airflow/.local/lib/python3.12/site-packages/airflow/example_dags/tutorial_objectstorage.py
[2025-03-16T19:26:12.722+0000] {processor.py:925} INFO - DAG(s) 'tutorial_objectstorage' retrieved from /home/airflow/.local/lib/python3.12/site-packages/airflow/example_dags/tutorial_objectstorage.py
[2025-03-16T19:26:12.755+0000] {logging_mixin.py:190} INFO - [2025-03-16T19:26:12.755+0000] {dag.py:3239} INFO - Sync 1 DAGs
[2025-03-16T19:26:12.780+0000] {logging_mixin.py:190} INFO - [2025-03-16T19:26:12.780+0000] {dag.py:4180} INFO - Setting next_dagrun for tutorial_objectstorage to None, run_after=None
[2025-03-16T19:26:12.814+0000] {processor.py:208} INFO - Processing /home/airflow/.local/lib/python3.12/site-packages/airflow/example_dags/tutorial_objectstorage.py took 0.127 seconds
[2025-03-16T19:26:44.319+0000] {processor.py:186} INFO - Started process (PID=91313) to work on /home/airflow/.local/lib/python3.12/site-packages/airflow/example_dags/tutorial_objectstorage.py
[2025-03-16T19:26:44.320+0000] {processor.py:914} INFO - Processing file /home/airflow/.local/lib/python3.12/site-packages/airflow/example_dags/tutorial_objectstorage.py for tasks to queue
[2025-03-16T19:26:44.322+0000] {logging_mixin.py:190} INFO - [2025-03-16T19:26:44.322+0000] {dagbag.py:588} INFO - Filling up the DagBag from /home/airflow/.local/lib/python3.12/site-packages/airflow/example_dags/tutorial_objectstorage.py
[2025-03-16T19:26:44.337+0000] {processor.py:925} INFO - DAG(s) 'tutorial_objectstorage' retrieved from /home/airflow/.local/lib/python3.12/site-packages/airflow/example_dags/tutorial_objectstorage.py
[2025-03-16T19:26:44.377+0000] {logging_mixin.py:190} INFO - [2025-03-16T19:26:44.376+0000] {dag.py:3239} INFO - Sync 1 DAGs
[2025-03-16T19:26:44.406+0000] {logging_mixin.py:190} INFO - [2025-03-16T19:26:44.406+0000] {dag.py:4180} INFO - Setting next_dagrun for tutorial_objectstorage to None, run_after=None
[2025-03-16T19:26:44.441+0000] {processor.py:208} INFO - Processing /home/airflow/.local/lib/python3.12/site-packages/airflow/example_dags/tutorial_objectstorage.py took 0.133 seconds
[2025-03-16T19:27:14.935+0000] {processor.py:186} INFO - Started process (PID=91376) to work on /home/airflow/.local/lib/python3.12/site-packages/airflow/example_dags/tutorial_objectstorage.py
[2025-03-16T19:27:14.937+0000] {processor.py:914} INFO - Processing file /home/airflow/.local/lib/python3.12/site-packages/airflow/example_dags/tutorial_objectstorage.py for tasks to queue
[2025-03-16T19:27:14.939+0000] {logging_mixin.py:190} INFO - [2025-03-16T19:27:14.938+0000] {dagbag.py:588} INFO - Filling up the DagBag from /home/airflow/.local/lib/python3.12/site-packages/airflow/example_dags/tutorial_objectstorage.py
[2025-03-16T19:27:14.953+0000] {processor.py:925} INFO - DAG(s) 'tutorial_objectstorage' retrieved from /home/airflow/.local/lib/python3.12/site-packages/airflow/example_dags/tutorial_objectstorage.py
[2025-03-16T19:27:14.983+0000] {logging_mixin.py:190} INFO - [2025-03-16T19:27:14.983+0000] {dag.py:3239} INFO - Sync 1 DAGs
[2025-03-16T19:27:15.010+0000] {logging_mixin.py:190} INFO - [2025-03-16T19:27:15.009+0000] {dag.py:4180} INFO - Setting next_dagrun for tutorial_objectstorage to None, run_after=None
[2025-03-16T19:27:15.042+0000] {processor.py:208} INFO - Processing /home/airflow/.local/lib/python3.12/site-packages/airflow/example_dags/tutorial_objectstorage.py took 0.118 seconds
[2025-03-16T19:27:45.722+0000] {processor.py:186} INFO - Started process (PID=91440) to work on /home/airflow/.local/lib/python3.12/site-packages/airflow/example_dags/tutorial_objectstorage.py
[2025-03-16T19:27:45.723+0000] {processor.py:914} INFO - Processing file /home/airflow/.local/lib/python3.12/site-packages/airflow/example_dags/tutorial_objectstorage.py for tasks to queue
[2025-03-16T19:27:45.726+0000] {logging_mixin.py:190} INFO - [2025-03-16T19:27:45.725+0000] {dagbag.py:588} INFO - Filling up the DagBag from /home/airflow/.local/lib/python3.12/site-packages/airflow/example_dags/tutorial_objectstorage.py
[2025-03-16T19:27:45.744+0000] {processor.py:925} INFO - DAG(s) 'tutorial_objectstorage' retrieved from /home/airflow/.local/lib/python3.12/site-packages/airflow/example_dags/tutorial_objectstorage.py
[2025-03-16T19:27:45.778+0000] {logging_mixin.py:190} INFO - [2025-03-16T19:27:45.778+0000] {dag.py:3239} INFO - Sync 1 DAGs
[2025-03-16T19:27:45.805+0000] {logging_mixin.py:190} INFO - [2025-03-16T19:27:45.804+0000] {dag.py:4180} INFO - Setting next_dagrun for tutorial_objectstorage to None, run_after=None
[2025-03-16T19:27:45.843+0000] {processor.py:208} INFO - Processing /home/airflow/.local/lib/python3.12/site-packages/airflow/example_dags/tutorial_objectstorage.py took 0.133 seconds
[2025-03-16T19:28:16.714+0000] {processor.py:186} INFO - Started process (PID=91504) to work on /home/airflow/.local/lib/python3.12/site-packages/airflow/example_dags/tutorial_objectstorage.py
[2025-03-16T19:28:16.716+0000] {processor.py:914} INFO - Processing file /home/airflow/.local/lib/python3.12/site-packages/airflow/example_dags/tutorial_objectstorage.py for tasks to queue
[2025-03-16T19:28:16.720+0000] {logging_mixin.py:190} INFO - [2025-03-16T19:28:16.719+0000] {dagbag.py:588} INFO - Filling up the DagBag from /home/airflow/.local/lib/python3.12/site-packages/airflow/example_dags/tutorial_objectstorage.py
[2025-03-16T19:28:16.737+0000] {processor.py:925} INFO - DAG(s) 'tutorial_objectstorage' retrieved from /home/airflow/.local/lib/python3.12/site-packages/airflow/example_dags/tutorial_objectstorage.py
[2025-03-16T19:28:16.772+0000] {logging_mixin.py:190} INFO - [2025-03-16T19:28:16.771+0000] {dag.py:3239} INFO - Sync 1 DAGs
[2025-03-16T19:28:16.796+0000] {logging_mixin.py:190} INFO - [2025-03-16T19:28:16.795+0000] {dag.py:4180} INFO - Setting next_dagrun for tutorial_objectstorage to None, run_after=None
[2025-03-16T19:28:16.832+0000] {processor.py:208} INFO - Processing /home/airflow/.local/lib/python3.12/site-packages/airflow/example_dags/tutorial_objectstorage.py took 0.127 seconds
[2025-03-16T19:28:47.077+0000] {processor.py:186} INFO - Started process (PID=91568) to work on /home/airflow/.local/lib/python3.12/site-packages/airflow/example_dags/tutorial_objectstorage.py
[2025-03-16T19:28:47.080+0000] {processor.py:914} INFO - Processing file /home/airflow/.local/lib/python3.12/site-packages/airflow/example_dags/tutorial_objectstorage.py for tasks to queue
[2025-03-16T19:28:47.082+0000] {logging_mixin.py:190} INFO - [2025-03-16T19:28:47.081+0000] {dagbag.py:588} INFO - Filling up the DagBag from /home/airflow/.local/lib/python3.12/site-packages/airflow/example_dags/tutorial_objectstorage.py
[2025-03-16T19:28:47.098+0000] {processor.py:925} INFO - DAG(s) 'tutorial_objectstorage' retrieved from /home/airflow/.local/lib/python3.12/site-packages/airflow/example_dags/tutorial_objectstorage.py
[2025-03-16T19:28:47.135+0000] {logging_mixin.py:190} INFO - [2025-03-16T19:28:47.135+0000] {dag.py:3239} INFO - Sync 1 DAGs
[2025-03-16T19:28:47.165+0000] {logging_mixin.py:190} INFO - [2025-03-16T19:28:47.165+0000] {dag.py:4180} INFO - Setting next_dagrun for tutorial_objectstorage to None, run_after=None
[2025-03-16T19:28:47.203+0000] {processor.py:208} INFO - Processing /home/airflow/.local/lib/python3.12/site-packages/airflow/example_dags/tutorial_objectstorage.py took 0.134 seconds
[2025-03-16T19:29:18.289+0000] {processor.py:186} INFO - Started process (PID=91632) to work on /home/airflow/.local/lib/python3.12/site-packages/airflow/example_dags/tutorial_objectstorage.py
[2025-03-16T19:29:18.290+0000] {processor.py:914} INFO - Processing file /home/airflow/.local/lib/python3.12/site-packages/airflow/example_dags/tutorial_objectstorage.py for tasks to queue
[2025-03-16T19:29:18.293+0000] {logging_mixin.py:190} INFO - [2025-03-16T19:29:18.292+0000] {dagbag.py:588} INFO - Filling up the DagBag from /home/airflow/.local/lib/python3.12/site-packages/airflow/example_dags/tutorial_objectstorage.py
[2025-03-16T19:29:18.311+0000] {processor.py:925} INFO - DAG(s) 'tutorial_objectstorage' retrieved from /home/airflow/.local/lib/python3.12/site-packages/airflow/example_dags/tutorial_objectstorage.py
[2025-03-16T19:29:18.345+0000] {logging_mixin.py:190} INFO - [2025-03-16T19:29:18.345+0000] {dag.py:3239} INFO - Sync 1 DAGs
[2025-03-16T19:29:18.373+0000] {logging_mixin.py:190} INFO - [2025-03-16T19:29:18.372+0000] {dag.py:4180} INFO - Setting next_dagrun for tutorial_objectstorage to None, run_after=None
[2025-03-16T19:29:18.410+0000] {processor.py:208} INFO - Processing /home/airflow/.local/lib/python3.12/site-packages/airflow/example_dags/tutorial_objectstorage.py took 0.136 seconds
[2025-03-16T19:29:49.660+0000] {processor.py:186} INFO - Started process (PID=91696) to work on /home/airflow/.local/lib/python3.12/site-packages/airflow/example_dags/tutorial_objectstorage.py
[2025-03-16T19:29:49.662+0000] {processor.py:914} INFO - Processing file /home/airflow/.local/lib/python3.12/site-packages/airflow/example_dags/tutorial_objectstorage.py for tasks to queue
[2025-03-16T19:29:49.665+0000] {logging_mixin.py:190} INFO - [2025-03-16T19:29:49.664+0000] {dagbag.py:588} INFO - Filling up the DagBag from /home/airflow/.local/lib/python3.12/site-packages/airflow/example_dags/tutorial_objectstorage.py
[2025-03-16T19:29:49.681+0000] {processor.py:925} INFO - DAG(s) 'tutorial_objectstorage' retrieved from /home/airflow/.local/lib/python3.12/site-packages/airflow/example_dags/tutorial_objectstorage.py
[2025-03-16T19:29:49.715+0000] {logging_mixin.py:190} INFO - [2025-03-16T19:29:49.715+0000] {dag.py:3239} INFO - Sync 1 DAGs
[2025-03-16T19:29:50.015+0000] {logging_mixin.py:190} INFO - [2025-03-16T19:29:50.014+0000] {dag.py:4180} INFO - Setting next_dagrun for tutorial_objectstorage to None, run_after=None
[2025-03-16T19:29:50.049+0000] {processor.py:208} INFO - Processing /home/airflow/.local/lib/python3.12/site-packages/airflow/example_dags/tutorial_objectstorage.py took 0.399 seconds
[2025-03-16T19:30:21.113+0000] {processor.py:186} INFO - Started process (PID=91761) to work on /home/airflow/.local/lib/python3.12/site-packages/airflow/example_dags/tutorial_objectstorage.py
[2025-03-16T19:30:21.116+0000] {processor.py:914} INFO - Processing file /home/airflow/.local/lib/python3.12/site-packages/airflow/example_dags/tutorial_objectstorage.py for tasks to queue
[2025-03-16T19:30:21.119+0000] {logging_mixin.py:190} INFO - [2025-03-16T19:30:21.118+0000] {dagbag.py:588} INFO - Filling up the DagBag from /home/airflow/.local/lib/python3.12/site-packages/airflow/example_dags/tutorial_objectstorage.py
[2025-03-16T19:30:21.140+0000] {processor.py:925} INFO - DAG(s) 'tutorial_objectstorage' retrieved from /home/airflow/.local/lib/python3.12/site-packages/airflow/example_dags/tutorial_objectstorage.py
[2025-03-16T19:30:21.175+0000] {logging_mixin.py:190} INFO - [2025-03-16T19:30:21.175+0000] {dag.py:3239} INFO - Sync 1 DAGs
[2025-03-16T19:30:21.205+0000] {logging_mixin.py:190} INFO - [2025-03-16T19:30:21.205+0000] {dag.py:4180} INFO - Setting next_dagrun for tutorial_objectstorage to None, run_after=None
[2025-03-16T19:30:21.242+0000] {processor.py:208} INFO - Processing /home/airflow/.local/lib/python3.12/site-packages/airflow/example_dags/tutorial_objectstorage.py took 0.138 seconds
[2025-03-16T19:30:51.793+0000] {processor.py:186} INFO - Started process (PID=91824) to work on /home/airflow/.local/lib/python3.12/site-packages/airflow/example_dags/tutorial_objectstorage.py
[2025-03-16T19:30:51.795+0000] {processor.py:914} INFO - Processing file /home/airflow/.local/lib/python3.12/site-packages/airflow/example_dags/tutorial_objectstorage.py for tasks to queue
[2025-03-16T19:30:51.798+0000] {logging_mixin.py:190} INFO - [2025-03-16T19:30:51.797+0000] {dagbag.py:588} INFO - Filling up the DagBag from /home/airflow/.local/lib/python3.12/site-packages/airflow/example_dags/tutorial_objectstorage.py
[2025-03-16T19:30:51.815+0000] {processor.py:925} INFO - DAG(s) 'tutorial_objectstorage' retrieved from /home/airflow/.local/lib/python3.12/site-packages/airflow/example_dags/tutorial_objectstorage.py
[2025-03-16T19:30:51.851+0000] {logging_mixin.py:190} INFO - [2025-03-16T19:30:51.850+0000] {dag.py:3239} INFO - Sync 1 DAGs
[2025-03-16T19:30:51.876+0000] {logging_mixin.py:190} INFO - [2025-03-16T19:30:51.876+0000] {dag.py:4180} INFO - Setting next_dagrun for tutorial_objectstorage to None, run_after=None
[2025-03-16T19:30:51.914+0000] {processor.py:208} INFO - Processing /home/airflow/.local/lib/python3.12/site-packages/airflow/example_dags/tutorial_objectstorage.py took 0.129 seconds
[2025-03-16T19:31:22.269+0000] {processor.py:186} INFO - Started process (PID=91887) to work on /home/airflow/.local/lib/python3.12/site-packages/airflow/example_dags/tutorial_objectstorage.py
[2025-03-16T19:31:22.272+0000] {processor.py:914} INFO - Processing file /home/airflow/.local/lib/python3.12/site-packages/airflow/example_dags/tutorial_objectstorage.py for tasks to queue
[2025-03-16T19:31:22.275+0000] {logging_mixin.py:190} INFO - [2025-03-16T19:31:22.274+0000] {dagbag.py:588} INFO - Filling up the DagBag from /home/airflow/.local/lib/python3.12/site-packages/airflow/example_dags/tutorial_objectstorage.py
[2025-03-16T19:31:22.291+0000] {processor.py:925} INFO - DAG(s) 'tutorial_objectstorage' retrieved from /home/airflow/.local/lib/python3.12/site-packages/airflow/example_dags/tutorial_objectstorage.py
[2025-03-16T19:31:22.328+0000] {logging_mixin.py:190} INFO - [2025-03-16T19:31:22.327+0000] {dag.py:3239} INFO - Sync 1 DAGs
[2025-03-16T19:31:22.382+0000] {logging_mixin.py:190} INFO - [2025-03-16T19:31:22.382+0000] {dag.py:4180} INFO - Setting next_dagrun for tutorial_objectstorage to None, run_after=None
[2025-03-16T19:31:22.429+0000] {processor.py:208} INFO - Processing /home/airflow/.local/lib/python3.12/site-packages/airflow/example_dags/tutorial_objectstorage.py took 0.170 seconds
[2025-03-16T19:31:52.658+0000] {processor.py:186} INFO - Started process (PID=91951) to work on /home/airflow/.local/lib/python3.12/site-packages/airflow/example_dags/tutorial_objectstorage.py
[2025-03-16T19:31:52.660+0000] {processor.py:914} INFO - Processing file /home/airflow/.local/lib/python3.12/site-packages/airflow/example_dags/tutorial_objectstorage.py for tasks to queue
[2025-03-16T19:31:52.662+0000] {logging_mixin.py:190} INFO - [2025-03-16T19:31:52.661+0000] {dagbag.py:588} INFO - Filling up the DagBag from /home/airflow/.local/lib/python3.12/site-packages/airflow/example_dags/tutorial_objectstorage.py
[2025-03-16T19:31:52.678+0000] {processor.py:925} INFO - DAG(s) 'tutorial_objectstorage' retrieved from /home/airflow/.local/lib/python3.12/site-packages/airflow/example_dags/tutorial_objectstorage.py
[2025-03-16T19:31:52.713+0000] {logging_mixin.py:190} INFO - [2025-03-16T19:31:52.712+0000] {dag.py:3239} INFO - Sync 1 DAGs
[2025-03-16T19:31:52.741+0000] {logging_mixin.py:190} INFO - [2025-03-16T19:31:52.741+0000] {dag.py:4180} INFO - Setting next_dagrun for tutorial_objectstorage to None, run_after=None
[2025-03-16T19:31:52.779+0000] {processor.py:208} INFO - Processing /home/airflow/.local/lib/python3.12/site-packages/airflow/example_dags/tutorial_objectstorage.py took 0.133 seconds
[2025-03-16T19:32:23.454+0000] {processor.py:186} INFO - Started process (PID=92015) to work on /home/airflow/.local/lib/python3.12/site-packages/airflow/example_dags/tutorial_objectstorage.py
[2025-03-16T19:32:23.455+0000] {processor.py:914} INFO - Processing file /home/airflow/.local/lib/python3.12/site-packages/airflow/example_dags/tutorial_objectstorage.py for tasks to queue
[2025-03-16T19:32:23.457+0000] {logging_mixin.py:190} INFO - [2025-03-16T19:32:23.457+0000] {dagbag.py:588} INFO - Filling up the DagBag from /home/airflow/.local/lib/python3.12/site-packages/airflow/example_dags/tutorial_objectstorage.py
[2025-03-16T19:32:23.481+0000] {processor.py:925} INFO - DAG(s) 'tutorial_objectstorage' retrieved from /home/airflow/.local/lib/python3.12/site-packages/airflow/example_dags/tutorial_objectstorage.py
[2025-03-16T19:32:23.514+0000] {logging_mixin.py:190} INFO - [2025-03-16T19:32:23.514+0000] {dag.py:3239} INFO - Sync 1 DAGs
[2025-03-16T19:32:23.545+0000] {logging_mixin.py:190} INFO - [2025-03-16T19:32:23.544+0000] {dag.py:4180} INFO - Setting next_dagrun for tutorial_objectstorage to None, run_after=None
[2025-03-16T19:32:23.579+0000] {processor.py:208} INFO - Processing /home/airflow/.local/lib/python3.12/site-packages/airflow/example_dags/tutorial_objectstorage.py took 0.137 seconds
[2025-03-16T19:32:54.018+0000] {processor.py:186} INFO - Started process (PID=92079) to work on /home/airflow/.local/lib/python3.12/site-packages/airflow/example_dags/tutorial_objectstorage.py
[2025-03-16T19:32:54.020+0000] {processor.py:914} INFO - Processing file /home/airflow/.local/lib/python3.12/site-packages/airflow/example_dags/tutorial_objectstorage.py for tasks to queue
[2025-03-16T19:32:54.022+0000] {logging_mixin.py:190} INFO - [2025-03-16T19:32:54.022+0000] {dagbag.py:588} INFO - Filling up the DagBag from /home/airflow/.local/lib/python3.12/site-packages/airflow/example_dags/tutorial_objectstorage.py
[2025-03-16T19:32:54.036+0000] {processor.py:925} INFO - DAG(s) 'tutorial_objectstorage' retrieved from /home/airflow/.local/lib/python3.12/site-packages/airflow/example_dags/tutorial_objectstorage.py
[2025-03-16T19:32:54.069+0000] {logging_mixin.py:190} INFO - [2025-03-16T19:32:54.069+0000] {dag.py:3239} INFO - Sync 1 DAGs
[2025-03-16T19:32:54.099+0000] {logging_mixin.py:190} INFO - [2025-03-16T19:32:54.099+0000] {dag.py:4180} INFO - Setting next_dagrun for tutorial_objectstorage to None, run_after=None
[2025-03-16T19:32:54.131+0000] {processor.py:208} INFO - Processing /home/airflow/.local/lib/python3.12/site-packages/airflow/example_dags/tutorial_objectstorage.py took 0.124 seconds
[2025-03-16T19:33:24.280+0000] {processor.py:186} INFO - Started process (PID=92143) to work on /home/airflow/.local/lib/python3.12/site-packages/airflow/example_dags/tutorial_objectstorage.py
[2025-03-16T19:33:24.282+0000] {processor.py:914} INFO - Processing file /home/airflow/.local/lib/python3.12/site-packages/airflow/example_dags/tutorial_objectstorage.py for tasks to queue
[2025-03-16T19:33:24.284+0000] {logging_mixin.py:190} INFO - [2025-03-16T19:33:24.283+0000] {dagbag.py:588} INFO - Filling up the DagBag from /home/airflow/.local/lib/python3.12/site-packages/airflow/example_dags/tutorial_objectstorage.py
[2025-03-16T19:33:24.299+0000] {processor.py:925} INFO - DAG(s) 'tutorial_objectstorage' retrieved from /home/airflow/.local/lib/python3.12/site-packages/airflow/example_dags/tutorial_objectstorage.py
[2025-03-16T19:33:24.329+0000] {logging_mixin.py:190} INFO - [2025-03-16T19:33:24.328+0000] {dag.py:3239} INFO - Sync 1 DAGs
[2025-03-16T19:33:24.350+0000] {logging_mixin.py:190} INFO - [2025-03-16T19:33:24.350+0000] {dag.py:4180} INFO - Setting next_dagrun for tutorial_objectstorage to None, run_after=None
[2025-03-16T19:33:24.380+0000] {processor.py:208} INFO - Processing /home/airflow/.local/lib/python3.12/site-packages/airflow/example_dags/tutorial_objectstorage.py took 0.109 seconds
[2025-03-16T19:33:54.787+0000] {processor.py:186} INFO - Started process (PID=92207) to work on /home/airflow/.local/lib/python3.12/site-packages/airflow/example_dags/tutorial_objectstorage.py
[2025-03-16T19:33:54.789+0000] {processor.py:914} INFO - Processing file /home/airflow/.local/lib/python3.12/site-packages/airflow/example_dags/tutorial_objectstorage.py for tasks to queue
[2025-03-16T19:33:54.791+0000] {logging_mixin.py:190} INFO - [2025-03-16T19:33:54.790+0000] {dagbag.py:588} INFO - Filling up the DagBag from /home/airflow/.local/lib/python3.12/site-packages/airflow/example_dags/tutorial_objectstorage.py
[2025-03-16T19:33:54.807+0000] {processor.py:925} INFO - DAG(s) 'tutorial_objectstorage' retrieved from /home/airflow/.local/lib/python3.12/site-packages/airflow/example_dags/tutorial_objectstorage.py
[2025-03-16T19:33:54.838+0000] {logging_mixin.py:190} INFO - [2025-03-16T19:33:54.838+0000] {dag.py:3239} INFO - Sync 1 DAGs
[2025-03-16T19:33:54.864+0000] {logging_mixin.py:190} INFO - [2025-03-16T19:33:54.863+0000] {dag.py:4180} INFO - Setting next_dagrun for tutorial_objectstorage to None, run_after=None
[2025-03-16T19:33:54.897+0000] {processor.py:208} INFO - Processing /home/airflow/.local/lib/python3.12/site-packages/airflow/example_dags/tutorial_objectstorage.py took 0.119 seconds
[2025-03-16T19:34:25.550+0000] {processor.py:186} INFO - Started process (PID=92271) to work on /home/airflow/.local/lib/python3.12/site-packages/airflow/example_dags/tutorial_objectstorage.py
[2025-03-16T19:34:25.552+0000] {processor.py:914} INFO - Processing file /home/airflow/.local/lib/python3.12/site-packages/airflow/example_dags/tutorial_objectstorage.py for tasks to queue
[2025-03-16T19:34:25.555+0000] {logging_mixin.py:190} INFO - [2025-03-16T19:34:25.554+0000] {dagbag.py:588} INFO - Filling up the DagBag from /home/airflow/.local/lib/python3.12/site-packages/airflow/example_dags/tutorial_objectstorage.py
[2025-03-16T19:34:25.574+0000] {processor.py:925} INFO - DAG(s) 'tutorial_objectstorage' retrieved from /home/airflow/.local/lib/python3.12/site-packages/airflow/example_dags/tutorial_objectstorage.py
[2025-03-16T19:34:25.613+0000] {logging_mixin.py:190} INFO - [2025-03-16T19:34:25.612+0000] {dag.py:3239} INFO - Sync 1 DAGs
[2025-03-16T19:34:25.642+0000] {logging_mixin.py:190} INFO - [2025-03-16T19:34:25.641+0000] {dag.py:4180} INFO - Setting next_dagrun for tutorial_objectstorage to None, run_after=None
[2025-03-16T19:34:25.674+0000] {processor.py:208} INFO - Processing /home/airflow/.local/lib/python3.12/site-packages/airflow/example_dags/tutorial_objectstorage.py took 0.134 seconds
[2025-03-16T19:34:56.152+0000] {processor.py:186} INFO - Started process (PID=92336) to work on /home/airflow/.local/lib/python3.12/site-packages/airflow/example_dags/tutorial_objectstorage.py
[2025-03-16T19:34:56.154+0000] {processor.py:914} INFO - Processing file /home/airflow/.local/lib/python3.12/site-packages/airflow/example_dags/tutorial_objectstorage.py for tasks to queue
[2025-03-16T19:34:56.156+0000] {logging_mixin.py:190} INFO - [2025-03-16T19:34:56.156+0000] {dagbag.py:588} INFO - Filling up the DagBag from /home/airflow/.local/lib/python3.12/site-packages/airflow/example_dags/tutorial_objectstorage.py
[2025-03-16T19:34:56.171+0000] {processor.py:925} INFO - DAG(s) 'tutorial_objectstorage' retrieved from /home/airflow/.local/lib/python3.12/site-packages/airflow/example_dags/tutorial_objectstorage.py
[2025-03-16T19:34:56.204+0000] {logging_mixin.py:190} INFO - [2025-03-16T19:34:56.203+0000] {dag.py:3239} INFO - Sync 1 DAGs
[2025-03-16T19:34:56.229+0000] {logging_mixin.py:190} INFO - [2025-03-16T19:34:56.228+0000] {dag.py:4180} INFO - Setting next_dagrun for tutorial_objectstorage to None, run_after=None
[2025-03-16T19:34:56.259+0000] {processor.py:208} INFO - Processing /home/airflow/.local/lib/python3.12/site-packages/airflow/example_dags/tutorial_objectstorage.py took 0.115 seconds
[2025-03-16T19:35:26.971+0000] {processor.py:186} INFO - Started process (PID=92400) to work on /home/airflow/.local/lib/python3.12/site-packages/airflow/example_dags/tutorial_objectstorage.py
[2025-03-16T19:35:26.974+0000] {processor.py:914} INFO - Processing file /home/airflow/.local/lib/python3.12/site-packages/airflow/example_dags/tutorial_objectstorage.py for tasks to queue
[2025-03-16T19:35:26.977+0000] {logging_mixin.py:190} INFO - [2025-03-16T19:35:26.977+0000] {dagbag.py:588} INFO - Filling up the DagBag from /home/airflow/.local/lib/python3.12/site-packages/airflow/example_dags/tutorial_objectstorage.py
[2025-03-16T19:35:26.999+0000] {processor.py:925} INFO - DAG(s) 'tutorial_objectstorage' retrieved from /home/airflow/.local/lib/python3.12/site-packages/airflow/example_dags/tutorial_objectstorage.py
[2025-03-16T19:35:27.031+0000] {logging_mixin.py:190} INFO - [2025-03-16T19:35:27.030+0000] {dag.py:3239} INFO - Sync 1 DAGs
[2025-03-16T19:35:27.052+0000] {logging_mixin.py:190} INFO - [2025-03-16T19:35:27.052+0000] {dag.py:4180} INFO - Setting next_dagrun for tutorial_objectstorage to None, run_after=None
[2025-03-16T19:35:27.086+0000] {processor.py:208} INFO - Processing /home/airflow/.local/lib/python3.12/site-packages/airflow/example_dags/tutorial_objectstorage.py took 0.126 seconds
[2025-03-16T19:35:57.615+0000] {processor.py:186} INFO - Started process (PID=92464) to work on /home/airflow/.local/lib/python3.12/site-packages/airflow/example_dags/tutorial_objectstorage.py
[2025-03-16T19:35:57.617+0000] {processor.py:914} INFO - Processing file /home/airflow/.local/lib/python3.12/site-packages/airflow/example_dags/tutorial_objectstorage.py for tasks to queue
[2025-03-16T19:35:57.620+0000] {logging_mixin.py:190} INFO - [2025-03-16T19:35:57.619+0000] {dagbag.py:588} INFO - Filling up the DagBag from /home/airflow/.local/lib/python3.12/site-packages/airflow/example_dags/tutorial_objectstorage.py
[2025-03-16T19:35:57.639+0000] {processor.py:925} INFO - DAG(s) 'tutorial_objectstorage' retrieved from /home/airflow/.local/lib/python3.12/site-packages/airflow/example_dags/tutorial_objectstorage.py
[2025-03-16T19:35:57.677+0000] {logging_mixin.py:190} INFO - [2025-03-16T19:35:57.677+0000] {dag.py:3239} INFO - Sync 1 DAGs
[2025-03-16T19:35:57.707+0000] {logging_mixin.py:190} INFO - [2025-03-16T19:35:57.706+0000] {dag.py:4180} INFO - Setting next_dagrun for tutorial_objectstorage to None, run_after=None
[2025-03-16T19:35:57.744+0000] {processor.py:208} INFO - Processing /home/airflow/.local/lib/python3.12/site-packages/airflow/example_dags/tutorial_objectstorage.py took 0.142 seconds
[2025-03-16T19:36:28.124+0000] {processor.py:186} INFO - Started process (PID=92528) to work on /home/airflow/.local/lib/python3.12/site-packages/airflow/example_dags/tutorial_objectstorage.py
[2025-03-16T19:36:28.126+0000] {processor.py:914} INFO - Processing file /home/airflow/.local/lib/python3.12/site-packages/airflow/example_dags/tutorial_objectstorage.py for tasks to queue
[2025-03-16T19:36:28.127+0000] {logging_mixin.py:190} INFO - [2025-03-16T19:36:28.127+0000] {dagbag.py:588} INFO - Filling up the DagBag from /home/airflow/.local/lib/python3.12/site-packages/airflow/example_dags/tutorial_objectstorage.py
[2025-03-16T19:36:28.142+0000] {processor.py:925} INFO - DAG(s) 'tutorial_objectstorage' retrieved from /home/airflow/.local/lib/python3.12/site-packages/airflow/example_dags/tutorial_objectstorage.py
[2025-03-16T19:36:28.170+0000] {logging_mixin.py:190} INFO - [2025-03-16T19:36:28.169+0000] {dag.py:3239} INFO - Sync 1 DAGs
[2025-03-16T19:36:28.193+0000] {logging_mixin.py:190} INFO - [2025-03-16T19:36:28.192+0000] {dag.py:4180} INFO - Setting next_dagrun for tutorial_objectstorage to None, run_after=None
[2025-03-16T19:36:28.222+0000] {processor.py:208} INFO - Processing /home/airflow/.local/lib/python3.12/site-packages/airflow/example_dags/tutorial_objectstorage.py took 0.106 seconds
[2025-03-16T19:36:58.410+0000] {processor.py:186} INFO - Started process (PID=92592) to work on /home/airflow/.local/lib/python3.12/site-packages/airflow/example_dags/tutorial_objectstorage.py
[2025-03-16T19:36:58.412+0000] {processor.py:914} INFO - Processing file /home/airflow/.local/lib/python3.12/site-packages/airflow/example_dags/tutorial_objectstorage.py for tasks to queue
[2025-03-16T19:36:58.415+0000] {logging_mixin.py:190} INFO - [2025-03-16T19:36:58.414+0000] {dagbag.py:588} INFO - Filling up the DagBag from /home/airflow/.local/lib/python3.12/site-packages/airflow/example_dags/tutorial_objectstorage.py
[2025-03-16T19:36:58.431+0000] {processor.py:925} INFO - DAG(s) 'tutorial_objectstorage' retrieved from /home/airflow/.local/lib/python3.12/site-packages/airflow/example_dags/tutorial_objectstorage.py
[2025-03-16T19:36:58.464+0000] {logging_mixin.py:190} INFO - [2025-03-16T19:36:58.463+0000] {dag.py:3239} INFO - Sync 1 DAGs
[2025-03-16T19:36:58.488+0000] {logging_mixin.py:190} INFO - [2025-03-16T19:36:58.487+0000] {dag.py:4180} INFO - Setting next_dagrun for tutorial_objectstorage to None, run_after=None
[2025-03-16T19:36:58.521+0000] {processor.py:208} INFO - Processing /home/airflow/.local/lib/python3.12/site-packages/airflow/example_dags/tutorial_objectstorage.py took 0.123 seconds
[2025-03-16T19:37:28.618+0000] {processor.py:186} INFO - Started process (PID=92656) to work on /home/airflow/.local/lib/python3.12/site-packages/airflow/example_dags/tutorial_objectstorage.py
[2025-03-16T19:37:28.620+0000] {processor.py:914} INFO - Processing file /home/airflow/.local/lib/python3.12/site-packages/airflow/example_dags/tutorial_objectstorage.py for tasks to queue
[2025-03-16T19:37:28.623+0000] {logging_mixin.py:190} INFO - [2025-03-16T19:37:28.622+0000] {dagbag.py:588} INFO - Filling up the DagBag from /home/airflow/.local/lib/python3.12/site-packages/airflow/example_dags/tutorial_objectstorage.py
[2025-03-16T19:37:28.642+0000] {processor.py:925} INFO - DAG(s) 'tutorial_objectstorage' retrieved from /home/airflow/.local/lib/python3.12/site-packages/airflow/example_dags/tutorial_objectstorage.py
[2025-03-16T19:37:28.680+0000] {logging_mixin.py:190} INFO - [2025-03-16T19:37:28.680+0000] {dag.py:3239} INFO - Sync 1 DAGs
[2025-03-16T19:37:28.705+0000] {logging_mixin.py:190} INFO - [2025-03-16T19:37:28.704+0000] {dag.py:4180} INFO - Setting next_dagrun for tutorial_objectstorage to None, run_after=None
[2025-03-16T19:37:28.739+0000] {processor.py:208} INFO - Processing /home/airflow/.local/lib/python3.12/site-packages/airflow/example_dags/tutorial_objectstorage.py took 0.131 seconds
[2025-03-16T19:37:58.895+0000] {processor.py:186} INFO - Started process (PID=92720) to work on /home/airflow/.local/lib/python3.12/site-packages/airflow/example_dags/tutorial_objectstorage.py
[2025-03-16T19:37:58.897+0000] {processor.py:914} INFO - Processing file /home/airflow/.local/lib/python3.12/site-packages/airflow/example_dags/tutorial_objectstorage.py for tasks to queue
[2025-03-16T19:37:58.900+0000] {logging_mixin.py:190} INFO - [2025-03-16T19:37:58.899+0000] {dagbag.py:588} INFO - Filling up the DagBag from /home/airflow/.local/lib/python3.12/site-packages/airflow/example_dags/tutorial_objectstorage.py
[2025-03-16T19:37:58.916+0000] {processor.py:925} INFO - DAG(s) 'tutorial_objectstorage' retrieved from /home/airflow/.local/lib/python3.12/site-packages/airflow/example_dags/tutorial_objectstorage.py
[2025-03-16T19:37:58.950+0000] {logging_mixin.py:190} INFO - [2025-03-16T19:37:58.950+0000] {dag.py:3239} INFO - Sync 1 DAGs
[2025-03-16T19:37:58.980+0000] {logging_mixin.py:190} INFO - [2025-03-16T19:37:58.979+0000] {dag.py:4180} INFO - Setting next_dagrun for tutorial_objectstorage to None, run_after=None
[2025-03-16T19:37:59.012+0000] {processor.py:208} INFO - Processing /home/airflow/.local/lib/python3.12/site-packages/airflow/example_dags/tutorial_objectstorage.py took 0.127 seconds
[2025-03-16T19:38:29.542+0000] {processor.py:186} INFO - Started process (PID=92784) to work on /home/airflow/.local/lib/python3.12/site-packages/airflow/example_dags/tutorial_objectstorage.py
[2025-03-16T19:38:29.544+0000] {processor.py:914} INFO - Processing file /home/airflow/.local/lib/python3.12/site-packages/airflow/example_dags/tutorial_objectstorage.py for tasks to queue
[2025-03-16T19:38:29.546+0000] {logging_mixin.py:190} INFO - [2025-03-16T19:38:29.546+0000] {dagbag.py:588} INFO - Filling up the DagBag from /home/airflow/.local/lib/python3.12/site-packages/airflow/example_dags/tutorial_objectstorage.py
[2025-03-16T19:38:29.565+0000] {processor.py:925} INFO - DAG(s) 'tutorial_objectstorage' retrieved from /home/airflow/.local/lib/python3.12/site-packages/airflow/example_dags/tutorial_objectstorage.py
[2025-03-16T19:38:29.600+0000] {logging_mixin.py:190} INFO - [2025-03-16T19:38:29.599+0000] {dag.py:3239} INFO - Sync 1 DAGs
[2025-03-16T19:38:29.630+0000] {logging_mixin.py:190} INFO - [2025-03-16T19:38:29.629+0000] {dag.py:4180} INFO - Setting next_dagrun for tutorial_objectstorage to None, run_after=None
[2025-03-16T19:38:29.671+0000] {processor.py:208} INFO - Processing /home/airflow/.local/lib/python3.12/site-packages/airflow/example_dags/tutorial_objectstorage.py took 0.139 seconds
[2025-03-16T19:39:00.458+0000] {processor.py:186} INFO - Started process (PID=92853) to work on /home/airflow/.local/lib/python3.12/site-packages/airflow/example_dags/tutorial_objectstorage.py
[2025-03-16T19:39:00.460+0000] {processor.py:914} INFO - Processing file /home/airflow/.local/lib/python3.12/site-packages/airflow/example_dags/tutorial_objectstorage.py for tasks to queue
[2025-03-16T19:39:00.462+0000] {logging_mixin.py:190} INFO - [2025-03-16T19:39:00.461+0000] {dagbag.py:588} INFO - Filling up the DagBag from /home/airflow/.local/lib/python3.12/site-packages/airflow/example_dags/tutorial_objectstorage.py
[2025-03-16T19:39:00.475+0000] {processor.py:925} INFO - DAG(s) 'tutorial_objectstorage' retrieved from /home/airflow/.local/lib/python3.12/site-packages/airflow/example_dags/tutorial_objectstorage.py
[2025-03-16T19:39:00.502+0000] {logging_mixin.py:190} INFO - [2025-03-16T19:39:00.502+0000] {dag.py:3239} INFO - Sync 1 DAGs
[2025-03-16T19:39:00.523+0000] {logging_mixin.py:190} INFO - [2025-03-16T19:39:00.522+0000] {dag.py:4180} INFO - Setting next_dagrun for tutorial_objectstorage to None, run_after=None
[2025-03-16T19:39:00.549+0000] {processor.py:208} INFO - Processing /home/airflow/.local/lib/python3.12/site-packages/airflow/example_dags/tutorial_objectstorage.py took 0.098 seconds
