[2025-03-16T19:07:54.512+0000] {processor.py:186} INFO - Started process (PID=88981) to work on /home/airflow/.local/lib/python3.12/site-packages/airflow/example_dags/tutorial_taskflow_templates.py
[2025-03-16T19:07:54.514+0000] {processor.py:914} INFO - Processing file /home/airflow/.local/lib/python3.12/site-packages/airflow/example_dags/tutorial_taskflow_templates.py for tasks to queue
[2025-03-16T19:07:54.515+0000] {logging_mixin.py:190} INFO - [2025-03-16T19:07:54.515+0000] {dagbag.py:588} INFO - Filling up the DagBag from /home/airflow/.local/lib/python3.12/site-packages/airflow/example_dags/tutorial_taskflow_templates.py
[2025-03-16T19:07:54.533+0000] {processor.py:925} INFO - DAG(s) 'tutorial_taskflow_templates' retrieved from /home/airflow/.local/lib/python3.12/site-packages/airflow/example_dags/tutorial_taskflow_templates.py
[2025-03-16T19:07:54.560+0000] {logging_mixin.py:190} INFO - [2025-03-16T19:07:54.560+0000] {dag.py:3239} INFO - Sync 1 DAGs
[2025-03-16T19:07:54.590+0000] {logging_mixin.py:190} INFO - [2025-03-16T19:07:54.589+0000] {dag.py:4180} INFO - Setting next_dagrun for tutorial_taskflow_templates to 2025-03-15 00:00:00+00:00, run_after=2025-03-16 00:00:00+00:00
[2025-03-16T19:07:54.615+0000] {processor.py:208} INFO - Processing /home/airflow/.local/lib/python3.12/site-packages/airflow/example_dags/tutorial_taskflow_templates.py took 0.110 seconds
[2025-03-16T19:08:25.252+0000] {processor.py:186} INFO - Started process (PID=89045) to work on /home/airflow/.local/lib/python3.12/site-packages/airflow/example_dags/tutorial_taskflow_templates.py
[2025-03-16T19:08:25.253+0000] {processor.py:914} INFO - Processing file /home/airflow/.local/lib/python3.12/site-packages/airflow/example_dags/tutorial_taskflow_templates.py for tasks to queue
[2025-03-16T19:08:25.254+0000] {logging_mixin.py:190} INFO - [2025-03-16T19:08:25.254+0000] {dagbag.py:588} INFO - Filling up the DagBag from /home/airflow/.local/lib/python3.12/site-packages/airflow/example_dags/tutorial_taskflow_templates.py
[2025-03-16T19:08:25.266+0000] {processor.py:925} INFO - DAG(s) 'tutorial_taskflow_templates' retrieved from /home/airflow/.local/lib/python3.12/site-packages/airflow/example_dags/tutorial_taskflow_templates.py
[2025-03-16T19:08:25.285+0000] {logging_mixin.py:190} INFO - [2025-03-16T19:08:25.284+0000] {dag.py:3239} INFO - Sync 1 DAGs
[2025-03-16T19:08:25.307+0000] {logging_mixin.py:190} INFO - [2025-03-16T19:08:25.307+0000] {dag.py:4180} INFO - Setting next_dagrun for tutorial_taskflow_templates to 2025-03-15 00:00:00+00:00, run_after=2025-03-16 00:00:00+00:00
[2025-03-16T19:08:25.326+0000] {processor.py:208} INFO - Processing /home/airflow/.local/lib/python3.12/site-packages/airflow/example_dags/tutorial_taskflow_templates.py took 0.078 seconds
[2025-03-16T19:08:56.404+0000] {processor.py:186} INFO - Started process (PID=89109) to work on /home/airflow/.local/lib/python3.12/site-packages/airflow/example_dags/tutorial_taskflow_templates.py
[2025-03-16T19:08:56.412+0000] {processor.py:914} INFO - Processing file /home/airflow/.local/lib/python3.12/site-packages/airflow/example_dags/tutorial_taskflow_templates.py for tasks to queue
[2025-03-16T19:08:56.425+0000] {logging_mixin.py:190} INFO - [2025-03-16T19:08:56.424+0000] {dagbag.py:588} INFO - Filling up the DagBag from /home/airflow/.local/lib/python3.12/site-packages/airflow/example_dags/tutorial_taskflow_templates.py
[2025-03-16T19:08:56.492+0000] {processor.py:925} INFO - DAG(s) 'tutorial_taskflow_templates' retrieved from /home/airflow/.local/lib/python3.12/site-packages/airflow/example_dags/tutorial_taskflow_templates.py
[2025-03-16T19:08:56.546+0000] {logging_mixin.py:190} INFO - [2025-03-16T19:08:56.545+0000] {dag.py:3239} INFO - Sync 1 DAGs
[2025-03-16T19:08:56.626+0000] {logging_mixin.py:190} INFO - [2025-03-16T19:08:56.625+0000] {dag.py:4180} INFO - Setting next_dagrun for tutorial_taskflow_templates to 2025-03-15 00:00:00+00:00, run_after=2025-03-16 00:00:00+00:00
[2025-03-16T19:08:56.715+0000] {processor.py:208} INFO - Processing /home/airflow/.local/lib/python3.12/site-packages/airflow/example_dags/tutorial_taskflow_templates.py took 0.322 seconds
[2025-03-16T19:09:26.962+0000] {processor.py:186} INFO - Started process (PID=89178) to work on /home/airflow/.local/lib/python3.12/site-packages/airflow/example_dags/tutorial_taskflow_templates.py
[2025-03-16T19:09:26.964+0000] {processor.py:914} INFO - Processing file /home/airflow/.local/lib/python3.12/site-packages/airflow/example_dags/tutorial_taskflow_templates.py for tasks to queue
[2025-03-16T19:09:26.965+0000] {logging_mixin.py:190} INFO - [2025-03-16T19:09:26.965+0000] {dagbag.py:588} INFO - Filling up the DagBag from /home/airflow/.local/lib/python3.12/site-packages/airflow/example_dags/tutorial_taskflow_templates.py
[2025-03-16T19:09:26.982+0000] {processor.py:925} INFO - DAG(s) 'tutorial_taskflow_templates' retrieved from /home/airflow/.local/lib/python3.12/site-packages/airflow/example_dags/tutorial_taskflow_templates.py
[2025-03-16T19:09:27.010+0000] {logging_mixin.py:190} INFO - [2025-03-16T19:09:27.009+0000] {dag.py:3239} INFO - Sync 1 DAGs
[2025-03-16T19:09:27.037+0000] {logging_mixin.py:190} INFO - [2025-03-16T19:09:27.036+0000] {dag.py:4180} INFO - Setting next_dagrun for tutorial_taskflow_templates to 2025-03-15 00:00:00+00:00, run_after=2025-03-16 00:00:00+00:00
[2025-03-16T19:09:27.063+0000] {processor.py:208} INFO - Processing /home/airflow/.local/lib/python3.12/site-packages/airflow/example_dags/tutorial_taskflow_templates.py took 0.108 seconds
[2025-03-16T19:09:58.639+0000] {processor.py:186} INFO - Started process (PID=89239) to work on /home/airflow/.local/lib/python3.12/site-packages/airflow/example_dags/tutorial_taskflow_templates.py
[2025-03-16T19:09:58.641+0000] {processor.py:914} INFO - Processing file /home/airflow/.local/lib/python3.12/site-packages/airflow/example_dags/tutorial_taskflow_templates.py for tasks to queue
[2025-03-16T19:09:58.643+0000] {logging_mixin.py:190} INFO - [2025-03-16T19:09:58.642+0000] {dagbag.py:588} INFO - Filling up the DagBag from /home/airflow/.local/lib/python3.12/site-packages/airflow/example_dags/tutorial_taskflow_templates.py
[2025-03-16T19:09:58.654+0000] {processor.py:925} INFO - DAG(s) 'tutorial_taskflow_templates' retrieved from /home/airflow/.local/lib/python3.12/site-packages/airflow/example_dags/tutorial_taskflow_templates.py
[2025-03-16T19:09:58.679+0000] {logging_mixin.py:190} INFO - [2025-03-16T19:09:58.678+0000] {dag.py:3239} INFO - Sync 1 DAGs
[2025-03-16T19:09:58.707+0000] {logging_mixin.py:190} INFO - [2025-03-16T19:09:58.707+0000] {dag.py:4180} INFO - Setting next_dagrun for tutorial_taskflow_templates to 2025-03-15 00:00:00+00:00, run_after=2025-03-16 00:00:00+00:00
[2025-03-16T19:09:58.732+0000] {processor.py:208} INFO - Processing /home/airflow/.local/lib/python3.12/site-packages/airflow/example_dags/tutorial_taskflow_templates.py took 0.100 seconds
[2025-03-16T19:10:29.068+0000] {processor.py:186} INFO - Started process (PID=89303) to work on /home/airflow/.local/lib/python3.12/site-packages/airflow/example_dags/tutorial_taskflow_templates.py
[2025-03-16T19:10:29.070+0000] {processor.py:914} INFO - Processing file /home/airflow/.local/lib/python3.12/site-packages/airflow/example_dags/tutorial_taskflow_templates.py for tasks to queue
[2025-03-16T19:10:29.074+0000] {logging_mixin.py:190} INFO - [2025-03-16T19:10:29.072+0000] {dagbag.py:588} INFO - Filling up the DagBag from /home/airflow/.local/lib/python3.12/site-packages/airflow/example_dags/tutorial_taskflow_templates.py
[2025-03-16T19:10:29.089+0000] {processor.py:925} INFO - DAG(s) 'tutorial_taskflow_templates' retrieved from /home/airflow/.local/lib/python3.12/site-packages/airflow/example_dags/tutorial_taskflow_templates.py
[2025-03-16T19:10:29.117+0000] {logging_mixin.py:190} INFO - [2025-03-16T19:10:29.116+0000] {dag.py:3239} INFO - Sync 1 DAGs
[2025-03-16T19:10:29.146+0000] {logging_mixin.py:190} INFO - [2025-03-16T19:10:29.145+0000] {dag.py:4180} INFO - Setting next_dagrun for tutorial_taskflow_templates to 2025-03-15 00:00:00+00:00, run_after=2025-03-16 00:00:00+00:00
[2025-03-16T19:10:29.173+0000] {processor.py:208} INFO - Processing /home/airflow/.local/lib/python3.12/site-packages/airflow/example_dags/tutorial_taskflow_templates.py took 0.117 seconds
[2025-03-16T19:10:59.225+0000] {processor.py:186} INFO - Started process (PID=89366) to work on /home/airflow/.local/lib/python3.12/site-packages/airflow/example_dags/tutorial_taskflow_templates.py
[2025-03-16T19:10:59.226+0000] {processor.py:914} INFO - Processing file /home/airflow/.local/lib/python3.12/site-packages/airflow/example_dags/tutorial_taskflow_templates.py for tasks to queue
[2025-03-16T19:10:59.228+0000] {logging_mixin.py:190} INFO - [2025-03-16T19:10:59.227+0000] {dagbag.py:588} INFO - Filling up the DagBag from /home/airflow/.local/lib/python3.12/site-packages/airflow/example_dags/tutorial_taskflow_templates.py
[2025-03-16T19:10:59.241+0000] {processor.py:925} INFO - DAG(s) 'tutorial_taskflow_templates' retrieved from /home/airflow/.local/lib/python3.12/site-packages/airflow/example_dags/tutorial_taskflow_templates.py
[2025-03-16T19:10:59.266+0000] {logging_mixin.py:190} INFO - [2025-03-16T19:10:59.266+0000] {dag.py:3239} INFO - Sync 1 DAGs
[2025-03-16T19:10:59.294+0000] {logging_mixin.py:190} INFO - [2025-03-16T19:10:59.294+0000] {dag.py:4180} INFO - Setting next_dagrun for tutorial_taskflow_templates to 2025-03-15 00:00:00+00:00, run_after=2025-03-16 00:00:00+00:00
[2025-03-16T19:10:59.316+0000] {processor.py:208} INFO - Processing /home/airflow/.local/lib/python3.12/site-packages/airflow/example_dags/tutorial_taskflow_templates.py took 0.097 seconds
[2025-03-16T19:11:29.492+0000] {processor.py:186} INFO - Started process (PID=89430) to work on /home/airflow/.local/lib/python3.12/site-packages/airflow/example_dags/tutorial_taskflow_templates.py
[2025-03-16T19:11:29.493+0000] {processor.py:914} INFO - Processing file /home/airflow/.local/lib/python3.12/site-packages/airflow/example_dags/tutorial_taskflow_templates.py for tasks to queue
[2025-03-16T19:11:29.495+0000] {logging_mixin.py:190} INFO - [2025-03-16T19:11:29.495+0000] {dagbag.py:588} INFO - Filling up the DagBag from /home/airflow/.local/lib/python3.12/site-packages/airflow/example_dags/tutorial_taskflow_templates.py
[2025-03-16T19:11:29.508+0000] {processor.py:925} INFO - DAG(s) 'tutorial_taskflow_templates' retrieved from /home/airflow/.local/lib/python3.12/site-packages/airflow/example_dags/tutorial_taskflow_templates.py
[2025-03-16T19:11:29.532+0000] {logging_mixin.py:190} INFO - [2025-03-16T19:11:29.532+0000] {dag.py:3239} INFO - Sync 1 DAGs
[2025-03-16T19:11:29.561+0000] {logging_mixin.py:190} INFO - [2025-03-16T19:11:29.560+0000] {dag.py:4180} INFO - Setting next_dagrun for tutorial_taskflow_templates to 2025-03-15 00:00:00+00:00, run_after=2025-03-16 00:00:00+00:00
[2025-03-16T19:11:29.590+0000] {processor.py:208} INFO - Processing /home/airflow/.local/lib/python3.12/site-packages/airflow/example_dags/tutorial_taskflow_templates.py took 0.103 seconds
[2025-03-16T19:11:59.756+0000] {processor.py:186} INFO - Started process (PID=89493) to work on /home/airflow/.local/lib/python3.12/site-packages/airflow/example_dags/tutorial_taskflow_templates.py
[2025-03-16T19:11:59.757+0000] {processor.py:914} INFO - Processing file /home/airflow/.local/lib/python3.12/site-packages/airflow/example_dags/tutorial_taskflow_templates.py for tasks to queue
[2025-03-16T19:11:59.760+0000] {logging_mixin.py:190} INFO - [2025-03-16T19:11:59.759+0000] {dagbag.py:588} INFO - Filling up the DagBag from /home/airflow/.local/lib/python3.12/site-packages/airflow/example_dags/tutorial_taskflow_templates.py
[2025-03-16T19:11:59.775+0000] {processor.py:925} INFO - DAG(s) 'tutorial_taskflow_templates' retrieved from /home/airflow/.local/lib/python3.12/site-packages/airflow/example_dags/tutorial_taskflow_templates.py
[2025-03-16T19:11:59.800+0000] {logging_mixin.py:190} INFO - [2025-03-16T19:11:59.799+0000] {dag.py:3239} INFO - Sync 1 DAGs
[2025-03-16T19:11:59.825+0000] {logging_mixin.py:190} INFO - [2025-03-16T19:11:59.825+0000] {dag.py:4180} INFO - Setting next_dagrun for tutorial_taskflow_templates to 2025-03-15 00:00:00+00:00, run_after=2025-03-16 00:00:00+00:00
[2025-03-16T19:11:59.852+0000] {processor.py:208} INFO - Processing /home/airflow/.local/lib/python3.12/site-packages/airflow/example_dags/tutorial_taskflow_templates.py took 0.102 seconds
[2025-03-16T19:12:30.159+0000] {processor.py:186} INFO - Started process (PID=89557) to work on /home/airflow/.local/lib/python3.12/site-packages/airflow/example_dags/tutorial_taskflow_templates.py
[2025-03-16T19:12:30.160+0000] {processor.py:914} INFO - Processing file /home/airflow/.local/lib/python3.12/site-packages/airflow/example_dags/tutorial_taskflow_templates.py for tasks to queue
[2025-03-16T19:12:30.163+0000] {logging_mixin.py:190} INFO - [2025-03-16T19:12:30.162+0000] {dagbag.py:588} INFO - Filling up the DagBag from /home/airflow/.local/lib/python3.12/site-packages/airflow/example_dags/tutorial_taskflow_templates.py
[2025-03-16T19:12:30.178+0000] {processor.py:925} INFO - DAG(s) 'tutorial_taskflow_templates' retrieved from /home/airflow/.local/lib/python3.12/site-packages/airflow/example_dags/tutorial_taskflow_templates.py
[2025-03-16T19:12:30.202+0000] {logging_mixin.py:190} INFO - [2025-03-16T19:12:30.202+0000] {dag.py:3239} INFO - Sync 1 DAGs
[2025-03-16T19:12:30.233+0000] {logging_mixin.py:190} INFO - [2025-03-16T19:12:30.233+0000] {dag.py:4180} INFO - Setting next_dagrun for tutorial_taskflow_templates to 2025-03-15 00:00:00+00:00, run_after=2025-03-16 00:00:00+00:00
[2025-03-16T19:12:30.260+0000] {processor.py:208} INFO - Processing /home/airflow/.local/lib/python3.12/site-packages/airflow/example_dags/tutorial_taskflow_templates.py took 0.108 seconds
[2025-03-16T19:13:00.382+0000] {processor.py:186} INFO - Started process (PID=89621) to work on /home/airflow/.local/lib/python3.12/site-packages/airflow/example_dags/tutorial_taskflow_templates.py
[2025-03-16T19:13:00.384+0000] {processor.py:914} INFO - Processing file /home/airflow/.local/lib/python3.12/site-packages/airflow/example_dags/tutorial_taskflow_templates.py for tasks to queue
[2025-03-16T19:13:00.386+0000] {logging_mixin.py:190} INFO - [2025-03-16T19:13:00.385+0000] {dagbag.py:588} INFO - Filling up the DagBag from /home/airflow/.local/lib/python3.12/site-packages/airflow/example_dags/tutorial_taskflow_templates.py
[2025-03-16T19:13:00.398+0000] {processor.py:925} INFO - DAG(s) 'tutorial_taskflow_templates' retrieved from /home/airflow/.local/lib/python3.12/site-packages/airflow/example_dags/tutorial_taskflow_templates.py
[2025-03-16T19:13:00.424+0000] {logging_mixin.py:190} INFO - [2025-03-16T19:13:00.424+0000] {dag.py:3239} INFO - Sync 1 DAGs
[2025-03-16T19:13:00.449+0000] {logging_mixin.py:190} INFO - [2025-03-16T19:13:00.449+0000] {dag.py:4180} INFO - Setting next_dagrun for tutorial_taskflow_templates to 2025-03-15 00:00:00+00:00, run_after=2025-03-16 00:00:00+00:00
[2025-03-16T19:13:00.475+0000] {processor.py:208} INFO - Processing /home/airflow/.local/lib/python3.12/site-packages/airflow/example_dags/tutorial_taskflow_templates.py took 0.098 seconds
[2025-03-16T19:13:30.938+0000] {processor.py:186} INFO - Started process (PID=89684) to work on /home/airflow/.local/lib/python3.12/site-packages/airflow/example_dags/tutorial_taskflow_templates.py
[2025-03-16T19:13:30.939+0000] {processor.py:914} INFO - Processing file /home/airflow/.local/lib/python3.12/site-packages/airflow/example_dags/tutorial_taskflow_templates.py for tasks to queue
[2025-03-16T19:13:30.940+0000] {logging_mixin.py:190} INFO - [2025-03-16T19:13:30.940+0000] {dagbag.py:588} INFO - Filling up the DagBag from /home/airflow/.local/lib/python3.12/site-packages/airflow/example_dags/tutorial_taskflow_templates.py
[2025-03-16T19:13:30.951+0000] {processor.py:925} INFO - DAG(s) 'tutorial_taskflow_templates' retrieved from /home/airflow/.local/lib/python3.12/site-packages/airflow/example_dags/tutorial_taskflow_templates.py
[2025-03-16T19:13:30.972+0000] {logging_mixin.py:190} INFO - [2025-03-16T19:13:30.972+0000] {dag.py:3239} INFO - Sync 1 DAGs
[2025-03-16T19:13:30.994+0000] {logging_mixin.py:190} INFO - [2025-03-16T19:13:30.994+0000] {dag.py:4180} INFO - Setting next_dagrun for tutorial_taskflow_templates to 2025-03-15 00:00:00+00:00, run_after=2025-03-16 00:00:00+00:00
[2025-03-16T19:13:31.016+0000] {processor.py:208} INFO - Processing /home/airflow/.local/lib/python3.12/site-packages/airflow/example_dags/tutorial_taskflow_templates.py took 0.084 seconds
[2025-03-16T19:14:01.730+0000] {processor.py:186} INFO - Started process (PID=89745) to work on /home/airflow/.local/lib/python3.12/site-packages/airflow/example_dags/tutorial_taskflow_templates.py
[2025-03-16T19:14:01.731+0000] {processor.py:914} INFO - Processing file /home/airflow/.local/lib/python3.12/site-packages/airflow/example_dags/tutorial_taskflow_templates.py for tasks to queue
[2025-03-16T19:14:01.733+0000] {logging_mixin.py:190} INFO - [2025-03-16T19:14:01.732+0000] {dagbag.py:588} INFO - Filling up the DagBag from /home/airflow/.local/lib/python3.12/site-packages/airflow/example_dags/tutorial_taskflow_templates.py
[2025-03-16T19:14:01.744+0000] {processor.py:925} INFO - DAG(s) 'tutorial_taskflow_templates' retrieved from /home/airflow/.local/lib/python3.12/site-packages/airflow/example_dags/tutorial_taskflow_templates.py
[2025-03-16T19:14:01.768+0000] {logging_mixin.py:190} INFO - [2025-03-16T19:14:01.768+0000] {dag.py:3239} INFO - Sync 1 DAGs
[2025-03-16T19:14:01.791+0000] {logging_mixin.py:190} INFO - [2025-03-16T19:14:01.791+0000] {dag.py:4180} INFO - Setting next_dagrun for tutorial_taskflow_templates to 2025-03-15 00:00:00+00:00, run_after=2025-03-16 00:00:00+00:00
[2025-03-16T19:14:01.811+0000] {processor.py:208} INFO - Processing /home/airflow/.local/lib/python3.12/site-packages/airflow/example_dags/tutorial_taskflow_templates.py took 0.086 seconds
[2025-03-16T19:14:32.715+0000] {processor.py:186} INFO - Started process (PID=89808) to work on /home/airflow/.local/lib/python3.12/site-packages/airflow/example_dags/tutorial_taskflow_templates.py
[2025-03-16T19:14:32.716+0000] {processor.py:914} INFO - Processing file /home/airflow/.local/lib/python3.12/site-packages/airflow/example_dags/tutorial_taskflow_templates.py for tasks to queue
[2025-03-16T19:14:32.718+0000] {logging_mixin.py:190} INFO - [2025-03-16T19:14:32.718+0000] {dagbag.py:588} INFO - Filling up the DagBag from /home/airflow/.local/lib/python3.12/site-packages/airflow/example_dags/tutorial_taskflow_templates.py
[2025-03-16T19:14:32.732+0000] {processor.py:925} INFO - DAG(s) 'tutorial_taskflow_templates' retrieved from /home/airflow/.local/lib/python3.12/site-packages/airflow/example_dags/tutorial_taskflow_templates.py
[2025-03-16T19:14:32.755+0000] {logging_mixin.py:190} INFO - [2025-03-16T19:14:32.754+0000] {dag.py:3239} INFO - Sync 1 DAGs
[2025-03-16T19:14:32.782+0000] {logging_mixin.py:190} INFO - [2025-03-16T19:14:32.782+0000] {dag.py:4180} INFO - Setting next_dagrun for tutorial_taskflow_templates to 2025-03-15 00:00:00+00:00, run_after=2025-03-16 00:00:00+00:00
[2025-03-16T19:14:32.800+0000] {processor.py:208} INFO - Processing /home/airflow/.local/lib/python3.12/site-packages/airflow/example_dags/tutorial_taskflow_templates.py took 0.091 seconds
[2025-03-16T19:15:03.361+0000] {processor.py:186} INFO - Started process (PID=89872) to work on /home/airflow/.local/lib/python3.12/site-packages/airflow/example_dags/tutorial_taskflow_templates.py
[2025-03-16T19:15:03.362+0000] {processor.py:914} INFO - Processing file /home/airflow/.local/lib/python3.12/site-packages/airflow/example_dags/tutorial_taskflow_templates.py for tasks to queue
[2025-03-16T19:15:03.364+0000] {logging_mixin.py:190} INFO - [2025-03-16T19:15:03.363+0000] {dagbag.py:588} INFO - Filling up the DagBag from /home/airflow/.local/lib/python3.12/site-packages/airflow/example_dags/tutorial_taskflow_templates.py
[2025-03-16T19:15:03.378+0000] {processor.py:925} INFO - DAG(s) 'tutorial_taskflow_templates' retrieved from /home/airflow/.local/lib/python3.12/site-packages/airflow/example_dags/tutorial_taskflow_templates.py
[2025-03-16T19:15:03.405+0000] {logging_mixin.py:190} INFO - [2025-03-16T19:15:03.405+0000] {dag.py:3239} INFO - Sync 1 DAGs
[2025-03-16T19:15:03.434+0000] {logging_mixin.py:190} INFO - [2025-03-16T19:15:03.433+0000] {dag.py:4180} INFO - Setting next_dagrun for tutorial_taskflow_templates to 2025-03-15 00:00:00+00:00, run_after=2025-03-16 00:00:00+00:00
[2025-03-16T19:15:03.460+0000] {processor.py:208} INFO - Processing /home/airflow/.local/lib/python3.12/site-packages/airflow/example_dags/tutorial_taskflow_templates.py took 0.106 seconds
[2025-03-16T19:15:34.167+0000] {processor.py:186} INFO - Started process (PID=89936) to work on /home/airflow/.local/lib/python3.12/site-packages/airflow/example_dags/tutorial_taskflow_templates.py
[2025-03-16T19:15:34.169+0000] {processor.py:914} INFO - Processing file /home/airflow/.local/lib/python3.12/site-packages/airflow/example_dags/tutorial_taskflow_templates.py for tasks to queue
[2025-03-16T19:15:34.171+0000] {logging_mixin.py:190} INFO - [2025-03-16T19:15:34.170+0000] {dagbag.py:588} INFO - Filling up the DagBag from /home/airflow/.local/lib/python3.12/site-packages/airflow/example_dags/tutorial_taskflow_templates.py
[2025-03-16T19:15:34.187+0000] {processor.py:925} INFO - DAG(s) 'tutorial_taskflow_templates' retrieved from /home/airflow/.local/lib/python3.12/site-packages/airflow/example_dags/tutorial_taskflow_templates.py
[2025-03-16T19:15:34.217+0000] {logging_mixin.py:190} INFO - [2025-03-16T19:15:34.217+0000] {dag.py:3239} INFO - Sync 1 DAGs
[2025-03-16T19:15:34.250+0000] {logging_mixin.py:190} INFO - [2025-03-16T19:15:34.249+0000] {dag.py:4180} INFO - Setting next_dagrun for tutorial_taskflow_templates to 2025-03-15 00:00:00+00:00, run_after=2025-03-16 00:00:00+00:00
[2025-03-16T19:15:34.276+0000] {processor.py:208} INFO - Processing /home/airflow/.local/lib/python3.12/site-packages/airflow/example_dags/tutorial_taskflow_templates.py took 0.117 seconds
[2025-03-16T19:16:04.774+0000] {processor.py:186} INFO - Started process (PID=90000) to work on /home/airflow/.local/lib/python3.12/site-packages/airflow/example_dags/tutorial_taskflow_templates.py
[2025-03-16T19:16:04.776+0000] {processor.py:914} INFO - Processing file /home/airflow/.local/lib/python3.12/site-packages/airflow/example_dags/tutorial_taskflow_templates.py for tasks to queue
[2025-03-16T19:16:04.778+0000] {logging_mixin.py:190} INFO - [2025-03-16T19:16:04.777+0000] {dagbag.py:588} INFO - Filling up the DagBag from /home/airflow/.local/lib/python3.12/site-packages/airflow/example_dags/tutorial_taskflow_templates.py
[2025-03-16T19:16:04.799+0000] {processor.py:925} INFO - DAG(s) 'tutorial_taskflow_templates' retrieved from /home/airflow/.local/lib/python3.12/site-packages/airflow/example_dags/tutorial_taskflow_templates.py
[2025-03-16T19:16:04.835+0000] {logging_mixin.py:190} INFO - [2025-03-16T19:16:04.834+0000] {dag.py:3239} INFO - Sync 1 DAGs
[2025-03-16T19:16:04.867+0000] {logging_mixin.py:190} INFO - [2025-03-16T19:16:04.866+0000] {dag.py:4180} INFO - Setting next_dagrun for tutorial_taskflow_templates to 2025-03-15 00:00:00+00:00, run_after=2025-03-16 00:00:00+00:00
[2025-03-16T19:16:04.898+0000] {processor.py:208} INFO - Processing /home/airflow/.local/lib/python3.12/site-packages/airflow/example_dags/tutorial_taskflow_templates.py took 0.132 seconds
[2025-03-16T19:16:35.185+0000] {processor.py:186} INFO - Started process (PID=90064) to work on /home/airflow/.local/lib/python3.12/site-packages/airflow/example_dags/tutorial_taskflow_templates.py
[2025-03-16T19:16:35.186+0000] {processor.py:914} INFO - Processing file /home/airflow/.local/lib/python3.12/site-packages/airflow/example_dags/tutorial_taskflow_templates.py for tasks to queue
[2025-03-16T19:16:35.189+0000] {logging_mixin.py:190} INFO - [2025-03-16T19:16:35.189+0000] {dagbag.py:588} INFO - Filling up the DagBag from /home/airflow/.local/lib/python3.12/site-packages/airflow/example_dags/tutorial_taskflow_templates.py
[2025-03-16T19:16:35.208+0000] {processor.py:925} INFO - DAG(s) 'tutorial_taskflow_templates' retrieved from /home/airflow/.local/lib/python3.12/site-packages/airflow/example_dags/tutorial_taskflow_templates.py
[2025-03-16T19:16:35.235+0000] {logging_mixin.py:190} INFO - [2025-03-16T19:16:35.234+0000] {dag.py:3239} INFO - Sync 1 DAGs
[2025-03-16T19:16:35.266+0000] {logging_mixin.py:190} INFO - [2025-03-16T19:16:35.265+0000] {dag.py:4180} INFO - Setting next_dagrun for tutorial_taskflow_templates to 2025-03-15 00:00:00+00:00, run_after=2025-03-16 00:00:00+00:00
[2025-03-16T19:16:35.294+0000] {processor.py:208} INFO - Processing /home/airflow/.local/lib/python3.12/site-packages/airflow/example_dags/tutorial_taskflow_templates.py took 0.113 seconds
[2025-03-16T19:17:05.622+0000] {processor.py:186} INFO - Started process (PID=90128) to work on /home/airflow/.local/lib/python3.12/site-packages/airflow/example_dags/tutorial_taskflow_templates.py
[2025-03-16T19:17:05.624+0000] {processor.py:914} INFO - Processing file /home/airflow/.local/lib/python3.12/site-packages/airflow/example_dags/tutorial_taskflow_templates.py for tasks to queue
[2025-03-16T19:17:05.626+0000] {logging_mixin.py:190} INFO - [2025-03-16T19:17:05.625+0000] {dagbag.py:588} INFO - Filling up the DagBag from /home/airflow/.local/lib/python3.12/site-packages/airflow/example_dags/tutorial_taskflow_templates.py
[2025-03-16T19:17:05.643+0000] {processor.py:925} INFO - DAG(s) 'tutorial_taskflow_templates' retrieved from /home/airflow/.local/lib/python3.12/site-packages/airflow/example_dags/tutorial_taskflow_templates.py
[2025-03-16T19:17:05.673+0000] {logging_mixin.py:190} INFO - [2025-03-16T19:17:05.673+0000] {dag.py:3239} INFO - Sync 1 DAGs
[2025-03-16T19:17:05.705+0000] {logging_mixin.py:190} INFO - [2025-03-16T19:17:05.703+0000] {dag.py:4180} INFO - Setting next_dagrun for tutorial_taskflow_templates to 2025-03-15 00:00:00+00:00, run_after=2025-03-16 00:00:00+00:00
[2025-03-16T19:17:05.732+0000] {processor.py:208} INFO - Processing /home/airflow/.local/lib/python3.12/site-packages/airflow/example_dags/tutorial_taskflow_templates.py took 0.119 seconds
[2025-03-16T19:17:35.986+0000] {processor.py:186} INFO - Started process (PID=90192) to work on /home/airflow/.local/lib/python3.12/site-packages/airflow/example_dags/tutorial_taskflow_templates.py
[2025-03-16T19:17:35.987+0000] {processor.py:914} INFO - Processing file /home/airflow/.local/lib/python3.12/site-packages/airflow/example_dags/tutorial_taskflow_templates.py for tasks to queue
[2025-03-16T19:17:35.991+0000] {logging_mixin.py:190} INFO - [2025-03-16T19:17:35.990+0000] {dagbag.py:588} INFO - Filling up the DagBag from /home/airflow/.local/lib/python3.12/site-packages/airflow/example_dags/tutorial_taskflow_templates.py
[2025-03-16T19:17:36.023+0000] {processor.py:925} INFO - DAG(s) 'tutorial_taskflow_templates' retrieved from /home/airflow/.local/lib/python3.12/site-packages/airflow/example_dags/tutorial_taskflow_templates.py
[2025-03-16T19:17:36.056+0000] {logging_mixin.py:190} INFO - [2025-03-16T19:17:36.055+0000] {dag.py:3239} INFO - Sync 1 DAGs
[2025-03-16T19:17:36.089+0000] {logging_mixin.py:190} INFO - [2025-03-16T19:17:36.088+0000] {dag.py:4180} INFO - Setting next_dagrun for tutorial_taskflow_templates to 2025-03-15 00:00:00+00:00, run_after=2025-03-16 00:00:00+00:00
[2025-03-16T19:17:36.116+0000] {processor.py:208} INFO - Processing /home/airflow/.local/lib/python3.12/site-packages/airflow/example_dags/tutorial_taskflow_templates.py took 0.142 seconds
[2025-03-16T19:18:06.970+0000] {processor.py:186} INFO - Started process (PID=90256) to work on /home/airflow/.local/lib/python3.12/site-packages/airflow/example_dags/tutorial_taskflow_templates.py
[2025-03-16T19:18:06.972+0000] {processor.py:914} INFO - Processing file /home/airflow/.local/lib/python3.12/site-packages/airflow/example_dags/tutorial_taskflow_templates.py for tasks to queue
[2025-03-16T19:18:06.976+0000] {logging_mixin.py:190} INFO - [2025-03-16T19:18:06.975+0000] {dagbag.py:588} INFO - Filling up the DagBag from /home/airflow/.local/lib/python3.12/site-packages/airflow/example_dags/tutorial_taskflow_templates.py
[2025-03-16T19:18:06.994+0000] {processor.py:925} INFO - DAG(s) 'tutorial_taskflow_templates' retrieved from /home/airflow/.local/lib/python3.12/site-packages/airflow/example_dags/tutorial_taskflow_templates.py
[2025-03-16T19:18:07.025+0000] {logging_mixin.py:190} INFO - [2025-03-16T19:18:07.025+0000] {dag.py:3239} INFO - Sync 1 DAGs
[2025-03-16T19:18:07.062+0000] {logging_mixin.py:190} INFO - [2025-03-16T19:18:07.062+0000] {dag.py:4180} INFO - Setting next_dagrun for tutorial_taskflow_templates to 2025-03-15 00:00:00+00:00, run_after=2025-03-16 00:00:00+00:00
[2025-03-16T19:18:07.094+0000] {processor.py:208} INFO - Processing /home/airflow/.local/lib/python3.12/site-packages/airflow/example_dags/tutorial_taskflow_templates.py took 0.131 seconds
[2025-03-16T19:18:37.353+0000] {processor.py:186} INFO - Started process (PID=90320) to work on /home/airflow/.local/lib/python3.12/site-packages/airflow/example_dags/tutorial_taskflow_templates.py
[2025-03-16T19:18:37.355+0000] {processor.py:914} INFO - Processing file /home/airflow/.local/lib/python3.12/site-packages/airflow/example_dags/tutorial_taskflow_templates.py for tasks to queue
[2025-03-16T19:18:37.358+0000] {logging_mixin.py:190} INFO - [2025-03-16T19:18:37.357+0000] {dagbag.py:588} INFO - Filling up the DagBag from /home/airflow/.local/lib/python3.12/site-packages/airflow/example_dags/tutorial_taskflow_templates.py
[2025-03-16T19:18:37.377+0000] {processor.py:925} INFO - DAG(s) 'tutorial_taskflow_templates' retrieved from /home/airflow/.local/lib/python3.12/site-packages/airflow/example_dags/tutorial_taskflow_templates.py
[2025-03-16T19:18:37.410+0000] {logging_mixin.py:190} INFO - [2025-03-16T19:18:37.409+0000] {dag.py:3239} INFO - Sync 1 DAGs
[2025-03-16T19:18:37.444+0000] {logging_mixin.py:190} INFO - [2025-03-16T19:18:37.443+0000] {dag.py:4180} INFO - Setting next_dagrun for tutorial_taskflow_templates to 2025-03-15 00:00:00+00:00, run_after=2025-03-16 00:00:00+00:00
[2025-03-16T19:18:37.472+0000] {processor.py:208} INFO - Processing /home/airflow/.local/lib/python3.12/site-packages/airflow/example_dags/tutorial_taskflow_templates.py took 0.127 seconds
[2025-03-16T19:19:08.128+0000] {processor.py:186} INFO - Started process (PID=90384) to work on /home/airflow/.local/lib/python3.12/site-packages/airflow/example_dags/tutorial_taskflow_templates.py
[2025-03-16T19:19:08.130+0000] {processor.py:914} INFO - Processing file /home/airflow/.local/lib/python3.12/site-packages/airflow/example_dags/tutorial_taskflow_templates.py for tasks to queue
[2025-03-16T19:19:08.131+0000] {logging_mixin.py:190} INFO - [2025-03-16T19:19:08.131+0000] {dagbag.py:588} INFO - Filling up the DagBag from /home/airflow/.local/lib/python3.12/site-packages/airflow/example_dags/tutorial_taskflow_templates.py
[2025-03-16T19:19:08.147+0000] {processor.py:925} INFO - DAG(s) 'tutorial_taskflow_templates' retrieved from /home/airflow/.local/lib/python3.12/site-packages/airflow/example_dags/tutorial_taskflow_templates.py
[2025-03-16T19:19:08.175+0000] {logging_mixin.py:190} INFO - [2025-03-16T19:19:08.175+0000] {dag.py:3239} INFO - Sync 1 DAGs
[2025-03-16T19:19:08.205+0000] {logging_mixin.py:190} INFO - [2025-03-16T19:19:08.205+0000] {dag.py:4180} INFO - Setting next_dagrun for tutorial_taskflow_templates to 2025-03-15 00:00:00+00:00, run_after=2025-03-16 00:00:00+00:00
[2025-03-16T19:19:08.230+0000] {processor.py:208} INFO - Processing /home/airflow/.local/lib/python3.12/site-packages/airflow/example_dags/tutorial_taskflow_templates.py took 0.109 seconds
[2025-03-16T19:19:38.373+0000] {processor.py:186} INFO - Started process (PID=90448) to work on /home/airflow/.local/lib/python3.12/site-packages/airflow/example_dags/tutorial_taskflow_templates.py
[2025-03-16T19:19:38.374+0000] {processor.py:914} INFO - Processing file /home/airflow/.local/lib/python3.12/site-packages/airflow/example_dags/tutorial_taskflow_templates.py for tasks to queue
[2025-03-16T19:19:38.376+0000] {logging_mixin.py:190} INFO - [2025-03-16T19:19:38.375+0000] {dagbag.py:588} INFO - Filling up the DagBag from /home/airflow/.local/lib/python3.12/site-packages/airflow/example_dags/tutorial_taskflow_templates.py
[2025-03-16T19:19:38.409+0000] {processor.py:925} INFO - DAG(s) 'tutorial_taskflow_templates' retrieved from /home/airflow/.local/lib/python3.12/site-packages/airflow/example_dags/tutorial_taskflow_templates.py
[2025-03-16T19:19:38.439+0000] {logging_mixin.py:190} INFO - [2025-03-16T19:19:38.439+0000] {dag.py:3239} INFO - Sync 1 DAGs
[2025-03-16T19:19:38.484+0000] {logging_mixin.py:190} INFO - [2025-03-16T19:19:38.484+0000] {dag.py:4180} INFO - Setting next_dagrun for tutorial_taskflow_templates to 2025-03-15 00:00:00+00:00, run_after=2025-03-16 00:00:00+00:00
[2025-03-16T19:19:38.515+0000] {processor.py:208} INFO - Processing /home/airflow/.local/lib/python3.12/site-packages/airflow/example_dags/tutorial_taskflow_templates.py took 0.150 seconds
[2025-03-16T19:20:08.838+0000] {processor.py:186} INFO - Started process (PID=90512) to work on /home/airflow/.local/lib/python3.12/site-packages/airflow/example_dags/tutorial_taskflow_templates.py
[2025-03-16T19:20:08.840+0000] {processor.py:914} INFO - Processing file /home/airflow/.local/lib/python3.12/site-packages/airflow/example_dags/tutorial_taskflow_templates.py for tasks to queue
[2025-03-16T19:20:08.842+0000] {logging_mixin.py:190} INFO - [2025-03-16T19:20:08.841+0000] {dagbag.py:588} INFO - Filling up the DagBag from /home/airflow/.local/lib/python3.12/site-packages/airflow/example_dags/tutorial_taskflow_templates.py
[2025-03-16T19:20:08.857+0000] {processor.py:925} INFO - DAG(s) 'tutorial_taskflow_templates' retrieved from /home/airflow/.local/lib/python3.12/site-packages/airflow/example_dags/tutorial_taskflow_templates.py
[2025-03-16T19:20:08.884+0000] {logging_mixin.py:190} INFO - [2025-03-16T19:20:08.884+0000] {dag.py:3239} INFO - Sync 1 DAGs
[2025-03-16T19:20:08.914+0000] {logging_mixin.py:190} INFO - [2025-03-16T19:20:08.914+0000] {dag.py:4180} INFO - Setting next_dagrun for tutorial_taskflow_templates to 2025-03-15 00:00:00+00:00, run_after=2025-03-16 00:00:00+00:00
[2025-03-16T19:20:08.944+0000] {processor.py:208} INFO - Processing /home/airflow/.local/lib/python3.12/site-packages/airflow/example_dags/tutorial_taskflow_templates.py took 0.112 seconds
[2025-03-16T19:20:39.777+0000] {processor.py:186} INFO - Started process (PID=90576) to work on /home/airflow/.local/lib/python3.12/site-packages/airflow/example_dags/tutorial_taskflow_templates.py
[2025-03-16T19:20:39.779+0000] {processor.py:914} INFO - Processing file /home/airflow/.local/lib/python3.12/site-packages/airflow/example_dags/tutorial_taskflow_templates.py for tasks to queue
[2025-03-16T19:20:39.781+0000] {logging_mixin.py:190} INFO - [2025-03-16T19:20:39.780+0000] {dagbag.py:588} INFO - Filling up the DagBag from /home/airflow/.local/lib/python3.12/site-packages/airflow/example_dags/tutorial_taskflow_templates.py
[2025-03-16T19:20:39.800+0000] {processor.py:925} INFO - DAG(s) 'tutorial_taskflow_templates' retrieved from /home/airflow/.local/lib/python3.12/site-packages/airflow/example_dags/tutorial_taskflow_templates.py
[2025-03-16T19:20:39.832+0000] {logging_mixin.py:190} INFO - [2025-03-16T19:20:39.832+0000] {dag.py:3239} INFO - Sync 1 DAGs
[2025-03-16T19:20:39.867+0000] {logging_mixin.py:190} INFO - [2025-03-16T19:20:39.867+0000] {dag.py:4180} INFO - Setting next_dagrun for tutorial_taskflow_templates to 2025-03-15 00:00:00+00:00, run_after=2025-03-16 00:00:00+00:00
[2025-03-16T19:20:39.899+0000] {processor.py:208} INFO - Processing /home/airflow/.local/lib/python3.12/site-packages/airflow/example_dags/tutorial_taskflow_templates.py took 0.130 seconds
[2025-03-16T19:21:10.080+0000] {processor.py:186} INFO - Started process (PID=90640) to work on /home/airflow/.local/lib/python3.12/site-packages/airflow/example_dags/tutorial_taskflow_templates.py
[2025-03-16T19:21:10.081+0000] {processor.py:914} INFO - Processing file /home/airflow/.local/lib/python3.12/site-packages/airflow/example_dags/tutorial_taskflow_templates.py for tasks to queue
[2025-03-16T19:21:10.083+0000] {logging_mixin.py:190} INFO - [2025-03-16T19:21:10.083+0000] {dagbag.py:588} INFO - Filling up the DagBag from /home/airflow/.local/lib/python3.12/site-packages/airflow/example_dags/tutorial_taskflow_templates.py
[2025-03-16T19:21:10.105+0000] {processor.py:925} INFO - DAG(s) 'tutorial_taskflow_templates' retrieved from /home/airflow/.local/lib/python3.12/site-packages/airflow/example_dags/tutorial_taskflow_templates.py
[2025-03-16T19:21:10.139+0000] {logging_mixin.py:190} INFO - [2025-03-16T19:21:10.138+0000] {dag.py:3239} INFO - Sync 1 DAGs
[2025-03-16T19:21:10.171+0000] {logging_mixin.py:190} INFO - [2025-03-16T19:21:10.171+0000] {dag.py:4180} INFO - Setting next_dagrun for tutorial_taskflow_templates to 2025-03-15 00:00:00+00:00, run_after=2025-03-16 00:00:00+00:00
[2025-03-16T19:21:10.202+0000] {processor.py:208} INFO - Processing /home/airflow/.local/lib/python3.12/site-packages/airflow/example_dags/tutorial_taskflow_templates.py took 0.131 seconds
[2025-03-16T19:21:40.382+0000] {processor.py:186} INFO - Started process (PID=90704) to work on /home/airflow/.local/lib/python3.12/site-packages/airflow/example_dags/tutorial_taskflow_templates.py
[2025-03-16T19:21:40.383+0000] {processor.py:914} INFO - Processing file /home/airflow/.local/lib/python3.12/site-packages/airflow/example_dags/tutorial_taskflow_templates.py for tasks to queue
[2025-03-16T19:21:40.385+0000] {logging_mixin.py:190} INFO - [2025-03-16T19:21:40.385+0000] {dagbag.py:588} INFO - Filling up the DagBag from /home/airflow/.local/lib/python3.12/site-packages/airflow/example_dags/tutorial_taskflow_templates.py
[2025-03-16T19:21:40.403+0000] {processor.py:925} INFO - DAG(s) 'tutorial_taskflow_templates' retrieved from /home/airflow/.local/lib/python3.12/site-packages/airflow/example_dags/tutorial_taskflow_templates.py
[2025-03-16T19:21:40.433+0000] {logging_mixin.py:190} INFO - [2025-03-16T19:21:40.433+0000] {dag.py:3239} INFO - Sync 1 DAGs
[2025-03-16T19:21:40.462+0000] {logging_mixin.py:190} INFO - [2025-03-16T19:21:40.461+0000] {dag.py:4180} INFO - Setting next_dagrun for tutorial_taskflow_templates to 2025-03-15 00:00:00+00:00, run_after=2025-03-16 00:00:00+00:00
[2025-03-16T19:21:40.489+0000] {processor.py:208} INFO - Processing /home/airflow/.local/lib/python3.12/site-packages/airflow/example_dags/tutorial_taskflow_templates.py took 0.115 seconds
[2025-03-16T19:22:10.918+0000] {processor.py:186} INFO - Started process (PID=90768) to work on /home/airflow/.local/lib/python3.12/site-packages/airflow/example_dags/tutorial_taskflow_templates.py
[2025-03-16T19:22:10.920+0000] {processor.py:914} INFO - Processing file /home/airflow/.local/lib/python3.12/site-packages/airflow/example_dags/tutorial_taskflow_templates.py for tasks to queue
[2025-03-16T19:22:10.923+0000] {logging_mixin.py:190} INFO - [2025-03-16T19:22:10.922+0000] {dagbag.py:588} INFO - Filling up the DagBag from /home/airflow/.local/lib/python3.12/site-packages/airflow/example_dags/tutorial_taskflow_templates.py
[2025-03-16T19:22:10.945+0000] {processor.py:925} INFO - DAG(s) 'tutorial_taskflow_templates' retrieved from /home/airflow/.local/lib/python3.12/site-packages/airflow/example_dags/tutorial_taskflow_templates.py
[2025-03-16T19:22:10.983+0000] {logging_mixin.py:190} INFO - [2025-03-16T19:22:10.982+0000] {dag.py:3239} INFO - Sync 1 DAGs
[2025-03-16T19:22:11.027+0000] {logging_mixin.py:190} INFO - [2025-03-16T19:22:11.027+0000] {dag.py:4180} INFO - Setting next_dagrun for tutorial_taskflow_templates to 2025-03-15 00:00:00+00:00, run_after=2025-03-16 00:00:00+00:00
[2025-03-16T19:22:11.062+0000] {processor.py:208} INFO - Processing /home/airflow/.local/lib/python3.12/site-packages/airflow/example_dags/tutorial_taskflow_templates.py took 0.154 seconds
[2025-03-16T19:22:41.511+0000] {processor.py:186} INFO - Started process (PID=90832) to work on /home/airflow/.local/lib/python3.12/site-packages/airflow/example_dags/tutorial_taskflow_templates.py
[2025-03-16T19:22:41.513+0000] {processor.py:914} INFO - Processing file /home/airflow/.local/lib/python3.12/site-packages/airflow/example_dags/tutorial_taskflow_templates.py for tasks to queue
[2025-03-16T19:22:41.515+0000] {logging_mixin.py:190} INFO - [2025-03-16T19:22:41.515+0000] {dagbag.py:588} INFO - Filling up the DagBag from /home/airflow/.local/lib/python3.12/site-packages/airflow/example_dags/tutorial_taskflow_templates.py
[2025-03-16T19:22:41.541+0000] {processor.py:925} INFO - DAG(s) 'tutorial_taskflow_templates' retrieved from /home/airflow/.local/lib/python3.12/site-packages/airflow/example_dags/tutorial_taskflow_templates.py
[2025-03-16T19:22:41.579+0000] {logging_mixin.py:190} INFO - [2025-03-16T19:22:41.579+0000] {dag.py:3239} INFO - Sync 1 DAGs
[2025-03-16T19:22:41.631+0000] {logging_mixin.py:190} INFO - [2025-03-16T19:22:41.631+0000] {dag.py:4180} INFO - Setting next_dagrun for tutorial_taskflow_templates to 2025-03-15 00:00:00+00:00, run_after=2025-03-16 00:00:00+00:00
[2025-03-16T19:22:41.669+0000] {processor.py:208} INFO - Processing /home/airflow/.local/lib/python3.12/site-packages/airflow/example_dags/tutorial_taskflow_templates.py took 0.168 seconds
[2025-03-16T19:23:12.509+0000] {processor.py:186} INFO - Started process (PID=90896) to work on /home/airflow/.local/lib/python3.12/site-packages/airflow/example_dags/tutorial_taskflow_templates.py
[2025-03-16T19:23:12.513+0000] {processor.py:914} INFO - Processing file /home/airflow/.local/lib/python3.12/site-packages/airflow/example_dags/tutorial_taskflow_templates.py for tasks to queue
[2025-03-16T19:23:12.516+0000] {logging_mixin.py:190} INFO - [2025-03-16T19:23:12.515+0000] {dagbag.py:588} INFO - Filling up the DagBag from /home/airflow/.local/lib/python3.12/site-packages/airflow/example_dags/tutorial_taskflow_templates.py
[2025-03-16T19:23:12.541+0000] {processor.py:925} INFO - DAG(s) 'tutorial_taskflow_templates' retrieved from /home/airflow/.local/lib/python3.12/site-packages/airflow/example_dags/tutorial_taskflow_templates.py
[2025-03-16T19:23:12.579+0000] {logging_mixin.py:190} INFO - [2025-03-16T19:23:12.578+0000] {dag.py:3239} INFO - Sync 1 DAGs
[2025-03-16T19:23:12.621+0000] {logging_mixin.py:190} INFO - [2025-03-16T19:23:12.621+0000] {dag.py:4180} INFO - Setting next_dagrun for tutorial_taskflow_templates to 2025-03-15 00:00:00+00:00, run_after=2025-03-16 00:00:00+00:00
[2025-03-16T19:23:12.657+0000] {processor.py:208} INFO - Processing /home/airflow/.local/lib/python3.12/site-packages/airflow/example_dags/tutorial_taskflow_templates.py took 0.158 seconds
[2025-03-16T19:23:42.807+0000] {processor.py:186} INFO - Started process (PID=90960) to work on /home/airflow/.local/lib/python3.12/site-packages/airflow/example_dags/tutorial_taskflow_templates.py
[2025-03-16T19:23:42.810+0000] {processor.py:914} INFO - Processing file /home/airflow/.local/lib/python3.12/site-packages/airflow/example_dags/tutorial_taskflow_templates.py for tasks to queue
[2025-03-16T19:23:42.812+0000] {logging_mixin.py:190} INFO - [2025-03-16T19:23:42.812+0000] {dagbag.py:588} INFO - Filling up the DagBag from /home/airflow/.local/lib/python3.12/site-packages/airflow/example_dags/tutorial_taskflow_templates.py
[2025-03-16T19:23:42.835+0000] {processor.py:925} INFO - DAG(s) 'tutorial_taskflow_templates' retrieved from /home/airflow/.local/lib/python3.12/site-packages/airflow/example_dags/tutorial_taskflow_templates.py
[2025-03-16T19:23:42.874+0000] {logging_mixin.py:190} INFO - [2025-03-16T19:23:42.873+0000] {dag.py:3239} INFO - Sync 1 DAGs
[2025-03-16T19:23:42.922+0000] {logging_mixin.py:190} INFO - [2025-03-16T19:23:42.921+0000] {dag.py:4180} INFO - Setting next_dagrun for tutorial_taskflow_templates to 2025-03-15 00:00:00+00:00, run_after=2025-03-16 00:00:00+00:00
[2025-03-16T19:23:42.964+0000] {processor.py:208} INFO - Processing /home/airflow/.local/lib/python3.12/site-packages/airflow/example_dags/tutorial_taskflow_templates.py took 0.166 seconds
[2025-03-16T19:24:13.114+0000] {processor.py:186} INFO - Started process (PID=91024) to work on /home/airflow/.local/lib/python3.12/site-packages/airflow/example_dags/tutorial_taskflow_templates.py
[2025-03-16T19:24:13.116+0000] {processor.py:914} INFO - Processing file /home/airflow/.local/lib/python3.12/site-packages/airflow/example_dags/tutorial_taskflow_templates.py for tasks to queue
[2025-03-16T19:24:13.118+0000] {logging_mixin.py:190} INFO - [2025-03-16T19:24:13.118+0000] {dagbag.py:588} INFO - Filling up the DagBag from /home/airflow/.local/lib/python3.12/site-packages/airflow/example_dags/tutorial_taskflow_templates.py
[2025-03-16T19:24:13.142+0000] {processor.py:925} INFO - DAG(s) 'tutorial_taskflow_templates' retrieved from /home/airflow/.local/lib/python3.12/site-packages/airflow/example_dags/tutorial_taskflow_templates.py
[2025-03-16T19:24:13.180+0000] {logging_mixin.py:190} INFO - [2025-03-16T19:24:13.179+0000] {dag.py:3239} INFO - Sync 1 DAGs
[2025-03-16T19:24:13.225+0000] {logging_mixin.py:190} INFO - [2025-03-16T19:24:13.225+0000] {dag.py:4180} INFO - Setting next_dagrun for tutorial_taskflow_templates to 2025-03-15 00:00:00+00:00, run_after=2025-03-16 00:00:00+00:00
[2025-03-16T19:24:13.262+0000] {processor.py:208} INFO - Processing /home/airflow/.local/lib/python3.12/site-packages/airflow/example_dags/tutorial_taskflow_templates.py took 0.156 seconds
[2025-03-16T19:24:43.410+0000] {processor.py:186} INFO - Started process (PID=91088) to work on /home/airflow/.local/lib/python3.12/site-packages/airflow/example_dags/tutorial_taskflow_templates.py
[2025-03-16T19:24:43.411+0000] {processor.py:914} INFO - Processing file /home/airflow/.local/lib/python3.12/site-packages/airflow/example_dags/tutorial_taskflow_templates.py for tasks to queue
[2025-03-16T19:24:43.414+0000] {logging_mixin.py:190} INFO - [2025-03-16T19:24:43.413+0000] {dagbag.py:588} INFO - Filling up the DagBag from /home/airflow/.local/lib/python3.12/site-packages/airflow/example_dags/tutorial_taskflow_templates.py
[2025-03-16T19:24:43.436+0000] {processor.py:925} INFO - DAG(s) 'tutorial_taskflow_templates' retrieved from /home/airflow/.local/lib/python3.12/site-packages/airflow/example_dags/tutorial_taskflow_templates.py
[2025-03-16T19:24:43.473+0000] {logging_mixin.py:190} INFO - [2025-03-16T19:24:43.472+0000] {dag.py:3239} INFO - Sync 1 DAGs
[2025-03-16T19:24:43.537+0000] {logging_mixin.py:190} INFO - [2025-03-16T19:24:43.537+0000] {dag.py:4180} INFO - Setting next_dagrun for tutorial_taskflow_templates to 2025-03-15 00:00:00+00:00, run_after=2025-03-16 00:00:00+00:00
[2025-03-16T19:24:43.572+0000] {processor.py:208} INFO - Processing /home/airflow/.local/lib/python3.12/site-packages/airflow/example_dags/tutorial_taskflow_templates.py took 0.172 seconds
[2025-03-16T19:25:14.390+0000] {processor.py:186} INFO - Started process (PID=91146) to work on /home/airflow/.local/lib/python3.12/site-packages/airflow/example_dags/tutorial_taskflow_templates.py
[2025-03-16T19:25:14.394+0000] {processor.py:914} INFO - Processing file /home/airflow/.local/lib/python3.12/site-packages/airflow/example_dags/tutorial_taskflow_templates.py for tasks to queue
[2025-03-16T19:25:14.397+0000] {logging_mixin.py:190} INFO - [2025-03-16T19:25:14.397+0000] {dagbag.py:588} INFO - Filling up the DagBag from /home/airflow/.local/lib/python3.12/site-packages/airflow/example_dags/tutorial_taskflow_templates.py
[2025-03-16T19:25:14.421+0000] {processor.py:925} INFO - DAG(s) 'tutorial_taskflow_templates' retrieved from /home/airflow/.local/lib/python3.12/site-packages/airflow/example_dags/tutorial_taskflow_templates.py
[2025-03-16T19:25:14.465+0000] {logging_mixin.py:190} INFO - [2025-03-16T19:25:14.465+0000] {dag.py:3239} INFO - Sync 1 DAGs
[2025-03-16T19:25:14.520+0000] {logging_mixin.py:190} INFO - [2025-03-16T19:25:14.519+0000] {dag.py:4180} INFO - Setting next_dagrun for tutorial_taskflow_templates to 2025-03-15 00:00:00+00:00, run_after=2025-03-16 00:00:00+00:00
[2025-03-16T19:25:14.566+0000] {processor.py:208} INFO - Processing /home/airflow/.local/lib/python3.12/site-packages/airflow/example_dags/tutorial_taskflow_templates.py took 0.185 seconds
[2025-03-16T19:25:45.855+0000] {processor.py:186} INFO - Started process (PID=91210) to work on /home/airflow/.local/lib/python3.12/site-packages/airflow/example_dags/tutorial_taskflow_templates.py
[2025-03-16T19:25:45.858+0000] {processor.py:914} INFO - Processing file /home/airflow/.local/lib/python3.12/site-packages/airflow/example_dags/tutorial_taskflow_templates.py for tasks to queue
[2025-03-16T19:25:45.861+0000] {logging_mixin.py:190} INFO - [2025-03-16T19:25:45.860+0000] {dagbag.py:588} INFO - Filling up the DagBag from /home/airflow/.local/lib/python3.12/site-packages/airflow/example_dags/tutorial_taskflow_templates.py
[2025-03-16T19:25:45.894+0000] {processor.py:925} INFO - DAG(s) 'tutorial_taskflow_templates' retrieved from /home/airflow/.local/lib/python3.12/site-packages/airflow/example_dags/tutorial_taskflow_templates.py
[2025-03-16T19:25:45.956+0000] {logging_mixin.py:190} INFO - [2025-03-16T19:25:45.955+0000] {dag.py:3239} INFO - Sync 1 DAGs
[2025-03-16T19:25:46.011+0000] {logging_mixin.py:190} INFO - [2025-03-16T19:25:46.011+0000] {dag.py:4180} INFO - Setting next_dagrun for tutorial_taskflow_templates to 2025-03-15 00:00:00+00:00, run_after=2025-03-16 00:00:00+00:00
[2025-03-16T19:25:46.047+0000] {processor.py:208} INFO - Processing /home/airflow/.local/lib/python3.12/site-packages/airflow/example_dags/tutorial_taskflow_templates.py took 0.206 seconds
[2025-03-16T19:26:17.064+0000] {processor.py:186} INFO - Started process (PID=91275) to work on /home/airflow/.local/lib/python3.12/site-packages/airflow/example_dags/tutorial_taskflow_templates.py
[2025-03-16T19:26:17.068+0000] {processor.py:914} INFO - Processing file /home/airflow/.local/lib/python3.12/site-packages/airflow/example_dags/tutorial_taskflow_templates.py for tasks to queue
[2025-03-16T19:26:17.070+0000] {logging_mixin.py:190} INFO - [2025-03-16T19:26:17.069+0000] {dagbag.py:588} INFO - Filling up the DagBag from /home/airflow/.local/lib/python3.12/site-packages/airflow/example_dags/tutorial_taskflow_templates.py
[2025-03-16T19:26:17.090+0000] {processor.py:925} INFO - DAG(s) 'tutorial_taskflow_templates' retrieved from /home/airflow/.local/lib/python3.12/site-packages/airflow/example_dags/tutorial_taskflow_templates.py
[2025-03-16T19:26:17.131+0000] {logging_mixin.py:190} INFO - [2025-03-16T19:26:17.130+0000] {dag.py:3239} INFO - Sync 1 DAGs
[2025-03-16T19:26:17.178+0000] {logging_mixin.py:190} INFO - [2025-03-16T19:26:17.178+0000] {dag.py:4180} INFO - Setting next_dagrun for tutorial_taskflow_templates to 2025-03-15 00:00:00+00:00, run_after=2025-03-16 00:00:00+00:00
[2025-03-16T19:26:17.211+0000] {processor.py:208} INFO - Processing /home/airflow/.local/lib/python3.12/site-packages/airflow/example_dags/tutorial_taskflow_templates.py took 0.157 seconds
[2025-03-16T19:26:47.343+0000] {processor.py:186} INFO - Started process (PID=91335) to work on /home/airflow/.local/lib/python3.12/site-packages/airflow/example_dags/tutorial_taskflow_templates.py
[2025-03-16T19:26:47.345+0000] {processor.py:914} INFO - Processing file /home/airflow/.local/lib/python3.12/site-packages/airflow/example_dags/tutorial_taskflow_templates.py for tasks to queue
[2025-03-16T19:26:47.346+0000] {logging_mixin.py:190} INFO - [2025-03-16T19:26:47.346+0000] {dagbag.py:588} INFO - Filling up the DagBag from /home/airflow/.local/lib/python3.12/site-packages/airflow/example_dags/tutorial_taskflow_templates.py
[2025-03-16T19:26:47.369+0000] {processor.py:925} INFO - DAG(s) 'tutorial_taskflow_templates' retrieved from /home/airflow/.local/lib/python3.12/site-packages/airflow/example_dags/tutorial_taskflow_templates.py
[2025-03-16T19:26:47.433+0000] {logging_mixin.py:190} INFO - [2025-03-16T19:26:47.432+0000] {dag.py:3239} INFO - Sync 1 DAGs
[2025-03-16T19:26:47.484+0000] {logging_mixin.py:190} INFO - [2025-03-16T19:26:47.483+0000] {dag.py:4180} INFO - Setting next_dagrun for tutorial_taskflow_templates to 2025-03-15 00:00:00+00:00, run_after=2025-03-16 00:00:00+00:00
[2025-03-16T19:26:47.519+0000] {processor.py:208} INFO - Processing /home/airflow/.local/lib/python3.12/site-packages/airflow/example_dags/tutorial_taskflow_templates.py took 0.188 seconds
[2025-03-16T19:27:18.269+0000] {processor.py:186} INFO - Started process (PID=91396) to work on /home/airflow/.local/lib/python3.12/site-packages/airflow/example_dags/tutorial_taskflow_templates.py
[2025-03-16T19:27:18.271+0000] {processor.py:914} INFO - Processing file /home/airflow/.local/lib/python3.12/site-packages/airflow/example_dags/tutorial_taskflow_templates.py for tasks to queue
[2025-03-16T19:27:18.273+0000] {logging_mixin.py:190} INFO - [2025-03-16T19:27:18.273+0000] {dagbag.py:588} INFO - Filling up the DagBag from /home/airflow/.local/lib/python3.12/site-packages/airflow/example_dags/tutorial_taskflow_templates.py
[2025-03-16T19:27:18.294+0000] {processor.py:925} INFO - DAG(s) 'tutorial_taskflow_templates' retrieved from /home/airflow/.local/lib/python3.12/site-packages/airflow/example_dags/tutorial_taskflow_templates.py
[2025-03-16T19:27:18.326+0000] {logging_mixin.py:190} INFO - [2025-03-16T19:27:18.326+0000] {dag.py:3239} INFO - Sync 1 DAGs
[2025-03-16T19:27:18.368+0000] {logging_mixin.py:190} INFO - [2025-03-16T19:27:18.368+0000] {dag.py:4180} INFO - Setting next_dagrun for tutorial_taskflow_templates to 2025-03-15 00:00:00+00:00, run_after=2025-03-16 00:00:00+00:00
[2025-03-16T19:27:18.397+0000] {processor.py:208} INFO - Processing /home/airflow/.local/lib/python3.12/site-packages/airflow/example_dags/tutorial_taskflow_templates.py took 0.138 seconds
[2025-03-16T19:27:50.516+0000] {processor.py:186} INFO - Started process (PID=91460) to work on /home/airflow/.local/lib/python3.12/site-packages/airflow/example_dags/tutorial_taskflow_templates.py
[2025-03-16T19:27:50.518+0000] {processor.py:914} INFO - Processing file /home/airflow/.local/lib/python3.12/site-packages/airflow/example_dags/tutorial_taskflow_templates.py for tasks to queue
[2025-03-16T19:27:50.520+0000] {logging_mixin.py:190} INFO - [2025-03-16T19:27:50.520+0000] {dagbag.py:588} INFO - Filling up the DagBag from /home/airflow/.local/lib/python3.12/site-packages/airflow/example_dags/tutorial_taskflow_templates.py
[2025-03-16T19:27:50.548+0000] {processor.py:925} INFO - DAG(s) 'tutorial_taskflow_templates' retrieved from /home/airflow/.local/lib/python3.12/site-packages/airflow/example_dags/tutorial_taskflow_templates.py
[2025-03-16T19:27:50.586+0000] {logging_mixin.py:190} INFO - [2025-03-16T19:27:50.585+0000] {dag.py:3239} INFO - Sync 1 DAGs
[2025-03-16T19:27:50.633+0000] {logging_mixin.py:190} INFO - [2025-03-16T19:27:50.633+0000] {dag.py:4180} INFO - Setting next_dagrun for tutorial_taskflow_templates to 2025-03-15 00:00:00+00:00, run_after=2025-03-16 00:00:00+00:00
[2025-03-16T19:27:50.669+0000] {processor.py:208} INFO - Processing /home/airflow/.local/lib/python3.12/site-packages/airflow/example_dags/tutorial_taskflow_templates.py took 0.164 seconds
[2025-03-16T19:28:21.533+0000] {processor.py:186} INFO - Started process (PID=91524) to work on /home/airflow/.local/lib/python3.12/site-packages/airflow/example_dags/tutorial_taskflow_templates.py
[2025-03-16T19:28:21.535+0000] {processor.py:914} INFO - Processing file /home/airflow/.local/lib/python3.12/site-packages/airflow/example_dags/tutorial_taskflow_templates.py for tasks to queue
[2025-03-16T19:28:21.539+0000] {logging_mixin.py:190} INFO - [2025-03-16T19:28:21.538+0000] {dagbag.py:588} INFO - Filling up the DagBag from /home/airflow/.local/lib/python3.12/site-packages/airflow/example_dags/tutorial_taskflow_templates.py
[2025-03-16T19:28:21.566+0000] {processor.py:925} INFO - DAG(s) 'tutorial_taskflow_templates' retrieved from /home/airflow/.local/lib/python3.12/site-packages/airflow/example_dags/tutorial_taskflow_templates.py
[2025-03-16T19:28:21.609+0000] {logging_mixin.py:190} INFO - [2025-03-16T19:28:21.609+0000] {dag.py:3239} INFO - Sync 1 DAGs
[2025-03-16T19:28:21.659+0000] {logging_mixin.py:190} INFO - [2025-03-16T19:28:21.658+0000] {dag.py:4180} INFO - Setting next_dagrun for tutorial_taskflow_templates to 2025-03-15 00:00:00+00:00, run_after=2025-03-16 00:00:00+00:00
[2025-03-16T19:28:21.984+0000] {processor.py:208} INFO - Processing /home/airflow/.local/lib/python3.12/site-packages/airflow/example_dags/tutorial_taskflow_templates.py took 0.463 seconds
[2025-03-16T19:28:52.753+0000] {processor.py:186} INFO - Started process (PID=91588) to work on /home/airflow/.local/lib/python3.12/site-packages/airflow/example_dags/tutorial_taskflow_templates.py
[2025-03-16T19:28:52.755+0000] {processor.py:914} INFO - Processing file /home/airflow/.local/lib/python3.12/site-packages/airflow/example_dags/tutorial_taskflow_templates.py for tasks to queue
[2025-03-16T19:28:52.757+0000] {logging_mixin.py:190} INFO - [2025-03-16T19:28:52.756+0000] {dagbag.py:588} INFO - Filling up the DagBag from /home/airflow/.local/lib/python3.12/site-packages/airflow/example_dags/tutorial_taskflow_templates.py
[2025-03-16T19:28:52.781+0000] {processor.py:925} INFO - DAG(s) 'tutorial_taskflow_templates' retrieved from /home/airflow/.local/lib/python3.12/site-packages/airflow/example_dags/tutorial_taskflow_templates.py
[2025-03-16T19:28:52.822+0000] {logging_mixin.py:190} INFO - [2025-03-16T19:28:52.822+0000] {dag.py:3239} INFO - Sync 1 DAGs
[2025-03-16T19:28:52.871+0000] {logging_mixin.py:190} INFO - [2025-03-16T19:28:52.870+0000] {dag.py:4180} INFO - Setting next_dagrun for tutorial_taskflow_templates to 2025-03-15 00:00:00+00:00, run_after=2025-03-16 00:00:00+00:00
[2025-03-16T19:28:52.909+0000] {processor.py:208} INFO - Processing /home/airflow/.local/lib/python3.12/site-packages/airflow/example_dags/tutorial_taskflow_templates.py took 0.166 seconds
[2025-03-16T19:29:23.928+0000] {processor.py:186} INFO - Started process (PID=91652) to work on /home/airflow/.local/lib/python3.12/site-packages/airflow/example_dags/tutorial_taskflow_templates.py
[2025-03-16T19:29:23.930+0000] {processor.py:914} INFO - Processing file /home/airflow/.local/lib/python3.12/site-packages/airflow/example_dags/tutorial_taskflow_templates.py for tasks to queue
[2025-03-16T19:29:23.934+0000] {logging_mixin.py:190} INFO - [2025-03-16T19:29:23.934+0000] {dagbag.py:588} INFO - Filling up the DagBag from /home/airflow/.local/lib/python3.12/site-packages/airflow/example_dags/tutorial_taskflow_templates.py
[2025-03-16T19:29:23.958+0000] {processor.py:925} INFO - DAG(s) 'tutorial_taskflow_templates' retrieved from /home/airflow/.local/lib/python3.12/site-packages/airflow/example_dags/tutorial_taskflow_templates.py
[2025-03-16T19:29:23.996+0000] {logging_mixin.py:190} INFO - [2025-03-16T19:29:23.995+0000] {dag.py:3239} INFO - Sync 1 DAGs
[2025-03-16T19:29:24.044+0000] {logging_mixin.py:190} INFO - [2025-03-16T19:29:24.044+0000] {dag.py:4180} INFO - Setting next_dagrun for tutorial_taskflow_templates to 2025-03-15 00:00:00+00:00, run_after=2025-03-16 00:00:00+00:00
[2025-03-16T19:29:24.081+0000] {processor.py:208} INFO - Processing /home/airflow/.local/lib/python3.12/site-packages/airflow/example_dags/tutorial_taskflow_templates.py took 0.164 seconds
[2025-03-16T19:29:55.872+0000] {processor.py:186} INFO - Started process (PID=91714) to work on /home/airflow/.local/lib/python3.12/site-packages/airflow/example_dags/tutorial_taskflow_templates.py
[2025-03-16T19:29:55.873+0000] {processor.py:914} INFO - Processing file /home/airflow/.local/lib/python3.12/site-packages/airflow/example_dags/tutorial_taskflow_templates.py for tasks to queue
[2025-03-16T19:29:55.876+0000] {logging_mixin.py:190} INFO - [2025-03-16T19:29:55.875+0000] {dagbag.py:588} INFO - Filling up the DagBag from /home/airflow/.local/lib/python3.12/site-packages/airflow/example_dags/tutorial_taskflow_templates.py
[2025-03-16T19:29:55.899+0000] {processor.py:925} INFO - DAG(s) 'tutorial_taskflow_templates' retrieved from /home/airflow/.local/lib/python3.12/site-packages/airflow/example_dags/tutorial_taskflow_templates.py
[2025-03-16T19:29:56.252+0000] {logging_mixin.py:190} INFO - [2025-03-16T19:29:56.251+0000] {dag.py:3239} INFO - Sync 1 DAGs
[2025-03-16T19:29:56.300+0000] {logging_mixin.py:190} INFO - [2025-03-16T19:29:56.299+0000] {dag.py:4180} INFO - Setting next_dagrun for tutorial_taskflow_templates to 2025-03-15 00:00:00+00:00, run_after=2025-03-16 00:00:00+00:00
[2025-03-16T19:29:56.344+0000] {processor.py:208} INFO - Processing /home/airflow/.local/lib/python3.12/site-packages/airflow/example_dags/tutorial_taskflow_templates.py took 0.486 seconds
[2025-03-16T19:30:26.550+0000] {processor.py:186} INFO - Started process (PID=91778) to work on /home/airflow/.local/lib/python3.12/site-packages/airflow/example_dags/tutorial_taskflow_templates.py
[2025-03-16T19:30:26.553+0000] {processor.py:914} INFO - Processing file /home/airflow/.local/lib/python3.12/site-packages/airflow/example_dags/tutorial_taskflow_templates.py for tasks to queue
[2025-03-16T19:30:26.557+0000] {logging_mixin.py:190} INFO - [2025-03-16T19:30:26.556+0000] {dagbag.py:588} INFO - Filling up the DagBag from /home/airflow/.local/lib/python3.12/site-packages/airflow/example_dags/tutorial_taskflow_templates.py
[2025-03-16T19:30:26.586+0000] {processor.py:925} INFO - DAG(s) 'tutorial_taskflow_templates' retrieved from /home/airflow/.local/lib/python3.12/site-packages/airflow/example_dags/tutorial_taskflow_templates.py
[2025-03-16T19:30:26.628+0000] {logging_mixin.py:190} INFO - [2025-03-16T19:30:26.628+0000] {dag.py:3239} INFO - Sync 1 DAGs
[2025-03-16T19:30:26.681+0000] {logging_mixin.py:190} INFO - [2025-03-16T19:30:26.680+0000] {dag.py:4180} INFO - Setting next_dagrun for tutorial_taskflow_templates to 2025-03-15 00:00:00+00:00, run_after=2025-03-16 00:00:00+00:00
[2025-03-16T19:30:26.718+0000] {processor.py:208} INFO - Processing /home/airflow/.local/lib/python3.12/site-packages/airflow/example_dags/tutorial_taskflow_templates.py took 0.183 seconds
[2025-03-16T19:30:57.021+0000] {processor.py:186} INFO - Started process (PID=91848) to work on /home/airflow/.local/lib/python3.12/site-packages/airflow/example_dags/tutorial_taskflow_templates.py
[2025-03-16T19:30:57.023+0000] {processor.py:914} INFO - Processing file /home/airflow/.local/lib/python3.12/site-packages/airflow/example_dags/tutorial_taskflow_templates.py for tasks to queue
[2025-03-16T19:30:57.028+0000] {logging_mixin.py:190} INFO - [2025-03-16T19:30:57.027+0000] {dagbag.py:588} INFO - Filling up the DagBag from /home/airflow/.local/lib/python3.12/site-packages/airflow/example_dags/tutorial_taskflow_templates.py
[2025-03-16T19:30:57.049+0000] {processor.py:925} INFO - DAG(s) 'tutorial_taskflow_templates' retrieved from /home/airflow/.local/lib/python3.12/site-packages/airflow/example_dags/tutorial_taskflow_templates.py
[2025-03-16T19:30:57.086+0000] {logging_mixin.py:190} INFO - [2025-03-16T19:30:57.086+0000] {dag.py:3239} INFO - Sync 1 DAGs
[2025-03-16T19:30:57.132+0000] {logging_mixin.py:190} INFO - [2025-03-16T19:30:57.131+0000] {dag.py:4180} INFO - Setting next_dagrun for tutorial_taskflow_templates to 2025-03-15 00:00:00+00:00, run_after=2025-03-16 00:00:00+00:00
[2025-03-16T19:30:57.168+0000] {processor.py:208} INFO - Processing /home/airflow/.local/lib/python3.12/site-packages/airflow/example_dags/tutorial_taskflow_templates.py took 0.155 seconds
[2025-03-16T19:31:27.283+0000] {processor.py:186} INFO - Started process (PID=91912) to work on /home/airflow/.local/lib/python3.12/site-packages/airflow/example_dags/tutorial_taskflow_templates.py
[2025-03-16T19:31:27.286+0000] {processor.py:914} INFO - Processing file /home/airflow/.local/lib/python3.12/site-packages/airflow/example_dags/tutorial_taskflow_templates.py for tasks to queue
[2025-03-16T19:31:27.289+0000] {logging_mixin.py:190} INFO - [2025-03-16T19:31:27.288+0000] {dagbag.py:588} INFO - Filling up the DagBag from /home/airflow/.local/lib/python3.12/site-packages/airflow/example_dags/tutorial_taskflow_templates.py
[2025-03-16T19:31:27.316+0000] {processor.py:925} INFO - DAG(s) 'tutorial_taskflow_templates' retrieved from /home/airflow/.local/lib/python3.12/site-packages/airflow/example_dags/tutorial_taskflow_templates.py
[2025-03-16T19:31:27.354+0000] {logging_mixin.py:190} INFO - [2025-03-16T19:31:27.354+0000] {dag.py:3239} INFO - Sync 1 DAGs
[2025-03-16T19:31:27.398+0000] {logging_mixin.py:190} INFO - [2025-03-16T19:31:27.397+0000] {dag.py:4180} INFO - Setting next_dagrun for tutorial_taskflow_templates to 2025-03-15 00:00:00+00:00, run_after=2025-03-16 00:00:00+00:00
[2025-03-16T19:31:27.436+0000] {processor.py:208} INFO - Processing /home/airflow/.local/lib/python3.12/site-packages/airflow/example_dags/tutorial_taskflow_templates.py took 0.161 seconds
[2025-03-16T19:31:57.665+0000] {processor.py:186} INFO - Started process (PID=91975) to work on /home/airflow/.local/lib/python3.12/site-packages/airflow/example_dags/tutorial_taskflow_templates.py
[2025-03-16T19:31:57.666+0000] {processor.py:914} INFO - Processing file /home/airflow/.local/lib/python3.12/site-packages/airflow/example_dags/tutorial_taskflow_templates.py for tasks to queue
[2025-03-16T19:31:57.668+0000] {logging_mixin.py:190} INFO - [2025-03-16T19:31:57.668+0000] {dagbag.py:588} INFO - Filling up the DagBag from /home/airflow/.local/lib/python3.12/site-packages/airflow/example_dags/tutorial_taskflow_templates.py
[2025-03-16T19:31:57.696+0000] {processor.py:925} INFO - DAG(s) 'tutorial_taskflow_templates' retrieved from /home/airflow/.local/lib/python3.12/site-packages/airflow/example_dags/tutorial_taskflow_templates.py
[2025-03-16T19:31:57.734+0000] {logging_mixin.py:190} INFO - [2025-03-16T19:31:57.734+0000] {dag.py:3239} INFO - Sync 1 DAGs
[2025-03-16T19:31:57.779+0000] {logging_mixin.py:190} INFO - [2025-03-16T19:31:57.778+0000] {dag.py:4180} INFO - Setting next_dagrun for tutorial_taskflow_templates to 2025-03-15 00:00:00+00:00, run_after=2025-03-16 00:00:00+00:00
[2025-03-16T19:31:57.816+0000] {processor.py:208} INFO - Processing /home/airflow/.local/lib/python3.12/site-packages/airflow/example_dags/tutorial_taskflow_templates.py took 0.167 seconds
[2025-03-16T19:32:28.560+0000] {processor.py:186} INFO - Started process (PID=92039) to work on /home/airflow/.local/lib/python3.12/site-packages/airflow/example_dags/tutorial_taskflow_templates.py
[2025-03-16T19:32:28.562+0000] {processor.py:914} INFO - Processing file /home/airflow/.local/lib/python3.12/site-packages/airflow/example_dags/tutorial_taskflow_templates.py for tasks to queue
[2025-03-16T19:32:28.564+0000] {logging_mixin.py:190} INFO - [2025-03-16T19:32:28.564+0000] {dagbag.py:588} INFO - Filling up the DagBag from /home/airflow/.local/lib/python3.12/site-packages/airflow/example_dags/tutorial_taskflow_templates.py
[2025-03-16T19:32:28.592+0000] {processor.py:925} INFO - DAG(s) 'tutorial_taskflow_templates' retrieved from /home/airflow/.local/lib/python3.12/site-packages/airflow/example_dags/tutorial_taskflow_templates.py
[2025-03-16T19:32:28.630+0000] {logging_mixin.py:190} INFO - [2025-03-16T19:32:28.630+0000] {dag.py:3239} INFO - Sync 1 DAGs
[2025-03-16T19:32:28.677+0000] {logging_mixin.py:190} INFO - [2025-03-16T19:32:28.676+0000] {dag.py:4180} INFO - Setting next_dagrun for tutorial_taskflow_templates to 2025-03-15 00:00:00+00:00, run_after=2025-03-16 00:00:00+00:00
[2025-03-16T19:32:28.710+0000] {processor.py:208} INFO - Processing /home/airflow/.local/lib/python3.12/site-packages/airflow/example_dags/tutorial_taskflow_templates.py took 0.164 seconds
[2025-03-16T19:32:59.411+0000] {processor.py:186} INFO - Started process (PID=92103) to work on /home/airflow/.local/lib/python3.12/site-packages/airflow/example_dags/tutorial_taskflow_templates.py
[2025-03-16T19:32:59.414+0000] {processor.py:914} INFO - Processing file /home/airflow/.local/lib/python3.12/site-packages/airflow/example_dags/tutorial_taskflow_templates.py for tasks to queue
[2025-03-16T19:32:59.418+0000] {logging_mixin.py:190} INFO - [2025-03-16T19:32:59.417+0000] {dagbag.py:588} INFO - Filling up the DagBag from /home/airflow/.local/lib/python3.12/site-packages/airflow/example_dags/tutorial_taskflow_templates.py
[2025-03-16T19:32:59.437+0000] {processor.py:925} INFO - DAG(s) 'tutorial_taskflow_templates' retrieved from /home/airflow/.local/lib/python3.12/site-packages/airflow/example_dags/tutorial_taskflow_templates.py
[2025-03-16T19:32:59.471+0000] {logging_mixin.py:190} INFO - [2025-03-16T19:32:59.471+0000] {dag.py:3239} INFO - Sync 1 DAGs
[2025-03-16T19:32:59.511+0000] {logging_mixin.py:190} INFO - [2025-03-16T19:32:59.511+0000] {dag.py:4180} INFO - Setting next_dagrun for tutorial_taskflow_templates to 2025-03-15 00:00:00+00:00, run_after=2025-03-16 00:00:00+00:00
[2025-03-16T19:32:59.544+0000] {processor.py:208} INFO - Processing /home/airflow/.local/lib/python3.12/site-packages/airflow/example_dags/tutorial_taskflow_templates.py took 0.141 seconds
[2025-03-16T19:33:29.756+0000] {processor.py:186} INFO - Started process (PID=92167) to work on /home/airflow/.local/lib/python3.12/site-packages/airflow/example_dags/tutorial_taskflow_templates.py
[2025-03-16T19:33:29.757+0000] {processor.py:914} INFO - Processing file /home/airflow/.local/lib/python3.12/site-packages/airflow/example_dags/tutorial_taskflow_templates.py for tasks to queue
[2025-03-16T19:33:29.759+0000] {logging_mixin.py:190} INFO - [2025-03-16T19:33:29.759+0000] {dagbag.py:588} INFO - Filling up the DagBag from /home/airflow/.local/lib/python3.12/site-packages/airflow/example_dags/tutorial_taskflow_templates.py
[2025-03-16T19:33:29.778+0000] {processor.py:925} INFO - DAG(s) 'tutorial_taskflow_templates' retrieved from /home/airflow/.local/lib/python3.12/site-packages/airflow/example_dags/tutorial_taskflow_templates.py
[2025-03-16T19:33:29.807+0000] {logging_mixin.py:190} INFO - [2025-03-16T19:33:29.806+0000] {dag.py:3239} INFO - Sync 1 DAGs
[2025-03-16T19:33:29.850+0000] {logging_mixin.py:190} INFO - [2025-03-16T19:33:29.849+0000] {dag.py:4180} INFO - Setting next_dagrun for tutorial_taskflow_templates to 2025-03-15 00:00:00+00:00, run_after=2025-03-16 00:00:00+00:00
[2025-03-16T19:33:29.880+0000] {processor.py:208} INFO - Processing /home/airflow/.local/lib/python3.12/site-packages/airflow/example_dags/tutorial_taskflow_templates.py took 0.134 seconds
[2025-03-16T19:34:00.570+0000] {processor.py:186} INFO - Started process (PID=92231) to work on /home/airflow/.local/lib/python3.12/site-packages/airflow/example_dags/tutorial_taskflow_templates.py
[2025-03-16T19:34:00.571+0000] {processor.py:914} INFO - Processing file /home/airflow/.local/lib/python3.12/site-packages/airflow/example_dags/tutorial_taskflow_templates.py for tasks to queue
[2025-03-16T19:34:00.574+0000] {logging_mixin.py:190} INFO - [2025-03-16T19:34:00.573+0000] {dagbag.py:588} INFO - Filling up the DagBag from /home/airflow/.local/lib/python3.12/site-packages/airflow/example_dags/tutorial_taskflow_templates.py
[2025-03-16T19:34:00.597+0000] {processor.py:925} INFO - DAG(s) 'tutorial_taskflow_templates' retrieved from /home/airflow/.local/lib/python3.12/site-packages/airflow/example_dags/tutorial_taskflow_templates.py
[2025-03-16T19:34:00.636+0000] {logging_mixin.py:190} INFO - [2025-03-16T19:34:00.635+0000] {dag.py:3239} INFO - Sync 1 DAGs
[2025-03-16T19:34:00.680+0000] {logging_mixin.py:190} INFO - [2025-03-16T19:34:00.680+0000] {dag.py:4180} INFO - Setting next_dagrun for tutorial_taskflow_templates to 2025-03-15 00:00:00+00:00, run_after=2025-03-16 00:00:00+00:00
[2025-03-16T19:34:00.718+0000] {processor.py:208} INFO - Processing /home/airflow/.local/lib/python3.12/site-packages/airflow/example_dags/tutorial_taskflow_templates.py took 0.160 seconds
[2025-03-16T19:34:31.384+0000] {processor.py:186} INFO - Started process (PID=92295) to work on /home/airflow/.local/lib/python3.12/site-packages/airflow/example_dags/tutorial_taskflow_templates.py
[2025-03-16T19:34:31.386+0000] {processor.py:914} INFO - Processing file /home/airflow/.local/lib/python3.12/site-packages/airflow/example_dags/tutorial_taskflow_templates.py for tasks to queue
[2025-03-16T19:34:31.388+0000] {logging_mixin.py:190} INFO - [2025-03-16T19:34:31.388+0000] {dagbag.py:588} INFO - Filling up the DagBag from /home/airflow/.local/lib/python3.12/site-packages/airflow/example_dags/tutorial_taskflow_templates.py
[2025-03-16T19:34:31.410+0000] {processor.py:925} INFO - DAG(s) 'tutorial_taskflow_templates' retrieved from /home/airflow/.local/lib/python3.12/site-packages/airflow/example_dags/tutorial_taskflow_templates.py
[2025-03-16T19:34:31.449+0000] {logging_mixin.py:190} INFO - [2025-03-16T19:34:31.448+0000] {dag.py:3239} INFO - Sync 1 DAGs
[2025-03-16T19:34:31.491+0000] {logging_mixin.py:190} INFO - [2025-03-16T19:34:31.490+0000] {dag.py:4180} INFO - Setting next_dagrun for tutorial_taskflow_templates to 2025-03-15 00:00:00+00:00, run_after=2025-03-16 00:00:00+00:00
[2025-03-16T19:34:31.521+0000] {processor.py:208} INFO - Processing /home/airflow/.local/lib/python3.12/site-packages/airflow/example_dags/tutorial_taskflow_templates.py took 0.148 seconds
[2025-03-16T19:35:01.762+0000] {processor.py:186} INFO - Started process (PID=92358) to work on /home/airflow/.local/lib/python3.12/site-packages/airflow/example_dags/tutorial_taskflow_templates.py
[2025-03-16T19:35:01.764+0000] {processor.py:914} INFO - Processing file /home/airflow/.local/lib/python3.12/site-packages/airflow/example_dags/tutorial_taskflow_templates.py for tasks to queue
[2025-03-16T19:35:01.767+0000] {logging_mixin.py:190} INFO - [2025-03-16T19:35:01.766+0000] {dagbag.py:588} INFO - Filling up the DagBag from /home/airflow/.local/lib/python3.12/site-packages/airflow/example_dags/tutorial_taskflow_templates.py
[2025-03-16T19:35:01.793+0000] {processor.py:925} INFO - DAG(s) 'tutorial_taskflow_templates' retrieved from /home/airflow/.local/lib/python3.12/site-packages/airflow/example_dags/tutorial_taskflow_templates.py
[2025-03-16T19:35:01.844+0000] {logging_mixin.py:190} INFO - [2025-03-16T19:35:01.843+0000] {dag.py:3239} INFO - Sync 1 DAGs
[2025-03-16T19:35:01.900+0000] {logging_mixin.py:190} INFO - [2025-03-16T19:35:01.899+0000] {dag.py:4180} INFO - Setting next_dagrun for tutorial_taskflow_templates to 2025-03-15 00:00:00+00:00, run_after=2025-03-16 00:00:00+00:00
[2025-03-16T19:35:01.929+0000] {processor.py:208} INFO - Processing /home/airflow/.local/lib/python3.12/site-packages/airflow/example_dags/tutorial_taskflow_templates.py took 0.178 seconds
[2025-03-16T19:35:32.448+0000] {processor.py:186} INFO - Started process (PID=92422) to work on /home/airflow/.local/lib/python3.12/site-packages/airflow/example_dags/tutorial_taskflow_templates.py
[2025-03-16T19:35:32.450+0000] {processor.py:914} INFO - Processing file /home/airflow/.local/lib/python3.12/site-packages/airflow/example_dags/tutorial_taskflow_templates.py for tasks to queue
[2025-03-16T19:35:32.453+0000] {logging_mixin.py:190} INFO - [2025-03-16T19:35:32.452+0000] {dagbag.py:588} INFO - Filling up the DagBag from /home/airflow/.local/lib/python3.12/site-packages/airflow/example_dags/tutorial_taskflow_templates.py
[2025-03-16T19:35:32.475+0000] {processor.py:925} INFO - DAG(s) 'tutorial_taskflow_templates' retrieved from /home/airflow/.local/lib/python3.12/site-packages/airflow/example_dags/tutorial_taskflow_templates.py
[2025-03-16T19:35:32.506+0000] {logging_mixin.py:190} INFO - [2025-03-16T19:35:32.506+0000] {dag.py:3239} INFO - Sync 1 DAGs
[2025-03-16T19:35:32.546+0000] {logging_mixin.py:190} INFO - [2025-03-16T19:35:32.545+0000] {dag.py:4180} INFO - Setting next_dagrun for tutorial_taskflow_templates to 2025-03-15 00:00:00+00:00, run_after=2025-03-16 00:00:00+00:00
[2025-03-16T19:35:32.582+0000] {processor.py:208} INFO - Processing /home/airflow/.local/lib/python3.12/site-packages/airflow/example_dags/tutorial_taskflow_templates.py took 0.143 seconds
[2025-03-16T19:36:03.265+0000] {processor.py:186} INFO - Started process (PID=92486) to work on /home/airflow/.local/lib/python3.12/site-packages/airflow/example_dags/tutorial_taskflow_templates.py
[2025-03-16T19:36:03.267+0000] {processor.py:914} INFO - Processing file /home/airflow/.local/lib/python3.12/site-packages/airflow/example_dags/tutorial_taskflow_templates.py for tasks to queue
[2025-03-16T19:36:03.269+0000] {logging_mixin.py:190} INFO - [2025-03-16T19:36:03.268+0000] {dagbag.py:588} INFO - Filling up the DagBag from /home/airflow/.local/lib/python3.12/site-packages/airflow/example_dags/tutorial_taskflow_templates.py
[2025-03-16T19:36:03.291+0000] {processor.py:925} INFO - DAG(s) 'tutorial_taskflow_templates' retrieved from /home/airflow/.local/lib/python3.12/site-packages/airflow/example_dags/tutorial_taskflow_templates.py
[2025-03-16T19:36:03.323+0000] {logging_mixin.py:190} INFO - [2025-03-16T19:36:03.322+0000] {dag.py:3239} INFO - Sync 1 DAGs
[2025-03-16T19:36:03.363+0000] {logging_mixin.py:190} INFO - [2025-03-16T19:36:03.362+0000] {dag.py:4180} INFO - Setting next_dagrun for tutorial_taskflow_templates to 2025-03-15 00:00:00+00:00, run_after=2025-03-16 00:00:00+00:00
[2025-03-16T19:36:03.403+0000] {processor.py:208} INFO - Processing /home/airflow/.local/lib/python3.12/site-packages/airflow/example_dags/tutorial_taskflow_templates.py took 0.150 seconds
[2025-03-16T19:36:33.746+0000] {processor.py:186} INFO - Started process (PID=92550) to work on /home/airflow/.local/lib/python3.12/site-packages/airflow/example_dags/tutorial_taskflow_templates.py
[2025-03-16T19:36:33.748+0000] {processor.py:914} INFO - Processing file /home/airflow/.local/lib/python3.12/site-packages/airflow/example_dags/tutorial_taskflow_templates.py for tasks to queue
[2025-03-16T19:36:33.750+0000] {logging_mixin.py:190} INFO - [2025-03-16T19:36:33.749+0000] {dagbag.py:588} INFO - Filling up the DagBag from /home/airflow/.local/lib/python3.12/site-packages/airflow/example_dags/tutorial_taskflow_templates.py
[2025-03-16T19:36:33.771+0000] {processor.py:925} INFO - DAG(s) 'tutorial_taskflow_templates' retrieved from /home/airflow/.local/lib/python3.12/site-packages/airflow/example_dags/tutorial_taskflow_templates.py
[2025-03-16T19:36:33.800+0000] {logging_mixin.py:190} INFO - [2025-03-16T19:36:33.800+0000] {dag.py:3239} INFO - Sync 1 DAGs
[2025-03-16T19:36:33.836+0000] {logging_mixin.py:190} INFO - [2025-03-16T19:36:33.836+0000] {dag.py:4180} INFO - Setting next_dagrun for tutorial_taskflow_templates to 2025-03-15 00:00:00+00:00, run_after=2025-03-16 00:00:00+00:00
[2025-03-16T19:36:33.870+0000] {processor.py:208} INFO - Processing /home/airflow/.local/lib/python3.12/site-packages/airflow/example_dags/tutorial_taskflow_templates.py took 0.131 seconds
[2025-03-16T19:37:04.112+0000] {processor.py:186} INFO - Started process (PID=92614) to work on /home/airflow/.local/lib/python3.12/site-packages/airflow/example_dags/tutorial_taskflow_templates.py
[2025-03-16T19:37:04.114+0000] {processor.py:914} INFO - Processing file /home/airflow/.local/lib/python3.12/site-packages/airflow/example_dags/tutorial_taskflow_templates.py for tasks to queue
[2025-03-16T19:37:04.116+0000] {logging_mixin.py:190} INFO - [2025-03-16T19:37:04.115+0000] {dagbag.py:588} INFO - Filling up the DagBag from /home/airflow/.local/lib/python3.12/site-packages/airflow/example_dags/tutorial_taskflow_templates.py
[2025-03-16T19:37:04.149+0000] {processor.py:925} INFO - DAG(s) 'tutorial_taskflow_templates' retrieved from /home/airflow/.local/lib/python3.12/site-packages/airflow/example_dags/tutorial_taskflow_templates.py
[2025-03-16T19:37:04.190+0000] {logging_mixin.py:190} INFO - [2025-03-16T19:37:04.190+0000] {dag.py:3239} INFO - Sync 1 DAGs
[2025-03-16T19:37:04.231+0000] {logging_mixin.py:190} INFO - [2025-03-16T19:37:04.230+0000] {dag.py:4180} INFO - Setting next_dagrun for tutorial_taskflow_templates to 2025-03-15 00:00:00+00:00, run_after=2025-03-16 00:00:00+00:00
[2025-03-16T19:37:04.260+0000] {processor.py:208} INFO - Processing /home/airflow/.local/lib/python3.12/site-packages/airflow/example_dags/tutorial_taskflow_templates.py took 0.159 seconds
[2025-03-16T19:37:34.676+0000] {processor.py:186} INFO - Started process (PID=92678) to work on /home/airflow/.local/lib/python3.12/site-packages/airflow/example_dags/tutorial_taskflow_templates.py
[2025-03-16T19:37:34.680+0000] {processor.py:914} INFO - Processing file /home/airflow/.local/lib/python3.12/site-packages/airflow/example_dags/tutorial_taskflow_templates.py for tasks to queue
[2025-03-16T19:37:34.683+0000] {logging_mixin.py:190} INFO - [2025-03-16T19:37:34.682+0000] {dagbag.py:588} INFO - Filling up the DagBag from /home/airflow/.local/lib/python3.12/site-packages/airflow/example_dags/tutorial_taskflow_templates.py
[2025-03-16T19:37:34.706+0000] {processor.py:925} INFO - DAG(s) 'tutorial_taskflow_templates' retrieved from /home/airflow/.local/lib/python3.12/site-packages/airflow/example_dags/tutorial_taskflow_templates.py
[2025-03-16T19:37:34.740+0000] {logging_mixin.py:190} INFO - [2025-03-16T19:37:34.740+0000] {dag.py:3239} INFO - Sync 1 DAGs
[2025-03-16T19:37:34.784+0000] {logging_mixin.py:190} INFO - [2025-03-16T19:37:34.784+0000] {dag.py:4180} INFO - Setting next_dagrun for tutorial_taskflow_templates to 2025-03-15 00:00:00+00:00, run_after=2025-03-16 00:00:00+00:00
[2025-03-16T19:37:34.817+0000] {processor.py:208} INFO - Processing /home/airflow/.local/lib/python3.12/site-packages/airflow/example_dags/tutorial_taskflow_templates.py took 0.151 seconds
[2025-03-16T19:38:05.018+0000] {processor.py:186} INFO - Started process (PID=92742) to work on /home/airflow/.local/lib/python3.12/site-packages/airflow/example_dags/tutorial_taskflow_templates.py
[2025-03-16T19:38:05.020+0000] {processor.py:914} INFO - Processing file /home/airflow/.local/lib/python3.12/site-packages/airflow/example_dags/tutorial_taskflow_templates.py for tasks to queue
[2025-03-16T19:38:05.023+0000] {logging_mixin.py:190} INFO - [2025-03-16T19:38:05.022+0000] {dagbag.py:588} INFO - Filling up the DagBag from /home/airflow/.local/lib/python3.12/site-packages/airflow/example_dags/tutorial_taskflow_templates.py
[2025-03-16T19:38:05.083+0000] {processor.py:925} INFO - DAG(s) 'tutorial_taskflow_templates' retrieved from /home/airflow/.local/lib/python3.12/site-packages/airflow/example_dags/tutorial_taskflow_templates.py
[2025-03-16T19:38:05.131+0000] {logging_mixin.py:190} INFO - [2025-03-16T19:38:05.130+0000] {dag.py:3239} INFO - Sync 1 DAGs
[2025-03-16T19:38:05.170+0000] {logging_mixin.py:190} INFO - [2025-03-16T19:38:05.170+0000] {dag.py:4180} INFO - Setting next_dagrun for tutorial_taskflow_templates to 2025-03-15 00:00:00+00:00, run_after=2025-03-16 00:00:00+00:00
[2025-03-16T19:38:05.199+0000] {processor.py:208} INFO - Processing /home/airflow/.local/lib/python3.12/site-packages/airflow/example_dags/tutorial_taskflow_templates.py took 0.193 seconds
[2025-03-16T19:38:35.442+0000] {processor.py:186} INFO - Started process (PID=92806) to work on /home/airflow/.local/lib/python3.12/site-packages/airflow/example_dags/tutorial_taskflow_templates.py
[2025-03-16T19:38:35.443+0000] {processor.py:914} INFO - Processing file /home/airflow/.local/lib/python3.12/site-packages/airflow/example_dags/tutorial_taskflow_templates.py for tasks to queue
[2025-03-16T19:38:35.445+0000] {logging_mixin.py:190} INFO - [2025-03-16T19:38:35.445+0000] {dagbag.py:588} INFO - Filling up the DagBag from /home/airflow/.local/lib/python3.12/site-packages/airflow/example_dags/tutorial_taskflow_templates.py
[2025-03-16T19:38:35.470+0000] {processor.py:925} INFO - DAG(s) 'tutorial_taskflow_templates' retrieved from /home/airflow/.local/lib/python3.12/site-packages/airflow/example_dags/tutorial_taskflow_templates.py
[2025-03-16T19:38:35.477+0000] {logging_mixin.py:190} INFO - [2025-03-16T19:38:35.477+0000] {dag.py:3239} INFO - Sync 1 DAGs
[2025-03-16T19:38:35.519+0000] {logging_mixin.py:190} INFO - [2025-03-16T19:38:35.518+0000] {dag.py:4180} INFO - Setting next_dagrun for tutorial_taskflow_templates to 2025-03-15 00:00:00+00:00, run_after=2025-03-16 00:00:00+00:00
[2025-03-16T19:38:35.555+0000] {processor.py:208} INFO - Processing /home/airflow/.local/lib/python3.12/site-packages/airflow/example_dags/tutorial_taskflow_templates.py took 0.157 seconds
[2025-03-16T19:39:05.975+0000] {processor.py:186} INFO - Started process (PID=92869) to work on /home/airflow/.local/lib/python3.12/site-packages/airflow/example_dags/tutorial_taskflow_templates.py
[2025-03-16T19:39:05.977+0000] {processor.py:914} INFO - Processing file /home/airflow/.local/lib/python3.12/site-packages/airflow/example_dags/tutorial_taskflow_templates.py for tasks to queue
[2025-03-16T19:39:05.978+0000] {logging_mixin.py:190} INFO - [2025-03-16T19:39:05.978+0000] {dagbag.py:588} INFO - Filling up the DagBag from /home/airflow/.local/lib/python3.12/site-packages/airflow/example_dags/tutorial_taskflow_templates.py
[2025-03-16T19:39:06.004+0000] {processor.py:925} INFO - DAG(s) 'tutorial_taskflow_templates' retrieved from /home/airflow/.local/lib/python3.12/site-packages/airflow/example_dags/tutorial_taskflow_templates.py
[2025-03-16T19:39:06.044+0000] {logging_mixin.py:190} INFO - [2025-03-16T19:39:06.043+0000] {dag.py:3239} INFO - Sync 1 DAGs
[2025-03-16T19:39:06.098+0000] {logging_mixin.py:190} INFO - [2025-03-16T19:39:06.097+0000] {dag.py:4180} INFO - Setting next_dagrun for tutorial_taskflow_templates to 2025-03-15 00:00:00+00:00, run_after=2025-03-16 00:00:00+00:00
[2025-03-16T19:39:06.140+0000] {processor.py:208} INFO - Processing /home/airflow/.local/lib/python3.12/site-packages/airflow/example_dags/tutorial_taskflow_templates.py took 0.176 seconds
